1516
0 
0 
0 
0 
0 
0 
0 
0 
0 
0 
0 
0 
0 
1 https://health.ettoday.net/category/%E9%A3%B2%E9%A3%9F
4 https://www.ettoday.net/news/20200616/1738502.htm?ercamp=hot_news
9 https://sports.ettoday.net/
12 https://www.ettoday.net/news/focus/3C%E5%AE%B6%E9%9B%BB/%E5%AE%B6%E9%9B%BB/
17 https://www.ettoday.net/feature/%E8%A1%8C%E9%8A%B7%E9%9B%B2?from=ettoday-header-button
18 https://www.ettoday.net/news/20200609/1733297.htm
18 https://www.ettoday.net/news/20200617/1740172.htm?from=pctaglist 
18 https://www.ettoday.net/news/tag/詐騙/
19 https://speed.ettoday.net/news/1606797
19 https://www.ettoday.net/news/20180510/1166575.htm?feature=尹食堂&tab_id=1413
19 https://www.ettoday.net/news/20200322/1673506.htm
19 https://www.ettoday.net/news/20200610/1734602.htm?from=pctaglist 
19 https://www.ettoday.net/news/20200611/1735141.htm
19 https://www.ettoday.net/news/20200611/1735560.htm?from=pctaglist 
19 https://www.ettoday.net/news/20200612/1736408.htm?from=pctaglist 
19 https://www.ettoday.net/news/20200617/1739828.htm?from=pctaglist 
19 https://www.ettoday.net/news/tag/5G認證/
19 https://www.ettoday.net/news/tag/Xperia 1 II/
19 https://www.ettoday.net/news/tag/山羌/
19 https://www.ettoday.net/news/tag/龜山島開放觀光20周年慶/
20 https://travel.ettoday.net/focus/日本旅遊/
20 https://www.ettoday.net/news/20181006/1275440.htm?feature=ufo&tab_id=940
20 https://www.ettoday.net/news/20191019/1560242.htm?feature=大老闆傳奇-尹衍樑&tab_id=13274
20 https://www.ettoday.net/news/20200122/1630847.htm?from=feature
20 https://www.ettoday.net/news/20200603/1719082.htm?from=pctaglist 
20 https://www.ettoday.net/news/20200611/1735778.htm?from=pctaglist 
20 https://www.ettoday.net/news/20200617/1739635.htm
21 https://house.ettoday.net/news/1448718
21 https://speed.ettoday.net/news/1726294
21 https://www.ettoday.net/https://t.co/QFoICeOJfX
21 https://www.ettoday.net/news/20170628/954738.htm?feature=ufo&tab_id=942
21 https://www.ettoday.net/news/20191202/1592539.htm?from=pctaglist 
21 https://www.ettoday.net/news/20200601/1726866.htm
21 https://www.ettoday.net/news/tag/張世賢/
22 https://house.ettoday.net/focus/投資新據點/
22 https://www.ettoday.net/dalemon/editor-news/142/6
22 https://www.ettoday.net/dalemon/post/48805
22 https://www.ettoday.net/news/20181112/1303855.htm?feature=ufo&tab_id=942
22 https://www.ettoday.net/news/20200418/1693468.htm
22 https://www.ettoday.net/news/20200517/1716126.htm
22 https://www.ettoday.net/news/20200605/1730740.htm?from=pctaglist 
22 https://www.ettoday.net/news/20200616/1738867.htm?ercamp=hot_news
22 https://www.ettoday.net/news/tag/watchOS 7/
22 https://www.ettoday.net/news/tag/屍戰朝鮮/
22 https://www.ettoday.net/news/tag/日本富士通/
22 https://www.ettoday.net/news/tag/林修銘/
23 https://house.ettoday.net/news/1728442
23 https://speed.ettoday.net/news/1735311?from=fb_extd
23 https://www.ettoday.net/news/20190822/1518587.htm
23 https://www.ettoday.net/news/20190905/1527567.htm
23 https://www.ettoday.net/news/20191130/1579563.htm?from=pctaglist 
23 https://www.ettoday.net/news/20200423/1698723.htm?from=pctaglist 
23 https://www.ettoday.net/news/20200524/1721251.htm
23 https://www.ettoday.net/news/20200610/1734065.htm
23 https://www.ettoday.net/news/20200617/1734077.htm?from=pctaglist 
23 https://www.ettoday.net/news/tag/SOD/
23 https://www.ettoday.net/news/tag/花郎/
24 https://health.ettoday.net/news/1011941
24 https://www.ettoday.net/news/20191203/1593193.htm
24 https://www.ettoday.net/news/20200318/1670590.htm?from=pctaglist 
24 https://www.ettoday.net/news/20200401/1682023.htm?from=pctaglist 
24 https://www.ettoday.net/news/20200610/1734704.htm
24 https://www.ettoday.net/news/20200616/1738771.htm?from=pctaglist 
24 https://www.ettoday.net/news/tag/張宏陸/
24 https://www.ettoday.net/news/tag/示威/
24 https://www.ettoday.net/news/tag/總經理/
25 https://health.ettoday.net/news/671397
25 https://www.ettoday.net/dalemon/post/	50019	?from=pb_	ter	
25 https://www.ettoday.net/news/20160305/657615.htm?feature=ufo&tab_id=944
25 https://www.ettoday.net/news/20181211/1328299.htm?feature=ufo&tab_id=938
25 https://www.ettoday.net/news/20200114/1625479.htm?from=pctaglist 
25 https://www.ettoday.net/news/20200522/1720195.htm?from=pctaglist 
25 https://www.ettoday.net/news/20200601/1725975.htm?from=pctaglist 
25 https://www.ettoday.net/news/20200613/1736984.htm?from=pctaglist 
25 https://www.ettoday.net/news/tag/PlayStation 5/
25 https://www.ettoday.net/news/tag/到對岸走走/
25 https://www.ettoday.net/news/tag/少棒/
26 https://travel.ettoday.net/category/台南美食/?&page=7
26 https://www.ettoday.net/feature/2020%E4%B8%96%E7%95%8C%E6%96%B0%E8%BB%8A%E5%A4%A7%E5%B1%95
26 https://www.ettoday.net/news/20180824/1243481.htm?feature=颱風&tab_id=1269
26 https://www.ettoday.net/news/20181007/1275444.htm?feature=ufo&tab_id=940
26 https://www.ettoday.net/news/20200602/1727610.htm?from=pctaglist 
26 https://www.ettoday.net/news/20200617/1739474.htm?ercamp=sorted_hot_news
27 https://speed.ettoday.net/news/1719153
27 https://www.ettoday.net/dalemon/post/50730
27 https://www.ettoday.net/dalemon/tag/厲陰宅
27 https://www.ettoday.net/news/20180823/1242711.htm?feature=颱風&tab_id=1269
27 https://www.ettoday.net/news/20191203/1593261.htm?from=feature
27 https://www.ettoday.net/news/20200401/1682076.htm
27 https://www.ettoday.net/news/20200615/1737875.htm?ercamp=sorted_hot_news
27 https://www.ettoday.net/news/tag/六龜/
27 https://www.ettoday.net/news/tag/契爾氏/
27 https://www.ettoday.net/news/tag/補貼/
28 https://health.ettoday.net/category/醫藥新聞/2
28 https://www.ettoday.net/dalemon/post/48742
28 https://www.ettoday.net/news/20190421/1426972.htm?from=pctaglist 
28 https://www.ettoday.net/news/20200617/1734078.htm
29 https://forum.ettoday.net/news/1733547
29 https://health.ettoday.net/news/1247533
29 https://www.ettoday.net/feature/ufo/944/2
29 https://www.ettoday.net/news/20160815/755979.htm?feature=ufo&tab_id=945
29 https://www.ettoday.net/news/20181030/1290371.htm?from=feature
29 https://www.ettoday.net/news/20190430/1434099.htm
29 https://www.ettoday.net/news/20190730/1501563.htm
29 https://www.ettoday.net/news/20191126/1587794.htm
29 https://www.ettoday.net/news/20200120/1629897.htm
29 https://www.ettoday.net/news/20200316/1668914.htm
29 https://www.ettoday.net/news/20200531/1726738.htm?from=pctaglist 
29 https://www.ettoday.net/news/20200607/1732047.htm?from=pctaglist 
29 https://www.ettoday.net/news/20200617/1740259.htm
29 https://www.ettoday.net/news/20200617/1740306.htm
29 https://www.ettoday.net/news/tag/新聞/
30 https://travel.ettoday.net/category/高雄美食/
30 https://www.ettoday.net/dalemon/tag/假面/4
30 https://www.ettoday.net/feature/%E6%96%87%E9%87%91%E6%9C%83
30 https://www.ettoday.net/news/20190708/1485154.htm
30 https://www.ettoday.net/news/20191129/1591001.htm?from=feature
30 https://www.ettoday.net/news/20200605/1730918.htm?from=pctaglist 
30 https://www.ettoday.net/news/20200611/1735504.htm?from=pctaglist 
30 https://www.ettoday.net/news/focus/3C家電/家電/
30 https://www.ettoday.net/news/tag/Kiehl’s/
30 https://www.ettoday.net/news/tag/TWICE/
31 https://speed.ettoday.net/focus/國內車市
31 https://www.ettoday.net/dalemon/post/47924
31 https://www.ettoday.net/dalemon/post/48493
31 https://www.ettoday.net/news/20191009/1553617.htm?from=pctaglist 
31 https://www.ettoday.net/news/20200211/1642788.htm?from=pctaglist 
31 https://www.ettoday.net/news/20200605/1731060.htm
31 https://www.ettoday.net/news/20200609/1733373.htm?from=pctaglist 
31 https://www.ettoday.net/news/20200610/1734364.htm?from=pctaglist 
31 https://www.ettoday.net/news/20200616/1739409.htm?ercamp=sorted_hot_news
31 https://www.ettoday.net/news/20200617/1739522.htm?ercamp=sorted_hot_news
31 https://www.ettoday.net/news/tag/iPhone SE/
31 https://www.ettoday.net/news/tag/台灣萊雅/
31 https://www.ettoday.net/news/tag/大樓/
31 https://www.ettoday.net/news/tag/彩妝/
31 https://www.ettoday.net/news/tag/王晉禮/
32 https://forum.ettoday.net/column/news/錢世傑
32 https://forum.ettoday.net/news/1734470
32 https://forum.ettoday.net/news/1735546
32 https://forum.ettoday.net/news/1738723
32 https://www.ettoday.net/news/20190318/1401721.htm?from=pctaglist 
33 https://www.ettoday.net/news/20200617/1740343.htm
35 https://www.ettoday.net/news/tag/%E5%81%9A%E8%87%89/
36 https://www.ettoday.net/news/20200617/1740203.htm?ercamp=sorted_hot_news
37 https://www.ettoday.net/news/20200617/1740061.htm?ercamp=sorted_hot_news
45 https://www.ettoday.net/news/20200616/1738512.htm?ercamp=sorted_hot_news
50 https://health.ettoday.net/category/%E5%85%A9%E6%80%A7
55 https://fashion.ettoday.net/focus/%E7%94%9F%E6%B4%BB
55 https://health.ettoday.net/category/%E9%86%AB%E8%97%A5%E6%96%B0%E8%81%9E
57 https://www.ettoday.net/sitemap.htm
61 https://www.ettoday.net/news/focus/%E7%94%9F%E6%B4%BB/%E6%B0%A3%E8%B1%A1/
63 https://health.ettoday.net/news/1138917
63 https://health.ettoday.net/news/769846
63 https://travel.ettoday.net/article/1708988.htm
63 https://travel.ettoday.net/category/台灣小吃/?&page=7
63 https://www.ettoday.net/news/20180207/1109220.htm?feature=地震&tab_id=1496
63 https://www.ettoday.net/news/20190906/1529797.htm
63 https://www.ettoday.net/news/20191015/1557083.htm
63 https://www.ettoday.net/news/20200525/1722401.htm
63 https://www.ettoday.net/news/20200528/1724251.htm?from=pctaglist 
63 https://www.ettoday.net/news/20200609/1734012.htm
63 https://www.ettoday.net/news/20200610/1734094.htm
64 https://events.ettoday.net/about-ettoday/index.htm
64 https://pets.ettoday.net/video/125/219156?autopage
64 https://www.ettoday.net/dalemon/tag/運勢/7
64 https://www.ettoday.net/feature/ufo/942?tt=金字塔
64 https://www.ettoday.net/news/20190717/1492417.htm?from=pctaglist 
64 https://www.ettoday.net/news/20200121/1630429.htm
64 https://www.ettoday.net/news/tag/卓越成功/
65 https://forum.ettoday.net/news/1681557
65 https://health.ettoday.net/category_tag/失智海嘯來襲
65 https://travel.ettoday.net/category/台灣小吃/?&page=13
65 https://www.ettoday.net/dalemon/post/50737
65 https://www.ettoday.net/news/20180116/1093939.htm
65 https://www.ettoday.net/news/20190614/1467672.htm?from=pctaglist 
65 https://www.ettoday.net/news/20191127/1589150.htm
65 https://www.ettoday.net/news/20200320/1672605.htm
65 https://www.ettoday.net/news/20200602/1728135.htm?from=pctaglist 
65 https://www.ettoday.net/news/20200604/1729790.htm?from=pctaglist 
65 https://www.ettoday.net/news/tag/希爾思/
65 https://www.ettoday.net/news/tag/神仙水/
65 https://www.ettoday.net/news/tag/罷免/
66 https://www.ettoday.net/dalemon/post/48213
66 https://www.ettoday.net/news/20180202/1105736.htm?from=feature
66 https://www.ettoday.net/news/20180916/1260037.htm?from=pctaglist 
66 https://www.ettoday.net/news/20181101/1295321.htm?feature=ufo&tab_id=939
66 https://www.ettoday.net/news/20200211/1638265.htm
66 https://www.ettoday.net/news/20200615/1738168.htm
66 https://www.ettoday.net/news/20200616/1739362.htm
66 https://www.ettoday.net/news/20200617/1740117.htm
66 https://www.ettoday.net/news/tag/4驅/
66 https://www.ettoday.net/news/tag/稍息立正我愛你/
67 https://travel.ettoday.net/category/台北美食/
67 https://www.ettoday.net/news/20130708/237643.htm?from=pctaglist 
67 https://www.ettoday.net/news/20180509/1166241.htm?feature=ufo&tab_id=941
67 https://www.ettoday.net/news/20180810/1232492.htm?from=feature
67 https://www.ettoday.net/news/20191114/1580160.htm?from=pctaglist 
67 https://www.ettoday.net/news/20191212/1600738.htm?from=pctaglist 
67 https://www.ettoday.net/news/20200319/1671162.htm?from=pctaglist 
72 https://www.ettoday.net/news/tag/ps%E7%BE%8E%E7%BE%8E%E5%A6%8D/
73 https://www.ettoday.net/news/20200617/1740154.htm?ercamp=sorted_hot_news
77 https://pets.ettoday.net/focus/%E5%8B%95%E7%89%A9%E7%86%B1%E6%90%9C
78 https://events.ettoday.net/activity/2020ehsartcontest
86 https://www.ettoday.net/news/focus/%E6%94%BF%E6%B2%BB/
89 https://forum.ettoday.net/
89 https://www.ettoday.net/news/20200616/1739051.htm?ercamp=hot_news
93 https://www.ettoday.net/feature/%E8%A8%B1%E5%B4%91%E6%BA%90
100 https://www.ettoday.net/member/clause_duty.php
104 https://www.ettoday.net/feature/%E8%81%B2%E6%9E%97%E4%B9%8B%E7%8E%8B/4741?tt=%E5%8D%B3%E6%99%82%E6%96%B0%E8%81%9E
107 https://www.ettoday.net/news/tag/峮峮/
108 https://health.ettoday.net/category_tag/狗健康/4
108 https://speed.ettoday.net/tag.phtml?tag=ETDodge
108 https://travel.ettoday.net/focus/優惠快訊/
108 https://www.ettoday.net/news/20161004/1542731.htm?from=feature
108 https://www.ettoday.net/news/20200610/1734771.htm
108 https://www.ettoday.net/news/20200611/1735678.htm
108 https://www.ettoday.net/news/20200617/1739892.htm
108 https://www.ettoday.net/news/20200617/1740039.htm
108 https://www.ettoday.net/news/tag/經貿園區/
109 https://www.ettoday.net/news/20190411/1410177.htm
109 https://www.ettoday.net/news/20191101/1570173.htm
109 https://www.ettoday.net/news/tag/判例/
110 https://discovery.ettoday.net/news/1725223
110 https://www.ettoday.net/dalemon/editor-news/257
110 https://www.ettoday.net/news/20200330/1679907.htm?from=feature
110 https://www.ettoday.net/news/20200610/1734402.htm
111 https://house.ettoday.net/news/1739225
111 https://pets.ettoday.net/news/1668093
111 https://www.ettoday.net/dalemon/tag/運勢
111 https://www.ettoday.net/https://smarturl.it/ettoday-104
111 https://www.ettoday.net/news/20191202/1590862.htm?from=feature
111 https://www.ettoday.net/news/tag/Warren Edward Buffett/
112 https://www.ettoday.net/feature/%E6%AD%A6%E6%BC%A2%E8%82%BA%E7%82%8E
112 https://www.ettoday.net/news/20200615/1738232.htm?ercamp=sorted_hot_news
112 https://www.ettoday.net/news/20200617/1739900.htm
112 https://www.ettoday.net/news/tag/家電/
113 https://discovery.ettoday.net/news/1733305
113 https://house.ettoday.net/search.php?keywords=成家立業
113 https://www.ettoday.net/news/20180207/1109564.htm?feature=地震&tab_id=1496
113 https://www.ettoday.net/news/20200402/1682877.htm
113 https://www.ettoday.net/news/20200606/1731865.htm?from=pctaglist 
113 https://www.ettoday.net/news/20200617/1739978.htm
113 https://www.ettoday.net/news/20200617/1739989.htm
114 https://www.ettoday.net/feature/index/5
114 https://www.ettoday.net/news/20200615/1737802.htm
115 https://discovery.ettoday.net/news/1476265
115 https://www.ettoday.net/news/tag/黑松茶尋味/
116 https://www.ettoday.net/news/20200326/1674710.htm?ercamp=sorted_hot_news
116 https://www.ettoday.net/news/tag/少龍/
117 https://discovery.ettoday.net/news/1578594
117 https://www.ettoday.net/news/tag/年輕人/
118 https://health.ettoday.net/category/兩性/2
118 https://travel.ettoday.net/category/星級飯店/
118 https://www.ettoday.net/feature/劉真/12646/
118 https://www.ettoday.net/news/20180207/1109320.htm?feature=地震&tab_id=1496
118 https://www.ettoday.net/news/20200617/1739958.htm?ercamp=sorted_hot_news
119 https://www.ettoday.net/dalemon/collection-hot/15/
119 https://www.ettoday.net/news/20200521/1719578.htm
119 https://www.ettoday.net/news/20200617/1740102.htm
120 https://www.ettoday.net/dalemon/tag/假面
120 https://www.ettoday.net/news/20150125/457672.htm?feature=ufo&tab_id=944
120 https://www.ettoday.net/news/20170411/901241.htm
120 https://www.ettoday.net/news/20200616/1738718.htm
120 https://www.ettoday.net/news/tag/世貿三館/
121 https://www.ettoday.net/dalemon/editor-news/147
121 https://www.ettoday.net/news/20150812/548894.htm?feature=ufo&tab_id=944
121 https://www.ettoday.net/news/20200617/1740054.htm?from=pctaglist 
121 https://www.ettoday.net/news/tag/千萬/
122 https://discovery.ettoday.net/category_tag/台灣復健醫學會
122 https://travel.ettoday.net/category/台南美食/?&page=9
122 https://www.ettoday.net/dalemon/hot-news/5
122 https://www.ettoday.net/news/20191221/1607472.htm
122 https://www.ettoday.net/news/focus/3C家電/手機平板/
122 https://www.ettoday.net/news/tag/性能/
123 https://www.ettoday.net/news/tag/泰拳/
123 https://www.ettoday.net/news/tag/長榮航空/
124 https://www.ettoday.net/feature/尹食堂/1413?tt=鄭有美
124 https://www.ettoday.net/news/20200508/1709593.htm?ercamp=sorted_hot_news
124 https://www.ettoday.net/news/20200617/1739592.htm?ercamp=sorted_hot_news
125 https://forum.ettoday.net/news/1738782
125 https://www.ettoday.net/news/20200616/1739184.htm
125 https://www.ettoday.net/news/20200617/1739672.htm
126 https://www.ettoday.net/news/20191212/1600721.htm?feature=大老闆傳奇-尹衍樑&tab_id=13274
126 https://www.ettoday.net/news/20200317/1669951.htm
127 https://www.ettoday.net/news/20190430/1433755.htm
127 https://www.ettoday.net/news/20200427/1697328.htm?ercamp=sorted_hot_news
127 https://www.ettoday.net/news/tag/最高法院/
128 https://www.ettoday.net/news/20190302/1389925.htm?ercamp=sorted_hot_news
128 https://www.ettoday.net/news/20200427/1701002.htm
128 https://www.ettoday.net/news/20200601/1727570.htm
128 https://www.ettoday.net/news/tag/中華中正黨/
129 https://travel.ettoday.net/category/大陸旅遊/
129 https://www.ettoday.net/news/20200229/1656834.htm
129 https://www.ettoday.net/news/20200527/1723983.htm
129 https://www.ettoday.net/news/20200615/1738026.htm
129 https://www.ettoday.net/news/news-list-2020-06-17-18.htm
129 https://www.ettoday.net/news/tag/公開信/
129 https://www.ettoday.net/news/tag/吳朋奉/
130 https://house.ettoday.net/latestnews.php
130 https://speed.ettoday.net/news/1671996?redirect=1&amp;from=fb_extd
130 https://www.ettoday.net/news/20200329/1679062.htm?from=feature
130 https://www.ettoday.net/news/20200617/1739543.htm?ercamp=sorted_hot_news
130 https://www.ettoday.net/news/news-list-2020-06-17-30.htm
131 https://www.ettoday.net/news/20191122/1585730.htm
131 https://www.ettoday.net/news/20200330/1679983.htm?from=pctaglist 
131 https://www.ettoday.net/news/20200523/1720866.htm?feature=周揚青&tab_id=2347
131 https://www.ettoday.net/news/20200611/1735778.htm
131 https://www.ettoday.net/news/20200612/1736476.htm?from=feature
131 https://www.ettoday.net/news/20200616/1739019.htm?ercamp=sorted_hot_news
131 https://www.ettoday.net/news/20200617/1740089.htm
132 https://health.ettoday.net/category/百科/5
132 https://www.ettoday.net/dalemon/latest-news/10
132 https://www.ettoday.net/dalemon/post/48738
132 https://www.ettoday.net/news/20200516/1715352.htm
132 https://www.ettoday.net/news/20200617/1740172.htm
132 https://www.ettoday.net/news/tag/王令麟公益/
133 https://discovery.ettoday.net/news/1466129
133 https://www.ettoday.net/feature/到對岸走走
133 https://www.ettoday.net/news/20200422/1697579.htm?feature=王令麟&tab_id=1016
133 https://www.ettoday.net/news/20200611/1735647.htm?from=pctaglist 
133 https://www.ettoday.net/news/20200616/1739262.htm
134 https://www.ettoday.net/news/20190912/1533822.htm?from=pctaglist 
134 https://www.ettoday.net/news/20200416/1692482.htm
134 https://www.ettoday.net/news/20200617/1740194.htm
134 https://www.ettoday.net/news/tag/國產車/
135 https://travel.ettoday.net/category/台南美食/?&page=5
135 https://www.ettoday.net/feature/koohara
135 https://www.ettoday.net/feature/大老闆傳奇-尹衍樑/13282?tt=潤泰新
135 https://www.ettoday.net/news/20181031/1294904.htm?feature=膝蓋痛&tab_id=9447
135 https://www.ettoday.net/news/20190915/1535729.htm?feature=ufo&tab_id=941
135 https://www.ettoday.net/news/20191221/1606832.htm
135 https://www.ettoday.net/news/20200611/1735501.htm?feature=許崑源&tab_id=6197
136 https://www.ettoday.net/feature/attentionlove
136 https://www.ettoday.net/news/20191015/1556684.htm?from=pctaglist 
136 https://www.ettoday.net/news/20191204/1593970.htm?feature=地震&tab_id=1232
136 https://www.ettoday.net/news/20200330/1679621.htm?from=feature
136 https://www.ettoday.net/news/20200617/1739557.htm?ercamp=sorted_hot_news
136 https://www.ettoday.net/news/20200617/1739567.htm?ercamp=sorted_hot_news
136 https://www.ettoday.net/news/20200617/1740074.htm?from=pctaglist 
136 https://www.ettoday.net/news/tag/小鬼/
137 https://www.ettoday.net/feature/大老闆傳奇-尹衍樑/13275?tt=兆豐金
137 https://www.ettoday.net/news/20200614/1737428.htm
137 https://www.ettoday.net/news/20200616/1738573.htm?ercamp=sorted_hot_news
137 https://www.ettoday.net/news/20200616/1738816.htm
137 https://www.ettoday.net/news/20200617/1739713.htm
137 https://www.ettoday.net/news/20200617/1739828.htm
137 https://www.ettoday.net/news/tag/%E5%92%8C%E6%B3%B0%E6%B1%BD%E8%BB%8A/
138 https://www.ettoday.net/news/20181220/1336219.htm?feature=ufo&tab_id=942
138 https://www.ettoday.net/news/20200302/1657586.htm?from=feature
138 https://www.ettoday.net/news/20200617/1740119.htm
138 https://www.ettoday.net/news/tag/文書處理/
139 https://health.ettoday.net/category_tag/狗健康/6
139 https://house.ettoday.net/news/1729309
139 https://speed.ettoday.net/news/1718673
139 https://www.ettoday.net/feature/index/0/12
139 https://www.ettoday.net/feature/聲林之王/4741/5
139 https://www.ettoday.net/news/20190608/1462976.htm?from=pctaglist 
139 https://www.ettoday.net/news/20191107/1574571.htm?feature=聲林之王&tab_id=4741
139 https://www.ettoday.net/news/20200325/1676434.htm?from=feature
139 https://www.ettoday.net/news/20200606/1731900.htm?from=pctaglist 
139 https://www.ettoday.net/news/20200615/1738417.htm
139 https://www.ettoday.net/news/20200617/1740314.htm
139 https://www.ettoday.net/news/tag/全教總/
139 https://www.ettoday.net/news/tag/台灣虎航/
139 https://www.ettoday.net/news/tag/司法改革/
140 https://health.ettoday.net/category_tag/茲卡病毒健康
140 https://health.ettoday.net/news/1728636
140 https://house.ettoday.net/news/1739845
140 https://www.ettoday.net/news/20200402/1682927.htm?from=pctaglist 
140 https://www.ettoday.net/news/20200617/1740041.htm
140 https://www.ettoday.net/news/tag/業務員/
141 https://forum.ettoday.net/column/news/李克聰
141 https://www.ettoday.net/dalemon/collection/15
141 https://www.ettoday.net/feature/地震/1232/3
141 https://www.ettoday.net/feature/颱風/1269?tt=停班停課
141 https://www.ettoday.net/https://www.ptt.cc/bbs/C_Chat/M.1592201596.A.918.html
141 https://www.ettoday.net/news/20120926/107094.htm?feature=ufo&tab_id=943
141 https://www.ettoday.net/news/20170916/1009806.htm?feature=ufo&tab_id=942
141 https://www.ettoday.net/news/20200508/1709602.htm?feature=行銷雲&tab_id=14418
141 https://www.ettoday.net/news/20200612/1736264.htm
141 https://www.ettoday.net/news/20200614/1737569.htm
141 https://www.ettoday.net/news/focus/房產雲/中部/
141 https://www.ettoday.net/news/tag/名單/
142 https://forum.ettoday.net/news/1739878
142 https://www.ettoday.net/news/20181010/1277770.htm?feature=ufo&tab_id=940
142 https://www.ettoday.net/news/20191121/1584611.htm?from=pctaglist 
142 https://www.ettoday.net/news/20200330/1680044.htm?feature=大老闆傳奇-尹衍樑&tab_id=13274
142 https://www.ettoday.net/news/20200331/1681191.htm?feature=王令麟&tab_id=1016
142 https://www.ettoday.net/news/20200611/1735007.htm?feature=颱風&tab_id=1265
142 https://www.ettoday.net/news/20200612/1736417.htm?from=feature
142 https://www.ettoday.net/news/20200616/1734387.htm
143 https://health.ettoday.net/news/1729840
143 https://www.ettoday.net/news/20190918/1538243.htm?feature=ufo&tab_id=942
143 https://www.ettoday.net/news/20190930/1546201.htm?feature=颱風&tab_id=1269
143 https://www.ettoday.net/news/20200605/1738226.htm?feature=行銷雲&tab_id=14418
143 https://www.ettoday.net/news/20200616/1739013.htm
143 https://www.ettoday.net/news/20200617/1739845.htm
144 https://health.ettoday.net/category_tag/狗健康/8
144 https://travel.ettoday.net/article/1720079.htm
144 https://www.ettoday.net/dalemon/hot-news
144 https://www.ettoday.net/feature/尹食堂
144 https://www.ettoday.net/news/20120622/63346.htm?feature=ufo&tab_id=943
144 https://www.ettoday.net/news/20200516/1714724.htm?from=pctaglist 
144 https://www.ettoday.net/news/20200615/1736486.htm?ercamp=sorted_hot_news
144 https://www.ettoday.net/news/20200616/1738871.htm
145 https://health.ettoday.net/news/1718024
145 https://speed.ettoday.net/news/1739261
145 https://www.ettoday.net/feature/地震/1232/6
145 https://www.ettoday.net/news/20180914/1259215.htm?feature=ufo&tab_id=939
145 https://www.ettoday.net/news/20190724/1496837.htm
145 https://www.ettoday.net/news/20200216/1646940.htm?feature=大老闆傳奇-尹衍樑&tab_id=13274
145 https://www.ettoday.net/news/20200410/1688018.htm?from=pctaglist 
145 https://www.ettoday.net/news/20200424/1698897.htm?feature=王令麟&tab_id=1016
145 https://www.ettoday.net/news/20200527/1724146.htm?from=pctaglist 
145 https://www.ettoday.net/news/20200604/1729677.htm
145 https://www.ettoday.net/news/20200610/1734700.htm?feature=許崑源&tab_id=6197
145 https://www.ettoday.net/news/20200614/1736423.htm
145 https://www.ettoday.net/news/20200616/1736451.htm
145 https://www.ettoday.net/news/tag/房子/
146 https://health.ettoday.net/news/1735324
146 https://www.ettoday.net/news/20190503/1433855.htm?from=pctaglist 
146 https://www.ettoday.net/news/20191029/1567913.htm?feature=戴資穎&tab_id=1236
146 https://www.ettoday.net/news/20200507/1708749.htm?from=pctaglist 
146 https://www.ettoday.net/news/focus/房產雲/生活美學/
146 https://www.ettoday.net/news/tag/債務/
147 https://www.ettoday.net/dalemon/post/50760
147 https://www.ettoday.net/feature/聲林之王/4741/3
147 https://www.ettoday.net/member/clause_privacy.php
147 https://www.ettoday.net/news/20200430/1703528.htm?feature=金正恩&tab_id=1597
147 https://www.ettoday.net/news/20200612/1735793.htm
147 https://www.ettoday.net/news/20200614/1736440.htm
147 https://www.ettoday.net/news/20200614/1737714.htm
148 https://www.ettoday.net/feature/%E5%9C%B0%E9%9C%87/1232?tt=%E5%9C%B0%E9%9C%87%E6%96%B0%E8%81%9E
148 https://www.ettoday.net/news/20200403/1682987.htm?from=feature
148 https://www.ettoday.net/news/20200419/1693905.htm?feature=行銷雲&tab_id=14418
148 https://www.ettoday.net/news/20200609/1733352.htm
148 https://www.ettoday.net/news/20200616/1739018.htm
148 https://www.ettoday.net/news/tag/行政院/
149 https://health.ettoday.net/news/1517765
149 https://www.ettoday.net/news/20200615/1737894.htm
149 https://www.ettoday.net/news/focus/國際/
150 https://www.ettoday.net/feature/ufo/941?tt=%E5%B0%BC%E6%96%AF%E6%B9%96%E6%B0%B4%E6%80%AA
150 https://www.ettoday.net/feature/地震/1496?tt=地震包相關報導
150 https://www.ettoday.net/news/20180530/1180110.htm?feature=ufo&tab_id=941
150 https://www.ettoday.net/news/20190824/1504424.htm?from=pctaglist 
150 https://www.ettoday.net/news/20190916/1536070.htm
150 https://www.ettoday.net/news/20191126/1588414.htm?from=pctaglist 
150 https://www.ettoday.net/news/20200616/1739344.htm
150 https://www.ettoday.net/news/tag/新冠肺炎/
151 https://health.ettoday.net/news/1737590
151 https://www.ettoday.net/feature/劉真/12646/3
151 https://www.ettoday.net/https://ppt.cc/fl3ONx
151 https://www.ettoday.net/news/20200529/1725648.htm?from=pctaglist 
151 https://www.ettoday.net/news/20200617/1739410.htm?ercamp=sorted_hot_news
151 https://www.ettoday.net/news/tag/統一發票/
152 https://discovery.ettoday.net/news/1728755
152 https://speed.ettoday.net/tag.phtml?tag=ETFerrari
152 https://www.ettoday.net/news/20170609/941346.htm?feature=ufo&tab_id=942
152 https://www.ettoday.net/news/20200512/1712170.htm?from=pctaglist 
153 https://www.ettoday.net/dalemon/latest-news/2
153 https://www.ettoday.net/news/20190916/1536179.htm
153 https://www.ettoday.net/news/20191112/1577787.htm?feature=聲林之王&tab_id=4741
153 https://www.ettoday.net/news/20200415/1691592.htm?from=pctaglist 
153 https://www.ettoday.net/news/20200613/1737054.htm?from=pctaglist 
153 https://www.ettoday.net/news/20200617/1739852.htm?feature=周揚青&tab_id=2347
153 https://www.ettoday.net/news/focus/財經/電商/
154 https://www.ettoday.net/news/20160910/772489.htm?feature=ufo&tab_id=941
154 https://www.ettoday.net/news/20200317/1668964.htm?from=pctaglist 
154 https://www.ettoday.net/news/20200613/1737054.htm
154 https://www.ettoday.net/news/focus/新奇/
154 https://www.ettoday.net/news/tag/時代力量/
155 https://health.ettoday.net/category_tag/狗健康/2
155 https://house.ettoday.net/news/1730711
155 https://www.ettoday.net/feature/ufo/944/7
155 https://www.ettoday.net/news/20200331/1681035.htm?ercamp=sorted_hot_news
155 https://www.ettoday.net/news/20200617/1740299.htm
155 https://www.ettoday.net/news/tag/台新金/
156 https://health.ettoday.net/news/1014048
156 https://www.ettoday.net/dalemon/post/49111
156 https://www.ettoday.net/feature/%E6%9F%AF%E6%96%87%E5%93%B2
156 https://www.ettoday.net/news/20130223/166812.htm?feature=ufo&tab_id=945
156 https://www.ettoday.net/news/20180314/1130140.htm
156 https://www.ettoday.net/news/20181211/1328503.htm
156 https://www.ettoday.net/news/20200122/1583526.htm?feature=聲林之王&tab_id=4741
156 https://www.ettoday.net/news/20200616/1738704.htm
156 https://www.ettoday.net/news/20200617/1740268.htm
157 https://health.ettoday.net/category_tag/恙蟲病健康
157 https://www.ettoday.net/dalemon/post/49288
157 https://www.ettoday.net/dalemon/post/49426
157 https://www.ettoday.net/news/20180311/1128158.htm?from=feature
157 https://www.ettoday.net/news/20181008/1276802.htm?feature=ufo&tab_id=940
157 https://www.ettoday.net/news/20190426/1430825.htm?feature=ufo&tab_id=940
157 https://www.ettoday.net/news/20200226/1654802.htm
157 https://www.ettoday.net/news/20200525/1722040.htm
157 https://www.ettoday.net/news/20200531/1726742.htm?from=feature
157 https://www.ettoday.net/news/20200616/1739171.htm
157 https://www.ettoday.net/news/20200616/1739176.htm
157 https://www.ettoday.net/news/20200617/1740189.htm
157 https://www.ettoday.net/news/tag/歐弟/
158 https://health.ettoday.net/search.phtml?keyword=健康百科
158 https://travel.ettoday.net/focus/放眼海外/
158 https://www.ettoday.net/news/20181207/1325410.htm
158 https://www.ettoday.net/news/20191018/1559818.htm?from=pctaglist 
158 https://www.ettoday.net/news/20200330/1680273.htm
158 https://www.ettoday.net/news/20200615/1737793.htm
158 https://www.ettoday.net/news/20200617/1739854.htm
158 https://www.ettoday.net/news/tag/台壽保/
159 https://www.ettoday.net/feature/劉真
159 https://www.ettoday.net/list.php?kind=1
159 https://www.ettoday.net/news/20190731/1502769.htm?feature=ufo&tab_id=945
159 https://www.ettoday.net/news/20200616/1739073.htm?ercamp=sorted_hot_news
159 https://www.ettoday.net/news/tag/赤尾青竹絲/
160 https://www.ettoday.net/news/20200616/1739232.htm?feature=金正恩&tab_id=1597
160 https://www.ettoday.net/news/tag/%E6%96%B0%E6%94%BF%E7%AD%96%E4%B8%8A%E8%B7%AF/
160 https://www.ettoday.net/news/tag/匿名貼文/
160 https://www.ettoday.net/news/tag/蕭美琴/
161 https://forum.ettoday.net/newslist/681
161 https://www.ettoday.net/feature/ufo/942/2
161 https://www.ettoday.net/news/20190917/1536892.htm?from=feature
161 https://www.ettoday.net/news/20200608/1732920.htm
161 https://www.ettoday.net/news/20200612/1735935.htm?feature=金正恩&tab_id=1597
161 https://www.ettoday.net/news/20200615/1737987.htm
161 https://www.ettoday.net/news/20200617/1739832.htm
161 https://www.ettoday.net/news/tag/%E9%A0%82%E6%96%B0/
162 https://www.ettoday.net/dalemon/post/50742
162 https://www.ettoday.net/news/20191229/1493385.htm?feature=ufo&tab_id=942
162 https://www.ettoday.net/news/20191231/1614560.htm?from=pctaglist 
162 https://www.ettoday.net/news/20200609/1731070.htm?from=pctaglist 
162 https://www.ettoday.net/news/20200615/1737855.htm?from=pctaglist 
162 https://www.ettoday.net/news/20200617/1739920.htm
163 https://www.ettoday.net/dalemon/post/50776
163 https://www.ettoday.net/dalemon/tag/被跟
163 https://www.ettoday.net/events/typhoon/report.php
163 https://www.ettoday.net/feature/戴資穎/1236/5
163 https://www.ettoday.net/news/20190222/1382589.htm?feature=ufo&tab_id=944
163 https://www.ettoday.net/news/20191223/1608529.htm?from=pctaglist 
163 https://www.ettoday.net/news/20200505/1706953.htm
163 https://www.ettoday.net/news/20200602/1728491.htm
163 https://www.ettoday.net/news/20200603/1728804.htm
163 https://www.ettoday.net/news/20200617/1739747.htm
163 https://www.ettoday.net/news/20200617/1739803.htm?feature=金正恩&tab_id=1597
163 https://www.ettoday.net/news/20200617/1740090.htm
164 https://www.ettoday.net/feature/index/0/3
164 https://www.ettoday.net/news/20180207/1109316.htm?feature=地震&tab_id=1496
164 https://www.ettoday.net/news/20190628/1470862.htm?from=pctaglist 
164 https://www.ettoday.net/news/20190930/1546634.htm?feature=颱風&tab_id=1269
164 https://www.ettoday.net/news/20191030/1568026.htm
164 https://www.ettoday.net/news/20200608/1732864.htm
164 https://www.ettoday.net/news/20200610/1734156.htm?from=feature
164 https://www.ettoday.net/news/20200615/1738057.htm
164 https://www.ettoday.net/news/focus/%E6%96%B0%E8%81%9E%E9%9B%B2APP/%E6%95%B8%E5%82%B3%E5%AA%92/
164 https://www.ettoday.net/news/news-list-2020-06-17-9.htm
164 https://www.ettoday.net/report.php
165 https://discovery.ettoday.net/news/1601018
165 https://forum.ettoday.net/news/1730581
165 https://www.ettoday.net/dalemon/latest-news/3
165 https://www.ettoday.net/feature/%E5%81%9C%E7%8F%AD%E5%81%9C%E8%AA%B2
165 https://www.ettoday.net/news/20181229/1343372.htm?feature=ufo&tab_id=942
165 https://www.ettoday.net/news/20200323/1665719.htm?from=pctaglist 
165 https://www.ettoday.net/news/20200603/1728785.htm?feature=大老闆傳奇-尹衍樑&tab_id=13274
165 https://www.ettoday.net/news/20200608/1733158.htm
165 https://www.ettoday.net/news/20200614/1737576.htm
165 https://www.ettoday.net/news/20200616/1738805.htm
165 https://www.ettoday.net/news/20200617/1739472.htm?from=pctaglist 
165 https://www.ettoday.net/news/tag/變頻/
166 https://forum.ettoday.net/news/1730056
166 https://www.ettoday.net/dalemon/editor-news/131
166 https://www.ettoday.net/news/20180904/1251028.htm?feature=ufo&tab_id=942
166 https://www.ettoday.net/news/20200130/1634432.htm?from=feature
166 https://www.ettoday.net/news/20200614/1737517.htm?feature=許崑源&tab_id=6197
166 https://www.ettoday.net/news/20200617/1739627.htm?ercamp=sorted_hot_news
166 https://www.ettoday.net/news/20200617/1740028.htm
166 https://www.ettoday.net/news/tag/怪物沙灘/
167 https://health.ettoday.net/news/1422613
167 https://health.ettoday.net/news/1739875
167 https://www.ettoday.net/dalemon/collection/15/10
167 https://www.ettoday.net/news/20200616/1739349.htm
167 https://www.ettoday.net/news/20200617/1739800.htm
168 https://www.ettoday.net//pets.ettoday.net
168 https://www.ettoday.net/feature/theyearof5g
168 https://www.ettoday.net/news/20181213/1329756.htm
168 https://www.ettoday.net/news/20200525/1721738.htm
168 https://www.ettoday.net/news/20200607/1732238.htm?from=pctaglist 
168 https://www.ettoday.net/news/20200613/1737093.htm
168 https://www.ettoday.net/news/20200617/1740000.htm
168 https://www.ettoday.net/news/20200617/1740111.htm
168 https://www.ettoday.net/news/tag/Lucy/
168 https://www.ettoday.net/news/tag/台灣博物館/
169 https://health.ettoday.net/news/1739706
169 https://www.ettoday.net/news/20190222/1383811.htm?feature=ufo&tab_id=940
169 https://www.ettoday.net/news/20200403/1683347.htm?from=feature
169 https://www.ettoday.net/news/20200403/1683375.htm?from=feature
169 https://www.ettoday.net/news/20200616/1738840.htm
169 https://www.ettoday.net/news/tag/保釣/
169 https://www.ettoday.net/news/tag/街貓/
170 https://travel.ettoday.net/category/台灣小吃/?&page=10
170 https://www.ettoday.net/feature/panther2019
170 https://www.ettoday.net/news/20180409/1146403.htm
170 https://www.ettoday.net/news/20180411/1147280.htm?ercamp=sorted_hot_news
170 https://www.ettoday.net/news/20181121/1312136.htm?from=feature
170 https://www.ettoday.net/news/20200526/1723279.htm?from=feature
170 https://www.ettoday.net/news/20200615/1738121.htm
170 https://www.ettoday.net/news/20200617/1739433.htm
171 https://discovery.ettoday.net/news/1474863
171 https://health.ettoday.net/news/1638736
171 https://www.ettoday.net/feature/金正恩/1597/6
171 https://www.ettoday.net/news/20180204/1107101.htm?from=feature
171 https://www.ettoday.net/news/20190501/1435043.htm?from=feature
171 https://www.ettoday.net/news/20190930/1546609.htm?feature=停班停課&tab_id=1270
171 https://www.ettoday.net/news/20200616/1739375.htm?from=feature
171 https://www.ettoday.net/news/tag/低薪/
172 https://health.ettoday.net/news/1735690
172 https://www.ettoday.net/dalemon/latest-news
172 https://www.ettoday.net/feature/TDCC
172 https://www.ettoday.net/news/20191022/1562407.htm?ercamp=sorted_hot_news
172 https://www.ettoday.net/news/20200224/1651033.htm?from=pctaglist 
172 https://www.ettoday.net/news/20200613/1736844.htm?from=feature
172 https://www.ettoday.net/news/tag/釣魚台/
173 https://www.ettoday.net/dalemon/post/	50734	?from=pb_	family	_pc	
173 https://www.ettoday.net/news/20200227/1652887.htm?feature=聲林之王&tab_id=4741
173 https://www.ettoday.net/news/20200402/1682786.htm?from=pctaglist 
174 https://www.ettoday.net/news/20161204/823426.htm
174 https://www.ettoday.net/news/20181207/1325601.htm
174 https://www.ettoday.net/news/20200117/1614487.htm?from=pctaglist 
174 https://www.ettoday.net/news/20200320/1671817.htm
174 https://www.ettoday.net/news/20200526/1722253.htm
175 https://www.ettoday.net/feature/ufo/939/2
175 https://www.ettoday.net/news/20181011/1279324.htm?feature=ufo&tab_id=940
175 https://www.ettoday.net/news/20191123/1581961.htm?from=pctaglist 
175 https://www.ettoday.net/news/20200301/1657058.htm
175 https://www.ettoday.net/news/20200326/1676869.htm?from=feature
175 https://www.ettoday.net/news/20200331/1680932.htm
175 https://www.ettoday.net/news/20200504/1703797.htm?from=feature
175 https://www.ettoday.net/news/20200617/1739953.htm
175 https://www.ettoday.net/news/tag/國際護師節/
176 https://www.ettoday.net/news/20190531/1457122.htm
176 https://www.ettoday.net/news/20200519/1717526.htm?feature=王令麟&tab_id=1016
176 https://www.ettoday.net/news/20200615/1738203.htm?ercamp=sorted_hot_news
176 https://www.ettoday.net/news/20200617/1739960.htm
177 https://discovery.ettoday.net/news/1734687
177 https://health.ettoday.net/category/兩性/1
177 https://travel.ettoday.net/category/台灣小吃/
177 https://www.ettoday.net/dalemon/post/49980
177 https://www.ettoday.net/feature/covid19/14409?tt=新冠肺炎疫情數據
177 https://www.ettoday.net/news/20200525/1721778.htm?from=feature
177 https://www.ettoday.net/news/20200526/1723275.htm?from=feature
177 https://www.ettoday.net/news/tag/周刊王/
178 https://health.ettoday.net/category_tag/照護健康
178 https://travel.ettoday.net/category/新竹/
178 https://www.ettoday.net/news/20200227/1654992.htm
178 https://www.ettoday.net/news/20200614/1737491.htm
178 https://www.ettoday.net/news/20200616/1738613.htm
178 https://www.ettoday.net/news/20200617/1739489.htm?ercamp=sorted_hot_news
178 https://www.ettoday.net/news/focus/民生消費/
178 https://www.ettoday.net/news/tag/%E8%81%AF%E8%8F%AF%E9%A3%9F%E5%93%81/
178 https://www.ettoday.net/news/tag/醫藥新聞/
179 https://forum.ettoday.net/news/1738780
179 https://travel.ettoday.net/category/台南美食/
179 https://www.ettoday.net/news/20200219/1649365.htm
179 https://www.ettoday.net/news/20200617/1739384.htm
179 https://www.ettoday.net/news/20200617/1740050.htm
179 https://www.ettoday.net/news/tag/司改人權/
180 https://discovery.ettoday.net/penname-newslist/296
180 https://fashion.ettoday.net/focus/%E5%90%8D%E4%BA%BA
180 https://forum.ettoday.net/search.phtml?keyword=院際調解權
180 https://www.ettoday.net/feature/index/0/8
180 https://www.ettoday.net/news/20191107/1574254.htm?feature=戴資穎&tab_id=1236
180 https://www.ettoday.net/news/20200429/1702517.htm
180 https://www.ettoday.net/news/20200430/1703440.htm?feature=金正恩&tab_id=1597
180 https://www.ettoday.net/news/20200507/1709052.htm?from=feature
180 https://www.ettoday.net/news/20200517/1716148.htm?from=pctaglist 
180 https://www.ettoday.net/news/20200613/1737277.htm?from=feature
180 https://www.ettoday.net/news/20200616/1739106.htm
181 https://health.ettoday.net/category_tag/狗健康
181 https://www.ettoday.net/news/20191218/1604782.htm?ercamp=sorted_hot_news
181 https://www.ettoday.net/news/20200330/1679983.htm?feature=大老闆傳奇-尹衍樑&tab_id=13274
182 https://discovery.ettoday.net/news/1564366
182 https://www.ettoday.net/https://star.ettoday.net
182 https://www.ettoday.net/news/20190330/1411326.htm?feature=ufo&tab_id=939
182 https://www.ettoday.net/news/20200316/1668781.htm
182 https://www.ettoday.net/news/20200407/1685876.htm?from=pctaglist 
182 https://www.ettoday.net/news/20200617/1739420.htm?ercamp=sorted_hot_news
182 https://www.ettoday.net/news/20200617/1740078.htm?from=feature
182 https://www.ettoday.net/news/tag/保德信人壽/
183 https://www.ettoday.net/news/20200402/1674737.htm?from=pctaglist 
183 https://www.ettoday.net/news/20200516/1715389.htm
183 https://www.ettoday.net/news/20200615/1736631.htm
183 https://www.ettoday.net/news/20200617/1739886.htm?ercamp=sorted_hot_news
183 https://www.ettoday.net/news/tag/黃捷/
184 https://travel.ettoday.net/article/1436549.htm
184 https://www.ettoday.net/news/20200604/1729678.htm
184 https://www.ettoday.net/news/20200613/1736824.htm
184 https://www.ettoday.net/news/20200617/1739797.htm
185 https://www.ettoday.net/news/20180321/1134502.htm?from=feature
185 https://www.ettoday.net/news/20190916/1536631.htm?from=pctaglist 
185 https://www.ettoday.net/news/20191228/1612174.htm?from=feature
185 https://www.ettoday.net/news/20200612/1736172.htm
185 https://www.ettoday.net/news/20200616/1739232.htm
186 https://discovery.ettoday.net/news/1643550
186 https://www.ettoday.net/news/20200512/1712636.htm?feature=戴資穎&tab_id=1236
186 https://www.ettoday.net/news/20200611/1735504.htm
186 https://www.ettoday.net/news/20200612/1735917.htm
187 https://www.ettoday.net/dalemon/post/50043
187 https://www.ettoday.net/feature/Got7
187 https://www.ettoday.net/list.php?kind=7
187 https://www.ettoday.net/news/20200214/1644133.htm?ercamp=sorted_hot_news
187 https://www.ettoday.net/news/20200603/1728940.htm?from=pctaglist 
187 https://www.ettoday.net/news/20200610/1734195.htm
187 https://www.ettoday.net/news/20200610/1734450.htm?feature=颱風&tab_id=1265
187 https://www.ettoday.net/news/tag/WHO/
188 https://discovery.ettoday.net/news/1601016
188 https://www.ettoday.net/feature/大老闆傳奇-尹衍樑/13274/2
188 https://www.ettoday.net/news/20191020/1560923.htm?from=feature
188 https://www.ettoday.net/news/20191206/1596159.htm?from=pctaglist 
188 https://www.ettoday.net/news/20200520/1718133.htm?feature=習近平&tab_id=4458
188 https://www.ettoday.net/news/20200610/1734878.htm?from=pctaglist 
188 https://www.ettoday.net/news/20200617/1740200.htm
189 https://www.ettoday.net//house.ettoday.net
189 https://www.ettoday.net/news/20190906/1528675.htm
189 https://www.ettoday.net/news/20191123/1586654.htm?feature=聲林之王&tab_id=4741
189 https://www.ettoday.net/news/20200327/1678368.htm?from=feature
189 https://www.ettoday.net/news/20200611/1735322.htm?feature=許崑源&tab_id=6197
190 https://pets.ettoday.net/news/1625546
190 https://travel.ettoday.net/category/新竹/?&page=6
190 https://www.ettoday.net/news/20190712/1485685.htm?from=pctaglist 
190 https://www.ettoday.net/news/20190921/1540265.htm?feature=ufo&tab_id=939
190 https://www.ettoday.net/news/20200604/1730161.htm?from=pctaglist 
190 https://www.ettoday.net/news/20200614/1736271.htm?ercamp=sorted_hot_news
190 https://www.ettoday.net/news/20200616/1739127.htm
190 https://www.ettoday.net/news/20200617/1739685.htm
190 https://www.ettoday.net/news/tag/統一超商統一發票/
191 https://www.ettoday.net/dalemon/post/50761
191 https://www.ettoday.net/news/20200122/1631515.htm
191 https://www.ettoday.net/news/20200130/1634558.htm?from=pctaglist 
191 https://www.ettoday.net/news/news-list-2020-06-17-17.htm
191 https://www.ettoday.net/news/tag/陳致中/
192 https://forum.ettoday.net/news/1733134
192 https://www.ettoday.net/https://www.mirrormedia.mg/story/20200616ent016/
192 https://www.ettoday.net/news/20190503/1436245.htm?from=pctaglist 
192 https://www.ettoday.net/news/20200326/1676862.htm?from=feature
192 https://www.ettoday.net/news/20200521/1719824.htm?feature=颱風&tab_id=1269
192 https://www.ettoday.net/news/20200617/1739994.htm
192 https://www.ettoday.net/news/tag/換屋族/
193 https://www.ettoday.net/news/20180603/1182884.htm?feature=ufo&tab_id=941
193 https://www.ettoday.net/news/20200526/1723202.htm
193 https://www.ettoday.net/news/20200612/1736177.htm
193 https://www.ettoday.net/news/20200616/1739369.htm?ercamp=sorted_hot_news
193 https://www.ettoday.net/news/20200617/1739419.htm?ercamp=sorted_hot_news
193 https://www.ettoday.net/news/focus/體育/新品資訊/
193 https://www.ettoday.net/news/tag/雲端最前線/
194 https://house.ettoday.net/latestnews.php?&page=2
194 https://www.ettoday.net/dalemon/editor-news/167
194 https://www.ettoday.net/news/20161004/786710.htm?from=feature
194 https://www.ettoday.net/news/20190330/1410784.htm?ercamp=sorted_hot_news
194 https://www.ettoday.net/news/20190502/1435591.htm
194 https://www.ettoday.net/news/20200609/1733985.htm
194 https://www.ettoday.net/news/20200612/1736434.htm?from=feature
194 https://www.ettoday.net/news/20200617/1739568.htm
194 https://www.ettoday.net/news/focus/體育/
194 https://www.ettoday.net/news/tag/雷擊/
194 https://www.ettoday.net/news/tag/魏應充/
195 https://events.ettoday.net/activity/dalemon_inlove
195 https://www.ettoday.net/dalemon/post/50779
195 https://www.ettoday.net/feature/index/0/4
195 https://www.ettoday.net/news/20190614/1467317.htm?from=pctaglist 
195 https://www.ettoday.net/news/20190708/1485309.htm
195 https://www.ettoday.net/news/20200225/1653974.htm?feature=地震&tab_id=1232
195 https://www.ettoday.net/news/20200614/1737370.htm
195 https://www.ettoday.net/news/20200617/1739613.htm
196 https://discovery.ettoday.net/news/1465416
196 https://discovery.ettoday.net/news/1588823
196 https://health.ettoday.net/category/兩性/3
196 https://www.ettoday.net/news/20200428/1701843.htm?from=pctaglist 
196 https://www.ettoday.net/news/20200603/1728772.htm?from=pctaglist 
196 https://www.ettoday.net/news/20200610/1734423.htm?from=pctaglist 
196 https://www.ettoday.net/news/tag/花旗/
197 https://health.ettoday.net/news/1739812
197 https://www.ettoday.net/dalemon
197 https://www.ettoday.net/feature/paeksangartsawards
197 https://www.ettoday.net/news/20190418/1425342.htm?feature=ufo&tab_id=940
197 https://www.ettoday.net/news/focus/健康/兩性/
197 https://www.ettoday.net/news/tag/毛小孩/
198 https://www.ettoday.net/dalemon/post/49974
198 https://www.ettoday.net/https://www.mirrormedia.mg/story/20200614soc003/index.html?utm_source=feed_related&amp;utm_medium=ettoday
198 https://www.ettoday.net/news/20180127/1101799.htm?from=feature
198 https://www.ettoday.net/news/20190719/1493472.htm?feature=ufo&tab_id=945
198 https://www.ettoday.net/news/20191011/1554813.htm?feature=ufo&tab_id=939
198 https://www.ettoday.net/news/20200603/1728678.htm?from=feature
198 https://www.ettoday.net/news/20200612/1736644.htm?feature=許崑源&tab_id=6197
198 https://www.ettoday.net/news/20200615/1737934.htm
198 https://www.ettoday.net/news/20200617/1739802.htm
199 https://discovery.ettoday.net/news/1477076
199 https://fashion.ettoday.net/focus/%E5%A5%A2%E9%80%B8
199 https://www.ettoday.net/news/20180116/1094277.htm?from=feature
199 https://www.ettoday.net/news/20200429/1702432.htm?feature=金正恩&tab_id=1597
199 https://www.ettoday.net/news/20200615/1737950.htm
200 https://house.ettoday.net/search.php?keywords=荷造場
200 https://www.ettoday.net/news/20200608/1732810.htm
200 https://www.ettoday.net/news/focus/ET車雲/
201 https://discovery.ettoday.net/news/1471214
201 https://discovery.ettoday.net/news/1730477
201 https://www.ettoday.net/news/20200614/1734927.htm
201 https://www.ettoday.net/news/20200616/1738691.htm?ercamp=hot_news
201 https://www.ettoday.net/news/20200617/1739882.htm
202 https://www.ettoday.net/amp/knee_pain.htm?tt=%E8%86%9D%E8%93%8B%E7%97%9B
202 https://www.ettoday.net/news/20180219/1092808.htm?from=feature
202 https://www.ettoday.net/news/20200325/1676023.htm?feature=地震&tab_id=1232
202 https://www.ettoday.net/news/20200331/1675516.htm
202 https://www.ettoday.net/news/20200611/1735053.htm
202 https://www.ettoday.net/news/tag/LC 500h/
203 https://www.ettoday.net/news/20190930/1546567.htm?feature=颱風&tab_id=1269
203 https://www.ettoday.net/news/20200614/1737645.htm?from=pctaglist 
203 https://www.ettoday.net/news/tag/%E5%8F%A3%E7%BD%A9/
203 https://www.ettoday.net/news/tag/傑克戴普/
204 https://www.ettoday.net/news/20191229/1613003.htm?feature=聲林之王&tab_id=4741
204 https://www.ettoday.net/news/tag/%E6%9D%B1%E6%A3%AE%E8%87%AA%E7%84%B6%E7%BE%8E/
205 https://www.ettoday.net/news/20200609/1733918.htm?from=pctaglist 
206 https://boba.ettoday.net/category/33
206 https://discovery.ettoday.net/news/1619348
206 https://www.ettoday.net/news/20191127/1589415.htm
206 https://www.ettoday.net/news/20200605/1731095.htm?from=feature
206 https://www.ettoday.net/news/tag/病毒/
207 https://discovery.ettoday.net/news/1739168
207 https://www.ettoday.net/news/20161209/827015.htm?feature=ufo&tab_id=942
207 https://www.ettoday.net/news/20200611/1735782.htm?from=pctaglist 
207 https://www.ettoday.net/news/20200615/1736752.htm
208 https://www.ettoday.net/news/20200608/1733193.htm?from=pctaglist 
208 https://www.ettoday.net/news/20200617/1739386.htm
209 https://discovery.ettoday.net/news/1466128
209 https://www.ettoday.net/news/20200529/1725789.htm?from=pctaglist 
209 https://www.ettoday.net/news/tag/Bob/
209 https://www.ettoday.net/news/tag/真菌/
210 https://www.ettoday.net/news/20150512/505321.htm?feature=ufo&tab_id=944
210 https://www.ettoday.net/news/tag/吳宗憲/
211 https://www.ettoday.net/news/20190907/1528821.htm
211 https://www.ettoday.net/news/20200203/1620628.htm?feature=聲林之王&tab_id=4741
212 https://health.ettoday.net/news/770095
212 https://www.ettoday.net/dalemon/tag/火影
212 https://www.ettoday.net/news/20190323/1405884.htm
212 https://www.ettoday.net/news/20200526/1723279.htm
212 https://www.ettoday.net/news/20200617/1740235.htm?from=pctaglist 
213 https://health.ettoday.net/news/1695263
213 https://www.ettoday.net/feature/偏鄉送愛20年
213 https://www.ettoday.net/news/20191123/1586647.htm?feature=地震&tab_id=1232
213 https://www.ettoday.net/news/20200125/1632736.htm
213 https://www.ettoday.net/news/20200409/1687850.htm?from=feature
214 https://www.ettoday.net/dalemon/post/50059
214 https://www.ettoday.net/dalemon/tag/每周
214 https://www.ettoday.net/news/20200615/1732802.htm
215 https://www.ettoday.net/news/20181228/1342831.htm?feature=ufo&tab_id=939
215 https://www.ettoday.net/news/20190430/1434159.htm
215 https://www.ettoday.net/news/tag/阿拉斯加團隊/
216 https://www.ettoday.net/news/20200521/1718949.htm?ercamp=sorted_hot_news
217 https://www.ettoday.net/news/20200518/1713301.htm
217 https://www.ettoday.net/news/tag/休旅車/
218 https://discovery.ettoday.net/news/1492234
218 https://fashion.ettoday.net/focus/%E6%BD%AE%E6%B5%81
218 https://www.ettoday.net/news/20190930/1546158.htm?feature=颱風&tab_id=1269
219 https://discovery.ettoday.net/news/1592272
219 https://www.ettoday.net/news/20200512/1712170.htm
219 https://www.ettoday.net/news/20200617/1740329.htm
219 https://www.ettoday.net/news/tag/台積電/
220 https://www.ettoday.net/news/20200611/1735470.htm
220 https://www.ettoday.net/news/20200615/1738176.htm?from=pctaglist 
220 https://www.ettoday.net/news/tag/雙12/
221 https://forum.ettoday.net/news/1734850
221 https://sports.ettoday.net/news-list/%E7%AB%B6%E6%8A%80/%E6%8A%80%E6%93%8A%E3%80%81%E7%90%83%E9%A1%9E
221 https://www.ettoday.net/https://game.ettoday.net
221 https://www.ettoday.net/news/tag/東森新連鎖/
221 https://www.ettoday.net/survey/
222 https://www.ettoday.net/dalemon/post/48160
222 https://www.ettoday.net/news/20200529/1725601.htm
222 https://www.ettoday.net/news/20200617/1740142.htm
222 https://www.ettoday.net/news/tag/%E5%B0%B9%E8%A1%8D%E6%A8%91/
223 https://speed.ettoday.net/news/1739211
223 https://www.ettoday.net/dalemon/tag/撞鬼
223 https://www.ettoday.net/dalemon/tag/靈異
223 https://www.ettoday.net/news/20200206/1639476.htm?from=feature
223 https://www.ettoday.net/news/20200430/1703842.htm?feature=金正恩&tab_id=1597
223 https://www.ettoday.net/news/tag/轉機/
224 https://travel.ettoday.net/article/1719898.htm
224 https://www.ettoday.net/news/20191107/1574563.htm?feature=聲林之王&tab_id=4741
224 https://www.ettoday.net/news/20191207/1596330.htm?feature=地震&tab_id=1232
224 https://www.ettoday.net/news/20200401/1681063.htm
224 https://www.ettoday.net/news/20200519/1711808.htm?ercamp=sorted_hot_news
224 https://www.ettoday.net/news/20200602/1728445.htm
224 https://www.ettoday.net/news/20200611/1735172.htm?ercamp=sorted_hot_news
225 https://discovery.ettoday.net/news/1470353
225 https://health.ettoday.net/news/1729367
225 https://www.ettoday.net/dalemon/latest-news/8
225 https://www.ettoday.net/news/20191027/1566438.htm
226 https://www.ettoday.net/news/20200317/1669953.htm
226 https://www.ettoday.net/news/20200323/1673989.htm
227 https://health.ettoday.net/news/1614607
228 https://discovery.ettoday.net/news/1474564
228 https://www.ettoday.net/news/20181204/1322838.htm?feature=ufo&tab_id=942
228 https://www.ettoday.net/news/20191228/1612640.htm?feature=聲林之王&tab_id=4741
228 https://www.ettoday.net/news/20200427/1700692.htm
228 https://www.ettoday.net/news/20200617/1739604.htm
228 https://www.ettoday.net/news/tag/和泰公益夢想家/
229 https://www.ettoday.net/dalemon/hot-news/3
229 https://www.ettoday.net/news/20190930/1546162.htm?feature=颱風&tab_id=1269
229 https://www.ettoday.net/news/20200428/1701487.htm
230 https://discovery.ettoday.net/news/1516405
230 https://www.ettoday.net/dalemon/post/50769
230 https://www.ettoday.net/news/20200315/1667047.htm
230 https://www.ettoday.net/news/20200616/1738726.htm
230 https://www.ettoday.net/news/tag/楊寶楨/
231 https://www.ettoday.net/news/20200410/1687490.htm
232 https://www.ettoday.net/news/tag/租金/
233 https://www.ettoday.net/dalemon/post/	49893	?from=pb_	ter	
234 https://pets.ettoday.net/focus/%E5%AF%B5%E7%89%A9%E7%99%BE%E7%A7%91
234 https://www.ettoday.net/news/20190915/1535251.htm
234 https://www.ettoday.net/news/20200316/1668888.htm
234 https://www.ettoday.net/news/20200508/1709862.htm?from=feature
234 https://www.ettoday.net/news/20200525/1722441.htm
234 https://www.ettoday.net/news/20200610/1734155.htm
234 https://www.ettoday.net/news/tag/愛心雲/
235 https://www.ettoday.net/dalemon/tag/海賊王
235 https://www.ettoday.net/news/20200403/1682987.htm
235 https://www.ettoday.net/news/20200605/1730451.htm
235 https://www.ettoday.net/news/20200608/1733032.htm?from=feature
236 https://travel.ettoday.net/article/1738970.htm
236 https://www.ettoday.net/news/20151130/605409.htm?from=pctaglist 
236 https://www.ettoday.net/news/20191109/1575711.htm?feature=戴資穎&tab_id=1236
236 https://www.ettoday.net/news/tag/鬼怪/
237 https://forum.ettoday.net/news/1734739
237 https://forum.ettoday.net/newslist/681/5
237 https://www.ettoday.net/news/20170112/848119.htm
237 https://www.ettoday.net/news/tag/來回機票/
238 https://discovery.ettoday.net/news/1731357
238 https://www.ettoday.net/news/20171006/1026185.htm?from=pctaglist 
238 https://www.ettoday.net/news/20200614/1737367.htm
238 https://www.ettoday.net/news/20200614/1737550.htm
238 https://www.ettoday.net/news/tag/鼻病毒/
239 https://www.ettoday.net/https://t.co/pMz90zRtyJ
239 https://www.ettoday.net/news/20191125/1587699.htm?feature=戴資穎&tab_id=1236
239 https://www.ettoday.net/news/20200220/1650341.htm
240 https://www.ettoday.net/news/20190826/1521197.htm?from=feature
241 https://discovery.ettoday.net/news/1738570
241 https://www.ettoday.net/news/20170304/877306.htm
241 https://www.ettoday.net/news/20200617/1740061.htm?from=pctaglist 
242 https://health.ettoday.net/news/1730119
242 https://speed.ettoday.net/search.phtml?keyword=CR-V
242 https://www.ettoday.net/news/20191216/1601658.htm?feature=大老闆傳奇-尹衍樑&tab_id=13274
242 https://www.ettoday.net/news/tag/偏鄉/
243 https://www.ettoday.net/news/20200604/1729841.htm?from=pctaglist 
244 https://discovery.ettoday.net/news/1485134
244 https://www.ettoday.net/news/20200617/1739577.htm
244 https://www.ettoday.net/news/tag/屏大/
245 https://discovery.ettoday.net/news/1488039
245 https://www.ettoday.net/news/20181204/1322684.htm
245 https://www.ettoday.net/news/20191125/1587379.htm?feature=地震&tab_id=1232
245 https://www.ettoday.net/news/20200428/1701164.htm
245 https://www.ettoday.net/news/20200617/1739614.htm?ercamp=sorted_hot_news
246 https://forum.ettoday.net/search.phtml?keyword=張升星
246 https://www.ettoday.net/news/20181015/1281337.htm?feature=ufo&tab_id=939
246 https://www.ettoday.net/news/tag/%E4%B8%AD%E8%8F%AF%E8%88%AA%E7%A9%BA/
246 https://www.ettoday.net/news/tag/Kuga/
247 https://www.ettoday.net/news/20200326/1677019.htm?from=feature
247 https://www.ettoday.net/news/tag/施瓊華/
248 https://health.ettoday.net/news/1714124
248 https://www.ettoday.net/feature/颱風/1269/5
248 https://www.ettoday.net/news/20160702/727725.htm?feature=ufo&tab_id=942
248 https://www.ettoday.net/news/20191123/1586254.htm?feature=大老闆傳奇-尹衍樑&tab_id=13274
248 https://www.ettoday.net/news/20200521/1719349.htm?from=feature
248 https://www.ettoday.net/news/focus/時尚/
249 https://discovery.ettoday.net/news/1465413
249 https://travel.ettoday.net/category/台南美食/?&page=2
249 https://www.ettoday.net/news/20181213/1329772.htm
249 https://www.ettoday.net/news/20191125/1587459.htm?feature=戴資穎&tab_id=1236
249 https://www.ettoday.net/news/20200219/1649534.htm?feature=地震&tab_id=1232
249 https://www.ettoday.net/news/20200504/1706324.htm?from=feature
250 https://www.ettoday.net/news/20181009/1277357.htm?feature=ufo&tab_id=939
250 https://www.ettoday.net/news/20200616/1738816.htm?ercamp=sorted_hot_news
251 https://www.ettoday.net/feature/ufo/945?tt=%E5%8D%93%E6%9F%8F%E5%8D%A1%E5%B8%83%E6%8B%89
252 https://www.ettoday.net/news/20191109/1576066.htm?feature=戴資穎&tab_id=1236
252 https://www.ettoday.net/news/20200616/1738765.htm?ercamp=sorted_hot_news
253 https://www.ettoday.net/news/tag/東森自然美/
253 https://www.ettoday.net/news/tag/自然美/
253 https://www.ettoday.net/news/tag/藤浪晉太郎/
254 https://www.ettoday.net/news/20180113/1092187.htm?from=feature
254 https://www.ettoday.net/news/20200522/1720640.htm
254 https://www.ettoday.net/news/20200605/1731153.htm?from=pctaglist 
254 https://www.ettoday.net/news/20200617/1740019.htm?from=pctaglist 
254 https://www.ettoday.net/news/tag/第一金/
254 https://www.ettoday.net/news/tag/隔離14天/
255 https://www.ettoday.net/dalemon/tag/靈機
255 https://www.ettoday.net/news/20190429/1433031.htm
255 https://www.ettoday.net/news/20191107/1574017.htm?from=feature
255 https://www.ettoday.net/news/20191213/1601215.htm?feature=大老闆傳奇-尹衍樑&tab_id=13274
255 https://www.ettoday.net/news/20200117/1627751.htm
255 https://www.ettoday.net/news/20200225/1654047.htm?feature=地震&tab_id=1232
255 https://www.ettoday.net/news/tag/%E7%BE%8E%E5%AE%B9%E4%BF%9D%E9%A4%8A/
255 https://www.ettoday.net/news/tag/有尾巴的柯基噗卡與嘎魯喵/
256 https://www.ettoday.net/news/20191203/1592455.htm?from=feature
256 https://www.ettoday.net/news/20200131/1635361.htm?from=feature
256 https://www.ettoday.net/news/20200609/1733391.htm
256 https://www.ettoday.net/news/20200613/1737138.htm
256 https://www.ettoday.net/news/20200616/1738459.htm?ercamp=sorted_hot_news
257 https://discovery.ettoday.net/news/1468837
257 https://discovery.ettoday.net/news/1475075
257 https://www.ettoday.net/news/20200616/1739350.htm
257 https://www.ettoday.net/news/focus/%E8%B2%A1%E7%B6%93/
257 https://www.ettoday.net/news/tag/卡通/
258 https://discovery.ettoday.net/news/1541085
258 https://www.ettoday.net/news/20181101/1295727.htm?feature=ufo&tab_id=939
258 https://www.ettoday.net/news/20181206/1324499.htm
258 https://www.ettoday.net/news/20200613/1737298.htm?from=pctaglist 
259 https://discovery.ettoday.net/news/1490450
259 https://www.ettoday.net/news/tag/詐欺/
260 https://www.ettoday.net/news/20200404/1683510.htm
260 https://www.ettoday.net/news/20200609/1733719.htm
260 https://www.ettoday.net/news/tag/顧立雄/
261 https://www.ettoday.net/events/news-express/epaper.php
262 https://forum.ettoday.net/news/1630555
262 https://www.ettoday.net/news/20181205/1323211.htm?feature=ufo&tab_id=942
262 https://www.ettoday.net/news/20200614/1736524.htm
262 https://www.ettoday.net/news/20200616/1739007.htm
262 https://www.ettoday.net/news/tag/%E7%9C%BC%E9%9C%9C/
262 https://www.ettoday.net/news/tag/網購回饋/
263 https://www.ettoday.net/news/20191129/1590861.htm?feature=大老闆傳奇-尹衍樑&tab_id=13274
263 https://www.ettoday.net/news/20200603/1728791.htm
263 https://www.ettoday.net/news/tag/ET直播/
264 https://travel.ettoday.net/article/1397430.htm
264 https://www.ettoday.net/news/20160613/713616.htm?from=pctaglist 
264 https://www.ettoday.net/news/20190502/1435193.htm
265 https://www.ettoday.net/dalemon/post/50766
265 https://www.ettoday.net/news/20200615/1738441.htm?ercamp=sorted_hot_news
265 https://www.ettoday.net/news/20200616/1739096.htm
265 https://www.ettoday.net/news/tag/ps嘟唇修修豐嫩顯色唇筆/
266 https://www.ettoday.net/dalemon/editor-news/234
266 https://www.ettoday.net/feature/信義專區
266 https://www.ettoday.net/news/20180203/1106184.htm?from=feature
266 https://www.ettoday.net/news/20190924/1541217.htm?from=feature
267 https://forum.ettoday.net/search.phtml?keyword=約詢法官
267 https://www.ettoday.net/https://youtu.be/g-ceoKqY2-8?t=1107
268 https://speed.ettoday.net/search.phtml?keyword=豐田
268 https://www.ettoday.net/dalemon/latest-news/9
268 https://www.ettoday.net/news/20180331/1141175.htm?feature=todaysforum&amp;tab_id=960
269 https://speed.ettoday.net/tag/ETFerrari/6
269 https://www.ettoday.net/news/20200616/1739110.htm?ercamp=sorted_hot_news
269 https://www.ettoday.net/news/tag/特力/
270 https://star.ettoday.net/star-category/%E9%9B%BB%E8%A6%96
270 https://www.ettoday.net/news/20200614/1737347.htm?from=pctaglist 
270 https://www.ettoday.net/news/20200617/1734078.htm?ercamp=sorted_hot_news
270 https://www.ettoday.net/news/20200617/1739463.htm?ercamp=sorted_hot_news
270 https://www.ettoday.net/news/tag/Outlander/
271 https://www.ettoday.net/dalemon/editor-news/156
271 https://www.ettoday.net/news/20200611/1735201.htm?from=pctaglist 
272 https://www.ettoday.net/news/20200313/1666438.htm?feature=地震&tab_id=1232
272 https://www.ettoday.net/news/20200529/1725381.htm
273 https://www.ettoday.net/news/20160329/671430.htm?from=pctaglist 
273 https://www.ettoday.net/news/20180829/1246726.htm?feature=ufo&tab_id=942
273 https://www.ettoday.net/news/20190707/1483702.htm
273 https://www.ettoday.net/news/20191228/1612622.htm?feature=聲林之王&tab_id=4741
273 https://www.ettoday.net/news/20200308/1662349.htm?ercamp=sorted_hot_news
273 https://www.ettoday.net/news/20200308/1662349.htm?ercamp=sorted_hot_news
273 https://www.ettoday.net/news/20200417/1693720.htm
273 https://www.ettoday.net/news/20200611/1735651.htm?from=pctaglist 
273 https://www.ettoday.net/news/20200617/1736536.htm
273 https://www.ettoday.net/news/20200617/1736536.htm
273 https://www.ettoday.net/news/20200617/1739939.htm
273 https://www.ettoday.net/news/20200617/1740289.htm?ercamp=sorted_hot_news
273 https://www.ettoday.net/news/20200617/1740289.htm?ercamp=sorted_hot_news
274 https://speed.ettoday.net/tag/ETFerrari/3
274 https://travel.ettoday.net/article/1393988.htm
274 https://www.ettoday.net/dalemon/editor-news/142
274 https://www.ettoday.net/feature/許崑源/6197/7
274 https://www.ettoday.net/news/20200521/1719685.htm
274 https://www.ettoday.net/news/20200602/1728324.htm?from=pctaglist 
274 https://www.ettoday.net/news/20200611/1735050.htm
274 https://www.ettoday.net/news/20200614/1730341.htm?ercamp=sorted_hot_news
274 https://www.ettoday.net/news/20200614/1730341.htm?ercamp=sorted_hot_news
274 https://www.ettoday.net/news/20200616/1739030.htm
274 https://www.ettoday.net/news/tag/%E8%AD%B7%E8%86%9A/
274 https://www.ettoday.net/news/tag/中印邊界/
275 https://house.ettoday.net/search.php?keywords=台北美食
275 https://star.ettoday.net/star-category/%E8%8F%AF%E5%A8%9B
275 https://www.ettoday.net/news/20181031/1294904.htm?from=knee_pain_htm&feature=膝蓋痛&tab_id=9447
275 https://www.ettoday.net/news/20190930/1546535.htm?feature=颱風&tab_id=1269
275 https://www.ettoday.net/news/20191223/1608217.htm?from=feature
275 https://www.ettoday.net/news/20200420/1694702.htm?ercamp=sorted_hot_news
275 https://www.ettoday.net/news/20200614/1736524.htm?from=pctaglist 
275 https://www.ettoday.net/news/tag/信用卡/
275 https://www.ettoday.net/news/tag/信用卡/
276 https://www.ettoday.net/dalemon/post/48045
276 https://www.ettoday.net/news/20121228/146060.htm?ercamp=sorted_hot_news
276 https://www.ettoday.net/news/20191228/1612629.htm?feature=聲林之王&tab_id=4741
276 https://www.ettoday.net/news/20200611/1735075.htm
276 https://www.ettoday.net/news/20200616/1739102.htm
276 https://www.ettoday.net/news/tag/醫次搞定/
277 https://www.ettoday.net/dalemon/tag/驚悚
277 https://www.ettoday.net/feature/習近平/4458/6
277 https://www.ettoday.net/news/20150421/492371.htm?from=pctaglist 
277 https://www.ettoday.net/news/20160818/758425.htm?feature=ufo&tab_id=945
277 https://www.ettoday.net/news/20191126/1588466.htm?feature=地震&tab_id=1232
277 https://www.ettoday.net/news/20200524/1721663.htm?from=feature
277 https://www.ettoday.net/news/20200609/1733617.htm
277 https://www.ettoday.net/news/20200609/1733986.htm
277 https://www.ettoday.net/news/20200611/1735396.htm
277 https://www.ettoday.net/news/20200612/1736598.htm?from=pctaglist 
277 https://www.ettoday.net/news/20200617/1739431.htm
277 https://www.ettoday.net/news/tag/世界疫情/
278 https://travel.ettoday.net/article/1570282.htm?from=index
278 https://www.ettoday.net/dalemon/post/50223
278 https://www.ettoday.net/news/20200425/1698902.htm?from=pctaglist 
278 https://www.ettoday.net/news/20200510/1710157.htm?from=pctaglist 
278 https://www.ettoday.net/news/tag/訴訟/
279 https://www.ettoday.net/news/20200527/1724014.htm
279 https://www.ettoday.net/news/20200603/1728804.htm?from=pctaglist 
279 https://www.ettoday.net/news/20200615/1738171.htm
279 https://www.ettoday.net/news/20200615/1738171.htm
279 https://www.ettoday.net/news/20200617/1739980.htm
279 https://www.ettoday.net/news/news-list-2020-06-17-6.htm
279 https://www.ettoday.net/news/news-list-2020-06-17-6.htm
279 https://www.ettoday.net/news/tag/工作/
280 https://forum.ettoday.net/news/1738383
280 https://house.ettoday.net/search.php?keywords=1915荷造場
280 https://www.ettoday.net/news/20200326/1677587.htm?from=feature
280 https://www.ettoday.net/news/20200606/1731864.htm?feature=戴資穎&tab_id=1236
280 https://www.ettoday.net/news/tag/烏魚子/
281 https://health.ettoday.net/news/713842
281 https://www.ettoday.net/dalemon/tag/羋紜
281 https://www.ettoday.net/news/20200501/1701915.htm?from=pctaglist 
281 https://www.ettoday.net/news/20200603/1728791.htm?from=pctaglist 
281 https://www.ettoday.net/news/focus/%E6%96%B0%E8%81%9E%E9%9B%B2APP/%E6%9D%B1%E5%8D%97%E4%BA%9E%E8%A6%81%E8%81%9E/
282 https://forum.ettoday.net/news/1740040
282 https://forum.ettoday.net/news/1740040
282 https://forum.ettoday.net/search.phtml?keyword=法律
282 https://health.ettoday.net/news/1740209
282 https://health.ettoday.net/news/1740209
282 https://travel.ettoday.net/article/1427623.htm
282 https://www.ettoday.net/feature/index/14
282 https://www.ettoday.net/feature/index/14
282 https://www.ettoday.net/feature/index/7
282 https://www.ettoday.net/feature/劉真/12646?tt=劉真相關新聞
282 https://www.ettoday.net/feature/劉真/12646?tt=劉真相關新聞
282 https://www.ettoday.net/news/20180326/1137532.htm?from=feature
282 https://www.ettoday.net/news/20191108/1575229.htm?feature=戴資穎&tab_id=1236
282 https://www.ettoday.net/news/tag/股利/
283 https://discovery.ettoday.net/news/1482022
283 https://forum.ettoday.net/search.phtml?keyword=洩密案
283 https://health.ettoday.net/search.phtml?keyword=纖維
283 https://speed.ettoday.net/news/1717556
283 https://www.ettoday.net/news/20200617/1739821.htm
284 https://speed.ettoday.net/news/1739490
284 https://www.ettoday.net/feature/王瞳馬俊麟爆婚外情
284 https://www.ettoday.net/news/20200603/1729306.htm
284 https://www.ettoday.net/news/20200615/1738174.htm?from=feature
284 https://www.ettoday.net/news/20200617/1738817.htm
284 https://www.ettoday.net/news/20200617/1739790.htm?from=pctaglist 
285 https://travel.ettoday.net/article/1738594.htm
285 https://www.ettoday.net/news/20151218/615209.htm?from=pctaglist 
285 https://www.ettoday.net/news/20181002/1271141.htm?feature=ufo&tab_id=939
285 https://www.ettoday.net/news/tag/零/
285 https://www.ettoday.net/news/tag/黨產會/
286 https://travel.ettoday.net/article/1352276.htm
286 https://travel.ettoday.net/article/1677461.htm?from=index
286 https://www.ettoday.net/news/20190609/1463749.htm?from=pctaglist 
286 https://www.ettoday.net/news/20191108/1575469.htm?feature=聲林之王&tab_id=4741
286 https://www.ettoday.net/news/20200301/1657090.htm
286 https://www.ettoday.net/news/20200514/1712873.htm?from=pctaglist 
286 https://www.ettoday.net/news/20200613/1736815.htm
286 https://www.ettoday.net/news/tag/台中金典/
286 https://www.ettoday.net/news/tag/慧眼看天下/
287 https://health.ettoday.net/lastnews
287 https://health.ettoday.net/lastnews
287 https://travel.ettoday.net/article/1738519.htm
287 https://www.ettoday.net/dalemon/editor-news/131/5
287 https://www.ettoday.net/feature/ufo/938/3
287 https://www.ettoday.net/news/20120403/36297.htm?feature=ufo&tab_id=943
287 https://www.ettoday.net/news/20200402/1682786.htm
287 https://www.ettoday.net/news/20200519/1716620.htm?from=pctaglist 
287 https://www.ettoday.net/news/20200521/1719904.htm?feature=停班停課&tab_id=1270
287 https://www.ettoday.net/news/20200615/1737637.htm?ercamp=sorted_hot_news
287 https://www.ettoday.net/news/20200617/1739444.htm?ercamp=sorted_hot_news
287 https://www.ettoday.net/news/20200617/1740340.htm?from=pctaglist 
287 https://www.ettoday.net/news/tag/教育部/
288 https://forum.ettoday.net/index.phtml
288 https://forum.ettoday.net/index.phtml
288 https://www.ettoday.net/news/20200607/1731924.htm?from=feature
288 https://www.ettoday.net/news/20200614/1735354.htm
288 https://www.ettoday.net/news/20200615/1738023.htm
288 https://www.ettoday.net/news/20200615/1738023.htm
289 https://www.ettoday.net/news/20190502/1435120.htm?from=feature
289 https://www.ettoday.net/news/20200609/1733496.htm?from=pctaglist 
289 https://www.ettoday.net/news/20200613/1737124.htm
289 https://www.ettoday.net/news/20200615/1738018.htm?ercamp=sorted_hot_news
289 https://www.ettoday.net/news/20200615/1738018.htm?ercamp=sorted_hot_news
289 https://www.ettoday.net/news/20200616/1738292.htm
289 https://www.ettoday.net/news/20200617/1739524.htm?ercamp=sorted_hot_news
289 https://www.ettoday.net/news/20200617/1739524.htm?ercamp=sorted_hot_news
289 https://www.ettoday.net/news/20200617/1739674.htm
289 https://www.ettoday.net/news/20200617/1740255.htm
289 https://www.ettoday.net/news/tag/生日/
290 https://travel.ettoday.net/article/1677805.htm?from=index
290 https://www.ettoday.net/news/20190513/1443737.htm?from=pctaglist 
290 https://www.ettoday.net/news/20200611/1735136.htm?feature=金正恩&tab_id=1597
290 https://www.ettoday.net/news/20200613/1736994.htm
290 https://www.ettoday.net/news/20200616/1738339.htm
290 https://www.ettoday.net/news/tag/0/
290 https://www.ettoday.net/news/tag/瓣膜/
291 https://health.ettoday.net/news/1579944
291 https://www.ettoday.net/news/20190930/1546162.htm?feature=停班停課&tab_id=1270
291 https://www.ettoday.net/news/tag/徐國勇/
292 https://discovery.ettoday.net/news/1479906
292 https://discovery.ettoday.net/news/1585336
292 https://www.ettoday.net/feature/吳朋奉
292 https://www.ettoday.net/news/20191204/1594133.htm?from=pctaglist 
292 https://www.ettoday.net/news/20200616/1738637.htm
292 https://www.ettoday.net/news/20200616/1738637.htm
292 https://www.ettoday.net/news/20200617/1734077.htm?ercamp=sorted_hot_news
292 https://www.ettoday.net/news/tag/%E8%A8%B1%E6%99%BA%E5%82%91/
293 https://health.ettoday.net/news/1739865
293 https://house.ettoday.net/search.php?keywords=中正紀念堂
293 https://www.ettoday.net/feature/ufo/939/4
293 https://www.ettoday.net/feature/ufo/939/4
293 https://www.ettoday.net/news/20181105/1297950.htm?feature=膝蓋痛&tab_id=9447
293 https://www.ettoday.net/news/20200612/1736505.htm
293 https://www.ettoday.net/news/20200617/1739493.htm?ercamp=sorted_hot_news
293 https://www.ettoday.net/news/20200617/1739493.htm?ercamp=sorted_hot_news
294 https://health.ettoday.net/news/1730180
294 https://travel.ettoday.net/category/泰國旅遊/
294 https://travel.ettoday.net/category/泰國旅遊/
294 https://www.ettoday.net/dalemon/tag/
294 https://www.ettoday.net/feature/尹食堂/1412?tt=尹食堂
294 https://www.ettoday.net/news/20160721/739983.htm?from=pctaglist 
294 https://www.ettoday.net/news/20180117/1095103.htm?from=feature
294 https://www.ettoday.net/news/20200330/1680044.htm
294 https://www.ettoday.net/news/20200422/1697107.htm?feature=戴資穎&tab_id=1236
294 https://www.ettoday.net/news/20200603/1729204.htm?from=pctaglist 
294 https://www.ettoday.net/news/20200617/1739852.htm?from=feature
295 https://forum.ettoday.net/news/1740082
295 https://forum.ettoday.net/news/1740082
295 https://www.ettoday.net/news/20190707/1484341.htm?from=feature
295 https://www.ettoday.net/news/20200430/1703929.htm?from=pctaglist 
295 https://www.ettoday.net/news/20200525/1722271.htm?feature=ufo&tab_id=939
295 https://www.ettoday.net/news/20200603/1729355.htm
295 https://www.ettoday.net/news/20200617/1739839.htm
295 https://www.ettoday.net/news/20200617/1739839.htm
296 https://discovery.ettoday.net/news/1580358
296 https://health.ettoday.net/news/1739919
296 https://speed.ettoday.net/tag.phtml?tag=ETBentley
296 https://speed.ettoday.net/tag.phtml?tag=ETBentley
296 https://www.ettoday.net/https://t.co/6WHc2cidRO
296 https://www.ettoday.net/https://t.co/6WHc2cidRO
296 https://www.ettoday.net/news/20200611/1735044.htm?feature=金正恩&tab_id=1597
296 https://www.ettoday.net/news/focus/民生消費/品味家居/
296 https://www.ettoday.net/news/focus/民生消費/品味家居/
297 https://discovery.ettoday.net/news/1539312
297 https://pets.ettoday.net/video/125/219182
297 https://www.ettoday.net/feature/2019年南投燈會
297 https://www.ettoday.net/news/20170424/903596.htm?from=pctaglist 
297 https://www.ettoday.net/news/20200604/1730321.htm?from=pctaglist 
298 https://www.ettoday.net/feature/ufo/942/
298 https://www.ettoday.net/news/20180524/1176243.htm?feature=ufo&tab_id=941
298 https://www.ettoday.net/news/20180816/1237103.htm?from=pctaglist 
298 https://www.ettoday.net/news/20181213/1330028.htm
298 https://www.ettoday.net/news/20190910/1532750.htm
298 https://www.ettoday.net/news/20191109/1575717.htm?feature=聲林之王&tab_id=4741
298 https://www.ettoday.net/news/20200610/1734606.htm?from=feature
298 https://www.ettoday.net/news/20200617/1739569.htm
299 https://www.ettoday.net/news/20200516/1715838.htm?feature=颱風&tab_id=1265
299 https://www.ettoday.net/news/20200525/1721933.htm
299 https://www.ettoday.net/news/20200605/1730984.htm?from=pctaglist 
299 https://www.ettoday.net/news/20200607/1732257.htm?from=pctaglist 
299 https://www.ettoday.net/news/20200614/1736524.htm?feature=周揚青&tab_id=2347
299 https://www.ettoday.net/news/20200617/1740146.htm
300 https://www.ettoday.net/feature/ufo/944/5
300 https://www.ettoday.net/feature/ufo/944/5
300 https://www.ettoday.net/news/20190717/1491800.htm?feature=ufo&tab_id=940
300 https://www.ettoday.net/news/20200606/1731566.htm
300 https://www.ettoday.net/news/tag/徐永明/
300 https://www.ettoday.net/news/tag/徐永明/
301 https://forum.ettoday.net/news/1738084
301 https://forum.ettoday.net/news/1738084
301 https://travel.ettoday.net/category/日本料理/
301 https://travel.ettoday.net/category/日本料理/
301 https://www.ettoday.net/news/20190622/1473010.htm?feature=ufo&tab_id=943
301 https://www.ettoday.net/news/20200610/1734172.htm
301 https://www.ettoday.net/news/20200616/1738907.htm?feature=ufo&tab_id=939
301 https://www.ettoday.net/news/20200617/1739855.htm
301 https://www.ettoday.net/news/20200617/1740176.htm?ercamp=sorted_hot_news
302 https://speed.ettoday.net/news/1730766
302 https://speed.ettoday.net/news/1739140
302 https://speed.ettoday.net/news/1739140
302 https://travel.ettoday.net/category/桐花飛雪/
302 https://travel.ettoday.net/category/桐花飛雪/
302 https://www.ettoday.net/news/20190510/1446192.htm?from=pctaglist 
302 https://www.ettoday.net/news/20200204/1637664.htm?from=pctaglist 
302 https://www.ettoday.net/news/20200429/1702870.htm?feature=金正恩&tab_id=1597
302 https://www.ettoday.net/news/20200608/1732524.htm?feature=金正恩&tab_id=1597
303 https://health.ettoday.net/news/1717192
303 https://speed.ettoday.net/search.phtml?keyword=新車
303 https://www.ettoday.net/feature/大老闆傳奇-尹衍樑/13274/3
303 https://www.ettoday.net/feature/大老闆傳奇-尹衍樑/13274/3
303 https://www.ettoday.net/news/20200616/1738353.htm
303 https://www.ettoday.net/news/20200616/1738364.htm
303 https://www.ettoday.net/news/tag/司法院/
304 https://forum.ettoday.net/newslist/678
304 https://forum.ettoday.net/newslist/678
304 https://health.ettoday.net/category/%E7%99%BE%E7%A7%91
304 https://travel.ettoday.net/category/新竹/?&page=8
304 https://www.ettoday.net/feature/陽明山彩虹季
304 https://www.ettoday.net/news/20200215/1646483.htm?feature=大老闆傳奇-尹衍樑&tab_id=13274
305 https://www.ettoday.net/news/20181115/1306240.htm?from=pctaglist 
305 https://www.ettoday.net/news/20190823/1516537.htm
305 https://www.ettoday.net/news/20200617/1739494.htm?ercamp=sorted_hot_news
305 https://www.ettoday.net/news/20200617/1739494.htm?ercamp=sorted_hot_news
305 https://www.ettoday.net/news/20200617/1739868.htm?from=pctaglist 
305 https://www.ettoday.net/news/tag/林俊憲/
306 https://health.ettoday.net/news/671765
306 https://www.ettoday.net/feature/地震/1232/7
306 https://www.ettoday.net/feature/地震/1232/7
306 https://www.ettoday.net/news/20181126/1316477.htm?feature=ufo&tab_id=942
306 https://www.ettoday.net/news/20190609/1463743.htm?from=pctaglist 
306 https://www.ettoday.net/news/20200303/1658863.htm?from=pctaglist 
307 https://discovery.ettoday.net/news/1551611
307 https://www.ettoday.net/news/20160122/635509.htm?feature=ufo&tab_id=942
307 https://www.ettoday.net/news/20190913/1533473.htm
307 https://www.ettoday.net/news/20190930/1546609.htm?feature=颱風&tab_id=1269
307 https://www.ettoday.net/news/20191125/1587572.htm
307 https://www.ettoday.net/news/20200604/1729781.htm?from=pctaglist 
307 https://www.ettoday.net/news/20200617/1739730.htm
307 https://www.ettoday.net/news/20200617/1739730.htm
307 https://www.ettoday.net/news/focus/體育/棒球/
307 https://www.ettoday.net/news/focus/體育/棒球/
307 https://www.ettoday.net/news/tag/%E5%85%A8%E5%AE%B6%E4%BE%BF%E5%88%A9%E5%95%86%E5%BA%97/
307 https://www.ettoday.net/news/tag/一級棒讚火鍋/
308 https://boba.ettoday.net/videonews/218957?from=et_pc_sidebar
308 https://www.ettoday.net/dalemon/post/49095
308 https://www.ettoday.net/feature/kerwenduetourop
308 https://www.ettoday.net/news/20181127/1317069.htm?from=feature
308 https://www.ettoday.net/news/20191105/1573113.htm?from=pctaglist 
308 https://www.ettoday.net/news/20200603/1728859.htm
308 https://www.ettoday.net/news/20200617/1739748.htm
308 https://www.ettoday.net/news/20200617/1739748.htm
308 https://www.ettoday.net/news/20200617/1740023.htm?ercamp=sorted_hot_news
308 https://www.ettoday.net/news/20200617/1740023.htm?ercamp=sorted_hot_news
309 https://health.ettoday.net/news/1735961
309 https://www.ettoday.net/feature/2018votetobegin
309 https://www.ettoday.net/feature/TDCC/14365/2
309 https://www.ettoday.net/news/20190502/1435721.htm
309 https://www.ettoday.net/news/20190916/1536269.htm
309 https://www.ettoday.net/news/20200615/1738013.htm
309 https://www.ettoday.net/news/20200615/1738013.htm
309 https://www.ettoday.net/news/20200617/1739745.htm
310 https://health.ettoday.net/news/1739882
310 https://www.ettoday.net/news/20170210/864063.htm
310 https://www.ettoday.net/news/20200610/1734283.htm
310 https://www.ettoday.net/news/20200612/1736598.htm
311 https://health.ettoday.net/category/醫藥新聞/5
311 https://www.ettoday.net/news/20190621/1470563.htm
311 https://www.ettoday.net/news/20200617/1739423.htm?ercamp=sorted_hot_news
311 https://www.ettoday.net/news/20200617/1739423.htm?ercamp=sorted_hot_news
311 https://www.ettoday.net/news/tag/孫安佐/
311 https://www.ettoday.net/news/tag/民法/
311 https://www.ettoday.net/news/tag/網紅尼/
311 https://www.ettoday.net/news/tag/財政部/
312 https://health.ettoday.net/news/1739049
312 https://www.ettoday.net/dalemon/editor-news/238
312 https://www.ettoday.net/news/20200212/1643855.htm?from=pctaglist 
312 https://www.ettoday.net/news/20200517/1716250.htm?from=feature
312 https://www.ettoday.net/news/20200517/1716250.htm?from=feature
312 https://www.ettoday.net/news/20200612/1736342.htm
312 https://www.ettoday.net/news/20200617/1739921.htm
312 https://www.ettoday.net/news/focus/3C科技/
312 https://www.ettoday.net/news/focus/3C科技/
316 https://www.ettoday.net/news/20200616/1738980.htm?ercamp=sorted_hot_news
334 https://www.ettoday.net/events/app/ettoday_app.htm
336 https://www.ettoday.net/feature/%E9%87%91%E6%AD%A3%E6%81%A9
337 https://www.ettoday.net/feature/%E9%9F%93%E5%9C%8B%E7%91%9C/1682?tt=%E9%9F%93%E5%9C%8B%E7%91%9C%E6%96%B0%E8%81%9E%E6%87%B6%E4%BA%BA%E5%8C%85
338 https://sports.ettoday.net/news/1512756
340 https://www.ettoday.net/dalemon/
344 https://www.ettoday.net/news/20200617/1740275.htm
345 https://www.ettoday.net/feature/%E7%8E%8B%E4%BB%A4%E9%BA%9F/1016?tt=%E7%8E%8B%E4%BB%A4%E9%BA%9F
346 https://www.ettoday.net/news/focus/%E5%A4%A7%E9%99%B8/
350 https://house.ettoday.net/
350 https://www.ettoday.net/news/focus/%E8%BB%8D%E6%AD%A6/
355 https://www.ettoday.net/news/20200617/1740304.htm
362 https://www.ettoday.net/feature/台北電影節
364 https://www.ettoday.net/feature/ufo/940?tt=%E9%A3%9B%E7%A2%9F%20UFO
371 https://www.ettoday.net/news/20200617/1739717.htm
371 https://www.ettoday.net/news/focus/%E7%A4%BE%E6%9C%83/
378 https://www.ettoday.net/news/tag/%E7%B5%B1%E4%B8%80%E4%BC%81%E6%A5%AD/
379 https://www.ettoday.net/news/focus/%E7%94%9F%E6%B4%BB/
380 https://events.ettoday.net/poll/vote/84/138
380 https://www.ettoday.net/feature/%E5%8A%89%E7%9C%9F
383 https://www.ettoday.net/news/tag/%E5%91%B3%E5%85%A8/
386 https://www.ettoday.net/news/focus/%E6%B3%95%E5%BE%8B/
386 https://www.ettoday.net/news/tag/%E5%8F%B0%E6%96%B0%E9%87%91/
394 https://www.ettoday.net/news/focus/%E4%BF%9D%E9%9A%AA/
399 https://www.ettoday.net/news/tag/%E5%9C%8B%E6%B3%B0%E9%87%91/
399 https://www.ettoday.net/news/tag/%E6%9D%B1%E6%A3%AE%E8%B3%BC%E7%89%A9/
402 https://www.ettoday.net/news/20200617/1740337.htm
402 https://www.ettoday.net/news/20200617/1740337.htm
404 https://www.ettoday.net/news/20200617/1739747.htm?ercamp=hot_news
412 https://www.ettoday.net/news/tag/%E5%BF%97%E6%9D%91%E5%81%A5/
413 https://www.ettoday.net/news/20200617/1740284.htm
415 https://events.ettoday.net/grace/
416 https://www.ettoday.net/news/tag/YouBike/
443 https://www.ettoday.net/news/20200616/1739375.htm?ercamp=sorted_hot_news
447 https://www.ettoday.net/news/20200617/1740346.htm
455 https://www.ettoday.net/news/20200617/1740347.htm
456 https://events.ettoday.net/ly-live/
462 https://fashion.ettoday.net/focus/%E6%99%82%E5%B0%9A
468 https://www.ettoday.net/news/focus/政治/
469 https://www.ettoday.net/feature/周揚青
470 https://www.ettoday.net/news/20200616/1738825.htm?ercamp=hot_news
471 https://www.ettoday.net/feature/%E9%A2%B1%E9%A2%A8
485 https://www.ettoday.net/https://etu.tw/qqywmO
487 https://travel.ettoday.net/
490 https://fashion.ettoday.net/
498 https://www.ettoday.net/news/20200617/1740349.htm
512 https://www.ettoday.net/feature/%E7%BF%92%E8%BF%91%E5%B9%B3/4458?tt=%E7%BF%92%E8%BF%91%E5%B9%B3%E7%9B%B8%E9%97%9C%E6%96%B0%E8%81%9E
519 https://sports.ettoday.net/news-list/%E6%A3%92%E7%90%83/%E4%B8%AD%E8%81%B7
520 https://star.ettoday.net/star-category/%E9%9F%B3%E6%A8%82
524 https://www.ettoday.net/feature/%E8%86%9D%E8%93%8B%E7%97%9B
529 https://www.ettoday.net/feature/%E5%A4%A7%E8%80%81%E9%97%86%E5%82%B3%E5%A5%87-%E5%B0%B9%E8%A1%8D%E6%A8%91
537 https://www.ettoday.net/news/20200616/1739100.htm?ercamp=sorted_hot_news
554 https://www.ettoday.net/feature/%E7%BE%85%E5%BF%97%E7%A5%A5
563 https://www.ettoday.net/news/20200616/1738736.htm?ercamp=hot_news
572 https://health.ettoday.net/
572 https://www.ettoday.net/news/focus/3C%E5%AE%B6%E9%9B%BB/
579 https://www.ettoday.net/news/focus/%E6%96%B0%E8%81%9E%E9%9B%B2APP/%E6%97%A5%E9%9F%93%E8%A6%81%E8%81%9E/
592 https://www.ettoday.net/news/tag/%E4%BF%A1%E7%BE%A9%E6%88%BF%E5%B1%8B/
603 https://www.ettoday.net/news/tag/%E5%B8%8C%E7%88%BE%E6%80%9D/
605 https://www.ettoday.net/news/focus/%E5%A4%A7%E9%99%B8/%E8%8F%AF%E8%81%9E%E5%BF%AB%E9%81%9E/
608 https://www.ettoday.net/news/20190622/1473131.htm?tt=許智傑
609 https://star.ettoday.net/star-category/%E9%9F%93%E6%98%9F%E7%88%86%E7%88%86
620 https://boba.ettoday.net/videonews/218810?from=et_pc_sidebar
635 https://www.ettoday.net/news/20200617/1739522.htm?ercamp=hot_news
636 https://www.ettoday.net/news/tag/Lexus/
637 https://www.ettoday.net/news/20200617/1740198.htm
640 https://boba.ettoday.net/category/266
641 https://www.ettoday.net/news/20200617/1740256.htm
648 https://www.ettoday.net/news/20200617/1740344.htm
651 https://www.ettoday.net/member/clause_copyright.php
655 https://boba.ettoday.net/sub_category/274/561
660 https://sports.ettoday.net/sport-category/%E6%A3%92%E7%90%83
666 https://junglevoice.ettoday.net/index.php
667 https://www.ettoday.net/news/focus/%E6%96%B0%E8%81%9E%E9%9B%B2APP/%E6%96%B0%E9%80%A3%E9%8E%96/
674 https://www.ettoday.net/news/tag/%E5%A4%A7%E9%87%91%E7%A9%BA%E8%AA%BF/
680 https://pets.ettoday.net/focus/%E5%AF%B5%E7%89%A9%E5%A5%BD%E8%90%8C
680 https://www.ettoday.net/feature/WHO
683 https://www.ettoday.net/news/20200617/1740342.htm
687 https://pets.ettoday.net/
690 https://www.ettoday.net/news/20200617/1739384.htm?ercamp=sorted_hot_news
698 https://www.ettoday.net/news/20200616/1739073.htm?ercamp=hot_news
700 https://movies.ettoday.net/
701 https://www.ettoday.net/feature/%E6%8D%B7%E9%81%8B%E7%92%B0%E7%8B%80%E7%B7%9A
705 https://www.ettoday.net/feature/%E5%8F%8D%E9%80%81%E4%B8%AD
707 https://www.ettoday.net/news/20200617/1740324.htm
715 https://www.ettoday.net/news/tag/%E9%BB%83%E5%AF%B6%E6%85%A7/
716 https://www.ettoday.net/news/20200617/1739473.htm?ercamp=hot_news
726 https://www.ettoday.net/news/20200616/1738948.htm
727 https://www.ettoday.net/news/20200615/1738185.htm?ercamp=hot_news
734 https://www.ettoday.net/news/20200617/1739704.htm?ercamp=sorted_hot_news
747 https://www.ettoday.net/news/20200617/1739770.htm?ercamp=sorted_hot_news
748 https://www.ettoday.net/news/20200617/1739627.htm?ercamp=hot_news
758 https://www.ettoday.net/news/focus/%E5%A4%A7%E9%99%B8/%E7%89%B9%E6%B4%BE%E7%8F%BE%E5%A0%B4/
760 https://www.ettoday.net/news/news-list.htm
761 https://www.ettoday.net/news/20200617/1739903.htm?ercamp=sorted_hot_news
765 https://www.ettoday.net/news/focus/%E6%96%B0%E8%81%9E%E9%9B%B2APP/%E9%87%91%E6%8E%A7/
766 https://www.ettoday.net/news/focus/%E5%9C%8B%E9%9A%9B/
782 https://www.ettoday.net/feature/ufo/944?tt=%E7%81%AB%E6%98%9F
793 https://www.ettoday.net/news/20200617/1740287.htm
794 https://www.ettoday.net/feature/doh
799 https://www.ettoday.net/news/20200617/1739839.htm?ercamp=sorted_hot_news
800 https://www.ettoday.net/news/20200617/1740224.htm
804 https://www.ettoday.net/news/20200616/1738547.htm?ercamp=hot_news
806 https://www.ettoday.net/news/focus/%E6%B0%91%E7%94%9F%E6%B6%88%E8%B2%BB/
810 https://www.ettoday.net/news/tag/%E5%A4%A7%E9%87%91%E5%86%B7%E6%B0%A3/
813 https://events.ettoday.net/charity/index.php
822 https://www.ettoday.net/news/tag/新北市/
832 https://www.ettoday.net/events/campaign/event-list.php
834 https://sports.ettoday.net/sport-category/%E7%B1%83%E7%90%83
834 https://www.ettoday.net/news/20200617/1739464.htm?ercamp=hot_news
842 https://www.ettoday.net/news/tag/%E5%AE%89%E6%96%B0%E5%BB%BA%E7%B6%93/
846 https://www.ettoday.net/news/tag/%E5%9C%8B%E6%B3%B0%E4%B8%96%E8%8F%AF/
858 https://www.etmall.com.tw/%E5%84%AA%E9%81%A9%E6%B4%BB-%E4%BF%9D%E5%81%A5%E9%A3%9F%E5%93%81%E5%93%81%E7%89%8C/c3/123212
859 https://www.ettoday.net/feature/covid19
860 https://boba.ettoday.net/category/275
871 https://www.ettoday.net/news/focus/%E7%84%A6%E9%BB%9E%E6%96%B0%E8%81%9E/
874 https://www.ettoday.net/https://reurl.cc/vney11
878 https://www.ettoday.net/feature/ufo/942?tt=%E9%87%91%E5%AD%97%E5%A1%94
882 https://speed.ettoday.net/
886 https://www.ettoday.net/news/tag/%E6%9D%B1%E6%A3%AE%E6%88%BF%E5%B1%8B/
889 https://www.ettoday.net/news/tag/%E4%B8%AD%E5%9C%8B%E4%BF%A1%E8%A8%97%E6%85%88%E5%96%84%E5%9F%BA%E9%87%91%E6%9C%83/
890 https://www.ettoday.net/news/tag/%E7%94%B2%E5%B1%B1%E6%9E%97/
892 https://www.ettoday.net/feature/index
896 https://fashion.ettoday.net/focus/%E7%BE%8E%E9%BA%97
898 https://www.ettoday.net/news/focus/%E6%96%B0%E8%81%9E%E9%9B%B2APP/%E7%BE%8E%E6%B4%B2%E8%A6%81%E8%81%9E/
899 https://www.ettoday.net/feature/%E5%90%B3%E6%9C%8B%E5%A5%89
916 https://www.ettoday.net/feature/ufo/938?tt=X%E6%AA%94%E6%A1%88
927 https://www.ettoday.net/news/20200614/1737683.htm
930 https://www.ettoday.net/feature/ufo/939?tt=%E5%A4%96%E6%98%9F%E4%BA%BA
934 https://www.ettoday.net/news/20200617/1740311.htm
936 https://www.ettoday.net/news/tag/愛山林/
942 https://www.ettoday.net/news/20191020/1561057.htm?ercamp=hot_news
963 https://www.ettoday.net/news/hot-news.htm
964 https://www.ettoday.net/feature/ufo/943?tt=%E9%BA%A5%E7%94%B0%E5%9C%88
965 https://discovery.ettoday.net/
966 https://www.ettoday.net/feature/%E6%88%B4%E8%B3%87%E7%A9%8E/1236?tt=%E6%88%B4%E8%B3%87%E7%A9%8E%E7%9B%B8%E9%97%9C%E6%96%B0%E8%81%9E%E6%87%B6%E4%BA%BA%E5%8C%85
969 https://www.ettoday.net/news/tag/%E8%88%88%E5%AF%8C%E7%99%BC/
971 https://www.ettoday.net/news/20200617/1740345.htm
980 https://sports.ettoday.net/sport-category/%E8%B6%B3%E7%90%83
982 http://www.emic.com.tw
989 https://www.ettoday.net/feature/%E7%B5%B1%E4%B8%80%E7%99%BC%E7%A5%A8/2913?tt=%E7%B5%B1%E4%B8%80%E7%99%BC%E7%A5%A8%E7%9B%B8%E9%97%9C%E6%96%B0%E8%81%9E
996 https://sports.ettoday.net/news-list/%E6%A3%92%E7%90%83/MLB
1002 https://weibo.com/ettodaynet
1005 https://www.ettoday.net/news/focus/%E6%96%B0%E8%81%9E%E9%9B%B2APP/%E6%85%A7%E7%9C%BC%E7%9C%8B%E5%A4%A9%E4%B8%8B/
1016 https://www.ettoday.net/news/20200617/1740341.htm
1021 https://www.ettoday.net/news/20200617/1740203.htm
