http://www.ettoday.net/changeReadType.php?rtype=0&rurl=http%3A%2F%2Fwww.ettoday.net%2Ffeature%2FTDCC
http://speed.ettoday.net/tag.phtml?tag=ETMercedesBenz
https://speed.ettoday.net/feature-list
http://www.ettoday.net/dalemon/post/49108
https://health.ettoday.net//health.ettoday.net
http://speed.ettoday.net/tag.phtml?tag=ETSYM
http://www.ettoday.net/changeReadType.php?rtype=0&rurl=http%3A%2F%2Fwww.ettoday.net%2Fnews%2F20200611%2F1735322.htm%3Ffeature%3D%E8%A8%B1%E5%B4%91%E6%BA%90%26tab_id%3D6197
http://www.ettoday.net/events/app/et_dalemon.htm?from=lemon-pcnews
http://www.ettoday.net/changeReadType.php?rtype=0&rurl=http%3A%2F%2Fwww.ettoday.net%2Fnews%2F20181220%2F1336219.htm%3Ffeature%3Dufo%26tab_id%3D942
http://www.ettoday.net/changeReadType.php?rtype=0&rurl=http%3A%2F%2Fwww.ettoday.net%2Ffeature%2F%E5%88%B0%E5%B0%8D%E5%B2%B8%E8%B5%B0%E8%B5%B0
http://www.ettoday.net/changeReadType.php?rtype=0&rurl=http%3A%2F%2Fwww.ettoday.net%2Fnews%2F20200614%2F1737517.htm%3Ffeature%3D%E8%A8%B1%E5%B4%91%E6%BA%90%26tab_id%3D6197
http://www.ettoday.net/dalemon/post/50779
http://www.ettoday.net/changeReadType.php?rtype=0&rurl=http%3A%2F%2Fwww.ettoday.net%2Fnews%2F20200610%2F1734700.htm%3Ffeature%3D%E8%A8%B1%E5%B4%91%E6%BA%90%26tab_id%3D6197
https://www.ettoday.net/news/20190930/1546556.htm
http://www.ettoday.net/dalemon/post/50770
https://health.ettoday.net/https://line.me/R/ti/p/%40kgy3765i
http://www.ettoday.net/dalemon/post/50775
http://www.ettoday.net/changeReadType.php?rtype=0&rurl=http%3A%2F%2Fwww.ettoday.net%2Fnews%2F20200216%2F1646940.htm%3Ffeature%3D%E5%A4%A7%E8%80%81%E9%97%86%E5%82%B3%E5%A5%87-%E5%B0%B9%E8%A1%8D%E6%A8%91%26tab_id%3D13274
http://house.ettoday.net/news/1740206
http://www.ettoday.net/changeReadType.php?rtype=0&rurl=http%3A%2F%2Fwww.ettoday.net%2Ffeature%2F%E9%87%91%E6%AD%A3%E6%81%A9%2F1597%2F6
http://www.ettoday.net/news/news-list-2014-01-22-0.htm
http://www.ettoday.net/news/news-list-2014-09-16-0.htm
http://www.ettoday.net/news/news-list-2016-07-20-0.htm
http://www.ettoday.net/news/news-list-2018-03-05-0.htm
http://www.ettoday.net/news/news-list-2019-03-18-0.htm
http://www.ettoday.net/news/news-list-2012-02-14-0.htm
http://www.ettoday.net/news/news-list-2014-09-24-0.htm
http://www.ettoday.net/news/news-list-2019-01-17-0.htm
https://www.ettoday.net/changeReadType.php?rtype=0&rurl=https%3A%2F%2Fhealth.ettoday.net%2Fcategory_tag%2F%E6%81%99%E8%9F%B2%E7%97%85%E5%81%A5%E5%BA%B7
http://www.ettoday.net/news/news-list-2014-11-08-0.htm
http://www.ettoday.net/album/category-all-9.htm
http://www.ettoday.net/news/news-list-2015-04-30-0.htm
http://www.ettoday.net/news/news-list-2016-09-07-0.htm
http://www.ettoday.net/news/news-list-2017-07-21-0.htm
http://www.ettoday.net/news/news-list-2018-06-17-0.htm
http://www.ettoday.net/news/news-list-2019-12-04-0.htm
http://www.ettoday.net/news/news-list-2020-04-13-0.htm
http://www.ettoday.net/news/news-list-2012-09-28-0.htm
http://www.ettoday.net/news/news-list-2016-04-29-0.htm
http://www.ettoday.net/news/news-list-2016-05-12-0.htm
http://www.ettoday.net/news/news-list-2016-06-15-0.htm
http://www.ettoday.net/news/news-list-2016-10-21-0.htm
http://www.ettoday.net/news/news-list-2012-04-22-0.htm
http://www.ettoday.net/news/news-list-2017-01-20-0.htm
http://www.ettoday.net/news/news-list-2018-11-12-0.htm
http://www.ettoday.net/news/news-list-2019-08-10-0.htm
http://www.ettoday.net/news/news-list-2020-05-31-0.htm
http://www.ettoday.net/news/news-list-2013-04-20-0.htm
http://www.ettoday.net/news/news-list-2015-12-22-0.htm
http://www.ettoday.net/news/news-list-2018-02-15-0.htm
http://www.ettoday.net/news/news-list-2019-05-23-0.htm
http://www.ettoday.net/news/news-list-2019-06-06-0.htm
http://www.ettoday.net/news/news-list-2016-11-30-0.htm
http://www.ettoday.net/news/news-list-2017-12-12-0.htm
http://www.ettoday.net/news/news-list-2013-02-03-0.htm
http://www.ettoday.net/news/news-list-2013-12-09-0.htm
http://www.ettoday.net/news/news-list-2014-01-13-0.htm
http://www.ettoday.net/news/news-list-2017-09-06-0.htm
http://www.ettoday.net/news/news-list-2020-05-04-0.htm
http://www.ettoday.net/news/news-list-2012-07-24-0.htm
http://www.ettoday.net/news/news-list-2012-10-08-0.htm
http://www.ettoday.net/news/news-list-2014-12-28-0.htm
http://www.ettoday.net/news/news-list-2018-07-02-0.htm
http://www.ettoday.net/news/news-list-2019-11-08-0.htm
http://www.ettoday.net/news/news-list-2012-01-02-0.htm
http://www.ettoday.net/news/news-list-2012-03-21-0.htm
http://www.ettoday.net/news/news-list-2012-04-06-0.htm
http://www.ettoday.net/news/news-list-2012-12-21-0.htm
http://www.ettoday.net/news/news-list-2014-09-01-0.htm
http://www.ettoday.net/news/news-list-2019-07-09-0.htm
http://www.ettoday.net/news/news-list-2019-08-09-0.htm
http://www.ettoday.net/news/news-list-2019-10-04-0.htm
http://www.ettoday.net/news/news-list-2013-04-29-0.htm
http://www.ettoday.net/news/news-list-2016-03-16-0.htm
http://www.ettoday.net/news/news-list-2016-07-23-0.htm
http://www.ettoday.net/news/news-list-2011-12-20-0.htm
http://www.ettoday.net/news/news-list-2013-10-10-0.htm
http://www.ettoday.net/news/news-list-2014-09-22-0.htm
http://www.ettoday.net/news/news-list-2015-11-24-0.htm
http://www.ettoday.net/news/news-list-2018-08-21-0.htm
http://www.ettoday.net/news/news-list-2016-05-29-0.htm
http://www.ettoday.net/news/news-list-2018-01-14-0.htm
http://www.ettoday.net/news/news-list-2019-04-02-0.htm
http://www.ettoday.net/news/news-list-2019-07-18-0.htm
http://www.ettoday.net/news/news-list-2019-08-25-0.htm
http://www.ettoday.net/news/news-list-2020-06-16-0.htm
http://www.ettoday.net/news/news-list-2014-01-28-0.htm
http://www.ettoday.net/news/news-list-2017-03-24-0.htm
http://www.ettoday.net/news/news-list-2019-09-22-0.htm
http://www.ettoday.net/news/news-list-2011-11-09-0.htm
http://www.ettoday.net/news/news-list-2012-09-15-0.htm
http://www.ettoday.net/news/news-list-2014-06-25-0.htm
http://www.ettoday.net/news/news-list-2013-08-28-0.htm
http://www.ettoday.net/news/news-list-2013-09-26-0.htm
http://www.ettoday.net/news/news-list-2017-05-11-0.htm
http://www.ettoday.net/news/news-list-2015-08-18-0.htm
http://www.ettoday.net/news/news-list-2016-04-24-0.htm
http://www.ettoday.net/news/news-list-2017-03-17-0.htm
http://www.ettoday.net/album/category-all-139.htm
http://www.ettoday.net/news/news-list-2016-05-14-0.htm
http://www.ettoday.net/news/news-list-2020-05-19-0.htm
https://house.ettoday.net/sinyi-pc.php
https://house.ettoday.net/sinyi-pc.php
http://www.ettoday.net/news/news-list-2016-08-22-0.htm
http://www.ettoday.net/news/news-list-2018-08-07-0.htm
http://www.ettoday.net/album/category-all-85.htm
http://www.ettoday.net/news/news-list-2012-02-09-0.htm
http://www.ettoday.net/news/news-list-2016-12-17-0.htm
http://www.ettoday.net/news/news-list-2017-01-03-0.htm
http://www.ettoday.net/news/news-list-2011-12-13-0.htm
http://www.ettoday.net/news/news-list-2015-07-11-0.htm
http://www.ettoday.net/news/news-list-2015-10-22-0.htm
http://www.ettoday.net/news/news-list-2018-09-19-0.htm
http://www.ettoday.net/news/news-list-2012-06-07-0.htm
http://www.ettoday.net/news/news-list-2016-03-01-0.htm
http://www.ettoday.net/news/news-list-2019-11-24-0.htm
http://www.ettoday.net/news/news-list-2011-12-07-0.htm
http://www.ettoday.net/news/news-list-2012-09-06-0.htm
http://www.ettoday.net/news/news-list-2017-10-05-0.htm
http://www.ettoday.net/news/news-list-2018-11-29-0.htm
http://www.ettoday.net/news/news-list-2019-03-13-0.htm
https://speed.ettoday.net/https://etu.tw/qqywmO
https://speed.ettoday.net/https://etu.tw/qqywmO
http://www.ettoday.net/news/news-list-2014-03-28-0.htm
http://www.ettoday.net/news/news-list-2017-11-29-0.htm
http://www.ettoday.net/news/news-list-2018-08-20-0.htm
http://www.ettoday.net/news/news-list-2017-09-25-0.htm
http://www.ettoday.net/news/news-list-2018-09-14-0.htm
http://www.ettoday.net/news/news-list-2018-10-16-0.htm
http://www.ettoday.net/news/news-list-2011-10-29-0.htm
http://www.ettoday.net/news/news-list-2013-10-01-0.htm
http://www.ettoday.net/news/news-list-2017-05-27-0.htm
http://www.ettoday.net/news/news-list-2017-08-25-0.htm
http://www.ettoday.net/news/news-list-2020-05-02-0.htm
http://www.ettoday.net/news/news-list-2013-10-13-0.htm
http://www.ettoday.net/news/news-list-2015-10-27-0.htm
http://www.ettoday.net/news/news-list-2015-12-13-0.htm
http://www.ettoday.net/changeReadType.php?rtype=0&rurl=http%3A%2F%2Fwww.ettoday.net%2Fnews%2F20200523%2F1720866.htm%3Ffeature%3D%E5%91%A8%E6%8F%9A%E9%9D%92%26tab_id%3D2347
http://www.ettoday.net/news/news-list-2014-07-15-0.htm
http://www.ettoday.net/news/news-list-2016-02-01-0.htm
http://www.ettoday.net/news/news-list-2016-03-19-0.htm
http://www.ettoday.net/album/photo-2-4962.htm
http://www.ettoday.net/album/photo-2-4962.htm
http://www.ettoday.net/news/news-list-2017-03-10-0.htm
http://www.ettoday.net/news/news-list-2020-02-19-0.htm
http://www.ettoday.net/changeReadType.php?rtype=0&rurl=http%3A%2F%2Fwww.ettoday.net%2Fnews%2F20191011%2F1554813.htm%3Ffeature%3Dufo%26tab_id%3D939
http://www.ettoday.net/changeReadType.php?rtype=0&rurl=http%3A%2F%2Fwww.ettoday.net%2Fnews%2F20200424%2F1698897.htm%3Ffeature%3D%E7%8E%8B%E4%BB%A4%E9%BA%9F%26tab_id%3D1016
http://www.ettoday.net/news/news-list-2015-01-15-0.htm
http://www.ettoday.net/news/news-list-2015-07-04-0.htm
http://www.ettoday.net/album/category-all-72.htm
http://www.ettoday.net/news/news-list-2012-11-08-0.htm
http://www.ettoday.net/news/news-list-2013-06-17-0.htm
http://www.ettoday.net/news/news-list-2016-11-14-0.htm
http://www.ettoday.net/news/news-list-2013-04-30-0.htm
http://www.ettoday.net/news/news-list-2013-08-15-0.htm
http://www.ettoday.net/news/news-list-2014-11-19-0.htm
http://www.ettoday.net/news/news-list-2018-03-15-0.htm
http://www.ettoday.net/news/news-list-2020-04-09-0.htm
http://speed.ettoday.net/tag.phtml?tag=ETPGO
http://speed.ettoday.net/tag.phtml?tag=ETPGO
http://speed.ettoday.net/tag.phtml?tag=ETVespa
http://speed.ettoday.net/tag.phtml?tag=ETVespa
http://www.ettoday.net/album/category-all-59.htm
http://www.ettoday.net/news/news-list-2013-03-06-0.htm
http://www.ettoday.net/news/news-list-2014-02-13-0.htm
http://www.ettoday.net/news/news-list-2014-08-04-0.htm
http://www.ettoday.net/news/news-list-2016-06-25-0.htm
http://www.ettoday.net/news/news-list-2019-08-13-0.htm
http://www.ettoday.net/news/news-list-2014-02-10-0.htm
http://www.ettoday.net/news/news-list-2015-09-07-0.htm
http://www.ettoday.net/news/news-list-2016-11-13-0.htm
http://www.ettoday.net/news/news-list-2017-02-14-0.htm
http://www.ettoday.net/news/news-list-2019-02-05-0.htm
http://www.ettoday.net/news/news-list-2014-04-17-0.htm
http://www.ettoday.net/news/news-list-2018-01-23-0.htm
http://www.ettoday.net/news/news-list-2019-02-20-0.htm
http://www.ettoday.net/news/news-list-2019-05-21-0.htm
https://www.ettoday.net/changeReadType.php?rtype=0&rurl=https%3A%2F%2Fhealth.ettoday.net%2Fcategory%2F%E5%85%A9%E6%80%A7%2F3
http://www.ettoday.net/news/news-list-2015-09-22-0.htm
http://www.ettoday.net/news/news-list-2017-10-11-0.htm
http://www.ettoday.net/news/news-list-2018-01-20-0.htm
