https://events.ettoday.net/depth-report/index.phtml
https://boba.ettoday.net/videonews/218879?from=et_pc_sidebar
https://www.facebook.com/ETtoday
https://shopping.ettoday.net/products/%E5%98%9F%E5%94%87%E4%BF%AE%E4%BF%AE%E8%B1%90%E5%AB%A9%E9%A1%AF%E8%89%B2%E5%94%87%E7%AD%86-%E9%9F%93%E5%A6%9D%E8%A3%B8%E5%94%87
https://boba.ettoday.net/videonews/218830?from=et_pc_sidebar
http://chart.apis.google.com/chart?cht=qr&choe=UTF-8&chs=300x300&chl=https://www.ettoday.net/news/20200617/1740337.htm?from=pc-newsshare-wechat-fixed
https://msg.ettoday.net/msg_liveshow.php?redir=https%3A%2F%2Fboba.ettoday.net%2Fcategory%2F271%2F217121%3Ffrom%3Dvodframe_etnews&vid=217121
https://boba.ettoday.net/videonews/218974?from=et_pc_sidebar
https://shopping.ettoday.net?from=ettoday_header
https://boba.ettoday.net/videonews/218981?from=et_pc_sidebar
https://www.facebook.com/ETtodayPOLITICS
https://www.etmall.com.tw/XML/content/DMSetting/Final/202005/SP_1115548/w/index.html?utm_source=ettoday6&amp;utm_medium=rb_cpa
https://www.etwarm.com.tw
https://www.104.com.tw/jobbank/custjob/index.php?r=cust&j=623a43295a5c3e6a40583a1d1d1d1d5f2443a363189j50&jobsource=checkc
https://boba.ettoday.net/category/255
https://boba.ettoday.net/videonews/218999?from=et_pc_sidebar
https://www.instagram.com/ettodaytw/
https://events.ettoday.net/outdoor-media/index.php7
https://boba.ettoday.net/category/255-2019%E4%B8%AD%E8%8F%AF%E8%81%B7%E6%A3%92
http://www.nblife.com.tw
https://shopping.ettoday.net/pages/%E3%80%90her%E3%80%91%E9%96%8B%E7%AB%99%E6%85%B6-ps%E7%BE%8E%E7%BE%8E%E5%A6%8D-%E9%9B%BB%E7%9C%BC%E4%BF%AE%E4%BF%AE%E7%99%BC%E5%85%89%E5%85%A8%E6%95%88%E7%9C%BC%E9%9C%9C%E8%B2%B7%E4%B8%80%E9%80%81%E4%B8%80
https://m.etmall.com.tw/Login?url=%2Fmember%2FMExchangeECoin%3Fsource%3Dettoday6
http://www.ettoday.net/events/news-express/epaper.php
http://www.ettoday.net/news/tag/%E5%B7%9D%E6%99%AE/
https://member.ettoday.net/
https://www.ettoday.net/
https://boba.ettoday.net/videonews/219030?from=et_pc_sidebar
http://www.ettoday.net/news/tag/蔡英文/
https://shopping.ettoday.net/products/ps%E7%BE%8E%E7%BE%8E%E5%A6%8D-%E9%9B%BB%E7%9C%BC%E4%BF%AE%E4%BF%AE%E7%99%BC%E5%85%89%E5%85%A8%E6%95%88%E7%9C%BC%E9%9C%9C30ml
https://boba.ettoday.net/videonews/218864?from=et_pc_sidebar
https://www.etwarm.com.tw/actions/etwarm-southchina-pet
https://boba.ettoday.net/
https://boba.ettoday.net/videonews/218818?from=et_pc_sidebar
