https://travel.ettoday.net/tel:0936-654508
https://www.ettoday.net/news/20190612/1465246.htm?ercamp=sorted_hot_news
https://www.ettoday.net/news/20191219/1604212.htm?from=pctaglist 
https://www.ettoday.net/news/20200127/1630458.htm?from=pctaglist 
https://www.ettoday.net/news/20200131/1635124.htm?feature=習近平&tab_id=4458
https://www.ettoday.net/news/20200421/1696897.htm?from=pctaglist 
https://www.ettoday.net/news/20200505/1707217.htm
https://www.ettoday.net/news/20200513/1711746.htm?from=pctaglist 
https://www.ettoday.net/news/20200611/1733861.htm
https://www.ettoday.net/news/20200615/1738057.htm?from=pctaglist 
https://www.ettoday.net/news/20200616/1738691.htm?ercamp=sorted_hot_news
https://www.ettoday.net/news/20200616/1738691.htm?ercamp=sorted_hot_news
https://www.ettoday.net/news/tag/FentyBeauty/
https://www.ettoday.net/dalemon/editor-news/234/2
https://www.ettoday.net/dalemon/post/49855
https://www.ettoday.net/news/20180204/1106104.htm?ercamp=sorted_hot_news
https://www.ettoday.net/news/20200611/1735292.htm
https://www.ettoday.net/news/20200612/1736640.htm
https://www.ettoday.net/news/20200617/1739806.htm?ercamp=sorted_hot_news
https://www.ettoday.net/news/tag/親子活動/
http://www.ettoday.net/changeReadType.php?rtype=0&rurl=http%3A%2F%2Fwww.ettoday.net%2Fnews%2F20160122%2F635509.htm%3Ffeature%3Dufo%26tab_id%3D942
https://pets.ettoday.net/https://line.me/R/ti/p/%40rqt2324m
https://www.ettoday.net/news/20170910/1007872.htm?feature=ufo&tab_id=942
https://www.ettoday.net/news/20171027/1040009.htm?from=pctaglist 
https://www.ettoday.net/news/20180408/1142724.htm?feature=尹食堂&tab_id=1413
https://www.ettoday.net/news/20180824/1243317.htm?feature=颱風&tab_id=1269
https://www.ettoday.net/news/20190318/1397946.htm
https://www.ettoday.net/news/20200610/1734216.htm
https://www.ettoday.net/news/20200612/1736214.htm
https://health.ettoday.net/lastnews/4
https://www.ettoday.net/news/20180401/1138905.htm?from=feature
https://www.ettoday.net/news/20181128/1318168.htm
https://www.ettoday.net/news/20191225/1610414.htm
https://www.ettoday.net/news/20200326/1676797.htm
https://www.ettoday.net/news/tag/盧蓁/
https://forum.ettoday.net/search.phtml?keyword=韓國瑜
https://health.ettoday.net/search.phtml?keyword=毛寶貝
https://speed.ettoday.net/news/1602946
https://travel.ettoday.net/article/1199599.htm
https://travel.ettoday.net/article/1726258.htm
https://www.ettoday.net/news/20190608/1462782.htm?from=pctaglist 
https://www.ettoday.net/news/tag/遠雄/
https://health.ettoday.net/news/1443682
https://health.ettoday.net/news/1586435
https://pets.ettoday.net/video/424
https://pets.ettoday.net/video/424
https://speed.ettoday.net/news/1732663
https://travel.ettoday.net/article/1540861.htm
https://travel.ettoday.net/article/1683274.htm
https://www.ettoday.net/dalemon/post/48945
https://www.ettoday.net/news/20190926/1543641.htm?feature=颱風&tab_id=1269
https://www.ettoday.net/news/20200214/1645770.htm?from=pctaglist 
https://www.ettoday.net/news/20200526/1722468.htm
https://www.ettoday.net/news/20200614/1737561.htm
https://www.ettoday.net/news/20200615/1737796.htm
https://www.ettoday.net/news/tag/巴西/
http://www.ettoday.net/dalemon/post/47301
https://www.ettoday.net/news/20180325/1136479.htm
https://www.ettoday.net/news/20200523/1721055.htm?from=pctaglist 
https://www.ettoday.net/news/tag/IS/
https://www.ettoday.net/news/tag/Rayshard Brooks/
https://www.ettoday.net/news/tag/雷峰塔/
https://www.ettoday.net/news/tag/馬路/
https://www.ettoday.net/feature/文金會/2090/7
https://www.ettoday.net/news/20180316/1131654.htm?from=feature
https://www.ettoday.net/news/20180713/1211633.htm?ercamp=sorted_hot_news
https://www.ettoday.net/news/20181220/1336305.htm
https://www.ettoday.net/news/20200208/1640868.htm
https://www.ettoday.net/news/20200313/1667097.htm?from=pctaglist 
https://www.ettoday.net/news/20200611/1735322.htm?from=pctaglist 
https://www.ettoday.net/news/20200616/1739345.htm
https://www.ettoday.net/news/tag/工業/
https://www.ettoday.net/news/20170908/1006949.htm?from=pctaglist 
https://www.ettoday.net/news/20190829/1523533.htm
https://www.ettoday.net/news/20190910/1531798.htm?from=pctaglist 
https://www.ettoday.net/news/20200316/1668904.htm
https://www.ettoday.net/news/20200416/1693268.htm?from=pctaglist 
https://www.ettoday.net/news/20200512/1712566.htm
https://www.ettoday.net/news/20200520/1719043.htm
https://www.ettoday.net/news/20200520/1719043.htm
https://www.ettoday.net/news/20200609/1732673.htm
https://www.ettoday.net/news/20200610/1734455.htm
https://www.ettoday.net/news/20200615/1737924.htm
https://www.ettoday.net/news/tag/保障/
https://forum.ettoday.net/news/1680097
https://forum.ettoday.net/news/1683954
https://pets.ettoday.net/news/1700045
https://www.ettoday.net/dalemon/post/50670
https://www.ettoday.net/dalemon/tag/癱瘓
https://www.ettoday.net/news/20160724/741581.htm?feature=ufo&tab_id=945
https://www.ettoday.net/news/20160724/741581.htm?feature=ufo&tab_id=945
https://www.ettoday.net/news/20200429/1703104.htm?from=pctaglist 
https://www.ettoday.net/news/20200613/1736805.htm?from=pctaglist 
https://www.ettoday.net/news/20200615/1737950.htm?from=pctaglist 
https://www.ettoday.net/news/20200617/1740082.htm?ercamp=sorted_hot_news
https://www.ettoday.net/news/20200617/1740082.htm?ercamp=sorted_hot_news
https://www.ettoday.net/news/tag/亞股/
https://www.ettoday.net/dalemon/tag/微軟
https://www.ettoday.net/news/20181204/1322609.htm
https://www.ettoday.net/news/20191017/1559415.htm?feature=大老闆傳奇-尹衍樑&tab_id=13274
https://www.ettoday.net/news/20200401/1681917.htm
https://www.ettoday.net/news/20200511/1711525.htm
https://www.ettoday.net/news/20200611/1733974.htm
https://www.ettoday.net/news/20200611/1733974.htm
https://www.ettoday.net/news/20200612/1736466.htm?from=pctaglist 
https://www.ettoday.net/news/20200617/1740112.htm?ercamp=sorted_hot_news
https://www.ettoday.net/news/tag/癡漢/
https://www.ettoday.net/news/tag/發監/
https://forum.ettoday.net/news/1732190
https://forum.ettoday.net/news/1732190
https://www.ettoday.net/https://t.co/zvMqqpfV21
https://www.ettoday.net/news/20180529/1179715.htm
https://www.ettoday.net/news/20181209/1325835.htm?from=pctaglist 
https://www.ettoday.net/news/20191216/1603433.htm?from=pctaglist 
https://www.ettoday.net/news/20200602/1727837.htm
https://www.ettoday.net/news/20200602/1727837.htm
https://www.ettoday.net/news/20200615/1738285.htm
https://www.ettoday.net/news/tag/ET行動法庭/
https://www.ettoday.net/news/tag/儲匯處/
https://www.ettoday.net/news/tag/凝霜/
https://www.ettoday.net/news/tag/梁祝/
https://forum.ettoday.net/news/1733359
https://health.ettoday.net/news/1724856
https://www.ettoday.net/dalemon/tag/海賊王/2
https://www.ettoday.net/news/20191126/1588009.htm?from=pctaglist 
https://www.ettoday.net/news/20191226/1611303.htm?from=pctaglist 
https://www.ettoday.net/news/20200608/1732937.htm?from=pctaglist 
https://www.ettoday.net/news/20200608/1733049.htm?from=pctaglist 
https://www.ettoday.net/news/20200617/1740350.htm?ercamp=sorted_hot_news
https://www.ettoday.net/news/tag/受降紀念坊/
https://www.ettoday.net/news/tag/流浪狗/
https://health.ettoday.net/news/1406073
https://www.ettoday.net/dalemon/editor-news/156/2
https://www.ettoday.net/dalemon/post/50467
https://www.ettoday.net/news/20180427/1159011.htm?from=pctaglist 
https://www.ettoday.net/news/20191203/1593017.htm
https://www.ettoday.net/news/20200425/1699680.htm
https://www.ettoday.net/news/20200426/1698523.htm?from=pctaglist 
https://www.ettoday.net/news/20200430/1704150.htm?from=pctaglist 
https://www.ettoday.net/news/20200508/1709612.htm?from=pctaglist 
https://www.ettoday.net/news/20200525/1721752.htm
https://www.ettoday.net/news/20200617/1740182.htm
https://www.ettoday.net/news/tag/星變美/
https://forum.ettoday.net/search.phtml?keyword=電子煙
https://health.ettoday.net/search.phtml?keyword=照護健康
https://pets.ettoday.net/video/640
https://pets.ettoday.net/video/640
https://travel.ettoday.net/article/1699240.htm
https://travel.ettoday.net/article/1729263.htm
https://www.ettoday.net/news/20191015/1557083.htm?from=pctaglist 
https://www.ettoday.net/news/20191210/1598794.htm?from=pctaglist 
https://www.ettoday.net/news/20200330/1680151.htm
https://www.ettoday.net/news/20200503/1705690.htm?from=pctaglist 
https://www.ettoday.net/news/20200517/1716195.htm
https://www.ettoday.net/news/20200527/1723779.htm?from=pctaglist 
https://www.ettoday.net/news/tag/中央流行疫情指揮中心/
https://health.ettoday.net/news/1727510
https://www.ettoday.net/news/20190331/1395571.htm?from=feature
https://www.ettoday.net/news/20190528/1454651.htm?from=pctaglist 
https://www.ettoday.net/news/20191029/1567441.htm?feature=地震&tab_id=1232
https://www.ettoday.net/news/20191209/1598115.htm?from=pctaglist 
https://www.ettoday.net/news/20200224/1652889.htm?from=feature
https://www.ettoday.net/news/20200422/1697237.htm?from=pctaglist 
https://www.ettoday.net/news/20200611/1735052.htm
https://www.ettoday.net/news/20200613/1736851.htm
https://www.ettoday.net/news/tag/Tokaj/
https://www.ettoday.net/news/tag/南部薪資/
https://www.ettoday.net/news/tag/楊丞琳/
https://www.ettoday.net/news/tag/理財/
https://www.ettoday.net/news/tag/許妙靜/
https://speed.ettoday.net/search.phtml?keyword=新車&page=10
https://www.ettoday.net/news/20190612/1465629.htm?from=pctaglist 
https://www.ettoday.net/news/20190817/1515417.htm?feature=尹食堂&tab_id=1413
https://www.ettoday.net/news/20200303/1658725.htm?from=pctaglist 
https://www.ettoday.net/news/20200513/1713501.htm?from=pctaglist 
https://www.ettoday.net/news/20200604/1729821.htm
https://www.ettoday.net/news/20200606/1729256.htm
https://www.ettoday.net/news/20200616/1739008.htm?from=pctaglist 
https://www.ettoday.net/news/20200616/1739008.htm?from=pctaglist 
https://www.ettoday.net/news/tag/精華/
https://travel.ettoday.net/article/1738735.htm
https://www.ettoday.net/dalemon/editor-news/167/2
https://www.ettoday.net/dalemon/tag/懷孕
https://www.ettoday.net/news/20190419/1426054.htm?from=pctaglist 
https://www.ettoday.net/news/20200617/1739963.htm
https://www.ettoday.net/news/tag/日環食/
https://www.ettoday.net/news/tag/浪漫醫生金師傅/
http://www.ettoday.net/changeReadType.php?rtype=0&rurl=http%3A%2F%2Fwww.ettoday.net%2Fnews%2F20181112%2F1303855.htm%3Ffeature%3Dufo%26tab_id%3D942
https://speed.ettoday.net/news/1735599
https://speed.ettoday.net/search.phtml?keyword=Volkswagen
https://speed.ettoday.net/search.phtml?keyword=Volkswagen
https://speed.ettoday.net/tag/ETBentley/3
https://www.ettoday.net/news/20190424/1429702.htm?from=pctaglist 
https://www.ettoday.net/news/20200225/1653976.htm
https://www.ettoday.net/news/20200311/1665375.htm?from=pctaglist 
https://www.ettoday.net/news/20200316/1668441.htm
https://www.ettoday.net/news/20200507/1708655.htm
https://www.ettoday.net/news/20200610/1733218.htm
https://www.ettoday.net/news/20200610/1734465.htm
https://www.ettoday.net/news/tag/公器公用/
https://www.ettoday.net/news/tag/女子學/
https://www.ettoday.net/news/tag/水精華/
https://www.ettoday.net/news/tag/金牌救援/
https://forum.ettoday.net/news/1729252
https://health.ettoday.net/news/1516206
https://health.ettoday.net/search.phtml?keyword=微創導管清除血栓
https://www.ettoday.net/dalemon/post/50711
https://www.ettoday.net/news/20190906/1530067.htm?from=pctaglist 
https://www.ettoday.net/news/20200124/1632341.htm?from=pctaglist 
https://www.ettoday.net/news/20200317/1669896.htm
https://www.ettoday.net/news/20200317/1669896.htm
https://www.ettoday.net/news/20200524/1721417.htm?from=pctaglist 
https://www.ettoday.net/news/20200605/1730701.htm
https://www.ettoday.net/news/20200609/1733390.htm?from=pctaglist 
https://www.ettoday.net/news/tag/坂本勇人/
https://www.ettoday.net/news/tag/臨時會/
https://forum.ettoday.net/news/1592721
https://travel.ettoday.net/article/1695106.htm
https://www.ettoday.net/news/20181009/1277754.htm?feature=ufo&tab_id=940
https://www.ettoday.net/news/20190506/1434115.htm?from=pctaglist 
https://www.ettoday.net/news/20190717/1491625.htm
https://www.ettoday.net/news/20200401/1682205.htm
https://www.ettoday.net/news/20200524/1721494.htm
https://health.ettoday.net/news/1736714
https://travel.ettoday.net/category/台北美食/?&page=4
https://www.ettoday.net/feature/index/0/14
https://www.ettoday.net/news/20190630/1478664.htm
https://www.ettoday.net/news/20200405/1684418.htm
https://www.ettoday.net/news/20200420/1695598.htm
https://www.ettoday.net/news/20200422/1697601.htm?from=pctaglist 
https://www.ettoday.net/news/20200511/1711358.htm
https://www.ettoday.net/news/20200612/1736156.htm
https://www.ettoday.net/news/20200616/1739330.htm
https://www.ettoday.net/news/tag/數位帳戶/
https://www.ettoday.net/news/tag/董瑞斌/
https://health.ettoday.net/news/1734580
https://www.ettoday.net/dalemon/latest-news/
https://www.ettoday.net/dalemon/post/49554
https://www.ettoday.net/dalemon/tag/奇聞
https://www.ettoday.net/dalemon/tag/奇聞
https://www.ettoday.net/news/20170106/842676.htm?from=pctaglist 
https://www.ettoday.net/news/20180914/1259089.htm?feature=ufo&tab_id=939
https://www.ettoday.net/news/20181126/1316144.htm
https://www.ettoday.net/news/20200428/1701619.htm
https://www.ettoday.net/news/tag/刑法/
https://www.ettoday.net/news/tag/吳火獅/
https://www.ettoday.net/news/tag/薩斯卡酒莊/
https://www.ettoday.net/news/tag/閃亮亮/
https://forum.ettoday.net/search.phtml?keyword=警眷
https://health.ettoday.net/news/1729055
https://www.ettoday.net/changeReadType.php?rtype=0&rurl=https%3A%2F%2Fforum.ettoday.net%2Fsearch.phtml%3Fkeyword%3D%E6%B3%95%E5%BE%8B
https://www.ettoday.net/dalemon/post/48515
https://www.ettoday.net/news/20181107/1299553.htm
https://www.ettoday.net/news/20181212/1329119.htm
https://www.ettoday.net/news/20191031/1569810.htm
https://www.ettoday.net/news/20200611/1735277.htm?from=pctaglist 
https://www.ettoday.net/news/20200614/1737571.htm
https://www.ettoday.net/news/20200617/1739725.htm
https://www.ettoday.net/news/tag/國民法官/
https://discovery.ettoday.net/tag/常春月刊
https://forum.ettoday.net/search.phtml?keyword=交通政策
https://travel.ettoday.net/article/1683854.htm
https://travel.ettoday.net/search.php?keywords=新加坡賽馬俱樂部
https://www.ettoday.net/dalemon/post/50098
https://www.ettoday.net/news/20180207/1109103.htm?feature=地震&tab_id=1496
https://www.ettoday.net/news/20181120/1311283.htm
https://www.ettoday.net/news/20181130/1319459.htm?feature=ufo&tab_id=938
https://www.ettoday.net/news/20191130/1591237.htm?from=pctaglist 
https://www.ettoday.net/news/20200425/1699400.htm
https://www.ettoday.net/news/20200610/1734156.htm?from=pctaglist 
https://www.ettoday.net/news/20200613/1737171.htm?from=pctaglist 
https://www.ettoday.net/news/20200615/1738200.htm
https://www.ettoday.net/news/20200615/1738200.htm
https://www.ettoday.net/news/tag/許厝寮安檢所/
https://www.ettoday.net/dalemon/post/46705
https://www.ettoday.net/dalemon/post/50655
https://www.ettoday.net/news/20170902/1002594.htm?feature=ufo&tab_id=942
https://www.ettoday.net/news/20180914/1259069.htm?feature=ufo&tab_id=939
https://www.ettoday.net/news/20191228/1612411.htm?feature=2020世界新車大展&tab_id=14307
https://www.ettoday.net/news/20191231/1614309.htm?from=pctaglist 
https://www.ettoday.net/news/20200209/1641441.htm
https://www.ettoday.net/news/20200615/1737858.htm?from=pctaglist 
https://www.ettoday.net/news/20200617/1739814.htm?from=pctaglist 
https://www.ettoday.net/news/tag/認領/
https://forum.ettoday.net/news/1724251
https://house.ettoday.net/search.php?keywords=搶標
https://www.ettoday.net/dalemon/post/49978
https://www.ettoday.net/news/20180611/1188744.htm?ercamp=sorted_hot_news
https://www.ettoday.net/news/20181223/1338046.htm?from=pctaglist 
https://www.ettoday.net/news/20200205/1638804.htm?from=pctaglist 
https://www.ettoday.net/news/20200520/1718932.htm?from=pctaglist 
https://www.ettoday.net/news/20200613/1736260.htm
https://www.ettoday.net/news/20200614/1736271.htm
https://www.ettoday.net/news/tag/乘客/
https://www.ettoday.net/news/tag/公然侮辱/
https://www.ettoday.net/news/tag/黑毛屋/
https://pets.ettoday.net/video/113
https://pets.ettoday.net/video/113
https://www.ettoday.net/dalemon/post/50577
https://www.ettoday.net/news/20160304/657093.htm?feature=ufo&tab_id=944
https://www.ettoday.net/news/20181210/1327125.htm?from=pctaglist 
https://www.ettoday.net/news/20191128/1589666.htm?from=pctaglist 
https://www.ettoday.net/news/20191128/1590129.htm
https://www.ettoday.net/news/20200306/1661316.htm
https://www.ettoday.net/news/20200504/1706360.htm?from=pctaglist 
https://www.ettoday.net/news/20200520/1718450.htm?from=pctaglist 
https://www.ettoday.net/news/20200520/1718505.htm?from=pctaglist 
https://www.ettoday.net/news/20200607/1732166.htm
https://www.ettoday.net/news/20200614/1737449.htm
https://www.ettoday.net/news/tag/屍速列車/
https://travel.ettoday.net/article/1341122.htm
https://www.ettoday.net/news/20180116/1093701.htm
https://www.ettoday.net/news/20190610/1464196.htm
https://www.ettoday.net/news/20191019/1560477.htm?from=pctaglist 
https://www.ettoday.net/news/20200311/1665299.htm?feature=尹食堂&tab_id=1413
https://www.ettoday.net/news/20200605/1730376.htm
https://www.ettoday.net/news/20200616/1738958.htm
https://www.ettoday.net/news/20200616/1739106.htm?from=pctaglist 
https://www.ettoday.net/news/tag/閃電霹靂車/
http://www.ettoday.net/changeReadType.php?rtype=0&rurl=http%3A%2F%2Fwww.ettoday.net%2Ffeature%2F%E5%9C%B0%E9%9C%87%2F1232%2F7
https://travel.ettoday.net/focus/優惠快訊/?&page=2
https://www.ettoday.net/changeReadType.php?rtype=0&rurl=https%3A%2F%2Fhealth.ettoday.net%2Fcategory_tag%2F%E5%A4%B1%E6%99%BA%E6%B5%B7%E5%98%AF%E4%BE%86%E8%A5%B2
https://www.ettoday.net/news/20190223/1385199.htm?feature=2019年南投燈會&tab_id=9666
https://www.ettoday.net/news/20200608/1729683.htm
https://www.ettoday.net/news/20200615/1738289.htm?from=pctaglist 
https://www.ettoday.net/news/tag/4缸/
https://forum.ettoday.net/news/1680567
https://forum.ettoday.net/newslist/681/1
https://www.ettoday.net/dalemon/post/50608
https://www.ettoday.net/news/20191231/1614705.htm?feature=2020世界新車大展&tab_id=14307
https://www.ettoday.net/news/tag/落海意外/
https://health.ettoday.net/news/1726752
https://travel.ettoday.net/article/1258694.htm
https://www.ettoday.net/dalemon/post/22633
https://www.ettoday.net/news/20160520/701714.htm?feature=ufo&tab_id=944
https://www.ettoday.net/news/20190214/1377775.htm?feature=2019年南投燈會&tab_id=9666
https://www.ettoday.net/news/20200209/1640495.htm?from=pctaglist 
https://www.ettoday.net/news/20200219/1649416.htm?from=pctaglist 
https://www.ettoday.net/news/20200303/1658105.htm?from=pctaglist 
https://www.ettoday.net/news/20200310/1663731.htm?from=pctaglist 
https://www.ettoday.net/news/20200416/1692673.htm
https://www.ettoday.net/news/20200513/1713108.htm
https://www.ettoday.net/news/tag/濕敷/
https://forum.ettoday.net/news/1713004
https://forum.ettoday.net/news/1713004
https://pets.ettoday.net/video/495
https://pets.ettoday.net/video/495
https://www.ettoday.net/dalemon/editor-news/272
https://www.ettoday.net/dalemon/editor-news/272
https://www.ettoday.net/https://www.fundesign.tv/bord-architectural-studio/
https://www.ettoday.net/news/20180506/1164062.htm?feature=ufo&tab_id=941
https://www.ettoday.net/news/20191203/1593109.htm?from=pctaglist 
https://www.ettoday.net/news/20200416/1693433.htm?from=pctaglist 
https://www.ettoday.net/news/20200519/1717572.htm
https://www.ettoday.net/news/20200612/1736420.htm?ercamp=sorted_hot_news
https://www.ettoday.net/news/20200614/1735714.htm?from=pctaglist 
https://www.ettoday.net/news/tag/戴鴻銘/
https://www.ettoday.net/news/tag/福斯/
https://www.ettoday.net/news/tag/總裁/
https://www.ettoday.net/dalemon/post/47980
https://www.ettoday.net/dalemon/tag/彩虹卡
https://www.ettoday.net/news/20191102/1570970.htm?from=pctaglist 
https://www.ettoday.net/news/20200111/1623061.htm?from=pctaglist 
https://www.ettoday.net/news/20200608/1733091.htm
https://www.ettoday.net/news/20200612/1736112.htm
https://www.ettoday.net/news/tag/caramelgreen/
https://www.ettoday.net/news/tag/天氣女孩/
https://health.ettoday.net/search.phtml?keyword=運動飲料
https://speed.ettoday.net/news/1707594
https://www.ettoday.net/dalemon/post/47739
https://www.ettoday.net/news/20180524/1176182.htm
https://www.ettoday.net/news/20200516/1715890.htm?from=pctaglist 
https://www.ettoday.net/news/tag/特斯拉/
https://www.ettoday.net/news/tag/解放軍/
https://speed.ettoday.net/search.phtml?keyword=Ranger
https://www.ettoday.net/changeReadType.php?rtype=0&rurl=https%3A%2F%2Fhealth.ettoday.net%2Fcategory_tag%2F%E7%8B%97%E5%81%A5%E5%BA%B7%2F6
https://www.ettoday.net/dalemon/tag/靈異/4
https://www.ettoday.net/news/20170911/1008275.htm?from=pctaglist 
https://www.ettoday.net/news/20180108/1088348.htm
https://www.ettoday.net/news/20181106/1297264.htm
https://www.ettoday.net/news/20191125/1587559.htm
https://www.ettoday.net/news/20200211/1643193.htm?from=pctaglist 
https://www.ettoday.net/news/20200601/1726350.htm?from=pctaglist 
https://www.ettoday.net/news/20200610/1734243.htm
https://www.ettoday.net/news/tag/ SEVENTEEN/
https://www.ettoday.net/news/tag/梨泰院夜店/
https://www.ettoday.net/news/tag/綜藝大熱門/
https://discovery.ettoday.net/tag/Hello醫師
https://forum.ettoday.net/search.phtml?keyword=國際軍武
https://health.ettoday.net/search.phtml?keyword=纖維&page=2
https://www.ettoday.net/news/20160730/744891.htm?feature=ufo&tab_id=944
https://www.ettoday.net/news/20191202/1591617.htm
https://www.ettoday.net/news/20200418/1694377.htm?from=pctaglist 
https://www.ettoday.net/news/20200507/1709262.htm?from=pctaglist 
https://www.ettoday.net/news/20200615/1738124.htm
https://www.ettoday.net/news/20200617/1740302.htm?ercamp=sorted_hot_news
https://www.ettoday.net/news/tag/中古屋/
https://www.ettoday.net/news/tag/法扶法/
https://www.ettoday.net/news/tag/王令麟/
https://www.ettoday.net/news/tag/百女圖/
https://forum.ettoday.net/search.phtml?keyword=代理市長
https://speed.ettoday.net/news/1697555?from=fb_extd
https://www.ettoday.net/news/20170206/861588.htm?ercamp=sorted_hot_news
https://www.ettoday.net/news/20190613/1466261.htm
https://www.ettoday.net/news/20200112/1623792.htm
https://www.ettoday.net/news/20200329/1679422.htm?from=pctaglist 
https://www.ettoday.net/news/20200616/1739206.htm?ercamp=sorted_hot_news
https://www.ettoday.net/news/tag/陳明澤/
http://travel.ettoday.net/article/1739052.htm
http://travel.ettoday.net/article/1739052.htm
https://forum.ettoday.net/search.phtml?keyword=法律&page=8
https://pets.ettoday.net/video/125/219005?&page=1
https://pets.ettoday.net/video/125/219005?&page=1
https://www.ettoday.net/feature/Televisionopen
https://www.ettoday.net/news/20180824/1243394.htm?feature=颱風&tab_id=1269
https://www.ettoday.net/news/20200407/1686021.htm?from=pctaglist 
https://www.ettoday.net/news/tag/ 醫生/
https://www.ettoday.net/news/tag/索尼/
https://www.ettoday.net/feature/%E6%96%87%E5%9C%A8%E5%AF%85
https://www.ettoday.net/news/20160223/652112.htm?from=pctaglist 
https://www.ettoday.net/news/20181015/1281648.htm?from=feature
https://www.ettoday.net/news/20190531/1457533.htm?from=pctaglist 
https://www.ettoday.net/news/20190609/1463743.htm
https://www.ettoday.net/news/tag/日本料理/
https://www.ettoday.net/news/tag/畢業生遭竊/
https://www.ettoday.net/news/tag/議會/
https://www.ettoday.net/news/tag/除罪化/
https://www.ettoday.net/news/tag/雙十連假/
http://www.ettoday.net/dalemon/post/47982
https://speed.ettoday.net/search.phtml?keyword=豐田&page=38
https://travel.ettoday.net/search.php?keywords=美濃泰涼
https://www.ettoday.net/dalemon/tag/剖腹產
https://www.ettoday.net/news/20180918/1261701.htm
https://www.ettoday.net/news/20190719/1493611.htm?from=pctaglist 
https://www.ettoday.net/news/20191126/1588522.htm
https://www.ettoday.net/news/20200528/1724559.htm?from=pctaglist 
https://www.ettoday.net/news/20200617/1739878.htm
https://www.ettoday.net/news/20200617/1739878.htm
https://www.ettoday.net/news/tag/代言/
https://forum.ettoday.net/search.phtml?keyword=王時齊
https://health.ettoday.net/news/1733492
https://health.ettoday.net/news/1736681
https://www.ettoday.net/dalemon/post/42159
https://www.ettoday.net/dalemon/tag/高齡
https://www.ettoday.net/news/20200313/1666932.htm?from=pctaglist 
https://www.ettoday.net/news/20200526/1722494.htm?from=pctaglist 
https://www.ettoday.net/news/20200616/1738489.htm
https://www.ettoday.net/news/tag/IFRS 17/
https://www.ettoday.net/news/tag/視力/
http://discovery.ettoday.net/http://healthylives.tw/Article/zECKSiFT7Np.html?uid=2208
https://house.ettoday.net/news/1375625
https://www.ettoday.net/dalemon/post/47122
https://www.ettoday.net/dalemon/post/6350
https://www.ettoday.net/news/20170903/1003103.htm?feature=ufo&tab_id=939
https://www.ettoday.net/news/20200521/1719570.htm
https://www.ettoday.net/news/20200610/1734553.htm
https://www.ettoday.net/news/20200616/1739049.htm
https://www.ettoday.net/news/tag/尾隨/
https://www.ettoday.net/dalemon/editor-news/259
https://www.ettoday.net/feature/2020世界新車大展/14308?tt=專題報導
https://www.ettoday.net/news/20191020/1560923.htm?from=pctaglist 
https://www.ettoday.net/news/20191118/1582338.htm
https://www.ettoday.net/news/20200102/1616294.htm?feature=2020世界新車大展&tab_id=14307
https://www.ettoday.net/news/20200523/1721021.htm
https://www.ettoday.net/news/tag/美軍/
https://pets.ettoday.net/video/125/219086?&page=1
https://pets.ettoday.net/video/125/219086?&page=1
https://speed.ettoday.net/focus/國內車市/2
https://www.ettoday.net/news/20190412/1421117.htm
https://www.ettoday.net/news/20190927/1544268.htm?feature=大老闆傳奇-尹衍樑&tab_id=13274
https://www.ettoday.net/news/20200108/1620287.htm?from=pctaglist 
https://www.ettoday.net/news/20200529/1725668.htm
https://www.ettoday.net/news/20200606/1731900.htm
https://www.ettoday.net/news/20200607/1732198.htm
https://www.ettoday.net/news/20200615/1737795.htm
https://health.ettoday.net/news/1735258
https://speed.ettoday.net/news/1728117?from=fb_extd
https://www.ettoday.net/dalemon/editor-news/167/3
https://www.ettoday.net/dalemon/post/50637
https://www.ettoday.net/dalemon/post/50688
https://www.ettoday.net/news/20171006/1026194.htm
https://www.ettoday.net/news/20181207/1325024.htm?from=pctaglist 
https://www.ettoday.net/news/20200423/1698694.htm?from=pctaglist 
https://www.ettoday.net/news/20200613/1737101.htm
https://www.ettoday.net/news/20200616/1738550.htm?from=pctaglist 
https://www.ettoday.net/news/tag/ProPilot/
https://www.ettoday.net/news/tag/兆豐金公版/
https://www.ettoday.net/news/tag/技巧/
https://www.ettoday.net/news/tag/王品/
https://www.ettoday.net/news/tag/第四岸巡隊/
http://www.ettoday.net/dalemon/post/12033
https://www.ettoday.net/dalemon/editor-news/142/5
https://www.ettoday.net/dalemon/editor-news/142/5
https://www.ettoday.net/dalemon/post/48840
https://www.ettoday.net/news/20180207/1109139.htm?feature=地震&tab_id=1496
https://www.ettoday.net/news/20181007/1275637.htm?feature=ufo&tab_id=940
https://www.ettoday.net/news/20181031/1294571.htm?from=pctaglist 
https://www.ettoday.net/news/20190322/1404692.htm
https://www.ettoday.net/news/20191126/1588715.htm
https://www.ettoday.net/news/20200203/1636732.htm
https://www.ettoday.net/news/20200224/1652918.htm?from=pctaglist 
https://www.ettoday.net/news/20200324/1675007.htm
https://www.ettoday.net/news/20200523/1720866.htm
https://www.ettoday.net/news/20200527/1722913.htm
https://www.ettoday.net/news/20200604/1729972.htm
https://www.ettoday.net/news/20200616/1738714.htm
https://www.ettoday.net/news/20200616/1738714.htm
https://www.ettoday.net/news/tag/凱悅/
https://pets.ettoday.net/video/523
https://pets.ettoday.net/video/523
https://www.ettoday.net/news/20191124/1586776.htm
https://www.ettoday.net/news/20191128/1589871.htm
https://www.ettoday.net/news/tag/ETCzinger/
https://www.ettoday.net/news/tag/總太地產/
http://discovery.ettoday.net/http://healthylives.tw/Article/UfSEwqq4it7.html?uid=2208
http://www.ettoday.net/http://t.xingbar.com
https://www.ettoday.net/news/20150507/503198.htm?feature=ufo&tab_id=944
https://www.ettoday.net/news/20180916/1259815.htm
https://www.ettoday.net/news/20190830/1525044.htm
https://www.ettoday.net/news/20190830/1525044.htm
https://www.ettoday.net/news/20191002/1547898.htm?from=pctaglist 
https://www.ettoday.net/news/20200606/1731780.htm?from=pctaglist 
https://www.ettoday.net/news/20200608/1732531.htm
https://www.ettoday.net/news/tag/智遠老師/
http://www.ettoday.net/changeReadType.php?rtype=0&rurl=http%3A%2F%2Fwww.ettoday.net%2Fnews%2F20200606%2F1731864.htm%3Ffeature%3D%E6%88%B4%E8%B3%87%E7%A9%8E%26tab_id%3D1236
https://www.ettoday.net/news/20170605/938806.htm?from=pctaglist 
https://www.ettoday.net/news/20181005/1274345.htm?from=pctaglist 
https://www.ettoday.net/news/20181211/1328209.htm
https://www.ettoday.net/news/20191206/1596095.htm?from=pctaglist 
https://www.ettoday.net/news/20200417/1693504.htm
https://www.ettoday.net/news/20200521/1719150.htm?from=pctaglist 
https://www.ettoday.net/news/20200523/1720987.htm
https://www.ettoday.net/news/20200609/1733694.htm?feature=金正恩&tab_id=1597
https://www.ettoday.net/news/20200613/1734679.htm
https://www.ettoday.net/news/20200617/1740001.htm?ercamp=sorted_hot_news
https://www.ettoday.net/news/tag/李寶英/
https://www.ettoday.net/news/tag/都市森河畔/
https://forum.ettoday.net/search.phtml?keyword=雲論李復甸
https://travel.ettoday.net/article/1163279.htm
https://www.ettoday.net/news/20191112/1578145.htm
https://www.ettoday.net/news/20200610/1734219.htm?from=pctaglist 
https://www.ettoday.net/news/tag/姓名有「龜」字可免費登龜山島/
https://www.ettoday.net/news/tag/小撇步/
http://www.ettoday.net/changeReadType.php?rtype=0&rurl=http%3A%2F%2Fwww.ettoday.net%2Fnews%2F20200225%2F1653974.htm%3Ffeature%3D%E5%9C%B0%E9%9C%87%26tab_id%3D1232
https://www.ettoday.net/feature/習近平/4458/
https://www.ettoday.net/news/20161122/816047.htm?from=pctaglist 
https://www.ettoday.net/news/20200119/1629039.htm
https://www.ettoday.net/news/tag/EPS/
https://www.ettoday.net/news/tag/自由行/
https://www.ettoday.net/news/tag/越野車/
https://speed.ettoday.net/search.phtml?keyword=豐田&page=7
https://www.ettoday.net/news/20170208/863053.htm?from=pctaglist 
https://www.ettoday.net/news/20180314/1130110.htm
https://www.ettoday.net/news/20190315/1400510.htm
https://www.ettoday.net/news/20200516/1715576.htm?from=pctaglist 
https://www.ettoday.net/news/20200530/1726381.htm
https://www.ettoday.net/news/20200616/1739321.htm?from=pctaglist 
https://www.ettoday.net/news/tag/綠島/
https://forum.ettoday.net/news/1391666
https://forum.ettoday.net/search.phtml?keyword=機智牢房生活
https://www.ettoday.net/news/20180207/1109247.htm?feature=地震&tab_id=1496
https://www.ettoday.net/news/20191009/1553355.htm?from=pctaglist 
https://www.ettoday.net/news/20191225/1609894.htm?from=pctaglist 
https://www.ettoday.net/news/20200607/1732029.htm
https://www.ettoday.net/news/20200609/1733490.htm?from=pctaglist 
https://www.ettoday.net/news/tag/朴炯植/
https://health.ettoday.net/news/1571219
https://health.ettoday.net/news/671494
https://pets.ettoday.net/video/125/219006?&page=1
https://pets.ettoday.net/video/125/219006?&page=1
https://www.ettoday.net/dalemon/post/38718
https://www.ettoday.net/news/20160817/757373.htm?from=pctaglist 
https://www.ettoday.net/news/20190925/1543156.htm?from=pctaglist 
https://www.ettoday.net/news/20191020/1560995.htm
https://www.ettoday.net/news/20191115/1580901.htm
https://www.ettoday.net/news/20200118/1628552.htm?feature=習近平&tab_id=4458
https://www.ettoday.net/news/20200612/1736699.htm
https://health.ettoday.net/news/1572328
https://health.ettoday.net/search.phtml?keyword=獅子
https://speed.ettoday.net/news/1727247?from=fb_extd
https://speed.ettoday.net/search.phtml?keyword=Lexus
https://speed.ettoday.net/search.phtml?keyword=Lexus
https://www.ettoday.net/dalemon/post/38384
https://www.ettoday.net/dalemon/tag/靈異/10
https://www.ettoday.net/news/20190706/1483467.htm?feature=ufo&tab_id=945
https://www.ettoday.net/news/20200419/1694454.htm?from=pctaglist 
https://www.ettoday.net/news/20200513/1713003.htm?from=pctaglist 
http://www.ettoday.net/changeReadType.php?rtype=0&rurl=http%3A%2F%2Fwww.ettoday.net%2Fnews%2F20200219%2F1649534.htm%3Ffeature%3D%E5%9C%B0%E9%9C%87%26tab_id%3D1232
https://forum.ettoday.net/news/1733441
https://health.ettoday.net/search.phtml?keyword=布麗塔妮．威廉姆斯
https://speed.ettoday.net/search.phtml?keyword=CR-V&page=7
https://www.ettoday.net/news/20200319/1671276.htm
https://www.ettoday.net/news/20200324/1675031.htm
https://www.ettoday.net/news/20200513/1713286.htm?from=pctaglist 
https://www.ettoday.net/news/20200611/1735405.htm
https://health.ettoday.net/news/1738772
https://www.ettoday.net/news/20190906/1530188.htm
https://www.ettoday.net/news/20190906/1530188.htm
https://www.ettoday.net/news/20200614/1737730.htm
https://www.ettoday.net/news/tag/Mustang/
https://travel.ettoday.net/article/1442396.htm
https://travel.ettoday.net/category/日本料理/?&page=10
https://www.ettoday.net/changeReadType.php?rtype=0&rurl=https%3A%2F%2Fhealth.ettoday.net%2Fcategory_tag%2F%E7%8B%97%E5%81%A5%E5%BA%B7%2F8
https://www.ettoday.net/news/20190921/1540085.htm?from=pctaglist 
https://www.ettoday.net/news/20200108/1620187.htm?from=feature
https://www.ettoday.net/news/20200208/1640812.htm
https://www.ettoday.net/news/20200615/1738096.htm?from=pctaglist 
https://www.ettoday.net/news/tag/空軍/
https://www.ettoday.net/news/tag/野球留學/
https://www.ettoday.net/news/tag/野球留學/
https://forum.ettoday.net/search.phtml?keyword=黃大米
https://speed.ettoday.net/search.phtml?keyword=一次性
https://www.ettoday.net/dalemon/post/50595
https://www.ettoday.net/dalemon/post/50621
https://www.ettoday.net/news/20180204/1107101.htm?feature=尹食堂&tab_id=1413
https://www.ettoday.net/news/20181026/1291200.htm
https://www.ettoday.net/news/20191123/1586573.htm?from=pctaglist 
https://www.ettoday.net/news/20200212/1644047.htm
https://www.ettoday.net/news/20200330/1679874.htm?from=pctaglist 
https://www.ettoday.net/news/20200501/1702100.htm?from=pctaglist 
https://www.ettoday.net/news/20200613/1735328.htm
https://www.ettoday.net/news/20200616/1739034.htm?from=pctaglist 
https://www.ettoday.net/news/tag/尹食堂/
https://www.ettoday.net/news/tag/潘文忠/
http://www.ettoday.net/dalemon/post/47145
https://health.ettoday.net/column/news/沈政男
https://health.ettoday.net/news/1010213
https://health.ettoday.net/news/668083
https://travel.ettoday.net/search.php?keywords=白馬市
https://www.ettoday.net/dalemon/tag/假面/3
https://www.ettoday.net/dalemon/tag/假面/3
https://www.ettoday.net/dalemon/tag/靈機/6
https://www.ettoday.net/feature/陽明山彩虹季/8604?tt=陽明山這樣吃
https://www.ettoday.net/news/20181010/1277677.htm?feature=ufo&tab_id=940
https://www.ettoday.net/news/20181213/1329494.htm
https://www.ettoday.net/news/20190429/1432933.htm
https://www.ettoday.net/news/20190717/1491801.htm?feature=ufo&tab_id=940
https://www.ettoday.net/news/20200119/1628582.htm?feature=習近平&tab_id=4458
https://www.ettoday.net/news/20200528/1724859.htm?from=pctaglist 
http://www.ettoday.net/changeReadType.php?rtype=0&rurl=http%3A%2F%2Fwww.ettoday.net%2Fnews%2F20181228%2F1342831.htm%3Ffeature%3Dufo%26tab_id%3D939
https://pets.ettoday.net/news/1739535
https://speed.ettoday.net/search.phtml?keyword=大安營業所
https://travel.ettoday.net/article/1302997.htm
https://travel.ettoday.net/article/1560665.htm
https://www.ettoday.net/dalemon/post/47032
https://www.ettoday.net/dalemon/tag/米什科爾茨
https://www.ettoday.net/news/20160426/687492.htm?from=pctaglist 
https://www.ettoday.net/news/20170418/906011.htm
https://www.ettoday.net/news/20171030/1041724.htm?feature=ufo&tab_id=939
https://www.ettoday.net/news/20200511/1711308.htm?from=pctaglist 
https://www.ettoday.net/news/tag/司改/
https://forum.ettoday.net/news/1628527
https://forum.ettoday.net/search.phtml?keyword=柯文哲
https://health.ettoday.net/news/1272298
https://www.ettoday.net/news/20160407/675960.htm
https://www.ettoday.net/news/20181209/1326406.htm?feature=ufo&tab_id=944
https://www.ettoday.net/news/20200113/1624405.htm
https://www.ettoday.net/news/20200320/1672439.htm
https://www.ettoday.net/news/20200417/1693970.htm?from=pctaglist 
https://www.ettoday.net/news/20200519/1718090.htm?from=pctaglist 
https://www.ettoday.net/news/20200520/1718337.htm?from=pctaglist 
https://www.ettoday.net/news/20200603/1729484.htm
https://www.ettoday.net/news/tag/Cofit營養團/
https://www.ettoday.net/news/tag/湖南/
https://www.ettoday.net/news/tag/開發潛能/
https://forum.ettoday.net/news/1142042
https://health.ettoday.net/news/1736680
https://www.ettoday.net/news/20180328/1139140.htm?from=feature
https://www.ettoday.net/news/20200228/1656350.htm
https://www.ettoday.net/news/20200529/1725722.htm?from=pctaglist 
https://www.ettoday.net/news/20200531/1726099.htm?from=pctaglist 
https://www.ettoday.net/news/20200617/1740195.htm
https://www.ettoday.net/news/20200617/1740236.htm?ercamp=hot_news
https://www.ettoday.net/news/tag/林佳龍/
https://www.ettoday.net/news/tag/美洲野牛/
https://health.ettoday.net/search.phtml?keyword=勝訴
https://www.ettoday.net/news/20190220/1381903.htm?feature=2019年南投燈會&tab_id=9666
https://www.ettoday.net/news/20190716/1491659.htm
https://www.ettoday.net/news/20200430/1703427.htm
https://www.ettoday.net/news/20200513/1713072.htm
https://www.ettoday.net/news/20200617/1739997.htm?ercamp=sorted_hot_news
https://www.ettoday.net/news/20200617/1740082.htm?from=pctaglist 
https://www.ettoday.net/news/tag/異國/
https://www.ettoday.net/news/tag/眼周/
https://house.ettoday.net/news/1729726
https://www.ettoday.net/news/20190925/1543123.htm
https://www.ettoday.net/news/20191104/1571888.htm?from=pctaglist 
https://www.ettoday.net/news/20191203/1593727.htm
https://www.ettoday.net/news/20191205/1595387.htm
https://www.ettoday.net/news/20200129/1618927.htm?feature=聲林之王&tab_id=4741
https://www.ettoday.net/news/20200130/1634432.htm?from=pctaglist 
https://www.ettoday.net/news/20200614/1737384.htm
https://www.ettoday.net/news/20200615/1738174.htm
https://www.ettoday.net/news/tag/5月展望/
https://www.ettoday.net/news/tag/法務部/
http://www.ettoday.net/changeReadType.php?rtype=0&rurl=http%3A%2F%2Fwww.ettoday.net%2Ffeature%2Fufo%2F944%2F5
https://health.ettoday.net/news/1230796
https://health.ettoday.net/news/1230796
https://health.ettoday.net/news/1614017
https://www.ettoday.net/news/tag/王瞳/
https://travel.ettoday.net/article/1388244.htm
https://www.ettoday.net/dalemon/post/47050
https://www.ettoday.net/news/20181031/1294918.htm?feature=ufo&tab_id=942
https://www.ettoday.net/news/20190127/1367027.htm?feature=ufo&tab_id=944
https://www.ettoday.net/news/20191115/1580770.htm?from=pctaglist 
https://www.ettoday.net/news/20200120/1629373.htm?from=pctaglist 
https://www.ettoday.net/news/20200223/1652255.htm?from=pctaglist 
https://www.ettoday.net/news/20200416/1693442.htm
https://www.ettoday.net/news/20200512/1712523.htm?from=pctaglist 
https://www.ettoday.net/news/20200605/1730608.htm
https://www.ettoday.net/news/20200605/1731003.htm?from=pctaglist 
https://www.ettoday.net/news/20200609/1733681.htm?from=pctaglist 
https://www.ettoday.net/news/20200615/1738164.htm
https://www.ettoday.net/news/tag/二手/
https://travel.ettoday.net/category/高雄美食/?&page=2
https://www.ettoday.net/dalemon/post/43229
https://www.ettoday.net/news/20161012/791377.htm?feature=ufo&tab_id=944
https://www.ettoday.net/news/20180529/1179589.htm?feature=%E7%8E%8B%E4%BB%A4%E9%BA%9F&amp;tab_id=14357
https://www.ettoday.net/news/20180529/1179589.htm?feature=%E7%8E%8B%E4%BB%A4%E9%BA%9F&amp;tab_id=14357
https://www.ettoday.net/news/20180930/1269923.htm?feature=ufo&tab_id=944
https://www.ettoday.net/news/20191023/1563324.htm
https://www.ettoday.net/news/20191129/1590890.htm?from=feature
https://www.ettoday.net/news/20200120/1629287.htm?feature=習近平&tab_id=4458
https://www.ettoday.net/news/20200521/1718949.htm?from=pctaglist 
https://www.ettoday.net/news/tag/概念車/
https://speed.ettoday.net/news/1611361
https://travel.ettoday.net/search.php?keywords=Ireneの吃喝玩樂
https://www.ettoday.net/changeReadType.php?rtype=0&rurl=https%3A%2F%2Fhealth.ettoday.net%2Fnews%2F1011941
https://www.ettoday.net/news/20180616/1191926.htm?from=pctaglist 
https://www.ettoday.net/news/20180622/1196650.htm
https://www.ettoday.net/news/20191128/1590019.htm?from=feature
https://www.ettoday.net/news/20191228/1612286.htm?from=pctaglist 
https://www.ettoday.net/news/20200105/1618080.htm
https://www.ettoday.net/news/20200219/1649032.htm?ercamp=sorted_hot_news
https://www.ettoday.net/news/20200524/1721378.htm?from=pctaglist 
https://www.ettoday.net/news/tag/冰塊杯/
https://www.ettoday.net/news/tag/油紙傘博物館/
https://www.ettoday.net/news/tag/連續/
https://forum.ettoday.net/news/1680788
https://health.ettoday.net/search.phtml?keyword=長庚
https://travel.ettoday.net/article/1689127.htm
https://www.ettoday.net/feature/文金會/2090/3
https://www.ettoday.net/news/20180824/1243499.htm?feature=颱風&tab_id=1269
https://www.ettoday.net/news/20190831/1525538.htm
https://www.ettoday.net/news/20200402/1681238.htm?from=pctaglist 
https://www.ettoday.net/news/20200522/1720475.htm
https://www.ettoday.net/news/20200604/1729946.htm
https://www.ettoday.net/news/20200610/1734420.htm
https://www.ettoday.net/news/20200612/1736031.htm
https://www.ettoday.net/news/tag/電池/
https://www.ettoday.net/dalemon/post/49928
https://www.ettoday.net/news/20190612/1465749.htm
https://www.ettoday.net/news/20191019/1560731.htm?from=pctaglist 
https://www.ettoday.net/news/20200430/1703521.htm?from=pctaglist 
https://www.ettoday.net/news/20200603/1719918.htm
https://www.ettoday.net/news/20200606/1729539.htm?from=pctaglist 
https://www.ettoday.net/news/tag/中保科/
https://www.ettoday.net/news/tag/木衛二伊通鑄茶所/
https://travel.ettoday.net/article/1160299.htm
https://www.ettoday.net/feature/mayday
https://www.ettoday.net/news/20191204/1593795.htm?from=pctaglist 
https://www.ettoday.net/news/20200305/1660015.htm?from=pctaglist 
https://www.ettoday.net/news/20200309/1663434.htm?feature=王令麟&tab_id=1016
https://www.ettoday.net/news/20200316/1668653.htm
https://www.ettoday.net/news/tag/國發會/
https://health.ettoday.net/news/1255240
https://house.ettoday.net/news/1738799
https://www.ettoday.net/news/20160701/727205.htm?feature=ufo&tab_id=942
https://www.ettoday.net/news/20191203/1593155.htm?from=pctaglist 
https://www.ettoday.net/news/20200217/1647693.htm
https://www.ettoday.net/news/20200608/1732483.htm
https://www.ettoday.net/news/20200614/1737463.htm?from=pctaglist 
https://www.ettoday.net/news/tag/5G元年/
https://www.ettoday.net/news/tag/T桑/
https://www.ettoday.net/news/tag/上海超級工廠/
https://www.ettoday.net/news/tag/台北旅遊/
https://www.ettoday.net/news/tag/阿斯拉/
https://forum.ettoday.net/search.phtml?keyword=吃麵
https://www.ettoday.net/news/20160304/657284.htm?feature=ufo&tab_id=944
https://www.ettoday.net/news/20170205/860662.htm
https://www.ettoday.net/news/20170902/1002632.htm?feature=ufo&tab_id=942
https://www.ettoday.net/news/20180127/1101742.htm
https://www.ettoday.net/news/20191019/1558709.htm
https://www.ettoday.net/news/20200320/1672164.htm
https://www.ettoday.net/news/20200320/1672164.htm
https://www.ettoday.net/news/20200521/1719181.htm?from=pctaglist 
https://www.ettoday.net/news/20200605/1727410.htm
https://www.ettoday.net/news/20200607/1732330.htm?from=pctaglist 
https://www.ettoday.net/news/20200611/1734071.htm?from=pctaglist 
https://www.ettoday.net/news/tag/ETTesla/
http://www.ettoday.net/dalemon/post/47759
https://health.ettoday.net/search.phtml?keyword=鄭淳予醫師
https://www.ettoday.net/dalemon/editor-news/43
https://www.ettoday.net/dalemon/tag/假面/8
https://www.ettoday.net/dalemon/tag/假面/8
https://www.ettoday.net/dalemon/tag/采實文化
https://www.ettoday.net/news/20181101/1293968.htm?from=feature
https://www.ettoday.net/news/20190619/1470928.htm?from=pctaglist 
https://www.ettoday.net/news/20191104/1571975.htm?from=pctaglist 
https://www.ettoday.net/news/20200606/1729541.htm
https://www.ettoday.net/news/20200617/1740283.htm?ercamp=hot_news
https://www.ettoday.net/news/tag/頭獎/
https://www.ettoday.net/dalemon/post/50594
https://www.ettoday.net/news/20181203/1322022.htm?feature=ufo&tab_id=938
https://www.ettoday.net/news/20190823/1519347.htm?from=pctaglist 
https://www.ettoday.net/news/20200121/1630187.htm
https://www.ettoday.net/news/20200316/1668923.htm
https://www.ettoday.net/news/20200519/1717973.htm?from=pctaglist 
https://www.ettoday.net/news/20200520/1718294.htm?feature=ufo&tab_id=939
https://www.ettoday.net/news/20200616/1739206.htm?from=pctaglist 
https://www.ettoday.net/news/tag/ETNissan/
https://www.ettoday.net/news/tag/環球晶圓/
https://www.ettoday.net/news/tag/肌肉車/
https://forum.ettoday.net/search.phtml?keyword=法律&page=7
https://www.ettoday.net/dalemon/post/48197
https://www.ettoday.net/news/20130707/237279.htm
https://www.ettoday.net/news/20180523/1174974.htm?from=feature
https://www.ettoday.net/news/20181231/1344237.htm?feature=ufo&tab_id=938
https://www.ettoday.net/news/20190715/1490052.htm?feature=ufo&tab_id=940
https://www.ettoday.net/news/20191012/1555722.htm?feature=地震&tab_id=1232
https://www.ettoday.net/news/20200319/1671584.htm?from=pctaglist 
https://www.ettoday.net/news/20200526/1722949.htm
https://www.ettoday.net/news/20200605/1730842.htm?from=pctaglist 
https://www.ettoday.net/news/tag/DoMo集團/
https://www.ettoday.net/news/tag/Tiguan/
http://www.ettoday.net/changeReadType.php?rtype=0&rurl=http%3A%2F%2Fwww.ettoday.net%2Ffeature%2F2020%25E4%25B8%2596%25E7%2595%258C%25E6%2596%25B0%25E8%25BB%258A%25E5%25A4%25A7%25E5%25B1%2595
https://health.ettoday.net/news/1735601
https://health.ettoday.net/search.phtml?keyword=水瓶
https://travel.ettoday.net/article/1725439.htm
https://travel.ettoday.net/article/1727675.htm
https://www.ettoday.net/changeReadType.php?rtype=0&rurl=https%3A%2F%2Fhealth.ettoday.net%2Fsearch.phtml%3Fkeyword%3D%E5%81%A5%E5%BA%B7%E7%99%BE%E7%A7%91
https://www.ettoday.net/dalemon/post/50442
https://www.ettoday.net/news/20181121/1311820.htm
https://www.ettoday.net/news/20181212/1328979.htm
https://www.ettoday.net/news/20191029/1567614.htm?from=pctaglist 
https://www.ettoday.net/news/20200526/1722948.htm
https://www.ettoday.net/news/20200611/1733575.htm?ercamp=sorted_hot_news
https://www.ettoday.net/news/20200614/1737550.htm?from=pctaglist 
https://www.ettoday.net/news/tag/Volkswagen/
https://www.ettoday.net/news/tag/國際軍武/
https://forum.ettoday.net/search.phtml?keyword=劇本
https://www.ettoday.net/dalemon/post/7330
https://www.ettoday.net/dalemon/post/7330
https://www.ettoday.net/news/20190213/1377026.htm?feature=2019年南投燈會&tab_id=9666
https://www.ettoday.net/news/20190319/1403191.htm
https://www.ettoday.net/news/20191101/1570306.htm
https://www.ettoday.net/news/20200415/1692491.htm
https://www.ettoday.net/news/20200611/1735220.htm
https://www.ettoday.net/news/20200612/1732857.htm
https://www.ettoday.net/news/tag/7月1日/
https://www.ettoday.net/news/tag/LANEIGE/
https://www.ettoday.net/news/tag/Swarovski/
https://www.ettoday.net/news/tag/憲法法庭/
https://www.ettoday.net/news/tag/雲論/
http://www.ettoday.net/changeReadType.php?rtype=0&rurl=http%3A%2F%2Fwww.ettoday.net%2Ffeature%2Fufo%2F942%3Ftt%3D%E9%87%91%E5%AD%97%E5%A1%94
https://health.ettoday.net/news/1397230
https://health.ettoday.net/news/769181
https://www.ettoday.net/news/20180107/1086915.htm?feature=地震&tab_id=1496
https://www.ettoday.net/news/20191229/1611700.htm?from=pctaglist 
https://www.ettoday.net/news/20200416/1691572.htm
https://health.ettoday.net/search.phtml?keyword=狗健康
https://health.ettoday.net/search.phtml?keyword=狗健康
https://speed.ettoday.net/news/1691843?from=fb_extd
https://speed.ettoday.net/news/1730720
https://www.ettoday.net/dalemon/post/50752
https://www.ettoday.net/news/20170505/918083.htm?ercamp=sorted_hot_news
https://www.ettoday.net/news/20180114/1092730.htm
https://www.ettoday.net/news/20190509/1440600.htm
https://www.ettoday.net/news/20200514/1712873.htm
https://www.ettoday.net/news/20200617/1739614.htm?from=pctaglist 
https://www.ettoday.net/news/tag/鱷魚/
http://www.ettoday.net/changeReadType.php?rtype=0&rurl=http%3A%2F%2Fwww.ettoday.net%2Fnews%2F20180524%2F1176243.htm%3Ffeature%3Dufo%26tab_id%3D941
https://forum.ettoday.net/search.phtml?keyword=法院
https://speed.ettoday.net/search.phtml?keyword=UX
https://travel.ettoday.net/article/1611538.htm
https://www.ettoday.net/dalemon/post/3615
https://www.ettoday.net/dalemon/post/50607
https://www.ettoday.net/news/20180202/1106223.htm?from=feature
https://www.ettoday.net/news/20200120/1629894.htm?feature=習近平&tab_id=4458
https://www.ettoday.net/news/20200330/1679874.htm
https://www.ettoday.net/news/20200609/1733526.htm
https://www.ettoday.net/news/20200610/1734723.htm
https://www.ettoday.net/news/20200612/1736493.htm
https://www.ettoday.net/news/20200616/1738787.htm
https://www.ettoday.net/news/20200617/1740073.htm?ercamp=sorted_hot_news
https://www.ettoday.net/news/tag/投資建議/
https://travel.ettoday.net/article/1716925.htm
https://www.ettoday.net/news/20180314/1129887.htm
https://www.ettoday.net/news/20190501/1435008.htm
https://www.ettoday.net/news/20190920/1539235.htm?from=pctaglist 
https://www.ettoday.net/news/20191216/1602324.htm?from=pctaglist 
https://www.ettoday.net/news/20200306/1660895.htm
https://www.ettoday.net/news/20200316/1668781.htm?from=pctaglist 
https://www.ettoday.net/news/20200317/1669559.htm
https://www.ettoday.net/news/20200401/1682184.htm?from=pctaglist 
https://www.ettoday.net/news/20200519/1717411.htm
https://www.ettoday.net/news/20200617/1739930.htm?from=pctaglist 
https://www.ettoday.net/news/tag/翡翠芒果/
https://forum.ettoday.net/news/950631
https://health.ettoday.net/search.phtml?keyword=大是文化出版
https://www.ettoday.net/news/20190418/1425480.htm
https://www.ettoday.net/news/20190510/1441827.htm?from=pctaglist 
https://www.ettoday.net/news/20191029/1567793.htm
https://www.ettoday.net/news/20191219/1605720.htm
https://www.ettoday.net/news/20200328/1678845.htm?from=pctaglist 
https://www.ettoday.net/news/20200602/1727523.htm
https://www.ettoday.net/news/20200617/1740289.htm?from=pctaglist 
https://www.ettoday.net/news/tag/吳秀珠/
https://www.ettoday.net/dalemon/post/30940
https://www.ettoday.net/dalemon/post/50326
https://www.ettoday.net/news/20180311/1128051.htm
https://www.ettoday.net/news/20191122/1585252.htm
https://www.ettoday.net/news/tag/2020大選蔡英文/
https://www.ettoday.net/news/tag/傷口/
https://www.ettoday.net/news/tag/少女代表色/
https://travel.ettoday.net/article/1242348.htm
https://www.ettoday.net/dalemon/post/47035
https://www.ettoday.net/news/20171130/1063140.htm?from=pctaglist 
https://www.ettoday.net/news/20200118/1628387.htm
https://www.ettoday.net/news/20200314/1667567.htm
https://www.ettoday.net/news/20200521/1719785.htm
https://www.ettoday.net/news/20200521/1719785.htm
https://www.ettoday.net/news/20200528/1723659.htm?from=pctaglist 
https://www.ettoday.net/news/20200615/1737830.htm
https://www.ettoday.net/news/20200615/1737830.htm
https://www.ettoday.net/news/tag/中信慈善基金會/
https://www.ettoday.net/news/tag/眼線/
https://forum.ettoday.net/news/1733068
https://pets.ettoday.net/video/415
https://pets.ettoday.net/video/415
https://www.ettoday.net/news/20180917/1260947.htm?from=pctaglist 
https://www.ettoday.net/news/20200604/1729784.htm?from=pctaglist 
https://www.ettoday.net/news/20200612/1735901.htm
https://www.ettoday.net/news/20200617/1740368.htm
https://www.ettoday.net/news/tag/美容/
https://forum.ettoday.net/news/1658596
https://www.ettoday.net/dalemon/hot-news/
https://www.ettoday.net/dalemon/post/49181
https://www.ettoday.net/news/20161207/825102.htm?from=pctaglist 
https://www.ettoday.net/news/20181205/1323241.htm?from=feature
https://www.ettoday.net/news/20200130/1634660.htm?from=pctaglist 
https://www.ettoday.net/news/20200424/1699232.htm?from=pctaglist 
https://www.ettoday.net/news/20200526/1722774.htm?from=pctaglist 
https://www.ettoday.net/news/20200603/1728451.htm?from=pctaglist 
https://www.ettoday.net/news/tag/活膚/
https://house.ettoday.net/news/1729723
https://www.ettoday.net/https://smarturl.it/4bd451
https://www.ettoday.net/https://smarturl.it/4bd451
https://www.ettoday.net/news/20180120/1097261.htm
https://www.ettoday.net/news/20190703/1481374.htm
https://www.ettoday.net/news/20200314/1667565.htm
https://www.ettoday.net/news/20200616/1738856.htm?from=pctaglist 
https://www.ettoday.net/news/tag/對策/
https://www.ettoday.net/news/tag/小明/
https://www.ettoday.net/news/tag/海巡署/
https://forum.ettoday.net/news/1733335
https://www.ettoday.net/dalemon/tag/靈機/2
https://www.ettoday.net/news/20171005/1025381.htm
https://www.ettoday.net/news/20190504/1436732.htm?from=pctaglist 
https://www.ettoday.net/news/20190924/1542282.htm?from=pctaglist 
https://www.ettoday.net/news/20191017/1558980.htm?from=pctaglist 
https://www.ettoday.net/news/20200514/1714119.htm?from=pctaglist 
https://www.ettoday.net/news/20200605/1731042.htm?from=pctaglist 
https://www.ettoday.net/news/20200606/1731167.htm?from=pctaglist 
https://www.ettoday.net/news/20200609/1733786.htm?feature=金正恩&tab_id=1597
https://www.ettoday.net/news/20200202/1636061.htm?feature=習近平&tab_id=4458
https://www.ettoday.net/news/20200322/1673562.htm?from=pctaglist 
https://www.ettoday.net/news/20200610/1734288.htm
https://www.ettoday.net/news/20200611/1735300.htm?from=pctaglist 
https://www.ettoday.net/news/tag/不分區/
https://forum.ettoday.net/search.phtml?keyword=2020罷韓
https://speed.ettoday.net/news/1739581
https://www.ettoday.net/dalemon/post/50514
https://www.ettoday.net/news/20181211/1328055.htm
https://www.ettoday.net/news/20191111/1576643.htm?from=pctaglist 
https://www.ettoday.net/news/20200209/1641577.htm?from=pctaglist 
https://www.ettoday.net/news/20200521/1719359.htm?from=pctaglist 
https://www.ettoday.net/news/20200529/1725895.htm
https://www.ettoday.net/news/20200607/1732238.htm
https://www.ettoday.net/news/20200609/1733325.htm
https://www.ettoday.net/news/20200610/1734505.htm
https://forum.ettoday.net/news/1736509
https://speed.ettoday.net/news/1665175?redirect=1
https://www.ettoday.net/news/20161229/829579.htm?from=pctaglist 
https://www.ettoday.net/news/20171120/1055638.htm?feature=ufo&tab_id=939
https://www.ettoday.net/news/20180621/1195405.htm?feature=ufo&tab_id=944
https://www.ettoday.net/news/20190123/1363974.htm?feature=2019年南投燈會&tab_id=9666
https://www.ettoday.net/news/20190818/1515755.htm?from=pctaglist 
https://www.ettoday.net/news/20191129/1590583.htm?from=pctaglist 
https://www.ettoday.net/news/20191205/1595353.htm
https://www.ettoday.net/news/20200314/1667259.htm?from=pctaglist 
https://www.ettoday.net/news/20200427/1700973.htm
https://forum.ettoday.net/search.phtml?keyword=韓劇
https://www.ettoday.net/news/20200217/1647381.htm
https://www.ettoday.net/news/20200507/1709096.htm?from=pctaglist 
https://www.ettoday.net/news/20200529/1725250.htm
https://www.ettoday.net/news/20200608/1732849.htm?from=pctaglist 
https://www.ettoday.net/news/20200610/1734776.htm
https://www.ettoday.net/news/tag/都會/
https://health.ettoday.net/news/768384
https://health.ettoday.net/news/768384
https://www.ettoday.net/dalemon/post/36522
https://www.ettoday.net/news/20130417/193511.htm?from=pctaglist 
https://www.ettoday.net/news/20200319/1671168.htm
https://www.ettoday.net/news/20200602/1727864.htm
https://www.ettoday.net/news/20200605/1730422.htm
https://www.ettoday.net/news/20200611/1735564.htm
https://www.ettoday.net/news/20200617/1739646.htm?from=pctaglist 
https://www.ettoday.net/news/20200617/1740267.htm?ercamp=sorted_hot_news
https://www.ettoday.net/news/tag/全國科學技術會議/
https://www.ettoday.net/news/tag/游錫堃/
https://www.ettoday.net/news/20200115/1625232.htm?feature=聲林之王&tab_id=4741
https://www.ettoday.net/news/20200427/1700853.htm
https://www.ettoday.net/news/20200612/1736614.htm
https://www.ettoday.net/news/tag/玉山/
https://www.ettoday.net/news/tag/購物金/
https://www.ettoday.net/news/20170615/945893.htm
https://www.ettoday.net/news/20191201/1591526.htm
https://www.ettoday.net/news/20200617/1740347.htm?ercamp=sorted_hot_news
https://www.ettoday.net/news/tag/系統/
https://forum.ettoday.net/search.phtml?keyword=天九牌
https://health.ettoday.net/news/1130800
https://pets.ettoday.net/news/1642860
https://speed.ettoday.net/news/1718810
