https://events.ettoday.net/app/appCollect/push.phtml?appCollect_id=16
http://www.ettoday.net/news/news-list-2015-06-03-0.htm
https://boba.ettoday.net/category/288
https://events.ettoday.net/activity/dalemon_work/article/31954/last
http://www.ettoday.net/news/news-list-2016-12-26-0.htm
https://sports.ettoday.net/news-list.htm
https://events.ettoday.net/activity/dalemon_readbeanQQ/article/25858/last
https://health.ettoday.net/news/1688608
https://boba.ettoday.net/videonews/209984?from=popular
https://events.ettoday.net/activity/dalemon_inlove/article/26795/last
https://house.ettoday.net/focus/投資新據點/
https://sports.ettoday.net
https://events.ettoday.net/activity/dalemon_work/180/last/6
https://www.ettoday.net/news/20181112/1303855.htm?feature=ufo&tab_id=942
https://star.ettoday.net/news/1692540
https://events.ettoday.net/activity/dalemon_horror/article/32047/last
https://www.ettoday.net/news/20200226/1654824.htm?from=pctaglist 
https://fashion.ettoday.net/news/1669304/
https://events.ettoday.net/activity/dalemon_Shitpost/195/last/2
https://www.ettoday.net/news/20200415/1691842.htm
https://sports.ettoday.net/news-search.phtml?keywords=曾豪駒
https://events.ettoday.net/activity/dalemon_readbeanQQ/article/26872/last
http://www.ettoday.net/news/news-list-2012-01-13-0.htm
https://star.ettoday.net/news/1692313
https://events.ettoday.net/activity/dalemon_horror/article/29434/last
http://www.ettoday.net/news/news-list-2012-01-28-0.htm
https://boba.ettoday.net/videonews/126106
https://events.ettoday.net/activity/dalemon_inlove/article/26165/last
http://www.ettoday.net/news/news-list-2016-04-03-0.htm
https://movies.ettoday.net/news/1690373
https://events.ettoday.net/activity/dalemon_Shitpost/article/26120/last
https://www.ettoday.net/news/20200217/1647254.htm?from=feature
https://sports.ettoday.net/news/1692017
https://events.ettoday.net/activity/dalemon_work/article/25066/last
https://www.ettoday.net/news/20200414/1691484.htm?from=pctaglist 
https://star.ettoday.net/media
https://junglevoice.ettoday.net/../s1/index.php
https://www.ettoday.net/news/20200415/1692230.htm
https://boba.ettoday.net/video/274/726/198935
https://events.ettoday.net/activity/dalemon_Yummy/article/25949/last
http://www.ettoday.net/news/news-list-2012-02-08-0.htm
https://boba.ettoday.net/sub_category/274/561/136856
https://events.ettoday.net/activity/dalemon_horror/182/last/3
http://www.ettoday.net/news/news-list-2012-10-12-0.htm
https://fashion.ettoday.net/focus/生活/4
https://events.ettoday.net/activity/dalemon_Yummy/192/last/2
http://www.ettoday.net/news/news-list-2014-02-20-0.htm
https://fashion.ettoday.net/news/1687991
https://events.ettoday.net/activity/dalemon_inlove/article/26734/last
http://www.ettoday.net/news/news-list-2020-01-25-0.htm
https://sports.ettoday.net/news/1691910
https://events.ettoday.net/index.php?id=1&page=4
https://www.ettoday.net/news/20200401/1681166.htm?from=pctaglist 
https://boba.ettoday.net/videonews/210010?from=popular
https://events.ettoday.net/activity/dalemon_Yummy/article/31739/last
http://www.ettoday.net/news/news-list-2015-10-14-0.htm
https://fashion.ettoday.net/focus/奢逸/19
https://events.ettoday.net/activity/dalemon_work/article/25873/last
http://www.ettoday.net/news/news-list-2019-02-22-0.htm
https://boba.ettoday.net/sub_category/274/561/130379
https://events.ettoday.net/activity/dalemon_inlove/article/26787/last
http://www.ettoday.net/news/news-list-2020-03-06-0.htm
https://boba.ettoday.net/video/274/563/137875
https://events.ettoday.net/picnic2019/index.phtml
https://forum.ettoday.net/column/news/薛承泰
https://boba.ettoday.net/sub_category/274/561/129252
https://events.ettoday.net/activity/dalemon_Shitpost/article/26049/last
https://www.ettoday.net/dalemon/editor-news/183
https://fashion.ettoday.net/focus/時尚/10
https://events.ettoday.net/activity/dalemon_Star/article/24061/last
https://www.ettoday.net/news/20191213/1600401.htm
https://sports.ettoday.net/news/1692246
https://events.ettoday.net/activity/dalemon_Star/article/24444/last
https://www.ettoday.net/news/20200103/1611000.htm?from=pctaglist 
https://sports.ettoday.net/news-search.phtml?keywords=NFL
https://events.ettoday.net/activity/dalemon_work/article/25531/last
https://www.ettoday.net/news/tag/李振遠/
https://sports.ettoday.net/sport-category/運動潮流
https://events.ettoday.net/index.php
http://www.ettoday.net/album/category-all-116.htm
https://sports.ettoday.net/news-search.phtml?keywords=黑豹
https://events.ettoday.net/activity/dalemon_horror/182/last/4
http://www.ettoday.net/news/news-list-2015-10-23-0.htm
https://sports.ettoday.net/news/1691775
https://events.ettoday.net/activity/dalemon_readbeanQQ/191/last/5
http://www.ettoday.net/news/news-list-2018-10-10-0.htm
https://star.ettoday.net/news-focus/音樂/426
https://events.ettoday.net/activity/dalemon_Yummy/article/26735/last
https://www.ettoday.net/feature/2020%E4%B8%96%E7%95%8C%E6%96%B0%E8%BB%8A%E5%A4%A7%E5%B1%95
https://boba.ettoday.net/sub_category/231/216
https://events.ettoday.net/activity/dalemon_work/article/25430/last
https://www.ettoday.net/news/20191226/1609592.htm?feature=大老闆傳奇-尹衍樑&tab_id=13274
https://boba.ettoday.net/video/274/585/131608
https://events.ettoday.net/activity/dalemon_Star/article/24899/last
http://www.ettoday.net/news/news-list-2012-07-08-0.htm
https://boba.ettoday.net/videonews/140191
https://events.ettoday.net/activity/dalemon_work/article/25270/last
http://www.ettoday.net/news/news-list-2016-12-01-0.htm
https://movies.ettoday.net/news_list/642/1
https://events.ettoday.net/activity/dalemon_Shitpost/article/26088/last
http://www.ettoday.net/news/news-list-2017-03-08-0.htm
https://sports.ettoday.net/news/1692550
https://events.ettoday.net/activity/dalemon_readbeanQQ/
https://forum.ettoday.net/news/1690346
https://sports.ettoday.net/news-list/棒球/中職/4
https://events.ettoday.net/activity/dalemon_readbeanQQ/article/26075/last
https://www.ettoday.net/news/20190430/1433823.htm?from=pctaglist 
https://boba.ettoday.net/video/274/561/135504
https://events.ettoday.net/activity/dalemon_work/article/25902/last
https://www.ettoday.net/news/20200407/1685835.htm?from=pctaglist 
https://boba.ettoday.net/video_tag/葉益豪
https://events.ettoday.net/activity/dalemon_Shitpost/195/last/3
http://www.ettoday.net/news/news-list-2015-04-29-0.htm
https://sports.ettoday.net/news/1692527
https://events.ettoday.net/activity/dalemon_Shitpost/article/26549/last
http://www.ettoday.net/news/news-list-2018-09-27-0.htm
https://boba.ettoday.net/video/33/174/209485
https://events.ettoday.net/activity/dalemon_readbeanQQ/article/26596/last
https://health.ettoday.net/category/醫藥新聞/2
https://boba.ettoday.net/videonews/171543
https://events.ettoday.net/activity/dalemon_Star/article/23493/last
https://house.ettoday.net/news/1689285
https://movies.ettoday.net/video/91/209809
https://events.ettoday.net/activity/dalemon_Yummy/article/26022/last
https://travel.ettoday.net/article/1691380.htm
https://boba.ettoday.net/category/266/209369
https://events.ettoday.net/activity/dalemon_Yummy/article/31976/last
https://www.ettoday.net/news/20200413/1690388.htm
https://fashion.ettoday.net/focus/潮流/5
https://events.ettoday.net/activity/dalemon_Shitpost/article/26121/last
http://www.ettoday.net/news/news-list-2013-05-09-0.htm
https://fashion.ettoday.net/news/1690345/
https://events.ettoday.net/app/appCollect/push.phtml?appCollect_id=40
http://www.ettoday.net/news/news-list-2013-08-11-0.htm
https://boba.ettoday.net/videonews/199567
https://events.ettoday.net/activity/dalemon_readbeanQQ/191/last/2
http://www.ettoday.net/news/news-list-2013-09-28-0.htm
https://boba.ettoday.net/sub_category/0/599
https://events.ettoday.net/activity/dalemon_readbeanQQ/article/26728/last
http://www.ettoday.net/news/news-list-2013-12-27-0.htm
https://fashion.ettoday.net/focus/美麗/7
https://events.ettoday.net/activity/dalemon_horror/article/25455/last
http://www.ettoday.net/news/news-list-2014-02-26-0.htm
https://boba.ettoday.net/videonews/209642
https://events.ettoday.net/activity/dalemon_inlove/711/last/4
http://www.ettoday.net/news/news-list-2014-03-03-0.htm
https://fashion.ettoday.net/focus/名人/6
https://events.ettoday.net/?id=5
https://www.ettoday.net/feature/ufo/944/2
https://boba.ettoday.net/videonews/209986?from=popular
https://events.ettoday.net/activity/dalemon_Shitpost/195/last/4
https://www.ettoday.net/news/20200415/1692484.htm
https://fashion.ettoday.net/news/1692496
https://events.ettoday.net/activity/dalemon_Yummy/article/31555/last
http://www.ettoday.net/news/news-list-2012-03-12-0.htm
https://sports.ettoday.net/news-search.phtml?keywords=WWE
https://events.ettoday.net/activity/dalemon_horror/article/25879/last
http://www.ettoday.net/news/news-list-2014-12-13-0.htm
https://fashion.ettoday.net/focus/奢逸/5
https://events.ettoday.net/activity/dalemon_horror/article/31761/last
http://www.ettoday.net/news/news-list-2017-11-14-0.htm
https://sports.ettoday.net/news/1692405
https://events.ettoday.net/activity/dalemon_Shitpost/article/26730/last
https://travel.ettoday.net/category/高雄美食/
http://boba.ettoday.net/
https://events.ettoday.net/activity/dalemon_Yummy/192/last/3
https://www.ettoday.net/news/focus/3C家電/家電/
https://boba.ettoday.net/video/274/565/199717
https://events.ettoday.net/activity/dalemon_horror/article/25720/last
http://www.ettoday.net/news/news-list-2012-06-27-0.htm
https://sports.ettoday.net/news/1692321
https://events.ettoday.net/?id=2
http://www.ettoday.net/news/news-list-2013-08-24-0.htm
https://boba.ettoday.net/videonews/174031
https://events.ettoday.net/activity/dalemon_work/article/26012/last
http://www.ettoday.net/news/news-list-2019-03-28-0.htm
https://boba.ettoday.net/category/261
https://speed.ettoday.net/focus/國內車市
https://boba.ettoday.net/videonews/192191
https://www.ettoday.net/feature/香港/6115?tt=香港相關新聞
https://boba.ettoday.net/video/33/174/207855
https://www.ettoday.net/news/20190614/1466723.htm
https://star.ettoday.net/news-focus/即時/9
https://www.ettoday.net/news/20200415/1691735.htm?from=feature
https://star.ettoday.net/news/1692496
https://www.ettoday.net/news/20200415/1691983.htm?from=feature
https://boba.ettoday.net/sub_category/33/406
https://www.ettoday.net/news/tag/iPhone SE/
https://boba.ettoday.net/sub_category/274/561/131520
http://www.ettoday.net/news/news-list-2011-12-14-0.htm
https://boba.ettoday.net/videonews/171545
http://www.ettoday.net/news/news-list-2012-07-21-0.htm
https://fashion.ettoday.net/focus/美麗/8
http://www.ettoday.net/news/news-list-2012-10-29-0.htm
https://sports.ettoday.net/news-list/籃球/ABL
http://www.ettoday.net/news/news-list-2013-07-19-0.htm
https://sports.ettoday.net/news/1692317
http://www.ettoday.net/news/news-list-2015-02-01-0.htm
https://movies.ettoday.net/video/273
https://www.ettoday.net/news/20160125/637111.htm?from=pctaglist 
https://boba.ettoday.net/videonews/209815
https://www.ettoday.net/news/20191111/1576961.htm?from=feature
https://sports.ettoday.net/news/1692039
https://www.ettoday.net/news/20200411/1689366.htm
https://star.ettoday.net/star-category/電視
http://www.ettoday.net/news/news-list-2018-02-11-0.htm
https://boba.ettoday.net/category/243
https://www.ettoday.net/news/20200415/1692508.htm
https://fashion.ettoday.net/focus/生活/8
http://www.ettoday.net/news/news-list-2014-07-14-0.htm
https://boba.ettoday.net/category/239
http://www.ettoday.net/news/news-list-2015-05-11-0.htm
https://star.ettoday.net/news/1664586
http://www.ettoday.net/news/news-list-2019-12-31-0.htm
https://boba.ettoday.net/videonews/126034
https://travel.ettoday.net/category/彩繪村/
https://boba.ettoday.net/videonews/201329
https://www.ettoday.net/feature/englishgohappy
https://fashion.ettoday.net/focus/潮流/9
https://www.ettoday.net/feature/ufo/939?tt=外星人
https://star.ettoday.net/news/1692415
https://www.ettoday.net/news/20200415/1691222.htm
https://sports.ettoday.net/news/1691251
https://www.ettoday.net/news/20200415/1691640.htm
https://boba.ettoday.net/video/274/585/131606
http://www.ettoday.net/news/news-list-2013-09-17-0.htm
https://sports.ettoday.net/news/1691892
http://www.ettoday.net/news/news-list-2014-08-19-0.htm
https://fashion.ettoday.net/focus/時尚/4
http://www.ettoday.net/news/news-list-2019-05-24-0.htm
https://boba.ettoday.net/category/255/209660?from=sports_pc_sidebar_sportshot
http://www.ettoday.net/news/news-list-2019-09-17-0.htm
https://boba.ettoday.net/videonews/203609
https://www.ettoday.net/news/20191009/1554091.htm?from=pctaglist 
https://boba.ettoday.net/videonews/197635
https://www.ettoday.net/news/20200415/1692458.htm?ercamp=sorted_hot_news
https://boba.ettoday.net/video/274/561/135542
http://www.ettoday.net/news/news-list-2011-10-20-0.htm
https://boba.ettoday.net/video/274/726/198941
http://www.ettoday.net/news/news-list-2014-03-31-0.htm
https://fashion.ettoday.net/news/1436979
http://www.ettoday.net/news/news-list-2015-09-08-0.htm
https://sports.ettoday.net/news-list/棒球/中職/10
http://www.ettoday.net/news/news-list-2017-07-11-0.htm
https://star.ettoday.net/news/1691893
http://www.ettoday.net/news/news-list-2017-07-24-0.htm
https://boba.ettoday.net/video/274/564/138162
https://www.ettoday.net/feature/小女花不棄
https://boba.ettoday.net/sub_category/274/564
https://www.ettoday.net/feature/想見你/14338/4
https://boba.ettoday.net/video_tag/黃寶慧
https://www.ettoday.net/news/20200304/1659735.htm?from=pctaglist 
https://sports.ettoday.net/game-statistics.phtml?id=78
https://www.ettoday.net/news/20200416/1692543.htm
https://boba.ettoday.net/category/273
http://www.ettoday.net/news/news-list-2013-01-13-0.htm
https://boba.ettoday.net/video/33/118/69348
http://www.ettoday.net/news/news-list-2017-04-05-0.htm
https://boba.ettoday.net/video/266/479/206725
https://www.ettoday.net/news/20200415/1691968.htm
https://movies.ettoday.net/news/1687982
http://www.ettoday.net/news/news-list-2013-05-22-0.htm
https://fashion.ettoday.net/focus/生活/9
http://www.ettoday.net/news/news-list-2015-04-18-0.htm
https://boba.ettoday.net/video/274/561/135528
http://www.ettoday.net/news/news-list-2017-06-17-0.htm
https://boba.ettoday.net/videonews/201815
http://www.ettoday.net/news/news-list-2019-01-06-0.htm
https://boba.ettoday.net/videonews/158762
https://travel.ettoday.net/article/1348219.htm?from=index
https://sports.ettoday.net/news-search.phtml?keywords=水手
https://www.ettoday.net/news/20200222/1650715.htm?from=pctaglist 
https://sports.ettoday.net/news/1691941
https://www.ettoday.net/news/20200415/1691785.htm?from=pctaglist 
https://boba.ettoday.net/sub_category/1/730
https://www.ettoday.net/news/20200415/1692079.htm?from=pctaglist 
https://fashion.ettoday.net/focus/生活/6
https://www.ettoday.net/news/focus/軍武/軍聞社/
https://movies.ettoday.net/news/1692478
https://www.ettoday.net/news/tag/繞台/
https://sports.ettoday.net/news-search.phtml?keywords=陳偉殷
http://www.ettoday.net/news/news-list-2011-12-28-0.htm
https://boba.ettoday.net/video/274/561/135629
http://www.ettoday.net/news/news-list-2012-09-01-0.htm
https://sports.ettoday.net/news/1691705
http://www.ettoday.net/news/news-list-2015-05-27-0.htm
https://boba.ettoday.net/category/255/201850?from=sports_pc_sidebar_sportshot
http://www.ettoday.net/news/news-list-2015-08-08-0.htm
https://boba.ettoday.net/sub_category/239/189?from=boba_issue
http://www.ettoday.net/news/news-list-2019-02-25-0.htm
https://boba.ettoday.net/video/274/561/135512
http://www.ettoday.net/news/news-list-2020-01-26-0.htm
https://movies.ettoday.net/news_list/641/1
http://www.ettoday.net/news/news-list-2017-03-03-0.htm
https://star.ettoday.net/media/25/39628
http://www.ettoday.net/news/news-list-2019-09-10-0.htm
https://sports.ettoday.net/news-list/籃球/CBA
https://www.ettoday.net/news/tag/鏡週刊/
https://star.ettoday.net/news/1692446
http://www.ettoday.net/news/news-list-2012-07-04-0.htm
https://boba.ettoday.net/video/274/544/137142
http://www.ettoday.net/news/news-list-2017-01-28-0.htm
https://star.ettoday.net/news/1685625
http://www.ettoday.net/news/news-list-2018-06-15-0.htm
https://star.ettoday.net/news/1692008
https://health.ettoday.net/news/1690018
https://boba.ettoday.net/video/0/558/159568
https://www.ettoday.net/feature/ufo/944?tt=火星
https://fashion.ettoday.net/news/1691871/
https://www.ettoday.net/news/20200325/1676466.htm?from=pctaglist 
https://boba.ettoday.net/video/266/479/207631
https://www.ettoday.net/news/20200409/1687203.htm?from=feature
https://star.ettoday.net/news/1690277
https://www.ettoday.net/news/20200326/1677363.htm?from=pctaglist 
https://boba.ettoday.net/video/33/174/207057
https://www.ettoday.net/news/20200415/1691887.htm?feature=大老闆傳奇-尹衍樑&tab_id=13274
https://boba.ettoday.net/sub_category/274/562
https://www.ettoday.net/news/news-list-2020-04-16-43.htm
https://star.ettoday.net/news/1692509
https://www.ettoday.net/news/20180927/1268199.htm?feature=ufo&tab_id=940
https://boba.ettoday.net/video/274/561/132826
https://www.ettoday.net/news/20200325/1676134.htm?from=feature
https://boba.ettoday.net/videonews/202712
https://www.ettoday.net/news/20200414/1691546.htm
https://star.ettoday.net/album
 https://www.ettoday.net/feature/%E6%88%BF%E7%94%A2%E6%96%B0%E5%8B%A2%E5%8A%9B?from=pcmenu
https://star.ettoday.net/news/1692028
http://www.ettoday.net/news/news-list-2014-12-10-0.htm
https://sports.ettoday.net/news/1691485
https://www.ettoday.net/dalemon/post/49592
https://sports.ettoday.net/news/1692421
https://www.ettoday.net/feature/戴資穎/1236/3
https://boba.ettoday.net/video/274/561/135558
https://www.ettoday.net/news/20200331/1679678.htm?feature=行銷雲&tab_id=14418
https://movies.ettoday.net/video/273/165697
https://www.ettoday.net/news/20200414/1691146.htm
https://star.ettoday.net/media/25/39627
https://www.ettoday.net/news/20200415/1692517.htm
https://boba.ettoday.net/sub_category/274/610
https://www.ettoday.net/news/focus/生活/藝文/
https://boba.ettoday.net/sub_category/231/455?from=boba_issue
http://www.ettoday.net/news/news-list-2011-11-04-0.htm
https://fashion.ettoday.net/focus/奢逸/10
http://www.ettoday.net/news/news-list-2014-02-12-0.htm
https://fashion.ettoday.net/news/1691640
http://www.ettoday.net/news/news-list-2016-01-07-0.htm
https://sports.ettoday.net/news-list/籃球/SBL/WSBL
http://www.ettoday.net/news/news-list-2020-02-06-0.htm
https://fashion.ettoday.net/focus/美麗/3
https://www.ettoday.net/news/20200414/1691449.htm
https://boba.ettoday.net/video/33/209/34927
http://www.ettoday.net/news/news-list-2012-03-22-0.htm
https://star.ettoday.net/news/1664531
http://www.ettoday.net/news/news-list-2012-11-20-0.htm
https://sports.ettoday.net/news/1692553
http://www.ettoday.net/news/news-list-2015-09-09-0.htm
https://boba.ettoday.net/category/240
http://www.ettoday.net/news/news-list-2017-12-25-0.htm
https://star.ettoday.net/news/1692543
https://www.ettoday.net/feature/反送中/11539?tt=反送中 相關新聞
https://boba.ettoday.net/video/274/585/134337
https://www.ettoday.net/news/20181104/1296436.htm?from=pctaglist 
https://sports.ettoday.net/news-search.phtml?keywords=高爾夫
https://www.ettoday.net/news/20200415/1692527.htm?ercamp=sorted_hot_news
https://fashion.ettoday.net/news/1691772/
https://www.ettoday.net/news/tag/開學/
https://sports.ettoday.net/news-list/運動潮流/新品資訊
http://www.ettoday.net/events/goddess2013/index.php
https://sports.ettoday.net/news/1692387
http://www.ettoday.net/news/news-list-2011-12-24-0.htm
https://boba.ettoday.net/video/266/466/205501
http://www.ettoday.net/news/news-list-2012-07-14-0.htm
https://fashion.ettoday.net/news/1690308/
http://www.ettoday.net/news/news-list-2020-03-17-0.htm
https://sports.ettoday.net/video/278/209676
https://health.ettoday.net/category/親子
https://sports.ettoday.net/news/1692279
https://www.ettoday.net/dalemon/editor-list
https://fashion.ettoday.net/news/1691618
https://www.ettoday.net/feature/interBank
https://sports.ettoday.net/news/1691206
https://www.ettoday.net/news/20200309/1663212.htm?from=pctaglist 
https://fashion.ettoday.net/news/1692496/
https://www.ettoday.net/news/20200414/1691501.htm?from=feature
https://boba.ettoday.net/video_tag/林宥嘉
https://www.ettoday.net/news/tag/地方媽媽/
https://fashion.ettoday.net/focus/名人/5
http://www.ettoday.net/news/news-list-2012-08-15-0.htm
https://movies.ettoday.net/video/91
http://www.ettoday.net/news/news-list-2013-12-20-0.htm
https://sports.ettoday.net/news-search.phtml?keywords=武漢肺炎
http://www.ettoday.net/news/news-list-2015-06-08-0.htm
https://fashion.ettoday.net/focus/美麗/19
http://www.ettoday.net/news/news-list-2016-11-10-0.htm
https://fashion.ettoday.net/focus/美麗/6
http://www.ettoday.net/news/news-list-2018-01-11-0.htm
https://boba.ettoday.net/video/274/610/191297
https://www.ettoday.net/feature/習近平/4458/3
https://fashion.ettoday.net/focus/時尚/6
https://www.ettoday.net/index.php
https://star.ettoday.net/news/1692433
http://www.ettoday.net/news/news-list-2012-04-14-0.htm
https://boba.ettoday.net/category/255/209684?from=sports_pc_sidebar_sportshot
http://www.ettoday.net/news/news-list-2015-01-09-0.htm
https://fashion.ettoday.net/focus/名人/4
http://www.ettoday.net/news/news-list-2016-01-18-0.htm
https://boba.ettoday.net/sub_category/33/404
http://www.ettoday.net/news/news-list-2019-09-07-0.htm
https://star.ettoday.net/media/19/191794
https://discovery.ettoday.net/news/1692200
https://star.ettoday.net/news/1692490
https://www.ettoday.net/news/20131218/307945.htm?from=feature
https://fashion.ettoday.net/news/1692388/
https://www.ettoday.net/news/20200301/1657001.htm?from=feature
https://sports.ettoday.net/news-search.phtml?keywords=大專排聯
https://www.ettoday.net/news/20200324/1674858.htm?feature=習近平&tab_id=4458
https://sports.ettoday.net/news/1692443
http://www.ettoday.net/album/category-all-144.htm
https://star.ettoday.net/news/1691647
http://www.ettoday.net/news/news-list-2012-09-21-0.htm
https://fashion.ettoday.net/focus/名人/9
http://www.ettoday.net/news/news-list-2013-07-24-0.htm
https://star.ettoday.net/news/1691250
http://www.ettoday.net/news/news-list-2016-01-13-0.htm
https://boba.ettoday.net/videonews/193528
http://www.ettoday.net/news/news-list-2019-05-04-0.htm
https://star.ettoday.net/news-focus/韓星爆爆/83
https://travel.ettoday.net/category/遊樂園/
http://boba.ettoday.net/videonews/164389?from=et-bottom
https://www.ettoday.net/news/20191231/1613834.htm?from=pctaglist 
https://boba.ettoday.net/category/33/207057
https://www.ettoday.net/news/20200409/1687670.htm
https://boba.ettoday.net/videonews/126074
http://www.ettoday.net/news/news-list-2011-10-19-0.htm
https://boba.ettoday.net/videonews/172122
http://www.ettoday.net/news/news-list-2011-10-22-0.htm
https://fashion.ettoday.net/focus/名人/8
http://www.ettoday.net/news/news-list-2016-06-16-0.htm
https://movies.ettoday.net/news/1690705
http://www.ettoday.net/news/news-list-2016-07-30-0.htm
https://sports.ettoday.net/news-search.phtml?keywords=澳洲
http://www.ettoday.net/news/news-list-2019-05-15-0.htm
https://star.ettoday.net/news-focus/電視/425
https://www.ettoday.net/news/20191022/1560014.htm?from=pctaglist 
https://fashion.ettoday.net/focus/時尚
https://www.ettoday.net/news/20200328/1678427.htm?from=pctaglist 
https://fashion.ettoday.net/focus/生活/5
http://www.ettoday.net/news/news-list-2019-10-17-0.htm
https://boba.ettoday.net/category/280
https://www.ettoday.net/news/20170512/922933.htm?feature=ufo&tab_id=941
https://movies.ettoday.net/news_list/383/1
https://www.ettoday.net/news/20200408/1686876.htm
https://sports.ettoday.net/news/1690410
https://www.ettoday.net/news/20200415/1692508.htm?from=pctaglist 
https://fashion.ettoday.net/focus/生活/19
https://www.ettoday.net/news/tag/立院/
https://star.ettoday.net/news-focus/華娛/423
http://www.ettoday.net/changeReadType.php?rtype=0&rurl=http%3A%2F%2Fwww.ettoday.net%2Ffeature%2Flinetv2019
https://star.ettoday.net/news/1691839
http://www.ettoday.net/news/news-list-2012-01-25-0.htm
https://sports.ettoday.net/news-search.phtml?keywords=北美要聞
http://www.ettoday.net/news/news-list-2014-02-22-0.htm
https://boba.ettoday.net/video/274/564/138157
http://www.ettoday.net/news/news-list-2014-05-28-0.htm
https://star.ettoday.net/star-category/韓星爆爆
http://www.ettoday.net/news/news-list-2015-03-06-0.htm
https://boba.ettoday.net/video/33/209/34412
https://www.ettoday.net/feature/想見你/14338/2
https://boba.ettoday.net/video/274/562/131512
http://www.ettoday.net/news/news-list-2014-10-02-0.htm
https://boba.ettoday.net/video/33/404/70910
https://travel.ettoday.net/article/1691934.htm
https://fashion.ettoday.net/news/1690922/
http://www.ettoday.net/news/news-list-2013-03-23-0.htm
https://boba.ettoday.net/videonews/209977?from=popular
http://www.ettoday.net/news/news-list-2017-04-30-0.htm
https://sports.ettoday.net/news/1692554
http://www.ettoday.net/news/news-list-2012-08-23-0.htm
https://star.ettoday.net/news/1691442
http://www.ettoday.net/news/news-list-2014-03-06-0.htm
https://sports.ettoday.net/news-search.phtml?keywords=kobe
http://www.ettoday.net/news/news-list-2015-06-16-0.htm
https://boba.ettoday.net/videonews/198057
http://www.ettoday.net/news/news-list-2019-04-08-0.htm
https://boba.ettoday.net/video/274/565/190302
https://health.ettoday.net/category_tag/禽流感健康
https://fashion.ettoday.net/news/1659782
https://www.ettoday.net/news/20181101/1295997.htm?from=pctaglist 
https://fashion.ettoday.net/focus/奢逸/9
https://www.ettoday.net/news/20200115/1625915.htm?feature=ufo&tab_id=940
https://star.ettoday.net/news/1691597
https://www.ettoday.net/news/news-list-2020-04-16-35.htm
https://fashion.ettoday.net/focus/時尚/5
http://www.ettoday.net/news/news-list-2011-11-16-0.htm
https://sports.ettoday.net/news-search.phtml?keywords=富邦悍將
http://www.ettoday.net/news/news-list-2012-03-08-0.htm
https://star.ettoday.net/news-focus/音樂/53
https://www.ettoday.net/news/20200327/1677498.htm?from=pctaglist 
https://star.ettoday.net/star-category/歐美
https://www.ettoday.net/news/20200330/1680264.htm
https://boba.ettoday.net/video/33/209/30492
https://www.ettoday.net/news/20200404/1683835.htm?from=feature
https://boba.ettoday.net/video_tag/生活
https://www.ettoday.net/news/20200415/1692220.htm
https://boba.ettoday.net/category/290
http://www.ettoday.net/news/news-list-2012-09-24-0.htm
https://boba.ettoday.net/video/274/562/136160
http://www.ettoday.net/news/news-list-2013-12-01-0.htm
https://sports.ettoday.net/news-search.phtml?keywords=勝利
http://www.ettoday.net/news/news-list-2015-06-15-0.htm
https://fashion.ettoday.net/feature-list
http://www.ettoday.net/news/news-list-2017-02-05-0.htm
https://boba.ettoday.net/videonews/210010?from=sports_pc_sidebar_bobahot
http://www.ettoday.net/news/news-list-2017-11-11-0.htm
https://sports.ettoday.net/news-list/棒球/MLB/5
https://health.ettoday.net/news/1688176
https://boba.ettoday.net/videonews/208314
https://speed.ettoday.net/tag.phtml?tag=ETBMW
https://boba.ettoday.net/video/33/118/67204
https://www.ettoday.net/news/20200107/1619423.htm?feature=ufo&tab_id=939
https://star.ettoday.net/news/1692192
https://www.ettoday.net/news/20200212/1644135.htm?from=feature
https://star.ettoday.net/news/1692156
https://www.ettoday.net/news/20200329/1679045.htm?from=feature
https://boba.ettoday.net/videonews/204594
https://www.ettoday.net/news/focus/音樂/音樂專訪/
https://boba.ettoday.net/video/274/563/139469
http://www.ettoday.net/news/news-list-2011-11-12-0.htm
https://fashion.ettoday.net/focus/生活/10
http://www.ettoday.net/news/news-list-2013-01-22-0.htm
https://movies.ettoday.net/video/273/168781
http://www.ettoday.net/news/news-list-2014-10-05-0.htm
https://star.ettoday.net/news-focus/華娛/50
http://www.ettoday.net/news/news-list-2018-09-25-0.htm
https://boba.ettoday.net/videonews/209426
https://www.ettoday.net/news/20190927/1544518.htm
https://boba.ettoday.net/category/270
https://www.ettoday.net/news/20200208/1640093.htm
https://boba.ettoday.net
https://www.ettoday.net/news/tag/立院直播/
https://star.ettoday.net/photo-list/16940
http://www.ettoday.net/news/news-list-2015-01-10-0.htm
https://boba.ettoday.net/video/266/477/206722
http://www.ettoday.net/news/news-list-2015-09-25-0.htm
https://boba.ettoday.net/videonews/200353
http://www.ettoday.net/news/news-list-2019-07-02-0.htm
https://fashion.ettoday.net/news/1686454/
https://health.ettoday.net/news/1690164
https://fashion.ettoday.net/news/1688822/
https://www.ettoday.net/event-list.php?&page=5
https://boba.ettoday.net/category/231
https://www.ettoday.net/news/20191111/1577224.htm?from=pctaglist 
https://boba.ettoday.net/videonews/158942
https://www.ettoday.net/news/20200305/1660767.htm
https://fashion.ettoday.net/news/1691698/
https://www.ettoday.net/news/20200409/1687356.htm
https://sports.ettoday.net/news/1692414
http://www.ettoday.net/news/news-list-2012-08-26-0.htm
https://sports.ettoday.net/news-search.phtml?keywords=中職
http://www.ettoday.net/news/news-list-2013-03-04-0.htm
https://star.ettoday.net/news/1692517
http://www.ettoday.net/news/news-list-2015-07-05-0.htm
https://fashion.ettoday.net/focus/奢逸/8
http://www.ettoday.net/news/news-list-2015-09-13-0.htm
https://star.ettoday.net/news/1691309
https://travel.ettoday.net/category/京都旅遊/
https://boba.ettoday.net/video/33/406/62660
https://www.ettoday.net/dalemon/collection/2
https://sports.ettoday.net/news-search.phtml?keywords=粉紅口罩
https://www.ettoday.net/news/20181030/1290166.htm?from=feature
https://boba.ettoday.net/video/274/562/134212
https://www.ettoday.net/news/20190412/1420322.htm?feature=ufo&tab_id=938
https://boba.ettoday.net/category/233
https://www.ettoday.net/news/20190613/1466465.htm
https://boba.ettoday.net/category/33/208877
https://www.ettoday.net/news/20200404/1683436.htm?from=pctaglist 
https://movies.ettoday.net/news/1687870
http://www.ettoday.net/news/news-list-2012-05-15-0.htm
https://fashion.ettoday.net/focus/時尚/7
http://www.ettoday.net/news/news-list-2012-08-27-0.htm
https://boba.ettoday.net/video/274/562/132978
http://www.ettoday.net/news/news-list-2017-05-18-0.htm
https://star.ettoday.net/news-focus/韓星爆爆/604
http://www.ettoday.net/news/news-list-2018-10-21-0.htm
https://fashion.ettoday.net/news/1692199
http://www.ettoday.net/news/news-list-2019-03-11-0.htm
https://boba.ettoday.net/videonews/200870
https://travel.ettoday.net/article/1688515.htm
https://fashion.ettoday.net/focus/奢逸/6
https://www.ettoday.net/feature/ufo/942?tt=金字塔
https://sports.ettoday.net/news/1691369
https://www.ettoday.net/feature/我們不能是朋友
https://fashion.ettoday.net/news/1687918
https://www.ettoday.net/news/20200415/1692057.htm?ercamp=sorted_hot_news
https://fashion.ettoday.net/news/1692099/
http://www.ettoday.net/album/category-all-71.htm
https://boba.ettoday.net/category/266/209471
http://www.ettoday.net/news/news-list-2012-04-18-0.htm
https://boba.ettoday.net/category/1
http://www.ettoday.net/news/news-list-2019-03-09-0.htm
https://boba.ettoday.net/video/274/561/135549
https://health.ettoday.net/category_tag/失智海嘯來襲
https://boba.ettoday.net/videonews/158597
https://www.ettoday.net/event-list.php?&page=3
https://boba.ettoday.net/video/33/118/56085
https://www.ettoday.net/news/20180621/1195409.htm?feature=ufo&tab_id=940
https://sports.ettoday.net/news-search.phtml?keywords=MLB
https://www.ettoday.net/news/20190904/1527897.htm?from=pctaglist 
https://sports.ettoday.net/news/1689917
http://www.ettoday.net/changeReadType.php?rtype=0&rurl=http%3A%2F%2Fwww.ettoday.net%2Ffeature%2F%25E9%25A6%2599%25E6%25B8%25AF
https://star.ettoday.net/news/1688773
http://www.ettoday.net/news/news-list-2014-09-20-0.htm
https://sports.ettoday.net/news-search.phtml?keywords=A-Rod
http://www.ettoday.net/news/news-list-2015-06-06-0.htm
https://star.ettoday.net/news/1692479
http://www.ettoday.net/news/news-list-2016-03-25-0.htm
https://boba.ettoday.net/sub_category/277/606?from=boba_issue
http://www.ettoday.net/news/news-list-2018-10-23-0.htm
https://star.ettoday.net/news/1691470
https://health.ettoday.net/category/百科/2
https://boba.ettoday.net/sub_category/228/658?from=boba_issue
https://health.ettoday.net/news/1692090
https://star.ettoday.net/news/1692548
https://www.ettoday.net/news/20190116/1358041.htm?from=pctaglist 
https://boba.ettoday.net/videonews/141372
https://www.ettoday.net/news/20191210/1595680.htm?from=pctaglist 
https://sports.ettoday.net/news-search.phtml?keywords=粉色口罩
https://www.ettoday.net/news/20200415/1692371.htm
https://star.ettoday.net/news/1692510
https://www.ettoday.net/news/20200416/1692549.htm?ercamp=sorted_hot_news
https://boba.ettoday.net/sub_category/243/558
http://www.ettoday.net/news/news-list-2013-01-08-0.htm
https://boba.ettoday.net/videonews/126140
http://www.ettoday.net/news/news-list-2013-03-11-0.htm
https://boba.ettoday.net/videonews/171542
http://www.ettoday.net/news/news-list-2014-06-05-0.htm
https://star.ettoday.net/news/1687870
http://www.ettoday.net/news/news-list-2016-02-29-0.htm
https://boba.ettoday.net/video/266/478/209459
http://www.ettoday.net/news/news-list-2016-06-07-0.htm
https://sports.ettoday.net/news-list/棒球/中職/5
http://www.ettoday.net/news/news-list-2016-09-05-0.htm
https://sports.ettoday.net/news/1692570
https://travel.ettoday.net/category/台北美食/
https://sports.ettoday.net/news-list/足球/國際動態
https://www.ettoday.net/list.php?kind=5
https://sports.ettoday.net/news-list/棒球/日、韓職
https://www.ettoday.net/news/20200323/1674829.htm?feature=戴資穎&tab_id=1236
https://boba.ettoday.net/video_tag/慧眼看天下
http://www.ettoday.net/album/category-all-17.htm
https://sports.ettoday.net/news-list/棒球/國內業餘
http://www.ettoday.net/news/news-list-2012-08-01-0.htm
https://sports.ettoday.net/news/1690785
http://www.ettoday.net/news/news-list-2013-02-10-0.htm
https://boba.ettoday.net/videonews/124944
http://www.ettoday.net/news/news-list-2017-09-22-0.htm
https://star.ettoday.net/news/1692072
https://www.ettoday.net/news/focus/財經/求職達人/
https://boba.ettoday.net/videonews/209806
http://www.ettoday.net/news/news-list-2012-03-20-0.htm
https://star.ettoday.net/media/25/39629
http://www.ettoday.net/news/news-list-2014-08-21-0.htm
https://boba.ettoday.net/sub_category/229/532
http://www.ettoday.net/news/news-list-2014-09-27-0.htm
https://boba.ettoday.net/video/33/406/62661
http://www.ettoday.net/news/news-list-2019-01-04-0.htm
https://sports.ettoday.net/news/1690964
http://www.ettoday.net/news/news-list-2019-06-30-0.htm
https://boba.ettoday.net/category/33/207385
https://www.ettoday.net/news/20200228/1656257.htm?from=feature
https://sports.ettoday.net/news/1691835
https://www.ettoday.net/news/20200309/1663434.htm?from=pctaglist 
https://star.ettoday.net/news/1691650
https://www.ettoday.net/news/20200414/1691013.htm
https://fashion.ettoday.net/news/1691489/
https://www.ettoday.net/news/20200414/1691359.htm
https://star.ettoday.net/news/1692141
https://www.ettoday.net/news/20200415/1692487.htm
https://sports.ettoday.net/news/1691849
https://www.ettoday.net/news/20200415/1692503.htm?ercamp=sorted_hot_news
https://fashion.ettoday.net/focus/名人/2
http://www.ettoday.net/news/news-list-2012-03-30-0.htm
https://boba.ettoday.net/sub_category/274/561/132826
http://www.ettoday.net/news/news-list-2012-06-17-0.htm
https://boba.ettoday.net/video/33/404/66797
http://www.ettoday.net/news/news-list-2014-04-28-0.htm
https://fashion.ettoday.net/focus/時尚/9
http://www.ettoday.net/news/news-list-2017-09-28-0.htm
https://boba.ettoday.net/video/274/563/141621
https://www.ettoday.net/feature/jhbl/14438?tt=應援人氣雙人組
https://star.ettoday.net/news/1692471
https://www.ettoday.net/feature/想見你/14338?tt=台灣電視劇《想見你》相關新聞
https://boba.ettoday.net/video/274/563/137975
https://www.ettoday.net/news/20200310/1663550.htm?from=pctaglist 
https://star.ettoday.net/news/1692410
https://www.ettoday.net/news/20200325/1675740.htm?from=pctaglist 
https://boba.ettoday.net/videonews/172121
http://www.ettoday.net/news/news-list-2017-12-04-0.htm
https://boba.ettoday.net/video/274/544/136582
https://travel.ettoday.net/category/午餐食客/
https://boba.ettoday.net/videonews/139909
https://www.ettoday.net/bbc/
https://fashion.ettoday.net/news/1691640/
https://www.ettoday.net/events/app/apk/ettoday/ETtoday_50501.apk
https://fashion.ettoday.net/news/1689836
http://www.ettoday.net/album/category-all-95.htm
https://fashion.ettoday.net/news/1690557/
http://www.ettoday.net/news/news-list-2012-06-30-0.htm
https://star.ettoday.net/news/1692520
http://www.ettoday.net/news/news-list-2015-11-29-0.htm
https://star.ettoday.net/news/1691644
https://www.ettoday.net/news/20190714/1489516.htm?feature=ufo&tab_id=942
https://star.ettoday.net/news/1692507
https://www.ettoday.net/news/20200222/1650715.htm
https://sports.ettoday.net/news-list/棒球/中職/6
http://www.ettoday.net/news/news-list-2012-05-31-0.htm
https://star.ettoday.net/news/1692162
http://www.ettoday.net/news/news-list-2013-01-17-0.htm
https://fashion.ettoday.net/focus/美麗/2
http://www.ettoday.net/news/news-list-2015-04-05-0.htm
https://boba.ettoday.net/category/232
http://www.ettoday.net/news/news-list-2018-09-04-0.htm
https://boba.ettoday.net/category/282
http://www.ettoday.net/news/news-list-2019-05-06-0.htm
https://star.ettoday.net/
https://www.ettoday.net/news/20191007/1552248.htm?from=pctaglist 
https://star.ettoday.net/news/1689405
https://www.ettoday.net/news/20200415/1692476.htm?ercamp=sorted_hot_news
https://boba.ettoday.net/videonews/205202
http://www.ettoday.net/news/news-list-2012-10-15-0.htm
https://sports.ettoday.net/news-search.phtml?keywords=美網
http://www.ettoday.net/news/news-list-2012-11-10-0.htm
https://star.ettoday.net/media/229/210150
http://www.ettoday.net/news/news-list-2013-07-29-0.htm
https://star.ettoday.net/news/1691562
http://www.ettoday.net/news/news-list-2016-05-25-0.htm
https://boba.ettoday.net/sub_category/243/602
https://house.ettoday.net/news/1659573
https://fashion.ettoday.net/news/1692042
https://travel.ettoday.net/category/宜蘭/
https://sports.ettoday.net/news/1691132
https://www.ettoday.net/news/20180904/1251632.htm?from=pctaglist 
https://sports.ettoday.net/news-search.phtml?keywords=麥卡弗雷
https://www.ettoday.net/news/20200302/1657503.htm?from=pctaglist 
https://boba.ettoday.net/category/271
https://www.ettoday.net/news/20200415/1692526.htm
https://boba.ettoday.net/sub_category/274/563
http://www.ettoday.net/news/news-list-2012-04-20-0.htm
http://boba.ettoday.net/videonews/164633?from=et-bottom
http://www.ettoday.net/news/news-list-2014-01-16-0.htm
https://fashion.ettoday.net/news/1679016
http://www.ettoday.net/news/news-list-2015-06-01-0.htm
https://boba.ettoday.net/sub_category/274/561/135629
http://www.ettoday.net/news/news-list-2019-06-27-0.htm
https://sports.ettoday.net/news/1691778
http://www.ettoday.net/news/news-list-2020-03-15-0.htm
https://star.ettoday.net/news/1687075
https://forum.ettoday.net/news/1687264
https://boba.ettoday.net/category/289
https://health.ettoday.net/news/1692116
https://fashion.ettoday.net/news/1688185/
https://www.ettoday.net/news/20200409/1687861.htm?ercamp=sorted_hot_news
https://movies.ettoday.net/topic/641/1188/1
https://www.ettoday.net/news/20200415/1692072.htm
https://boba.ettoday.net/video/33/406/62664
http://www.ettoday.net/changeReadType.php?rtype=0&rurl=http%3A%2F%2Fwww.ettoday.net%2Ffeature%2F%25E6%258D%25B7%25E9%2581%258B%25E7%2592%25B0%25E7%258B%2580%25E7%25B7%259A
https://boba.ettoday.net/category/33/207855
http://www.ettoday.net/news/news-list-2017-03-27-0.htm
https://star.ettoday.net/news/1692381
http://www.ettoday.net/news/news-list-2018-07-12-0.htm
https://boba.ettoday.net/category/255/209676?from=sports_pc_sidebar_sportshot
http://www.ettoday.net/news/news-list-2018-12-24-0.htm
https://boba.ettoday.net/videonews/209647
https://house.ettoday.net/focus/房產新聞/
https://star.ettoday.net/news/1692058
https://www.ettoday.net/news/20200225/1653976.htm?from=pctaglist 
https://sports.ettoday.net/news-search.phtml?keywords=%E8%A8%B1%E6%99%BA%E5%82%91
https://www.ettoday.net/news/20200313/1666690.htm?from=feature
https://fashion.ettoday.net/news/1692076/
https://www.ettoday.net/news/20200406/1685157.htm?from=feature
https://boba.ettoday.net/video/274/544/144496
http://www.ettoday.net/news/news-list-2011-12-27-0.htm
https://sports.ettoday.net/news-list/棒球/中職/2
http://www.ettoday.net/news/news-list-2015-07-26-0.htm
https://boba.ettoday.net/videonews/210055
http://www.ettoday.net/news/news-list-2018-07-07-0.htm
https://boba.ettoday.net/sub_category/33/209
http://www.ettoday.net/news/news-list-2018-11-17-0.htm
https://fashion.ettoday.net/news/1688519/
http://www.ettoday.net/news/news-list-2019-09-12-0.htm
https://boba.ettoday.net/videonews/210110?from=sports_pc_sidebar_bobahot
https://www.ettoday.net/news/20191020/1561184.htm?feature=ufo&tab_id=942
https://fashion.ettoday.net/focus/潮流
http://www.ettoday.net/news/news-list-2016-04-22-0.htm
https://fashion.ettoday.net/news/1502867
http://www.ettoday.net/news/news-list-2018-05-17-0.htm
https://sports.ettoday.net/sport-category/競技
https://health.ettoday.net/news/1691450
https://star.ettoday.net/news/1691605
https://www.ettoday.net/news/20200326/1677546.htm
https://boba.ettoday.net/video/274/562/130026
https://www.ettoday.net/news/20200415/1691649.htm
https://sports.ettoday.net/news/1692260
http://www.ettoday.net/news/news-list-2016-10-01-0.htm
https://fashion.ettoday.net/focus/美麗/9
http://www.ettoday.net/news/news-list-2016-11-02-0.htm
https://star.ettoday.net/news/1692265
http://www.ettoday.net/news/news-list-2017-10-17-0.htm
https://boba.ettoday.net/video_tag/即新聞
http://www.ettoday.net/news/news-list-2018-02-12-0.htm
https://star.ettoday.net/photo-list/16942
https://travel.ettoday.net/category/馬祖/
https://star.ettoday.net/star-category/日本控
https://www.ettoday.net/news/20181227/1341896.htm?from=feature
https://fashion.ettoday.net/focus/奢逸/4
https://www.ettoday.net/news/20200414/1691527.htm?from=feature
https://sports.ettoday.net/news/1692551
https://www.ettoday.net/news/20200415/1692435.htm
https://star.ettoday.net/news/1692469
http://www.ettoday.net/news/news-list-2016-09-01-0.htm
https://sports.ettoday.net/news-search.phtml?keywords=洋基
http://www.ettoday.net/news/news-list-2017-11-09-0.htm
https://boba.ettoday.net/video/266/466/207595
http://www.ettoday.net/news/news-list-2018-10-04-0.htm
https://boba.ettoday.net/video_tag/蕭敬騰
https://health.ettoday.net/search.phtml?keyword=台北榮總
https://star.ettoday.net/star-category/華娛
https://travel.ettoday.net/category/度假旅館/
https://fashion.ettoday.net/focus/名人/10
https://www.ettoday.net/news/20200415/1691622.htm?from=feature
https://boba.ettoday.net/videonews/209579
http://www.ettoday.net/news/news-list-2013-03-31-0.htm
https://fashion.ettoday.net/news/1658919
http://www.ettoday.net/news/news-list-2015-05-15-0.htm
https://fashion.ettoday.net/news/1692199/
https://forum.ettoday.net/news/1692181
https://boba.ettoday.net/videonews/210017?from=popular
https://speed.ettoday.net/news/1691646
https://fashion.ettoday.net/news/1691363/
https://www.ettoday.net/news/20191228/1612425.htm?feature=王令麟&tab_id=1016
https://sports.ettoday.net/news-search.phtml?keywords=漢克
https://www.ettoday.net/news/20200103/1616815.htm?from=pctaglist 
https://sports.ettoday.net/news/1691293
https://www.ettoday.net/news/20200120/1629369.htm
https://boba.ettoday.net/video/274/564/138173
http://www.ettoday.net/news/news-list-2013-02-16-0.htm
https://sports.ettoday.net/video-list
http://www.ettoday.net/news/news-list-2013-04-17-0.htm
https://movies.ettoday.net/news/1682846
http://www.ettoday.net/news/news-list-2016-08-04-0.htm
https://movies.ettoday.net
http://www.ettoday.net/news/news-list-2018-04-27-0.htm
https://sports.ettoday.net/news/1692552
http://www.ettoday.net/news/news-list-2019-06-14-0.htm
https://boba.ettoday.net/videonews/204321
https://health.ettoday.net/category/飲食/5
https://movies.ettoday.net/news/1692483
https://www.ettoday.net/feature/習近平/4458/5
https://fashion.ettoday.net/focus/潮流/6
https://www.ettoday.net/feature/行銷雲/14418?tt=行銷新聞
https://boba.ettoday.net/video/274/563/137960
https://www.ettoday.net/news/20200413/1690355.htm?from=feature
https://sports.ettoday.net/news/1692547
https://www.ettoday.net/news/20200416/1692560.htm
https://boba.ettoday.net/sub_category/230/620?from=boba_issue
http://www.ettoday.net/news/news-list-2012-03-11-0.htm
https://movies.ettoday.net/news/1684385
http://www.ettoday.net/news/news-list-2013-05-31-0.htm
https://fashion.ettoday.net/focus/最新
http://www.ettoday.net/news/news-list-2014-02-08-0.htm
https://fashion.ettoday.net/focus/生活
http://www.ettoday.net/news/news-list-2015-02-08-0.htm
https://star.ettoday.net/news/1692513
http://www.ettoday.net/news/news-list-2015-12-05-0.htm
https://boba.ettoday.net/videonews/198165
http://www.ettoday.net/news/news-list-2018-10-31-0.htm
https://boba.ettoday.net/sub_category/274/585
https://www.ettoday.net/news/20200210/1642071.htm?from=pctaglist 
https://boba.ettoday.net/category/278
https://www.ettoday.net/news/20200409/1687113.htm?from=feature
https://fashion.ettoday.net/news/1688317/
https://www.ettoday.net/news/20200415/1691842.htm?ercamp=sorted_hot_news
https://sports.ettoday.net/news-list/競技/陸上、水上
http://www.ettoday.net/news/news-list-2011-10-23-0.htm
https://sports.ettoday.net/sport-category/棒球
http://www.ettoday.net/news/news-list-2012-02-18-0.htm
https://boba.ettoday.net/category/279
http://www.ettoday.net/news/news-list-2015-06-27-0.htm
https://boba.ettoday.net/videonews/204601
http://www.ettoday.net/news/news-list-2017-03-05-0.htm
https://boba.ettoday.net/videonews/203088
http://www.ettoday.net/news/news-list-2018-05-07-0.htm
https://fashion.ettoday.net/news/1692388
https://www.ettoday.net/news/focus/保險/
https://movies.ettoday.net/video/91/209820
https://www.ettoday.net/news/focus/財經/重大資訊/
https://sports.ettoday.net/news-list/棒球/MLB
https://www.ettoday.net/news/tag/楊文嘉/
https://boba.ettoday.net/video/274/544/136583
http://www.ettoday.net/news/news-list-2011-12-19-0.htm
https://boba.ettoday.net/category/33/209362
https://www.ettoday.net/news/20160617/718053.htm?from=pctaglist 
https://boba.ettoday.net/video/266/477/209457
https://www.ettoday.net/news/20200211/1643332.htm?from=feature
https://star.ettoday.net/news/1692557
https://www.ettoday.net/news/20200414/1690763.htm
https://boba.ettoday.net/videonews/210110?from=popular
http://www.ettoday.net/news/news-list-2016-01-15-0.htm
https://star.ettoday.net/news/1692560
http://www.ettoday.net/news/news-list-2016-08-15-0.htm
https://boba.ettoday.net/videonews/207654
http://www.ettoday.net/news/news-list-2016-11-21-0.htm
https://star.ettoday.net/news/1691506
http://www.ettoday.net/news/news-list-2017-07-01-0.htm
https://fashion.ettoday.net/focus/奢逸/2
http://www.ettoday.net/news/news-list-2019-04-29-0.htm
https://sports.ettoday.net/news-list/競技/技擊、球類
https://www.ettoday.net/news/20200108/1620493.htm?feature=王令麟&tab_id=1016
https://sports.ettoday.net/news/1692146
https://www.ettoday.net/news/20200221/1651172.htm?from=pctaglist 
https://star.ettoday.net/star-category/音樂
https://www.ettoday.net/news/20200414/1691575.htm
https://fashion.ettoday.net/focus/潮流/3
http://www.ettoday.net/album/category-all-19.htm
https://boba.ettoday.net/sub_category/266/466
http://www.ettoday.net/changeReadType.php?rtype=0&rurl=http%3A%2F%2Fwww.ettoday.net%2Ffeature%2Fufo%2F942%3Ftt%3D%25E9%2587%2591%25E5%25AD%2597%25E5%25A1%2594
https://boba.ettoday.net/sub_category/274/561/136889
http://www.ettoday.net/news/news-list-2015-05-01-0.htm
https://sports.ettoday.net/news/1691043
https://travel.ettoday.net/category/特色民宿/
https://fashion.ettoday.net/news/1685259/
https://www.ettoday.net/news/20200216/1646940.htm?from=pctaglist 
https://boba.ettoday.net/category/266/209459
https://www.ettoday.net/news/20200331/1681006.htm?from=pctaglist 
https://boba.ettoday.net/video/266/479/204724
https://www.ettoday.net/news/20200406/1685041.htm?from=feature
https://boba.ettoday.net/videonews/204598
https://www.ettoday.net/news/20200414/1691176.htm
https://boba.ettoday.net/video/33/118/66409
https://www.ettoday.net/news/20200415/1691748.htm?ercamp=sorted_hot_news
https://boba.ettoday.net/videonews/209646
http://www.ettoday.net/news/news-list-2012-02-26-0.htm
https://boba.ettoday.net/video/274/585/139224
http://www.ettoday.net/news/news-list-2019-06-05-0.htm
https://sports.ettoday.net/news-list/棒球/中職/3
https://www.ettoday.net/feature/jhbl/1525?tt=最新消息
https://boba.ettoday.net/category/266/207628
https://www.ettoday.net/news/20161010/790675.htm?ercamp=sorted_hot_news
https://fashion.ettoday.net/focus/潮流/10
https://www.ettoday.net/news/20190624/1473873.htm?feature=ufo&tab_id=944
https://star.ettoday.net/media/19/191765
https://www.ettoday.net/news/20200320/1672170.htm?from=pctaglist 
https://sports.ettoday.net/news-search.phtml?keywords=樂天桃猿
http://www.ettoday.net/news/news-list-2015-07-31-0.htm
https://star.ettoday.net/media/13/39586
http://www.ettoday.net/news/news-list-2017-02-16-0.htm
https://fashion.ettoday.net/focus/潮流/8
https://www.ettoday.net/feature/doh/13794?tt=戒菸爭得好難
https://fashion.ettoday.net/focus/美麗/5
https://www.ettoday.net/news/20181225/1340284.htm?from=feature
https://boba.ettoday.net/category/228
http://www.ettoday.net/news/news-list-2016-02-21-0.htm
https://boba.ettoday.net/video/266/466/204572
https://travel.ettoday.net/category/露營旅遊/
https://sports.ettoday.net/news-list/棒球/中職/15
https://www.ettoday.net/news/20190425/1430254.htm?from=pctaglist 
https://boba.ettoday.net/category/267
https://www.ettoday.net/news/20200329/1679380.htm?from=feature
https://boba.ettoday.net/video/266/478/202745
http://www.ettoday.net/album/category-all-73.htm
https://sports.ettoday.net/news-list/棒球/中職/7
http://www.ettoday.net/news/news-list-2011-12-04-0.htm
https://star.ettoday.net/news/1692158
http://www.ettoday.net/news/news-list-2018-10-01-0.htm
https://boba.ettoday.net/sub_category/266/477
http://www.ettoday.net/news/news-list-2018-10-09-0.htm
https://boba.ettoday.net/video_tag/命案
http://www.ettoday.net/news/news-list-2018-12-04-0.htm
https://boba.ettoday.net/sub_category/274/544
http://www.ettoday.net/news/news-list-2019-12-01-0.htm
https://sports.ettoday.net/news-search.phtml?keywords=壞小子
https://www.ettoday.net/news/20200416/1692566.htm?from=pctaglist 
https://star.ettoday.net/album.phtml
http://www.ettoday.net/news/news-list-2012-02-20-0.htm
https://star.ettoday.net/column/
http://www.ettoday.net/news/news-list-2013-12-12-0.htm
https://movies.ettoday.net/video/91/209467
https://forum.ettoday.net/news/1684758
https://sports.ettoday.net/news/1692047
https://health.ettoday.net/news/1682118
https://boba.ettoday.net/video/266/479/205964
https://www.ettoday.net/news/20200310/1654431.htm?from=pctaglist 
https://sports.ettoday.net/news-list/籃球/NBA
http://www.ettoday.net/album/category-all-105.htm
https://fashion.ettoday.net/news/1690839/
http://www.ettoday.net/news/news-list-2015-02-28-0.htm
https://sports.ettoday.net/news-list/籃球/HBL、UBA
http://www.ettoday.net/news/news-list-2016-10-30-0.htm
https://fashion.ettoday.net/feature/434
http://www.ettoday.net/news/news-list-2017-10-08-0.htm
https://fashion.ettoday.net/focus/時尚/19
http://www.ettoday.net/news/news-list-2018-10-29-0.htm
https://movies.ettoday.net/tag.phtml?keyword=漫威
http://www.ettoday.net/news/news-list-2019-05-28-0.htm
https://boba.ettoday.net/category/266/209457
http://www.ettoday.net/album/category-all-109.htm
https://boba.ettoday.net/videonews/171997
http://www.ettoday.net/album/photo-2-8666.htm
https://star.ettoday.net/news/1692464
http://www.ettoday.net/news/news-list-2016-09-03-0.htm
https://fashion.ettoday.net/focus/奢逸/7
http://www.ettoday.net/news/news-list-2017-06-27-0.htm
https://movies.ettoday.net/news/1692539
http://www.ettoday.net/news/news-list-2013-06-30-0.htm
http://boba.ettoday.net/videonews/164624?from=et-bottom
https://www.ettoday.net/news.htm
https://sports.ettoday.net/news/1692562
https://www.ettoday.net/news/20191119/1583371.htm?from=pctaglist 
https://boba.ettoday.net/video/266/477/204720
https://www.ettoday.net/news/20200217/1647716.htm?feature=大老闆傳奇-尹衍樑&tab_id=13274
https://fashion.ettoday.net/news/1691071/
https://www.ettoday.net/news/20200329/1679312.htm?from=feature
https://boba.ettoday.net/video/33/404/64620
https://www.ettoday.net/news/20200416/1692344.htm?ercamp=sorted_hot_news
