http://www.td.gov.hk/filemanager/en/content_4491/1108.pdf
https://boba.ettoday.net/video/266/479/166782
https://events.ettoday.net/activity/dalemon_work/article/24426/last
https://www.hk01.com/%E7%A4%BE%E6%9C%83%E6%96%B0%E8%81%9E/248332/%E6%B8%AF%E7%8F%A0%E6%BE%B3%E5%A4%A7%E6%A9%8B-%E6%B8%AF%E5%BA%9C%E5%85%AC%E5%B8%83%E4%B8%8B%E5%91%A8%E4%B8%89%E6%97%A9%E4%B8%8A9%E6%99%82%E6%AD%A3%E5%BC%8F%E9%80%9A%E8%BB%8A
http://lifestyle.etnet.com.hk/column/index.php/digital/webtalk/8540
https://www.kkbox.com/tw/tc/column/showbiz-0-9057-1.html
https://authority.bibsys.no/authority/rest/authorities/html/13049338
https://www.vac.gov.tw/lp-3132-1.html
http://www.centamap.com/
http://news.cts.com.tw/cts/politics/200704/200704220220879.html
https://www.einvoice.nat.gov.tw/
https://lihi1.com/l0Sk4
http://news.ltn.com.tw/news/politics/breakingnews/2534587
http://think.folklore.tw/
https://druginfo.vghtpe.gov.tw/index.php/advisorynew/people
https://ci.nii.ac.jp/author/DA13885487?l=en
https://www.thepaper.cn/newsDetail_forward_5440249
http://www.fed.cuhk.edu.hk/history/history/%A4%D3%A5%AD%A4%D1%B0%EA%B9%EF%AD%BB%B4%E4%AA%BA%BCv%C5T.pdf
https://cnews.com.tw/174200415a05/
http://www.pxmart.com.tw/E-invoice/
https://games.yahoo.com.tw/
https://hk.on.cc/hk/bkn/cnt/news/20190609/bkn-20190609133153900-0609_00822_001.html
https://www.msn.com/zh-tw/news/national/%E3%80%8A%E6%83%B3%E8%A6%8B%E4%BD%A0%E3%80%8B%E9%BB%9E%E7%87%83%E5%8F%B0%E6%B5%81-4%E6%9C%88%E5%8F%8D%E6%94%BB%E9%9F%93%E5%9C%8B/ar-BB111ASF
http://www.brandhk.gov.hk/brandhk/tc/index.htm
https://health99.hpa.gov.tw/tobacco/index.aspx
http://vghcsm.vghtpe.gov.tw/sleep/index.html
http://www.nownews.com/n/2015/02/03/1594056
http://b5.secretchina.com/news/15/03/17/571244.html
https://notice2.line.me/globalnews/web/document/notice?lang=zh-Hant&country=TW
https://www.bastillepost.com/hongkong/article/4179556-%E3%80%90%E9%80%83%E7%8A%AF%E6%A2%9D%E4%BE%8B%E3%80%91%E4%BF%9D%E5%AE%89%E5%B1%80%E7%A8%B1%E7%B5%95%E9%9D%9E%E7%82%BA%E6%9F%90%E4%B8%80%E5%8F%B8%E6%B3%95%E7%AE%A1%E8%BD%84%E5%8D%80%E4%BF%AE%E8%A8%82
http://sports.ltn.com.tw/news/breakingnews/2598447
https://msg.ettoday.net/msg_liveshow.php?redir=https%3A%2F%2Fboba.ettoday.net%2Fsub_category%2F1%2F284%2F147435%3Ffrom%3Dvodframe_travel&vid=147435
http://www.epochtimes.com/gb/16/10/31/n8447843.htm
http://www.china.com.cn/info/2012-02/17/content_24657712.htm
https://viaf.org/viaf/41718208
https://ent.ltn.com.tw/news/breakingnews/1602779
http://www.taiwanjobs.gov.tw/
https://www.hk01.com/%E7%A4%BE%E6%9C%83%E6%96%B0%E8%81%9E/340974/%E9%80%83%E7%8A%AF%E6%A2%9D%E4%BE%8B-%E5%90%B3%E9%9D%84%E5%84%80%E4%BD%95%E9%9F%BB%E8%A9%A9%E7%AD%89%E6%88%90%E7%AB%8B%E6%94%AF%E6%8F%B4%E5%9F%BA%E9%87%91-%E7%82%BA%E5%82%B7%E8%80%85-%E8%A2%AB%E6%8D%95%E4%BA%BA%E5%A3%AB%E7%B1%8C%E6%AC%BE
http://www.basiclaw.gov.hk/tc/basiclawtext/chapter_1.html
https://accounts.google.com/ServiceLogin?service=youtube&amp;uilel=3&amp;continue=https%3A%2F%2Fwww.youtube.com%2Fsignin%3Fapp%3Ddesktop%26hl%3Dzh-TW%26feature%3Dplaylist%26action_handle_signin%3Dtrue%26next%3D%252Fwatch%253Fv%253DrRVUg7tEHjU%2526feature%253Dyoutu.be&amp;hl=zh-TW&amp;passive=true
https://cris.hpa.gov.tw/
http://books.google.com/books?id=eUk2AQAAIAAJ
http://www.cuhk.edu.hk/ics/clrc/crcl_49/li.pdf
http://www.lawbank.com.tw/news/NewsContent.aspx?NID=67739.00
https://pbs.twimg.com/profile_images/875476478988886016/_l61qZdR.jpg
https://news.ftv.com.tw/news/detail/2018B19P16M1
https://ent.ltn.com.tw/news/breakingnews/3117097
http://www.news.gov.hk/tc/categories/environment/html/2011/09/20110918_150846.shtml
http://paper.wenweipo.com/2011/01/12/PL1101120001.htm
http://unitas.udngroup.com.tw/
http://www.hongkongairport.com/chi/media/press-releases/pr_1055.html
https://pgw.udn.com.tw/gw/photo.php?u=https://uc.udn.com.tw/photo/2020/02/20/1/7495311.jpg&x=0&y=0&sw=0&sh=0&sl=W&fw=1050
http://www.geopark.gov.hk/publications/Geopark_Leaflet.pdf
https://www.lboro.ac.uk/gawc/world2018t.html
http://a.udn.com/focus/2016/10/22/25337/index.html
https://tobacco-information.hpa.gov.tw
https://www.hpa.gov.tw/Pages/Detail.aspx?nodeid=129&pid=12251
http://www.imf.org/external/pubs/ft/weo/2017/01/weodata/weorept.aspx?sy=2016&amp;ey=2016&amp;scsm=1&amp;ssd=1&amp;sort=country&amp;ds=.&amp;br=1&amp;pr1.x=42&amp;pr1.y=7&amp;c=532&amp;s=NGDPD%2CNGDPDPC%2CPPPGDP%2CPPPPC&amp;grp=0&amp;a=
http://www.libertytimes.com.tw/2011/new/dec/9/today-sp6.htm
https://hk.on.cc/hk/bkn/cnt/news/20190612/bkn-20190612123558592-0612_00822_001.html?eventsection=hk_news&amp;eventid=4028828d62039fca01621f88f7b810ea
https://mammy.hpa.gov.tw/
http://iservice.libertytimes.com.tw/liveNews/news.php?no=673958&amp;type=%E5%8D%B3%E6%99%82%E6%96%B0%E8%81%9E
https://ec.ltn.com.tw/article/breakingnews/2781431
http://www.nshk.org.hk/html/d_50cel/index.htm
https://www.hk01.com/政情/331424/%E9%80%83%E7%8A%AF%E6%A2%9D%E4%BE%8B-%E6%B0%91%E9%99%A36%E6%9C%88%E7%AC%AC%E4%B8%89%E6%AC%A1%E9%81%8A%E8%A1%8C-%E7%9B%AE%E6%A8%9930%E8%90%AC%E4%BA%BA-%E7%B1%B2%E6%B8%AF%E4%BA%BA%E7%AB%99%E5%90%8C%E4%B8%80%E9%99%A3%E7%B7%9A
https://www.ptt.cc/man/ChangHua/DB80/D22F/D75/M.1204187258.A.795.html
https://technews.tw/2020/01/06/taipei-mrt-east-ring-route-feasibility-examination-passed/
http://quant-astro.funyu.asia
https://news.ebc.net.tw/News/Article/138599
http://www.gov.tw/
https://www.microsoft.com/download/internet-explorer.aspx
https://www.webcitation.org/5glwctzKV?url=https://www.cia.gov/library/publications/the-world-factbook/geos/hk.html
https://www.upmedia.mg/news_info.php?SerialNo=10493
https://news.ltn.com.tw/news/focus/paper/556137
http://news.ltn.com.tw/news/politics/breakingnews/2022512
http://news.china.com.cn/2015-09/09/content_36535581.htm
https://health.hpa.gov.tw/hpa/info/index.aspx
https://d-nb.info/gnd/4025822-1
http://line.me/R/msg/text/?https://newtalk.tw/news/view/2020-04-16/392240%0D%0Ahttps://newtalk.tw/news/view/2020-04-16/392240
https://mp.weixin.qq.com/s/BnXGi5JEGX_gGcqvJetaFw
http://threephoenixes.pixnet.net/blog/post/313358395
https://www.imdb.com/title/tt11262762/
https://www.npr.org/sections/coronavirus-live-updates/2020/03/27/822514756/fearing-shortages-people-are-planting-more-vegetable-gardens
http://www.landsd.gov.hk/mapping/sc/publications/total.htm
https://ent.ltn.com.tw/news/breakingnews/2979363
http://www.csb.gov.hk/hkgcsb/doclib/showcasing_c_gb.pdf
https://www.linetv.tw/drama/10900/
http://www.dailymail.co.uk/news/article-2586626/First-daughters-club.html
https://oops.udn.com/
http://www.legco.gov.hk/yr98-99/chinese/bc/bc73/papers/cbc73ppr.htm
http://www.2017.gov.hk/filemanager/template/tc/doc/Con_Doc_c_%28FINAL%29_With_Cover.pdf
http://xinweiyuekan.com/news/2010-12-02/%E4%B9%A0%E8%BF%91%E5%B9%B3%E5%86%9B%E4%BA%8B%E7%94%9F%E6%B6%AF%E6%8F%AD%E7%A7%98%E8%8E%B7%E5%86%9B%E5%A4%B4%E8%B5%9E%E8%B5%8F%E6%B8%8A%E6%BA%90%E6%B7%B1%E5%8E%9A
http://www.washingtonpost.com/world/asia_pacific/chinese-communist-leaders-denounce-us-values-but-send-children-to-us-colleges/2012/05/18/gIQAiEidZU_story.html
https://www.e-c.edu.hk/tc/publications_and_related_documents/on4_2nd2.html
https://www.gld.gov.hk/egazette/
https://young.hpa.gov.tw/index/
http://www.landsd.gov.hk/mapping/en/publications/hk_geographic_data_sheet.pdf
http://t17.techbang.com/topics/13169-e-invoice-to-teach-war-manuals-auto-awards-winning-direct-remit-account
https://hd.stheadline.com/news/realtime/hk/1534456/%E5%8D%B3%E6%99%82-%E6%B8%AF%E8%81%9E-%E4%B8%83%E4%B8%80YY%E5%9B%9E%E6%AD%B8-%E7%A4%BA%E5%A8%81%E8%80%85%E9%90%B5%E7%B1%A0%E8%BB%8A%E8%A1%9D%E6%93%8A%E7%AB%8B%E6%9C%83%E6%92%9E%E7%88%86%E7%8E%BB%E7%92%83%E9%96%80-%E8%AD%B0%E5%93%A1%E5%88%B0%E5%A0%B4%E6%96%A1%E6%97%8B
http://tw.dorama.info/drama/pfd_rate.php?num=25454
https://topick.hket.com/article/2372989
https://topic.udn.com/wuhanvirus/news?form=udn_ch2_common3_index
https://www.marieclaire.com.tw/lifestyle/travel/48070?atcr=d5077e
https://tickets.udn.com/
https://vocus.cc/@jtresult/5df7241ffd8978000112126d
https://reurl.cc/Na7Noe
http://www.tsh.org.tw/
https://video.udn.com/news/1174059
https://uevent.udnfunlife.com/about.php
http://www.yearbook.gov.hk/1998/cwww/events/index08.htm
http://www.foxconn.com/
https://wellness.hpa.gov.tw/
https://news.ltn.com.tw/news/focus/paper/1283296
https://news.ebc.net.tw/News/Article/153559
https://weibo.com/u/6633888744
https://www.storm.mg/article/650498
https://mycte.turnnewsapp.com/varietytheatre/353503
http://hk.crntt.com/doc/1003/5/3/5/100353595.html
https://www.wealth.com.tw/home/articles/14965
http://www.techbang.com/posts/8730-e-invoice-to-teach-war-manuals-automatically-award-winning-direct-remit-account
http://www.sxdaily.com.cn/n/2012/1118/c219-5015603-1.html
https://hdl.handle.net/11296/eghr7a
https://www.instagram.com/p/BmxU1eqHTAL
https://www.incheon2014ag.org/Sports/Biographies/Athletes_Profile/?ParticCode=5113165&amp;lang=en
https://www.styletc.com/?utm_source=ctwant
https://olap.hpa.gov.tw/
http://news.rthk.hk/rthk/ch/component/k2/1407739-20180718.htm
http://cn.nytimes.com/china/20141028/c28hongkong/zh-hant/
https://www.hk01.com/%E4%B8%AD%E5%9C%8B/164077/%E6%B7%B1%E5%9C%B3%E8%B6%85%E9%A6%99%E6%B8%AF-%E5%BB%A3%E5%B7%9E%E9%87%8D%E6%85%B6gdp%E6%96%99%E4%BA%A6%E5%B0%87%E8%B6%85%E8%B6%8A%E9%A6%99%E6%B8%AF-%E6%B8%AF%E4%BA%BA%E5%9D%87gdp%E4%BB%8D%E4%BD%94%E5%84%AA
https://tickets.udnfunlife.com/application/utk01/utk0101_.aspx?sid=91_udn&utm_source=udn.com&utm_medium=referral_familybar_udn&utm_term=familybar_udn&utm_campaign=20170118_UDN
https://bwfbadminton.com/player/61427/tai-tzu-ying/head-to-head-analysis/
http://www.cobiss.si/scripts/cobiss?command=DISPLAY&amp;base=CONOR&amp;rid=299986787
https://archive.is/20120716023414/http://www.appledaily.com.tw/appledaily/article/sports/20110718/33535092
http://expo.udn.com/?familybar_hide
https://www.gov.uk/government/news/fco-statement-on-the-hong-kong-national-party
http://status.twitter.com
https://www.google.com/maps/search/?api=1&amp;query=25.0516439%2C121.5103163
http://www.thehongkongtravelguide.com/
http://www.avenueofstars.com.hk/tc/hong-kong-movie-history
https://www.heritage.org/index/ranking
https://www.idref.fr/172797691
http://catalogue.bnf.fr/ark:/12148/cb11988563q
https://support.apple.com/zh_TW/downloads/safari
https://udncollege.udn.com/785/
https://news.ebc.net.tw/News/world/166891
http://www.bbc.co.uk/zhongwen/trad/business/2011/12/111214_hongkong_financial_market.shtml
https://www.owlcamptw.com/
https://libris.kb.se/auth/395785
http://www.fmprc.gov.cn/web/fyrbt_673021/t1474476.shtml
http://www.am730.com.hk/column-177566
https://www.setn.com/News.aspx?NewsID=436408
https://zh-tw.facebook.com/britishmeow/
https://www.elle.com/tw/beauty/skin/a30035211/nblife1128/
https://udndata.com/ndapp/udntime/udntag/UtIndex
https://accounts.google.com/ServiceLogin?passive=true&amp;hl=zh-TW&amp;continue=https%3A%2F%2Fwww.youtube.com%2Fsignin%3Ffeature%3Dplaylist%26hl%3Dzh-TW%26next%3D%252Fchannel%252FUCD4Fd_NGg7EmwZqzp_SEZRg%252Ffeatured%26action_handle_signin%3Dtrue%26app%3Ddesktop&amp;uilel=3&amp;service=youtube
https://goo.gl/WUY3N3
http://www.edb.gov.hk/FileManager/TC/Content_3419/CH_S1-3_AV_12.doc
https://thestandnews.com/politics/%E9%80%83%E7%8A%AF%E6%A2%9D%E4%BE%8B-%E8%B3%AA%E7%96%91%E7%99%BE%E8%90%AC%E4%BA%BA%E4%B8%8A%E8%A1%97-%E5%A0%B1%E5%A4%A7%E6%95%B8-%E7%92%B0%E6%99%82-%E6%96%A5%E5%8B%BE%E7%B5%90%E8%A5%BF%E6%96%B9%E6%90%9E%E4%B8%B2%E9%80%A3-%E6%8C%BE%E6%B4%8B%E8%87%AA%E9%87%8D%E9%81%95%E5%8F%8D%E4%B8%80%E5%9C%8B%E5%85%A9%E5%88%B6/
https://www.fmprc.gov.cn/web/wjdt_674879/gjldrhd_674881/t1671977.shtml
http://money.cnn.com/magazines/fortune/fortune_archive/1995/06/26/203948/index.htm
https://pbs.twimg.com/profile_images/1242902762481946627/X2gdGC6W.jpg
http://line.naver.jp/R/msg/text/? 台灣原創角色首次組團新南向 共拓新商機%0D%0Ahttp://ulicensing.udnfunlife.com/news.php?i=36
https://www.pentoy.hk/%E5%BA%AB%E6%96%AF%E5%85%8B%EF%BC%9A%E6%98%AF%E8%AA%B0%E6%8B%BF%E8%B5%B0%E4%BA%86%E9%A6%99%E6%B8%AF%E7%9A%84%E5%B8%82%E8%AD%B0%E6%9C%83%EF%BC%9F/
http://life.mingpao.com/cfm/dailynews3b.cfm?File=20090503/nalgw/gwa1.txt
http://std.stheadline.com/instant/articles/detail/1019254
http://www.friendearth.com/blogsearch/view_32511.html
https://wikimediafoundation.org/
http://www.xsmart4.com/web_edit/edit_show.asp?ID=677
https://twitter.com/?lang=uk
http://isni.org/isni/0000000121793140
http://reading.udn.com/v2/bookMain.do
https://www.google.com.tw/maps/place/%E5%8F%B0%E5%8C%97%E6%A6%AE%E6%B0%91%E7%B8%BD%E9%86%AB%E9%99%A2/@25.1200019,121.520461,15z/data=!4m2!3m1!1s0x0:0x6e4ef1df49d7787d
http://www.google.com/publicdata/explore?ds=d5bncppjof8f9_&amp;ctype=l&amp;bcs=d&amp;nselm=h&amp;met_y=ny_gdp_mktp_cd&amp;scale_y=log&amp;rdim=country&amp;idim=country:HKG:CHN
http://www.vetstreet.com/our-pet-experts/8-ways-your-pet-can-help-relieve-your-stress
http://www.icac.org.hk/tc/press/index_id_330.html
https://www.bloomberg.com/billionaires/
http://www.bestchinanews.com/International/11799.html
https://www.forbes.com/taiwan-billionaires/list/
https://www.etpet.com.tw/
http://wikitravel.org/zh/香港
https://news.ltn.com.tw/news/politics/breakingnews/1891005
https://business.twitter.com/en/help/troubleshooting/how-twitter-ads-work.html
https://www.linebiz.com/
https://www.motc.gov.tw/uploaddowndoc?file=yearbook%2F106%2F106YB13/106YB130202.pdf&amp;filedisplay=106YB130202.pdf&amp;flag=doc
http://orientaldaily.on.cc/cnt/news/20120704/00176_027.html
http://onelink.to/93v5kd
http://news.ltn.com.tw/news/life/breakingnews/1863575
https://accounts.google.com/ServiceLogin?hl=zh-TW&amp;passive=true&amp;service=youtube&amp;continue=https%3A%2F%2Fwww.youtube.com%2Fsignin%3Faction_handle_signin%3Dtrue%26next%3D%252Fwatch%253Fv%253DXbtY5O46uxw%2526list%253DPLr8iY2AvgOL2q6wVDpq0JkwF48afm7Z3b%26app%3Ddesktop%26feature%3D__FEATURE__%26hl%3Dzh-TW&amp;uilel=3
https://feedburner.google.com/fb/a/home?gsessionid=UttdviJI-2vVYkV2_D82jnaSywrNN5Iw
https://theinitium.com/article/20190428-photo-extradition-law-protest/
http://magazine.good.is/guides/good-cities-index-2014
https://punchline.asia/archives/55501
http://politics.people.com.cn/n1/2016/1027/c1001-28814104.html
http://katalog.nsk.hr/F/?func=direct&amp;doc_number=000670902&amp;local_base=nsk10
http://browsehappy.com/
https://bwfbadminton.com/player/61427/tai-tzu-ying/ranking-history/
http://kazan2013.ru/hide/ru/-240/Participant/ParticipantInfo/c261df81-0a74-4baf-8f4f-16cbbee231a4
https://www.beauty321.com/post/30440
http://bit.ly/2CGbuD9 
http://bit.ly/2POVhSo
https://tools.wmflabs.org/geohack/geohack.php?language=zh&amp;pagename=%E9%A6%99%E6%B8%AF&amp;params=22_16_50_N_114_09_55_E_region:HK_type:city(7,234,000)_scale:100000&amp;title=%E9%A6%99%E6%B8%AF
https://www.ft.com/content/7e4b45bc-3eb3-11e1-9139-00144feab49a
http://www.peoplenews.tw/news/d10201bd-de2d-41dc-a018-7a38ca588599
http://www.gandau.gov.tw/
http://www.handicap-free.nat.gov.tw/Applications/Detail/37706?category=20160623102338
http://disp.cc/b/733-5pl6
http://web.hku.hk/~daaobeta/thesis.html
https://www.openstreetmap.org/relation/913110
http://englishnews.ftv.com.tw/Read.aspx?sno=3B48E699CF22740760EF16B0E655152E
https://www.hakka-associations.ntpc.gov.tw/files/15-1002-2039,c121-1.php
https://g07.bimmerpost.com/forums/showthread.php?t=1711379
https://www.usatoday.com/story/money/2020/04/14/coronavirus-gardening-hobby-and-self-sustainability-create-interest/2923047001/
https://movie.douban.com/subject/30468961/
http://www.dw.de/14%E4%B8%96%E8%BE%BE%E8%B5%96%E5%96%87%E5%98%9B%E6%AC%B2%E7%BB%93%E6%9D%9F%E8%BD%AC%E4%B8%96%E5%88%B6%E5%BA%A6/a-17907501
https://news.tvbs.com.tw/politics/790970
https://ulicensing.udnfunlife.com/?sid=uevent&utm_source=uevent&utm_medium=familybar
https://udnfunlife.com/investors.php
http://www.infzm.com/content/15835
http://www.yonglin.org.tw
https://apps.apple.com/tw/app/id370132213?l=zh
http://www.police.gov.hk/offbeat/971/chi/n02.htm
http://www.gwangju2015.com/IRS/eng/zb/engzb_badminton_biography_overview_n6305235_tai_tzu_ying.htm
http://dava.ncl.edu.tw/metadatainfo.aspx?funtype=0&amp;PlayType=2&amp;id=378356&amp;BLID=378359
https://www.accupass.com/go/107FreshTaiwan
http://world.time.com/2012/01/14/taiwan-re-elects-president-ma-bolstering-ties-to-china/
http://www.hkolympic.org/article/c_sports_promotion/96
http://wd.vghtpe.gov.tw/gs/Fpage.action?muid=3&amp;fid=1726
http://vhs.vghtpe.gov.tw/xms/index.php?courseID=230
http://phys.vghtpe.gov.tw/
https://www.sportsv.net/articles/31079
http://hdr.undp.org/en/content/2019-human-development-index-ranking
https://t.me/fortunedalemon 
https://hk.on.cc/hk/bkn/cnt/news/20190514/bkn-20190514002947135-0514_00822_001.html
https://www.nytimes.com/2019/07/26/world/asia/hong-kong-protests-airport.html
http://bwf.tournamentsoftware.com/player-profile/E7478462-B482-44AA-8170-A719B6AE45C9
http://www.locpg.gov.cn/jsdt/2019-02/18/c_1210062255_3.htm
http://news.xinhuanet.com/newmedia/2005-08/12/content_3343991_2.htm
http://www.chiculture.net/0217/html/b08/1205b08.html
http://tcckm.tcc.gov.tw/tccgazFront/gazatte/readByGaz.jsp?vol=108&amp;no=06&amp;startPage=2568&amp;endPage=2597
https://zh.wikipedia.org/wiki/%E6%95%99%E8%82%B2%E5%B1%80_(%E9%A6%99%E6%B8%AF)
https://social-plugins.line.me/lineit/share?url=https://theme.udn.com/theme/story/6774/4354526?utm_source=themelinemobile%26utm_medium=share%26f=lineshare
https://kopkatalogs.lv/F?func=direct&amp;local_base=lnc10&amp;doc_number=000218164&amp;P_CON_LNG=ENG
http://www1.vghtpe.gov.tw/meet/
https://www.watchod.com/odfree/programme/someday-or-one-day/340967?cat=53
http://www.census2011.gov.hk/pdf/summary-results.pdf
https://www6.vghtpe.gov.tw/opd/servlet/opd.Oregi05a?rsect=0IH
http://www.vhtt.gov.tw
http://edn.udn.com/
https://www.vogue.com.tw/beauty/article/%E7%94%9F%E9%85%AE%E6%B8%9B%E9%86%A3%E9%A3%B2%E9%A3%9F-%E7%B6%A0%E6%8B%BF%E9%90%B5?utm_source=ettoday.net&amp;utm_medium=referral&amp;utm_campaign=3rd
https://www.elegislation.gov.hk/hk/cap591!zh-Hant-hk
https://news.mingpao.com/pns/%e6%b8%af%e8%81%9e/article/20190627/s00002/1561574389080/%e5%8d%83%e4%ba%ba%e8%b5%b419%e9%a0%98%e9%a4%a8%e8%ab%8b%e9%a1%98-%e4%bf%83%e5%90%91%e7%bf%92%e6%96%bd%e5%a3%93
https://news.mingpao.com/ins/%E6%B8%AF%E8%81%9E/article/20190611/s00001/1560258909340/%E3%80%90%E9%80%83%E7%8A%AF%E6%A2%9D%E4%BE%8B-%E7%9F%AD%E7%89%87%E3%80%91%E9%87%91%E9%90%98%E7%AB%99%E5%A4%A7%E6%89%B9%E8%AD%A6%E5%93%A1%E6%88%AA%E6%9F%A5%E5%B8%82%E6%B0%91%E6%90%9C%E8%A2%8B-%E6%B0%91%E9%99%A3%E4%BA%BA%E6%AC%8A%E7%9B%A3%E5%AF%9F%E8%AD%B4%E8%B2%AC%E6%BF%AB%E6%AC%8A
http://law.moj.gov.tw/LawClass/LawAll.aspx?PCode=G0340082
https://www.coolloud.org.tw/node/52306
http://www.ithome.com.tw/itadm/article.php?c=68720
https://experimental.worldcat.org/fast/1515516
http://www.numbeo.com/pollution/rankings.jsp
http://www.hko.gov.hk/publica/reprint/r577.pdf
http://lrb.dayoo.com/html/2011-11/30/content_1544847.htm
http://www.hkmdb.com/db/people/view.mhtml?id=66047&amp;display_set=big5
https://hiking.biji.co/index.php?q=member&act=article&member=507213
http://www.housingauthority.gov.hk/b5/interactivemap/hkmap/0,,3-347-18_18_2,00.html
http://cpc.people.com.cn/n1/2017/0504/c117005-29253959.html
https://news.ltn.com.tw/news/life/breakingnews/3047009?fbclid=IwAR3VpVVQd4fzlPVTg1z4r2-7TIIzGujGXPKDTPiTxL0QyUFlZfylOJMTHrw
https://www.viki.com/tv/36775c-some-day-or-one-day?locale=en
http://www.ln.gov.cn/qmzx/gmy_99505/cw/xjp/np/201211/t20121127_1005892.html
https://thediplomat.com/2020/04/an-open-letter-to-the-people-of-the-united-states-from-100-chinese-scholars/
http://safecities.economist.com/wp-content/uploads/2015/01/EIU_Safe_Cities_Index_2015_white_paper-1.pdf
http://opac.calis.edu.cn/aopac/ajsp/detail.jsp?actionfrom=1&amp;actl=CAL++n2004006606
http://data.bnf.fr/ark:/12148/cb11988563q
http://sme.mpfinance.com/cfm/content2.cfm?PublishDate=20060912&amp;TopicID=bb02&amp;Filename=gaa1.txt
https://www.thenewslens.com/article/93868
http://hkupop.hku.hk/chinese/release/release529.html
http://www.vhct.gov.tw/
https://upload.wikimedia.org/wikipedia/commons/2/2d/Yue-%E9%A6%99%E6%B8%AF.oga
http://www.crntt.tw/doc/1054/4/8/3/105448359.html?coluid=93&amp;kindid=13691&amp;docid=105448359
https://www.cens.com/cens/html/zh/?utm_source=udn&utm_medium=ref_familybar_udn&utm_term=familybar_udn
https://www.vghtpe.gov.tw/Fpage.action?muid=1490&fid=1320
http://www.cardu.com.tw/news/detail.htm?nt_pk=7&amp;ns_pk=11620
http://www.wenxuecity.com/news/2015/01/17/3957819.html
http://blog.xuite.net/my_moica/blog/40284988
http://hzdaily.hangzhou.com.cn/hzrb/html/2014-04/26/content_1716743.htm
https://www.mpweekly.com/culture/612-%e5%8f%8d%e9%80%81%e4%b8%ad-%e7%a4%be%e9%81%8b-112989
https://news.mingpao.com/ins/%E6%B8%AF%E8%81%9E/article/20190614/s00001/1560490666123/%E3%80%90%E9%80%83%E7%8A%AF%E6%A2%9D%E4%BE%8B%E3%80%91%E9%86%AB%E5%AD%B8%E7%95%8C%E4%BF%83%E8%AD%A6%E6%96%B9%E9%81%BF%E5%85%8D%E9%86%AB%E9%99%A2%E5%85%A7%E6%8B%98%E6%8D%95%E6%B1%82%E8%A8%BA%E7%A4%BA%E5%A8%81%E8%80%85-%E9%86%AB%E7%AE%A1%E5%B1%80-%E8%87%B4%E5%8A%9B%E4%BF%9D%E9%9A%9C%E7%97%85%E4%BA%BA%E7%A7%81%E9%9A%B1
https://sina.com.hk/news/article/20150703/0/2/2/%E5%9B%9E%E9%A1%A7-%E9%A6%99%E6%B8%AF1998%E5%B9%B4%E9%87%91%E8%9E%8D%E5%B8%82%E5%A0%B4%E8%A1%80%E6%88%B0%E5%A4%A7%E9%B1%B7%E7%B4%A2%E7%BE%85%E6%96%AF-906068.html
https://news.mingpao.com/ins/%e6%b8%af%e8%81%9e/article/20190610/s00001/1560134041944/%e3%80%90%e9%80%83%e7%8a%af%e6%a2%9d%e4%be%8b-%e5%8f%8d%e4%bf%ae%e4%be%8b%e9%81%8a%e8%a1%8c%e3%80%91%e6%b0%91%e9%99%a3%e4%bc%b0%e7%ae%97103%e8%90%ac%e4%ba%ba-%e9%9b%b7%e9%bc%8e%e9%b3%b4-%e7%84%a1%e4%b9%9c%e7%94%a8%e8%85%a6
http://news.sina.com.hk/news/19/1/1/2511573/1.html
http://www.appledaily.com.tw/realtimenews/article/new/20160929/958457/
https://www.feds.com.tw/tw/Login/Register?ReturnUrl=http%3A%2F%2Fwww.feds.com.tw%2F
http://www.tid.gov.hk/tc_chi/cepa/cepa_overview.html
https://www.ctba.org.tw/
https://tw.help.yahoo.com/kb/helpcentral
https://tw.knowledge.yahoo.com/
https://member.udn.com/member/center.jsp?hold=y
http://www2.dorts.gov.tw/news/bulletin/CITY29/980206說明會簡報.pdf
https://apnews.com/68a9e1b91de4ffc166acd6012d82c2f9
https://www.cw.com.tw/article/article.action?id=5092446
https://www.mohw.gov.tw/
http://blog.udn.com/gloomybear/84064356?list_ch2_index
https://racingmemories.hk/zh/photogallery/1841-01-16-convention-of-chuenpi-1-1841-01-16-穿鼻草約-1/
http://www.flickr.com/groups/hongkong/
http://news.163.com/07/1223/01/40C3FGKF0001124J.html
http://www.redbull.com/tw/zh/stories/1331791977035/tai-tzu-ying-the-queen-of-fake-move
https://register.dpma.de/DPMAregister/marke/register/3020201039359/DE
https://m.mingpao.com/ins/港聞/article/20190610/s00001/1560180249296/【逃犯條例】基督教團體政總外辦72小時祈禱會-籲港府建制派轉軚或辭職
https://hongkongfp.com/2020/04/14/open-letter-the-communist-partys-rule-by-fear-endangers-chinese-citizens-and-the-world/
https://www.hk01.com/政情/346245/泛民追擊陳健波收成期論-區諾軒-民主派點先唔破壞你嘅收成期
https://www.chinatimes.com/realtimenews/20200412002008-260404?chdtv
https://www.hk01.com/%E6%94%BF%E6%83%85/345822/%E9%80%83%E7%8A%AF%E6%A2%9D%E4%BE%8B-%E9%84%AD%E8%8B%A5%E9%A9%8A%E7%BC%BA%E5%B8%AD%E5%8A%A0%E6%8B%BF%E5%A4%A7%E5%9C%8B%E6%85%B6%E9%85%92%E6%9C%83-%E4%B8%BB%E6%8C%81%E5%AE%A3%E5%B8%83%E5%BE%8C%E5%98%89%E8%B3%93%E6%AD%A1%E5%91%BC%E9%BC%93%E6%8E%8C
https://www.fountmedia.io/article/1997
https://udn.com/news/cate/2/7225?list_ch2_index
https://running.biji.co/?q=competition&utm_source=UDN&utm_medium=index&utm_campaign=賽事活動
http://www.nexttv.com.tw/news/realtime/politics/11934341/
https://www.zaobao.com.sg/realtime/china/story20190624-966974
https://info.yahoo.com/legal/tw/yahoo/utos/zh-hant-tw/
https://ihealth.vghtpe.gov.tw/
https://1966.gov.tw/LTC/mp-201.html
http://www2.hkej.com/instantnews/current/article/2157691/%E8%AD%A6%E8%BB%8A%E8%AD%A6%E5%AF%9F%E7%B8%BD%E9%83%A8%E5%A4%96%E8%A2%AB%E6%93%B2%E6%B1%BD%E6%B2%B9%E5%BD%88+%E7%84%A1%E4%BA%BA%E5%8F%97%E5%82%B7
http://id.loc.gov/authorities/names/n81001722
http://www.hkba.org/whatsnew/bar-column/1999/0914.htm
https://creativecommons.org/licenses/by-sa/3.0/deed.zh
http://news.sina.com.cn/c/2011-03-09/052322080409.shtml
http://xing.glyx.cn/china/3384.shtml
https://www.taiwanngo.tw/p/404-1000-29843.php
https://ggc.hkxf.com.tw/course/8H10A8030/overview?utm_source=udn&amp;utm_medium=newsrelease_orientation&amp;utm_campaign=IP
http://www.npc.gov.cn/npc/xinwen/dbgz/2008-01/30/content_1391620.htm
http://www.ltsports.com.tw/other/complex/118097-2016-06-30-11-22-46
https://news.agentm.tw/92945
https://www.statistics.gov.hk/pub/B10100022019MM05B0100.pdf
https://pinterest.com/pin/create/button/?url=//star.ettoday.net/news/1689382&media=https://cdn2.ettoday.net/images/4731/d4731291.jpg&description=近年醫療類劇種在韓劇界大行其道，每季也有一至兩部以醫生為背景編寫的劇集作品。除了有早前剛播畢的《浪漫醫生金師傅2》大受歡迎，最近另一部同樣在韓國引來熱議，由《請回答》系列與《機智牢房生活》的申元浩導演與李祐汀作家班底，再度攜手合作的 tvN 新劇集《機智醫生生活》（슬기로운 의사생활），當中以5位醫生間的友誼與救人使命的日常經歷，為觀眾帶來不少對人性的反思之處。
https://epaper.vac.gov.tw/zh-tw/C/2517%7C20/29886/1/Publish.htm
http://www.savh.gov.tw/savh/
https://bilingual.ndc.gov.tw
http://www.discoverhongkong.com/
http://www.takungpao.com/news/07/03/28/LTA-712714.htm
https://news.ltn.com.tw/news/politics/breakingnews/1285541
http://www.tyvh.gov.tw/
http://www.rthk.org.hk/broadcast75/topic03a.htm
http://opac.nlc.cn/F/?func=accref&amp;acc_sequence=000269714
http://www.ha.org.hk/visitor/ha_visitor_index.asp?Content_ID=10036&amp;Lang=CHIB5&amp;Dimension=100&amp;Ver=HTML
http://news.bbc.co.uk/hi/chinese/news/newsid_2944000/29441642.stm
https://v.qq.com/detail/m/mzc00200umueb9v.html
http://www.ntdtv.com/xtr/gb/2016/10/31/a1294112.html
http://news.creaders.net/china/2011/12/28/1118412.html
https://dev.twitter.com/overview/terms/policy
https://t.co/7UrxtxQYwp
http://support.twitter.com/forums/26810/entries/78525
http://catalogo.bne.es/uhtbin/authoritybrowse.cgi?action=display&amp;authority_id=XX5484765
http://www.weather.gov.hk/wxinfo/pastwx/d1redvis2011c.htm
https://www.etmall.com.tw/HelpCenter/Contact
https://www.happygocard.com.tw/sso/login.do
http://dailynews.sina.com/bg/chn/chnpolitics/chinapress/20150702/00096760762.html
http://www.rfa.org/mandarin/zhuanlan/yehuazhongnanhai/gx-04302013112626.html
https://shopping.ettoday.net/pages/kiehls%E9%87%91%E7%9B%9E%E8%8A%B1%E5%8C%96%E5%A6%9D%E6%B0%B4?fbclid=IwAR0xcZMBC5DJHWbdsrzkLQzCgZxdFtzokSiTmrwH8667DBGNYWSKbMGLrak
https://tw.appledaily.com/new/realtime/20180524/1360254/
http://www.ngensis.com/mad-ref/mad-2.htm
http://www.etax.nat.gov.tw/
http://id.loc.gov/authorities/names/nr91021341
http://invoice.etax.nat.gov.tw/
http://people.mtime.com/1260155/
https://tw.dictionary.yahoo.com/
https://movies.yahoo.com.tw/tv_index.html
http://www.merit-times.com.tw/NewsPage.aspx?unid=454105
http://www.tsna.com.tw/index.php?q=node/67004
http://money.chinatimes.com/news/news-content.aspx?id=20140607000998&amp;cid=1208
https://www.ezding.com.tw/page/faq/faq.html
https://tw.yahoo.com/
https://shop.rockmall.com.tw/news_view.php?id=60927
https://www.hkcnews.com/article/4527/香港-回歸-中國共產黨-4527/香港的沉淪歷程：共禍爆發
http://www.bjthm.com/?c=about&amp;id=37
https://www.thepeninsulaqatar.com/article/26/07/2019/Hong-Kong-protesters-rally-at-airport-to-educate-visitors
https://news.pts.org.tw/article/413154
http://www.scmp.com/news/hong-kong/economy/article/2096456/hong-kong-crowned-worlds-most-competitive-economy
http://www.ypmap.com/
https://id.ndl.go.jp/auth/ndlna/00563400
https://programme.mytvsuper.com/tc/124419/%E6%83%B3%E8%A6%8B%E4%BD%A0
http://www.aboluowang.com/2014/0323/382109.html
https://tw.mall.yahoo.com/
https://tw.buy.yahoo.com/
https://www.cbc.ca/news/world/hong-kong-protesters-airport-1.5225952
http://www.books.com.tw/exep/assp.php/jamezku/products/CN11074847?utm_source=jamezku&amp;utm_medium=ap-books&amp;utm_content=recommend&amp;utm_campaign=ap-201803
https://policies.yahoo.com/tw/zh-hant/yahoo/privacy/index.htm
https://tw.mail.yahoo.com/
https://e-invoice.wellcome.com.tw/help
http://www.hkddn.org/view/demofight2.php?hkddn_ID=1524
https://lis.ly.gov.tw/lglawc/lawsingle?0^980CC026068112980CC006CB81819B8CD40627B181988CD42606
https://issuu.com/801903/docs/3377
https://hamivideo.hinet.net/product/97365.do?cs=2
http://rd.xh.sh.cn/web/HTML/rdweb/rdweb_14-4/2007-07-04/Detail_1275.htm
https://helloyishi.com.tw/healthy-living/sexual-health/6-questions-about-sex-that-many-women-are-afraid-to-ask/
http://data.bibliotheken.nl/id/thes/p000670902
http://www7.vghtpe.gov.tw/hcqa/index1.htm
https://ndltd.ncl.edu.tw/cgi-bin/gs32/gsweb.cgi?o=dnclcdr&amp;s=id=%22076NCCU2189016%22.&amp;searchmode=basic
http://www.victorsport.com.tw/victor_number.php?id=aOcqZoWkyq3H0jbpYQ9WFyh3H0EbqY
https://whatson.astro.com.my/show/someday-or-one-day-ep01/?pid=PACK0000000000240391
http://news.sina.com/sinacn/502-104-103-107/2008-07-28/0206573451.html
https://library.vghtpe.gov.tw/vgh_lib.htm
http://www.zj.xinhuanet.com/newscenter/2007-03/27/content_9618842.htm
https://smarturl.it/4bd451
http://news.qq.com/a/20071229/001430.htm
http://www.info.gov.hk/info/sar5/cecon.htm
http://app.xsmart4.com/
http://www.dw.com/zh/%E6%A0%B8%E5%BF%83%E4%BD%93%E5%88%B6%E5%B0%B1%E6%98%AF%E4%B8%80%E4%B8%AA%E4%BA%BA%E8%AF%B4%E4%BA%86%E7%AE%97/a-36182475
http://news.ifeng.com/mainland/special/zhonggong18da/zjxy.shtml
http://m.news.cctv.com/2017/10/26/ARTIgl2URwdNtKPWEwBsyEWO171026.shtml
http://tw.aboluowang.com/2014/1218/487737.html
https://www.voachinese.com/a/Hong-Kong-Protests-and-G20-20190624/4971176.html
http://www.liberalstudies.tv/politicalreform/ls_politicalreform_05.html
https://www.economist.com/news/leaders/21730144-do-not-expect-mr-xi-change-china-or-world-better-xi-jinping-has-more-clout
https://www.mirrormedia.mg/author/57e8dfd935bef50e009a0ff8
http://www.rfi.fr/tw/%E4%B8%AD%E5%9C%8B/20180417-%E6%9D%8E%E9%8A%B3%E7%BF%92%E8%BF%91%E5%B9%B3%E5%8F%AA%E6%9C%89%E5%B0%8F%E5%AD%B8%E7%A8%8B%E5%BA%A6%E4%B8%94%E5%89%9B%E6%84%8E%E8%87%AA%E7%94%A8
https://www.dorts.ntpc.gov.tw/
http://hk.apple.nextmedia.com/news/art/20070519/7119324
http://www.dayoo.com/gb/content/2002-10/12/content_676753.htm
http://www.travelsouth.hk/tc/history-monuments/cultural-heritage/2012-08-02-06-11-40
https://aleph.nkp.cz/F/?func=find-c&amp;local_base=aut&amp;ccl_term=ica=jo2015855086&amp;CON_LNG=ENG
http://guweb.vghtpe.gov.tw/
https://accounts.google.com/ServiceLogin?hl=zh-TW&amp;passive=true&amp;service=youtube&amp;continue=https%3A%2F%2Fwww.youtube.com%2Fsignin%3Faction_handle_signin%3Dtrue%26next%3D%252Fwatch%253Fv%253DXbtY5O46uxw%2526list%253DPLr8iY2AvgOL2q6wVDpq0JkwF48afm7Z3b%26app%3Ddesktop%26feature%3Dplaylist%26hl%3Dzh-TW&amp;uilel=3
http://maps.google.com/maps?ll=22.281132,114.219790&amp;spn=0.147749,0.229940&amp;t=k&amp;hl=en
https://catalog.archives.gov/id/10044840
https://www.ydn.com.tw/News/336785
https://readinglab.udn.com/dcstore/StoreBook.do?id=38
http://www.xinhuanet.com/politics/2018lh/2018-03/17/c_1122550851.htm
https://web.shobserver.com/wx/detail.do?id=119056
https://www.mozilla.org/zh-TW/firefox/new/
http://www.fia.gov.tw/public/Data/510261535071.pdf
https://www.commonhealth.com.tw/article/article.action?nid=81225&amp;utm_source=ETtoday&amp;utm_medium=referral&amp;utm_campaign=ETtoday
http://archive.news.gov.hk/tc/categories/finance/html/2017/02/20170216_105530.shtml
https://story.udn.com/StoreBook.do?id=131333
https://vghtpehh.vghtpe.gov.tw/
https://www.inmediahk.net/node/1064831
https://www.businesstoday.com.tw/article/category/80392/post/201812190077
http://www.sohu.com/a/134619543_485938
https://ppt.cc/fbNugx
https://newtalk.tw/news/tag/%E9%9B%BB%E8%A6%96%E5%8F%B0
https://terms.line.me/line_rules?lang=zh-Hant&country=TW
https://utravel.udn.com/
https://pse.is/Q2NJU
https://www.olympic.org/tzu-ying-tai
https://imsc.vghtpe.gov.tw/
http://www.unitas.me/?cat=816
https://mybook.taiwanmobile.com/contentGroup/MIR0100100001
https://www.gov.hk/tc/theme/multilanguage/mlp/index.htm
http://tw.nextmedia.com/applenews/article/art_id/33535092/IssueID/20110718/pvtype/r
https://www.new7.com.tw/SNewsView.aspx?Key=%25&amp;i=TXT20180613161929QDV&amp;p=33
http://news.ltn.com.tw/news/politics/breakingnews/2556810
http://windows.microsoft.com/zh-tw/internet-explorer/download-ie
http://www.linkingbooks.com.tw/
https://www.google.com/policies/privacy/
http://www1.hk.apple.nextmedia.com/template/apple/art_main.php?iss_id=20090604&amp;sec_id=4104&amp;art_id=12838035
https://shop.kbro.tv/product_detail.php?name=%E4%B8%BB%E6%9C%8D%E5%8B%99&type=3&key=%E3%80%90Google%20Nest%20Mini%E6%99%BA%E6%85%A7%E9%9F%B3%E7%AE%B1%E3%80%91%E5%85%89%E7%BA%96%E4%B8%8A%E7%B6%B2%2BHD99%E9%AB%98%E7%95%AB%E8%B3%AA%E5%A5%97%E9%A4%90&utm_source=udn&utm_medium=text&utm_campaign=estore_nestmini_2020Apr&utm_content=t
https://www.mirrorfiction.com/
https://talk.ltn.com.tw/article/breakingnews/2614721
https://web.archive.org/web/20150319064711/http://books.google.com/books?id=OFEASYcOplEC
http://t.qq.com/latinqueen_serena
https://accounts.google.com/ServiceLogin?hl=zh-TW&amp;service=youtube&amp;continue=https%3A%2F%2Fwww.youtube.com%2Fsignin%3Ffeature%3Dplaylist%26hl%3Dzh-TW%26action_handle_signin%3Dtrue%26next%3D%252Fwatch%253Fv%253D9d9QtVICPxk%2526feature%253Dyoutu.be%26app%3Ddesktop&amp;uilel=3&amp;passive=true
https://www.worldcat.org/identities/containsVIAFID/41718208
https://www.udngroup.com/
http://www.chinese.rfi.fr/%E6%B8%AF%E6%BE%B3%E5%8F%B0/20111101-%E9%A6%99%E6%B8%AF%E5%9B%A0%E7%A4%BA%E5%A8%81%E5%A4%9A%E8%8D%A3%E7%99%BB10%E5%A4%A7%E6%97%85%E6%B8%B8%E5%9F%8E%E5%B8%82
https://www.ctwant.com/search?q=%E8%97%A5%E4%BA%8B%E6%B3%95
http://partnernet.hktb.com/pnweb/jsp/doc/listDocL.jsp?charset=b5&amp;doc_id=53760&amp;filename=Star%20Ferry%20Harbour%20Tour.doc&amp;logs=&amp;cat_id=&amp;type=
http://www.worldjournal.com/view/full_news/19630396/article-戴資穎、鄭韶婕-中華女單開紅盤?instance=news_pics
http://www.powerapple.com/news/zhong-gang-tai/2015/10/3/2438047.html
https://www.youtube.com/watch?v=q45Kvs4gPQc&amp;list=PLCCSUStC_FqR1EGMvlbphVW1_dUgdZBuM
https://s.weibo.com/weibo?q=%23%E6%83%B3%E8%A7%81%E4%BD%A0%23
https://event.udn.com/AD/
https://udesign.udnfunlife.com/mall/Cc1a00.do?sid=uevent&utm_source=uevent&utm_medium=familybar
http://news.xhby.net/system/2018/07/22/030857640.shtml
https://www.petmd.com/dog/slideshows/general_health/top-ten-health-benefits-walking-your-pet-provides
http://i.ifeng.com/news/sharenews.f?aid=96447030
https://www.cna.com.tw/news/amov/201902230184.aspx
https://misc.vghtpe.gov.tw/index_tw.php
http://sunzi.lib.hku.hk/hkjo/view/44/4401544.pdf
https://yahoo.uservoice.com/forums/600523
http://www.dorts.gov.taipei/cp.aspx?n=EBC5FB619CFBEA9A
http://www.victoria.ylc.edu.tw/31Faith/31index4a.html
http://time.com/70857/xi-jinping-2014-time-100/
http://focustaiwan.tw/news/aeas/201608150006.aspx
http://grants.moc.gov.tw/Web//AwardPublish.jsp?__viewstate=7wPNBxJxTT0yJCFSPTEkIVBUPTIzNTQkIUI9MzA3MCQhU3RhdHVzUGFyYW1ldGVyPU0sUixQVCxCLCQh
https://taicca.tw/news/25
http://awards.licensinginternational.org.cn/jq/44655621.aspx
http://hssh.big5.voc.com.cn/view.php?tid=728&amp;cid=3
https://www.facebook.com/dialog/share?app_id=1996449477296165&display=popup&href=http://ulicensing.udnfunlife.com/news.php?i=82&redirect_uri=http://ulicensing.udnfunlife.com/
https://nownews.com/?p=4034188&from=newtalk&utm_source=NaturalLink&utm_medium=newtalk&utm_campaign=20200415
https://www.104.com.tw/jobbank/custjob/index.php?r=cust&j=384a436b5e463e6944683a1d1d1d1d5f24437323189j56&jobsource=checkc
http://www.octopus.com.hk/octopus-for-businesses/benefits-for-your-business/tc/index.html
https://nla.gov.au/anbd.aut-an36343200
http://www.ccdi.gov.cn/xwtt/201707/t20170724_103537.html
http://www.weibo.com/u/7122148356
https://www.iqiyi.com/lib/m_222534614.html?src=search
https://tw.bid.yahoo.com/
http://aleph.nli.org.il/F/?func=find-b&amp;local_base=NNL10&amp;find_code=SYS&amp;con_lng=eng&amp;request=001801820
https://game.upmedia.mg/LOL/text.php?SerialNo=4736
https://newtalk.tw/news/author/%E6%9C%B1%E8%92%B2%E9%9D%92
http://hk.news.yahoo.com/香港蟬聯全球最自由經濟-062611845.html
http://www.marijan-birus.iz.hr/Chinese/Kina/hong_kong.htm
http://www.legislation.gov.hk/chi/home.htm
https://www.ettoday.net/feature/covid19/14406/4
https://boba.ettoday.net/videonews/187629
https://events.ettoday.net/activity/singapore2018upload/article/22663/last
https://www.hk01.com/社會新聞/341225/逃犯條例-遊行人士佔夏慤道-讓路供巴士離開-疏導受困車輛
https://www.kkbox.com/tw/tc/column/showbiz-0-9104-1.html
https://www.einvoice.nat.gov.tw/home/Company!showCompany;jsessionid=flgSR5vJG2y1tkZshpGxbpxqTCgxBQKnnnj2PK79G1l62GvVfqyn!147166878?companyId=0000001
https://news.ltn.com.tw/news/life/paper/468000
https://tw.money.yahoo.com/
https://www.msn.com/zh-tw/news/national/%E5%8F%B0%E5%8C%97%E3%80%8B%E9%AB%98%E5%98%89%E7%91%9C%E7%8E%8B%E5%A8%81%E4%B8%AD%E8%B3%AA%E8%A9%A2%E9%9F%93%E5%9C%8B%E7%91%9C%E7%99%BC%E7%8D%8E%E9%87%91%E5%BD%B1%E7%89%87%E8%A2%AB%E6%8C%96%E5%87%BA-%E7%B6%B2%E5%8F%8B%E5%90%B5%E7%BF%BB/ar-BBOjzum
https://health99.hpa.gov.tw/default.aspx
http://imaging.vghtpe.gov.tw/index1.html
https://www.nownews.com/news/20190612/3438198/
http://sports.ltn.com.tw/news/breakingnews/2533423
https://msg.ettoday.net/msg_liveshow.php?redir=https%3A%2F%2Fboba.ettoday.net%2Fvideo%2F1%2F284%2F157651%3Ffrom%3Dvodframe_sports&vid=157651
http://www.epochtimes.com/b5/11/2/14/n3170120.htm
http://society.people.com.cn/n/2015/0206/c136657-26521313.html
https://viaf.org/viaf/261062131
https://www.hk01.com/體育/136590/-羽毛球-戴資穎香港再封后-成11年來首衛冕女球手
http://www.basiclaw.gov.hk/text/tc/basiclawtext/chapter_4.html
https://accounts.google.com/ServiceLogin?passive=true&amp;continue=https%3A%2F%2Fwww.youtube.com%2Fsignin%3Faction_handle_signin%3Dtrue%26app%3Ddesktop%26feature%3Dplaylist%26next%3D%252Fchannel%252FUCr-zC57bR8H-IVzfho39zTw%26hl%3Dzh-TW&amp;service=youtube&amp;uilel=3&amp;hl=zh-TW
http://books.google.com/books?id=OFEASYcOplEC
http://www.cuhk.edu.hk/ics/ccaa/linkfile/cuhk_uc.pdf
https://pbs.twimg.com/profile_images/1242902762481946627/X2gdGC6W_400x400.jpg
https://ent.ltn.com.tw/news/paper/1356670
https://www.news.gov.hk/tc/categories/admin/html/2017/08/20170803_213632.shtml
http://www.hongkongairport.com/chi/media/press-releases/pr_1019.html
https://pgw.udn.com.tw/gw/photo.php?u=https://uc.udn.com.tw/photo/2020/03/07/1/7565677.jpg&x=0&y=0&sw=0&sh=0&sl=W&fw=1050
https://news.cts.com.tw/cts/life/201402/201402211382120.html
https://www.hpa.gov.tw/../Pages/List.aspx?nodeid=45
http://www.imf.org/external/pubs/ft/weo/2009/01/weodata/weorept.aspx?pr.x=22&amp;pr.y=6&amp;sy=2008&amp;ey=2008&amp;scsm=1&amp;ssd=1&amp;sort=country&amp;ds=.&amp;br=1&amp;c=512%2C941%2C914%2C446%2C612%2C666%2C614%2C668%2C311%2C672%2C213%2C946%2C911%2C137%2C193%2C962%2C122%2C674%2C912%2C676%2C313%2C548%2C419%2C556%2C513%2C678%2C316%2C181%2C913%2C682%2C124%2C684%2C339%2C273%2C638%2C921%2C514%2C948%2C218%2C943%2C963%2C686%2C616%2C688%2C223%2C518%2C516%2C728%2C918%2C558%2C748%2C138%2C618%2C196%2C522%2C278%2C622%2C692%2C156%2C694%2C624%2C142%2C626%2C449%2C628%2C564%2C228%2C283%2C924%2C853%2C233%2C288%2C632%2C293%2C636%2C566%2C634%2C964%2C238%2C182%2C662%2C453%2C960%2C968%2C423%2C922%2C935%2C714%2C128%2C862%2C611%2C716%2C321%2C456%2C243%2C722%2C248%2C942%2C469%2C718%2C253%2C724%2C642%2C576%2C643%2C936%2C939%2C961%2C644%2C813%2C819%2C199%2C172%2C184%2C132%2C524%2C646%2C361%2C648%2C362%2C915%2C364%2C134%2C732%2C652%2C366%2C174%2C734%2C328%2C144%2C258%2C146%2C656%2C463%2C654%2C528%2C336%2C923%2C263%2C738%2C268%2C578%2C532%2C537%2C944%2C742%2C176%2C866%2C534%2C369%2C536%2C744%2C429%2C186%2C433%2C925%2C178%2C746%2C436%2C926%2C136%2C466%2C343%2C112%2C158%2C111%2C439%2C298%2C916%2C927%2C664%2C846%2C826%2C299%2C542%2C582%2C443%2C474%2C917%2C754%2C544%2C698&amp;s=PPPPC&amp;grp=0&amp;a==
http://www.libertytimes.com.tw/2004/new/mar/8/today-s1.htm
https://hk.on.cc/hk/bkn/cnt/news/20190823/mobile/bkn-20190823135701459-0823_00822_001.html
http://iservice.libertytimes.com.tw/liveNews/news.php?no=674599&amp;type=%E5%8D%B3%E6%99%82%E6%96%B0%E8%81%9E
https://ec.ltn.com.tw/article/breakingnews/2210760
https://www.hk01.com/政情/304357/移交逃犯-民主派中聯辦外抗議-毛孟靜曾與田北俊私下協商
https://www.ptt.cc/man/ChangHua/DB80/D22F/D75/M.1204187258.A.6C3.html
https://www.gov.tw/career/
https://www.upmedia.mg/news_info.php?SerialNo=17641
http://news.ltn.com.tw/news/local/paper/1048194
http://news.ltn.com.tw/news/focus/paper/1098590
http://www.people.com.cn/GB/paper447/7802/742544.html
https://d-nb.info/gnd/171899148
http://line.me/R/msg/text/?https://newtalk.tw/news/view/2020-04-14/391428%0D%0Ahttps://newtalk.tw/news/view/2020-04-14/391428
http://threephoenixes.pixnet.net/blog/post/312464640
https://www.imdb.com/name/nm5631435/
http://www.policyaddress.gov.hk/pa03/chi/highlights.htm
http://www.dailymail.co.uk/news/article-2234241/Xi-Mingze-China-s-new-daughter-attends-Harvard-pseudonym-protected-Chinese-officials.html
https://oops.udn.com/oops/index?familybar_hide
http://www.legco.gov.hk/yr97-98/chinese/bills/bills01/cbills01.htm
https://www.gld.gov.hk/egazette/pdf/20020615/cgn200206152139.pdf
http://www.landsd.gov.hk/mapping/tc/publications/district.htm
http://hd.stheadline.com/news/realtime/hk/1255200/
https://topick.hket.com/article/2374131
https://topic.udn.com/wuhanvirus/news
https://video.udn.com/news/1174089
https://uevent.udnfunlife.com/review.php
http://www.foxconn.com/CompanyIntro.html
https://news.ltn.com.tw/news/politics/breakingnews/1286058
https://weibo.com/latinqueen
https://www.storm.mg/article/191357
https://turnnewsapp.com/ct/161656.html
http://hk.crntt.com/doc/1003/5/7/5/100357582.html?coluid=7&amp;kindid=0&amp;docid=100357582
https://www.wealth.com.tw/home/articles/17568
https://www.techbang.com/posts/8590-how-to-use-mobile-barcodes-to-obtain-electronic-invoices-application-application-process-checklist
https://www.instagram.com/p/B39Q9wFgrWT
https://news.rthk.hk/rthk/ch/component/k2/1457354-20190513.htm?
http://cn.nytimes.com/china/20150308/c08xi/
https://tickets.udnfunlife.com/application/UTK01/UTK0101_.aspx?&amp;SID=90&amp;utm_source=udn.com&amp;utm_medium=news&amp;utm_campaign=1712_color&amp;utm_term=backuT_180307
https://bwfbadminton.com/player/61427
https://archive.today/20190427040017/https://www.nownews.com/news/20181120/3078022/
https://www.gov.uk/government/uploads/system/uploads/attachment_data/file/500942/2006_Jul-Dec.pdf
https://www.idref.fr/027953920
http://catalogue.bnf.fr/ark:/12148/cb16724931b
https://udncollege.udn.com/category/goodreads/
http://www.bbc.com/zhongwen/simp/press_review/2016/10/161024_press_review
https://www.setn.com/News.aspx?NewsID=714932
https://www.cosmopolitan.com/tw/lifestyle/horoscopes-tarot/g31392773/cosmo-20200311-tarot-mr-right/?utm_source=partner&amp;utm_medium=referral&amp;utm_campaign=ettoday
https://udndata.com/udnauthority.html
https://accounts.google.com/ServiceLogin?service=youtube&amp;hl=zh-TW&amp;uilel=3&amp;continue=https%3A%2F%2Fwww.youtube.com%2Fsignin%3Ffeature%3Dplaylist%26hl%3Dzh-TW%26action_handle_signin%3Dtrue%26next%3D%252Fwatch%253Fv%253DXGMX42fWT7U%2526list%253DPLr8iY2AvgOL2XDKsLa94EBzttqaPNx4lL%26app%3Ddesktop&amp;passive=true
https://goo.gl/maps/37BmGASreEL2
http://www.edb.gov.hk/tc/20140202171657.html
https://thestandnews.com/politics/%E5%8F%8D%E9%80%81%E4%B8%AD-%E6%9E%97%E9%84%AD-%E4%B8%8D%E5%87%86%E6%AE%BA%E5%AE%B3%E5%B9%B4%E8%BC%95%E4%BA%BA-%E5%A4%A7%E5%AD%B8%E6%95%99%E6%8E%88%E7%89%B9%E9%A6%96%E8%BE%A6%E5%A4%96%E6%89%8B%E5%AF%AB%E6%A9%AB%E9%A1%8D%E6%8A%97%E8%AD%B0/
https://www.mfa.gov.cn/chn//pds/gjhdq/gj/oz/1206_20/xgxw/t1351718.htm
https://pbs.twimg.com/profile_images/1130299920504594433/-BZZuT3M_400x400.png
http://line.naver.jp/R/msg/text/?療癒暖心「麻吉貓」，商品合作吸引粉絲收藏%0D%0Ahttp://ulicensing.udnfunlife.com/news.php?i=27
http://life.mingpao.com/cfm/dailynews3b.cfm?File=20040722/nalgc/gcd1.txt
http://www.singtao.com/news_special/DoHaAsianGames/?id=504
https://wikimediafoundation.org
http://www.xsmart4.com/ploy/ploy_view.asp?ClassID=677
https://twitter.com/WanabuyaN
http://isni.org/isni/0000000064128645
http://reading.udn.com/v2/policy.jsp
https://www.google.com.tw/intl/zh-TW/policies/privacy/
https://www.bloomberg.com/billionaires/profiles/taiming-gou/
https://www.forbes.com/profile/terry-gou/
https://news.ltn.com.tw/news/politics/breakingnews/2586277
http://the-sun.on.cc/channels/news/20080524/20080524023449_0000.html
http://news.ltn.com.tw/news/world/breakingnews/2182648
https://feedburner.google.com/fb/a/home?gsessionid=v2v1t6bzg5iaQPNBNskW71dj6VmOB4ks
https://theinitium.com/roundtable/20200218-roundtable-cinematheque-someday-or-one-day/
https://punchline.asia/archives/55423
http://scitech.people.com.cn/BIG5/53757/4115149.html
https://www.beauty321.com/post/30332
https://bit.ly/2vLlTwO
http://bit.ly/33zsQx4
http://www.peoplenews.tw/news/418100d5-a3ac-4ef6-9322-0151f311724c?fbclid=IwAR2B-4z6B635bZUUCSFMk8i_ch6a1puHKVXzIfsAYXNxI3EMeAssegqL7Mg
http://www.gandau.gov.tw/nurse/nursinghome/nusinghome1.htm
https://www.handicap-free.nat.gov.tw/Applications/Detail?category=20191017080009
https://movie.douban.com/celebrity/1323882/
https://news.tvbs.com.tw/politics/1029951
https://ulicensing.udnfunlife.com
https://udnfunlife.com/./
https://itunes.apple.com/us/app/zhi-hui-jiao-yi-suo/id1032646593?l=zh&ls=1&mt=8
http://dava.ncl.edu.tw/MetadataInfo.aspx?funtype=0&amp;id=378355
https://wd.vghtpe.gov.tw/regs/Fpage.action?muid=578&amp;fid=232
https://t.me/ctwant
https://news.now.com/home/local/player?newsId=350884
http://www.nytimes.com/1995/10/10/arts/music-review-so-sweet-so-smooth-such-a-king-of-canto-pop.html
http://www.locpg.gov.cn/zlldjh/gaoqiren/200703/t20070324_2240.asp
http://news.xinhuanet.com/2017-10/24/c_1121850042.htm
http://tcckm.tcc.gov.tw/tccgazFront/gazatte/readByGaz.jsp?vol=105&amp;no=09&amp;startPage=4134&amp;endPage=4163
https://zh.wikipedia.org/wiki/%E9%98%BF%E5%A1%9E%E6%8B%9C%E7%96%86
https://today.line.me/tw/pc/article/%E8%BC%95%E9%AC%86%E6%90%B6%E4%BE%BF%E5%AE%9C%E5%B1%8B%EF%BC%81%E5%85%88%E3%80%8C%E5%81%9A%E9%80%99%E4%BA%8B%E3%80%8D%E6%88%BF%E4%BB%B2%E8%87%AA%E7%84%B6%E4%B9%96%E4%B9%96%E5%B9%AB%E4%BD%A0%E7%A0%8D%E5%83%B9-6l5vpj
http://www1.vghtpe.gov.tw/public/cv/cv.htm
https://www6.vghtpe.gov.tw/opd/opd_inter/vgh_opdsick0.htm
http://www.vhyl.gov.tw/index.php?mo=BannerInfo&ac=banner1_show&sn=37
https://www.gq.com.tw/entertainment/article/%E6%83%B3%E8%A6%8B%E4%BD%A0-%E6%8F%92%E6%9B%B2-%E6%AD%8C%E5%96%AE
https://news.mingpao.com/pns/%e6%b8%af%e8%81%9e/article/20190627/s00002/1561574385071/%e5%96%9ag20%e9%97%9c%e6%b3%a8%e9%9b%86%e6%9c%83%e5%be%8c-%e5%8d%83%e4%ba%ba%e5%86%8d%e5%9c%8d%e8%ad%a6%e7%b8%bd-%e5%99%b4%e6%bc%86%e6%92%ac%e5%ad%97%e6%93%b2%e8%9b%8b-%e8%ad%a6%e6%8b%89%e9%96%98%e6%8c%89%e5%85%b5%e4%b8%8d%e5%8b%95
https://news.mingpao.com/ins/%E6%B8%AF%E8%81%9E/article/20190614/s00001/1560523916479/%E3%80%90%E9%80%83%E7%8A%AF%E6%A2%9D%E4%BE%8B-%E5%A4%9A%E5%9C%96%E3%80%91%E5%AA%BD%E5%AA%BD%E9%9B%86%E6%9C%83%E5%91%BC%E3%80%8C%E4%B8%8D%E8%A6%81%E5%81%9A%E5%A4%A9%E5%AE%89%E9%96%80%E6%AF%8D%E8%A6%AA%E3%80%8D%E4%BF%83%E6%92%A4%E4%BF%AE%E4%BE%8B-%E9%9A%BB%E8%BA%AB%E6%93%8B%E8%AD%A6%E5%9F%8E%E5%A7%90-%E6%9E%97%E9%84%AD%E7%84%A1%E7%88%B6%E6%AF%8D%E5%BF%83
http://law.moj.gov.tw/LawClass/LawAll.aspx?PCode=G0340083
https://experimental.worldcat.org/fast/508189
http://www.hko.gov.hk/cis/climahk_c.htm
https://hiking.biji.co/index.php?q=member&act=album&member=505162
http://www.housingauthority.gov.hk/b5/interactivemap/hkmap/0%2C%2C3-347-18_18_2%2C00.html
http://cpc.people.com.cn/GB/64192/105996/6463136.html
http://data.bnf.fr/ark:/12148/cb16724931b
https://www.hkupop.hku.hk/chinese/popexpress/ethnic/eidentity/chibroad/poll/eid_poll_chart.html
https://upload.wikimedia.org/wikipedia/commons/4/42/%E3%80%8A%E4%B8%AD%E5%9C%8B%E5%8F%A2%E5%A0%B1%E3%80%8B%E9%A6%99%E6%B8%AF%E5%B3%B6%E4%BA%BA%E5%8F%A3%E7%B5%B1%E8%A8%88_Hong_Kong_Island_Population_in_%22Chinese_Repository%22%2C_1841.jpg
http://www.cens.com/cens/html/zh/
http://www.vghtpe.gov.tw/vghtpe/files/PDF/thank/106%E5%B9%B41%E6%9C%88%E6%84%9F%E8%AC%9D%E5%87%BD.pdf
https://www.cardu.com.tw/news/detail.php?37218
https://news.mingpao.com/pns/%e8%a6%81%e8%81%9e/article/20190628/s00001/1561659570922/%e5%9c%8d%e8%ad%a6%e7%b8%bd%e6%b8%85%e5%a0%b4%e8%a8%98%e5%90%8d60%e4%ba%ba-%e7%9b%a7%e5%81%89%e8%81%b0%e9%96%8b%e8%85%94%e8%ad%b4%e8%b2%ac-%e9%98%b2%e6%9a%b4%e8%ad%a6%e6%8c%81%e6%a3%8d%e7%9b%be%e9%a9%85%e6%95%a3-%e4%b8%80%e7%94%b7%e6%b6%89%e8%a5%b2%e8%ad%a6%e8%a2%ab%e6%8d%95
https://news.mingpao.com/ins/港聞/article/20190616/s00001/1560684839194/【逃犯條例遊行】警-最高峰33-8萬人遊行-民陣-接近200萬
http://www.appledaily.com.tw/appledaily/article/headline/20170313/37581050/
https://www.feds.com.tw/tw/Shop/Index/34
http://tw.mobile.yahoo.com/
https://member.udn.com/member/login.jsp?site=news&redirect='+$('meta[property=
https://www.cw.com.tw/article/article.action?id=5079596
http://blog.udn.com/?familybar_hide
https://www.flickr.com/photos/vghtpe
http://news.163.com/12/1118/02/8GIFLT9400014AED.html
https://m.mingpao.com/ins/港聞/article/20190606/s00001/1559810554102/【逃犯條例】法律界黑衣遊行-逾2500人參加
https://www.hk01.com/社會新聞/341229/逃犯條例-八大專院校學生會籲周一罷工罷課罷市-收回暴動定性
https://www.chinatimes.com/realtimenews/20181115004207-260407
https://udn.com/news/story/121067/4495395?list_ch2_index
https://running.biji.co/index.php?q=question&act=detail&q_id=417&utm_source=UDN&utm_medium=index&utm_campaign=每日一問答題
https://www.zaobao.com.sg/realtime/china/story20190625-967257
http://sports.sina.com.cn/c/2012-03-06/18205970164.shtml
https://ggc.hkxf.com.tw/course/8H10A8030/overview?utm_source=udn&amp;utm_medium=newsrelease_course&amp;utm_campaign=IP
http://www.statistics.gov.hk/pub/B6XX00032001AN01C0100.pdf
https://pinterest.com/pin/create/button/?url=//star.ettoday.net/news/1692748&media=https://cdn2.ettoday.net/images/4819/d4819849.jpg&description=艾米漢默（Armie Hammer）在《以你的名字呼喚我》飾演帥氣研究生，躍升為許多人心目中的天菜，不過最近他因居家隔離換了新髮型，迷人形象一秒崩塌，秒變《虎王》異國喬。
http://www.savh.gov.tw/ysvh
http://news.cntv.cn/18da/20121116/104557.shtml
https://dev.twitter.com/web/embedded-tweets
https://t.co/FdSCNoJttH
http://support.twitter.com/articles/14226-how-to-find-your-twitter-short-code-or-long-code
http://www.weather.gov.hk/cis/normal/1981_2010/normals_c.htm
https://www.rfa.org/mandarin/yataibaodao/gangtai/hx1-02222019094616.html
https://shopping.ettoday.net/?sl-ref=news06
https://tw.appledaily.com/international/daily/20121116/34645339
http://id.loc.gov/authorities/names/no2004043447
https://movies.yahoo.com.tw/movieinfo_main/%E6%88%91%E7%9A%84%E8%8B%B1%E9%9B%84%E5%AD%B8%E9%99%A2%E5%8A%87%E5%A0%B4%E7%89%88-%E8%8B%B1%E9%9B%84%E6%96%B0%E4%B8%96%E7%B4%80-my-hero-academia-heroes-rising-10481
https://news.pts.org.tw/article/412643
https://id.ndl.go.jp/auth/ndlna/01195673
https://tw.discount.yahoo.net/index.php?group=all
https://tw.sports.yahoo.com/
https://lis.ly.gov.tw/lygazettec/gazetteimg?ACTION=UE,gazetteimg,gazette^823003,content:hitpage,error,contentsysno=000016239
http://www7.vghtpe.gov.tw/hcqa/index2.htm
http://www.victorsport.com.tw/news/8577
http://dangshi.people.com.cn/n/2015/1026/c85037-27741566.html
https://smarturl.it/h1whgh
http://www.info.gov.hk/gia/general/200003/23/ce-c.htm
http://www.dw.com/zh/%E4%B9%A0%E8%BF%91%E5%B9%B3%E6%89%A7%E6%94%BF%E4%B8%8B%E4%B8%AD%E5%9B%BD%E7%BB%8F%E6%B5%8E%E5%86%B3%E7%AD%96%E5%8F%91%E7%94%9F%E4%BA%86%E8%87%B4%E5%91%BD%E5%8F%98%E5%8C%96/a-36115219
http://news.ifeng.com/mainland/special/xjpmzzx/content-3/detail_2013_06/10/26301434_0.shtml
http://www.cnr.cn/home/newslead/200301220150.html
https://www.voachinese.com/a/3568168.html
http://www.economist.com/node/21551482
https://www.mirrormedia.mg/story/ad1018001/index.html?utm_source=mm&amp;utm_medium=footer&amp;utm_campaign=salesteam
http://www.rfi.fr/cn/%E4%B8%AD%E5%9B%BD/20191001-%E5%9B%BD%E5%BA%8670%E5%91%A8%E5%B9%B4-%E4%B9%A0%E8%BF%91%E5%B9%B3%E5%B1%95%E7%8E%B05%E4%BB%A3%E9%A2%86%E5%AF%BC%E4%BA%BA%E6%9C%80%E5%BC%BA%E9%98%B5%E5%AE%B9
https://www.dorts.ntpc.gov.tw/home.jsp?id=64&amp;parentpath=0,3,128,18
http://hk.apple.nextmedia.com/international/first/20111101/15758965
https://aleph.nkp.cz/F/?func=find-c&amp;local_base=aut&amp;ccl_term=ica=ge129286&amp;CON_LNG=ENG
https://accounts.google.com/ServiceLogin?service=youtube&amp;uilel=3&amp;continue=https%3A%2F%2Fwww.youtube.com%2Fsignin%3Fapp%3Ddesktop%26hl%3Dzh-TW%26feature%3D__FEATURE__%26action_handle_signin%3Dtrue%26next%3D%252Fwatch%253Fv%253DrRVUg7tEHjU%2526feature%253Dyoutu.be&amp;hl=zh-TW&amp;passive=true
https://goo.gl/3S03OY
https://readinglab.udn.com/dcstore/StoreBook.do?id=70
http://www.xinhuanet.com/politics/2018-03/21/c_1122569929.htm
https://www.mozilla.org/firefox/desktop/
https://www.commonhealth.com.tw/article/article.action?nid=81139&amp;utm_source=ETtoday&amp;utm_medium=referral&amp;utm_campaign=ETtoday
https://theme.udn.com/theme/story/11963/3477956
http://www.inmediahk.net/node/1023533
http://www.businesstoday.com.tw/article/category/80409/post/200105100033/%E8%B5%B4%E4%BA%AC%E8%B6%95%E8%80%83%E5%8E%BB%20%E5%8F%B0%E7%94%9F%E6%BB%BF%E5%8C%97%E5%A4%A7%20P.26
http://sports.sohu.com/20100624/n273027939.shtml
https://newtalk.tw/news/tag/%E7%BF%92%E8%BF%91%E5%B9%B3
http://utravel.udn.com/
https://pse.is/PZ88K
http://www.unitas.me/?cat=871
http://www.gov.hk/tc/about/govdirectory/govstructure.htm
http://tw.nextmedia.com/applenews/article/art_id/33479521/IssueID/20110623/pvtype/r
https://news.ltn.com.tw/news/politics/breakingnews/1889195
http://www.linkingbooks.com.tw
https://www.google.com/chrome/browser/desktop/index.html
https://www.hk01.com/%E7%AA%81%E7%99%BC/339476/%E9%80%83%E7%8A%AF%E6%A2%9D%E4%BE%8B-%E5%A4%A7%E5%9F%94%E4%B8%AD%E5%AD%B8%E7%94%9F%E9%9B%86%E7%89%A9%E8%B3%87-%E5%85%A9%E9%81%AD%E8%AD%A6%E6%88%AA%E6%9F%A5-%E8%AD%A6-%E7%96%91%E6%94%AF%E6%8F%B4%E9%9D%9E%E6%B3%95%E6%B4%BB%E5%8B%95?utm_medium=Social&amp;utm_source=fbpost_link&amp;utm_campaign=news&amp;fbclid=IwAR3WUZ4vE3KqeE11I4mhqDvCbhk2kDZC12t-7uo6KO0RtdUcGi08dEL5oN0
https://web.archive.org/web/20120126192338/http://www.zj.xinhuanet.com/newscenter/2007-03/27/content_9618842.htm
https://accounts.google.com/ServiceLogin?service=youtube&amp;hl=zh-TW&amp;uilel=3&amp;continue=https%3A%2F%2Fwww.youtube.com%2Fsignin%3Ffeature%3D__FEATURE__%26hl%3Dzh-TW%26action_handle_signin%3Dtrue%26next%3D%252Fwatch%253Fv%253DXGMX42fWT7U%2526list%253DPLr8iY2AvgOL2XDKsLa94EBzttqaPNx4lL%26app%3Ddesktop&amp;passive=true
https://www.worldcat.org/identities/containsVIAFID/261062131
http://www.udngroup.com/information/privacy
https://www.ctwant.com/category/財經/人物
https://www.worldjournal.com/
https://www.youtube.com/user/ettoday
http://event.udn.com/line/
http://udesign.udnfunlife.com/mall/cus/event/eventPage.do?header=false&type=UD&url=http://img.udnfunlife.com/art/UDesign/FreshTaiwan2017/shanghai/index.html
http://hebei.ifeng.com/a/20161026/5089232_0.shtml
https://www.cna.com.tw/news/firstnews/201701125004.aspx
https://www.dorts.gov.taipei/
https://www.facebook.com/dialog/share?app_id=1996449477296165&display=popup&href=http://ulicensing.udnfunlife.com/news.php?i=73&redirect_uri=http://ulicensing.udnfunlife.com/
https://nownews.com/?p=4034854&from=newtalk&utm_source=NaturalLink&utm_medium=newtalk&utm_campaign=20200415
https://nla.gov.au/anbd.aut-an36706779
http://www.weibo.com/u/6030041924?is_all=1
https://newtalk.tw/news/view/2020-04-16/392205
http://hk.news.yahoo.com/article/081209/4/9n90.html
http://www.judiciary.gov.hk/tc/crt_services/pphlt/html/oat.htm
https://www.ettoday.net/news/tag/保險/
https://sports.ettoday.net/news/1688886
https://events.ettoday.net/activity/dalemon_Star/article/24440
https://www.hk01.com/%E7%AA%81%E7%99%BC/344593/%E9%80%83%E7%8A%AF%E6%A2%9D%E4%BE%8B-%E7%B6%B2%E6%B0%91%E7%99%BC-%E5%94%94%E5%A5%BD%E6%84%8F%E6%80%9D-%E9%81%93%E6%AD%89%E8%A1%8C%E5%8B%95-%E6%8A%B5%E7%A8%85%E5%8B%99%E5%A4%A7%E6%A8%93%E9%9E%A0%E8%BA%AC%E6%B4%BE%E5%82%B3%E5%96%AE
https://www.kkbox.com/tw/tc/column/showbiz-0-9119-1.html
https://www.einvoice.nat.gov.tw/ein_upload/html/1503989844484.html;jsessionid=rzG5Z6zNrwZjpxRv8lYtLQKbJqMZr4ynrLVYWKbGh1Jns1py73Ny!-1246146538
https://news.ltn.com.tw/news/politics/breakingnews/2761858
https://movies.yahoo.com.tw/movieinfo_main/%E9%9A%B1%E5%BD%A2%E4%BA%BA-the-invisible-man-10359
https://www.nownews.com/news/20191228/3847757/
https://sports.ltn.com.tw/news/paper/1326332
https://msg.ettoday.net/msg_liveshow.php?redir=https%3A%2F%2Fboba.ettoday.net%2Fvideo%2F1%2F284%2F157651%3Ffrom%3Dvodframe_travel&vid=157651
http://www.epochtimes.com/b5/15/6/24/n4464289.htm
http://www.china.com.cn/book/txt/2008-12/16/content_16955718.htm
https://viaf.org/viaf/31852356
https://www.hk01.com/%E6%94%BF%E6%83%85/342983/%E9%80%83%E7%8A%AF%E6%A2%9D%E4%BE%8B-%E7%B6%B2%E6%B0%91%E8%A8%AD%E6%AD%BB%E7%B7%9A%E4%BF%83%E5%9B%9E%E6%87%894%E8%A8%B4%E6%B1%82-%E7%89%B9%E9%A6%96%E8%BE%A6-%E8%A1%8C%E6%94%BF%E9%95%B7%E5%AE%98%E5%B7%B2%E5%9B%9E%E6%87%89
http://www.basiclaw.gov.hk/tc/basiclawtext/annex_2.html
https://accounts.google.com/ServiceLogin?hl=zh-TW&amp;service=youtube&amp;continue=https%3A%2F%2Fwww.youtube.com%2Fsignin%3Ffeature%3D__FEATURE__%26hl%3Dzh-TW%26action_handle_signin%3Dtrue%26next%3D%252Fwatch%253Fv%253D9d9QtVICPxk%2526feature%253Dyoutu.be%26app%3Ddesktop&amp;uilel=3&amp;passive=true
http://books.google.com/books?id=Jn4oAQAAIAAJ
https://pbs.twimg.com/profile_images/1130299920504594433/-BZZuT3M.png
http://www.news.gov.hk/tc/categories/admin/html/2012/03/20120325_105540.shtml
https://pgw.udn.com.tw/gw/photo.php?u=https://uc.udn.com.tw/photo/2020/03/02/1/7538569.jpg&x=0&y=0&sw=0&sh=0&sl=W&fw=1050
https://www.hpa.gov.tw/Pages/List.aspx?nodeid=50
http://www.imf.org/external/pubs/ft/weo/2009/01/weodata/weorept.aspx?sy=2008&amp;ey=2008&amp;scsm=1&amp;ssd=1&amp;sort=country&amp;ds=.&amp;br=1&amp;pr1.x=58&amp;pr1.y=5&amp;c=512%2C941%2C914%2C446%2C612%2C666%2C614%2C668%2C311%2C672%2C213%2C946%2C911%2C137%2C193%2C962%2C122%2C674%2C912%2C676%2C313%2C548%2C419%2C556%2C513%2C678%2C316%2C181%2C913%2C682%2C124%2C684%2C339%2C273%2C638%2C921%2C514%2C948%2C218%2C943%2C963%2C686%2C616%2C688%2C223%2C518%2C516%2C728%2C918%2C558%2C748%2C138%2C618%2C196%2C522%2C278%2C622%2C692%2C156%2C694%2C624%2C142%2C626%2C449%2C628%2C564%2C228%2C283%2C924%2C853%2C233%2C288%2C632%2C293%2C636%2C566%2C634%2C964%2C238%2C182%2C662%2C453%2C960%2C968%2C423%2C922%2C935%2C714%2C128%2C862%2C611%2C716%2C321%2C456%2C243%2C722%2C248%2C942%2C469%2C718%2C253%2C724%2C642%2C576%2C643%2C936%2C939%2C961%2C644%2C813%2C819%2C199%2C172%2C184%2C132%2C524%2C646%2C361%2C648%2C362%2C915%2C364%2C134%2C732%2C652%2C366%2C174%2C734%2C328%2C144%2C258%2C146%2C656%2C463%2C654%2C528%2C336%2C923%2C263%2C738%2C268%2C578%2C532%2C537%2C944%2C742%2C176%2C866%2C534%2C369%2C536%2C744%2C429%2C186%2C433%2C925%2C178%2C746%2C436%2C926%2C136%2C466%2C343%2C112%2C158%2C111%2C439%2C298%2C916%2C927%2C664%2C846%2C826%2C299%2C542%2C582%2C443%2C474%2C917%2C754%2C544%2C698&amp;s=NGDPDPC&amp;grp=0&amp;a=
https://ec.ltn.com.tw/article/breakingnews/1285583
https://www.hk01.com/%E6%94%BF%E6%83%85/340612/%E9%80%83%E7%8A%AF%E6%A2%9D%E4%BE%8B-%E8%81%B7%E5%B7%A5%E7%9B%9F%E5%91%BC%E7%B1%B2%E5%85%A8%E6%B8%AF%E5%83%B1%E4%B8%BB%E5%83%B1%E5%93%A1-617%E7%BD%B7%E5%B8%82%E7%BD%B7%E5%B7%A5
https://www.upmedia.mg/news_info.php?SerialNo=15173
http://news.ltn.com.tw/news/politics/breakingnews/2432358
http://news.ltn.com.tw/news/business/paper/351010/
http://www.huangpu.org.cn/hpml/201206/t20120613_2739233.html
http://line.me/R/msg/text/?https://newtalk.tw/citizen/view/56191%0D%0Ahttps://newtalk.tw/citizen/view/56191
http://threephoenixes.pixnet.net/blog/post/311846405
http://www.legco.gov.hk/yr05-06/chinese/counmtg/hansard/cm0111ti-translate-c.pdf
http://www.hkheadline.com/news/headline_news_detail.asp?id=17657&amp;section_name=wnn
https://topick.hket.com/article/2375516/%E3%80%90%E5%8F%8D%E9%80%81%E4%B8%AD%E3%80%91%E5%8F%8D%E9%80%81%E4%B8%AD%E7%A4%BA%E5%A8%8181%E4%BA%BA%E5%8F%97%E5%82%B7%E9%80%81%E9%99%A2%E3%80%80%E8%AD%A6%E6%96%B9%E4%BB%A5%E6%9A%B4%E5%8B%95%E7%9B%B8%E9%97%9C%E7%BD%AA%E8%A1%8C%E6%8B%98%E6%8D%95%E6%9C%80%E5%B0%9111%E4%BA%BA%E3%80%90%E4%B8%8D%E6%96%B7%E6%9B%B4%E6%96%B0%E3%80%91
https://video.udn.com/news/975718
https://uevent.udnfunlife.com/
https://news.ltn.com.tw/news/life/paper/152264
https://www.storm.mg/article/205703
http://hk.crntt.com/doc/1050/7/7/0/105077036.html?coluid=7&amp;kindid=0&amp;docid=105077036
https://www.instagram.com/p/BnVFdanHNVg
http://news.rthk.hk/rthk/ch/component/k2/1414132-20180823.htm
https://cn.nytimes.com/china/20150924/c24revolution/?mcubz=1
https://tickets.udnfunlife.com/application/utk01/utk0101_.aspx?sid=uevent&utm_source=uevent&utm_medium=familybar
https://archive.is/20130418212416/http://iservice.libertytimes.com.tw/liveNews/news.php?no=674599&amp;type=%E5%8D%B3%E6%99%82%E6%96%B0%E8%81%9E
https://udncollege.udn.com/
https://www.bbc.com/news/world-asia-16381195
https://www.setn.com/News.aspx?NewsID=528023
https://www.cosmopolitan.com/tw/lifestyle/horoscopes-tarot/g31923915/tarot-325-2020/?utm_source=partner&amp;utm_medium=referral&amp;utm_campaign=ettoday
http://udndata.com/udnauthority.html?_ga=2.53326696.1550731720.1578271121-139876352.1557818851
https://www.thestandnews.com/politics/%E7%8F%BE%E5%A0%B4%E7%9B%B4%E6%92%AD-%E8%88%AA%E7%A9%BA%E6%A5%AD%E7%95%8C%E6%A9%9F%E5%A0%B4%E9%9B%86%E6%9C%83-%E5%90%91%E6%97%85%E5%AE%A2%E7%99%BC-%E8%AD%A6%E5%91%8A-%E4%B8%8D%E8%A6%81%E7%9B%B8%E4%BF%A1%E9%A6%99%E6%B8%AF%E8%AD%A6%E6%96%B9%E5%92%8C%E6%94%BF%E5%BA%9C/
https://pbs.twimg.com/profile_images/875476478988886016/_l61qZdR_400x400.jpg
http://line.naver.jp/R/msg/text/?【高雄美食】美和豆漿 小港宵夜首選 犯罪牽絲麵糊蛋餅平價消費 高餐學生超愛%0D%0Ahttps://events.ettoday.net/activity/dalemon_Yummy/article/31718
https://wikimediafoundation.org/wiki/Tax_Deductibility/en
http://www.xsmart4.com/web_edit/edit_show.asp?ID=681
https://twitter.com/DrTedros/status/1250497831040843782
http://isni.org/isni/0000000064150156
http://reading.udn.com/
https://www.google.com.tw/chrome/browser/desktop/
http://orientaldaily.on.cc/cnt/news/20140611/00176_002.html
http://news.ltn.com.tw/news/politics/breakingnews/2598101
https://feedburner.google.com/fb/a/tos?gsessionid=C1K9PCuS9ZPMM4_raNdSnImoCeYmgnIv
http://politics.people.com.cn/n1/2016/0331/c1001-28241403.html
http://bit.ly/2ztljCp
http://www.peoplenews.tw/news/f3dacaf8-4492-46f4-9f4c-6cdbe05acd7e
https://news.tvbs.com.tw/life/1038033
https://ulicensing.udnfunlife.com/news.php
https://udnfunlife.com/CSR.php
https://apps.apple.com/tw/app/1campus/id1273657906
http://dava.ncl.edu.tw/metadatainfo.aspx?funtype=0&amp;PlayType=2&amp;id=378340&amp;BLID=378343
https://wd.vghtpe.gov.tw/snc/
https://news.now.com/home/local/player?newsId=340955
https://www.nytimes.com/2020/03/25/dining/victory-gardens-coronavirus.html
http://news.xinhuanet.com/politics/2007-03/25/content_5893840.htm
https://zh.wikipedia.org/wiki/%E9%A6%99%E6%B8%AF%E5%8F%8D%E9%AB%98%E9%90%B5%E6%92%A5%E6%AC%BE%E8%AD%A6%E6%B0%91%E8%A1%9D%E7%AA%81
https://today.line.me/tw/pc/article/%E6%AF%94%E6%96%B0%E8%BB%8A%E3%80%8C%E4%BF%97%E5%85%A9%E5%80%8D%E5%8D%8A%E3%80%8D%EF%BC%81BMW+F82+M4%E4%B8%AD%E5%8F%A4%E8%A1%8C%E6%83%85%E5%89%96%E6%9E%90-gY6mBZ
http://www1.vghtpe.gov.tw/trans/?openExternalBrowser=1
https://www6.vghtpe.gov.tw/opd/servlet/opd.Oregi05?rsect=0JA
http://www.flvh.gov.tw
https://www.vogue.com.tw/?utm_source=ettoday.net&amp;utm_medium=referral&amp;utm_campaign=3rd
https://news.mingpao.com/pns/%E8%A6%81%E8%81%9E/article/20190615/s00001/1560537728201/%E3%80%8C%E8%A6%81%E5%9C%A8%E4%BB%94%E5%A5%B3%E6%9C%AA%E8%A2%AB%E6%A7%8D%E6%AE%BA%E5%89%8D%E7%B5%84%E7%B9%94%E8%B5%B7%E4%BE%86%E3%80%8D-6000%E9%A6%99%E6%B8%AF%E5%AA%BD%E5%AA%BD-%E4%B8%8D%E5%81%9A%E5%A4%A9%E5%AE%89%E9%96%80%E6%AF%8D%E8%A6%AA
https://news.mingpao.com/ins/%e6%b8%af%e8%81%9e/article/20190607/s00001/1559895832310/%e8%b7%91%e9%a6%ac%e5%9c%b0%e8%ad%a6%e7%bd%b2%e7%96%91%e8%a2%ab%e6%b1%bd%e6%b2%b9%e5%bd%88%e8%a5%b2%e6%93%8a
https://hiking.biji.co/index.php?q=trail&act=promote&id=320
http://cpc.people.com.cn/GB/67481/86695/
https://www.vghtpe.gov.tw/vghtpe/files/PDF/thank/106%E5%B9%B411%E6%9C%88%E6%84%9F%E8%AC%9D%E5%87%BD.pdf
https://news.mingpao.com/pns/%e8%a6%81%e8%81%9e/article/20190628/s00001/1561659568270/%e7%a4%ba%e5%a8%81%e8%80%85%e5%9c%8d%e5%be%8b%e6%94%bf%e4%b8%ad%e5%bf%83%e4%bf%83%e9%84%ad%e8%8b%a5%e9%a9%8a%e5%9b%9e%e6%87%89-10%e6%99%82%e5%8d%8a%e6%92%a4%e8%b5%b0-%e9%84%ad11%e6%99%82%e9%9b%a2%e9%96%8b
https://news.mingpao.com/ins/%E6%B8%AF%E8%81%9E/article/20190624/s00001/1561350860390/%E3%80%90%E9%80%83%E7%8A%AF%E6%A2%9D%E4%BE%8B-%E4%B8%8D%E6%96%B7%E6%9B%B4%E6%96%B0%E3%80%91%E7%A4%BA%E5%A8%81%E8%80%85%E7%A8%85%E5%8B%99%E5%A4%A7%E6%A8%93%E5%85%A5%E5%A2%83%E4%BA%8B%E5%8B%99%E5%A4%A7%E6%A8%93%E8%81%9A%E9%9B%86-%E6%94%BF%E5%BA%9C%E7%B1%B2%E5%8B%BF%E5%BD%B1%E9%9F%BF%E9%9C%80%E8%A6%81%E6%9C%8D%E5%8B%99%E5%B8%82%E6%B0%91
http://www.appledaily.com.tw/appledaily/article/international/20120326/34115464
https://www.feds.com.tw/tw/CardEvent/MemberCardDetail/1054
https://member.udn.com/member/rule.jsp
http://blog.udn.com/service/doc/policy.jsp
http://lady.163.com/12/1119/10/8GLS4J7N002649P6.html
https://m.mingpao.com/ins/%E6%B8%AF%E8%81%9E/article/20190511/s00001/1557492791198/%E3%80%90%E9%80%83%E7%8A%AF%E6%A2%9D%E4%BE%8B%E3%80%91%E6%B0%91%E9%99%A3%E5%8F%8D%E4%BF%AE%E4%BE%8B%E9%9B%86%E6%9C%83-%E8%AD%A6%E6%B7%B1%E5%A4%9C%E9%A9%85%E9%80%90%E7%A4%BA%E5%A8%81%E5%8D%80%E7%B4%AE%E7%87%9F%E7%A4%BA%E5%A8%81%E8%80%85
https://www.hk01.com/港聞/96740/-貧富懸殊-香港堅尼系數再升-創45年來最高
https://www.chinatimes.com/realtimenews/20170906005556-260407
https://udn.com/news/story/7320/4495070?list_ch2_index
https://running.biji.co/index.php?q=news&act=info&id=103361&utm_source=UDN&utm_medium=index&utm_campaign=熱門文章3
http://news.sina.com.cn/c/sd/2011-07-05/135722760038_3.shtml
https://pinterest.com/pin/create/button/?url=//star.ettoday.net/news/1687580&media=https://cdn2.ettoday.net/images/4793/d4793268.jpg&description=小8張允曦在電視劇《姊妹們 追吧》飾演單親媽媽林淑芬，談起接下這檔戲的機緣，她笑說也不知道為什麼偉忠哥會找上她，「這個單親媽媽的生命韌度，有點像在演藝圈的小8，講難聽點是打不死的蟑螂啦！」
http://news.cctv.com/2018/07/21/ARTIutpVS4GBp2AUd8Q8htTi180721.shtml
https://dev.twitter.com/overview/terms/agreement
https://t.co/ibTrE3dxnP
https://support.twitter.com/articles/20170514
http://www.weather.gov.hk/gts/time/basicterms-localtimec.htm
https://shopping.ettoday.net/pages/banila-co瞬卸凝霜
https://hk.news.appledaily.com/local/daily/article/20130608/18289354
http://id.loc.gov/authorities/names/nr93050857
https://movies.yahoo.com.tw/article_index.html
https://policies.yahoo.com/tw/zh-hant/yahoo/privacy/adinfo/
https://www.ly.gov.tw/Pages/List.aspx?nodeid=1072
http://dangshi.people.com.cn/GB/232052/233953/233955/16158849.html
https://smarturl.it/mcmn9m
http://www.info.gov.hk/gia/general/201401/22/P201401220517.htm
http://finance.ifeng.com/roll/20121116/7310318.shtml
http://www.voachinese.com/content/vogel-on-xi-daughter-20150310/2674935.html
http://www.economist.com/blogs/gulliver/2012/07/city-rankings
https://www.mirrormedia.mg/category/pit_zone
https://www.ntpc.gov.tw/ch/home.jsp?id=28&amp;parentpath=0,6,27&amp;mcustomize=news_view.jsp&amp;dataserno=201901070009
http://hk.apple.nextmedia.com/realtime/news/20140812/52787735
https://support.google.com/youtube/?hl=zh-TW
http://www.xinhuanet.com/politics/leaders/xijinping/index.htm
https://www.commonhealth.com.tw/article/article.action?nid=81202&amp;utm_source=ETtoday&amp;utm_medium=referral&amp;utm_campaign=ETtoday
https://story.udn.com/StoreBook.do?id=158185
http://www.businesstoday.com.tw/article-content-80392-163147
http://mil.sohu.com/20121116/n357763390.shtml
https://newtalk.tw/news/tag/nownews
https://pse.is/KSQPK
http://www.unitas.me/?cat=197
http://www.gov.hk/tc/about/abouthk/factsheets/docs/judiciary.pdf
https://news.ltn.com.tw/news/politics/breakingnews/2762119
https://www.linkingbooks.com.tw/LNB/index.aspx
https://www.hk01.com/突發/339619/%E9%80%83%E7%8A%AF%E6%A2%9D%E4%BE%8B-%E5%A4%8F%E6%85%A4%E9%81%93%E6%8C%81%E7%BA%8C%E6%9B%B4%E6%96%B0-%E7%A4%BA%E5%A8%81%E8%80%85%E6%8E%98%E7%A3%9A-%E8%AD%A6%E6%96%BD%E8%83%A1%E6%A4%92%E5%99%B4%E9%9C%A7%E9%A9%85%E8%B6%95
https://web.archive.org/web/20190831045458/https://www.cna.com.tw/news/firstnews/201707270014.aspx
https://accounts.google.com/ServiceLogin?passive=true&amp;continue=https%3A%2F%2Fwww.youtube.com%2Fsignin%3Faction_handle_signin%3Dtrue%26app%3Ddesktop%26feature%3Dsign_in_promo%26next%3D%252Fchannel%252FUCr-zC57bR8H-IVzfho39zTw%26hl%3Dzh-TW&amp;service=youtube&amp;uilel=3&amp;hl=zh-TW
https://www.worldcat.org/identities/containsVIAFID/31852356
https://www.udngroup.com/members/udn_privacy
https://www.ctwant.com/search?q=%E5%81%A5%E5%BA%B7%E6%AA%A2%E6%9F%A5
http://www.worldjournal.com/
https://www.youtube.com/watch?v=o1tj2zJ2Wvg
http://event.udn.com/index/index.html
https://udesign.udnfunlife.com/mall/Cc1a00.do?sid=91_udn&utm_source=udn.com&utm_medium=referral_familybar_udn&utm_term=familybar_udn&utm_campaign=20170118_UDN
http://www.cna.com.tw/news/firstnews/201807015003-1.aspx
https://www.dorts.gov.taipei/cp.aspx?n=82392DF40EB914B8
https://www.facebook.com/dialog/share?app_id=1996449477296165&display=popup&href=http://ulicensing.udnfunlife.com/news.php?i=57&redirect_uri=http://ulicensing.udnfunlife.com/
https://nownews.com/?p=4034261&from=newtalk&utm_source=NaturalLink&utm_medium=newtalk&utm_campaign=20200415
https://nla.gov.au/anbd.aut-an36692899
http://www.weibo.com/u/5092203314
http://newtalk.tw/
http://hk.news.yahoo.com/港續居最自由經濟憂法治排名跌-043900229.html
http://translate.legislation.gov.hk/gb/www.legislation.gov.hk/blis/chi/index.html
https://www.ettoday.net/news/20170813/984763.htm?feature=ufo&tab_id=944
https://sports.ettoday.net/news/1691642
https://events.ettoday.net/activity/singapore2018upload/article/22678/last
https://www.einvoice.nat.gov.tw/APMEMBERVAN/GeneralCarrier/generalCarrier?CSRT=4977651123915071380
https://news.ltn.com.tw/news/politics/breakingnews/1944214
https://autos.yahoo.com.tw/
https://www.nownews.com/news/20190605/3427472/
https://sports.ltn.com.tw/news/breakingnews/2723888
https://msg.ettoday.net/msg_liveshow.php?redir=https%3A%2F%2Fboba.ettoday.net%2Fvideo%2F1%2F284%2F209935%3Ffrom%3Dvodframe_star&vid=209935
http://www.china.com.cn/international/txt/2013-03/02/content_28108350_2.htm
https://viaf.org/viaf/68640129
https://www.hk01.com/%E6%94%BF%E6%83%85/331424/%E9%80%83%E7%8A%AF%E6%A2%9D%E4%BE%8B-%E6%B0%91%E9%99%A36%E6%9C%88%E7%AC%AC%E4%B8%89%E6%AC%A1%E9%81%8A%E8%A1%8C-%E7%9B%AE%E6%A8%9930%E8%90%AC%E4%BA%BA-%E7%B1%B2%E6%B8%AF%E4%BA%BA%E7%AB%99%E5%90%8C%E4%B8%80%E9%99%A3%E7%B7%9A
http://books.google.com/books?id=Ty2UAgAAQBAJ
https://www.news.gov.hk/chi/2018/08/20180830/20180830_172139_250.html
https://pgw.udn.com.tw/gw/photo.php?u=https://uc.udn.com.tw/photo/2020/02/27/1/7527896.jpg&x=0&y=0&sw=0&sh=0&sl=W&fw=1050
https://www.hpa.gov.tw/Pages/List.aspx?nodeid=1234
https://ec.ltn.com.tw/article/paper/554611
https://www.upmedia.mg/news_info.php?SerialNo=79108
https://news.ltn.com.tw/news/politics/breakingnews/1867759
https://news.ltn.com.tw/news/politics/breakingnews/1950603
http://line.me/R/msg/text/?https://newtalk.tw/news/view/2020-04-16/392219%0D%0Ahttps://newtalk.tw/news/view/2020-04-16/392219
http://threephoenixes.pixnet.net/blog/post/313346450
http://www.legco.gov.hk/yr05-06/chinese/counmtg/floor/cm1028ti-confirm-c.pdf
https://hd.stheadline.com/news/realtime/hk/1531614/%E5%8D%B3%E6%99%82-%E6%B8%AF%E8%81%9E-%E9%80%83%E7%8A%AF%E6%A2%9D%E4%BE%8B-%E5%A4%A7%E6%89%B9%E7%A4%BA%E5%A8%81%E8%80%85%E5%8C%85%E5%9C%8D%E8%AD%A6%E5%AF%9F%E7%B8%BD%E9%83%A8-%E9%90%B5%E9%A6%AC%E5%A0%B5%E5%A1%9E%E5%85%A5%E5%8F%A3
http://topick.hket.com/article/1611993/%E6%B8%AF%E6%B7%B1%E7%B0%BD%E7%BD%B2%E5%9C%A8%E8%90%BD%E9%A6%AC%E6%B4%B2%E6%B2%B3%E5%A5%97%E7%99%BC%E5%B1%95%E5%8D%80%20%20%E7%99%BC%E5%B1%95%E6%B8%AF%E6%B7%B1%E5%89%B5%E6%96%B0%E5%8F%8A%E7%A7%91%E6%8A%80%E5%9C%92
https://video.udn.com/?familybar_hide
https://uevent.udnfunlife.com/./PompidoukidsinAsia3yrproject/news?id=522
https://www.bycensus2016.gov.hk/data/16bc-main-results.pdf
https://www.storm.mg/article/282131
https://www.instagram.com/orix_buffaloes/?utm_source=ig_embed&amp;utm_campaign=loading
https://news.rthk.hk/rthk/ch/component/k2/1463439-20190617.htm
https://cn.nytimes.com/china/20121001/c01xi/
https://tickets.udnfunlife.com/application/utk01/utk0101_.aspx
https://archive.is/20130904064333/http://kazan2013.ru/hide/ru/-240/Participant/ParticipantInfo/c261df81-0a74-4baf-8f4f-16cbbee231a4
https://udncollege.udn.com/3955/
https://www.bbc.com/zhongwen/simp/chinese-news-43484361
https://www.setn.com/News.aspx?NewsID=193523
https://udndata.com/
https://www.thestandnews.com/politics/%E5%86%8D%E5%8C%85%E5%9C%8D%E8%AD%A6%E7%B8%BD-%E8%AD%A6-%E6%8B%98%E4%B8%80%E4%BA%BA%E6%B6%89%E8%A5%B2%E8%AD%A6-%E7%B4%80%E9%8C%84-60-%E4%BA%BA%E8%BA%AB%E4%BB%BD%E8%AD%89%E8%B7%9F%E9%80%B2/
http://line.naver.jp/R/msg/text/?做保險爽不爽?%0D%0Ahttps://events.ettoday.net/activity/dalemon_work/article/25185
http://www.xsmart4.com/ploy/ploy_view.asp?ClassID=676
https://twitter.com/NAUPresident/status/1250624723668492288
http://reading.udn.com/v2/bookMain.do?familybar_hide
http://orientaldaily.on.cc/cnt/news/20140424/00174_001.html
http://news.ltn.com.tw/news/business/breakingnews/1652450
https://feedburner.google.com/fb/a/home?gsessionid=TTnMJcTFX7e4WxHuX3QGW5nMIoLhL-9W
http://history.people.com.cn/BIG5/n/2013/0819/c198452-22610407-2.html
http://bit.ly/2H9sDHO
http://www.peoplenews.tw/news/abd255e6-19f1-42a0-a1e8-f37c5f222e9d
https://news.tvbs.com.tw/politics/699272
https://ulicensing.udnfunlife.com/
https://udnfunlife.com/memagr.php
http://wd.vghtpe.gov.tw/vghneuro/Fpage.action?muid=5
http://news.xinhuanet.com/politics/2012-11/15/c_113700271.htm
https://zh.wikipedia.org/wiki/.%E9%A6%99%E6%B8%AF
https://today.line.me/tw/pc/article/%E9%98%B2%E7%96%AB%E9%A3%B2%E9%A3%9F6%E8%A6%81%E9%BB%9E-GLl6P5
http://www1.vghtpe.gov.tw/conscribe/indexa.htm?openExternalBrowser=1
https://www6.vghtpe.gov.tw/opd/servlet/opd.Oregi05a?rsect=0IT
http://www.vhyl.gov.tw
https://www.vogue.com.tw/feature/content-45151?utm_source=ettoday.net&amp;utm_medium=referral&amp;utm_campaign=3rd
https://news.mingpao.com/pns/%E8%A6%81%E8%81%9E/article/20190614/s00001/1560451165779/%E8%BF%913%E8%90%AC%E4%BA%BA%E8%81%AF%E7%BD%B2-%E4%B8%8D%E6%BB%BF%E3%80%8C%E6%AF%8D%E8%A6%AA%E8%AB%96%E3%80%8D
https://hiking.biji.co/index.php?q=album&act=photo_list&album_id=22681
http://cpc.people.com.cn/n1/2018/0125/c123889-29787340.html
https://www.vghtpe.gov.tw/vghtpe/files/PDF/thank/109年2月感謝函.pdf
https://news.mingpao.com/ins/instantnews/web_tc/article/20170630/s00001/1498835919319
http://www.appledaily.com.tw/realtimenews/article/nextmag/20161116/989862
https://www.feds.com.tw/tw/Search/Keyword?SearchType=firstword&amp;Keyword=D
https://member.udn.com/member/ShowMember?site=news&redirect='+$('meta[property=
https://blog.udn.com
http://news.163.com/12/1115/22/8GCROK2B0001124J.html
https://www.chinatimes.com/newspapers/20161027000457-260118
https://udn.com/news/story/7270/4444369
https://running.biji.co/index.php?q=album&act=photo&ap_id=30402232&utm_source=UDN&utm_medium=index&utm_campaign=本日主打星-照片2
http://news.sina.com.cn/china/xlxw/2017-10-18/doc-ifymviyp2176356.shtml
https://pinterest.com/pin/create/button/?url=//star.ettoday.net/news/1692715&media=https://cdn2.ettoday.net/images/4819/d4819808.jpg&description=比利時夢幻電子音樂祭Tomorrowland（明日世界電子音樂節）為世界最大電音派對，原本今年迎來15周年準備安排一些特別內容，未料因新冠肺炎疫情影響，於台灣時間今（16日）深夜宣布停辦，「我們心中充滿很多痛苦，但我們必須宣布，Tomorrowland不會在2020年發生。」
https://t.co/PGZgcA2l3l
https://support.twitter.com
https://tw.appledaily.com/new/realtime/20181225/1489190/
https://house.yahoo.com.tw/
https://lis.ly.gov.tw/lglawc/lawsingle?0^C41803981806CCD41803182F060CDC98131898270CD499239818
https://3g.163.com/news/article_cambrian/E8VTM7SF0525JD0D.html
http://www.info.gov.hk/info/sar2/econ_c.htm
http://news.ifeng.com/photo/detail_2008_07/16/550809_0.shtml
https://www.voachinese.com/a/Chinese-Media-Blames-HK-Demo-On-Collusion-With-West-20190610/4952599.html
http://www.economist.com/node/15495595
https://www.mirrormedia.mg/story/20180918inv012/
http://www.traffic.ntpc.gov.tw/_file/1559/SG/22766/D.html
http://hk.apple.nextmedia.com/template/apple/art_main.php?iss_id=20111121&amp;sec_id=4104&amp;art_id=15819616
http://books.google.com/books?id=-XC0AAAAQBAJ&amp;pg=PA55
http://www.xinhuanet.com/politics/leaders/2017-10/25/c_1121856289.htm
https://www.commonhealth.com.tw/article/article.action?nid=81330&amp;utm_source=ETtoday&amp;utm_medium=referral&amp;utm_campaign=ETtoday
https://story.udn.com/StoreBook.do?id=172884
https://www.businesstoday.com.tw/article/category/80392/post/201704060013
http://history.sohu.com/20140912/n404273987.shtml
https://newtalk.tw/news/author/%E9%99%B3%E4%BD%A9%E5%90%9B
http://www.unitas.me/?author=272
http://www.gov.hk
https://news.ltn.com.tw/news/focus/paper/1286127
http://www.linkingbooks.com.tw/LNB/book/Book.aspx?ID=1S01426
https://web.archive.org/web/20190119174629/https://www.ettoday.net/news/20181102/1296418.htm
https://accounts.google.com/ServiceLogin?passive=true&amp;hl=zh-TW&amp;continue=https%3A%2F%2Fwww.youtube.com%2Fsignin%3Ffeature%3Dsign_in_promo%26hl%3Dzh-TW%26next%3D%252Fchannel%252FUCD4Fd_NGg7EmwZqzp_SEZRg%252Ffeatured%26action_handle_signin%3Dtrue%26app%3Ddesktop&amp;uilel=3&amp;service=youtube
https://www.worldcat.org/identities/containsVIAFID/68640129
http://www.udngroup.com/
https://www.ctwant.com/category/生活/美旅
https://www.youtube.com/
https://udesign.udnfunlife.com/mall/Cc1a00.do
https://www.cna.com.tw/news/firstnews/201910030351.aspx
https://www.metro.taipei/
https://www.facebook.com/sharer/sharer.php?u=http%3A%2F%2Fwww.ettoday.net%2Fdalemon%2Fpost%2F47826&amp;src=sdkpreparse
https://newtalk.tw/news/tag/Good%20show
http://hk.news.yahoo.com/港經濟最自由憂法治排名跌-043900061.html
https://www.ettoday.net/news/20200414/1690978.htm?from=pctaglist 
https://sports.ettoday.net/news/1692412
https://events.ettoday.net/activity/dalemon_Yummy/article/24065/last
https://news.ltn.com.tw/news/politics/breakingnews/2761957
https://movies.yahoo.com.tw/movieinfo_main/%E7%89%B9%E5%88%A5%E5%98%89%E8%B3%93-guest-of-honour-10497
https://www.nownews.com/news/20180320/2720383
https://sports.ltn.com.tw/news/breakingnews/2924773
https://msg.ettoday.net/msg_liveshow.php?redir=https%3A%2F%2Fboba.ettoday.net%2Fvideo%2F1%2F284%2F174912%3Ffrom%3Dvodframe_health&vid=174912
http://www.people.com.cn/GB/historic/1216/4298.html
https://www.hk01.com/政情/335923/逃犯條例-民陣下周日遊行反修例-6國家共13城市將響應
https://docs.google.com/spreadsheets/d/1AGK87KGVTtD9HfJBICmo7dw7NdwIyupwHKoidJEwtj8/edit?usp=sharing
https://pgw.udn.com.tw/gw/photo.php?u=https://uc.udn.com.tw/photo/2018/10/17/draft/5405450.jpeg&amp;x=0&amp;y=0&amp;sw=0&amp;sh=0&amp;exp=3600
https://www.hpa.gov.tw/Pages/List.aspx?nodeid=30
http://news.ltn.com.tw/news/politics/breakingnews/1944123
http://news.ltn.com.tw/news/politics/breakingnews/1866350
http://line.me/R/msg/text/?https://newtalk.tw/news/view/2020-04-16/392235%0D%0Ahttps://newtalk.tw/news/view/2020-04-16/392235
http://threephoenixes.pixnet.net/blog/post/312036737
http://www.legco.gov.hk/yr07-08/chinese/panels/ca/papers/ca0121-ppr071229-c.pdf
https://topick.hket.com/article/2371867
https://video.udn.com/
https://uevent.udnfunlife.com/./PompidoukidsinAsia3yrproject/news?id=552
http://news.ltn.com.tw/news/politics/breakingnews/2515079
https://www.storm.mg/article/411841
https://www.instagram.com/myudn/
https://news.rthk.hk/rthk/ch/component/k2/1462171-20190611.htm
https://tickets.udnfunlife.com/application/UTK01/UTK0101_.aspx?sid=udnfunlife&utm_source=udnfunlife&utm_medium=familybar
https://archive.today/20181125112639/https://news.tvbs.com.tw/fun/681271
https://udncollege.udn.com/category/competition/workshop/
http://www.bbc.co.uk/news/world-asia-china-21766622
https://www.setn.com/m/ampnews.aspx?NewsID=660288
https://udndata.com/ndapp/Index?familybar_hide
https://thestandnews.com/politics/%E5%8F%8D%E9%80%81%E4%B8%AD-%E7%A4%BA%E5%A8%81%E8%80%85%E5%A0%B5%E5%A1%9E%E7%A8%85%E5%8B%99%E5%A4%A7%E6%A8%93%E5%85%A9%E5%B0%8F%E6%99%82-%E5%85%A5%E5%A2%83%E5%A4%A7%E6%A8%93-%E6%B4%97%E6%A8%93/
http://line.naver.jp/R/msg/text/?來自柬普寨強大黑巫阿贊道製作的正牌%0D%0Ahttps://events.ettoday.net/activity/dalemon_horror/article/30290
http://www.xsmart4.com/web_edit/edit_show.asp?ID=676
https://twitter.com/?lang=tr
http://orientaldaily.on.cc/cnt/news/20121206/00176_027.html
