https://pgw.udn.com.tw/gw/photo.php?u=https://uc.udn.com.tw/photo/2017/11/03/99/4197461.jpg&x=0&y=0&sw=0&sh=0&sl=W&fw=1050
http://agent.hhh.com.tw/forum/forum.html
https://line.me/R/ti/p/g6OWv1nBoC
https://oops.udn.com
https://running.udn.com/
https://uevent.udnfunlife.com/?utm_source=udn.com&utm_medium=familybar
https://www.vghtpe.gov.tw/News!one.action?nid=4796
https://weibo.com/ettodaynet
https://udn.com/mypage/slist
https://www.instagram.com/ettodayboba/
https://shopping.ettoday.net/pages/%E3%80%90her%E3%80%91%E9%96%8B%E7%AB%99%E6%85%B6-ps%E7%BE%8E%E7%BE%8E%E5%A6%8D-%E9%9B%BB%E7%9C%BC%E4%BF%AE%E4%BF%AE%E7%99%BC%E5%85%89%E5%85%A8%E6%95%88%E7%9C%BC%E9%9C%9C%E8%B2%B7%E4%B8%80%E9%80%81%E4%B8%80
https://udndata.com/ndapp/Index
https://docs.google.com/forms/d/e/1FAIpQLScZokJcrKEq2G1mjkWWTcdV-Yg4tO1i23hWSzOnB8t4Jy8_dg/viewform?c=0&w=1
https://line.naver.jp/ti/p/%40udnnews
https://www.etax.nat.gov.tw/
http://www.xsmart4.com/
https://reading.udn.com
http://www.cwb.gov.tw/V7/prevent/typhoon/ty.htm?
https://twitter.com/intent/tweet?text=足球協會攜手國立體大　建立國家隊足球訓練基地&url=https://sports.ettoday.net/news/1512756?from=pc-newsshare-twitter
https://ulicensing.udnfunlife.com/?utm_source=udn.com&utm_medium=familybar
https://udnfunlife.com/?utm_source=udn.com&utm_medium=familybar
https://itunes.apple.com/tw/app/et-xin-wen-yun/id503783839?mt=8
https://t.me/ettodayboba
https://zh.wikipedia.org/wiki/%E9%83%AD%E5%8F%B0%E9%8A%98
https://lineit.line.me/share/ui?url=https://newtalk.tw/news/view/2017-11-14/103804
https://m.etmall.com.tw/Login......
http://blog.udn.com
https://www.etmall.com.tw/member/wishlist
https://movies.yahoo.com.tw/movietime_result.html/id=10595?guccounter=1
https://www.emic.com.tw/www/index.php?action=adv&id=209
https://www.mirrormedia.mg/story/20200519web003/index.html?utm_source=feed_related&amp;utm_medium=ettoday
https://youtu.be/mBRO1jxAhy8
http://www.unitas.me/
https://theme.udn.com/theme/story/7490/4517866
https://pse.is/CEB8J
https://dk.molome.tw/
https://goo.gl/z6yKZy
http://event.udn.com/AD/
https://www.ctwant.com/article/52605?utm_source=ettoday&amp;utm_medium=rss&amp;utm_campaign=52630
http://www.win.org.tw
https://pinterest.com/pin/create/button/?url=//star.ettoday.net/news/1720336&media=https://cdn2.ettoday.net/images/3232/d3232617.jpg&description=林秀琴與陳致遠近日傳出私接工作，經紀公司於日前特發三點聲明，並對兩人進行提告求償200萬元。事隔兩天陳致遠又傳出財務危機，遭「依馳國際」車行指控欠2萬多元，每月還5000元，卻沒想到僅還了2期就不還，消息傳出致電陳致遠卻未能聯繫上，老婆林秀琴聽聞表示：「有欠一定會還！」而《ETtoday星光雲》記者也致電車行，老闆表示：「陳致遠稍早來電將會盡快還款！」對於細節不便再說。
https://www.facebook.com/leejoongitaiwan/
https://www.104.com.tw/jobbank/custjob/index.php?r=cust&j=623a43295a5c3e6a40583a1d1d1d1d5f2443a363189j50&jobsource=checkc
https://newtalk.tw/member/
https://www.ettoday.net/news/20200316/1668419.htm?from=pctaglist 
https://boba.ettoday.net/video/274/610/194536
https://events.ettoday.net/depth-report/index.phtml
http://www.hhh.com.tw/modules/gs/column.php?hcolumn_id=2567
https://video.udn.com
http://www.thwu.org/
https://msg.ettoday.net/msg_liveshow.php?redir=https%3A%2F%2Fboba.ettoday.net%2Fsub_category%2F1%2F284%2F109832%3Ffrom%3Dvodframe_etnews&vid=109832
https://play.google.com/store/apps/details?id=net.ettoday.phone
https://udncollege.udn.com
https://p.udn.com.tw/upf/upeople/index.html
https://line.me/R/ti/p/%40yoi6531w
https://hiking.udn.com/
https://udn.com/page/topic/185
https://www.instagram.com/newtalknews/
http://line.naver.jp/R/msg/text/?膝蓋痛%0D%0Ahttps://www.ettoday.net/feature/膝蓋痛
https://twitter.com/share
https://zh.wikipedia.org/zh-tw/颱風
https://social-plugins.line.me/lineit/share?url=https://theme.udn.com/theme/story/6774/2796994?utm_source=themelineweb%26utm_medium=share
https://www.etmall.com.tw/Welfare
http://www.emic.com.tw
https://www.mirrormedia.mg/story/20200519web002/index.html?utm_source=feed_related&amp;utm_medium=ettoday
https://theme.udn.com/theme/index
http://chart.apis.google.com/chart?cht=qr&choe=UTF-8&chs=300x300&chl=https://www.ettoday.net/news/20190927/1544780.htm?from=pc-newsshare-wechat-fixed
https://event.udn.com/line/
https://www.ctwant.com/article/52602?utm_source=ettoday&amp;utm_medium=rss&amp;utm_campaign=52630
https://pinterest.com/pin/create/button/?url=//star.ettoday.net/news/1718188&media=https://cdn2.ettoday.net/images/4887/d4887038.jpg&description=曾莞婷擁有火辣身材和姣好臉蛋，演出多部知名八點檔，被封為「本土劇女神」。平時常在社群網站分享工作、生活點滴的她，昨（19日）突然曬出與男星謝承均的合照寫下，「Yes I do，這句話我已經等很久了。」令大票網友乍看之下嚇了一大跳！
https://www.facebook.com/IsShow/
https://newtalk.tw/news/subcategory/19/%E5%B0%88%E6%AC%84
https://health.ettoday.net/category/%E9%A3%B2%E9%A3%9F
https://boba.ettoday.net/video/274/561/123306
https://events.ettoday.net/about-ettoday/index.htm
http://www.hhh.com.tw/
https://msg.ettoday.net/msg_liveshow.php?redir=https%3A%2F%2Fboba.ettoday.net%2Fsub_category%2F1%2F284%2F154456%3Ffrom%3Dvodframe_star&vid=154456
https://udncollege.udn.com/?familybar_show
https://pgw.udn.com.tw/gw/photo.php?u=https://uc.udn.com.tw/photo/2017/11/03/99/4197444.jpg&x=0&y=0&sw=0&sh=0&sl=W&fw=1050
https://line.me/R/ti/p/%40kgy3765i
https://udn.com/news/index
https://www.instagram.com/ettodaytw/
https://twitter.com/newtalk_tw
https://zh.wikipedia.org/wiki/%E7%BE%85%E5%BF%97%E7%A5%A5
https://social-plugins.line.me/lineit/share?url=https://theme.udn.com/theme/story/6774/2796994?utm_source=themelinemobile%26utm_medium=share%26f=lineshare
https://www.etmall.com.tw/HelpCenter/PCITLS
https://www.mirrormedia.mg/story/20200520web001/index.html?utm_source=feed_related&amp;utm_medium=ettoday
https://money.udn.com
https://www.youtube.com/watch?v=XbtY5O46uxw&list=PLr8iY2AvgOL2q6wVDpq0JkwF48afm7Z3b
https://www.ctwant.com/article/52617?utm_source=ettoday&amp;utm_medium=rss&amp;utm_campaign=52630
https://pinterest.com/pin/create/button/?url=//star.ettoday.net/news/1719988&media=https://cdn2.ettoday.net/images/4889/d4889894.jpg&description=羅志祥（小豬）20日以一篇7000字懺悔情書讓情變風波又引起一波關注，他公開大量和周揚青過去的甜蜜合照，被外界解讀為想要挽回舊愛，不過女方持續冷處理，和好友相約夜裡狂歡，狀太看起來不受影響。
https://www.facebook.com/ETtoday
https://newtalk.tw/news/view/2020-05-22/410357
https://www.ettoday.net/feature/daejongfilmawards
https://movies.ettoday.net/news/1719948
https://events.ettoday.net/activity/2020ehsartcontest
https://msg.ettoday.net/msg_liveshow.php?redir=https%3A%2F%2Fboba.ettoday.net%2Fvideo%2F1%2F284%2F168501%3Ffrom%3Dvodframe_etnews&vid=168501
https://pgw.udn.com.tw/gw/photo.php?u=https://uc.udn.com.tw/photo/2017/11/03/99/4197457.jpg&x=0&y=0&sw=0&sh=0&sl=W&fw=1050
http://line.me/R/msg/text/?https://newtalk.tw/news/view/2017-11-14/103804%0D%0Ahttps://newtalk.tw/news/view/2017-11-14/103804
https://udn.com/fifa2018/index
https://zh.wikipedia.org/wiki/%E6%88%B4%E8%B3%87%E7%A9%8E
https://www.etmall.com.tw/
https://theme.udn.com/theme/story/6774/4397698
http://chart.apis.google.com/chart?cht=qr&choe=UTF-8&chs=300x300&chl=https://www.ettoday.net/news/20170411/901241.htm?from=pc-newsshare-wechat-fixed
https://pinterest.com/pin/create/button/?url=//star.ettoday.net/news/1719938&media=https://cdn2.ettoday.net/images/4892/d4892249.jpg&description=「不老男神」林志穎21日曬出難得的大合照，堪稱男神同框啦！合照中包括周杰倫、蕭敬騰、林俊傑、懷秋等人難得現身台北市東區，5位大男人齊聚喝下午茶，讓網友驚呼「我也想加入！」
https://www.facebook.com/%E7%A4%BE%E7%95%9C%E6%99%82%E4%BB%A3-802410263239598/?fref=ts
https://newtalk.tw/news/tag/%E7%94%9F%E6%B4%BB
https://www.ettoday.net/news/20190709/1486240.htm?from=pctaglist 
https://star.ettoday.net/news/1717187
https://junglevoice.ettoday.net/form.php
https://msg.ettoday.net/msg_liveshow.php?redir=https%3A%2F%2Fboba.ettoday.net%2Fsub_category%2F1%2F284%2F157255%3Ffrom%3Dvodframe_health&vid=157255
https://pgw.udn.com.tw/gw/photo.php?u=https://uc.udn.com.tw/photo/2017/11/03/99/4197455.jpg&x=0&y=0&sw=0&sh=0&sl=W&fw=1050
https://udn.com/page/topic/871
https://zh.wikipedia.org/wiki/2019%E5%B9%B46%E6%9C%88%E5%8F%8D%E5%B0%8D%E9%80%83%E7%8A%AF%E6%A2%9D%E4%BE%8B%E4%BF%AE%E8%A8%82%E8%8D%89%E6%A1%88%E9%81%8A%E8%A1%8C
https://www.etmall.com.tw/%E5%84%AA%E9%81%A9%E6%B4%BB-%E6%95%8F%E6%8D%B7%E8%86%A0%E5%8E%9F%E9%8C%A0-30%E9%8C%A0-%E7%9B%92/i/2197029?utm_source=ettoday&utm_medium=knee_pain_htm&utm_campaign=seo_project_by_Wayne
https://stars.udn.com
https://www.youtube.com/watch?v=XGMX42fWT7U&list=PLr8iY2AvgOL2XDKsLa94EBzttqaPNx4lL
https://pinterest.com/pin/create/button/?url=//star.ettoday.net/news/1719956&media=https://cdn2.ettoday.net/images/4892/d4892303.jpg&description=51歲女星何如芸21日半夜突然發表「不自殺宣言」引發網友擔憂。她寫道：「從今天開始，如果我的人身遭受攻擊甚至危險，都不是我自願所為。」粉絲憂心急催快點報警。
https://www.facebook.com/groups/1346565655446474/?source_id=144589512304563
https://newtalk.tw/news/category/2/%E6%94%BF%E6%B2%BB
https://www.ettoday.net/news/20200220/1649862.htm?from=pctaglist 
https://sports.ettoday.net/
https://junglevoice.ettoday.net/news.php
https://msg.ettoday.net/msg_liveshow.php?redir=https%3A%2F%2Fboba.ettoday.net%2Fsub_category%2F1%2F284%2F157255%3Ffrom%3Dvodframe_sports&vid=157255
https://pgw.udn.com.tw/gw/photo.php?u=https://uc.udn.com.tw/photo/2017/11/03/99/4197421.jpg&x=0&y=0&sw=0&sh=0&sl=W&fw=1050
https://udn.com
https://zh.wikipedia.org/wiki/%E4%B9%A0%E8%BF%91%E5%B9%B3
https://www.etmall.com.tw/order/basket
https://fund.udn.com
https://www.youtube.com/channel/UCD4Fd_NGg7EmwZqzp_SEZRg/featured
https://pinterest.com/pin/create/button/?url=//star.ettoday.net/news/1718480&media=https://cdn2.ettoday.net/images/4889/d4889101.jpg&description=大牙520登記結婚，成為人妻陣容，從《我愛黑澀會》節目的她，2006年和從節目一起選出的其他8位美眉一起發行EP，九妞妞目前成為人妻有4位，包括貝童彤、小蠻、大牙、丫頭（準人妻），貝童彤也開心表示，「親愛的牙，歡迎妳加入少婦聯盟。」
https://www.facebook.com/戴資穎-Tai-Tzu-Ying-164965326883996/
https://newtalk.tw/news/subcategory/16/%E7%BE%8E%E9%A3%9F
https://www.ettoday.net/news/20200228/1656278.htm?feature=聲林之王&tab_id=4741
https://star.ettoday.net/search.phtml?keywords=李準基
https://events.ettoday.net/activity/dalemon_inlove
https://msg.ettoday.net/msg_liveshow.php?redir=https%3A%2F%2Fboba.ettoday.net%2Fvideo%2F1%2F284%2F168501%09%3Ffrom%3Dvodframe_etnews&vid=168501
https://pgw.udn.com.tw/gw/photo.php?u=https://uc.udn.com.tw/photo/2017/11/03/99/4197423.jpg&x=0&y=0&sw=0&sh=0&sl=W&fw=1050
https://udn.com/mypage/mynewsFeature
https://zh.wikipedia.org/wiki/戴資穎
https://www.etmall.com.tw/HelpCenter/StandardSecurity
https://theme.udn.com/theme/story/6774/4394966
https://goo.gl/w0ICvP
https://pinterest.com/pin/create/button/?url=//star.ettoday.net/news/1720217&media=https://cdn2.ettoday.net/images/4890/d4890727.jpg&description=新北市新莊一處社區大樓昨天（21日），昨天驚傳在化糞池中發現「男嬰浮屍」。轄區警方獲報後，循線找出男嬰的母親。女子到案表示，她已懷孕19周，但因經濟因素，才會吃墮胎藥墮掉腹中寶寶。由於女子懷孕未滿24周流產，行為並無違法，警方訊後已先將女子請回。對此，身為未婚單親媽媽的網紅T妹，也在臉書上發表她對這件新聞與「墮胎」行為的看法。
https://www.facebook.com/ETtodayPOLITICS
https://newtalk.tw/news/view/2020-05-22/409419
https://www.ettoday.net/news/20200514/1714245.htm?from=pctaglist 
https://star.ettoday.net/media/324
https://junglevoice.ettoday.net/record.php
https://msg.ettoday.net/msg_liveshow.php?redir=https%3A%2F%2Fboba.ettoday.net%2Fvideo%2F1%2F284%2F161103%3Ffrom%3Dvodframe_star&vid=161103
https://udn.com/page/topic/496
https://zh.wikipedia.org/wiki/%E9%9F%93%E5%9C%8B%E7%91%9C
https://www.etmall.com.tw/tel:0800-057-999
https://theme.udn.com/theme/story/6774/4383872
http://chart.apis.google.com/chart?cht=qr&choe=UTF-8&chs=300x300&chl=https://www.ettoday.net/news/20170304/877306.htm?from=pc-newsshare-wechat-fixed
https://pinterest.com/pin/create/button/?url=//star.ettoday.net/news/1719933&media=https://cdn2.ettoday.net/images/4892/d4892220.jpg&description=「香港四小天王」之一的孫耀威擁有凍齡帥臉，憑藉唱歌拍戲紅遍華人圈，儘管工作忙碌，仍不時和粉絲分享生活點滴。他在20日於微博曬出於當天轉帳給老婆的明細內容，不少網友一看數字都被閃瞎，並驚呼「貧窮限制了我的想像」！
https://www.facebook.com/ETtodayHealth
https://newtalk.tw/news/view/2020-05-22/410486
https://www.ettoday.net/news/20161106/806268.htm?from=pctaglist 
https://sports.ettoday.net/news-list/籃球/SBL、WSBL
https://events.ettoday.net/metroaward2019/
https://msg.ettoday.net/msg_liveshow.php?redir=https%3A%2F%2Fboba.ettoday.net%2Fsub_category%2F1%2F284%2F157255%3Ffrom%3Dvodframe_etnews&vid=157255
https://udn.com/weather/
https://zh.wikipedia.org/wiki/%E9%A2%B1%E9%A2%A8
https://www.etmall.com.tw/HelpCenter/PrivacyStatement
https://theme.udn.com/theme/story/6774/4396929
http://chart.apis.google.com/chart?cht=qr&choe=UTF-8&chs=300x300&chl=https://www.ettoday.net/news/20190622/1473131.htm?from=pc-newsshare-wechat-fixed
https://pinterest.com/pin/create/button/?url=//star.ettoday.net/news/1720406&media=https://cdn2.ettoday.net/images/4893/d4893290.jpg&description=知名亞洲百大女DJ藍星蕾（Amber Na）將參與「17 DJ Night Out」活動，屆時會與約20位DJ熱情參與，包括「大嘴巴」團長DJ宗華，和各大平台知名美女DJ Hime，將在周末連續兩天帶來10小時不斷電線上電音趴。
https://www.facebook.com/%E7%88%86%E6%96%99%E9%85%B8%E9%A0%AD%E6%AE%BC-1780948205567675/
https://newtalk.tw/news/subcategory/2/%E6%94%BF%E6%B2%BB
https://www.ettoday.net/news/20181213/1330069.htm
https://star.ettoday.net/news/1719323
https://events.ettoday.net/activity/bravomyhero
https://msg.ettoday.net/msg_liveshow.php?redir=https%3A%2F%2Fboba.ettoday.net%2Fvideo%2F1%2F284%2F168501%09%3Ffrom%3Dvodframe_star&vid=168501
https://udn.com/umedia
https://zh.wikipedia.org/wiki/%E7%B5%B1%E4%B8%80%E7%99%BC%E7%A5%A8_(%E8%87%BA%E7%81%A3)
https://theme.udn.com/theme/story/6774/4356555
https://pinterest.com/pin/create/button/?url=//star.ettoday.net/news/1720131&media=https://cdn2.ettoday.net/images/4892/d4892653.jpg&description=大陸女星周迅2014年與美籍華裔演員高聖遠完婚，夫妻倆行事作風低調，近2年來頻頻被傳出婚變、離婚消息，雙方一直未有給出回應。近日有眼尖網友發現，高聖遠IG上和周迅的合照竟然全都被刪光，且已經4年沒有同框出現，再度引發婚變傳言。
https://www.facebook.com/Newtalk.Page/
https://newtalk.tw/news/subcategory/103/%E6%96%B0%E5%A5%87
https://www.ettoday.net/news/20200512/1712500.htm?from=pctaglist 
https://boba.ettoday.net/video/274/726/199869
https://events.ettoday.net/grace/
https://msg.ettoday.net/msg_liveshow.php?redir=https%3A%2F%2Fboba.ettoday.net%2Fsub_category%2F1%2F284%2F157255%3Ffrom%3Dvodframe_star&vid=157255
https://udn.com/umedia/?familybar_hide
https://zh.wikipedia.org/wiki/%E9%87%91%E6%AD%A3%E6%81%A9
https://500times.udn.com
https://pinterest.com/pin/create/button/?url=//star.ettoday.net/news/1719344&media=https://cdn2.ettoday.net/images/4890/d4890608.jpg&description=「一年一影帝，百年周星馳」，這句話正是說著無人不曉的香港巨星周星馳。年輕時他以自有的無厘頭表演被觀眾封為「喜劇之王」，近年轉戰導演後又創下多部膾炙人口的作品。而他的機敏才智不僅限於表演，他曾在公開場合被「亞洲首富」馬雲問及財產狀況，當下他以一句高情商的回答輕鬆化解尷尬，讓人拍手叫絕。
https://www.facebook.com/ETtodayHEALTH/
https://newtalk.tw/news/subcategory/3/%E8%B2%A1%E7%B6%93
https://www.ettoday.net/feature/羅志祥/8504?tt=羅志祥相關新聞
https://star.ettoday.net/column/news/KKBOX西洋小編
https://events.ettoday.net/ly-live/
https://udn.com/ctba/index
https://zh.wikipedia.org/wiki/劉真_(藝人)
https://theme.udn.com/theme/story/7490/4551177
https://pinterest.com/pin/create/button/?url=//star.ettoday.net/news/1720365&media=https://cdn2.ettoday.net/images/4893/d4893169.jpg&description=南韓人氣團體Super Junior成員神童去年因過胖出現高血壓、高血脂等問題，下定決心恢復健康，並與減肥中心合作開啟鏟肉計畫，他截至目前已成功瘦下37kg，然而，他體重瞬間下降，也讓粉絲非常擔心他吃不消，頻頻擔心他的身體狀況。對此，他在21日貼出健康報告，結果竟讓他震驚直呼「還以為我的檢查結果被調換了」，數值令他相當滿意。
https://www.facebook.com/taiwan555/
https://newtalk.tw/rss/index/
https://www.ettoday.net/news/20181206/1312258.htm?from=pctaglist 
https://boba.ettoday.net/sub_category/33/118
https://junglevoice.ettoday.net/rules-2.php
https://udn.com/news/story/7323/2544088?from=udn-referralnews_ch1004artbottom
https://zh.wikipedia.org/wiki/%E7%92%B0%E7%8B%80%E7%B7%9A_(%E5%8F%B0%E5%8C%97%E6%8D%B7%E9%81%8B)
https://stars.udn.com/star/index?familybar_hide
https://pinterest.com/pin/create/button/?url=//star.ettoday.net/news/1720330&media=https://cdn2.ettoday.net/images/4893/d4893105.jpg&description=南韓演員李準基最近被選定爲南韓手機遊戲代言人，該遊戲主打女性玩家，15秒的預告中，他穿全白西裝彷彿白馬王子，站在古代宮殿前方，搭配櫻花飄落的絕美場面，廣告一釋出他立馬分享在自己IG，竟釣出IU在下方留言，「您終於來了啊」，讓粉絲留言敲碗，「希望有《步步驚心2》」！
https://www.facebook.com/ChaoooTalk/
https://newtalk.tw/news/view/2020-05-22/410513
https://www.ettoday.net/news/20200520/1719035.htm?from=feature
https://sports.ettoday.net/news-list/棒球/中職
https://junglevoice.ettoday.net/player-list.php
https://theme.udn.com/theme/story/6774/4353824
https://pinterest.com/pin/create/button/?url=//star.ettoday.net/news/1720340&media=https://cdn2.ettoday.net/images/4893/d4893113.jpg&description=藝人林道遠從小遭棄養，導致他內向的個性，甚至因此造成偏差的行為，曾偷家裡的錢只為交朋友。雖然看來像是一般小孩不懂事的舉動，但對林道遠來說，交朋友卻是他當時一個很渺小的願望。
https://www.facebook.com/myudn/
https://newtalk.tw/about
https://www.ettoday.net/feature/ufo/940/3
https://boba.ettoday.net/sub_category/274/561/135575
https://events.ettoday.net/activity/ublbaseball
https://theme.udn.com/theme/cate/11961
https://pinterest.com/pin/create/button/?url=//star.ettoday.net/news/1720402&media=https://cdn2.ettoday.net/images/4893/d4893197.jpg&description=蕭敬騰出道13年，在樂壇有著舉足輕重地位，先前傳出他有意離開12年的華納音樂，轉往在港台擁有許多大牌歌手的環球唱片，他今（22日）出席代言記者會，被問及合約動向，他表示：「跟任何人都有機會，這就是緣分，人跟人相處就是信任，達到一定默契就可以合作」，態度相當保留。
https://www.facebook.com/Newtalk.Page
https://newtalk.tw/news/view/2020-05-22/410552
https://www.ettoday.net/news/20190401/1412713.htm?from=pctaglist 
https://movies.ettoday.net/news/1720349
https://member.ettoday.net/
https://theme.udn.com/theme/story/6774/4390092
https://pinterest.com/pin/create/button/?url=//star.ettoday.net/news/1720112&media=https://cdn2.ettoday.net/images/4892/d4892584.jpg&description=許多人喜歡養寵物陪伴，除了貓狗外，還有人會養蛇、蜥蜴等特殊動物，但日本寫真女星荒川真衣的寵物卻是人人聞之色變的昆蟲。她家中養了300隻左右不同種類的昆蟲，最多的就是蟑螂和蟋蟀，而她不只是飼養，更把這些昆蟲當成食物，她透露蟑螂的口感吃起來就像蝦子，意外地美味，讓人聽了毛骨悚然。
https://www.facebook.com/groups/1346565655446474/
https://newtalk.tw/news/view/2020-05-22/410608
https://www.ettoday.net/news/20191106/1574034.htm?from=pctaglist 
https://star.ettoday.net/news/1719901
https://junglevoice.ettoday.net/open_audition.php
http://paper.udn.com
https://pinterest.com/pin/create/button/?url=//star.ettoday.net/news/1720385&media=https://cdn2.ettoday.net/images/4609/d4609967.jpg&description=萊恩雷諾斯《惡棍英雄：死侍》、休傑克曼《羅根》加入「大銀幕精彩重獻」企劃，6月19日在台灣重新上映，首波釋出片單包含《少年Pi的奇幻漂流》、麥特戴蒙從影顛峰之作《絕地救援》、黑色喜劇《弒婚遊戲》、威爾法洛、茱莉亞路易斯德瑞福斯聯手演出《婚姻大崩壞》。
https://www.facebook.com/ETtodayHEALTH
https://newtalk.tw/citizen/view/56262
https://www.ettoday.net/news/20200430/1704067.htm?from=pctaglist 
https://movies.ettoday.net/ticket/1
https://events.ettoday.net/charity/index.php
https://theme.udn.com/theme/cate/10033
https://pinterest.com/pin/create/button/?url=//star.ettoday.net/news/1720436&media=https://cdn2.ettoday.net/images/4893/d4893463.jpg&description=南韓男演員鄭敬淏不只在感情上發展穩定，近年來在戲劇作品也繳出亮眼成績單，他近期參與夯劇《機智醫生生活》，外冷內熱的暖男性格受到觀眾喜愛，聲勢也瞬間飆漲。然而，談話性節目《Rumor Has It》18日曝光他國中時期的照片，圓潤的外型與現在相差甚大，他當時其實是摔角運動員，曾有一段為了不被霸凌而刻意吃胖的過去。
https://www.facebook.com/twtybbs/
https://newtalk.tw/news/view/2020-05-22/410598
https://www.ettoday.net/news/20200508/1710096.htm?from=pctaglist 
https://star.ettoday.net/search.phtml?keywords=丫頭
https://events.ettoday.net/activity/taoyuan2020
https://theme.udn.com/theme/story/6774/4383979
https://pinterest.com/pin/create/button/?url=//star.ettoday.net/news/1720203&media=https://cdn2.ettoday.net/images/4892/d4892985.jpg&description=公視與日本NHK《路~台灣Express~》男女主角炎亞綸、波瑠談起「異地戀」，讓楊烈感同身受，他的夫人藤堂麗子恰巧就是日本人，結婚40餘年，早已嚐過遠距離的酸甜苦辣，楊烈表示「我看他們在戲裡面戀愛，說真的很感動，雖然沒有辦法經常聚在一起，但彼此都放對方在心裡面。」
https://www.facebook.com/Funnnnntalk/
https://newtalk.tw/news/category/11/%E8%97%9D%E6%96%87
https://www.ettoday.net/news/20190704/1481911.htm?feature=ufo&tab_id=939
https://star.ettoday.net/media/81/212580/34
https://junglevoice.ettoday.net/../s1/index.php
https://vision.udn.com/index.html?familybar_show
https://pinterest.com/pin/create/button/?url=//star.ettoday.net/news/1717750&media=https://cdn2.ettoday.net/images/4885/d4885963.jpg&description=《夫婦的世界》靠著狗血、誇張的劇情，一開播就吸引大批觀眾討論，收視率節節升高，16日播出大結局渣夫「李泰伍」賠了正宮又失去小三，落魄的模樣讓劇迷大呼痛快，只不過另一名惡角「朴仁圭」的真正死因卻沒有明確地揭開，留下一個未解的謎，對此飾演朴仁圭的李學周也在訪問中說出了自己的想法。
https://www.facebook.com/ETtodaySHARE
https://newtalk.tw/news/category/13/%E9%81%B8%E8%88%89
https://www.ettoday.net/news/20200304/1659840.htm?from=pctaglist 
https://star.ettoday.net/media/88
https://events.ettoday.net/activity/mothersday2020
https://theme.udn.com/theme/cate/6772
https://pinterest.com/pin/create/button/?url=//star.ettoday.net/news/1720349&media=https://cdn2.ettoday.net/images/4885/d4885612.jpg&description=永遠的巨星張國榮逝世17年，但他永遠活在影迷的心中，他唯一監製的電影《夜半歌聲》，是哥哥過往演出的經典愛情代表作品，他與導演于仁泰接連合作《白髮魔女傳》和《夜半歌聲》，兩人默契十足，于仁泰也因這兩部風格強烈的作品表現出色，前往好萊塢發展，接連拍攝充滿詭譎恐怖氣氛的《鬼娃新娘》等作品，但他表示最懷念的還是與張國榮的合作，「他是個追求完美的人，什麼都要做到最好，還很幽默，他在我面前哼唱創作的電影主題曲的畫面，一直都還在我心中。」
https://www.facebook.com/ETtodaySISTER
https://newtalk.tw/articles
https://www.ettoday.net/news/20200522/1720454.htm
https://star.ettoday.net/issue/25
https://theme.udn.com/theme/story/6774/4382185
https://pinterest.com/pin/create/button/?url=//star.ettoday.net/news/1720170&media=https://cdn2.ettoday.net/images/4864/d4864422.jpg&description=何如芸22日凌晨忽然在臉書發「不自殺聲明」，讓所有人嚇一大跳，也有人擔心是否被威脅。《ETtoday星光雲》致電關心，經紀人Tina代報平安，「她目前人在拍戲」，據了解，何如芸一早8點有《炮仔聲》外景，出發前還先打給經紀人，怕經紀人擔心安慰沒事，經紀人急忙到外景地探班，讓何如芸感動大哭。
https://www.facebook.com/ETtodaySPORTS
https://newtalk.tw/news/category/6/%E5%89%B5%E5%A4%A2
https://www.ettoday.net/news/20200521/1719075.htm?ercamp=sorted_hot_news
https://star.ettoday.net/search.phtml?keywords=鄭敬淏
https://mobile.udn.com/
https://www.facebook.com/ETtodayBOBA/?fref=ts
https://newtalk.tw/contact
https://www.ettoday.net/news/20200522/1719986.htm?ercamp=sorted_hot_news
https://boba.ettoday.net/video/274/564/138440
https://theme.udn.com/theme/story/6774/4359817
https://newtalk.tw/news/view/2018-04-20/121587
https://www.ettoday.net/news/20200219/1649116.htm?from=feature
https://boba.ettoday.net/video/274/610/189929
https://mobile.udn.com/web/app.html
https://newtalk.tw/news/view/2020-05-22/410601
https://www.ettoday.net/news/20200418/1694692.htm?from=feature
https://boba.ettoday.net/video/33/406/70933
https://theme.udn.com
https://newtalk.tw/news/view/2020-05-22/410576
https://www.ettoday.net/news/20200428/1701817.htm?from=pctaglist 
https://boba.ettoday.net/video/274/610/193490
https://theme.udn.com/theme/story/6774/4390188
https://newtalk.tw/news/view/2020-05-21/410111
https://www.ettoday.net/news/20200521/1719794.htm
https://star.ettoday.net/search.phtml?keywords=吳映潔
https://theme.udn.com/theme/story/6774/4352174
https://newtalk.tw/news/view/2020-05-22/410571
https://www.ettoday.net/news/20200522/1720430.htm
https://star.ettoday.net/news/1715911
https://theme.udn.com/theme/story/6774/4392787
https://newtalk.tw/news/category/102/%E9%AB%94%E8%82%B2
https://www.ettoday.net/news/focus/3C%E5%AE%B6%E9%9B%BB/%E5%AE%B6%E9%9B%BB/
https://star.ettoday.net/issue/3
https://vision.udn.com
https://newtalk.tw/news/view/2020-05-21/410297
https://www.ettoday.net/news/20151224/618261.htm?from=pctaglist 
https://boba.ettoday.net/video/274/585/135053
https://theme.udn.com/theme/story/6774/4370634
https://newtalk.tw/debate/list
https://www.ettoday.net/news/20171130/1058103.htm?feature=膝蓋痛&tab_id=9447
https://boba.ettoday.net/category/33/212710
https://theme.udn.com/theme/story/6774/4361643
https://newtalk.tw/news/view/2020-05-21/409883
https://www.ettoday.net/news/20191227/1611615.htm?feature=ufo&tab_id=943
https://star.ettoday.net/search.phtml?keywords=九妞妞
https://theme.udn.com/theme/story/6774/4379771
https://newtalk.tw/news/category/9/%E7%92%B0%E4%BF%9D
https://www.ettoday.net/news/20200405/1684127.htm?from=pctaglist 
https://movies.ettoday.net/tag.phtml?keyword=
https://theme.udn.com/theme/story/6774/4356682
https://newtalk.tw/news/category/10/%E9%9B%BB%E7%AB%B6
https://www.ettoday.net/news/20200421/1697022.htm?feature=地震&tab_id=1232
https://star.ettoday.net/search.phtml?keywords=黃暐婷
https://theme.udn.com/theme/story/6774/4399158
https://newtalk.tw/news/view/2020-05-22/410340
https://www.ettoday.net/news/20200513/1712902.htm?feature=颱風&tab_id=1265
https://fashion.ettoday.net/focus/%E7%94%9F%E6%B4%BB
https://theme.udn.com/theme/story/6774/4376357
https://newtalk.tw/news/subcategory/15/%E6%97%85%E9%81%8A
https://www.ettoday.net/feature/ufo/944/3
https://star.ettoday.net/news/1719640
https://theme.udn.com/theme/story/6774/4359926
https://newtalk.tw/news/view/2020-05-22/410615
https://www.ettoday.net/feature/%E8%A1%8C%E9%8A%B7%E9%9B%B2?from=ettoday-header-button
https://boba.ettoday.net/video/274/565/190315
https://theme.udn.com/theme/story/6774/4364127
https://newtalk.tw/citizen/view/56257
https://www.ettoday.net/news/20190319/1402497.htm?feature=ufo&tab_id=938
https://star.ettoday.net/news/1694226
https://theme.udn.com/theme/story/6774/4380396
https://newtalk.tw/news/subcategory/102/%E9%AB%94%E8%82%B2
https://www.ettoday.net/news/20200402/1681012.htm?from=pctaglist 
https://star.ettoday.net/news/1719607
https://health.udn.com
https://newtalk.tw/news/subcategory/1/%E5%9C%8B%E9%9A%9B
https://www.ettoday.net/news/20191225/1603555.htm?from=pctaglist 
http://star.ettoday.net/
https://theme.udn.com/theme/story/6774/4393239
https://newtalk.tw/news/tag/
https://www.ettoday.net/news/20200312/1666125.htm?from=feature
https://boba.ettoday.net/video/33/118/95033
https://theme.udn.com/theme/story/6774/4397620
https://newtalk.tw/news/category/3/%E8%B2%A1%E7%B6%93
https://www.ettoday.net/news/20200121/1630612.htm?feature=大老闆傳奇-尹衍樑&tab_id=13274
https://boba.ettoday.net/videonews/214240?from=popular
https://theme.udn.com/theme/story/6774/4387313
https://newtalk.tw/news/view/2020-05-22/410544
https://www.ettoday.net/news/20200519/1717515.htm?ercamp=sorted_hot_news
https://star.ettoday.net/news/1720031
https://story.udn.com/dcstore/Index.do?
https://newtalk.tw/news/view/2020-05-17/406933
https://www.ettoday.net/news/20200519/1717618.htm?from=feature
https://sports.ettoday.net/news/1718147
https://house.udn.com/
https://newtalk.tw/news/category/15/%E6%97%85%E9%81%8A
https://www.ettoday.net/news/20200521/1719732.htm
https://star.ettoday.net/column/news/yeonhee
https://theme.udn.com/theme/story/6774/4356875
https://newtalk.tw/news/subcategory/5/%E7%94%9F%E6%B4%BB
https://www.ettoday.net/news/tag/首相/
https://star.ettoday.net/news/1719015
https://theme.udn.com/theme/story/6774/4399579
https://newtalk.tw/news/view/2020-05-21/410250
https://www.ettoday.net/news/20181112/1303855.htm?feature=ufo&tab_id=942
https://boba.ettoday.net/video/274/561/134298
https://theme.udn.com/theme/story/6774/4376783
https://newtalk.tw/news/subcategory/10/%E9%9B%BB%E7%AB%B6
https://www.ettoday.net/news/20200217/1647254.htm?from=feature
https://star.ettoday.net/news/1716355
https://global.udn.com
https://newtalk.tw/citizen/view/56260
https://www.ettoday.net/news/20200401/1681166.htm?from=pctaglist 
https://boba.ettoday.net/video/274/564/138175
https://theme.udn.com/theme/story/6774/4365863
https://newtalk.tw/news/subcategory/14/%E7%A4%BE%E6%9C%83
https://www.ettoday.net/news/20200519/1717335.htm?from=feature
https://boba.ettoday.net/category/274
https://theme.udn.com/rank/pv/1004
https://newtalk.tw/howto
https://www.ettoday.net/news/20191226/1609592.htm?feature=大老闆傳奇-尹衍樑&tab_id=13274
https://star.ettoday.net/media/81/214794/7
https://theme.udn.com/theme/story/6774/4362367
https://newtalk.tw/news/category/1/%E5%9C%8B%E9%9A%9B
https://www.ettoday.net/news/20200518/1716825.htm?from=pctaglist 
https://star.ettoday.net/news/1717948
https://theme.udn.com/theme/story/6774/4368458
https://newtalk.tw/news/view/2020-05-21/406867
http://www.ettoday.net/feature/謝和弦
https://star.ettoday.net/media/13/39558
https://theme.udn.com/theme/story/6774/4338198
https://newtalk.tw/news/view/2020-05-21/409890
https://www.ettoday.net/news/20190430/1433823.htm?from=pctaglist 
https://boba.ettoday.net/video/274/561/136889
https://theme.udn.com/theme/story/6774/4368280
https://newtalk.tw/citizen/view/56258
https://www.ettoday.net/news/20200407/1685835.htm?from=pctaglist 
https://movies.ettoday.net/news_list/384/1
https://theme.udn.com/theme/story/7490/4484098
https://newtalk.tw/
https://www.ettoday.net/news/20200423/1698369.htm?feature=地震&tab_id=1232
https://boba.ettoday.net/videonews/215149?from=et_pc_sidebar
https://theme.udn.com/theme/story/6774/4352067
https://newtalk.tw/news/subcategory/11/%E8%97%9D%E6%96%87
https://www.ettoday.net/news/20200505/1702651.htm?from=pctaglist 
https://sports.ettoday.net/news/1719475
https://theme.udn.com/theme/story/6774/4373982
https://newtalk.tw/news/subcategory/13/%E9%81%B8%E8%88%89
https://www.ettoday.net/feature/ufo/944/2
https://sports.ettoday.net/sport-category/籃球
https://opinion.udn.com/opinion/story/11373/2716381?from=udn-referralnews_ch1004artbottom
https://newtalk.tw/news/view/2020-05-22/410395
https://www.ettoday.net/news/20200426/1700323.htm?feature=地震&tab_id=1232
https://star.ettoday.net/column/news/Shanny
https://theme.udn.com/theme/story/6774/4378333
https://newtalk.tw/privacy
https://www.ettoday.net/news/20200505/1696449.htm?from=pctaglist 
https://star.ettoday.net/news/1718155
https://theme.udn.com/theme/story/6774/4354526
https://newtalk.tw/news/subcategory/2
https://www.ettoday.net/news/20200522/1720187.htm?ercamp=sorted_hot_news
https://star.ettoday.net/search.phtml?keywords=路
https://theme.udn.com/theme/story/6774/4358969
https://newtalk.tw/member/openid/facebook
https://www.ettoday.net/feature/%E6%96%87%E9%87%91%E6%9C%83
https://sports.ettoday.net/sport-category/新聞
https://theme.udn.com/theme/story/7490/4501014
https://newtalk.tw/news/tag/%E7%A6%8F%E5%9D%80%E8%BB%8A
https://www.ettoday.net/feature/颱風/1265/5
https://star.ettoday.net/media/323
https://theme.udn.com/rss/lists/1004
https://newtalk.tw/member/singin
https://www.ettoday.net/news/20160125/637111.htm?from=pctaglist 
https://star.ettoday.net/news/1718149
https://theme.udn.com/theme/story/6774/4368401
https://newtalk.tw/news/subcategory/18/%E5%A8%9B%E6%A8%82
https://www.ettoday.net/news/20200516/1715747.htm?from=pctaglist 
https://star.ettoday.net/news/1715979
https://autos.udn.com
https://newtalk.tw/news/category/17/%E9%81%8A%E6%88%B2
https://www.ettoday.net/feature/ufo/939?tt=外星人
https://sports.ettoday.net/sport-category/足球
https://nba.udn.com
https://newtalk.tw/news/category/16/%E7%BE%8E%E9%A3%9F
https://www.ettoday.net/feature/小女花不棄
https://star.ettoday.net/photo-list/16963
https://theme.udn.com/theme/story/6774/4365953
https://newtalk.tw/news/view/2020-05-22/410644
https://www.ettoday.net/news/20200422/1696883.htm?from=pctaglist 
https://star.ettoday.net/search.phtml?keywords=百大女DJ
https://ubrand.udn.com
https://newtalk.tw/news/view/2020-05-22/410613
https://www.ettoday.net/news/20200222/1650715.htm?from=pctaglist 
https://star.ettoday.net/news/1719927
http://mobile.udn.com/re/udnnews.shtml
https://newtalk.tw/faq
https://www.ettoday.net/feature/颱風/1265/7
https://movies.ettoday.net/news/1719623
https://game.udn.com
https://newtalk.tw/news/topics/view/610/%E4%B8%AD%E5%9C%8B%E5%85%A9%E6%9C%83%E9%96%8B%E5%B9%95
https://www.ettoday.net/news/20200520/1718492.htm?from=feature
https://star.ettoday.net/search.phtml?keywords=Alan Walker&idx=1&kind=9&page=2
https://theme.udn.com/theme/story/6774/4361990
https://newtalk.tw/news/category/7/%E4%B8%AD%E5%9C%8B
https://www.ettoday.net/news/20200522/1720218.htm?from=pctaglist 
https://boba.ettoday.net/sub_category/274/726
https://theme.udn.com/theme/story/7490/4534220
https://newtalk.tw/news/category/19/%E5%B0%88%E6%AC%84
https://www.ettoday.net/feature/ufo/944?tt=火星
https://sports.ettoday.net/news-list/足球/台灣足球
https://opinion.udn.com
https://newtalk.tw/videos
https://www.ettoday.net/news/20200325/1676466.htm?from=pctaglist 
https://star.ettoday.net/search.phtml?keywords=周揚青
https://style.udn.com
https://newtalk.tw/news/tag/%E9%BB%83%E5%AF%B6%E6%85%A7
https://www.ettoday.net/news/20200503/1705460.htm?from=feature
https://star.ettoday.net/search.phtml?keywords=阿廖師
https://theme.udn.com/theme/story/6774/4393168
https://newtalk.tw/news/subcategory/17/%E9%81%8A%E6%88%B2
https://www.ettoday.net/news/20200326/1677363.htm?from=pctaglist 
https://boba.ettoday.net/category/234
https://newtalk.tw/news/view/2020-05-22/410605
https://www.ettoday.net/news/20200415/1691887.htm?feature=大老闆傳奇-尹衍樑&tab_id=13274
https://boba.ettoday.net/video/274/610/188798
https://newtalk.tw/news/subcategory/8/%E7%A7%91%E6%8A%80
https://www.ettoday.net/news/20200512/1712435.htm?feature=ufo&tab_id=944
https://star.ettoday.net/news/1718062
https://newtalk.tw/news/view/2020-05-22/410629
https://www.ettoday.net/news/20180927/1268199.htm?feature=ufo&tab_id=940
https://star.ettoday.net/news/1717016
https://newtalk.tw/news/view/2020-05-22/410612
https://www.ettoday.net/news/20200515/1714590.htm?feature=ufo&tab_id=939
https://boba.ettoday.net/video/274/565/190308
https://newtalk.tw/news/view/2020-05-22/410511
https://www.ettoday.net/feature/戴資穎/1236/3
https://boba.ettoday.net/videonews/214469
https://newtalk.tw/news/view/2020-05-22/410626
https://www.ettoday.net/news/20200515/1715104.htm?feature=金正恩&tab_id=1597
https://star.ettoday.net/column/news/Kelly
https://newtalk.tw/opinion/list
https://www.ettoday.net/news/20200519/1717258.htm?from=feature
https://star.ettoday.net/news/1718701
https://newtalk.tw/news/view/2020-05-22/410557
https://www.ettoday.net/news/focus/生活/藝文/
https://star.ettoday.net/photo-list/16950
https://newtalk.tw/news/subcategory/9/%E7%92%B0%E4%BF%9D
https://www.ettoday.net/news/20200521/1719754.htm?ercamp=sorted_hot_news
https://star.ettoday.net/news/1719630
https://newtalk.tw/news/topics/
https://www.ettoday.net/feature/反送中/11539?tt=反送中 相關新聞
https://movies.ettoday.net/news/1717495
https://newtalk.tw/news/category/3/%E7%94%9F%E6%B4%BB%E8%97%9D%E6%96%87
https://www.ettoday.net/news/20181104/1296436.htm?from=pctaglist 
https://star.ettoday.net/photo-list/16955
https://newtalk.tw/citizen/view/56251
https://health.ettoday.net/category/親子
https://star.ettoday.net/search.phtml?keywords=周星馳
https://newtalk.tw/news/view/2020-05-22/410542
https://www.ettoday.net/news/20200514/1713794.htm?feature=颱風&tab_id=1265
https://star.ettoday.net/news/1717838
https://newtalk.tw/news/view/2020-05-22/410638
https://health.ettoday.net/category/%E5%85%A9%E6%80%A7
https://star.ettoday.net/news/1716155
https://newtalk.tw/news/category/5/%E7%94%9F%E6%B4%BB
https://www.ettoday.net/feature/習近平/4458/3
https://boba.ettoday.net/video/33/174/214105
https://newtalk.tw/news/view/2020-05-22/409839
https://www.ettoday.net/news/20200522/1719923.htm?ercamp=sorted_hot_news
https://star.ettoday.net/news-focus/韓星爆爆/424
https://newtalk.tw/citizen/list
https://www.ettoday.net/news/20131218/307945.htm?from=feature
https://star.ettoday.net/search.phtml?keywords=于仁泰
https://newtalk.tw/news/view//
https://www.ettoday.net/news/20200514/1713935.htm?feature=ufo&tab_id=940
https://star.ettoday.net/news-focus/即時新聞/9/4
https://newtalk.tw/news/view/2020-05-22/410642
https://www.ettoday.net/news/20191231/1613834.htm?from=pctaglist 
https://boba.ettoday.net/videonews/215017?from=et_pc_sidebar
https://newtalk.tw/news/tag/%E5%BE%A9%E5%BA%B7%E8%BB%8A
https://www.ettoday.net/news/20200515/1715130.htm?from=pctaglist 
https://star.ettoday.net/news/1719912
https://newtalk.tw/citizen/view/56263
https://www.ettoday.net/news/20191022/1560014.htm?from=pctaglist 
https://star.ettoday.net/photo-list/16938
https://newtalk.tw/rss
https://www.ettoday.net/news/20200328/1678427.htm?from=pctaglist 
https://star.ettoday.net/issue/2
https://newtalk.tw/premium
https://www.ettoday.net/news/20170512/922933.htm?feature=ufo&tab_id=941
https://star.ettoday.net/news-focus/即時/9/3
https://newtalk.tw/news/view/2020-05-22/410625
https://health.ettoday.net/category/%E9%86%AB%E8%97%A5%E6%96%B0%E8%81%9E
https://boba.ettoday.net/video/274/561/136856
https://newtalk.tw/news/subcategory/7/%E4%B8%AD%E5%9C%8B
https://www.ettoday.net/news/20200509/1709734.htm?feature=金正恩&tab_id=1597
https://star.ettoday.net/search.phtml?keywords=李學周
https://newtalk.tw/news/view/2020-05-22/410569
https://www.ettoday.net/news/20200522/1720039.htm?from=feature
https://star.ettoday.net/news-focus/電視/51
https://newtalk.tw/news/category/4/%E5%8F%B8%E6%B3%95
https://www.ettoday.net/news/20200514/1714292.htm?feature=習近平&tab_id=4458
https://star.ettoday.net/news/1715427
https://newtalk.tw/news/category/18/%E5%A8%9B%E6%A8%82
https://www.ettoday.net/news/20200521/1719922.htm?ercamp=sorted_hot_news
https://boba.ettoday.net/sub_category/274/561/127640
https://newtalk.tw/news/author/%E8%94%A1%E5%9D%A4%E9%BE%8D
https://www.ettoday.net/sitemap.htm
https://star.ettoday.net/news/1717612
https://newtalk.tw/news/view/2020-05-21/410230
https://health.ettoday.net/category_tag/禽流感健康
https://boba.ettoday.net/video/33/404/68270
https://newtalk.tw/copyright
https://www.ettoday.net/news/20181101/1295997.htm?from=pctaglist 
https://movies.ettoday.net/video/273/167053
https://newtalk.tw/news/subcategory/4/%E5%8F%B8%E6%B3%95
https://www.ettoday.net/news/20200115/1625915.htm?feature=ufo&tab_id=940
https://fashion.ettoday.net/focus/%E5%90%8D%E4%BA%BA
https://newtalk.tw/news/category/103/%E6%96%B0%E5%A5%87
https://www.ettoday.net/news/20200107/1619423.htm?feature=ufo&tab_id=939
https://movies.ettoday.net/news/1717948
https://newtalk.tw/news/category/8/%E7%A7%91%E6%8A%80
https://www.ettoday.net/news/20200212/1644135.htm?from=feature
https://star.ettoday.net/search.phtml?keywords=孫耀威
https://newtalk.tw/download
https://www.ettoday.net/news/20200522/1720246.htm?ercamp=sorted_hot_news
https://boba.ettoday.net/video/274/544/144494
https://newtalk.tw/news/view/2020-05-22/410602
https://www.ettoday.net/news/20190927/1544518.htm
https://boba.ettoday.net/category/288
https://newtalk.tw/news/view/2020-05-22/410606
https://www.ettoday.net/news/20200419/1694847.htm?feature=戴資穎&tab_id=1236
https://sports.ettoday.net/news-list.htm
https://newtalk.tw/news/view/2020-05-22/410653
https://www.ettoday.net/news/20200521/1719655.htm?from=pctaglist 
https://movies.ettoday.net/video/91/213951
https://newtalk.tw/news/view/2020-05-22/410520
https://www.ettoday.net/news/focus/%E7%94%9F%E6%B4%BB/%E6%B0%A3%E8%B1%A1/
https://star.ettoday.net/news/1719941
https://newtalk.tw/news/view/2020-05-22/410536
https://www.ettoday.net/news/20200521/1719404.htm?from=feature
https://sports.ettoday.net
https://newtalk.tw/news/category/14/%E7%A4%BE%E6%9C%83
https://www.ettoday.net/news/20190412/1420322.htm?feature=ufo&tab_id=938
https://star.ettoday.net/news/1719592
https://newtalk.tw/news/view/2020-05-21/410237
https://www.ettoday.net/news/20200506/1708131.htm?feature=金正恩&tab_id=1597
https://star.ettoday.net/news/1719623
https://newtalk.tw/news/summary/today/
https://www.ettoday.net/feature/ufo/942?tt=金字塔
https://movies.ettoday.net/news/1719549
https://newtalk.tw/news/summary/today
https://www.ettoday.net/feature/我們不能是朋友
https://fashion.ettoday.net/focus/%E5%A5%A2%E9%80%B8
https://newtalk.tw/news/view/2020-05-22/410631
https://health.ettoday.net/category_tag/失智海嘯來襲
https://boba.ettoday.net/videonews/215149?from=popular
https://newtalk.tw/news/view/2020-05-22/410159
https://www.ettoday.net/news/20190116/1358041.htm?from=pctaglist 
https://boba.ettoday.net/video/274/726/198935
https://newtalk.tw/news/subcategory/6/%E5%89%B5%E5%A4%A2
https://www.ettoday.net/news/20191210/1595680.htm?from=pctaglist 
https://boba.ettoday.net/sub_category/274/561/136856
https://newtalk.tw/live/ly
https://www.ettoday.net/news/20200521/1719739.htm?feature=習近平&tab_id=4458
https://boba.ettoday.net/sub_category/274/561/130379
https://www.ettoday.net/news/20200417/1694170.htm?from=pctaglist 
https://boba.ettoday.net/video/274/563/137875
https://www.ettoday.net/news/focus/財經/求職達人/
https://boba.ettoday.net/sub_category/274/561/129252
https://www.ettoday.net/news/20200518/1716637.htm?from=pctaglist 
https://fashion.ettoday.net/focus/%E6%BD%AE%E6%B5%81
https://www.ettoday.net/news/20200310/1663550.htm?from=pctaglist 
https://sports.ettoday.net/news/1719819
https://www.ettoday.net/news/20200325/1675740.htm?from=pctaglist 
https://sports.ettoday.net/news-list/%E7%AB%B6%E6%8A%80/%E6%8A%80%E6%93%8A%E3%80%81%E7%90%83%E9%A1%9E
https://www.ettoday.net/news/20190714/1489516.htm?feature=ufo&tab_id=942
https://sports.ettoday.net/sport-category/運動潮流
https://www.ettoday.net/news/20191007/1552248.htm?from=pctaglist 
https://star.ettoday.net/photo-list/16959
https://www.ettoday.net/news/20180904/1251632.htm?from=pctaglist 
https://star.ettoday.net/news-focus/音樂/426
https://www.ettoday.net/news/20200522/1720223.htm?from=pctaglist 
https://star.ettoday.net/column/news/伍麒匡 Cyrus Ng
https://www.ettoday.net/news/20200522/1720408.htm
https://star.ettoday.net/news/1674742
http://www.ettoday.net/changeReadType.php?rtype=0&rurl=http%3A%2F%2Fwww.ettoday.net%2Ffeature%2F%25E6%258D%25B7%25E9%2581%258B%25E7%2592%25B0%25E7%258B%2580%25E7%25B7%259A
https://star.ettoday.net/news/1719601
https://www.ettoday.net/news/20200225/1653976.htm?from=pctaglist 
https://star.ettoday.net/search.phtml?keywords=黃瀞怡
https://www.ettoday.net/news/20200313/1666690.htm?from=feature
https://boba.ettoday.net/video/274/585/131608
https://health.ettoday.net/news/1714356
https://star.ettoday.net/photo-list/16951
https://pets.ettoday.net/focus/%E5%8B%95%E7%89%A9%E7%86%B1%E6%90%9C
https://movies.ettoday.net/news_list/642/1
https://www.ettoday.net/news/20191020/1561184.htm?feature=ufo&tab_id=942
https://boba.ettoday.net/video/274/561/135504
https://health.ettoday.net/search.phtml?keyword=台北榮總
https://star.ettoday.net/search.phtml?keywords=IU
https://www.ettoday.net/feature/習近平/4458/5
https://boba.ettoday.net/video_tag/葉益豪
https://www.ettoday.net/news/20200520/1718818.htm?from=pctaglist 
https://sports.ettoday.net/news/1720429
https://www.ettoday.net/news/focus/財經/重大資訊/
https://star.ettoday.net/news/1720325
https://www.ettoday.net/news/20200211/1643332.htm?from=feature
https://star.ettoday.net/news-focus/即時新聞/9/2
https://www.ettoday.net/news/20200221/1651172.htm?from=pctaglist 
https://boba.ettoday.net/videonews/215010?from=sports_pc_sidebar_bobahot
https://www.ettoday.net/news/focus/%E6%94%BF%E6%B2%BB/
https://star.ettoday.net/news/1716778
http://www.ettoday.net/changeReadType.php?rtype=0&rurl=http%3A%2F%2Fwww.ettoday.net%2Ffeature%2Fufo%2F942%3Ftt%3D%25E9%2587%2591%25E5%25AD%2597%25E5%25A1%2594
https://star.ettoday.net/media/739
https://www.ettoday.net/news/20200216/1646940.htm?from=pctaglist 
https://star.ettoday.net/news/1715974
https://www.ettoday.net/news/20200331/1681006.htm?from=pctaglist 
https://star.ettoday.net/news/1718048
https://www.ettoday.net/news/20200406/1685041.htm?from=feature
https://star.ettoday.net/star-category/韓流
https://www.ettoday.net/news/20190624/1473873.htm?feature=ufo&tab_id=944
https://star.ettoday.net/media/639
https://forum.ettoday.net/
https://sports.ettoday.net/news/1720419
https://www.ettoday.net/news/20200522/1720077.htm?from=pctaglist 
https://boba.ettoday.net/video/274/565/199717
https://www.ettoday.net/news/20200522/1720464.htm
https://boba.ettoday.net/category/261
https://www.ettoday.net/news/20190425/1430254.htm?from=pctaglist 
https://star.ettoday.net/news/1719272
https://www.ettoday.net/news/20200329/1679380.htm?from=feature
https://star.ettoday.net/news/1720216
https://www.ettoday.net/news/20200310/1654431.htm?from=pctaglist 
https://boba.ettoday.net/sub_category/33/406
https://www.ettoday.net/news/20200521/1719686.htm?feature=金正恩&tab_id=1597
https://boba.ettoday.net/sub_category/274/561/131520
https://www.ettoday.net/news/20200513/1712169.htm?feature=金正恩&tab_id=1597
https://star.ettoday.net/news/1718088
https://www.ettoday.net/news.htm
https://sports.ettoday.net/news-list/籃球/ABL
https://www.ettoday.net/news/20191119/1583371.htm?from=pctaglist 
https://movies.ettoday.net/video/273
https://www.ettoday.net/news/20200217/1647716.htm?feature=大老闆傳奇-尹衍樑&tab_id=13274
https://star.ettoday.net/news/1715300
https://www.ettoday.net/news/20200412/1689619.htm?feature=戴資穎&tab_id=1236
https://star.ettoday.net/news/1716076
https://www.ettoday.net/news/20200512/1712658.htm?feature=颱風&tab_id=1265
https://boba.ettoday.net/video/33/174/214659
https://www.ettoday.net/news/20200514/1713752.htm?from=pctaglist 
https://boba.ettoday.net/category/243
https://health.ettoday.net/category_tag/醫美健康
https://boba.ettoday.net/category/239
https://www.ettoday.net/news/20191024/1564535.htm?from=pctaglist 
https://star.ettoday.net/search.phtml?keywords=陳致遠
http://www.ettoday.net/feature/koohara
https://sports.ettoday.net/news/1720123
https://www.ettoday.net/news/20200504/1705823.htm?from=feature
https://star.ettoday.net/media/738
https://www.ettoday.net/news/20191026/1565842.htm?from=pctaglist 
https://star.ettoday.net/news-focus/即時新聞/9/5
https://www.ettoday.net/news/20171211/1070229.htm?from=pctaglist 
https://star.ettoday.net/star-category/%E9%9B%BB%E8%A6%96
https://www.ettoday.net/news/20200429/1702432.htm?feature=ufo&tab_id=940
https://star.ettoday.net/news/1717869
https://www.ettoday.net/feature/柯文哲/1595/7
https://star.ettoday.net/star-category/%E8%8F%AF%E5%A8%9B
https://www.ettoday.net/news/20200102/1616159.htm?feature=大老闆傳奇-尹衍樑&tab_id=13274
https://boba.ettoday.net/video/274/585/131606
https://www.ettoday.net/news/20200501/1701315.htm?from=pctaglist 
https://star.ettoday.net/news/1716414
https://www.ettoday.net/news/20190826/1520830.htm?from=pctaglist 
https://star.ettoday.net/search.phtml?keywords=高聖遠
https://www.ettoday.net/feature/反送中/11539/5
https://star.ettoday.net/media/81/214654/8
https://www.ettoday.net/news/20200522/1720399.htm
https://sports.ettoday.net/news/1718236
https://www.ettoday.net/news/20200210/1642451.htm?from=pctaglist 
https://boba.ettoday.net/video/274/561/135542
https://www.ettoday.net/news/tag/張忠謀/
https://movies.ettoday.net/news/1716411
https://www.ettoday.net/news/20200330/1679907.htm?from=feature
https://star.ettoday.net/news/1719505
https://www.ettoday.net/news/20171112/1050778.htm?ercamp=sorted_hot_news
https://boba.ettoday.net/video/274/726/198941
https://www.ettoday.net/news/20200124/1618836.htm?from=feature
https://star.ettoday.net/search.phtml?keywords=林秀琴
https://www.ettoday.net/news/20190927/1544833.htm
https://boba.ettoday.net/video/274/564/138162
https://www.ettoday.net/news/20200519/1717755.htm?from=feature
https://star.ettoday.net/issue/5
https://www.ettoday.net/news/20120620/61822.htm?feature=ufo&tab_id=943
https://star.ettoday.net/search.phtml?keywords=彤彤
https://www.ettoday.net/news/20190910/1531798.htm?from=pctaglist 
https://boba.ettoday.net/category/33/214659
https://www.ettoday.net/news/20190424/1429429.htm?from=pctaglist 
https://boba.ettoday.net/sub_category/274/564
https://www.ettoday.net/news/20190909/1531925.htm?from=pctaglist 
https://star.ettoday.net/news/1715746
https://www.ettoday.net/news/20200512/1712566.htm?feature=大老闆傳奇-尹衍樑&tab_id=13274
https://star.ettoday.net/search.phtml?keywords=MeiMei
https://www.ettoday.net/news/20200423/1697765.htm?feature=王令麟&tab_id=1016
https://boba.ettoday.net/category/273
https://www.ettoday.net/news/20200521/1719331.htm?ercamp=sorted_hot_news
https://boba.ettoday.net/video/33/118/69348
https://www.ettoday.net/feature/2018MAMA
https://star.ettoday.net/news/1717524
https://www.ettoday.net/news/20160917/777016.htm?feature=ufo&tab_id=941
https://star.ettoday.net/news/1719595
https://www.ettoday.net/news/20200519/1717258.htm?feature=習近平&tab_id=4458
https://star.ettoday.net/search.phtml?keywords=大牙
https://www.ettoday.net/news/20200522/1720206.htm?from=feature
https://star.ettoday.net/news/1709631
https://www.ettoday.net/feature/武漢肺炎/14406?tt=世界疫情
https://boba.ettoday.net/video/274/561/135528
https://www.ettoday.net/news/20140519/358899.htm?from=pctaglist 
https://star.ettoday.net/news/1719150
https://www.ettoday.net/news/20190525/1451391.htm?from=pctaglist 
https://star.ettoday.net/search.phtml?keywords=Alan Walker&idx=1&kind=9&page=5
https://www.ettoday.net/news/20190924/1537840.htm?from=pctaglist 
https://boba.ettoday.net/video/274/561/135629
https://www.ettoday.net/news/20200330/1679811.htm?from=pctaglist 
https://star.ettoday.net/search.phtml?keywords=周迅
https://www.ettoday.net/news/20200521/1719205.htm?ercamp=sorted_hot_news
https://boba.ettoday.net/video/274/561/135512
https://www.ettoday.net/news/20200416/1692758.htm?from=feature
https://movies.ettoday.net/news_list/641/1
https://www.ettoday.net/news/20200115/1621537.htm?from=pctaglist 
https://star.ettoday.net/media/25/39628
https://www.ettoday.net/news/20200129/1632162.htm?from=pctaglist 
https://star.ettoday.net/media/489
https://www.ettoday.net/news/20200520/1718647.htm?from=feature
https://star.ettoday.net/news/1720182
https://www.ettoday.net/news/20190808/1509195.htm?from=pctaglist 
https://boba.ettoday.net/videonews/214997?from=popular
https://www.ettoday.net/ettoday_app.htm
https://sports.ettoday.net/news-list/籃球/CBA
https://www.ettoday.net/news/20200331/1681328.htm?from=pctaglist 
https://boba.ettoday.net/video/274/544/137142
https://www.ettoday.net/news/20200521/1719287.htm?ercamp=sorted_hot_news
https://star.ettoday.net/news/1715820
https://www.ettoday.net/news/20200521/1719837.htm?from=feature
https://star.ettoday.net/news-focus/即時/9/4
https://www.ettoday.net/news/20200522/1720009.htm?ercamp=sorted_hot_news
https://sports.ettoday.net/news/1719838
https://www.ettoday.net/feature/郭台銘/2777/7
https://star.ettoday.net/news/1716356
https://www.ettoday.net/news/20180707/1207366.htm?from=pctaglist 
https://movies.ettoday.net/news/1711013
https://www.ettoday.net/news/20190508/1440087.htm?from=pctaglist 
https://boba.ettoday.net/sub_category/274/562
https://www.ettoday.net/news/20191203/1593036.htm?from=feature
https://boba.ettoday.net/video/274/561/132826
https://www.ettoday.net/news/20191105/1572645.htm?from=pctaglist 
https://star.ettoday.net/news/1717884
https://www.ettoday.net/news/20200329/1679062.htm?from=feature
https://star.ettoday.net/news/1718992
https://www.ettoday.net/news/20200330/1679983.htm?from=pctaglist 
https://star.ettoday.net/news/1717780
https://health.ettoday.net/news/1719239
https://boba.ettoday.net/category/255/214969?from=sports_pc_sidebar_sportshot
https://www.ettoday.net/news/20200422/1697579.htm?feature=王令麟&tab_id=1016
https://star.ettoday.net/search.phtml?keywords=詹子晴
https://www.ettoday.net/news/20190912/1533822.htm?from=pctaglist 
https://star.ettoday.net/photo-list/16958
https://www.ettoday.net/feature/大老闆傳奇-尹衍樑/13282?tt=潤泰新
https://star.ettoday.net/news/1719948
https://www.ettoday.net/news/20181031/1294904.htm?feature=膝蓋痛&tab_id=9447
https://boba.ettoday.net/video/274/561/135558
https://www.ettoday.net/news/20190915/1535729.htm?feature=ufo&tab_id=941
https://movies.ettoday.net/video/273/165697
https://www.ettoday.net/feature/attentionlove
https://star.ettoday.net/media/25/39627
https://www.ettoday.net/news/20191015/1556684.htm?from=pctaglist 
https://boba.ettoday.net/sub_category/274/610
https://www.ettoday.net/news/20200330/1679621.htm?from=feature
https://boba.ettoday.net/videonews/214832?from=sports_pc_sidebar_bobahot
https://www.ettoday.net/feature/大老闆傳奇-尹衍樑/13275?tt=兆豐金
https://star.ettoday.net/media/728
https://www.ettoday.net/news/20200512/1712720.htm?feature=颱風&tab_id=1265
https://star.ettoday.net/news/1720317
https://www.ettoday.net/news/20181220/1336219.htm?feature=ufo&tab_id=942
https://star.ettoday.net/media/81/215160/1
https://www.ettoday.net/feature/聲林之王/4741/5
https://game.ettoday.net
https://www.ettoday.net/news/20190608/1462976.htm?from=pctaglist 
https://star.ettoday.net/column/news/Steve Chung 鍾樂偉
https://www.ettoday.net/news/20200122/1631627.htm?from=feature
https://star.ettoday.net/search.phtml?keywords=姜漢娜
https://www.ettoday.net/news/20200325/1676434.htm?from=feature
https://star.ettoday.net/search.phtml?keywords=郭婕祈
https://www.ettoday.net/news/20200503/1705729.htm?feature=地震&tab_id=1232
https://star.ettoday.net/news/1714803
https://health.ettoday.net/category_tag/茲卡病毒健康
https://boba.ettoday.net/video/33/209/34927
https://www.ettoday.net/news/20200402/1682927.htm?from=pctaglist 
https://star.ettoday.net/news/1720252
https://www.ettoday.net/feature/地震/1232/3
https://boba.ettoday.net/category/240
https://www.ettoday.net/feature/颱風/1269?tt=停班停課
https://boba.ettoday.net/category/33/215127
https://www.ettoday.net/news/20120926/107094.htm?feature=ufo&tab_id=943
https://star.ettoday.net/news/1718152
https://www.ettoday.net/news/20200330/1680044.htm?feature=大老闆傳奇-尹衍樑&tab_id=13274
https://star.ettoday.net/news/1719610
https://www.ettoday.net/news/20200514/1714395.htm?feature=颱風&tab_id=1265
https://star.ettoday.net/search.phtml?keywords=鏡週刊
https://www.ettoday.net/news/20200518/1716452.htm?from=pctaglist 
https://boba.ettoday.net/video/274/585/134337
https://www.ettoday.net/news/20190918/1538243.htm?feature=ufo&tab_id=942
https://boba.ettoday.net/videonews/214307
https://www.ettoday.net/news/20200207/1640691.htm?from=feature
https://sports.ettoday.net/news-list/運動潮流/新品資訊
https://www.ettoday.net/feature/尹食堂
https://boba.ettoday.net/category/255
https://www.ettoday.net/news/20120622/63346.htm?feature=ufo&tab_id=943
https://boba.ettoday.net/videonews/214403
https://www.ettoday.net/news/20200418/1694622.htm?from=feature
https://star.ettoday.net/news/1704221
https://www.ettoday.net/news/20200516/1714724.htm?from=pctaglist 
https://star.ettoday.net/news/1717577
https://www.ettoday.net/feature/地震/1232/6
https://boba.ettoday.net/video_tag/林宥嘉
https://www.ettoday.net/news/20191208/1597230.htm?from=pctaglist 
https://boba.ettoday.net/videonews/215082?from=popular
https://www.ettoday.net/news/20200216/1646940.htm?feature=大老闆傳奇-尹衍樑&tab_id=13274
https://movies.ettoday.net/video/91
https://www.ettoday.net/news/20200410/1688018.htm?from=pctaglist 
https://star.ettoday.net/search.phtml?keywords=馬雲
https://www.ettoday.net/news/20200424/1698897.htm?feature=王令麟&tab_id=1016
https://star.ettoday.net/news/1719858
https://www.ettoday.net/news/20190503/1433855.htm?from=pctaglist 
https://boba.ettoday.net/video/274/610/191297
https://www.ettoday.net/feature/聲林之王/4741/3
https://boba.ettoday.net/sub_category/33/404
https://www.ettoday.net/news/20200521/1719415.htm?ercamp=sorted_hot_news
https://sports.ettoday.net/news/1720444
https://www.ettoday.net/news/20200403/1682987.htm?from=feature
https://star.ettoday.net/media/19/191794
https://www.ettoday.net/news/20200522/1720391.htm
https://star.ettoday.net/news/1720075
https://www.ettoday.net/feature/地震/1496?tt=地震包相關報導
https://star.ettoday.net/album/2
https://www.ettoday.net/news/20190824/1504424.htm?from=pctaglist 
https://star.ettoday.net/issue/4
https://www.ettoday.net/news/20191126/1588414.htm?from=pctaglist 
https://movies.ettoday.net/news/1693256
https://www.ettoday.net/feature/劉真/12646/3
https://star.ettoday.net/media/712
https://www.ettoday.net/news/20200512/1712170.htm?from=pctaglist 
https://star.ettoday.net/news-focus/韓星爆爆/83
http://www.ettoday.net/changeReadType.php?rtype=0&rurl=http%3A%2F%2Fwww.ettoday.net%2Ffeature%2Fufo%2F943%3Ftt%3D%25E9%25BA%25A5%25E7%2594%25B0%25E5%259C%2588
https://star.ettoday.net/photo-list/16936
https://www.ettoday.net/news/20200415/1691592.htm?from=pctaglist 
https://star.ettoday.net/news-focus/電視/425
https://www.ettoday.net/news/focus/財經/電商/
https://star.ettoday.net/search.phtml?keywords=台灣Express
https://www.ettoday.net/news/20160910/772489.htm?feature=ufo&tab_id=941
https://boba.ettoday.net/category/280
https://www.ettoday.net/news/20200317/1668964.htm?from=pctaglist 
https://movies.ettoday.net/news_list/383/1
https://www.ettoday.net/news/20200406/1685083.htm?from=feature
https://star.ettoday.net/news/1718950
https://www.ettoday.net/news/20200521/1719601.htm?from=feature
https://star.ettoday.net/news-focus/華娛/423
https://www.ettoday.net/feature/ufo/944/7
https://star.ettoday.net/photo-list/16939
https://www.ettoday.net/news/20130223/166812.htm?feature=ufo&tab_id=945
https://star.ettoday.net/album/3
https://www.ettoday.net/news/20181211/1328503.htm
https://boba.ettoday.net/video/274/564/138157
https://www.ettoday.net/news/20190502/1435193.htm?from=pctaglist 
https://boba.ettoday.net/video/33/209/34412
https://health.ettoday.net/category_tag/恙蟲病健康
https://star.ettoday.net/news/1720304
https://www.ettoday.net/news/20190426/1430825.htm?feature=ufo&tab_id=940
https://star.ettoday.net/news/1717425
http://www.ettoday.net/feature/林志玲AKIRA婚禮
https://boba.ettoday.net/video/274/562/131512
https://www.ettoday.net/news/20181207/1325410.htm
https://boba.ettoday.net/video/33/404/70910
https://www.ettoday.net/news/20191018/1559818.htm?from=pctaglist 
https://star.ettoday.net/news/1679294
https://www.ettoday.net/feature/劉真
https://star.ettoday.net/news/1720258
https://www.ettoday.net/news/20190731/1502769.htm?feature=ufo&tab_id=945
https://star.ettoday.net/issue/6
https://www.ettoday.net/feature/ufo/942/2
https://star.ettoday.net/news/1715896
https://www.ettoday.net/news/20191229/1493385.htm?feature=ufo&tab_id=942
https://star.ettoday.net/news/1717082
https://www.ettoday.net/feature/戴資穎/1236/5
https://boba.ettoday.net/video/274/565/190302
https://www.ettoday.net/news/20190222/1382589.htm?feature=ufo&tab_id=944
https://star.ettoday.net/search.phtml?keywords=林俊傑
https://www.ettoday.net/news/20191223/1608529.htm?from=pctaglist 
https://star.ettoday.net/column/news/核能
https://www.ettoday.net/news/20200420/1695524.htm?from=feature
https://star.ettoday.net/photo-list/16952
https://www.ettoday.net/news/20190628/1470862.htm?from=pctaglist 
https://star.ettoday.net/search.phtml?keywords=蕭敬騰
https://www.ettoday.net/news/20200519/1717420.htm?from=pctaglist 
https://star.ettoday.net/news-focus/音樂/53
https://www.ettoday.net/news/focus/%E6%96%B0%E8%81%9E%E9%9B%B2APP/%E6%95%B8%E5%82%B3%E5%AA%92/
https://star.ettoday.net/news/1720199
https://www.ettoday.net/news/20181229/1343372.htm?feature=ufo&tab_id=942
https://movies.ettoday.net/news/1717178
https://www.ettoday.net/news/20200323/1665719.htm?from=pctaglist 
https://boba.ettoday.net/video/33/209/30492
https://www.ettoday.net/news/tag/專訪/
https://sports.ettoday.net/news/1719836
https://www.ettoday.net/news/20180904/1251028.htm?feature=ufo&tab_id=942
https://star.ettoday.net/news/1714689
https://www.ettoday.net/news/20200130/1634432.htm?from=feature
https://star.ettoday.net/search.phtml?keywords=Super Junior
https://www.ettoday.net/news/20200323/1674287.htm?from=feature
https://boba.ettoday.net/category/290
https://www.ettoday.net/news/20200521/1719699.htm?from=feature
https://boba.ettoday.net/video/274/562/136160
http://www.ettoday.net/changeReadType.php?rtype=0&rurl=http%3A%2F%2Fwww.ettoday.net%2Ffeature%2Fufo%2F940%3Ftt%3D%25E9%25A3%259B%25E7%25A2%259F%2520UFO
https://star.ettoday.net/news/1717839
https://www.ettoday.net/feature/theyearof5g
https://fashion.ettoday.net/focus/%E6%99%82%E5%B0%9A
https://www.ettoday.net/news/20200123/1599810.htm?feature=聲林之王&tab_id=4741
https://boba.ettoday.net/video/33/118/67204
https://health.ettoday.net/search.phtml?keyword=榮總玉里分院
https://star.ettoday.net/news/1720215
https://www.ettoday.net/news/20190222/1383811.htm?feature=ufo&tab_id=940
https://boba.ettoday.net/videonews/215016?from=popular
https://www.ettoday.net/news/20200403/1683347.htm?from=feature
https://star.ettoday.net/event-focus/421
https://www.ettoday.net/news/20200522/1720153.htm?ercamp=sorted_hot_news
https://boba.ettoday.net/video/274/563/139469
https://www.ettoday.net/feature/金正恩/1597/6
https://movies.ettoday.net/video/273/168781
https://www.ettoday.net/feature/TDCC
https://star.ettoday.net/news-focus/華娛/50
https://www.ettoday.net/news/20200224/1651033.htm?from=pctaglist 
https://star.ettoday.net/news/1719916
https://www.ettoday.net/news/20200516/1715527.htm?from=feature
https://star.ettoday.net/news/1719409
https://www.ettoday.net/news/20200227/1652887.htm?feature=聲林之王&tab_id=4741
https://star.ettoday.net/news/1720326
https://www.ettoday.net/news/20200402/1682786.htm?from=pctaglist 
https://boba.ettoday.net/videonews/215010?from=popular
https://www.ettoday.net/news/20200117/1614487.htm?from=pctaglist 
https://boba.ettoday.net/category/270
https://www.ettoday.net/feature/ufo/939/2
https://star.ettoday.net/photo-list/16940
https://www.ettoday.net/feature/武漢肺炎/14403?tt=新冠肺炎
https://fashion.ettoday.net/
https://www.ettoday.net/news/20181011/1279324.htm?feature=ufo&tab_id=940
https://star.ettoday.net/news/1718865
https://www.ettoday.net/news/20200519/1717526.htm?feature=王令麟&tab_id=1016
https://star.ettoday.net/photo-list/16970
https://www.ettoday.net/news/20200520/1718574.htm?from=feature
https://boba.ettoday.net/category/231
http://www.ettoday.net
