https://pinterest.com/pin/create/button/?url=//star.ettoday.net/photo-list/16955&media=//cdn2.ettoday.net/images/4846/b4846665.jpg&description=專訪／2年慢磨《誰是被害者》劇本　「鐵三角」誕生內幕曝光
https://boba.ettoday.net/video/239/661/213607
https://msg.nat.gov.tw/
https://events.ettoday.net/depth-report/index.phtml
https://www.hk01.com/%E7%A4%BE%E6%9C%83%E6%96%B0%E8%81%9E/340974/%E9%80%83%E7%8A%AF%E6%A2%9D%E4%BE%8B-%E5%90%B3%E9%9D%84%E5%84%80%E4%BD%95%E9%9F%BB%E8%A9%A9%E7%AD%89%E6%88%90%E7%AB%8B%E6%94%AF%E6%8F%B4%E5%9F%BA%E9%87%91-%E7%82%BA%E5%82%B7%E8%80%85-%E8%A2%AB%E6%8D%95%E4%BA%BA%E5%A3%AB%E7%B1%8C%E6%AC%BE
https://authority.bibsys.no/authority/rest/authorities/html/13049338
https://www.vac.gov.tw/lp-3132-1.html
http://news.cts.com.tw/cts/entertain/201601/201601191707904.html
https://tw.mall.yahoo.com/
https://www.einvoice.nat.gov.tw/ein_upload/html/1503989844484.html
http://kellychen0520.wixsite.com/blog/blog-1
https://lihi1.com/bz693
https://news.ltn.com.tw/news/politics/breakingnews/2502987
https://tw.buy.yahoo.com/
http://think.folklore.tw/
https://druginfo.vghtpe.gov.tw/index.php/advisorynew/people
https://ci.nii.ac.jp/author/DA13885487?l=en
https://www.coa.gov.tw/theme_data.php?theme=news&amp;sub_theme=agri&amp;id=6735
http://www.hedefoundation.org.tw/news_show.php?NID=86
http://www.land.moi.gov.tw/chhtml/content.asp?cid=14&mcid=194
https://m.thepaper.cn/newsDetail_forward_7084508
http://xinweiyuekan.com/news/2010-12-02/%E4%B9%A0%E8%BF%91%E5%B9%B3%E5%86%9B%E4%BA%8B%E7%94%9F%E6%B6%AF%E6%8F%AD%E7%A7%98%E8%8E%B7%E5%86%9B%E5%A4%B4%E8%B5%9E%E8%B5%8F%E6%B8%8A%E6%BA%90%E6%B7%B1%E5%8E%9A
http://reliefweb.int/sites/reliefweb.int/files/resources/Report%20of%20the%20Special%20Rapporteur%20on%20the%20situation%20of%20human%20rights%20in%20the%20Democratic%20People%E2%80%99s%20Republic%20of%20Korea%20A-HRC-22-57.pdf
https://news.ebc.net.tw/News/Article/138599
http://www.pxmart.com.tw/E-invoice/
https://yahoo.uservoice.com/forums/600523
https://edition.cnn.com/2019/09/30/us/nasa-life-on-mars-jim-green-scn-trnd/index.html
https://drbao.org/knee-pain/
https://video.udn.com/news/1176989
https://movies.yahoo.com.tw/movieinfo_main/%E9%BB%91%E6%9A%97%E6%88%B0%E5%9F%9F-the-blackout-10606
https://www.msn.com/zh-tw/news/national/%E5%8F%B0%E5%8C%97%E3%80%8B%E9%AB%98%E5%98%89%E7%91%9C%E7%8E%8B%E5%A8%81%E4%B8%AD%E8%B3%AA%E8%A9%A2%E9%9F%93%E5%9C%8B%E7%91%9C%E7%99%BC%E7%8D%8E%E9%87%91%E5%BD%B1%E7%89%87%E8%A2%AB%E6%8C%96%E5%87%BA-%E7%B6%B2%E5%8F%8B%E5%90%B5%E7%BF%BB/ar-BBOjzum
http://onelink.to/93v5kd
http://pubads.g.doubleclick.net/gampad/clk?id=5363083335&iu=/129853887/DFPAudiencePixel&form=udn_ch2_common3_index
http://www.washingtonpost.com/world/asia_pacific/chinese-communist-leaders-denounce-us-values-but-send-children-to-us-colleges/2012/05/18/gIQAiEidZU_story.html
http://vghcsm.vghtpe.gov.tw/sleep/index.html
https://catalog.archives.gov/id/10642075
https://msg.ettoday.net/msg_liveshow.php?redir=https%3A%2F%2Fboba.ettoday.net%2Fsub_category%2F1%2F284%2F109832%3Ffrom%3Dvodframe_etnews&vid=109832
http://www.epochtimes.com/gb/16/10/31/n8447843.htm
http://36kr.com/p/677603593631749
http://culture.people.com.cn/n/2013/0325/c22219-20907975.html
https://viaf.org/viaf/171940304
http://www.taiwanjobs.gov.tw/
http://www.csmonitor.com/World/Latest-News-Wires/2013/0205/North-Korea-human-rights-probe-urged-by-UN
https://play.google.com/store/apps/details?id=net.ettoday.phone&referrer=utm_source%253Det_default%2526utm_medium%253Det_default_utm_medium%2526utm_campaign%253Det_default_utm_campaign
http://www.wownews.tw/article.php?sn=5271
https://kkbox.fm/f1XEtC
http://www.lawbank.com.tw/news/NewsContent.aspx?NID=67739.00
https://pbs.twimg.com/profile_images/1130299920504594433/-BZZuT3M_400x400.png
https://news.ftv.com.tw/news/detail/2018B19P16M1
https://www.reuters.com/article/us-northkorea-politics-exclusive/exclusive-china-sent-team-including-medical-experts-to-advise-on-north-koreas-kim-idUSKCN2263DW
http://news.cts.com.tw/nownews/entertain/201511/201511121682359.html
https://udncollege.udn.com/category/goodreads/
http://ameblo.jp/showlo-blog/
http://unitas.udngroup.com.tw/
http://event.ctwant.com/202004/home?utm_source=ctwant
https://pgw.udn.com.tw/gw/photo.php?u=https://uc.udn.com.tw/photo/2020/02/20/1/7495311.jpg&x=0&y=0&sw=0&sh=0&sl=W&fw=1050
http://www.iwant-radio.com/showinformation.php?sisn=32301
https://www.storm.mg/article/650498
http://a.udn.com/focus/2016/10/22/25337/index.html
https://news.tvbs.com.tw/politics/790970
http://www.libertytimes.com.tw/2011/new/jan/2/today-show2.htm
https://beta.playvalorant.com/en-us/news/dev/05-are-we-ready-for-launch/
http://iservice.libertytimes.com.tw/liveNews/news.php?no=673958&amp;type=%E5%8D%B3%E6%99%82%E6%96%B0%E8%81%9E
https://ec.ltn.com.tw/article/breakingnews/2781431
http://video.libertytimes.com.tw/article.php?id=10238
https://news.ebc.net.tw/News/Article/153559
https://www.ptt.cc/bbs/WomenTalk/M.1585544391.A.372.html
https://technews.tw/2020/01/06/taipei-mrt-east-ring-route-feasibility-examination-passed/
http://www.china-airlines.com
https://www.highwealthgroup.com.tw/property/index?utm_campaign=etnews&amp;utm_medium=etnews&amp;utm_source=etnews
http://www.gov.tw/
https://ggc.hkxf.com.tw/course/8H10A8030/overview?utm_source=udn&amp;utm_medium=newsrelease_orientation&amp;utm_campaign=IP
https://www.whitehouse.gov/wp-content/uploads/2020/05/U.S.-Strategic-Approach-to-The-Peoples-Republic-of-China-Report-5.20.20.pdf
https://www.upmedia.mg/news_info.php?SerialNo=10493
http://news.ltn.com.tw/news/politics/breakingnews/2022512
http://tw.aboluowang.com/2014/1218/487737.html
https://news.ltn.com.tw/news/focus/paper/1283296
http://www.china.com.cn/info/2012-02/17/content_24657712.htm
https://d-nb.info/gnd/1159575959
http://line.me/R/msg/text/?https://newtalk.tw/news/view/2020-05-22/409839%0D%0Ahttps://newtalk.tw/news/view/2020-05-22/409839
http://www.tudou.com/programs/view/RvFtzM_H-68/
http://www.mirror.co.uk/news/uk-news/picture-prove-loch-ness-monster-8849228
http://chang162015.pixnet.net/blog
http://hebei.ifeng.com/a/20161026/5089232_0.shtml
http://world.time.com/2012/01/14/taiwan-re-elects-president-ma-bolstering-ties-to-china/
https://living.sinyi.com.tw/
https://etu.tw/23GPUO
https://ent.ltn.com.tw/news/breakingnews/1602779
http://www.etipets.com/index.phtml?from=ettoday404
http://news.xinhuanet.com/world/2012-04/11/c_111766998.htm
https://oops.udn.com/
http://www.news24.jp/articles/2018/03/26/10388940.html
http://www.dw.de/14%E4%B8%96%E8%BE%BE%E8%B5%96%E5%96%87%E5%98%9B%E6%AC%B2%E7%BB%93%E6%9D%9F%E8%BD%AC%E4%B8%96%E5%88%B6%E5%BA%A6/a-17907501
http://video.chinatimes.com/video-cate-cnt.aspx?cid=5&amp;nid=114357
http://www.ccdi.gov.cn/xwtt/201707/t20170724_103537.html
http://www.tax.nat.gov.tw
https://www.ndc.gov.tw/News.aspx?n=366BF6F932D66304&page=1&PageSize=20
https://hd.stheadline.com/news/realtime/hk/1531614/%E5%8D%B3%E6%99%82-%E6%B8%AF%E8%81%9E-%E9%80%83%E7%8A%AF%E6%A2%9D%E4%BE%8B-%E5%A4%A7%E6%89%B9%E7%A4%BA%E5%A8%81%E8%80%85%E5%8C%85%E5%9C%8D%E8%AD%A6%E5%AF%9F%E7%B8%BD%E9%83%A8-%E9%90%B5%E9%A6%AC%E5%A0%B5%E5%A1%9E%E5%85%A5%E5%8F%A3
https://topick.hket.com/article/2372989
http://www.time.com/time/world/article/0,8599,2102985,00.html
https://topic.udn.com/tax2020/new
https://www.marieclaire.com.tw/beauty/skin-care/47434?utm_source=extend_article&amp;utm_medium=ettoday&amp;utm_campaign=marketing
http://time.com/70857/xi-jinping-2014-time-100/
https://tickets.udn.com/
http://t.qq.com/p/t/431812120813556
http://english.donga.com/srv/service.php3?biid=2012010422968
https://reurl.cc/Kk05vR
https://news.rthk.hk/rthk/ch/component/k2/1522696-20200425.htm
https://www.flickr.com/photos/vghtpe
https://uevent.udnfunlife.com/about.php
https://news.now.com/home/local/player?newsId=350884
http://news.ltn.com.tw/news/politics/breakingnews/2556810
https://www.vghtpe.gov.tw/Fpage.action?muid=1490&fid=1320
https://news.ebc.net.tw/News/world/166891
http://onestop.nat.gov.tw/oss/identity/Identity/init.do
http://weibo.com/u/1790102710
http://sports.ltn.com.tw/news/breakingnews/2598447
https://turnnewsapp.com/ct/161656.html
http://hk.crntt.com/doc/1003/5/3/5/100353595.html
http://moica.nat.gov.tw/html/index.htm
https://www.wealth.com.tw/home/articles/14965
http://www.techbang.com/posts/8730-e-invoice-to-teach-war-manuals-automatically-award-winning-direct-remit-account
http://www.sxdaily.com.cn/n/2012/1118/c219-5015603-1.html
https://inews.hket.com/article/2628177/%E9%87%91%E6%AD%A3%E6%81%A9%E5%B0%88%E5%88%97%E5%81%9C%E9%9D%A0%E5%85%83%E5%B1%B1%E3%80%80CNN%E8%A8%98%E8%80%85%EF%BC%9A%E9%87%91%E6%AD%A3%E6%97%A5%E9%81%BA%E9%AB%94%E5%B0%B1%E7%94%A8%E7%81%AB%E8%BB%8A%E9%81%8B
https://hk.on.cc/hk/bkn/cnt/news/20190612/bkn-20190612123558592-0612_00822_001.html?eventsection=hk_news&amp;eventid=4028828d62039fca01621f88f7b810ea
https://udn.com/news/story/7251/4582468?list_ch2_index
https://www.instagram.com/hxyxlx421/
http://latimesblogs.latimes.com/world_now/2011/12/kim-jong-un-first-appearance.html
https://ent.ltn.com.tw/news/breakingnews/3117097
https://www.incheon2014ag.org/Sports/Biographies/Athletes_Profile/?ParticCode=5113165&amp;lang=en
http://www.nblife.com.tw/m/2001-1702-833046,c23686-1.php
http://news.cts.com.tw/cts/politics/200704/200704220220879.html
https://musicbrainz.org/artist/0e0343ee-1c18-4568-80c1-eee59aa57d82
http://ookatayouji.amaminchu.com/archives/2012/09/post_459.html
https://shopping.ettoday.net/pages/資生堂百優精純乳霜
https://tickets.udnfunlife.com/application/utk01/utk0101_.aspx?sid=91_udn&utm_source=udn.com&utm_medium=referral_familybar_udn&utm_term=familybar_udn&utm_campaign=20170118_UDN
http://chinese.yonhapnews.co.kr/newpgm/9908000000.html?cid=ACK20150518002100881
https://www.bastillepost.com/hongkong/article/4179556-%E3%80%90%E9%80%83%E7%8A%AF%E6%A2%9D%E4%BE%8B%E3%80%91%E4%BF%9D%E5%AE%89%E5%B1%80%E7%A8%B1%E7%B5%95%E9%9D%9E%E7%82%BA%E6%9F%90%E4%B8%80%E5%8F%B8%E6%B3%95%E7%AE%A1%E8%BD%84%E5%8D%80%E4%BF%AE%E8%A8%82
https://bwfbadminton.com/player/61427/tai-tzu-ying/head-to-head-analysis/
http://chinese.yonhapnews.co.kr/international/2015/05/13/0301000000ACK20150513001900881.HTML
http://www.cobiss.si/scripts/cobiss?command=DISPLAY&amp;base=CONOR&amp;rid=299986787
http://expo.udn.com/?familybar_hide
http://status.twitter.com
https://webcache.googleusercontent.com/search?q=cache:57clyG4TT0cJ:www.jpi.or.kr/board/run/download.php?board_id%3Djpiscience%26page%3D1%26vnum%3D64%26row_per_page%3D15%26page_per_block%3D10%26pds_uid%3D4339+kwang+ho+chun+Yeonpyeong&amp;hl=en
https://www.momoshop.com.tw/goods/GoodsDetail.jsp?i_code=7097872&amp;Area=search&amp;mdiv=403&amp;oid=1_1&amp;cid=index&amp;kw=7097872&amp;osm=t04&amp;utm_source=BD_015622&amp;utm_medium=kol-post1dog&amp;scm_activity=201912160309x8VN5WbX
https://www.idref.fr/172797691
http://catalogue.bnf.fr/ark:/12148/cb16724931b
https://igot7intw.wordpress.com/
http://www.bbc.com/zhongwen/simp/press_review/2016/10/161024_press_review
http://web02.mof.gov.tw/std/main.htm
https://udesign.udnfunlife.com/mall/Cc1a00.do?sid=uevent&utm_source=uevent&utm_medium=familybar
https://libris.kb.se/auth/395785
https://www.fmprc.gov.cn/web/wjdt_674879/gjldrhd_674881/t1671977.shtml
https://www.setn.com/News.aspx?NewsID=436408
https://developers.facebook.com/Geekfirm/posts/10158283894061460:0
https://www.theguardian.com/books/2019/jun/28/kim-jong-un-north-korea-great-successor-biographer
https://www.ey.gov.tw/Page/B572E2F7D8DF5CE1
http://news.ycwb.com/2012-04/14/content_3770443.htm
https://www.popularmechanics.com/military/navy-ships/a29400304/navy-pilot-dark-mass-torpedo-disappear/
https://skypost.ulifestyle.com.hk/article/2625463/
https://udndata.com/ndapp/udntime/udntag/UtIndex
https://www.parenting.com.tw/article/5032270-%E7%BE%85%E5%BF%97%E7%A5%A5%EF%BC%9A%E6%88%91%E4%B8%8D%E6%98%AF%E5%B0%8F%E8%B1%AC%EF%BC%8C%E6%88%91%E8%A6%81%E7%95%B6%E6%89%93%E4%B8%8D%E6%AD%BB%E7%9A%84%E5%B0%8F%E5%BC%B7/?page=6/
http://goo.gl/cUWJx7
https://www.ntbna.gov.tw/multiplehtml/553f87539b44482b87322deabb162882
http://www.thelivemusic.jp/news/show%EF%BC%88%E3%82%B7%E3%83%A7%E3%82%A6%E3%83%BB%E3%83%AB%E3%82%AA%EF%BC%8F%E7%BE%85%E5%BF%97%E7%A5%A5%EF%BC%89%E3%80%81%E5%8F%B0%E6%B9%BE%E4%BA%BA%E5%88%9D%E3%81%AE%E3%83%AC%E3%82%B3%E3%83%81/
http://www.nexttv.com.tw/news/realtime/politics/11934341/
https://www.mfa.gov.cn/chn//pds/gjhdq/gj/oz/1206_20/xgxw/t1351718.htm
https://www.cnn.com/2020/04/20/politics/kim-jong-un-north-korea/index.html
http://line.naver.jp/R/msg/text/? 台灣原創角色首次組團新南向 共拓新商機%0D%0Ahttp://ulicensing.udnfunlife.com/news.php?i=36
http://www.sk858.com.tw
https://www.etax.nat.gov.tw/etwmain/front/ETW118W/VIEW/23
https://wikimediafoundation.org/
https://news.livedoor.com/article/detail/18273940/
http://www.xsmart4.com/web_edit/edit_show.asp?ID=677
https://www.bella.tw/articles/skincare/18125
http://bunbunmakeuptips.com/
http://www.orientaldaily.com.my/index.php?option=com_k2&amp;view=item&amp;id=80986:&amp;Itemid=113
http://moeaca.nat.gov.tw/index-2.html
http://isni.org/isni/0000000064150156
http://isni.org/isni/0000000064128645
http://reading.udn.com/v2/bookMain.do
https://greenvilla.jsl.com.tw/
https://www.google.com.tw/maps/place/%E5%8F%B0%E5%8C%97%E6%A6%AE%E6%B0%91%E7%B8%BD%E9%86%AB%E9%99%A2/@25.1200019,121.520461,15z/data=!4m2!3m1!1s0x0:0x6e4ef1df49d7787d
https://www.ctbcfoundation.org
http://www.cwb.gov.tw/V7/prevent/typhoon/ty.htm?
https://www.bloomberg.com/billionaires/
https://dailynk.com/chinese/read.php?num=15295&amp;cataId=nk00600
http://www.bestchinanews.com/International/11799.html
https://www.forbes.com/taiwan-billionaires/list/
https://www.etpet.com.tw/
https://news.ltn.com.tw/news/politics/breakingnews/2490642
https://www.motc.gov.tw/uploaddowndoc?file=yearbook%2F106%2F106YB13/106YB130202.pdf&amp;filedisplay=106YB130202.pdf&amp;flag=doc
http://the-sun.on.cc/cnt/entertainment/20100109/00470_032.html
http://english.chosun.com/site/data/html_dir/2014/07/18/2014071800895.html
http://news.ltn.com.tw/news/world/breakingnews/2182648
http://www.zaobao.com/photoweb/pages3/nkr111109.shtml
https://accounts.google.com/ServiceLogin?service=youtube&amp;uilel=3&amp;continue=https%3A%2F%2Fwww.youtube.com%2Fsignin%3Fapp%3Ddesktop%26hl%3Dzh-TW%26feature%3Dsign_in_promo%26action_handle_signin%3Dtrue%26next%3D%252Fchannel%252FUCD4Fd_NGg7EmwZqzp_SEZRg%252Ffeatured&amp;hl=zh-TW&amp;passive=true
https://feedburner.google.com/fb/a/mailverify?uri=ettoday/speed&loc=zh_TW
https://theinitium.com/article/20190428-photo-extradition-law-protest/
https://www.dot.gov.tw/ch/home.jsp?id=347&parentpath=0,10,344
https://www.foodnext.net/issue/paper/5234108309
https://twitter.com/?lang=uk
http://katalog.nsk.hr/F/?func=direct&amp;doc_number=000670902&amp;local_base=nsk10
http://browsehappy.com/
http://www.mings.hk/mings-fashion/20180103-69132
https://bwfbadminton.com/player/61427/tai-tzu-ying/ranking-history/
http://bit.ly/31uIOqu
https://www.ft.com/content/7e4b45bc-3eb3-11e1-9139-00144feab49a
http://www.peoplenews.tw/news/abd255e6-19f1-42a0-a1e8-f37c5f222e9d
http://www.gandau.gov.tw/
http://www.handicap-free.nat.gov.tw/Applications/Detail/37706?category=20160623102338
https://net.tax.nat.gov.tw/
http://englishnews.ftv.com.tw/Read.aspx?sno=3B48E699CF22740760EF16B0E655152E
https://www.hakka-associations.ntpc.gov.tw/files/15-1002-2039,c121-1.php
https://movie.douban.com/celebrity/1274317/
https://www.mpweekly.com/culture/612-%e5%8f%8d%e9%80%81%e4%b8%ad-%e7%a4%be%e9%81%8b-112989
http://www.vetstreet.com/our-pet-experts/8-ways-your-pet-can-help-relieve-your-stress
http://news.naver.com/main/hotissue/read.nhn?mid=hot&amp;sid1=100&amp;gid=438117&amp;cid=565935&amp;iid=259968&amp;oid=020&amp;aid=0002171110&amp;ptype=011
https://ulicensing.udnfunlife.com/?sid=uevent&utm_source=uevent&utm_medium=familybar
http://cnnews.chosun.com/site/data/html_dir/2009/09/25/20090925000004.html
https://udnfunlife.com/investors.php
https://hdl.handle.net/11296/eghr7a
http://www.yonglin.org.tw
http://itunes.apple.com/il/app/et-rockets7-huo-jian-qi-hao/id561661270?mt=8
http://recochoku.jp/site/groove.html
https://www.olympic.org/tzu-ying-tai
http://www.gwangju2015.com/IRS/eng/zb/engzb_badminton_biography_overview_n6305235_tai_tzu_ying.htm
http://www.breitbart.com/national-security/2015/06/16/north-korea-confirms-defense-official-executed-for-napping-at-meeting/
http://dava.ncl.edu.tw/metadatainfo.aspx?funtype=0&amp;PlayType=2&amp;id=378356&amp;BLID=378359
https://www.accupass.com/go/107FreshTaiwan
https://thestandnews.com/politics/%E9%80%83%E7%8A%AF%E6%A2%9D%E4%BE%8B-%E8%B3%AA%E7%96%91%E7%99%BE%E8%90%AC%E4%BA%BA%E4%B8%8A%E8%A1%97-%E5%A0%B1%E5%A4%A7%E6%95%B8-%E7%92%B0%E6%99%82-%E6%96%A5%E5%8B%BE%E7%B5%90%E8%A5%BF%E6%96%B9%E6%90%9E%E4%B8%B2%E9%80%A3-%E6%8C%BE%E6%B4%8B%E8%87%AA%E9%87%8D%E9%81%95%E5%8F%8D%E4%B8%80%E5%9C%8B%E5%85%A9%E5%88%B6/
http://news.nationalpost.com/2012/11/23/half-kilometre-long-kim-jong-un-propaganda-message-visible-from-space/
http://wd.vghtpe.gov.tw/gs/Fpage.action?muid=3&amp;fid=1726
http://vhs.vghtpe.gov.tw/xms/index.php?courseID=230
https://s3.amazonaws.com/com.alexa.toolbar/atbp/jgOv6_/download/index.htm
http://phys.vghtpe.gov.tw/
https://www.sportsv.net/articles/31079
https://t.me/ettodayboba
http://cn.reuters.com/article/CNTopGenNews/idCNCNEA1H01W20140218?pageNumber=1&amp;virtualBrandChannel=0
http://awards.licensinginternational.org.cn/jq/44655621.aspx
http://cn.nytimes.com/china/20150308/c08xi/
http://www.nytimes.com/2013/09/10/world/asia/rodman-gives-details-on-trip-to-north-korea.html
http://bwf.tournamentsoftware.com/player-profile/E7478462-B482-44AA-8170-A719B6AE45C9
https://www.imdb.com/name/nm3881333/
https://www.chinatimes.com/realtimenews/20130720002755-260404?chdtv/
http://tcckm.tcc.gov.tw/tccgazFront/gazatte/readByGaz.jsp?vol=108&amp;no=06&amp;startPage=2568&amp;endPage=2597
http://japanese.joins.com/article/515/133515.html?sectcode=&amp;servcode=500
https://zh.wikipedia.org/w/index.php?title=%E6%9B%BC%E5%8A%AA%E5%9F%83%E5%B0%94%C2%B7%E6%96%AF%E7%A7%91%E5%B0%94%E8%90%A8%E6%96%87%E5%8C%96%E5%8D%8F%E4%BC%9A&amp;action=edit&amp;redlink=1
https://social-plugins.line.me/lineit/share?url=https://theme.udn.com/theme/story/6774/4354526?utm_source=themelinemobile%26utm_medium=share%26f=lineshare
https://www.etfoundation.org.tw/index00.asp
https://kopkatalogs.lv/F?func=direct&amp;local_base=lnc10&amp;doc_number=000218164&amp;P_CON_LNG=ENG
http://www1.vghtpe.gov.tw/meet/
https://www6.vghtpe.gov.tw/reg/sectList.do?type=first
http://NewTalk.Qck.mk/jWsPd
http://www.askci.com/military/2014/10/08/919161hlj.shtml
http://www.chosunonline.com/site/data/html_dir/2013/12/13/2013121300502.html
http://www.vhtt.gov.tw
http://edn.udn.com/
http://blog.sina.com.cn/s/blog_6aab02ce01017v6d.html
http://www.yomiuri.co.jp/feature/20080115-899562/news/20111222-OYT1T00689.htm
http://cpc.people.com.cn/n1/2017/0504/c117005-29253959.html
https://news.mingpao.com/ins/%E6%B8%AF%E8%81%9E/article/20190614/s00001/1560490666123/%E3%80%90%E9%80%83%E7%8A%AF%E6%A2%9D%E4%BE%8B%E3%80%91%E9%86%AB%E5%AD%B8%E7%95%8C%E4%BF%83%E8%AD%A6%E6%96%B9%E9%81%BF%E5%85%8D%E9%86%AB%E9%99%A2%E5%85%A7%E6%8B%98%E6%8D%95%E6%B1%82%E8%A8%BA%E7%A4%BA%E5%A8%81%E8%80%85-%E9%86%AB%E7%AE%A1%E5%B1%80-%E8%87%B4%E5%8A%9B%E4%BF%9D%E9%9A%9C%E7%97%85%E4%BA%BA%E7%A7%81%E9%9A%B1
https://news.mingpao.com/ins/%e6%b8%af%e8%81%9e/article/20190610/s00001/1560134041944/%e3%80%90%e9%80%83%e7%8a%af%e6%a2%9d%e4%be%8b-%e5%8f%8d%e4%bf%ae%e4%be%8b%e9%81%8a%e8%a1%8c%e3%80%91%e6%b0%91%e9%99%a3%e4%bc%b0%e7%ae%97103%e8%90%ac%e4%ba%ba-%e9%9b%b7%e9%bc%8e%e9%b3%b4-%e7%84%a1%e4%b9%9c%e7%94%a8%e8%85%a6
http://law.moj.gov.tw/LawClass/LawAll.aspx?PCode=G0340082
https://www.coolloud.org.tw/node/52306
https://www.bella.tw/articles/travel&amp;foodies/19734
http://www.ithome.com.tw/itadm/article.php?c=68720
http://taiwanandkorea.blogspot.tw/
https://experimental.worldcat.org/fast/1515516
https://www.petmd.com/dog/slideshows/general_health/top-ten-health-benefits-walking-your-pet-provides
http://lrb.dayoo.com/html/2011-11/30/content_1544847.htm
http://www.hkmdb.com/db/people/view.mhtml?id=66047&amp;display_set=big5
https://hiking.biji.co/index.php?q=review&act=info&review_id=11566
https://www.businesstoday.com.tw/article/category/80392/post/201812190077
http://www.vhct.gov.tw/
http://news.ltn.com.tw/news/politics/breakingnews/2598101
http://www.ln.gov.cn/qmzx/gmy_99505/cw/xjp/np/201211/t20121127_1005892.html
https://archive.is/20120716023414/http://www.appledaily.com.tw/appledaily/article/sports/20110718/33535092
http://www.independent.co.uk/news/world/asia/north-korean-cannibalism-fears-amid-claims-starving-people-forced-to-desperate-measures-8468781.html
http://opac.calis.edu.cn/aopac/ajsp/detail.jsp?actionfrom=1&amp;actl=CAL++n2004006606
http://data.bnf.fr/ark:/12148/cb16724931b
https://go.onelink.me/JezH/16b9d02f
https://www.thenewslens.com/article/93868
https://m.mingpao.com/ins/%E6%B8%AF%E8%81%9E/article/20190511/s00001/1557492791198/%E3%80%90%E9%80%83%E7%8A%AF%E6%A2%9D%E4%BE%8B%E3%80%91%E6%B0%91%E9%99%A3%E5%8F%8D%E4%BF%AE%E4%BE%8B%E9%9B%86%E6%9C%83-%E8%AD%A6%E6%B7%B1%E5%A4%9C%E9%A9%85%E9%80%90%E7%A4%BA%E5%A8%81%E5%8D%80%E7%B4%AE%E7%87%9F%E7%A4%BA%E5%A8%81%E8%80%85
http://www.crntt.tw/doc/1054/4/8/3/105448359.html?coluid=93&amp;kindid=13691&amp;docid=105448359
https://www.fountmedia.io/article/1997
https://www.cens.com/cens/html/zh/?utm_source=udn&utm_medium=ref_familybar_udn&utm_term=familybar_udn
http://www.cardu.com.tw/news/detail.htm?nt_pk=7&amp;ns_pk=11620
http://www.wenxuecity.com/news/2015/01/17/3957819.html
http://blog.xuite.net/my_moica/blog/40284988
https://baike.baidu.com/item/%E5%91%A8%E6%89%AC%E9%9D%92/7048467
https://news.mingpao.com/ins/%E6%B8%AF%E8%81%9E/article/20190611/s00001/1560258909340/%E3%80%90%E9%80%83%E7%8A%AF%E6%A2%9D%E4%BE%8B-%E7%9F%AD%E7%89%87%E3%80%91%E9%87%91%E9%90%98%E7%AB%99%E5%A4%A7%E6%89%B9%E8%AD%A6%E5%93%A1%E6%88%AA%E6%9F%A5%E5%B8%82%E6%B0%91%E6%90%9C%E8%A2%8B-%E6%B0%91%E9%99%A3%E4%BA%BA%E6%AC%8A%E7%9B%A3%E5%AF%9F%E8%AD%B4%E8%B2%AC%E6%BF%AB%E6%AC%8A
http://hzdaily.hangzhou.com.cn/hzrb/html/2014-04/26/content_1716743.htm
https://news.mingpao.com/ins/%E6%B8%AF%E8%81%9E/article/20190614/s00001/1560523916479/%E3%80%90%E9%80%83%E7%8A%AF%E6%A2%9D%E4%BE%8B-%E5%A4%9A%E5%9C%96%E3%80%91%E5%AA%BD%E5%AA%BD%E9%9B%86%E6%9C%83%E5%91%BC%E3%80%8C%E4%B8%8D%E8%A6%81%E5%81%9A%E5%A4%A9%E5%AE%89%E9%96%80%E6%AF%8D%E8%A6%AA%E3%80%8D%E4%BF%83%E6%92%A4%E4%BF%AE%E4%BE%8B-%E9%9A%BB%E8%BA%AB%E6%93%8B%E8%AD%A6%E5%9F%8E%E5%A7%90-%E6%9E%97%E9%84%AD%E7%84%A1%E7%88%B6%E6%AF%8D%E5%BF%83
https://business.twitter.com/en/help/troubleshooting/how-twitter-ads-work.html
http://goo.gl/sJmzjp
http://news.sina.com.hk/news/12/1/1/2534395/1.html
http://support.twitter.com/forums/26810/entries/78525
https://www.ctba.org.tw/
http://ent.ltn.com.tw/news/breakingnews/1576681
https://tw.mail.yahoo.com/
https://policies.yahoo.com/tw/zh-hant/yahoo/privacy/index.htm
https://member.udn.com/member/center.jsp?hold=y
https://m.etmall.com.tw/Login?url=%2Fmember%2FMExchangeECoin%3Fsource%3Dettoday7&amp;fbclid=IwAR2zihwIUGVIXvC81OWrzS2r9HU9-aKwkjie4-tsUiBZNhehg4xVrjzFx2Q
http://linkingunitas.com/tHrkN
http://blog.udn.com/?familybar_hide
http://ent.msn.com.tw/news/content.aspx?sn=1012140014
http://www.hko.gov.hk/informtc/sound/tcname2006c.htm
http://news.163.com/07/1223/01/40C3FGKF0001124J.html
http://smarturl.it/ettoday-104
http://www.redbull.com/tw/zh/stories/1331791977035/tai-tzu-ying-the-queen-of-fake-move
http://www.hinews.cn/news/system/2010/02/02/010730547.shtml
https://m.mingpao.com/ins/港聞/article/20190610/s00001/1560180249296/【逃犯條例】基督教團體政總外辦72小時祈禱會-籲港府建制派轉軚或辭職
https://running.biji.co/index.php?q=news&act=info&id=103596&utm_source=UDN&utm_medium=index&utm_campaign=熱門文章4
https://www.zaobao.com.sg/realtime/china/story20190624-966974
https://info.yahoo.com/legal/tw/yahoo/utos/zh-hant-tw/
http://www2.dorts.gov.tw/news/bulletin/CITY29/980206說明會簡報.pdf
http://tw.music.yahoo.com/hot/news/article.html?aid=4283
https://ihealth.vghtpe.gov.tw/
http://www1.hkej.com/dailynews/article/id/516920/%E5%8C%97%E9%9F%93%E6%8E%A5%E7%8F%AD%E4%BA%BA%E7%95%99%E5%AD%B8%E7%85%A7%E6%9B%9D%E5%85%89
http://news.sina.com.cn/c/2011-03-09/052322080409.shtml
https://www.taiwanngo.tw/p/404-1000-29843.php
https://www.ezding.com.tw/page/faq/faq.html
http://www.npc.gov.cn/npc/xinwen/dbgz/2008-01/30/content_1391620.htm
http://www.ltsports.com.tw/other/complex/118097-2016-06-30-11-22-46
http://cawcr.gov.au/publications/BMRC_archive/tcguide/ch1/ch1_3.htm
https://pinterest.com/pin/create/button/?url=//star.ettoday.net/news/1720252&media=https://cdn2.ettoday.net/images/4892/d4892928.jpg&description=沈玉琳、詹惟中日前上台視《綜藝3國智》錄影接受「外太空挑戰賽」，王少偉一見到沈玉琳便下戰帖：「玉琳哥要加油啦，大家為了你前一天都不睡覺，讓自己戰力低一點。」沈玉琳被嗆也不遑多讓回應：「為了不讓你們太容易闖關，我從上禮拜就開始練了。」
https://epaper.vac.gov.tw/zh-tw/C/2535%7C20/29958/1/Publish.htm)
https://www.cw.com.tw/article/article.action?id=5092446
http://www.savh.gov.tw/savh/
https://timesofindia.indiatimes.com/life-style/health-fitness/health-news/planning-on-wearing-heels-this-festive-season-stop-right-there/articleshow/66459486.cms
http://news.cntv.cn/world/20120726/103120.shtml
http://www.tyvh.gov.tw/
http://www.aboluowang.com/2014/0323/382109.html
http://disp.cc/b/733-5pl6
http://www.chinapress.com.my/node/469068
http://opac.nlc.cn/F/?func=accref&amp;acc_sequence=000269714
https://issuu.com/801903/docs/3377
http://www.ntdtv.com/xtr/gb/2016/10/31/a1294112.html
http://news.creaders.net/china/2011/12/28/1118412.html
https://www.businessweekly.com.tw/online/article_26027_Blog_1.html
https://t.co/4A2UgcpScu
http://www.dailystar.co.uk/news/latest-news/565029/dr-pimple-popper-dr-sandra-lee-cyst-spot-loch-ness-monster-nessie-video-pus
http://catalogo.bne.es/uhtbin/authoritybrowse.cgi?action=display&amp;authority_id=XX5484765
https://www.etmall.com.tw/HelpCenter/EHSCoinDescription
https://fallwintertour.tbroc.gov.tw/customer_apply_page
http://dailynews.sina.com/bg/chn/chnpolitics/chinapress/20150702/00096760762.html
https://www.happygocard.com.tw/sso/login.do
https://www.rfa.org/mandarin/Xinwen/wul0429a-04292020032920.html
https://fingernews.nextmag.com.tw/50rich_2020/
http://history.n.yam.com/yam/entertain/20151113/20151113391520.html
https://web.shobserver.com/wx/detail.do?id=119056
http://www2.hkej.com/instantnews/current/article/2157691/%E8%AD%A6%E8%BB%8A%E8%AD%A6%E5%AF%9F%E7%B8%BD%E9%83%A8%E5%A4%96%E8%A2%AB%E6%93%B2%E6%B1%BD%E6%B2%B9%E5%BD%88+%E7%84%A1%E4%BA%BA%E5%8F%97%E5%82%B7
http://focustaiwan.tw/news/aeas/201608150006.aspx
http://id.loc.gov/authorities/names/n2011038915
http://people.mtime.com/1257132/
https://tw.dictionary.yahoo.com/
https://pinterest.com/pin/create/button/?url=//star.ettoday.net/news/1717082&media=https://cdn2.ettoday.net/images/4884/d4884262.jpg&description=19歲日本星二代木村心美（Cocomi）是木村拓哉的大女兒，接棒妹妹木村光希出道，姊妹倆受到疫情影響只能待在家，乾脆聯手開網路直播，親民作風獲得不少粉絲喜愛。她近日分享美照，看似時尚照特輯，原來攝影師是老爸！
http://typhoon.ws/
https://games.yahoo.com.tw/
http://www.merit-times.com.tw/NewsPage.aspx?unid=454105
https://creativecommons.org/licenses/by-sa/3.0/deed.zh
http://money.chinatimes.com/news/news-content.aspx?id=20140607000998&amp;cid=1208
https://tw.yahoo.com/
https://news.pts.org.tw/article/413154
http://kazan2013.ru/hide/ru/-240/Participant/ParticipantInfo/c261df81-0a74-4baf-8f4f-16cbbee231a4
https://tw.appledaily.com/new/realtime/20180524/1360254/
https://choosemycar.com/resources/choosing-the-right-car/car-babies-what-are-the-most-common-car-inspired-baby-names
http://www.dailymail.co.uk/news/article-2586626/First-daughters-club.html
https://etd.etax.nat.gov.tw
http://www.emic.com.tw/www/index.php?action=adv&amp;id=209
https://id.ndl.go.jp/auth/ndlna/01214960
https://tw.bid.yahoo.com/
https://tw.discount.yahoo.net/index.php?group=all
http://www.tsna.com.tw/index.php?q=node/67004
https://tw.help.yahoo.com/kb/helpcentral
https://e-invoice.wellcome.com.tw/help
http://www.playmusic.tw/webvote/main_vote/2012/2011_best_selling_album.php
https://www.dcard.tw/f/entertainer/p/233630914?fbclid=IwAR2Gpm7PoIkILuOYQULkc19xkSlhgLRfBfjUTX40Thtco8Pz4MLYby2HiXo
https://lis.ly.gov.tw/lglawc/lawsingle?0^980CC026068112980CC006CB81819B8CD40627B181988CD42606
http://news.bbc.co.uk/chinese/trad/hi/newsid_7930000/newsid_7930800/7930882.stm
http://elearning.treif.org.tw/
http://rd.xh.sh.cn/web/HTML/rdweb/rdweb_14-4/2007-07-04/Detail_1275.htm
http://data.bibliotheken.nl/id/thes/p000670902
https://opinion.udn.com/opinion/index
http://www7.vghtpe.gov.tw/hcqa/index1.htm
https://www.change.org/p/%E8%94%A1%E8%8B%B1%E6%96%87-%E7%B8%BD%E7%B5%B1-president-tsai-ing-wen-roc-%E6%94%AF%E6%8C%81%E5%B0%87-%E4%B8%AD%E8%8F%AF%E8%88%AA%E7%A9%BA-%E6%AD%A3%E5%90%8D%E7%82%BA-%E5%8F%B0%E7%81%A3%E8%88%AA%E7%A9%BA-call-for-petition-of-rectifying-china-airlines-with-taiwan-airlines?recruiter=987611693&amp;utm_source=share_petition&amp;utm_medium=facebook&amp;utm_campaign=psf_combo_share_initial&amp;utm_term=psf_combo_share_abi&amp;recruited_by_id=403d3dd0-b1f5-11e9-b57b-438afd0e0ef5&amp;utm_content=fht-20377267-en-us%3Av10&amp;fbclid=IwAR2wx2tGFtzxKzsFi4pHkhnE1lXmezrmT_dy0DFGCNSNoddv_QpP3t6LwGw
https://web.pcc.gov.tw/tps/pss/tender.do?method=goSearch&searchMode=common&searchType=basic
https://ndltd.ncl.edu.tw/cgi-bin/gs32/gsweb.cgi?o=dnclcdr&amp;s=id=%22076NCCU2189016%22.&amp;searchmode=basic
http://www.victorsport.com.tw/victor_number.php?id=aOcqZoWkyq3H0jbpYQ9WFyh3H0EbqY
https://cdn2.ettoday.net/images/4363/4363197.jpg
https://library.vghtpe.gov.tw/vgh_lib.htm
http://www.zj.xinhuanet.com/newscenter/2007-03/27/content_9618842.htm
http://news.sina.com/sinacn/502-104-103-107/2008-07-28/0206573451.html
http://news.qq.com/a/20111219/001218.htm
http://t17.techbang.com/topics/13169-e-invoice-to-teach-war-manuals-auto-awards-winning-direct-remit-account
http://app.xsmart4.com/
http://www.dw.com/zh/%E6%A0%B8%E5%BF%83%E4%BD%93%E5%88%B6%E5%B0%B1%E6%98%AF%E4%B8%80%E4%B8%AA%E4%BA%BA%E8%AF%B4%E4%BA%86%E7%AE%97/a-36182475
http://news.ifeng.com/mainland/special/zhonggong18da/zjxy.shtml
https://m.tiktok.com/v/84946951917477888.html
http://vt.tiktok.com/JJ43Fu/
http://www.qzqxw.com/qztfwnew.asp
http://www.appledaily.com.tw/realtimenews/article/new/20160929/958457/
http://www.weather.com.cn/zt/tqzt/349321.shtml
https://www.economist.com/news/leaders/21730144-do-not-expect-mr-xi-change-china-or-world-better-xi-jinping-has-more-clout
https://www.mirrormedia.mg/story/ad1018001/index.html?utm_source=mm&amp;utm_medium=footer&amp;utm_campaign=salesteam
http://www.skvipclub.com
http://www.rfi.fr/tw/%E4%B8%AD%E5%9C%8B/20180417-%E6%9D%8E%E9%8A%B3%E7%BF%92%E8%BF%91%E5%B9%B3%E5%8F%AA%E6%9C%89%E5%B0%8F%E5%AD%B8%E7%A8%8B%E5%BA%A6%E4%B8%94%E5%89%9B%E6%84%8E%E8%87%AA%E7%94%A8
https://www.dorts.ntpc.gov.tw/
http://i.children.org.tw/
http://www.bbc.co.uk/news/world-asia-china-21766622
http://www.bbc.co.uk/zhongwen/simp/world/2010/09/100927_nkorea_kim_general.shtml
http://www.dayoo.com/gb/content/2002-10/12/content_676753.htm
https://aleph.nkp.cz/F/?func=find-c&amp;local_base=aut&amp;ccl_term=ica=jo2015855086&amp;CON_LNG=ENG
http://guweb.vghtpe.gov.tw/
https://www.voachinese.com/a/Hong-Kong-Protests-and-G20-20190624/4971176.html
https://www.hkcnews.com/article/10157/%E9%87%91%E6%AD%A3%E7%94%B7-%E9%87%91%E6%AD%A3%E6%81%A9-10157/%E6%97%A5%E5%82%B3%E5%AA%92%EF%BC%9A%E5%91%A8%E6%B0%B8%E5%BA%B7%E5%90%91%E9%87%91%E6%AD%A3%E6%81%A9%E6%B3%84%E5%AF%86-%E5%BC%B5%E6%88%90%E6%BE%A4%E9%87%91%E6%AD%A3%E7%94%B7%E8%A2%AB%E6%AE%BA
https://youtu.be/sRplz4MO4go
https://www.careonline.com.tw/2019/01/gout.html
https://readinglab.udn.com/dcstore/StoreBook.do?id=38
http://www.xinhuanet.com/politics/2018lh/2018-03/17/c_1122550851.htm
http://www.books.com.tw/exep/assp.php/jamezku/products/CN11074847?utm_source=jamezku&amp;utm_medium=ap-books&amp;utm_content=recommend&amp;utm_campaign=ap-201803
http://www.fia.gov.tw/public/Data/510261535071.pdf
http://www.commonhealth.com.tw/article/article.action?nid=65307&amp;utm_source=ETtoday&amp;utm_medium=referral&amp;utm_campaign=ETtoday
http://www.unitas.me/?cat=816
http://latimesblogs.latimes.com/world_now/2012/01/kim-jong-il-death-new-north-korean-leader-kim-jong-un-crackdown-on-defectors.html
http://cn.chosun.com/big5/site/data/html_dir/2010/12/01/20101201000006.html
https://story.udn.com/StoreBook.do?id=44201
https://vghtpehh.vghtpe.gov.tw/
http://std.stheadline.com/instant/articles/detail/1019254
https://www.inmediahk.net/node/1064831
http://www.sohu.com/a/134619543_485938
https://ppt.cc/fkhNYx
https://newtalk.tw/news/tag/%E5%8F%B0%E7%81%A3
http://www.foxnews.com/politics/2009/05/01/north-korea-kim-begins-shifting-power-military
https://utravel.udn.com/
https://pse.is/RW6FK
http://www.globaltimes.cn/content/831614.shtml
https://imsc.vghtpe.gov.tw/
https://www.dgpa.gov.tw/typh/daily/nds.html?uid=31&amp;fbclid=IwAR3G5dlb035amTSTiZW9H4VWRi2qWmohuFvhXaP52HT5ld18q7asqAl04YY
https://mybook.taiwanmobile.com/contentGroup/MIR0100100001
http://hkcoc.weather.com.hk/trending.htm
http://tw.nextmedia.com/applenews/article/art_id/33535092/IssueID/20110718/pvtype/r
https://www.new7.com.tw/SNewsView.aspx?Key=%25&amp;i=TXT20180613161929QDV&amp;p=33
https://skyvilla.jsl.com.tw/
https://www.sinchew.com.my/content/content_2257493.html
https://news.ltn.com.tw/news/world/breakingnews/1477055
http://165.gov.tw/index.aspx
http://www.linkingbooks.com.tw/
https://www.mirrorfiction.com/
https://web.archive.org/web/20091212024259/http://www.nownews.com/2006/12/31/340-2034708.htm
https://accounts.google.com/ServiceLogin?passive=true&amp;continue=https%3A%2F%2Fwww.youtube.com%2Fsignin%3Fnext%3D%252Fwatch%253Fv%253DXGMX42fWT7U%2526list%253DPLr8iY2AvgOL2XDKsLa94EBzttqaPNx4lL%26action_handle_signin%3Dtrue%26hl%3Dzh-TW%26app%3Ddesktop%26feature%3Dplaylist&amp;hl=zh-TW&amp;service=youtube&amp;uilel=3
https://www.worldcat.org/identities/containsVIAFID/171940304
https://www.udngroup.com/
http://www.naenara.com.kp/ch/politics/?leader3
http://www.rodong.rep.kp/cn/index.php?strPageID=SF01_02_01&amp;newsID=2017-04-22-0002
https://www.motortrend.com/cars/lexus/is/2021/2021-lexus-is-sedan-preview-future-cars/
http://www.worldjournal.com/view/full_news/19630396/article-戴資穎、鄭韶婕-中華女單開紅盤?instance=news_pics
http://vocab.getty.edu/page/aat/300054739
http://www.peoplenews.tw/news/d10201bd-de2d-41dc-a018-7a38ca588599
http://www.powerapple.com/news/zhong-gang-tai/2015/10/3/2438047.html
http://chart.apis.google.com/chart?cht=qr&choe=UTF-8&chs=300x300&chl=https://www.ettoday.net/news/20200521/1719557.htm?from=pc-newsshare-wechat-fixed
https://www.thishanada.com/
https://infogram.com
https://event.udn.com/AD/
https://udesign.udnfunlife.com/mall/Cc1a00.do
http://news.xhby.net/system/2018/07/22/030857640.shtml
http://www.nocutnews.co.kr/news/4412621
http://www.kcna.kp/kcna.user.special.getArticlePage.kcmsf
https://misc.vghtpe.gov.tw/index_tw.php
https://www.cna.com.tw/news/firstnews/201701125004.aspx
http://www.dorts.gov.taipei/cp.aspx?n=EBC5FB619CFBEA9A
http://www.victoria.ylc.edu.tw/31Faith/31index4a.html
https://www.ctwant.com/search?q=%E6%94%BE%E9%96%83
http://hk.apple.nextmedia.com/template/apple/art_main.php?iss_id=20101001&amp;sec_id=15335&amp;art_id=14507954
http://politics.people.com.cn/n1/2016/1027/c1001-28814104.html
https://taicca.tw/news/25
http://s.weibo.com/weibo/ETTODAY
https://pinterest.com/pin/create/button/?url=//star.ettoday.net/photo-list/16957&media=//cdn2.ettoday.net/images/4828/b4828254.jpg&description=章廣辰在《若是一個人》中飾演繭居族「丁秀賢」，在劇中和龍劭華常起爭執，私下從小就我行我素的他，笑說這角色和他本人很像。
https://www.facebook.com/sinyifans/
http://www.nownews.com/n/2015/02/03/1594056
http://www.104.com.tw/jobbank/custjob/index.php?r=cust&j=623a43295a5c3e6a40583a1d1d1d1d5f2443a363189j50&jobsource=checkc
https://sports.ltn.com.tw/news/breakingnews/2687435
http://fhy.wra.gov.tw
https://nla.gov.au/anbd.aut-an36706779
http://m.ibtimes.com/north-korean-propagandists-jong-il-s-son-272400.html
http://www.weibo.com/u/6030041924?is_all=1
https://tw.iqiyi.com/a_19rrhwgl71.html
http://www.openminds.tv/2012-crop-circle-season-in-full-swing-956/
http://aleph.nli.org.il/F/?func=find-b&amp;local_base=NNL10&amp;find_code=SYS&amp;con_lng=eng&amp;request=001801820
https://instagram.com/nunalovekpop/
https://game.upmedia.mg/LOL/text.php?SerialNo=4736
https://newtalk.tw/news/tag/%E4%B8%8D%E7%95%B6%E9%BB%A8%E7%94%A2
https://tw.news.yahoo.com/%E6%9C%B1%E7%BF%92%E5%AE%B4%E9%96%A9%E5%8D%97%E8%AA%9E%E7%AC%91%E8%A9%B1-%E7%BF%92%E8%BF%91%E5%B9%B3%E7%AC%91%E7%BF%BB-120144521.html
http://twtybbs.com/
https://www.7car.tw/
http://invoice.etax.nat.gov.tw/
http://www.ettoday.net/news/news-list-2012-03-02-0.htm
https://pinterest.com/pin/create/button/?url=//star.ettoday.net/news/1718701&media=https://cdn2.ettoday.net/images/4705/d4705668.jpg&description=林秀琴與陳致遠近日傳出私接工作，與所屬鴻凱娛樂鬧翻，經紀公司今（20日）經紀公司也特發三點聲明表示，林秀琴與陳致遠私接工作、代言等活動已違反雙方合約，對於兩人委約行為絕不寬貸，對於混淆社會大眾，也將對兩人進行提告，並求償200萬元。
https://movies.ettoday.net/news/1709159
https://events.ettoday.net/activity/taoyuan2020/article/32280/last
https://www.hk01.com/體育/136590/-羽毛球-戴資穎香港再封后-成11年來首衛冕女球手
https://news.cts.com.tw/cts/life/201402/201402211382120.html
https://www.einvoice.nat.gov.tw/
https://lihi1.com/LdvBm
https://news.ltn.com.tw/news/politics/breakingnews/1003143
http://www.thepaper.cn/newsDetail_forward_1360390
https://edition.cnn.com/travel/article/china-airlines-taiwan-name-change/index.html?fbclid=IwAR1RClgVK3R-LHm7r8H2y-NjNG12GfxfYvfeSd1jeqViyctg8AzCDSGSjks
https://drbao.org/knee-pain/
https://video.udn.com/news/1177048
https://tw.money.yahoo.com/
http://imaging.vghtpe.gov.tw/index1.html
https://msg.ettoday.net/msg_liveshow.php?redir=https%3A%2F%2Fboba.ettoday.net%2Fvideo%2F1%2F284%2F168501%3Ffrom%3Dvodframe_health&vid=168501
http://www.epochtimes.com/b5/11/2/14/n3170120.htm
http://news.china.com.cn/2015-09/09/content_36535581.htm
https://viaf.org/viaf/41718208
https://play.google.com/store/apps/details?id=xsmart4.xwisdom
http://www.wownews.tw/article.php?sn=4276
https://pbs.twimg.com/profile_images/1130299920504594433/-BZZuT3M.png
http://www.reuters.com/article/2013/01/14/us-korea-north-rights-idUSBRE90D0DB20130114
https://udncollege.udn.com/4624/
https://pgw.udn.com.tw/gw/photo.php?u=https://uc.udn.com.tw/photo/2020/03/07/1/7565677.jpg&x=0&y=0&sw=0&sh=0&sl=W&fw=1050
https://www.storm.mg/article/191357
http://www.foxconn.com/
https://news.tvbs.com.tw/politics/1029951
http://www.libertytimes.com.tw/2011/new/dec/9/today-sp6.htm
http://iservice.libertytimes.com.tw/liveNews/news.php?no=674599&amp;type=%E5%8D%B3%E6%99%82%E6%96%B0%E8%81%9E
https://ec.ltn.com.tw/article/breakingnews/2210760
http://video.libertytimes.com.tw/article.php?id=10477
https://www.ptt.cc/bbs/Gossiping/M.1589973609.A.4F4.html
https://www.highwealthgroup.com.tw/early?utm_campaign=etnews&amp;utm_medium=etnews&amp;utm_source=etnews
https://www.gov.tw/career/
https://ggc.hkxf.com.tw/course/8H10A8030/overview?utm_source=udn&amp;utm_medium=newsrelease_course&amp;utm_campaign=IP
https://www.upmedia.mg/news_info.php?SerialNo=17641
https://news.ltn.com.tw/news/focus/paper/556137
http://news.ltn.com.tw/news/focus/paper/1098590
http://big5.china.com.cn/news/txt/2009-06/04/content_17884753.htm
https://d-nb.info/gnd/1057989533
http://line.me/R/msg/text/?https://newtalk.tw/citizen/view/56260%0D%0Ahttps://newtalk.tw/citizen/view/56260
http://a6a6.pixnet.net/blog
https://etu.tw/PIVjrg
http://ent.ltn.com.tw/news/paper/950721
http://www.etipets.com/index.phtml?from=ettoday404
http://news.xinhuanet.com/newmedia/2005-08/12/content_3343991_2.htm
https://oops.udn.com/oops/index?familybar_hide
https://tax.nat.gov.tw/
https://topick.hket.com/article/2374131
https://www.marieclaire.com.tw/beauty/skin-care/47399?utm_source=extend_article&amp;utm_medium=ettoday&amp;utm_campaign=marketing
http://t.qq.com/show68730
https://reurl.cc/Aq8ao3
https://news.rthk.hk/rthk/ch/component/k2/1457354-20190513.htm?
https://uevent.udnfunlife.com/review.php
https://news.now.com/home/international/player?newsId=389044
https://news.ltn.com.tw/news/politics/breakingnews/2762119
http://www.vghtpe.gov.tw/vghtpe/files/PDF/thank/106%E5%B9%B41%E6%9C%88%E6%84%9F%E8%AC%9D%E5%87%BD.pdf
https://weibo.com/latinqueen
http://sports.ltn.com.tw/news/breakingnews/2533423
http://hk.crntt.com/doc/1003/5/7/5/100357582.html?coluid=7&amp;kindid=0&amp;docid=100357582
https://www.wealth.com.tw/home/articles/17568
https://www.techbang.com/posts/8590-how-to-use-mobile-barcodes-to-obtain-electronic-invoices-application-application-process-checklist
https://hk.on.cc/hk/bkn/cnt/news/20190514/bkn-20190514002947135-0514_00822_001.html
https://udn.com/news/cate/2/7225?list_ch2_index
https://www.instagram.com/tammytwkr/
http://www.nblife.com.tw/m/
https://shopping.ettoday.net/pages/資生堂百優精純乳霜
https://tickets.udnfunlife.com/application/UTK01/UTK0101_.aspx?&amp;SID=90&amp;utm_source=udn.com&amp;utm_medium=news&amp;utm_campaign=1712_color&amp;utm_term=backuT_180307
http://chinese.yonhapnews.co.kr/international/2011/02/21/0301000000ACK20110221003100881.HTML
https://bwfbadminton.com/player/61427
https://pengshaoyu.wordpress.com/
https://www.bbc.com/news/world-asia-16381195
http://udesign.udnfunlife.com/mall/cus/event/eventPage.do?header=false&type=UD&url=http://img.udnfunlife.com/art/UDesign/FreshTaiwan2017/shanghai/index.html
https://www.setn.com/News.aspx?NewsID=714932
https://developers.facebook.com/Geekfirm/posts/10158283894061460:0
https://skypost.ulifestyle.com.hk/article/2647913/
https://udndata.com/udnauthority.html
https://www.parenting.com.tw/article/5032270-%E7%BE%85%E5%BF%97%E7%A5%A5%EF%BC%9A%E6%88%91%E4%B8%8D%E6%98%AF%E5%B0%8F%E8%B1%AC%EF%BC%8C%E6%88%91%E8%A6%81%E7%95%B6%E6%89%93%E4%B8%8D%E6%AD%BB%E7%9A%84%E5%B0%8F%E5%BC%B7/?page=2/
https://support.google.com/youtube/?hl=zh-TW
https://www.mof.gov.tw/multiplehtml/143
https://www.cnn.com/2016/12/29/asia/kim-jong-un-executions/
http://line.naver.jp/R/msg/text/?去年大馬、新加坡奪冠回想「一度快輸」　戴資穎：連兩周打很累%0D%0Ahttps://www.ettoday.net/news/20200422/1697107.htm?feature=戴資穎&tab_id=1236?from=pc-newsshare-line
https://www.etax.nat.gov.tw/etwmain/front/ETW118W/VIEW/954
https://wikimediafoundation.org
http://www.xsmart4.com/ploy/ploy_view.asp?ClassID=677
https://www.bella.tw/articles/body&amp;soul/19508
http://bunbunmakeuptips.com/my-horrific-post-facial-experience-you-need-to-read-this/
http://isni.org/isni/0000000355984038
http://reading.udn.com/v2/policy.jsp
https://www.google.com.tw/intl/zh-TW/policies/privacy/
http://www.ctbcfoundation.org
http://www.cwb.gov.tw/V5/education/knowledge/Data/typhoon/ch1/007.htm
http://www.bloomberg.com/apps/news?pid=20601086&amp;sid=aFAm9ndQmJpI&amp;refer=latin_america
http://www.dailynk.com/english/read.php?cataId=nk03600&amp;num=8669
https://www.forbes.com/profile/terry-gou/
https://www.etpet.com.tw/?fbclid=IwAR1dnFq_b0qIxj3ofl1whNrKJwYhaEpnTCRXBi56RtQ3SAC0Qdh537CKeLU
http://news.ltn.com.tw/news/business/paper/351010/
http://hk.on.cc/int/bkn/cnt/news/20171008/bknint-20171008133735203-1008_17011_001.html
http://english.chosun.com/site/data/html_dir/2012/11/30/2012113001209.html
http://news.ltn.com.tw/news/business/breakingnews/1652450
https://accounts.google.com/ServiceLogin?service=youtube&amp;uilel=3&amp;continue=https%3A%2F%2Fwww.youtube.com%2Fsignin%3Faction_handle_signin%3Dtrue%26next%3D%252Fwatch%253Fv%253DXbtY5O46uxw%2526list%253DPLr8iY2AvgOL2q6wVDpq0JkwF48afm7Z3b%26hl%3Dzh-TW%26feature%3D__FEATURE__%26app%3Ddesktop&amp;hl=zh-TW&amp;passive=true
https://feeds.feedburner.com/ettoday/family
https://www.dot.gov.tw/ch/home.jsp?id=313&parentpath=0,9,309
https://www.foodnext.net/life/health2/paper/4111176114
https://twitter.com/?lang=tr
http://bit.ly/31uIOqu
http://www.gandau.gov.tw/nurse/nursinghome/nusinghome1.htm
https://www.handicap-free.nat.gov.tw/Applications/Detail?category=20170825141057
https://movie.douban.com/celebrity/1323882/
https://ulicensing.udnfunlife.com
http://cnnews.chosun.com/site/data/html_dir/2011/12/20/20111220000015.html
https://udnfunlife.com/./
http://itunes.apple.com/il/app/et-rockets7-huo-jian-qi-hao/id561661270?mt=8
http://dava.ncl.edu.tw/MetadataInfo.aspx?funtype=0&amp;id=378355
https://thestandnews.com/politics/%E5%8F%8D%E9%80%81%E4%B8%AD-%E6%9E%97%E9%84%AD-%E4%B8%8D%E5%87%86%E6%AE%BA%E5%AE%B3%E5%B9%B4%E8%BC%95%E4%BA%BA-%E5%A4%A7%E5%AD%B8%E6%95%99%E6%8E%88%E7%89%B9%E9%A6%96%E8%BE%A6%E5%A4%96%E6%89%8B%E5%AF%AB%E6%A9%AB%E9%A1%8D%E6%8A%97%E8%AD%B0/
https://wd.vghtpe.gov.tw/regs/Fpage.action?muid=578&amp;fid=232
https://t.me/ctwant
http://cn.reuters.com/article/2015/05/13/northkorea-purge-idCNKBS0NY0EN20150513
https://cn.nytimes.com/china/20150924/c24revolution/?mcubz=1
http://www.imdb.com/name/nm03881333/
https://www.chinatimes.com/realtimenews/20200418000384-263101
http://tcckm.tcc.gov.tw/tccgazFront/gazatte/readByGaz.jsp?vol=105&amp;no=09&amp;startPage=4134&amp;endPage=4163
https://zh.wikipedia.org/wiki/2016%E5%B9%B4%E5%8D%B0%E5%BA%A6%E5%B0%BC%E8%A5%BF%E4%BA%9E%E7%BE%BD%E6%AF%9B%E7%90%83%E9%A6%96%E8%A6%81%E8%B6%85%E7%B4%9A%E8%B3%BD
https://social-plugins.line.me/lineit/share?url=https://theme.udn.com/theme/story/6774/4362367?utm_source=themelinemobile%26utm_medium=share%26f=lineshare
http://www1.vghtpe.gov.tw/public/cv/cv.htm
https://www6.vghtpe.gov.tw/reg/downloadOpdTable.do
http://www.vhyl.gov.tw/index.php?mo=BannerInfo&ac=banner1_show&sn=37
http://www.yomiuri.co.jp/world/news/20131220-OYT1T01565.htm
http://cpc.people.com.cn/n/2014/0613/c164113-25145228.html
https://news.mingpao.com/pns/%e6%b8%af%e8%81%9e/article/20190627/s00002/1561574389080/%e5%8d%83%e4%ba%ba%e8%b5%b419%e9%a0%98%e9%a4%a8%e8%ab%8b%e9%a1%98-%e4%bf%83%e5%90%91%e7%bf%92%e6%96%bd%e5%a3%93
https://news.mingpao.com/pns/dailynews/web_tc/article/20171025/s00001/1508868284709
http://law.moj.gov.tw/LawClass/LawAll.aspx?PCode=G0340083
https://www.bella.tw/articles/travel&amp;foodies/16546
https://deathpenaltynews.blogspot.com/2011/05/north-korea-60-executed-publicly-in.html
https://experimental.worldcat.org/fast/1954296
http://www.hkmdb.com/db/people/view.mhtml?id=12980&amp;display_set=big5
https://hiking.biji.co/index.php?q=trail&act=promote&id=234
http://www.businesstoday.com.tw/article/category/80409/post/200105100033/%E8%B5%B4%E4%BA%AC%E8%B6%95%E8%80%83%E5%8E%BB%20%E5%8F%B0%E7%94%9F%E6%BB%BF%E5%8C%97%E5%A4%A7%20P.26
http://news.ltn.com.tw/news/politics/breakingnews/2515079
https://archive.today/20190427040017/https://www.nownews.com/news/20181120/3078022/
http://www.independent.co.uk/news/world/north-korea-ryungyong-hotel-of-doom-pyongyang-skyscraper-empty-unfinished-unopened-a7489706.html
http://www.cens.com/cens/html/zh/
https://www.cardu.com.tw/news/detail.php?37218
https://news.mingpao.com/pns/%e8%a6%81%e8%81%9e/article/20190628/s00001/1561659568270/%e7%a4%ba%e5%a8%81%e8%80%85%e5%9c%8d%e5%be%8b%e6%94%bf%e4%b8%ad%e5%bf%83%e4%bf%83%e9%84%ad%e8%8b%a5%e9%a9%8a%e5%9b%9e%e6%87%89-10%e6%99%82%e5%8d%8a%e6%92%a4%e8%b5%b0-%e9%84%ad11%e6%99%82%e9%9b%a2%e9%96%8b
https://news.mingpao.com/pns/%E8%A6%81%E8%81%9E/article/20190615/s00001/1560537728201/%E3%80%8C%E8%A6%81%E5%9C%A8%E4%BB%94%E5%A5%B3%E6%9C%AA%E8%A2%AB%E6%A7%8D%E6%AE%BA%E5%89%8D%E7%B5%84%E7%B9%94%E8%B5%B7%E4%BE%86%E3%80%8D-6000%E9%A6%99%E6%B8%AF%E5%AA%BD%E5%AA%BD-%E4%B8%8D%E5%81%9A%E5%A4%A9%E5%AE%89%E9%96%80%E6%AF%8D%E8%A6%AA
https://dev.twitter.com/overview/terms/policy
https://goo.gl/WUY3N3
http://support.twitter.com/articles/14226-how-to-find-your-twitter-short-code-or-long-code
https://tw.sports.yahoo.com/
https://member.udn.com/member/login.jsp?site=news&redirect='+$('meta[property=
https://m.etmall.com.tw/Login?url=%2Fmember%2FMExchangeECoin%3Fsource%3Dettoday7&amp;fbclid=IwAR2zihwIUGVIXvC81OWrzS2r9HU9-aKwkjie4-tsUiBZNhehg4xVrjzFx2Q
http://blog.udn.com/duhamel1029/130826525?list_ch2_index
http://ent.msn.com.tw/news/content.aspx?sn=1001110008
http://www.hko.gov.hk/wxinfo/news/2005/pre1124c.htm
http://news.163.com/12/1118/02/8GIFLT9400014AED.html
http://smarturl.it/ettoday-104
https://m.mingpao.com/ins/港聞/article/20190606/s00001/1559810554102/【逃犯條例】法律界黑衣遊行-逾2500人參加
https://running.biji.co/?q=competition&utm_source=UDN&utm_medium=index&utm_campaign=賽事活動
https://www.zaobao.com.sg/realtime/china/story20190625-967257
http://news.sina.com.cn/zg/world/2016-04-08/doc-ifxrcizs7026564.shtml?cre=newspagepc&amp;mod=f&amp;loc=4&amp;r=1&amp;doct=0&amp;rfunc=100
https://pinterest.com/pin/create/button/?url=//star.ettoday.net/news/1716778&media=https://cdn2.ettoday.net/images/4883/d4883395.jpg&description=曾參與《侏儸紀公園：失落的世界》和在經典犯罪電影《疤面煞星》（Scarface）飾演殺手的吉諾西瓦（Geno Silva）5月初過世，享壽72歲。家人出面證實他是因為疾病的併發症而病逝，消息一出讓影迷都很震驚。
https://www.cw.com.tw/article/article.action?id=5079596
http://www.savh.gov.tw/ysvh
http://news.cntv.cn/18da/20121116/104557.shtml
https://www.businessweekly.com.tw/online/article_26078_Blog_1.html
https://t.co/FdSCNoJttH
https://www.etmall.com.tw/%E6%9D%B1%E6%A3%AE%E8%87%AA%E7%84%B6%E7%BE%8E-%E8%B6%85%E6%95%88%E4%BF%9D%E6%BF%95%E7%88%86%E6%B0%B4%E6%B0%A3%E5%A2%8A%E9%9D%A2%E8%86%9C6%E5%85%A5/i/2547571
https://fallwintertour.tbroc.gov.tw/hotel
http://www.rfa.org/mandarin/zhuanlan/yehuazhongnanhai/gx-04302013112626.html
http://s.nextmedia.com/realtime/a.php?i=20190602&amp;s=6996647&amp;a=59668441
http://n.yam.com/yam/entertain/201205/20120521783365.html
http://id.loc.gov/authorities/names/nr91021341
http://people.mtime.com/1260155/
https://pinterest.com/pin/create/button/?url=//star.ettoday.net/photo-list/16958&media=//cdn2.ettoday.net/images/4853/b4853300.jpg&description=《誰是被害者》張孝全「拋家棄女」原因有洋蔥！　他吐角色心態：很讓人心酸  
https://movies.yahoo.com.tw/tv_index.html
https://news.pts.org.tw/article/412643
https://tw.appledaily.com/international/daily/20121116/34645339
http://www.dailymail.co.uk/news/article-2168364/Divine-SPIRE-ation-New-crop-circles-likened-architecture-Westminster-Abbey-holy-theme.html?ito=feeds-newsxml
http://www.emic.com.tw/www/index.php?action=adv&id=209
https://id.ndl.go.jp/auth/ndlna/00572519
https://policies.yahoo.com/tw/zh-hant/yahoo/privacy/adinfo/
http://www.playmusic.tw/column_info.php?id=2168&amp;type=news
https://lis.ly.gov.tw/lygazettec/gazetteimg?ACTION=UE,gazetteimg,gazette^823003,content:hitpage,error,contentsysno=000016239
https://theme.udn.com/theme/story/7490/4007555
http://www7.vghtpe.gov.tw/hcqa/index2.htm
https://www.change.org/p/%E8%94%A1%E8%8B%B1%E6%96%87-%E7%B8%BD%E7%B5%B1-president-tsai-ing-wen-roc-%E6%94%AF%E6%8C%81%E5%B0%87-%E4%B8%AD%E8%8F%AF%E8%88%AA%E7%A9%BA-%E6%AD%A3%E5%90%8D%E7%82%BA-%E5%8F%B0%E7%81%A3%E8%88%AA%E7%A9%BA-call-for-petition-of-rectifying-china-airlines-with-taiwan-airlines
http://www.victorsport.com.tw/news/8577
https://cdn2.ettoday.net/images/4792/4792628.jpg
http://www.chinanews.com/gn/2018/03-28/8477646.shtml
http://news.qq.com/a/20140314/008609.htm
http://www.dw.com/zh/%E4%B9%A0%E8%BF%91%E5%B9%B3%E6%89%A7%E6%94%BF%E4%B8%8B%E4%B8%AD%E5%9B%BD%E7%BB%8F%E6%B5%8E%E5%86%B3%E7%AD%96%E5%8F%91%E7%94%9F%E4%BA%86%E8%87%B4%E5%91%BD%E5%8F%98%E5%8C%96/a-36115219
http://news.ifeng.com/world/special/liyinghao/content-3/detail_2012_07/18/16114669_0.shtml
http://vt.tiktok.com/JJBhBX/
http://www.appledaily.com.tw/realtimenews/article/new/20160118/777555/
http://m.news.cctv.com/2017/10/26/ARTIgl2URwdNtKPWEwBsyEWO171026.shtml
https://www.mirrormedia.mg/category/pit_zone
http://www.rfi.fr/cn/%E4%B8%AD%E5%9B%BD/20191001-%E5%9B%BD%E5%BA%8670%E5%91%A8%E5%B9%B4-%E4%B9%A0%E8%BF%91%E5%B9%B3%E5%B1%95%E7%8E%B05%E4%BB%A3%E9%A2%86%E5%AF%BC%E4%BA%BA%E6%9C%80%E5%BC%BA%E9%98%B5%E5%AE%B9
https://www.dorts.ntpc.gov.tw/home.jsp?id=64&amp;parentpath=0,3,128,18
https://aleph.nkp.cz/F/?func=find-c&amp;local_base=aut&amp;ccl_term=ica=jo2016912585&amp;CON_LNG=ENG
https://www.voachinese.com/a/3568168.html
https://youtu.be/EDnjEj1ZnnU
https://www.careonline.com.tw/
https://readinglab.udn.com/dcstore/StoreBook.do?id=70
http://www.xinhuanet.com/politics/leaders/2018-06/19/c_1123005983.htm
https://www.fia.gov.tw/News.aspx?n=DD102593FDB1A032&sms=3CCB96BC3393301B
http://www.commonhealth.com.tw/article/article.action?nid=72600&amp;utm_source=ETtoday&amp;utm_medium=referral&amp;utm_campaign=ETtoday
http://www.unitas.me/?cat=871
http://cn.chosun.com/site/data/html_dir/2010/07/03/20100703000008.html
https://story.udn.com/StoreBook.do?id=131333
http://sports.sohu.com/20100624/n273027939.shtml
https://ppt.cc/f3Lxdx
https://newtalk.tw/news/view/2020-05-14/406545
http://utravel.udn.com/
http://hkcoc.weather.com.hk/cycdict/index.htm
http://tw.nextmedia.com/applenews/article/art_id/33479521/IssueID/20110623/pvtype/r
http://news.ltn.com.tw/news/politics/breakingnews/2534587
http://www.linkingbooks.com.tw
https://web.archive.org/web/20100115032521/http://www.dailynk.com/chinese/read.php?cataId=nk00600&amp;num=4029
https://www.worldcat.org/issn/0261-3077
http://www.udngroup.com/information/privacy
http://www.rodong.rep.kp/cn/index.php?strPageID=SF01_02_01&amp;newsID=2018-08-18-0004
https://www.worldjournal.com/
http://www.peoplenews.tw/news/418100d5-a3ac-4ef6-9322-0151f311724c?fbclid=IwAR2B-4z6B635bZUUCSFMk8i_ch6a1puHKVXzIfsAYXNxI3EMeAssegqL7Mg
http://chart.apis.google.com/chart?cht=qr&choe=UTF-8&chs=300x300&chl=https://www.ettoday.net/news/20200428/1701817.htm?from=pc-newsshare-wechat-fixed
https://infogram.com/47abf62e-a2fd-4588-aedd-0590ffe500bb
http://event.udn.com/line/
https://udesign.udnfunlife.com/mall/Cc1a00.do?sid=udnfunlife&utm_source=udnfunlife&utm_medium=familybar
http://www.cna.com.tw/news/firstnews/201807015003-1.aspx
https://www.dorts.gov.taipei/
https://www.ctwant.com/search?q=%E5%96%AE%E8%A6%AA
http://politics.people.com.cn/n1/2016/0331/c1001-28241403.html
https://pinterest.com/pin/create/button/?url=//star.ettoday.net/photo-list/16941&media=//cdn2.ettoday.net/images/4813/b4813328.jpg&description=陳忻玥壓力爆表「膀胱發炎＋乾嘔」...曝狂被要高爾宣電話「私交曝光」！
https://www.facebook.com/sinyifans/
https://www.nownews.com/news/20190612/3438198/
http://www.104.com.tw/jobbank/custjob/index.php?r=cust&j=623a43295a5c3e6a40583a1d1d1d1d5f2443a363189j50&jobsource=checkc
https://nla.gov.au/anbd.aut-an36692899
http://ww4.sinaimg.cn/large/65168a61jw1ecgs54g6tnj20lo0zkdp6.jpg
https://instagram.com/onnie_tw
https://newtalk.tw/news/tag/%E9%81%B8%E7%BD%B7%E6%B3%95
https://tw.news.yahoo.com/entertainment
https://www.7car.tw/
http://www.ettoday.net/news/news-list-2012-03-25-0.htm
https://pinterest.com/pin/create/button/?url=//star.ettoday.net/news/1719630&media=https://cdn2.ettoday.net/images/4891/d4891390.jpg&description=何妤玟離婚5個多月，今（21日）上TVBS《女人我最大》錄影坦言還沒走出離婚傷痛，近日也在友人介紹下去上諮詢課，有時心情不好時，會習慣性吃巧克力來療癒心情，最高紀錄一晚吃了4、5條巧克力。被問昨天520如何度過？她表示，因為女兒發燒，整天忙著照顧女兒，並沒有特別過。
https://movies.ettoday.net/news/1709159
https://events.ettoday.net/activity/bravomyhero/article/32220/last
https://www.hk01.com/%E6%94%BF%E6%83%85/342983/%E9%80%83%E7%8A%AF%E6%A2%9D%E4%BE%8B-%E7%B6%B2%E6%B0%91%E8%A8%AD%E6%AD%BB%E7%B7%9A%E4%BF%83%E5%9B%9E%E6%87%894%E8%A8%B4%E6%B1%82-%E7%89%B9%E9%A6%96%E8%BE%A6-%E8%A1%8C%E6%94%BF%E9%95%B7%E5%AE%98%E5%B7%B2%E5%9B%9E%E6%87%89
https://www.einvoice.nat.gov.tw/home/Company!showCompany;jsessionid=flgSR5vJG2y1tkZshpGxbpxqTCgxBQKnnnj2PK79G1l62GvVfqyn!147166878?companyId=0000001
https://lihi1.com/8DJa0
https://edition.cnn.com/travel/article/bent-pyramid-egypt-scli-intl/index.html?utm_source=fbCNNtr&amp;utm_term=link&amp;utm_medium=social&amp;utm_content=2019-07-16T09%3A23%3A03&amp;fbclid=IwAR0omP1cU1HgM1Jvly8ACZfcAkY4LRlUOeSA7wahs7iuqFWR3xztAs3no4o
https://video.udn.com/news/975718
https://movies.yahoo.com.tw/movieinfo_main/%E9%9A%B1%E5%BD%A2%E4%BA%BA-the-invisible-man-10359
https://msg.ettoday.net/msg_liveshow.php?redir=https%3A%2F%2Fboba.ettoday.net%2Fsub_category%2F1%2F284%2F154456%3Ffrom%3Dvodframe_star&vid=154456
http://www.epochtimes.com/b5/15/6/24/n4464289.htm
http://society.people.com.cn/n/2015/0206/c136657-26521313.html
https://viaf.org/viaf/31852356
https://play.google.com/store/apps/details?id=net.ettoday.phone&referrer=utm_source%3Det_pc%26utm_medium%3Dpc_appdl_iconandroid_et
http://www.wownews.tw/article.php?kind=c0001&amp;sn=1559
https://udncollege.udn.com/
https://pgw.udn.com.tw/gw/photo.php?u=https://uc.udn.com.tw/photo/2020/03/02/1/7538569.jpg&x=0&y=0&sw=0&sh=0&sl=W&fw=1050
https://www.storm.mg/article/205703
http://www.foxconn.com/CompanyIntro.html
https://news.tvbs.com.tw/life/1038033
https://ec.ltn.com.tw/article/breakingnews/1285583
http://video.libertytimes.com.tw/article.php?id=10195
https://www.ptt.cc/man/ChangHua/DB80/D22F/D75/M.1204187258.A.795.html
https://www.upmedia.mg/news_info.php?SerialNo=15173
http://news.ltn.com.tw/news/life/breakingnews/1863575
https://news.ltn.com.tw/news/focus/paper/1286127
http://www.china.com.cn/book/txt/2008-12/16/content_16955718.htm
https://d-nb.info/gnd/171899148
http://line.me/R/msg/text/?https://newtalk.tw/citizen/view/56262%0D%0Ahttps://newtalk.tw/citizen/view/56262
http://vickywu0409.pixnet.net/blog
https://etu.tw/Zhs87Z
http://news.xinhuanet.com/2012-07/18/c_112466243.htm
https://topick.hket.com/article/2375516/%E3%80%90%E5%8F%8D%E9%80%81%E4%B8%AD%E3%80%91%E5%8F%8D%E9%80%81%E4%B8%AD%E7%A4%BA%E5%A8%8181%E4%BA%BA%E5%8F%97%E5%82%B7%E9%80%81%E9%99%A2%E3%80%80%E8%AD%A6%E6%96%B9%E4%BB%A5%E6%9A%B4%E5%8B%95%E7%9B%B8%E9%97%9C%E7%BD%AA%E8%A1%8C%E6%8B%98%E6%8D%95%E6%9C%80%E5%B0%9111%E4%BA%BA%E3%80%90%E4%B8%8D%E6%96%B7%E6%9B%B4%E6%96%B0%E3%80%91
https://www.marieclaire.com.tw/beauty/skin-care/47434?utm_source=copyright&amp;utm_medium=ettoday&amp;utm_campaign=marketing
http://t.qq.com/p/t/465725053551808
https://reurl.cc/Na7Noe
https://news.rthk.hk/rthk/ch/component/k2/1463439-20190617.htm
https://uevent.udnfunlife.com/./20200314TPE/news?id=572
https://news.now.com/home/local/player?newsId=340955
https://news.ltn.com.tw/news/politics/breakingnews/1891005
https://www.vghtpe.gov.tw/vghtpe/files/PDF/thank/106%E5%B9%B411%E6%9C%88%E6%84%9F%E8%AC%9D%E5%87%BD.pdf
https://weibo.com/luozhixiang
https://sports.ltn.com.tw/news/paper/1326332
http://hk.crntt.com/doc/1050/7/7/0/105077036.html?coluid=7&amp;kindid=0&amp;docid=105077036
https://hk.on.cc/hk/bkn/cnt/news/20190823/mobile/bkn-20190823135701459-0823_00822_001.html
https://udn.com/ctba/story/12960/4571666
https://www.instagram.com/quantaiwanfamily/
https://shopping.ettoday.net/pages/%E5%A4%A7%E6%9D%BF%E6%A0%B9%E6%A3%AE%E6%9E%97%E6%BA%AB%E6%B3%89%E9%85%92%E5%BA%97%E4%B8%80%E6%B3%8A%E4%BA%8C%E9%A3%9F%E4%BD%8F%E5%AE%BF%E5%88%B8?fbclid=IwAR3_vDW389waZ0360QoaX_G5_GuxKnb9f_zuXOrHZHacGfkKQ60jrFzlVHE
https://tickets.udnfunlife.com/application/utk01/utk0101_.aspx?sid=uevent&utm_source=uevent&utm_medium=familybar
http://chinese.yonhapnews.co.kr/newpgm/9908000000.html?cid=ACK20150513001100881
https://www.bbc.com/zhongwen/simp/chinese-news-43484361
https://udesign.udnfunlife.com/mall/Cc1a00.do?sid=91_udn&utm_source=udn.com&utm_medium=referral_familybar_udn&utm_term=familybar_udn&utm_campaign=20170118_UDN
https://www.setn.com/News.aspx?NewsID=528023
https://developers.facebook.com/RTHKVNEWS/posts/3433748403399858
http://udndata.com/udnauthority.html?_ga=2.53326696.1550731720.1578271121-139876352.1557818851
https://docs.google.com/forms/d/e/1FAIpQLScZokJcrKEq2G1mjkWWTcdV-Yg4tO1i23hWSzOnB8t4Jy8_dg/viewform?c=0&w=1
https://www.ntbsa.gov.tw/multiplehtml/c20e8e8acbcf47fc9f027a442b1468e1
http://line.naver.jp/R/msg/text/?新北林口媒體園區招商大滿貫！王令麟率東森國際　打造AI影視娛樂場域%0D%0Ahttps://www.ettoday.net/news/20200324/1675414.htm?feature=聲林之王&tab_id=4741?from=pc-newsshare-line
https://www.etax.nat.gov.tw/etwmain/front/ETW118W/VIEW/433
https://wikimediafoundation.org/wiki/Tax_Deductibility/en
http://www.xsmart4.com/web_edit/edit_show.asp?ID=681
https://www.bella.tw/articles/skincare/16893
http://isni.org/isni/0000000120851310
http://reading.udn.com/
https://www.google.com.tw/advanced_search?hl=zh-TW&num=100&as_sitesearch=www.etax.nat.gov.tw/etwmain&ie=UTF-8&siteurl=www
https://www.bloomberg.com/billionaires/profiles/taiming-gou/
http://www.dailynk.com/chinese/read.php?cataId=nk00600&amp;num=4029
http://news.ltn.com.tw/news/local/paper/1052525
http://orientaldaily.on.cc/cnt/china_world/20100930/00180_003.html?pubdate=20100930
http://english.chosun.com/site/data/html_dir/2011/08/03/2011080300499.html
https://news.ltn.com.tw/news/politics/breakingnews/1285541
https://accounts.google.com/ServiceLogin?service=youtube&amp;uilel=3&amp;continue=https%3A%2F%2Fwww.youtube.com%2Fsignin%3Faction_handle_signin%3Dtrue%26next%3D%252Fwatch%253Fv%253DXbtY5O46uxw%2526list%253DPLr8iY2AvgOL2q6wVDpq0JkwF48afm7Z3b%26hl%3Dzh-TW%26feature%3Dplaylist%26app%3Ddesktop&amp;hl=zh-TW&amp;passive=true
https://feedburner.google.com/fb/a/mailverify?uri=ettoday/charity&loc=zh_TW
https://twitter.com/?lang=id
http://bit.ly/37zffYF
https://ulicensing.udnfunlife.com/news.php
https://udnfunlife.com/CSR.php
https://apps.apple.com/tw/app/id370132213?l=zh
http://dava.ncl.edu.tw/metadatainfo.aspx?funtype=0&amp;PlayType=2&amp;id=378340&amp;BLID=378343
https://www.thestandnews.com/politics/%E5%86%8D%E5%8C%85%E5%9C%8D%E8%AD%A6%E7%B8%BD-%E8%AD%A6-%E6%8B%98%E4%B8%80%E4%BA%BA%E6%B6%89%E8%A5%B2%E8%AD%A6-%E7%B4%80%E9%8C%84-60-%E4%BA%BA%E8%BA%AB%E4%BB%BD%E8%AD%89%E8%B7%9F%E9%80%B2/
https://wd.vghtpe.gov.tw/snc/
https://cn.nytimes.com/china/20121001/c01xi/
https://www.imdb.com/name/nm5631435/
https://www.chinatimes.com/realtimenews/20181115004207-260407
https://zh.wikipedia.org/wiki/2017%E5%B9%B4%E4%B8%96%E7%95%8C%E7%BE%BD%E6%AF%9B%E7%90%83%E9%8C%A6%E6%A8%99%E8%B3%BD
https://social-plugins.line.me/lineit/share?url=https://theme.udn.com/theme/story/6774/4394966?utm_source=themelineweb%26utm_medium=share
http://www1.vghtpe.gov.tw/trans/?openExternalBrowser=1
https://www6.vghtpe.gov.tw/PTSEV/mebApply.do
http://www.flvh.gov.tw
http://cpc.people.com.cn/GB/64192/105996/6463136.html
https://news.mingpao.com/pns/%e8%a6%81%e8%81%9e/article/20190628/s00001/1561659570922/%e5%9c%8d%e8%ad%a6%e7%b8%bd%e6%b8%85%e5%a0%b4%e8%a8%98%e5%90%8d60%e4%ba%ba-%e7%9b%a7%e5%81%89%e8%81%b0%e9%96%8b%e8%85%94%e8%ad%b4%e8%b2%ac-%e9%98%b2%e6%9a%b4%e8%ad%a6%e6%8c%81%e6%a3%8d%e7%9b%be%e9%a9%85%e6%95%a3-%e4%b8%80%e7%94%b7%e6%b6%89%e8%a5%b2%e8%ad%a6%e8%a2%ab%e6%8d%95
https://www.bella.tw/articles/design&amp;gadget/21038
https://experimental.worldcat.org/fast/508189
https://hiking.biji.co/index.php?q=news&act=info&id=17271
https://www.businesstoday.com.tw/article-content-92748-105439/
https://news.ltn.com.tw/news/politics/breakingnews/2586277
https://archive.is/20130418212416/http://iservice.libertytimes.com.tw/liveNews/news.php?no=674599&amp;type=%E5%8D%B3%E6%99%82%E6%96%B0%E8%81%9E
https://news.mingpao.com/ins/港聞/article/20190616/s00001/1560684839194/【逃犯條例遊行】警-最高峰33-8萬人遊行-民陣-接近200萬
https://news.mingpao.com/ins/%E6%B8%AF%E8%81%9E/article/20190624/s00001/1561350860390/%E3%80%90%E9%80%83%E7%8A%AF%E6%A2%9D%E4%BE%8B-%E4%B8%8D%E6%96%B7%E6%9B%B4%E6%96%B0%E3%80%91%E7%A4%BA%E5%A8%81%E8%80%85%E7%A8%85%E5%8B%99%E5%A4%A7%E6%A8%93%E5%85%A5%E5%A2%83%E4%BA%8B%E5%8B%99%E5%A4%A7%E6%A8%93%E8%81%9A%E9%9B%86-%E6%94%BF%E5%BA%9C%E7%B1%B2%E5%8B%BF%E5%BD%B1%E9%9F%BF%E9%9C%80%E8%A6%81%E6%9C%8D%E5%8B%99%E5%B8%82%E6%B0%91
https://help.twitter.com/using-twitter/twitter-issues
https://goo.gl/forms/oNnegLcbRDbWjA8Y2
https://support.twitter.com/articles/20170514
https://tw.knowledge.yahoo.com/
https://member.udn.com/member/rule.jsp
https://m.etmall.com.tw/Login?url=%2Fmember%2FMExchangeECoin%3Fsource%3Dettoday10&amp;amp;fbclid=IwAR2mBic8GF68GigMsCYIMWBQY1PWgn7dyOHRqmBAu_gyU3o9EbhSAsuHrK4
http://blog.udn.com/service/doc/policy.jsp
http://lady.163.com/12/1119/10/8GLS4J7N002649P6.html
https://running.biji.co/index.php?q=news&act=info&id=103587&utm_source=UDN&utm_medium=index&utm_campaign=熱門文章2
http://sports.sina.com.cn/c/2012-03-06/18205970164.shtml
https://pinterest.com/pin/create/button/?url=//star.ettoday.net/news/1715300&media=https://cdn2.ettoday.net/images/4879/d4879713.jpg&description=Netflix超夯新作《誰是被害者》熱度超高，力壓由李敏鎬、金高銀主演的《永遠的君主》拿下Netflix台灣排行榜冠軍！在劇中演活亞斯伯格症鑑識官的張孝全也首度現身解密與女兒李沐「懸崖戲碼」！
http://news.cctv.com/2018/07/21/ARTIutpVS4GBp2AUd8Q8htTi180721.shtml
https://www.businessweekly.com.tw/online/article_26065_Blog_1.html
https://t.co/ibTrE3dxnP
https://www.etmall.com.tw/%E8%87%AA%E7%84%B6%E7%BE%8E%E7%91%9E%E6%98%87%E6%B7%B1%E5%B1%A4%E4%BF%9D%E6%BF%95%E8%88%92%E6%95%8F%E7%B2%BE%E8%8F%AF%E4%B9%B31%E7%93%B6-OB/i/2490941
https://www.rfa.org/mandarin/yataibaodao/gangtai/hx1-02222019094616.html
http://s.nextmedia.com/realtime/a.php?i=20190614&amp;s=6996647&amp;a=59715928
http://id.loc.gov/authorities/names/no2004043447
https://pinterest.com/pin/create/button/?url=//star.ettoday.net/news/1720326&media=https://cdn2.ettoday.net/images/4878/d4878279.jpg&description=湯姆克魯斯（Tom Cruise）《不可能的任務7》日前確認多名卡司，包含蕾貝卡弗格森、凡妮莎柯比、賽門佩吉、海莉艾特沃、龐克萊門捷夫等人，但原本敲定的大反派尼可拉斯霍特（Nicholas Hoult）卻傳出辭演，改由波多黎各裔男星伊薩莫拉雷斯（Esai Morales）替補。
https://movies.yahoo.com.tw/movieinfo_main/說再見前的30分鐘-our-30-minutes-session-10561
https://tw.appledaily.com/new/realtime/20181225/1489190/
http://www.dailymail.co.uk/news/article-3297971/Was-Nessie-just-invention-boozy-London-pub-lunch-hoteliers-keen-drum-custom-Scottish-hotels.html
http://www.emic.com.tw/www/index.php?action=adv&id=209
https://id.ndl.go.jp/auth/ndlna/01195673
http://www.playmusic.tw/images/billboard/2011/2010_topsellabum.jpg
https://www.ly.gov.tw/Pages/List.aspx?nodeid=1072
https://theme.udn.com/theme/story/7490/4396063
https://cdn2.ettoday.net/images/4792/4792629.jpg
http://www.chinanews.com/gj/2015/05-09/7263863.shtml
http://v.ifeng.com/news/world/2014005/01849d41-5efe-46d5-a635-f06967effcef.shtml
http://vt.tiktok.com/JJjnhW/
http://www.appledaily.com.tw/appledaily/article/headline/20170313/37581050/
http://www.cnr.cn/home/newslead/200301220150.html
https://www.mirrormedia.mg/story/20200404web002/index.html?utm_source=feed_related&amp;utm_medium=ettoday
http://www.rfi.fr/tw/中國/20200424-北京醫療專家小組緊急赴平壤-金正恩病危
https://www.ntpc.gov.tw/ch/home.jsp?id=28&amp;parentpath=0,6,27&amp;mcustomize=news_view.jsp&amp;dataserno=201901070009
http://www.voachinese.com/content/vogel-on-xi-daughter-20150310/2674935.html
https://plus.google.com/118267592429407835985
https://www.careonline.com.tw/2018/03/osteoarthritis.html
http://www.xinhuanet.com/politics/2018-03/21/c_1122569929.htm
http://www.commonhealth.com.tw/article/article.action?nid=69827&amp;utm_source=ETtoday&amp;utm_medium=referral&amp;utm_campaign=ETtoday
http://www.unitas.me/?p=14907
https://story.udn.com/StoreBook.do?id=181413
http://sports.sohu.com/20130909/n386200444.shtml
https://ppt.cc/fl3ONx
https://newtalk.tw/news/author/%E9%83%9C%E6%95%8F
https://news.ltn.com.tw/news/life/paper/468000
https://www.linkingbooks.com.tw/LNB/index.aspx
https://web.archive.org/web/20120126192338/http://www.zj.xinhuanet.com/newscenter/2007-03/27/content_9618842.htm
https://www.worldcat.org/identities/containsVIAFID/41718208
https://www.udngroup.com/members/udn_privacy
http://rodong.rep.kp/cn/index.php?strPageID=SF01_02_01&amp;newsID=2016-12-24-0005
http://www.worldjournal.com/
http://www.peoplenews.tw/news/f3dacaf8-4492-46f4-9f4c-6cdbe05acd7e
http://chart.apis.google.com/chart?cht=qr&choe=UTF-8&chs=300x300&chl=https://www.ettoday.net/news/20200522/1720223.htm?from=pc-newsshare-wechat-fixed
http://event.udn.com/index/index.html
https://www.cna.com.tw/news/firstnews/201910030351.aspx
https://www.dorts.gov.taipei/cp.aspx?n=82392DF40EB914B8
https://www.ctwant.com/category/財經/人物
http://history.people.com.cn/BIG5/n/2013/0819/c198452-22610407-2.html
https://pinterest.com/pin/create/button/?url=//star.ettoday.net/news/1715386&media=https://cdn2.ettoday.net/images/4880/d4880628.jpg&description=因為疫情還沒有完全受控，不少公眾集會活動至今仍不能解封，尤其是把人群困在一個封閉的空間內集體觀看表演，一位病患足以感染數以百計、甚至千計的參加者，受到的打擊將比任何領域都要大。所以，出於安全理由，大部份原來預計舉辦的韓星演唱會，現在都已一一取消。
https://www.facebook.com/ETtodaySHARE/?ref=br_rs
http://www.nownews.com/2006/12/31/340-2034708.htm
https://www.104.com.tw/jobbank/custjob/index.php?r=cust&j=623a43295a5c3e6a40583a1d1d1d1d5f2443a363189j50&jobsource=checkc
https://newtalk.tw/news/author/%E9%99%B3%E4%BD%A9%E5%90%9B
http://hk.news.yahoo.com/article/101001/3/khtd.html
http://www.ettoday.net/news/news-list-2013-09-20-0.htm
https://pinterest.com/pin/create/button/?url=//star.ettoday.net/news/1716355&media=https://cdn2.ettoday.net/images/4796/d4796808.jpg&description=16歲的洛根威廉斯（Logan Williams）2014年在影集《閃電俠》中飾演青少年的「閃電俠」巴塞洛繆亨利貝瑞艾倫，4月2日突然離世，死因成謎。他的死因今（17日）終於曝光，屍體驗出過量的吩坦尼（Fentanyl），其實他過去3年來一直有藥物成癮的問題。
https://star.ettoday.net/news/1094286
https://junglevoice.ettoday.net/news.php?tag=聲林之王&page=3
https://www.hk01.com/%E6%94%BF%E6%83%85/331424/%E9%80%83%E7%8A%AF%E6%A2%9D%E4%BE%8B-%E6%B0%91%E9%99%A36%E6%9C%88%E7%AC%AC%E4%B8%89%E6%AC%A1%E9%81%8A%E8%A1%8C-%E7%9B%AE%E6%A8%9930%E8%90%AC%E4%BA%BA-%E7%B1%B2%E6%B8%AF%E4%BA%BA%E7%AB%99%E5%90%8C%E4%B8%80%E9%99%A3%E7%B7%9A
https://www.einvoice.nat.gov.tw/ein_upload/html/1503989844484.html;jsessionid=rzG5Z6zNrwZjpxRv8lYtLQKbJqMZr4ynrLVYWKbGh1Jns1py73Ny!-1246146538
https://video.udn.com/news/1177021
https://autos.yahoo.com.tw/
https://msg.ettoday.net/msg_liveshow.php?redir=https%3A%2F%2Fboba.ettoday.net%2Fvideo%2F1%2F284%2F168501%3Ffrom%3Dvodframe_etnews&vid=168501
http://culture.people.com.cn/BIG5/n/2013/0325/c22219-20907975.html
https://viaf.org/viaf/68640129
https://play.google.com/store/apps/details?id=net.ettoday.rockets7
https://udncollege.udn.com/4467/
https://pgw.udn.com.tw/gw/photo.php?u=https://uc.udn.com.tw/photo/2020/02/27/1/7527896.jpg&x=0&y=0&sw=0&sh=0&sl=W&fw=1050
https://www.storm.mg/article/282131
https://news.tvbs.com.tw/politics/699272
https://ec.ltn.com.tw/article/paper/554611
https://www.ptt.cc/man/ChangHua/DB80/D22F/D75/M.1204187258.A.6C3.html
https://www.upmedia.mg/news_info.php?SerialNo=79108
http://news.ltn.com.tw/news/local/paper/1048194
http://news.ltn.com.tw/news/politics/breakingnews/2432358
http://www.china.com.cn/international/txt/2013-03/02/content_28108350_2.htm
https://line.me/R/ti/p/%40rqt2324m
http://shannysnote.pixnet.net/blog
https://etu.tw/JohgXP
http://news.xinhuanet.com/world/2011-12/31/c_111345941.htm
https://topick.hket.com/article/2371867
https://www.marieclaire.com.tw/beauty/skin-care/47432?utm_source=extend_article&amp;utm_medium=ettoday&amp;utm_campaign=marketing
http://t.qq.com/p/t/471127004661673
https://reurl.cc/Na7Noe
https://news.rthk.hk/rthk/ch/component/k2/1462171-20190611.htm
https://uevent.udnfunlife.com/
https://news.ltn.com.tw/news/life/paper/152264
https://www.vghtpe.gov.tw/vghtpe/files/PDF/thank/109年2月感謝函.pdf
https://weibo.com/ettodaynet
https://sports.ltn.com.tw/news/breakingnews/2723888
https://udn.com/news/story/120958/4355212?from=udn-referralnews_ch1004artbottom
https://www.instagram.com/youthful._.7
https://shopping.ettoday.net/?sl-ref=news04&amp;fbclid=IwAR0Hk-dH708yroVYz86ivDGC8Q3o4RV3joGGkSpU7PzWKA1pQ19YRbyZH_g
https://tickets.udnfunlife.com/application/utk01/utk0101_.aspx
https://www.bbc.com/zhongwen/simp/world-48815599
https://www.setn.com/News.aspx?NewsID=193523
https://udndata.com/
http://goo.gl/QWYBHS
https://www.mof.gov.tw/singlehtml/133?cntId=1217
http://line.naver.jp/R/msg/text/?比金字塔古老　埃及發現7000年前新石器村落%0D%0Ahttps://www.ettoday.net/news/20180904/1251028.htm?feature=ufo&tab_id=942?from=pc-newsshare-line
https://www.etax.nat.gov.tw/etwmain/front/ETW118W/VIEW/384
http://www.xsmart4.com/ploy/ploy_view.asp?ClassID=676
http://reading.udn.com/v2/bookMain.do?familybar_hide
http://www.dailynk.com/chinese/read.php?num=15291&amp;cataId=nk00600
http://news.ltn.com.tw/news/politics/breakingnews/2398415
https://hk.on.cc/hk/bkn/cnt/news/20190609/bkn-20190609133153900-0609_00822_001.html
http://english.chosun.com/site/data/html_dir/2013/08/29/2013082901412.html
http://news.ltn.com.tw/news/politics/breakingnews/2389641
https://accounts.google.com/ServiceLogin?service=youtube&amp;uilel=3&amp;continue=https%3A%2F%2Fwww.youtube.com%2Fsignin%3Fapp%3Ddesktop%26hl%3Dzh-TW%26feature%3Dplaylist%26action_handle_signin%3Dtrue%26next%3D%252Fchannel%252FUCD4Fd_NGg7EmwZqzp_SEZRg%252Ffeatured&amp;hl=zh-TW&amp;passive=true
https://feedburner.google.com/fb/a/mailverify?uri=ettoday/finance&loc=zh_TW
https://twitter.com/PeoplesDailyapp/status/1260552441247830018?ref_src=twsrc%5Etfw
https://bit.ly/2LoJ1H5 
https://ulicensing.udnfunlife.com/
https://udnfunlife.com/memagr.php
https://itunes.apple.com/tw/app/et-xin-wen-yunhd/id510547563?mt=8=pc_appdl_iconipad_et&mt=8
https://thestandnews.com/politics/%E5%8F%8D%E9%80%81%E4%B8%AD-%E7%A4%BA%E5%A8%81%E8%80%85%E5%A0%B5%E5%A1%9E%E7%A8%85%E5%8B%99%E5%A4%A7%E6%A8%93%E5%85%A9%E5%B0%8F%E6%99%82-%E5%85%A5%E5%A2%83%E5%A4%A7%E6%A8%93-%E6%B4%97%E6%A8%93/
http://wd.vghtpe.gov.tw/vghneuro/Fpage.action?muid=5
https://www.chinatimes.com/realtimenews/20170906005556-260407
https://zh.wikipedia.org/wiki/Category:Webarchive%E6%A8%A1%E6%9D%BFwayback%E9%93%BE%E6%8E%A5
https://lineit.line.me/share/ui?url=https://newtalk.tw/news/view/2020-05-22/410576
http://www1.vghtpe.gov.tw/conscribe/indexa.htm?openExternalBrowser=1
https://www6.vghtpe.gov.tw/director/
http://www.vhyl.gov.tw
http://cpc.people.com.cn/GB/67481/86695/
https://news.mingpao.com/ins/%e6%b8%af%e8%81%9e/article/20190607/s00001/1559895832310/%e8%b7%91%e9%a6%ac%e5%9c%b0%e8%ad%a6%e7%bd%b2%e7%96%91%e8%a2%ab%e6%b1%bd%e6%b2%b9%e5%bd%88%e8%a5%b2%e6%93%8a
https://experimental.worldcat.org/fast/1160055
https://hiking.biji.co/index.php?q=trail&act=promote&id=186
http://www.businesstoday.com.tw/article-content-80392-163147
http://news.ltn.com.tw/news/focus/paper/617468
https://archive.is/20130904064333/http://kazan2013.ru/hide/ru/-240/Participant/ParticipantInfo/c261df81-0a74-4baf-8f4f-16cbbee231a4
https://news.mingpao.com/pns/%E8%A6%81%E8%81%9E/article/20190614/s00001/1560451165779/%E8%BF%913%E8%90%AC%E4%BA%BA%E8%81%AF%E7%BD%B2-%E4%B8%8D%E6%BB%BF%E3%80%8C%E6%AF%8D%E8%A6%AA%E8%AB%96%E3%80%8D
https://dev.twitter.com/web/embedded-tweets
https://support.twitter.com
http://tw.mobile.yahoo.com/
https://member.udn.com/member/ShowMember?site=news&redirect='+$('meta[property=
https://m.etmall.com.tw/Login?url=%2Fmember%2FMExchangeECoin%3Fsource%3Dettoday6&amp;fbclid=IwAR0EtmvKg1ZXiFIBKFQgc2NBy22mH729TM1SkIFjnV0QfkWTrhuKR45dJwU
https://blog.udn.com
http://news.163.com/12/1115/22/8GCROK2B0001124J.html
https://running.biji.co/index.php?q=album&act=photo&ap_id=26843829&utm_source=UDN&utm_medium=index&utm_campaign=本日主打星-照片1
http://news.sina.com.cn/w/2014-09-26/194230921076.shtml
https://pinterest.com/pin/create/button/?url=//star.ettoday.net/news/1720325&media=https://cdn2.ettoday.net/images/4893/d4893537.jpg&description=許富凱形象親切、陽光，因此受到苗栗後龍西瓜節青睞，邀請他擔任代言人，他一收到邀請訊息時，許富凱開心不已，表示媽媽在懷他的時候最愛吃西瓜，爸爸常要準備好幾顆大西瓜在家，供媽媽隨時享用，也因此讓他對西瓜頗有親切感。
https://www.businessweekly.com.tw/online/article_21267_Blog_1.html
https://t.co/C2BK4alB1V
https://www.etmall.com.tw/%E8%87%AA%E7%84%B6%E7%BE%8E%E7%91%9E%E6%98%87%E8%A4%87%E6%96%B9%E9%AB%98%E6%95%88%E4%BF%9D%E6%BF%95%E7%B2%BE%E8%8F%AF%E6%B6%B21%E7%93%B6-OB/i/2490895
https://hk.news.appledaily.com/local/realtime/article/20190620/59737136?utm_campaign=hkad_social_hk.nextmedia&amp;utm_medium=social&amp;utm_source=facebook&amp;utm_content=link_post&amp;fbclid=IwAR2KR-bjiHMIQCxhCe5yaeVJ9_-vlbohptSLh7ikncGDOcIcSgs_nOk-rYw
http://id.loc.gov/authorities/subjects/sh85139165
https://pinterest.com/pin/create/button/?url=//star.ettoday.net/news/1716076&media=https://cdn2.ettoday.net/images/4881/d4881659.jpg&description=周揚青「毀滅式分手信」斬斷與羅志祥（小豬）9年感情後，如今已經回歸日常，並全心投入網拍事業，一舉一動仍然是眾人關注焦點。她昨（16日）晚登上大陸網紅雪梨的直播間，以接近素顏的真實樣貌示人，被讚「比照片好看太多」，面對外界力勸別再修圖，她正面回應，吐露自己堅持P圖的原因！
https://movies.yahoo.com.tw/article_index.html
https://tw.appledaily.com/new/realtime/20180708/1387469/
http://www.dailymail.co.uk/news/article-2234241/Xi-Mingze-China-s-new-daughter-attends-Harvard-pseudonym-protected-Chinese-officials.html
https://www.emic.com.tw
https://lis.ly.gov.tw/lglawc/lawsingle?0^C41803981806CCD41803182F060CDC98131898270CD499239818
http://co.udn.com/co/index
https://cdn2.ettoday.net/images/4792/4792630.jpg
http://www.chinanews.com/ty/2014/03-30/6008573_2.shtml
http://news.ifeng.com/photo/bigpicture/detail_2010_09/28/2658583_2.shtml
http://vt.tiktok.com/JJtTtQ/
http://www.appledaily.com.tw/realtimenews/article/nextmag/20161116/989862
https://www.mirrormedia.mg/category/celebrity
http://www.traffic.ntpc.gov.tw/_file/1559/SG/22766/D.html
https://www.voachinese.com/a/4057221.html
https://youtu.be/kOXjbw0np60
https://www.careonline.com.tw/2017/10/burn.html
http://www.xinhuanet.com/politics/leaders/xijinping/index.htm
http://www.commonhealth.com.tw/article/article.action?nid=63586&amp;utm_source=ETtoday&amp;utm_medium=referral&amp;utm_campaign=ETtoday
http://www.unitas.me/?cat=197
https://story.udn.com/StoreBook.do?id=189168
http://xz40guo.blog.sohu.com/115866969.html
https://ppt.cc/fl3ONx
https://newtalk.tw/news/view/2020-05-20/409573
https://news.ltn.com.tw/news/politics/breakingnews/2761858
https://web.archive.org/web/20180329062019/http://www.chinanews.com/gn/2018/03-28/8477646.shtml
https://www.worldcat.org/identities/containsVIAFID/174092748
