https://movies.yahoo.com.tw/movieinfo_main/%E6%88%80%E6%84%9B%E5%80%92%E5%B8%B6%E4%B8%AD-on-a-magical-night-10589
https://pgw.udn.com.tw/gw/photo.php?u=https://uc.udn.com.tw/photo/2020/02/28/1/7531213.jpeg&x=0&y=0&sw=0&sh=0&sl=W&fw=1050
https://www.hpa.gov.tw/Pages/Detail.aspx?nodeid=127&pid=12119
http://line.me/R/msg/text/?https://newtalk.tw/news/view/2020-04-16/392213%0D%0Ahttps://newtalk.tw/news/view/2020-04-16/392213
https://www.instagram.com/newtalktw/
https://archive.today/20190427040053/https://www.chinatimes.com/realtimenews/20181109003427-260404?chdtv
https://udncollege.udn.com/tag/%e4%bd%9c%e6%96%87/
http://line.naver.jp/R/msg/text/?貓小姐Ms.Cat聖誕貼圖應景登場！聖誕節交換禮物就是要「貓」一下%0D%0Ahttp://ulicensing.udnfunlife.com/news.php?i=72
https://twitter.com/hashtag/%E5%9C%8B%E7%91%9C%E6%80%92%E4%BA%86?src=hash
https://feedburner.google.com/fb/a/tos?gsessionid=69UepyugPM7m4VpyWrdZZeWya5TC0dkb
https://wd.vghtpe.gov.tw/ps/Fpage.action?muid=4660&amp;fid=4502
https://zh.wikipedia.org/wiki/Category:%E7%AC%AC%E5%8D%81%E4%BA%8C%E5%B1%86%E5%85%A8%E5%9C%8B%E4%BA%BA%E5%A4%A7%E4%BB%A3%E8%A1%A8
https://today.line.me/tw/pc/article/%E3%80%90%E9%98%B2%E7%96%AB%E5%B0%8F%E6%92%87%E6%AD%A5%E3%80%91%E5%B0%8F%E8%87%89%E4%BA%BA%E3%80%81%E5%B0%8F%E7%AB%A5%E7%BC%BA%E5%8F%A3%E7%BD%A9%EF%BC%81%EF%BC%9F%E6%88%90%E4%BA%BA%E5%B9%B3%E9%9D%A2%E5%8F%A3%E7%BD%A9%E8%AE%8A%E8%AE%8A%E8%AE%8A-xPMKJr
https://www.vghtpe.gov.tw/vghtpe/files/PDF/thank/108_04感謝函.pdf
https://www.feds.com.tw/tw/Shop/Index/1189
https://www.chinatimes.com/realtimenews/20200301001202-260404?chdtv
http://udn.com/page/topic/495
https://running.biji.co/index.php?q=topic&act=article&specialid=20&topicid=195&utm_source=UDN&utm_medium=index&utm_campaign=膝蓋與髖部症狀
https://t.co/pybJIZLhtB
https://tw.appledaily.com/gadget/20200402/NQRZ56T6TWXNDC7GQSXXJF7RUM/
https://www.mirrormedia.mg/category/booksummary
https://global.udn.com/global_vision/index
https://newtalk.tw/news/tag/%E4%B8%BB%E6%AC%8A%E7%88%AD%E8%AD%B0
http://www.unitas.me/?p=13972
https://web.archive.org/web/20070321010101/http://partnernet.hktb.com/pnweb/jsp/doc/listDocL.jsp?charset=b5&amp;doc_id=53760&amp;filename=Star+Ferry+Harbour+Tour.doc&amp;logs=&amp;cat_id=&amp;type=
https://www.ctwant.com/article/46148
https://www.youtube.com/watch?v=XGMX42fWT7U&amp;list=PLr8iY2AvgOL2XDKsLa94EBzttqaPNx4lL&amp;index=36
http://www.cna.com.tw/news/firstnews/201312150035-1.aspx
https://www.facebook.com/dialog/share?app_id=1996449477296165&display=popup&href=http://ulicensing.udnfunlife.com/news.php?i=61&redirect_uri=http://ulicensing.udnfunlife.com/
https://newtalk.tw/news/view/2020-04-15/391618
https://tw.news.yahoo.com/weather-forecast/
https://www.ettoday.net/news/20200301/1657019.htm?from=pctaglist 
https://boba.ettoday.net/video/229/324/210149
https://events.ettoday.net/activity/dalemon_Shitpost/article/23152/last
https://movies.yahoo.com.tw/movieinfo_main/1917-1917-10189
https://pgw.udn.com.tw/gw/photo.php?u=https://uc.udn.com.tw/photo/2020/02/19/1/7489800.jpg&s=Y&x=4&y=4&sw=1255&sh=851&sl=W&fw=1050
https://www.hpa.gov.tw/Pages/Detail.aspx?nodeid=127&pid=12118
http://line.me/R/msg/text/?https://newtalk.tw/news/view/2018-04-20/121587%0D%0Ahttps://newtalk.tw/news/view/2018-04-20/121587
https://udncollege.udn.com/category/topic/popularscience/
http://line.naver.jp/R/msg/text/?我恨死天蠍了%0D%0Ahttps://events.ettoday.net/activity/dalemon_Star/article/24278
https://twitter.com/IndiaToday/status/1250620697015021569
https://feedburner.google.com/fb/a/home?gsessionid=b5hmsZxo15dOET6VVYUtB8NgFd8GitGv
http://wd.vghtpe.gov.tw/hrpc/
https://zh.wikipedia.org/wiki/%E5%A8%81%E6%96%AF%E5%BA%B7%E8%BE%9B%E5%B7%9E
https://today.line.me/tw/pc/article/%E5%A4%96%E5%AA%92%E5%95%8F%E5%8F%B0%E7%81%A3%E5%AE%98%E6%96%B9%E4%BD%95%E6%99%82%E7%BD%B5%E8%AD%9A%E5%BE%B7%E5%A1%9E%E3%80%8C%E9%BB%91%E9%AC%BC%E3%80%8D+%E8%B6%99%E7%AB%8B%E5%A0%85%EF%BC%9A%E4%BD%A0%E6%87%89%E8%A9%B2%E5%8E%BB%E5%95%8F%E5%8F%B0%E7%81%A3-O2GqP6
https://www.vghtpe.gov.tw/vghtpe/files/PDF/thank/108%E5%B9%B410%E6%9C%88%E6%84%9F%E8%AC%9D%E5%87%BD.pdf
https://www.feds.com.tw/tw/Shop/Index/35
https://www.chinatimes.com/realtimenews/20170802002168-260407
https://udn.com/news/story/7323/4302669?from=udnamp_storysns_fb&amp;fbclid=IwAR09RuqFgV_gDyMLOnSMxR6_yajUohs10AUKPkK0vvPESUyaxCaqDTR3Fy0不收割！
https://running.biji.co
https://t.co/keU4bSfuYM
https://tw.appledaily.com/new/realtime/20180815/1411494/
https://www.mirrormedia.mg/category/knowledgeprogram
https://theme.udn.com/theme/story/6774/4097871?from=udn-referralnews_ch1004artbottom
https://newtalk.tw/news/view/2020-04-15/391684
http://www.unitas.me/?cat=748
https://web.archive.org/web/20161105024846/http://news.ltn.com.tw/news/local/paper/1048194
https://www.ctwant.com/article/46155
https://www.youtube.com/watch?v=qd467CwO290&amp;list=PLr8iY2AvgOL2XDKsLa94EBzttqaPNx4lL&amp;index=32
https://www.cna.com.tw/news/firstnews/201910180062.aspx
http://www.facebook.com/sharer.php?u=https://sports.ettoday.net/news/1691854?from=fb_share_web
https://newtalk.tw/news/category/8/%E6%B6%88%E8%B2%BB%E8%B6%A8%E5%8B%A2
https://tw.news.yahoo.com/%E8%80%B6%E7%A9%8C%E8%A8%97%E5%A4%A2%E7%B5%A6%E9%9D%88%E6%84%9F-%E6%83%B3%E8%A6%8B%E4%BD%A0-%E5%8A%87%E6%9C%AC%E8%80%97%E6%99%823%E5%B9%B4%E6%A7%8B%E6%80%9D-051423953.html
https://forum.ettoday.net/news/1583897
https://boba.ettoday.net/video/233/465/126095
https://events.ettoday.net/activity/dalemon_readbeanQQ/article/23369/last
https://movies.yahoo.com.tw/tagged/movieheadline
https://pgw.udn.com.tw/gw/photo.php?u=https://uc.udn.com.tw/photo/2020/02/28/1/7528138.png&x=0&y=0&sw=0&sh=0&sl=W&fw=1050
https://www.hpa.gov.tw/Pages/List.aspx?nodeid=27
http://line.me/R/msg/text/?https://newtalk.tw/news/view/2020-04-15/391848%0D%0Ahttps://newtalk.tw/news/view/2020-04-15/391848
https://udncollege.udn.com/author/edusupertw/
http://line.naver.jp/R/msg/text/?你的餘燼%0D%0Ahttps://events.ettoday.net/activity/dalemon_inlove/article/26071
https://twitter.com/hashtag/welcomehome?src=hash
http://books.google.com.hk/books?id=5SWvAAAAQBAJ&amp;pg
http://wd.vghtpe.gov.tw/obgy/Fpage.action?muid=140&amp;fid=47
https://zh.wikipedia.org/wiki/%E6%A0%B9%E8%A5%BF
https://today.line.me/tw/pc/article/%E7%96%AB%E6%83%85%E5%BF%AB%E8%B5%B0%EF%BC%81+%E5%A4%A7%E5%AE%B6%E4%B8%80%E8%B5%B7%E7%82%BA%E5%8F%B0%E7%81%A3%E5%8A%A0%E6%B2%B9-JG93VJ
https://www.vghtpe.gov.tw/../vghtpe/Fpage.action?fid=3429
https://www.feds.com.tw/tw/40
https://www.chinatimes.com/realtimenews/20200314002258-260404?chdtv
https://udn.com/ctba/cate/120579
https://running.biji.co/index.php?q=news&act=info&id=103363&utm_source=UDN&utm_medium=index&utm_campaign=熱門文章2
https://t.co/8NbNL5vvFw
https://tw.appledaily.com/new/realtime/20181114/1466640/
https://www.mirrormedia.mg/story/20200414ent008
https://theme.udn.com/theme/story/6774/4379771?from=udn-referralnews_ch1004artbottom
https://newtalk.tw/news/author/%E9%A1%8F%E5%BE%97%E6%99%BA
http://www.unitas.me/?cat=733
https://web.archive.org/web/20190518233427/https://www.bloomberg.com/billionaires/profiles/taiming-gou/
https://www.ctwant.com/search?q=%E8%AD%9A%E5%BE%B7%E5%A1%9E
https://www.youtube.com/redirect?q=https%3A%2F%2Fwww.facebook.com%2FET.Lemons%2F&amp;redir_token=JY80iTDtrWbWX4pWJFTiKF-V-ZR8MTU4NzA5MzgxNUAxNTg3MDA3NDE1&amp;event=channel_banner
https://www.cna.com.tw/news/aipl/201906290129.aspx
http://www.facebook.com/sharer.php?u=https://travel.ettoday.net/article/1446217.htm?from=fb_share_web
https://newtalk.tw/news/category/6/%E6%97%85%E9%81%8A%E7%BE%8E%E9%A3%9F
http://hk.news.yahoo.com/%E7%91%9E%E5%A3%AB%E8%9F%AC%E8%81%AF%E5%85%A8%E7%90%83%E5%89%B5%E6%96%B0%E6%8C%87%E6%95%B8%E6%A6%9C%E9%A6%96-%E9%A6%99%E6%B8%AF%E6%8E%92%E7%AC%AC%E5%85%AB-011700283.html
https://speed.ettoday.net/news/1469099?from=fb_extd
https://sports.ettoday.net/news-search.phtml?keywords=%E9%98%B2%E7%96%AB%E5%BD%B1%E7%89%87
https://events.ettoday.net/activity/ghost2018/158
https://movies.yahoo.com.tw/movieinfo_main/%E5%B1%85%E7%A6%AE%E5%A4%AB%E4%BA%BA-%E6%94%BE%E5%B0%84%E6%B0%B8%E6%81%86-radioactive-10537
https://pgw.udn.com.tw/gw/photo.php?u=https://uc.udn.com.tw/photo/2020/02/28/1/7531212.jpg&x=0&y=0&sw=0&sh=0&sl=W&fw=1050
https://www.hpa.gov.tw/EngPages/Index.aspx
http://line.me/R/msg/text/?https://newtalk.tw/news/view/2020-04-15/392116%0D%0Ahttps://newtalk.tw/news/view/2020-04-15/392116
https://udncollege.udn.com/tag/%e8%81%af%e5%90%88%e5%a0%b1%e5%af%ab%e4%bd%9c%e6%95%99%e5%ae%a4/
http://line.naver.jp/R/msg/text/?我就是註定孤獨一生的人，到死都是邊緣人。%0D%0Ahttps://events.ettoday.net/activity/dalemon_Shitpost/article/26853
https://twitter.com/IndiaToday/status/1250625518233239553
https://feedburner.google.com/fb/a/tos?gsessionid=zwq8ok2b-WHwUAuDVcBijK8X7rk_UEMs
http://wd.vghtpe.gov.tw/cs/Fpage.action?muid=7&amp;fid=893
https://zh.wikipedia.org/wiki/%E7%A7%A6%E5%A7%8B%E7%9A%87
https://today.line.me/tw/pc/article/BMW+M850i%E3%80%81840i+Gran+Coup%C3%A9+518+%E8%90%AC%E8%B5%B7%E9%80%B2%E9%A7%90%E5%85%A8%E5%8F%B0%E5%B1%95%E9%96%93-DPrxYm
https://www.vghtpe.gov.tw/vghtpe/files/PDF/thank/107年4月感謝函.pdf
https://www.feds.com.tw/tw/Search/Keyword?SearchType=firstword&amp;Keyword=C
https://www.chinatimes.com/realtimenews/20170517002806-260407?chdtv
https://udn.com/ctba/story/12960/4468392
https://running.biji.co/index.php?q=topic&act=article&specialid=24&topicid=230&utm_source=UDN&utm_medium=index&utm_campaign=跑步迷思
https://t.co/ZhKxjmsSSj
https://hk.news.appledaily.com/local/daily/article/20190610/20700277
https://www.mirrormedia.mg/story/20180918inv009/
https://story.udn.com/dcstore/StoreIndex.do?familybar_hide
https://newtalk.tw/news/tag/WHO
http://www.unitas.me/?cat=763
https://web.archive.org/web/20190612141615/https://news.rthk.hk/rthk/ch/component/k2/1462171-20190611.htm
https://www.ctwant.com/search
https://www.youtube.com/watch?v=DhYHEuW83xU&amp;list=PLr8iY2AvgOL2XDKsLa94EBzttqaPNx4lL&amp;index=18
https://www.cna.com.tw/news/firstnews/201606220131.aspx
https://www.facebook.com/quitsmokingteacher/?ref=bookmarks
https://newtalk.tw/news/tag/%E4%B8%AD%E9%9A%8E%E6%89%8B%E6%A9%9F
http://hk.news.yahoo.com/港爆冷膺全球最宜居城市-220917139.html
https://www.ettoday.net/feature/乾拌麵王爭霸戰
https://boba.ettoday.net/video/233/443/83414
https://events.ettoday.net/activity/dalemon_Yummy/article/23573/last
https://movies.yahoo.com.tw/movieinfo_review.html/id=10595
https://pgw.udn.com.tw/gw/photo.php?u=https://uc.udn.com.tw/photo/2020/03/07/1/7565744.jpg&x=0&y=0&sw=0&sh=0&sl=W&fw=1050
https://www.hpa.gov.tw/Pages/List.aspx?nodeid=73
http://line.me/R/msg/text/?https://newtalk.tw/news/view/2020-04-15/391702%0D%0Ahttps://newtalk.tw/news/view/2020-04-15/391702
https://udncollege.udn.com/hand-drawn/
http://line.naver.jp/R/msg/text/?白皙美腿%0D%0Ahttps://events.ettoday.net/activity/dalemon_horror/article/25547
https://twitter.com/hashtag/covid19?f=tweets&amp;vertical=news&amp;src=hash
https://feedburner.google.com/fb/a/tos?gsessionid=afg0wldVdeTCOd8SleX8aHWHcqOK-hlJ
http://wd.vghtpe.gov.tw/regs/Fpage.action?muid=2&amp;fid=223
https://zh.wikipedia.org/wiki/%E7%BD%AA%E5%A4%A2%E8%80%85
https://today.line.me/tw/pc/article/%E5%85%A8%E7%90%83%E8%A7%80%E7%9C%8B%E6%95%B8%E9%80%BE45%E5%84%84+%E3%80%8A%E7%A5%9E%E4%B9%8B%E5%A1%94%E3%80%8B%E5%8B%95%E7%95%ABLINE+TV%E7%8D%A8%E6%92%AD-eMqVyn
https://www.vghtpe.gov.tw/Fpage.action?muid=8&fid=7826
https://www.feds.com.tw/tw/1/Home
https://www.chinatimes.com/realtimenews/20181015003341-260407
https://udn.com/news/story/120958/4495704?from=udn_mobile_indexrecommend
https://running.biji.co/index.php?q=competition&act=info&cid=8153&subtitle=慢城詩話路跑賽&utm_source=UDN&utm_medium=index&utm_campaign=本日主打星-照片2
https://t.co/fTrfd83Qu0
https://tw.appledaily.com/new/realtime/20180522/1358114/
https://www.mirrormedia.mg/tag/596f35b6e531830d00e32551
https://health.udn.com/health/?list_ch2_index
https://newtalk.tw/news/tag/%E5%AF%8C%E5%B7%9D%E6%82%A0%E5%A4%AA
http://www.unitas.me/?p=13610
https://web.archive.org/web/20200217034400/https://www.nownews.com/news/20200206/3921769/
https://www.ctwant.com/video
https://www.youtube.com/channel/UCr-zC57bR8H-IVzfho39zTw/community?disable_polymer=1
https://www.cna.com.tw/news/firstnews/201904175006.aspx
https://www.facebook.com/twherohan/posts/2459747360929080
https://newtalk.tw/news/view/2020-04-16/392200
https://tw.news.yahoo.com/%E6%83%B3%E8%A6%8B%E4%BD%A0%E7%B5%90%E5%B1%80%E5%80%92%E6%95%B81%E5%A4%A9%E8%87%A8%E6%99%82%E5%8A%A0%E6%8B%8D%E9%A9%9A%E5%96%9C%E5%BD%A9%E8%9B%8B%E5%8F%AA%E5%9C%A8%E9%80%992%E5%80%8B%E5%9C%B0%E6%96%B9%E6%92%AD%E5%87%BA%E7%B6%B2%E8%B7%AF%E4%B8%8A%E7%9C%8B%E4%B8%8D%E5%88%B0-072726343.html
https://www.ettoday.net/dalemon/post/45861
https://sports.ettoday.net/news-search.phtml?keywords=包提斯塔
https://events.ettoday.net/activity/dalemon_Shitpost/article/23160/last
https://movies.yahoo.com.tw/index.html
https://pgw.udn.com.tw/gw/photo.php?u=https://uc.udn.com.tw/photo/2020/03/07/1/7564860.jpg&x=0&y=0&sw=0&sh=0&sl=W&fw=1050
https://www.hpa.gov.tw/Pages/Detail.aspx?nodeid=129&pid=12260
http://line.me/R/msg/text/?https://newtalk.tw/citizen/view/56192%0D%0Ahttps://newtalk.tw/citizen/view/56192
https://udncollege.udn.com/category/topic/
http://line.naver.jp/R/msg/text/?貓奴必備！貓小姐聯名行李箱限量預購 帶喵旅行超療癒%0D%0Ahttp://ulicensing.udnfunlife.com/news.php?i=48
https://twitter.com/WHO/following
http://translate.google.com/translate?hl=zh-TW&rurl=translate.google.com&tl=zh-CN&u=http%3A%2F%2Fwww.ettoday.net%2Ffeature%2Findex%2F0%2F9
https://wd.vghtpe.gov.tw/cbhc/Fpage.action?muid=5&amp;fid=8601
https://zh.wikipedia.org/wiki/%E9%82%93%E5%8A%9B%E7%BE%A4
https://today.line.me/tw/pc/article/%E3%80%8C52%E8%BC%95%E6%96%B7%E9%A3%9F%E3%80%8D%E6%8A%8A%E6%8F%A12%E5%8E%9F%E5%89%87%EF%BC%8C%E4%BF%AE%E8%AD%B7%E8%85%B8%E9%81%93%E3%80%81%E6%B8%85%E5%AE%BF%E4%BE%BF%E6%9B%B4%E6%9C%89%E6%84%9F-5l5LeK
https://www.vghtpe.gov.tw/../pdf/vgh1040904a.pdf
https://www.feds.com.tw/tw/37
http://www.chinatimes.com/cn/newspapers/20170623000711-260301
https://udn.com/news/story/7001/4495315?list_ch2_index
https://running.biji.co/index.php?q=topic&act=article&specialid=20&utm_source=UDN&utm_medium=index&utm_campaign=傷害防護
https://t.co/IuSI5OXo4E
https://tw.sports.appledaily.com/realtime/20180429/1343568
https://www.mirrormedia.mg/story/20181121inv002/
https://story.udn.com/StoreBook.do?id=184779
https://newtalk.tw/news/view/2020-04-14/391295
http://www.unitas.me/?p=13636
https://web.archive.org/web/20160304112125/http://news.xinhuanet.com/ziliao/2002-01/16/content_240483.htm
https://www.ctwant.com/category/財經/熱線
http://chart.apis.google.com/chart?cht=qr&choe=UTF-8&chs=300x300&chl=https://www.ettoday.net/news/20200322/1672934.htm
https://www.cna.com.tw/news/firstnews/201811100039.aspx
http://www.facebook.com/1953228574726880
https://newtalk.tw/news/view/2020-04-15/391689
http://hk.news.yahoo.com/%E6%9D%8E%E5%B0%91%E5%85%89-%E8%AD%A6%E9%9A%8A%E7%BA%8C%E4%BE%BF%E5%88%A9%E5%B8%82%E6%B0%91%E5%92%8C%E5%B9%B3%E5%90%88%E6%B3%95%E9%81%8A%E8%A1%8C%E9%9B%86%E6%9C%83-021900534.html
https://health.ettoday.net/news/1688608
https://boba.ettoday.net/video/274/561/126255
https://events.ettoday.net/activity/dalemon_Shitpost/article/23177/last
https://movies.yahoo.com.tw/movieinfo_main/%E9%96%93%E8%AB%9C%E9%80%9F%E6%88%90%E7%8F%AD-my-spy-10538
https://pgw.udn.com.tw/gw/photo.php?u=https://uc.udn.com.tw/photo/2020/02/21/1/7499570.jpg&x=0&y=0&sw=0&sh=0&sl=W&fw=1050
https://www.hpa.gov.tw/Pages/List.aspx?nodeid=26
http://line.me/R/msg/text/?https://newtalk.tw/news/view/2020-04-13/390853%0D%0Ahttps://newtalk.tw/news/view/2020-04-13/390853
https://twncarat.wordpress.com/2020/01/20/%e9%9b%bb%e8%a6%96%e8%a7%80%e5%af%9f%e7%aa%97%ef%bc%9a2020-01-13-2020-01-19/
http://line.naver.jp/R/msg/text/?黃色書刊 Yellow Book%0D%0Ahttp://ulicensing.udnfunlife.com/brand.php?i=9
https://twitter.com/dunstmania
https://feedburner.google.com/fb/a/tos?gsessionid=DcL2uIo2Ymvx-OnYNVVqDSvgjkrfZHE_
http://wd.vghtpe.gov.tw/nosmk.htm
https://zh.wikipedia.org/wiki/%E9%8C%A2%E5%90%9B%E4%BB%B2
https://social-plugins.line.me/lineit/share?url=https://theme.udn.com/theme/story/6774/4393168?utm_source=themelineweb%26utm_medium=share
https://www.vghtpe.gov.tw/vghtpe/files/PDF/thank/107%E5%B9%B43%E6%9C%88%E6%84%9F%E8%AC%9D%E5%87%BD.pdf
https://www.feds.com.tw/tw/Edm/List?EdmMallId=48
https://www.chinatimes.com/realtimenews/20200222002842-260404
https://udn.com/news/story/120944/4495768?from=udn_mobile_indexrecommend
https://running.biji.co/?q=question&utm_source=UDN&utm_medium=index&utm_campaign=每日系列
https://t.co/zkFpNcy1D3
https://tw.appledaily.com/headline/daily/20140107/35560799
https://www.mirrormedia.mg/category/fashion
https://theme.udn.com/theme/story/11963/3403471
https://newtalk.tw/news/author/
http://www.unitas.me/?author=342
https://web.archive.org/web/20181021232121/http://life.mingpao.com/cfm/dailynews3b.cfm?File=20040722%2Fnalgc%2Fgcd1.txt
https://www.ctwant.com/article/46009
https://www.youtube.com/watch?v=wo6KlY-0Jyc
https://www.cna.com.tw/news/firstnews/201911140282.aspx
https://www.facebook.com/dialog/share?app_id=1996449477296165&display=popup&href=http://ulicensing.udnfunlife.com/news.php?i=52&redirect_uri=http://ulicensing.udnfunlife.com/
https://newtalk.tw/news/tag/%E7%BE%8E%E5%9C%8B
http://hk.news.yahoo.com/%E9%A6%99%E6%B8%AF%E8%9F%AC%E8%81%AF%E4%B8%96%E7%95%8C%E7%B6%93%E6%BF%9F%E8%AB%96%E5%A3%87%E9%87%91%E8%9E%8D%E7%99%BC%E5%B1%95%E5%A0%B1%E5%91%8A%E9%A6%96%E4%BD%8D-034300856.html
https://house.ettoday.net/focus/投資新據點/
https://boba.ettoday.net/video_tag/MsSelena
https://junglevoice.ettoday.net/news.php?tag=聲林之王&page=8
https://movies.yahoo.com.tw/movieinfo_main/%E7%8A%AC%E9%B3%B4%E6%9D%91-howling-village-10543
https://pgw.udn.com.tw/gw/photo.php?u=https://uc.udn.com.tw/photo/2020/02/17/1/7479828.jpg&x=0&y=0&sw=0&sh=0&sl=W&fw=1050
https://www.hpa.gov.tw/Pages/List.aspx?nodeid=85
http://line.me/R/msg/text/?https://newtalk.tw/news/view/2020-04-16/392214%0D%0Ahttps://newtalk.tw/news/view/2020-04-16/392214
https://udncollege.udn.com/4145/
http://line.naver.jp/R/msg/text/?不屑精神當道！台灣新銳圖文作家不屑貓首本新書《不屑是種正能量》來囉%0D%0Ahttp://ulicensing.udnfunlife.com/news.php?i=81
https://twitter.com/DrTedros/status/1250384944930664448
https://feedburner.google.com/fb/a/home?gsessionid=NFgRKW_Hk4AaIBRfdAljvtyDvBGq1srW
http://wd.vghtpe.gov.tw/im/Fpage.action?muid=7&amp;fid=498
https://zh.wikipedia.org/wiki/%E9%96%8B%E5%AF%B6
https://today.line.me/tw/pc/article/%E5%A6%82%E6%9E%9C%E5%A5%B4%E6%89%8D%E8%A2%AB%E8%AA%BF%E5%8C%85+%E8%B2%93%E5%92%AA%E6%9C%83%E7%99%BC%E7%8F%BE%E5%97%8E%EF%BC%9F+ft+%E9%9F%8B%E7%A6%AE%E5%AE%89-rwyapQ
https://www.vghtpe.gov.tw/Fpage.action?muid=7888&fid=8099
https://www.feds.com.tw/tw/Movie
https://www.chinatimes.com/newspapers/20191104000648-260112?chdtv
https://udn.com/news/story/7251/4495172?list_ch2_index
https://running.biji.co/?q=album&utm_source=UDN&utm_medium=index&utm_campaign=賽事相簿
https://t.co/ziSw40vjlO
https://tw.appledaily.com/headline/daily/20120429/34193483
https://www.mirrormedia.mg/story/20200414ent020
https://story.udn.com/StoreMore.do?mid=213
https://newtalk.tw/news/tag/%E7%B8%A3%E5%B8%82%E9%95%B7%E9%81%B8%E6%83%85
http://www.unitas.me/?cat=787
https://web.archive.org/web/20180615083513/https://www.pentoy.hk/%E5%BA%AB%E6%96%AF%E5%85%8B%EF%BC%9A%E6%98%AF%E8%AA%B0%E6%8B%BF%E8%B5%B0%E4%BA%86%E9%A6%99%E6%B8%AF%E7%9A%84%E5%B8%82%E8%AD%B0%E6%9C%83%EF%BC%9F/
https://www.ctwant.com/article/46022
https://www.youtube.com/watch?v=OqrkzKNulm4&amp;list=PLr8iY2AvgOL2XDKsLa94EBzttqaPNx4lL&amp;index=38
https://www.cna.com.tw/news/afe/201906215004.aspx
https://www.facebook.com/164965326883996
https://newtalk.tw/news/tag/%E7%92%B0%E4%BF%9D%E7%BD%B2
http://hk.news.yahoo.com/40人獲頒好市民獎-102700981.html
https://www.ettoday.net/news/20181112/1303855.htm?feature=ufo&tab_id=942
https://sports.ettoday.net/news-search.phtml?keywords=德國
https://events.ettoday.net/activity/dalemon_work/article/24403/last
https://tw.stock.yahoo.com/
https://pgw.udn.com.tw/gw/photo.php?u=https://uc.udn.com.tw/photo/2020/02/18/1/7480054.jpg&s=Y&x=0&y=0&sw=1024&sh=678&sl=W&fw=1050
https://www.hpa.gov.tw/Pages/ashx/Redirect.ashx?nodeid=121&url=http%3a%2f%2fwww.hpa.gov.tw%2fPages%2fDetail.aspx%3fnodeid%3d61%26pid%3d7192
http://line.me/R/msg/text/?https://newtalk.tw/news/view/2020-04-16/392230%0D%0Ahttps://newtalk.tw/news/view/2020-04-16/392230
https://udncollege.udn.com/category/camp/campuscamp/
http://line.naver.jp/R/msg/text/?珍惜擁有%0D%0Ahttps://events.ettoday.net/activity/dalemon_readbeanQQ/article/26074
https://twitter.com/WHO/status/1250449840376631298
https://feedburner.google.com/fb/a/home?gsessionid=83g77ZcAFoUNpiRXJVJAjE_5KEaQ9-wa
https://wd.vghtpe.gov.tw/regs/Fpage.action?muid=576&amp;fid=229
https://zh.wikipedia.org/wiki/%E9%A6%99%E6%B8%AF%E7%B6%93%E6%BF%9F%E6%B0%91%E7%94%9F%E8%81%AF%E7%9B%9F
https://today.line.me/tw/pc/article/2020%E7%B4%AB%E8%97%A4%E8%8A%B1%E5%AD%A3%EF%BC%81%E5%85%A8%E5%8F%B05%E8%99%95%E5%BF%85%E7%9C%8B%E5%A4%A2%E5%B9%BB%E7%B4%AB%E8%97%A4%E8%8A%B1%E6%B5%B7%E5%A4%A7%E5%85%AC%E9%96%8B-y96nwy
https://www.vghtpe.gov.tw/vghtpe/files/PDF/thank/107年5月感謝函.pdf
https://www.feds.com.tw/tw/Event/Detail/10739
https://www.chinatimes.com/realtimenews/20170114002843-260407
https://udn.com/news/cate/2/120909
https://t.co/rlnedZguNu
https://tw.nextmgz.com/realtimenews/news/488448
https://www.mirrormedia.mg/story/20181120inv018/
https://style.udn.com/
https://newtalk.tw/news/view/2020-04-15/392053
http://www.unitas.me/?author=344
https://web.archive.org/web/20190331092620/https://3g.163.com/news/article_cambrian/E8VTM7SF0525JD0D.html
https://www.ctwant.com/search?q=%E7%99%BC%E7%82%8E
https://www.youtube.com/watch?v=v9iuCyznQCI
https://www.cna.com.tw/news/firstnews/201910010220.aspx
http://www.facebook.com/3029950127021283
https://newtalk.tw/news/view/2020-04-15/391743
https://tw.news.yahoo.com/%E6%8B%9A%E9%81%B8%E8%88%89%E4%BB%8D%E5%A4%9A%E6%AC%A1%E9%80%A0%E8%A8%AA%E4%BD%9B%E5%85%89%E5%B1%B1-%E9%9F%93%E5%9C%8B%E7%91%9C-%E6%88%91%E6%98%AF%E8%99%94%E8%AA%A0%E4%BD%9B%E6%95%99%E5%BE%92-052100994.html
https://www.ettoday.net/news/20200226/1654824.htm?from=pctaglist 
https://sports.ettoday.net/news/1690121
https://events.ettoday.net/activity/dalemon_work/article/23394/last
https://movies.yahoo.com.tw/movieinfo_main/%E7%9C%9F%E5%AF%A6-the-truth-10523
https://pgw.udn.com.tw/gw/photo.php?u=https://uc.udn.com.tw/photo/2020/02/27/1/7527749.jpg&x=0&y=0&sw=0&sh=0&sl=W&fw=1050
https://www.hpa.gov.tw/Pages/Detail.aspx?nodeid=4141&pid=12274
http://line.me/R/msg/text/?https://newtalk.tw/news/view/2020-04-16/392225%0D%0Ahttps://newtalk.tw/news/view/2020-04-16/392225
https://udncollege.udn.com/4027/
http://line.naver.jp/R/msg/text/?在澳洲回味台灣味自己動手做「台式涼麵&味噌湯」%0D%0Ahttps://events.ettoday.net/activity/dalemon_Yummy/article/26138
https://twitter.com/newtalk_tw/status/1131866774033448961
https://feedburner.google.com/fb/a/home?gsessionid=TNy3RNU4fNFv0kS2soQOE6fGRpqznO_6
https://wd.vghtpe.gov.tw/ADM/Fpage.action?muid=12050&amp;fid=11174
https://zh.wikipedia.org/wiki/2000%E5%B9%B4%E9%A6%99%E6%B8%AF%E7%AB%8B%E6%B3%95%E6%9C%83%E9%81%B8%E8%88%89
https://social-plugins.line.me/lineit/share?url=https://theme.udn.com/theme/story/6774/4365953?utm_source=themelineweb%26utm_medium=share
https://www.vghtpe.gov.tw/vghtpe/files/PDF/thank/108年6月感謝函.pdf
https://www.feds.com.tw/tw/Search/Keyword?SearchType=firstword&amp;Keyword=N
https://www.chinatimes.com/realtimenews/20190817001822-260407
https://udn.com/news/story/7001/4495246?list_ch2_index
https://t.co/Szw78CAfar
https://tw.appledaily.com/headline/daily/20080724/30782776/
https://www.mirrormedia.mg/story/20190611edi007/
http://novel.udn.com/novel/service.jsp
https://newtalk.tw/news/tag/%E7%A9%BA%E5%93%81
http://www.unitas.me/?p=14068
https://web.archive.org/web/20180131162045/http://www.icac.org.hk/tc/press/index_id_330.html
https://www.ctwant.com/article/45989
https://www.youtube.com/watch?v=Ax2icnjQX-I&amp;list=PLr8iY2AvgOL2q6wVDpq0JkwF48afm7Z3b&amp;index=3
https://www.cna.com.tw/news/aloc/201812090190.aspx
https://www.facebook.com/dialog/share?app_id=1996449477296165&display=popup&href=http://ulicensing.udnfunlife.com/news.php?i=14&redirect_uri=http://ulicensing.udnfunlife.com/
https://newtalk.tw/news/category/5/%E7%A7%91%E6%8A%80%E9%9B%BB%E7%AB%B6
https://hk.news.yahoo.com/%E4%B8%AD%E5%A4%A7%E6%B0%91%E8%AA%BF%E6%8C%87%E6%B8%AF%E4%BA%BA%E4%B8%8D%E4%BF%A1%E4%BB%BB%E4%B8%AD%E5%A4%AE%E6%94%BF%E5%BA%9C%E6%AF%94%E7%8E%87%E5%8D%87%E8%87%B3%E6%96%B0%E9%AB%98-072600468.html
https://www.ettoday.net/news/20200403/1683507.htm
https://movies.ettoday.net/news/1679996
https://events.ettoday.net/activity/singapore2018upload
https://movies.yahoo.com.tw/theater_list.html
https://pgw.udn.com.tw/gw/photo.php?u=https://uc.udn.com.tw/photo/2018/07/25/draft/5047759.jpg&amp;x=0&amp;y=0&amp;sw=0&amp;sh=0&amp;sl=W&amp;fw=1050&amp;exp=3600
https://www.hpa.gov.tw/Pages/List.aspx?nodeid=103
https://line.me/R/ti/p/%40cuk1273e
https://udncollege.udn.com/category/goodreads/goodreadssheet/
http://line.naver.jp/R/msg/text/?文策院首次徵集臺灣圖像角色進軍上海授權展 徵展報名最後倒數%0D%0Ahttp://ulicensing.udnfunlife.com/news.php?i=59
https://twitter.com/?lang=el
https://feedburner.google.com/fb/a/home?gsessionid=4X-wiuhJeESwqtmkeQYaIm8CS30M60fX
https://wd.vghtpe.gov.tw/ADM/Fpage.action?muid=12795&amp;fid=11847
https://zh.wikipedia.org/wiki/%E6%9D%B1%E4%BA%9E%E9%81%8B%E5%8B%95%E6%9C%83
https://social-plugins.line.me/lineit/share?url=https://theme.udn.com/theme/story/6774/4393239?utm_source=themelineweb%26utm_medium=share
https://www.vghtpe.gov.tw/../vghtpe/files/PDF/thank/1080925_8%E6%9C%88%E5%90%8C%E6%84%8F%E6%94%BE%E7%BD%AE%E7%B6%B2%E9%A0%81%E7%9A%84%E6%84%9F%E8%AC%9D%E4%BF%A1%E5%8E%BB%E8%BE%A8%E8%AD%98%E7%89%88.pdf
https://www.feds.com.tw/tw/Shop/Index/1176
https://www.chinatimes.com/realtimenews/20181124002769-260407
https://udn.com/ctba/search/tagging/8007/LLB+%E4%BA%9E%E5%A4%AA%E5%8D%80%E5%B0%91%E6%A3%92
https://t.co/Fl6bws5CNz
https://tw.appledaily.com/headline/daily/20180320/37962442
https://www.mirrormedia.mg/category/insight
https://health.udn.com/health/story/120952/4350925?from=udn-referralnews_ch1004artbottom
https://newtalk.tw/news/tag/%E8%99%9B%E6%93%AC%E5%AF%A6%E5%A2%83
http://www.unitas.me/?author=327
https://web.archive.org/web/20190702182906/https://www.chinatimes.com/realtimenews/20190701002513-260407?chdtv
https://www.ctwant.com/category/娛樂/專題
https://www.youtube.com/watch?v=rCTXgqZbxr0
http://www.cna.com.tw/news/firstnews/201803180198-1.aspx
https://www.facebook.com/sharer/sharer.php?u=http%3A%2F%2Fwww.ettoday.net%2Fdalemon%2Fpost%2F48619&amp;src=sdkpreparse
https://newtalk.tw/news/tag/%E8%98%8B%E6%9E%9C
https://tw.news.yahoo.com/%E9%99%B3%E9%9F%BB%E5%A6%82%E5%8F%97%E5%9B%B0%E7%9A%84-%E5%BF%83%E6%88%BF-%E5%B0%8E%E6%BC%94%E6%8F%AD%E5%AF%86%E6%9C%AC%E4%BE%86%E9%82%84%E6%9C%89%E5%85%B6%E4%BB%96%E6%8B%8D%E6%94%9D%E6%96%B9%E6%A1%88-215940431.html
https://www.ettoday.net/news/20200415/1691842.htm
https://boba.ettoday.net/video/234/184/21343
https://events.ettoday.net/activity/dalemon_work/article/24414/last
https://movies.yahoo.com.tw/movieinfo_main/%E6%9C%AB%E6%97%A5%E7%95%B0%E6%88%B0-invasion-10402
https://pgw.udn.com.tw/gw/photo.php?u=https://uc.udn.com.tw/photo/2020/02/20/1/7494364.jpg&x=0&y=0&sw=0&sh=0&sl=W&fw=1050
https://www.hpa.gov.tw/Pages/List.aspx?nodeid=29
http://line.me/R/msg/text/?https://newtalk.tw/citizen/view/56185%0D%0Ahttps://newtalk.tw/citizen/view/56185
https://twncarat.wordpress.com/2020/02/17/%e9%9b%bb%e8%a6%96%e8%a7%80%e5%af%9f%e7%aa%97%ef%bc%9a2020-02-10-2020-02-16/
http://line.naver.jp/R/msg/text/?曖昧和自作多情只是一線之隔%0D%0Ahttps://events.ettoday.net/activity/dalemon_inlove/article/27961
https://twitter.com/hashtag/%E5%A4%A7%E5%AE%B6%E8%A6%BA%E5%BE%97%E9%80%99%E5%80%8B%E8%96%AA%E8%B3%87%E5%90%88%E7%90%86%E5%97%8E?src=hash
https://feedburner.google.com/fb/a/tos?gsessionid=NFgRKW_Hk4AaIBRfdAljvtyDvBGq1srW
https://wd.vghtpe.gov.tw/cbhc/
https://zh.wikipedia.org/wiki/%E6%B1%B6%E8%90%8A%E8%8F%AF%E4%BA%BA
https://today.line.me/tw/pc/article/5%E5%84%84%E5%85%83%E4%BB%A5%E4%B8%8A%E5%A4%A7%E6%88%B6%E8%90%BD%E8%B7%91+%E5%8F%B0%E8%82%A1%E9%80%A32%E7%B4%85%E7%99%BB10400+%E2%94%82%E9%9D%9E%E5%87%A1%E8%B2%A1%E7%B6%93%E6%96%B0%E8%81%9E%E2%94%8220200415-eM3EZl
http://www.vghtpe.gov.tw/vghtpe/files/1080624_TEL.pdf
https://www.feds.com.tw/tw/55
https://www.chinatimes.com/newspapers/20170330000504-260102
https://udn.com/news/story/7270/4495655?list_ch2_index
https://t.co/F8DnYhlPcr
https://tw.appledaily.com/headline/daily/20170521/37657573/
https://www.mirrormedia.mg/category/writer
https://story.udn.com/StoreSearch.do?kw=蔡小雀
https://newtalk.tw/news/view/2020-04-15/391856
http://www.unitas.me/?p=13762
https://web.archive.org/web/20200106204348/https://punchline.asia/archives/55501
https://www.ctwant.com/search?q=%E5%BE%90%E5%B0%8F%E5%8F%AF
https://www.youtube.com/channel/UCD4Fd_NGg7EmwZqzp_SEZRg
https://www.cna.com.tw/news/aipl/201907010240.aspx
https://www.facebook.com/dialog/share?app_id=1996449477296165&display=popup&href=http://ulicensing.udnfunlife.com/news.php?i=21&redirect_uri=http://ulicensing.udnfunlife.com/
https://newtalk.tw/news/view/2020-04-16/392198
http://hk.news.yahoo.com/全球最自由經濟體港19年連冠-031200553.html
https://www.ettoday.net/news/20200415/1691842.htm
https://star.ettoday.net/news-focus/電視/51/5
https://events.ettoday.net/activity/singapore2018upload/article/22702/last
https://movies.yahoo.com.tw/tagged/spotlight
https://pgw.udn.com.tw/gw/photo.php?u=https://uc.udn.com.tw/photo/2020/02/25/99/7517793.jpg&s=Y&x=4&y=1&sw=802&sh=727&sl=W&fw=1050
https://www.hpa.gov.tw/Pages/OpinionMailbox.aspx
http://line.me/R/msg/text/?https://newtalk.tw/news/view/2020-04-14/391327%0D%0Ahttps://newtalk.tw/news/view/2020-04-14/391327
https://udncollege.udn.com/category/topic/readingwriting/
http://line.naver.jp/R/msg/text/?「白衣女學生坐墓碑飛上天」　網談42年前大村國中40死車禍超毛%0D%0Ahttps://www.ettoday.net/news/20190319/1402497.htm
https://twitter.com/WHOAFRO
https://feedburner.google.com/fb/a/home?gsessionid=hxscCfAG9hfxY8XacP8raFnpBwzA-usl
https://wd.vghtpe.gov.tw/dep5/files/2_%E8%87%AA%E4%BB%98%E5%B7%AE%E9%A1%8D%E7%89%B9%E6%9D%90%E6%94%B6%E8%B2%BB%E6%A8%99%E6%BA%96.pdf
https://zh.wikipedia.org/wiki/%E9%87%91%E9%96%80%E7%B8%A3
https://social-plugins.line.me/lineit/share?url=https://theme.udn.com/theme/story/6774/4397698?utm_source=themelineweb%26utm_medium=share
http://www.vghtpe.gov.tw/vghtpe/files/PDF/thank/105%E5%B9%B43%E6%9C%88%E6%84%9F%E8%AC%9D%E5%87%BD.pdf
https://www.feds.com.tw/tw/FashionFocus/Index/7
https://www.chinatimes.com/newspapers/20170307000703-260118
https://udn.com/news/story/7323/4495818?from=udn_mobile_indexrecommend
https://t.co/stebfGE4BM
https://tw.appledaily.com/forum/daily/20170707/37707714
https://www.mirrormedia.mg/category/blog
https://story.udn.com/StoreBook.do?id=38105
https://newtalk.tw/news/view/2020-03-16/376029
http://www.unitas.me/?p=13852
https://web.archive.org/web/20171208003600/http://www.landsd.gov.hk/mapping/sc/publications/total.htm
https://www.ctwant.com/article/46159
http://chart.apis.google.com/chart?cht=qr&choe=UTF-8&chs=300x300&chl=https://www.ettoday.net/news/20200405/1684127.htm
https://www.cna.com.tw/news/afe/201611160041.aspx
https://www.facebook.com/twherohan
https://newtalk.tw/news/author/%E6%96%87%EF%BC%8F%E9%99%B3%E6%80%A1%E5%90%9B
https://tw.news.yahoo.com/
http://www.ettoday.net/news/news-list-2012-01-13-0.htm
https://boba.ettoday.net/videonews/209326
https://events.ettoday.net/activity/singapore2018upload/article/22713/last
https://tw.tv.yahoo.com/somedayoroneday/0216-%E6%83%B3%E8%A6%8B%E4%BD%A0%E6%98%A0%E5%BE%8C-164831086.html
https://pgw.udn.com.tw/gw/photo.php?u=https://uc.udn.com.tw/photo/2020/02/19/1/7489806.jpg&s=Y&x=0&y=0&sw=1277&sh=955&sl=W&fw=1050
https://www.hpa.gov.tw/Pages/List.aspx?nodeid=135
http://line.me/R/msg/text/?https://newtalk.tw/news/view/2020-04-15/391881%0D%0Ahttps://newtalk.tw/news/view/2020-04-15/391881
https://twncarat.wordpress.com/2020/02/03/%e9%9b%bb%e8%a6%96%e8%a7%80%e5%af%9f%e7%aa%97%ef%bc%9a2020-01-27-2020-02-02/
http://line.naver.jp/R/msg/text/?親子溝通｜如何一分鐘學會家庭溝通術%0D%0Ahttps://events.ettoday.net/activity/dalemon_readbeanQQ/article/29006
https://twitter.com/hashtag/ccp?src=hash
https://feedburner.google.com/fb/a/home?gsessionid=ZBJakx2gi7jj7VRkiUVfEuKQktVFOxuE
https://wd.vghtpe.gov.tw/ADM/Fpage.action?muid=12048&amp;fid=11175
https://zh.wikipedia.org/wiki/%E9%98%BF%E5%9F%BA%E5%B8%AB
https://today.line.me/tw/pc/article/%E4%BB%8A%E7%86%B1%E9%A3%8630%E5%BA%A6%E3%80%80%E6%98%8E%E8%B5%B7%E9%80%A3%E4%B8%8B2%E5%A4%A9%E9%9B%A8%E5%8D%80%E6%9B%9D-7l5W7J
https://www.vghtpe.gov.tw/vghtpe/files/PDF/thank/107%E5%B9%B41%E6%9C%88%E6%84%9F%E8%AC%9D%E5%87%BD.pdf
https://www.feds.com.tw/tw/Search/Keyword?SearchType=firstword&amp;Keyword=X
https://udn.com/news/story/6999/4495856
https://t.co/8WyQxlLYq0
https://www.mirrormedia.mg/tag/5e946934a66f9e0f00a03345
https://story.udn.com/StoreBook.do?id=148284
https://newtalk.tw/news/tag/%E8%B2%A1%E7%B6%93
http://www.unitas.me/?p=13935
https://web.archive.org/web/20120220053135/http://www.economist.com/node/15495595
https://www.ctwant.com/contact
https://www.youtube.com/watch?v=e0ONDXfaqeY
https://www.cna.com.tw/news/firstnews/201909255004.aspx
https://www.facebook.com/sharer/sharer.php?u=https%3A%2F%2Fwww.ettoday.net%2Fdalemon%2Fpost%2F46976&amp;src=sdkpreparse
https://newtalk.tw/news/tag/%E9%9F%93%E5%9C%8B%E7%91%9C
http://www.ettoday.net/news/news-list-2012-01-28-0.htm
https://fashion.ettoday.net/search.phtml?keywords=柯夢波丹
https://events.ettoday.net/activity/dalemon_horror/article/25952
https://pgw.udn.com.tw/gw/photo.php?u=https://uc.udn.com.tw/photo/2020/03/01/1/7535089.jpeg&x=0&y=0&sw=0&sh=0&sl=W&fw=1050
https://www.hpa.gov.tw/Pages/List.aspx?nodeid=124
https://line.me/
https://udncollege.udn.com/4036/
http://line.naver.jp/R/msg/text/?關節痛就要補鈣？藥師：NO！可吃「5種營養素」補充%0D%0Ahttps://www.ettoday.net/news/20171130/1058103.htm
https://twitter.com/newtalk_tw/status/1124144126507794432
https://feedburner.google.com/fb/a/tos?gsessionid=JnOdqjVS8_LETBCoQQkHADBSuFxtmPUw
https://wd.vghtpe.gov.tw/hpa/
https://zh.wikipedia.org/wiki/2000%E5%B9%B4%E4%BB%A3%E9%A6%99%E6%B8%AF
https://today.line.me/tw/pc/article/NBA%E3%80%8B%E5%96%9C%E6%AD%A1%E8%88%87%E8%A9%B9%E5%A7%86%E6%96%AF%E4%B8%A6%E8%82%A9%E4%BD%9C%E6%88%B0%E3%80%80%E5%82%B3%E6%88%B4%E7%B6%AD%E6%96%AF%E4%BC%91%E8%B3%BD%E6%9C%9F%E6%9C%83%E8%88%87%E6%B9%96%E4%BA%BA%E7%BA%8C%E7%B4%84-m6OMwe
https://www.vghtpe.gov.tw/vghtpe/files/PDF/thank/107年8月感謝函.pdf
https://www.feds.com.tw/tw/Search/Keyword?SearchType=firstword&amp;Keyword=Z
https://udn.com/news/story/7251/4495260?list_ch2_index
https://t.co/ei3eOUJ9Zp
https://www.mirrormedia.mg/topic/5df852037f57db1200245f29
https://nba.udn.com/nba/index
https://newtalk.tw/news/tag/%E9%9B%BB%E7%AB%B6
http://www.unitas.me/?cat=749
https://web.archive.org/web/20190427030547/https://news.tvbs.com.tw/politics/1062881
https://www.ctwant.com/category/國際/大陸
https://plus.google.com/118267592429407835985
https://www.cna.com.tw/news/aipl/201909290098.aspx
https://www.facebook.com/want.ctw/
https://newtalk.tw/news/view/2020-04-15/391996
http://www.ettoday.net/news/news-list-2016-04-03-0.htm
https://boba.ettoday.net/sub_category/233/668
https://events.ettoday.net/activity/dalemon_readbeanQQ/article/23516/last
https://pgw.udn.com.tw/gw/photo.php?u=https://uc.udn.com.tw/photo/2020/03/06/99/7560868.jpg&x=0&y=0&sw=0&sh=0&sl=W&fw=1050
https://www.hpa.gov.tw/Pages/List.aspx?nodeid=47
https://line.me
https://udncollege.udn.com/4152/
http://line.naver.jp/R/msg/text/?聖誕禮物就買這個！貓小姐Ms.Cat聯名銀飾優雅上市%0D%0Ahttp://ulicensing.udnfunlife.com/news.php?i=73
https://twitter.com/antonioguterres
https://feedburner.google.com/fb/a/tos?gsessionid=TTnMJcTFX7e4WxHuX3QGW5nMIoLhL-9W
https://wd.vghtpe.gov.tw/ADM/Fpage.action?muid=1313&amp;fid=868
https://zh.wikipedia.org/wiki/Template:%E7%94%98%E8%82%83%E8%A1%8C%E6%94%BF%E5%8C%BA%E5%88%92
https://social-plugins.line.me/lineit/share?url=https://theme.udn.com/theme/story/6774/4392787?utm_source=themelinemobile%26utm_medium=share%26f=lineshare
https://www.vghtpe.gov.tw/Fpage.action?muid=1488&fid=1318
https://www.feds.com.tw/tw/Search/Keyword?SearchType=firstword&amp;Keyword=E
https://udn.com/news/story/121068/4495129
https://t.co/IvxYkA4AxZ
https://www.mirrormedia.mg/category/video_finance
https://story.udn.com/StoreBook.do?id=34259
https://newtalk.tw/news/tag/%E9%9B%BB%E7%AB%B6%E8%80%81%E5%8F%B8%E6%A9%9F
http://www.unitas.me/?p=13334
https://web.archive.org/web/20181210162146/http://ec.ltn.com.tw/article/breakingnews/1285583
https://www.ctwant.com/category/生活/品味
https://www.youtube.com/watch?v=cXv6dOEUDvQ
http://www.cna.com.tw/news/firstnews/201801215003-1.aspx
https://www.facebook.com/sharer.php?u=https://star.ettoday.net/news/1692561?from=fb_share_web
https://newtalk.tw/news/view/2020-04-14/390977
https://www.ettoday.net/news/20170401/896523.htm?feature=ufo&tab_id=944
https://boba.ettoday.net/videonews/209580
https://events.ettoday.net/activity/singapore2018upload/rules
https://pgw.udn.com.tw/gw/photo.php?u=https://uc.udn.com.tw/photo/2020/02/18/99/7484039.jpg&x=0&y=0&sw=0&sh=0&sl=W&fw=1050
https://www.hpa.gov.tw/../Pages/List.aspx?nodeid=184
https://line.me/R/ti/p/%40vfw0009g
https://udncollege.udn.com/category/goodreads/goodreadsschool/
http://line.naver.jp/R/msg/text/?黃色書刊 x drippp滴牌 首次聯名合作%0D%0Ahttp://ulicensing.udnfunlife.com/project.php?i=57
https://twitter.com/ScottGottliebMD/status/1250610667079503884
https://feedburner.google.com/fb/a/tos?gsessionid=gi_rsII75kKJnFDVPy7in2ccQvTFOuqK
http://wd.vghtpe.gov.tw/fm/Fpage.action?muid=409&amp;fid=1331
https://zh.m.wikipedia.org/w/index.php?title=%E9%9F%93%E5%9C%8B%E7%91%9C&amp;mobileaction=toggle_view_mobile
https://today.line.me/TW/pc/main/100545
https://www.vghtpe.gov.tw/Fpage.action?muid=6&fid=7822
https://www.feds.com.tw/tw/Search/Keyword?SearchType=firstword&amp;Keyword=K
https://udn.com/news/story/6885/2964522?from=udn-referralnews_ch1004artbottom
https://t.co/atXqirV2Xy
https://www.mirrormedia.mg/story/20180918inv008/
https://theme.udn.com/theme/story/11963/3471065
https://newtalk.tw/news/tag/%E7%BE%8E%E8%81%AF%E7%A4%BE
http://www.unitas.me/?p=13441
https://web.archive.org/web/20190610184337/https://news.mingpao.com/ins/%e6%b8%af%e8%81%9e/article/20190610/s00001/1560134041944/%e3%80%90%e9%80%83%e7%8a%af%e6%a2%9d%e4%be%8b-%e5%8f%8d%e4%bf%ae%e4%be%8b%e9%81%8a%e8%a1%8c%e3%80%91%e6%b0%91%e9%99%a3%e4%bc%b0%e7%ae%97103%e8%90%ac%e4%ba%ba-%e9%9b%b7%e9%bc%8e%e9%b3%b4-%e7%84%a1%e4%b9%9c%e7%94%a8%e8%85%a6
https://www.ctwant.com/category/生活/運動
https://www.youtube.com/watch?v=asniBjE3SL4&amp;list=PLCCSUStC_FqR33qJeik_huZqqlyEf4eGj
https://www.cna.com.tw/news/aipl/201912070194.aspx
https://www.facebook.com/dialog/share?app_id=1996449477296165&display=popup&href=http://ulicensing.udnfunlife.com/news.php?i=33&redirect_uri=http://ulicensing.udnfunlife.com/
https://newtalk.tw/news/tag/%E7%92%B0%E4%BF%9D
https://www.ettoday.net/news/20200217/1647254.htm?from=feature
https://sports.ettoday.net/news-search.phtml?keywords=新冠病毒
https://events.ettoday.net/activity/singapore2018upload/article/22635/last
https://pgw.udn.com.tw/gw/photo.php?u=https://uc.udn.com.tw/photo/2020/03/02/1/7541923.jpg&x=0&y=0&sw=0&sh=0&sl=W&fw=1050
https://www.hpa.gov.tw/Pages/List.aspx?nodeid=95
http://line.me/R/msg/text/?https://newtalk.tw/citizen/view/56190%0D%0Ahttps://newtalk.tw/citizen/view/56190
https://udncollege.udn.com/789/
http://line.naver.jp/R/msg/text/?在那一刻我終於明白，我從未真正活著。-Modern Love摩登愛情%0D%0Ahttps://events.ettoday.net/activity/dalemon_inlove/article/26803
https://twitter.com/the_mosquito69/status/1250387690337579010
https://feedburner.google.com/fb/a/home?gsessionid=3ucbjKBhyP32UyvbM5TR3NOvoHj-DJ1F
http://wd.vghtpe.gov.tw/orth/Fpage.action?muid=1598&amp;fid=1213
https://zh.wikipedia.org/wiki/%E7%92%B0%E7%8B%80%E7%B7%9A%E6%9D%B1%E7%92%B0%E6%AE%B5
https://today.line.me/tw/pc/article/%E4%BC%8A%E6%9C%97%EF%BD%9C%E8%BB%8A%E7%AB%99%E6%8E%AE%E5%AE%A2%E6%8F%AD%E7%A7%98%EF%BC%8C%E5%88%B0%E5%BA%95%E6%9C%89%E5%A4%9A%E5%A5%BD%E8%B3%BA%EF%BC%9F-PQ9vGo
https://www.vghtpe.gov.tw/../index_main.html
https://www.feds.com.tw/tw/1/Shop/Detail/12568
https://udn.com/news/story/7321/4495640?from=udn_mobile_indexrecommend
https://t.co/liXFrA3vK8
https://www.mirrormedia.mg/tag/5c6a2f3a315ec51000908168
https://story.udn.com/StoreBook.do?id=184145
https://newtalk.tw/news/view/2020-04-15/391639
http://www.unitas.me/?cat=842
https://web.archive.org/web/20191014232013/https://www.hk01.com/%E6%94%BF%E6%83%85/346245/%E6%B3%9B%E6%B0%91%E8%BF%BD%E6%93%8A%E9%99%B3%E5%81%A5%E6%B3%A2%E6%94%B6%E6%88%90%E6%9C%9F%E8%AB%96-%E5%8D%80%E8%AB%BE%E8%BB%92-%E6%B0%91%E4%B8%BB%E6%B4%BE%E9%BB%9E%E5%85%88%E5%94%94%E7%A0%B4%E5%A3%9E%E4%BD%A0%E5%98%85%E6%94%B6%E6%88%90%E6%9C%9F
https://www.ctwant.com/search?q=%E7%B0%A1%E5%98%89%E8%8A%B8
https://www.youtube.com/channel/UCK331fJHB2_M4JVI8oYN3iA/feed
https://www.cna.com.tw/news/firstnews/201806290012.aspx
https://www.facebook.com/劉真-Serena-Liu-115755255142742
https://newtalk.tw/news/tag/%E9%96%8B%E5%BF%83%E8%BE%B2%E5%A0%B4
http://www.ettoday.net/news/news-list-2012-02-08-0.htm
https://star.ettoday.net/media/88
https://events.ettoday.net/activity/dalemon_inlove/article/25124/last
https://pgw.udn.com.tw/gw/photo.php?u=https://uc.udn.com.tw/photo/2020/03/05/1/7552298.jpg&x=0&y=0&sw=0&sh=0&sl=W&fw=1050
https://www.hpa.gov.tw/Pages/List.aspx?nodeid=111
http://line.me/R/msg/text/?https://newtalk.tw/news/view/2020-04-16/392245%0D%0Ahttps://newtalk.tw/news/view/2020-04-16/392245
https://udncollege.udn.com/tag/%e6%a5%9a%e6%89%8d%e7%9b%83/
http://line.naver.jp/R/msg/text/?我，逃避依戀%0D%0Ahttps://events.ettoday.net/activity/dalemon_readbeanQQ/article/26133
https://twitter.com/help/verified
https://feedburner.google.com/fb/a/tos?gsessionid=DpUBcbbxdFZNiWO5kIjeCssHvZTIj57p
http://wd.vghtpe.gov.tw/RAD/Fpage.action?muid=5&amp;fid=3680
https://zh.wikipedia.org/wiki/%E8%83%A1%E5%B9%B3_(%E6%94%BF%E6%B2%BB%E4%BA%BA%E7%89%A9)
https://today.line.me/tw/pc/article/%E5%A4%A9%E6%AF%8D%E3%80%8C%E8%B6%85%E7%AA%84%E5%B7%B7%E3%80%8D%E3%80%8059%E5%B9%B4%E8%80%81%E5%B1%8B%E5%83%B9%E5%80%BC%E7%A0%B4%E5%84%84-DP5exW
https://www.vghtpe.gov.tw/Fpage.action?muid=1804&fid=1348
https://www.feds.com.tw/tw/TopicPromotion
https://udn.com/news/story/7324/4375310?from=udn-referralnews_ch1004artbottom
https://t.co/NvNQ11o1ds
https://www.mirrormedia.mg/tag/58bfde9a0a32e30f004fd575
https://story.udn.com/StoreSearch.do?kw=總裁
https://newtalk.tw/news/tag/%E4%BD%95%E6%99%B6
http://www.unitas.me/?cat=729
https://web.archive.org/web/20181020223924/https://books.google.com.tw/books?id=VTGCAAAAIAAJ
https://www.ctwant.com/search?q=%E6%9C%9D%E6%97%A5%E9%9B%BB%E8%A6%96%E5%8F%B0
https://www.youtube.com/watch?v=1DvrTzupvt4
https://www.cna.com.tw/news/firstnews/201909125002.aspx
http://www.facebook.com/sharer.php?u=https://sports.ettoday.net/news/1691991?from=fb_share_web
https://newtalk.tw/videos/6
http://www.ettoday.net/news/news-list-2012-10-12-0.htm
https://star.ettoday.net/search.phtml?keywords=鄭敬淏
https://events.ettoday.net/activity/dalemon_readbeanQQ/article/25505/last
https://pgw.udn.com.tw/gw/photo.php?u=https://uc.udn.com.tw/photo/2020/03/09/1/7569404.jpg&x=0&y=0&sw=0&sh=0&sl=W&fw=1050
https://www.hpa.gov.tw/Pages/List.aspx?nodeid=4074
http://line.me/R/msg/text/?https://newtalk.tw/news/view/2020-04-16/392256%0D%0Ahttps://newtalk.tw/news/view/2020-04-16/392256
https://udncollege.udn.com/tag/108%e8%aa%b2%e7%b6%b1/
http://line.naver.jp/R/msg/text/?Gail自主隔離「線上學習」報平安　甜哼《少女》融化粉絲%0D%0Ahttps://www.ettoday.net/news/20200228/1656278.htm
https://twitter.com/?lang=sv
https://drive.google.com/open?id=13efZipYNuNAdkRVXHY2hgM-EphNSzg7g
http://wd.vghtpe.gov.tw/ged/Index.action
https://zh.wikipedia.org/wiki/%E9%A6%99%E6%B8%AF%E5%9C%8B%E9%9A%9B%E6%A9%9F%E5%A0%B4%E5%8F%8D%E5%B0%8D%E9%80%83%E7%8A%AF%E6%A2%9D%E4%BE%8B%E4%BF%AE%E8%A8%82%E8%8D%89%E6%A1%88%E6%8A%97%E8%AD%B0%E6%B4%BB%E5%8B%95
https://today.line.me/tw/pc/article/%E8%B2%B7%E9%8C%AF%E4%BF%9D%E9%9A%AA%E4%B8%8D%E8%AA%BF%E6%95%B4%EF%BC%8C%E5%BE%8C%E6%82%94%E4%B9%9F%E4%BE%86%E4%B8%8D%E5%8F%8A%E4%BA%86-Vrm7LL
https://www.vghtpe.gov.tw/vghtpe/files/PDF/thank/106%E5%B9%B43%E6%9C%88%E6%84%9F%E8%AC%9D%E5%87%BD.pdf
https://www.feds.com.tw/tw/Event/List
https://udn.com/news/story/6656/3483909
https://t.co/GFFXHlRtx3
https://www.mirrormedia.mg/category/bestbuythisweek
https://story.udn.com/StoreBook.do?id=177248
https://newtalk.tw/citizen/author/11508
http://www.unitas.me/?p=14026
https://web.archive.org/web/20181203023132/http://news.ltn.com.tw/news/politics/breakingnews/1867759
https://www.ctwant.com/search?q=%E4%B8%BB%E6%92%AD
https://www.youtube.com/watch?v=Sn5FknWkLvM
https://www.cna.com.tw/news/aipl/201904160213.aspx
https://www.facebook.com/hpagov
https://newtalk.tw/news/view/2020-04-15/391680
http://www.ettoday.net/news/news-list-2014-02-20-0.htm
https://boba.ettoday.net/videonews/209455
https://events.ettoday.net/activity/dalemon_work/article/23530/last
https://pgw.udn.com.tw/gw/photo.php?u=https://uc.udn.com.tw/photo/2019/07/01/draft/6507735.jpg&amp;x=0&amp;y=0&amp;sw=0&amp;sh=0&amp;exp=3600
https://www.hpa.gov.tw/Pages/Detail.aspx?nodeid=4141&pid=12315
http://line.me/R/msg/text/?https://newtalk.tw/news/view/2020-04-16/392221%0D%0Ahttps://newtalk.tw/news/view/2020-04-16/392221
https://twncarat.wordpress.com/2020/02/10/%E9%9B%BB%E8%A6%96%E8%A7%80%E5%AF%9F%E7%AA%97%EF%BC%9A2020-02-03-2020-02-09/
http://line.naver.jp/R/msg/text/?網路人氣漫畫家黃色書刊首次與drippp滴牌聯名合作%0D%0Ahttp://ulicensing.udnfunlife.com/news.php?i=83
https://twitter.com/?lang=sr
https://feedburner.google.com/fb/a/tos?gsessionid=F914YBxi8I8D3WKOiZmJ8_OY34w-FIuP
http://wd.vghtpe.gov.tw/ped/Fpage.action?muid=6&amp;fid=368
https://zh.wikipedia.org/wiki/%E9%A6%99%E6%B8%AF%E5%B0%8F%E5%B7%B4
https://today.line.me/tw/pc/article/%E4%B8%8A%E6%98%A0%E6%97%A5%E6%9C%9F%E7%A2%BA%E5%AE%9A+%E3%80%8A%E9%AC%BC%E6%BB%85%E4%B9%8B%E5%88%83%E3%80%8B%E5%8A%87%E5%A0%B4%E7%89%88%E3%80%8C%E7%84%A1%E9%99%90%E5%88%97%E8%BB%8A%E7%AF%87%E3%80%8D-vVoLpK
https://www.vghtpe.gov.tw/vghtpe/files/PDF/thank/106%E5%B9%B45%E6%9C%88%E6%84%9F%E8%AC%9D%E5%87%BD.pdf
https://www.feds.com.tw/tw/Shop/Index/1180
https://udn.com/news/story/121061/4494376
https://t.co/QECdMjHGp6
https://www.mirrormedia.mg/tag/58462c3495acbd0d00927f4d
https://style.udn.com/style/story/11350/4438840?from=udn-referralnews_ch1004artbottom
https://newtalk.tw/news/tag/%E6%8A%95%E6%9B%B8
http://www.unitas.me/?cat=783
https://web.archive.org/web/20110629122942/http://tw.news.yahoo.com/article/url/d/a/110623/1/2ttyl.html
https://www.ctwant.com/search?q=%E6%B0%B8%E5%BA%B7%E8%A1%97
https://www.youtube.com/watch?v=RxGWp5nZhkg&amp;list=PLr8iY2AvgOL2q6wVDpq0JkwF48afm7Z3b&amp;index=15
https://www.cna.com.tw/news/aipl/201910180125.aspx
https://www.facebook.com/sharer/sharer.php?u=https%3A%2F%2Fwww.ettoday.net%2Fdalemon%2Fpost%2F46648&amp;src=sdkpreparse
https://newtalk.tw/news/tag/%E9%87%91%E9%96%80
http://www.ettoday.net/news/news-list-2020-01-25-0.htm
https://boba.ettoday.net/sub_category/233/254/82734
https://events.ettoday.net/activity/singapore2018upload/article/22734/last
https://pgw.udn.com.tw/gw/photo.php?u=https://uc.udn.com.tw/photo/2020/03/08/99/7569106.jpg&s=Y&x=0&y=2&sw=1280&sh=944&sl=W&fw=1050
https://www.hpa.gov.tw/Pages/Detail.aspx?nodeid=127&pid=12117
https://udncollege.udn.com/4046/
http://line.naver.jp/R/msg/text/?台灣何時再見經典古裝劇？%0D%0Ahttps://events.ettoday.net/activity/dalemon_Shitpost/article/26263
https://twitter.com/newtalk_tw/followers
https://feedburner.google.com/fb/a/home?gsessionid=lQe13vCnMN1fIhMCOw1Uq85OTN5H0Xpe
http://wd.vghtpe.gov.tw/doc/
https://zh.wikipedia.org/wiki/%E9%A6%99%E6%B8%AF%E8%88%87%E6%BE%B3%E9%96%80%E9%97%9C%E4%BF%82
https://today.line.me/tw/pc/article/%E6%90%B6%E5%85%88%E6%B8%AC%E4%B8%AD%E8%8F%AF%E9%9B%BB%E4%BF%A15G%E7%B6%B2%E9%80%9F%EF%BC%81%E7%94%A8%E4%B8%89%E6%98%9FS20+Ultra+5G%E7%89%88%E7%B6%B2%E8%B7%AF%E6%B8%AC%E9%80%9F%E7%B5%90%E6%9E%9C%E8%B6%85%E9%A9%9A%E4%BA%BA%EF%BD%9C+%E6%94%AF%E6%8F%B4Sub6%E8%88%87mmWAVE+%E6%AF%AB%E7%B1%B3%E6%B3%A2+%E7%9A%84%E5%84%AA%E7%BC%BA%E9%BB%9E%E5%88%86%E6%9E%90-aLeko3
https://www.vghtpe.gov.tw/Fpage.action?muid=1728&fid=1325
https://www.feds.com.tw/tw/Investment/Earnings
https://udn.com/news/cate/2/6645?list_ch2_index
https://t.co/UMFqTh8yKP
https://www.mirrormedia.mg/category/bookreview
https://health.udn.com/health/story/120952/4346121?from=udn-referralnews_ch1004artbottom
https://newtalk.tw/news/tag/%E4%B8%80%E5%80%8B%E4%B8%AD%E5%9C%8B
http://www.unitas.me/?variant=zh-hans
https://web.archive.org/web/20190427032331/https://www.cna.com.tw/news/aloc/201610260373.aspx
https://www.ctwant.com/category/國際
https://www.youtube.com/watch?v=4tAC3LjqZzk&amp;list=PLCCSUStC_FqTbpp3TyEd-aM7St4_O4GjL
https://www.cna.com.tw/news/aipl/201912010173.aspx
https://www.facebook.com/dialog/share?app_id=138082903693496&display=popup&href=https://www.udnfunlife.com/news.php?i=401&redirect_uri=https://www.udnfunlife.com/
https://newtalk.tw/news/tag/%E5%90%B3%E6%95%A6%E7%BE%A9
https://www.ettoday.net/news/20200401/1681166.htm?from=pctaglist 
https://boba.ettoday.net/video/234/394/83084
https://events.ettoday.net/activity/dalemon_readbeanQQ/article/23232/last
https://pgw.udn.com.tw/gw/photo.php?u=https://uc.udn.com.tw/photo/2020/03/07/1/7565747.jpg&x=0&y=0&sw=0&sh=0&sl=W&fw=1050
https://www.hpa.gov.tw/Pages/Detail.aspx?nodeid=613&pid=1118
https://udncollege.udn.com/%e5%a5%bd%e8%ae%80vip%e7%8f%ad%e7%b4%9a%e5%9c%98%e8%b3%bc/
http://line.naver.jp/R/msg/text/?臺灣原創圖像IP設計力蓬勃，接軌東南亞授權市場%0D%0Ahttp://ulicensing.udnfunlife.com/news.php?i=50
https://twitter.com/
https://feedburner.google.com/fb/a/tos?gsessionid=7Nl6AIhXFLoMY-ird6nJ1SmBomxMY7Dz
https://wd.vghtpe.gov.tw/ADM/Fpage.action?muid=11584&amp;fid=10852
https://zh.wikipedia.org/w/index.php?title=%E9%83%AD%E5%8F%B0%E9%8A%98&amp;action=edit
https://today.line.me/tw/pc/article/%E7%BE%8E%E5%9C%8B%E4%BD%8E%E9%9F%B3%E7%8C%9B%E7%8D%B8%EF%BC%81Monster+Clarity+102+AirLinks+%E7%9C%9F%E7%84%A1%E7%B7%9A%E8%97%8D%E7%89%99%E8%80%B3%E6%A9%9F-RXe0EM
https://www.vghtpe.gov.tw/Fpage.action?muid=1803&fid=1347
https://www.feds.com.tw/tw/Search/Keyword?SearchType=firstword&amp;Keyword=P
https://udn.com/news/story/7003/4358797?from=udn-referralnews_ch1004artbottom
http://t.co/DbjnE9MBgg
https://www.mirrormedia.mg/story/20200413inv010
https://mobile.udn.com/list/iphone.shtml
https://newtalk.tw/news/tag/%E9%99%B3%E7%8E%89%E7%8F%8D
http://www.unitas.me/?cat=750
https://web.archive.org/web/20190505023257/https://news.ltn.com.tw/news/politics/breakingnews/2762119
https://www.ctwant.com/
https://www.youtube.com/watch?v=-C45Irl3jrc
http://www.cna.com.tw/news/aspt/201408280463-1.aspx
http://www.facebook.com/sharer.php?u=https://sports.ettoday.net/news/1691242?from=fb_share_web
https://newtalk.tw/news/view/2020-04-15/391579
https://www.ettoday.net/news/20200415/1692439.htm
https://boba.ettoday.net/videonews/209976
https://events.ettoday.net/activity/dalemon_work/article/23422/last
https://pgw.udn.com.tw/gw/photo.php?u=https://uc.udn.com.tw/photo/2019/01/25/draft/5845079.jpg&amp;x=0&amp;y=0&amp;sw=0&amp;sh=0&amp;exp=3600
https://www.hpa.gov.tw/../Pages/List.aspx?nodeid=75
https://udncollege.udn.com/category/collection/
http://line.naver.jp/R/msg/text/?二搞創意無限公司 復古臺灣街景變身成為悠遊卡%0D%0Ahttp://ulicensing.udnfunlife.com/project.php?i=55
https://twitter.com/_AfricanUnion
https://feedburner.google.com/fb/a/tos?gsessionid=v2v1t6bzg5iaQPNBNskW71dj6VmOB4ks
http://wd.vghtpe.gov.tw/vghtpe/files/%E8%B6%85%E8%B6%8A%E9%A1%9B%E5%B3%B0%E7%B4%80%E4%BA%8B.pdf
https://zh.wikipedia.org/wiki/%E5%8A%89%E9%8A%93%E5%BF%A0
https://social-plugins.line.me/lineit/share?url=https://theme.udn.com/theme/story/6774/4356875?utm_source=themelineweb%26utm_medium=share
http://www.vghtpe.gov.tw/vghtpe/files/PDF/thank/105%E5%B9%B44%E6%9C%88%E6%84%9F%E8%AC%9D%E5%87%BD.pdf
https://www.feds.com.tw/tw/Edm/List?EdmMallId=55
https://udn.com/news/story/121016/4392182?from=udn-referralnews_ch1004artbottom
https://t.co/WlTgO2PDOZ
https://www.mirrormedia.mg/category/comic
https://story.udn.com/StoreBook.do?id=184797
https://newtalk.tw/news/tag/%E6%96%B0%E8%81%9E
http://www.unitas.me/?p=13854
https://web.archive.org/web/20111110060628/http://www.imf.org/external/pubs/ft/weo/2009/01/weodata/weorept.aspx?sy=2008&amp;ey=2008&amp;scsm=1&amp;ssd=1&amp;sort=country&amp;ds=.&amp;br=1&amp;pr1.x=58&amp;pr1.y=5&amp;c=512%2C941%2C914%2C446%2C612%2C666%2C614%2C668%2C311%2C672%2C213%2C946%2C911%2C137%2C193%2C962%2C122%2C674%2C912%2C676%2C313%2C548%2C419%2C556%2C513%2C678%2C316%2C181%2C913%2C682%2C124%2C684%2C339%2C273%2C638%2C921%2C514%2C948%2C218%2C943%2C963%2C686%2C616%2C688%2C223%2C518%2C516%2C728%2C918%2C558%2C748%2C138%2C618%2C196%2C522%2C278%2C622%2C692%2C156%2C694%2C624%2C142%2C626%2C449%2C628%2C564%2C228%2C283%2C924%2C853%2C233%2C288%2C632%2C293%2C636%2C566%2C634%2C964%2C238%2C182%2C662%2C453%2C960%2C968%2C423%2C922%2C935%2C714%2C128%2C862%2C611%2C716%2C321%2C456%2C243%2C722%2C248%2C942%2C469%2C718%2C253%2C724%2C642%2C576%2C643%2C936%2C939%2C961%2C644%2C813%2C819%2C199%2C172%2C184%2C132%2C524%2C646%2C361%2C648%2C362%2C915%2C364%2C134%2C732%2C652%2C366%2C174%2C734%2C328%2C144%2C258%2C146%2C656%2C463%2C654%2C528%2C336%2C923%2C263%2C738%2C268%2C578%2C532%2C537%2C944%2C742%2C176%2C866%2C534%2C369%2C536%2C744%2C429%2C186%2C433%2C925%2C178%2C746%2C436%2C926%2C136%2C466%2C343%2C112%2C158%2C111%2C439%2C298%2C916%2C927%2C664%2C846%2C826%2C299%2C542%2C582%2C443%2C474%2C917%2C754%2C544%2C698&amp;s=NGDPDPC&amp;grp=0&amp;a=
https://www.ctwant.com/article/46151
http://chart.apis.google.com/chart?cht=qr&choe=UTF-8&chs=300x300&chl=https://www.ettoday.net/news/20200220/1649862.htm
https://www.cna.com.tw/news/aipl/201905060230.aspx
http://www.facebook.com/sharer.php?u=https://sports.ettoday.net/news/1692252?from=fb_share_web
https://newtalk.tw/news/view/2020-04-15/391695
http://www.ettoday.net/news/news-list-2015-10-14-0.htm
https://boba.ettoday.net/videonews/209988
https://events.ettoday.net/activity/dalemon_horror/article/24693/last
https://pgw.udn.com.tw/gw/photo.php?u=https://uc.udn.com.tw/photo/2020/02/17/1/7479819.jpg&s=Y&x=0&y=68&sw=1279&sh=865&sl=W&fw=1050
https://www.hpa.gov.tw/Pages/List.aspx?nodeid=4066
https://udncollege.udn.com/category/camp/learningcamp/
http://line.naver.jp/R/msg/text/?DMA發布「2020台灣行銷趨勢觀察」－七大數位行銷關鍵議題%0D%0Ahttps://www.ettoday.net/news/20200331/1679733.htm
https://twitter.com/hashtag/CORONA?src=hash
https://feedburner.google.com/fb/a/home?gsessionid=w0p5dJzFRsXaVJMj_EQDTGagQFlKxeb3
http://wd.vghtpe.gov.tw/dep5/Fpage.action?muid=4&amp;fid=2230
https://zh.wikipedia.org/wiki/%E7%89%99%E9%A6%99%E6%A8%B9
https://lineit.line.me/share/ui?url=https://newtalk.tw/news/view/2020-04-16/392262
https://www.vghtpe.gov.tw/Fpage.action?muid=12088
https://www.feds.com.tw/tw/Search/Keyword?SearchType=firstword&amp;Keyword=J
https://udn.com/news/story/6656/3283991
https://t.co/UQLqkkDxnE
https://www.mirrormedia.mg/story/20190624inv002/
https://mobile.udn.com/edn/
https://newtalk.tw/news/tag/%E9%80%A3%E7%BD%B2%E4%BF%A1
http://www.unitas.me/?cat=193
https://web.archive.org/web/20200303134114/http://threephoenixes.pixnet.net/blog/post/311846405
https://www.ctwant.com/category/漂亮
http://chart.apis.google.com/chart?cht=qr&choe=UTF-8&chs=300x300&chl=https://www.ettoday.net/news/20200401/1681968.htm
http://www.cna.com.tw/news/aspt/201508140257-1.aspx
https://www.facebook.com/myudn
https://newtalk.tw/videos/5
http://www.ettoday.net/news/news-list-2019-02-22-0.htm
https://fashion.ettoday.net/feature/432/2
https://events.ettoday.net/activity/singapore2018upload/article/22714/last
https://pgw.udn.com.tw/gw/photo.php?u=https://uc.udn.com.tw/photo/2020/02/18/1/7484801.jpg&x=0&y=0&sw=0&sh=0&sl=W&fw=1050
https://www.hpa.gov.tw/Pages/List.aspx?nodeid=1451
https://udncollege.udn.com/4183/
http://line.naver.jp/R/msg/text/?專訪小黃間插畫家Barry 熊抱生活的美好%0D%0Ahttp://ulicensing.udnfunlife.com/news.php?i=26
https://twitter.com/pahowho
https://goo.gl/maps/xpQatcTnn6o
http://wd.vghtpe.gov.tw/vghpsy/Fpage.action?muid=8
https://zh.wikipedia.org/wiki/%E8%90%AC%E5%9C%8B%E9%83%B5%E6%94%BF%E8%81%AF%E7%9B%9F
https://social-plugins.line.me/lineit/share?url=https://theme.udn.com/theme/story/6774/4373982?utm_source=themelineweb%26utm_medium=share
https://www.vghtpe.gov.tw/Fpage.action?muid=1733&fid=1332
http://www.feds.com.tw/online_events/fedsappdownload.asp 
https://udn.com/news/story/7934/4415973?from=udn-referralnews_ch1004artbottom
https://t.co/FWiRN2fqLu
https://www.mirrormedia.mg/tag/59b7c7a65ddfab0e00d5b50d
https://story.udn.com/dcstore/Index.do
https://newtalk.tw/news/author/%E9%96%BB%E8%8A%9D%E9%9C%96
http://www.unitas.me/?p=9880
https://web.archive.org/web/20120219150815/http://www.china.com.cn/info/2012-02/17/content_24657712.htm
https://www.ctwant.com/search?q=%E6%96%B0%E5%86%A0%E8%82%BA%E7%82%8E
https://www.youtube.com/watch?v=EkKjBy-BuTM
http://www.cna.com.tw/news/firstnews/201606055014-1.aspx
https://www.facebook.com/sharer/sharer.php?u=https%3A%2F%2Fwww.ettoday.net%2Fdalemon%2Fpost%2F49068&amp;src=sdkpreparse
https://newtalk.tw/news/view/2020-04-15/391664
http://www.ettoday.net/news/news-list-2020-03-06-0.htm
https://sports.ettoday.net/news-search.phtml?keywords=大聯盟&idx=1&kind=10&page=7
https://events.ettoday.net/activity/dalemon_inlove/article/23845/last
https://pgw.udn.com.tw/gw/photo.php?u=https://uc.udn.com.tw/photo/2019/01/25/draft/5845083.jpg&amp;x=0&amp;y=0&amp;sw=0&amp;sh=0&amp;exp=3600
https://www.hpa.gov.tw/Pages/List.aspx?nodeid=832
https://udncollege.udn.com/category/competition/
http://line.naver.jp/R/msg/text/?午後咖啡廳%0D%0Ahttps://events.ettoday.net/activity/dalemon_Shitpost/article/26488
https://twitter.com/hashtag/HealthForAll?src=hash
https://play.google.com/store/apps/details?id=xsmart4.xwisdom
https://wd.vghtpe.gov.tw/msopd/
https://zh.wikipedia.org/wiki/%E8%97%8F%E8%A3%94%E7%BE%8E%E5%9B%BD%E4%BA%BA
https://social-plugins.line.me/lineit/share?url=https://theme.udn.com/theme/story/6774/4378333?utm_source=themelineweb%26utm_medium=share
https://www.vghtpe.gov.tw/vghtpe/files/PDF/thank/108年7月感謝函.pdf
https://www.feds.com.tw/tw/CardEvent/HappyGoCard
https://udn.com/news/story/7327/3376864
https://t.co/OKTI6rJRMg
https://www.mirrormedia.mg/story/20180918inv007/
https://story.udn.com/StoreBook.do?id=184139
https://newtalk.tw/news/author/%E5%94%90%E5%BE%A9%E5%B9%B4
http://www.unitas.me/?cat=227
https://web.archive.org/web/20180924145825/https://www.hakka-associations.ntpc.gov.tw/files/15-1002-2039,c121-1.php
https://www.ctwant.com/category/社會/直擊
https://www.youtube.com/watch?v=qd467CwO290
https://www.cna.com.tw/news/firstnews/201910060182.aspx
https://www.facebook.com/mohw.gov.tw/
https://newtalk.tw/news/tag/%E9%9A%B1%E5%8C%BF%E7%96%AB%E6%83%85
https://forum.ettoday.net/column/news/薛承泰
https://boba.ettoday.net/sub_category/233/133
https://events.ettoday.net/activity/dalemon_Yummy/article/23933
https://pgw.udn.com.tw/gw/photo.php?u=https://uc.udn.com.tw/photo/2020/02/27/1/7527911.png&x=0&y=0&sw=0&sh=0&sl=W&fw=1050
https://www.hpa.gov.tw/Video/RecommendVideo.aspx?nodeid=848&vid=528
https://udncollege.udn.com/%e3%80%8c%e7%92%b0%e5%a2%83%e6%b0%b8%e7%ba%8c%e5%80%a1%e8%ad%b0%e5%ae%b6%e3%80%8d%e6%a8%82%e5%ad%b8%e7%9b%83%e4%bd%9c%e5%93%81/
http://line.naver.jp/R/msg/text/?二搞創意插畫，帶您感受一杯茶的迪化半日時光！%0D%0Ahttp://ulicensing.udnfunlife.com/news.php?i=44
https://twitter.com/kathygriffin
https://feedburner.google.com/fb/a/home?gsessionid=ptxW3RKkUhQhw0oP1vF_4TnWO0SgOf9T
http://wd.vghtpe.gov.tw/NS/Fpage.action?muid=3557&amp;fid=2764
https://zh.wikipedia.org/wiki/File:Marx_Engels_Lenin.svg
https://today.line.me/tw/pc/article/%E9%AC%A7%E9%81%8A%E6%88%B2%E8%8D%92%E6%98%AF%E5%9C%A8%E5%93%88%E5%9B%89+%E5%85%89%E6%98%8E%E5%8B%87%E5%A3%AB%E5%B0%AC%E9%9B%BBQ%E7%99%BB%E5%A0%B4-3lqkxv
https://www.vghtpe.gov.tw/Fpage.action?muid=6462&fid=6814
https://www.feds.com.tw/tw/1/Shop/Detail/16427
https://udn.com/ctba
https://t.co/yuOZrhAqaa
https://www.mirrormedia.mg/tag/58451f5354f6e20e000b2e97
https://story.udn.com/StoreBook.do?id=148176
https://newtalk.tw/news/view/2020-04-16/392204
http://www.unitas.me/?cat=38
https://web.archive.org/web/20180718234602/http://www.cna.com.tw/news/firstnews/201807015003-1.aspx
https://www.ctwant.com/article/46162
https://www.youtube.com/channel/UCkm65G7fPuBHeYsWstyNmZQ
https://www.cna.com.tw/news/firstnews/201909120265.aspx
https://www.facebook.com/sharer.php?u=https://forum.ettoday.net/column/news/鍾文榮
https://newtalk.tw/news/view/2020-04-16/392244
https://www.ettoday.net/news/20200103/1611000.htm?from=pctaglist 
https://boba.ettoday.net/video/229/565/190308
https://events.ettoday.net/activity/dalemon_readbeanQQ/article/23213/last
https://pgw.udn.com.tw/gw/photo.php?u=https://uc.udn.com.tw/photo/2020/02/24/1/7513129.jpg&x=0&y=0&sw=0&sh=0&sl=W&fw=1050
https://www.hpa.gov.tw/../Epaper/ListOrder.aspx?nodeid=83
https://udncollege.udn.com/3963/
http://line.naver.jp/R/msg/text/?遇見洛陽的老師，讓我懂台灣的好%0D%0Ahttps://events.ettoday.net/activity/dalemon_Shitpost/article/26122
https://twitter.com/DrMikeRyan
https://drive.google.com/drive/folders/1070Umq0A9yRZy5RMW3aIfY6xC2lfLSfc
http://wd.vghtpe.gov.tw/tsc/
https://zh.wikipedia.org/zh-hk/%E6%88%B4%E8%B3%87%E7%A9%8E
https://social-plugins.line.me/lineit/share?url=https://theme.udn.com/theme/story/6774/4353824?utm_source=themelinemobile%26utm_medium=share%26f=lineshare
https://www.vghtpe.gov.tw/Fpage.action?muid=1513&fid=1380
https://www.feds.com.tw/tw/About/RelatedLink
https://udn.com/topic/index
https://t.co/linFa8kbN9
https://www.mirrormedia.mg/category/car_features
https://theme.udn.com/theme/story/11963/4052596
https://newtalk.tw/news/tag/%E9%99%A2%E5%85%A7%E6%84%9F%E6%9F%93
http://www.unitas.me/?cat=6
https://web.archive.org/web/20190117231044/https://www.cna.com.tw/news/aloc/201812090190.aspx
https://www.ctwant.com/category/國際/最新
https://www.youtube.com/watch?v=EAoNUkzEAx8&amp;list=PLCCSUStC_FqT_vGtqg2Wx3FTxVpSFaM6R
https://www.cna.com.tw/news/firstnews/202001190018.aspx?fbclid=IwAR2IfJ0Z7ynwZWfe4yOwWL8ZRqS7dvMYaUwl-FP3D4D1_UEHLm3NaW8LZfs
https://www.facebook.com/dialog/share?app_id=1996449477296165&display=popup&href=http://ulicensing.udnfunlife.com/news.php?i=69&redirect_uri=http://ulicensing.udnfunlife.com/
https://newtalk.tw/news/view/2020-04-16/392203
https://www.ettoday.net/news/20200416/1692633.htm?from=feature
https://boba.ettoday.net/video/274/561/127640
https://events.ettoday.net/activity/dalemon_Shitpost/article/23285/last
https://pgw.udn.com.tw/gw/photo.php?u=https://uc.udn.com.tw/photo/2020/03/14/6/7594920.jpg&x=0&y=0&sw=0&sh=0&sl=W&fw=1050
https://www.hpa.gov.tw/Pages/Detail.aspx?nodeid=4141&pid=12271
https://udncollege.udn.com/4174/
http://line.naver.jp/R/msg/text/?「1泊2食2人4,888元」爽吃凱菲屋buffet！君悅酒店30年來首推3大優惠%0D%0Ahttps://travel.ettoday.net/article/1692794.htm
https://twitter.com/?lang=he
https://feedburner.google.com/fb/a/tos?gsessionid=w0p5dJzFRsXaVJMj_EQDTGagQFlKxeb3
http://wd.vghtpe.gov.tw/tto/Fpage.action?muid=7896&fid=8104
https://zh.wikipedia.org/w/index.php?title=Wikipedia:%E8%99%95%E7%90%86%E9%81%8E%E5%89%A9%E5%85%A7%E5%AE%B9&amp;action=edit&amp;redlink=1
https://today.line.me/tw/pc/article/%E5%81%87%E6%97%A5%E4%B8%8D%E8%A6%81%E4%B8%80%E7%9B%B4%E5%AE%85%E5%9C%A8%E5%AE%B6%EF%BC%81%E6%96%B0%E5%8C%97%E5%A4%A7%E9%83%BD%E6%9C%83%E5%85%AC%E5%9C%92%E9%99%90%E5%AE%9A%E8%8A%B1%E6%B5%B7%E9%96%8B%E8%B7%91%EF%BC%8C7%E7%B1%B3%E9%AB%98%E3%80%8C%E7%80%91%E5%B8%83%E6%BB%91%E8%8D%89%E5%A0%B4%E3%80%8D%E5%85%8D%E8%B2%BB%E8%AE%93%E4%BD%A0%E7%99%BD%E5%A4%A9%E6%BB%91%E5%88%B0%E5%A4%A9%E9%BB%91-QJQxPz
https://www.vghtpe.gov.tw/Sitemap.action
https://www.feds.com.tw/tw/Search/Keyword?SearchType=firstword&amp;Keyword=I
https://udn.com/news/story/7266/4495540?list_ch2_index
https://t.co/q9cLp4DjWY
https://www.mirrormedia.mg/story/20161022inv001/
https://story.udn.com/StoreBook.do?id=177345
https://newtalk.tw/videos/7
http://www.unitas.me/?author=338
https://web.archive.org/web/20190912210603/https://www.hk01.com/%E7%AA%81%E7%99%BC/339619/%E9%80%83%E7%8A%AF%E6%A2%9D%E4%BE%8B-%E5%A4%8F%E6%85%A4%E9%81%93%E6%8C%81%E7%BA%8C%E6%9B%B4%E6%96%B0-%E7%A4%BA%E5%A8%81%E8%80%85%E4%BB%A5%E7%AB%B9%E6%90%AD%E9%98%B2%E7%B7%9A-%E8%AD%A6%E9%87%91%E9%90%98%E9%81%93%E8%88%89%E9%BB%91%E6%97%97
https://www.ctwant.com/category/政治
https://www.youtube.com/watch?v=PMjgGjuRTIg&amp;t=0h0m0s
https://www.cna.com.tw/news/firstnews/201909270284.aspx
https://www.facebook.com/stevechung413/
https://newtalk.tw/news/tag/%E4%B8%96%E7%95%8C%E8%A1%9B%E7%94%9F%E7%B5%84%E7%B9%94
https://www.ettoday.net/news/tag/2輪/
https://boba.ettoday.net/video_tag/易烊千璽
https://events.ettoday.net/activity/dalemon_horror/article/25222/last
https://pgw.udn.com.tw/gw/photo.php?u=https://uc.udn.com.tw/photo/2020/03/28/6/7657694.jpg&x=0&y=0&sw=0&sh=0&sl=W&fw=1050
https://www.hpa.gov.tw/Pages/List.aspx?nodeid=1498
https://udncollege.udn.com/4004/
http://line.naver.jp/R/msg/text/?果子幸福料理！！用可愛造型征服大人童心~%0D%0Ahttps://events.ettoday.net/activity/dalemon_Yummy/article/32074
https://twitter.com/hashtag/Hydroxychloroquine?src=hash
https://feedburner.google.com/fb/a/tos?gsessionid=71xEGqBtf6n2wPUtseExox2IN9AMa56c
https://wd.vghtpe.gov.tw/GERM/
https://zh.wikipedia.org/wiki/%E4%B8%AD%E5%A4%AE%E5%86%9B%E5%A7%94%E4%B8%BB%E5%B8%AD%E5%8A%9E%E5%85%AC%E5%AE%A4
https://today.line.me/tw/pc/article/%E9%80%9B%E5%85%A8%E8%81%AF%E8%88%88%E5%A5%AE%E6%8B%86%E8%B4%88%E5%93%81%EF%BC%81%E4%B8%80%E5%9B%9E%E7%A5%9E%E3%80%8C%E5%B4%A9%E6%BD%B0%E6%99%AF%E8%B1%A1%E3%80%8D%E5%85%A8%E7%AC%91%E6%AD%AA%EF%BC%9A%E5%88%B0%E5%BA%95%E5%A4%9A%E5%97%A8-nOmKLD
http://www.vghtpe.gov.tw/vghtpe/files/PDF/thank/105%E5%B9%B42%E6%9C%88%E6%84%9F%E8%AC%9D%E5%87%BD.pdf
https://www.feds.com.tw/tw/Search/Keyword?SearchType=firstword&amp;Keyword=T
https://udn.com/search/tagging/2/%E6%9D%B1%E4%BA%AC
https://t.co/fTrfd7Mf5q
https://www.mirrormedia.mg/section/topic
https://opinion.udn.com/opinion/story/11373/2668659?from=udn-referralnews_ch1008artbottom
https://newtalk.tw/news/category/1/%E6%94%BF%E6%B2%BB%E7%B6%93%E6%BF%9F
http://www.unitas.me/?cat=767
https://web.archive.org/web/20190616162546/https://www.hk01.com/%E5%8F%B0%E7%81%A3%E6%96%B0%E8%81%9E/339919/%E9%80%83%E7%8A%AF%E6%A2%9D%E4%BE%8B-%E9%9F%93%E5%9C%8B%E7%91%9Cfb%E4%B8%80%E6%97%A5%E5%85%A9%E7%99%BC%E6%96%87-%E5%91%BC%E7%B1%B2%E6%B8%AF%E5%BA%9C%E6%9A%AB%E7%B7%A9%E7%AB%8B%E6%B3%95%E7%A8%8B%E5%BA%8F
https://www.ctwant.com/article/44328?utm_source=ettoday&amp;utm_medium=rss&amp;utm_campaign=44352
https://www.youtube.com/watch?v=TtBmUvck8tk
https://www.cna.com.tw/news/ahel/201912190162.aspx
https://www.facebook.com/sharer/sharer.php?u=https%3A%2F%2Fwww.ettoday.net%2Fdalemon%2Fpost%2F47321&amp;src=sdkpreparse
https://newtalk.tw/news/tag/%E5%B0%B1%E5%AD%B8
https://www.ettoday.net/news/tag/少棒/
https://fashion.ettoday.net/news/1685892
https://events.ettoday.net/activity/dalemon_inlove/article/23815
https://pgw.udn.com.tw/gw/photo.php?u=https://uc.udn.com.tw/photo/2018/06/28/draft/4927624.jpg&amp;x=0&amp;y=0&amp;sw=0&amp;sh=0&amp;sl=W&amp;fw=1050&amp;exp=3600
https://www.hpa.gov.tw/../Pages/List.aspx?nodeid=76
https://udncollege.udn.com/4017/
http://line.naver.jp/R/msg/text/?〈始終懷有責任心的男人〉%0D%0Ahttps://events.ettoday.net/activity/dalemon_horror/article/25690
https://twitter.com/RT_com/status/1250604827136024577
https://feedburner.google.com/fb/a/tos?gsessionid=ZBJakx2gi7jj7VRkiUVfEuKQktVFOxuE
http://wd.vghtpe.gov.tw/crs/Fpage.action?muid=8
https://zh.wikipedia.org/wiki/%E6%B5%B7%E5%8D%97%E7%9C%81
https://today.line.me/tw/pc/article/%E3%80%90%E5%85%A8%E5%9C%8B%E5%B0%91%E6%A3%92%E9%8C%A6%E6%A8%99%E8%B3%BD%E7%9B%B4%E6%92%AD%E3%80%91%E9%AB%98%E9%9B%84%E5%B8%82+vs+%E5%8D%97%E6%8A%95%E7%B8%A3%EF%BC%88%E5%86%A0%E8%BB%8D%E8%B3%BD%EF%BC%89-Bl87gw
https://www.vghtpe.gov.tw/Fpage.action?muid=6461&fid=6811
https://www.feds.com.tw/tw/About/FAQ
https://udn.com/news/story/7270/4438773?from=udn-referralnews_ch1004artbottom
https://t.co/g1N5CvGeB9
https://www.mirrormedia.mg/tag/5a6ece90d9981f0d003689c0
https://story.udn.com/StoreBook.do?id=184800
https://newtalk.tw/news/view/2020-04-14/391344
http://www.unitas.me/?p=14037
https://web.archive.org/web/2016-06-24/http://www.statistics.gov.hk/pub/B6XX00032001AN01C0100.pdf
https://www.ctwant.com/search?q=%E5%A5%B3%E6%95%99%E5%B8%AB
https://www.youtube.com/watch?v=JhMwkko6ZKc&amp;list=PLr8iY2AvgOL2XDKsLa94EBzttqaPNx4lL&amp;index=26
https://www.cna.com.tw/news/aipl/202001110344.aspx
http://www.facebook.com/2676389442380647
https://newtalk.tw/news/author/%E9%84%AD%E4%BB%B0%E5%93%B2
http://www.ettoday.net/album/category-all-116.htm
https://sports.ettoday.net/news-search.phtml?keywords=NBA&idx=1&kind=10&page=5
https://events.ettoday.net/activity/dalemon_work/article/23764/last
https://pgw.udn.com.tw/gw/photo.php?u=https://uc.udn.com.tw/photo/2020/03/05/1/7552297.jpg&x=0&y=0&sw=0&sh=0&sl=W&fw=1050
https://www.hpa.gov.tw/Pages/Detail.aspx?nodeid=127&pid=12120
https://udncollege.udn.com/4050/
http://line.naver.jp/R/msg/text/?存錢度假去！熱帶雨林樹屋、火山口溫泉　全球5處紓壓旅遊提案%0D%0Ahttps://travel.ettoday.net/article/1446217.htm
https://twitter.com/antonioguterres/status/1250535214570446849
https://feedburner.google.com/fb/a/home?gsessionid=Bq0qUENzFNQK9UuCYrKjksyiaxIb-sRm
https://wd.vghtpe.gov.tw/regs/Fpage.action?muid=11956&amp;fid=11114
https://zh.wikipedia.org/wiki/%E7%A6%8F%E5%BB%BA
https://today.line.me/TW/pc/main/100485
https://www.vghtpe.gov.tw/vghtpe/files/PDF/thank/107年9月感謝函.pdf
https://www.feds.com.tw/tw/About/Map
https://udn.com/news/story/7314/4357074?from=udn-referralnews_ch1004artbottom
https://t.co/Kutvmzh75Q
https://www.mirrormedia.mg/tag/5d70d616486faa3919afbcc9
http://mobile.udn.com/
https://newtalk.tw/news/view/2020-03-30/383687
http://www.unitas.me/?author=17
https://web.archive.org/web/20190428150458/https://theinitium.com/article/20190428-photo-extradition-law-protest/
https://www.ctwant.com/category/財經/專欄
https://www.youtube.com/channel/UCX157UE-NdaUGQJDkQ-XKnw
https://www.cna.com.tw/news/firstnews/201910155005.aspx
https://www.facebook.com/folklore.tw/
https://newtalk.tw/news/tag/%E6%9E%97%E6%B0%B8%E6%A8%82
http://www.ettoday.net/news/news-list-2015-10-23-0.htm
https://star.ettoday.net/search.phtml?keywords=宥斌
https://events.ettoday.net/activity/dalemon_Shitpost/article/23296/last
https://pgw.udn.com.tw/gw/photo.php?u=https://uc.udn.com.tw/photo/2020/02/24/1/7513133.jpg&x=0&y=0&sw=0&sh=0&sl=W&fw=1050
https://www.hpa.gov.tw/Search/GoogleSearch.aspx?queryString=%e7%b3%96%e5%b0%bf%e7%97%85
https://udncollege.udn.com/4180/
http://line.naver.jp/R/msg/text/? FRESH TAIWAN 徵展出擊上海國際品牌授權展暨日本授權展，首次增額補助「品牌經紀人」參展！%0D%0Ahttp://ulicensing.udnfunlife.com/news.php?i=35
https://twitter.com/?lang=en-gb
https://feedburner.google.com/fb/a/home?gsessionid=JnOdqjVS8_LETBCoQQkHADBSuFxtmPUw
https://wd.vghtpe.gov.tw/ts/Fpage.action?muid=4&amp;fid=11055
https://zh.wikipedia.org/wiki/%E9%A0%90%E5%AE%98
https://today.line.me/tw/pc/article/%E5%96%B5%E7%9A%87%E7%9A%84%E9%A4%8A%E5%BF%83%E6%AE%BF%EF%BC%8C%E6%96%B0%E6%89%8B%E5%A5%B4%E6%89%8D%E6%94%BB%E7%95%A5%EF%BD%9C%E5%B0%88%E6%A5%AD%E7%8D%B8%E9%86%AB%E5%B8%AB%E2%80%94%E7%8E%8B%E5%96%84%E7%BE%A4%E9%86%AB%E5%B8%AB-jXN3Mz
https://www.vghtpe.gov.tw/Fpage.action?muid=2&fid=7792
https://www.feds.com.tw/tw/Search/Keyword?SearchType=firstword&amp;Keyword=Q
https://udn.com/search/tagging/2/%E8%A1%8C%E6%9D%8E
https://t.co/itWkCmmvxB
https://www.mirrormedia.mg/section/international
https://opinion.udn.com/upt_link
https://newtalk.tw/news/view/2018-09-13/139340
http://www.unitas.me/?author=345
https://web.archive.org/web/20200303143232/https://www.nownews.com/news/20200211/3929855/
https://www.ctwant.com/category/政治/評論
https://www.youtube.com/channel/UCr-zC57bR8H-IVzfho39zTw/about?disable_polymer=1
https://www.cna.com.tw/news/firstnews/202001165003.aspx
http://www.facebook.com/434842647376351
https://newtalk.tw/news/tag/%E6%A1%83%E5%9C%92%E6%A9%9F%E5%A0%B4
http://www.ettoday.net/news/news-list-2018-10-10-0.htm
https://boba.ettoday.net/video/229/728/210101
https://events.ettoday.net/activity/singapore2018upload/article/22649/last
https://pgw.udn.com.tw/gw/photo.php?u=https://uc.udn.com.tw/photo/2018/03/07/draft/4551326.jpg&amp;x=0&amp;y=0&amp;sw=0&amp;sh=0&amp;sl=W&amp;fw=1050&amp;exp=3600
https://www.hpa.gov.tw/Pages/List.aspx?nodeid=128
https://udncollege.udn.com/category/goodreads/commissioner/
http://line.naver.jp/R/msg/text/?天蠍做事最放心%0D%0Ahttps://events.ettoday.net/activity/dalemon_Star/article/25582
https://twitter.com/juliap1313
https://feedburner.google.com/fb/a/home?gsessionid=DcL2uIo2Ymvx-OnYNVVqDSvgjkrfZHE_
https://zh.wikipedia.org/wiki/%E9%A6%99%E6%B8%AF%E5%BE%8B%E5%B8%AB%E6%9C%83
https://today.line.me/tw/pc/article/%E5%A5%B3%E5%AD%A9%E5%BF%AB%E9%80%83%E5%95%8A%EF%BC%81%E6%81%90%E6%80%96%E6%83%85%E4%BA%BA%E9%80%BC%E5%8C%96%E5%A6%9D+%E7%B6%B2%E5%8F%8B%E5%A4%A7%E5%8B%B8%E5%88%86%E6%89%8B-9l87xg
https://www.vghtpe.gov.tw/Fpage.action?muid=12747&fid=11813
https://www.feds.com.tw/cn/Common/ChangeLanguage?ReturnUrl=http%3A%2F%2Fwww.feds.com.tw%2F
https://udn.com/news/story/10958/3432570
https://t.co/cPwVv77JYI
https://www.mirrormedia.mg/story/20200414ent019/
https://fund.udn.com/fund/index?familybar_hide
https://newtalk.tw/news/view/2020-04-14/391258
http://www.unitas.me/?cat=4
https://web.archive.org/web/20120113043244/http://www1.hk.apple.nextmedia.com/template/apple/art_main.php?iss_id=20090604&amp;sec_id=4104&amp;art_id=12838035
https://www.ctwant.com/category/社會/時事
https://www.youtube.com/watch?v=bRhjFOpQbKE
http://www.cna.com.tw/news/firstnews/201710020188-1.aspx
https://www.facebook.com/sharer/sharer.php?u=http%3A%2F%2Fwww.ettoday.net%2Fdalemon%2Fpost%2F37746&amp;src=sdkpreparse
https://newtalk.tw/news/tag/%E5%85%92%E7%AB%A5%E5%88%86%E7%B4%9A
https://www.ettoday.net/feature/2020%E4%B8%96%E7%95%8C%E6%96%B0%E8%BB%8A%E5%A4%A7%E5%B1%95
https://boba.ettoday.net/videonews/209208
https://events.ettoday.net/activity/singapore2018upload/article/22767/last
https://pgw.udn.com.tw/gw/photo.php?u=https://uc.udn.com.tw/photo/2020/02/27/1/7523297.jpg&x=0&y=0&sw=0&sh=0&sl=W&fw=1050
https://www.hpa.gov.tw/Pages/List.aspx?nodeid=39
https://udncollege.udn.com/category/topic/math/
http://line.naver.jp/R/msg/text/?澳式美味無懈可擊!!特色必吃的 EGGY什麼是蛋澳式早午餐!!%0D%0Ahttps://events.ettoday.net/activity/dalemon_Yummy/article/32073
https://twitter.com/hashtag/pandemic?src=hash
https://feedburner.google.com/fb/a/tos?gsessionid=Bq0qUENzFNQK9UuCYrKjksyiaxIb-sRm
https://zh.wikipedia.org/wiki/File:Protesters_stay_at_St._John%27s_Building_20190626.jpg
https://lineit.line.me/share/ui?url=https://newtalk.tw/news/view/2020-04-16/392256
https://www.vghtpe.gov.tw/../pdf/comm.pdf
https://www.feds.com.tw/tw/Shop/Detail/4761?utm_source=home&amp;utm_medium=cover_carousel
https://udn.com/news/story/120940/4365167?from=udn-referralnews_ch1004artbottom
https://t.co/s2csLftYbu
https://www.mirrormedia.mg/tag/584005de54f6e20e000b2b07
https://opinion.udn.com/opinion/story/11373/3637226
https://newtalk.tw/news/tag/%E5%9C%8B%E9%9A%9B
http://www.unitas.me/?page_id=15
https://web.archive.org/web/20181125070854/https://tw.appledaily.com/new/realtime/20181114/1466640/
https://www.ctwant.com/category/社會
https://www.youtube.com/watch?v=oGPajxdoyNA&amp;list=PLr8iY2AvgOL2q6wVDpq0JkwF48afm7Z3b&amp;index=13
https://www.cna.com.tw/news/aipl/201907155003.aspx
https://www.facebook.com/dialog/share?app_id=1996449477296165&display=popup&href=http://ulicensing.udnfunlife.com/news.php?i=50&redirect_uri=http://ulicensing.udnfunlife.com/
https://newtalk.tw/news/tag/%E6%AF%8D%E8%A6%AA%E7%AF%80
https://www.ettoday.net/feature/2020%E4%B8%96%E7%95%8C%E6%96%B0%E8%BB%8A%E5%A4%A7%E5%B1%95
https://boba.ettoday.net/videonews/209989
https://events.ettoday.net/activity/dalemon_horror/article/24659/last
https://pgw.udn.com.tw/gw/photo.php?u=https://uc.udn.com.tw/photo/2020/02/22/1/7500191.jpg&x=0&y=0&sw=0&sh=0&sl=W&fw=1050
http://www.hpa.gov.tw/
https://udncollege.udn.com/4122/
http://line.naver.jp/R/msg/text/?肥貓吻吻到色廊展 示範網美漂漂拳！%0D%0Ahttp://ulicensing.udnfunlife.com/news.php?i=18
https://twitter.com/GlobalFund
https://feedburner.google.com/fb/a/tos?gsessionid=ptxW3RKkUhQhw0oP1vF_4TnWO0SgOf9T
