https://zh.wikipedia.org/wiki/%E4%B8%83%E4%BA%94%E5%AE%AA%E6%B3%95
https://social-plugins.line.me/lineit/share?url=https://theme.udn.com/theme/story/6774/4362367?utm_source=themelineweb%26utm_medium=share
https://www.vghtpe.gov.tw/Fpage.action?muid=2955&fid=2105
https://www.feds.com.tw/tw/55/Food/Detail/324
https://udn.com/news/story/7266/4495514?list_ch2_index
https://t.co/macoWKsbm5
https://www.mirrormedia.mg/section/culture
https://story.udn.com/StoreBook.do?id=184635
https://newtalk.tw/news/view/2020-04-15/391583
http://www.unitas.me/?p=13890
https://web.archive.org/web/20101028233619/http://www.basiclaw.gov.hk/text/tc/basiclawtext/chapter_4.html
https://www.ctwant.com/search?q=%E5%8F%A3%E7%BD%A9
https://www.youtube.com/watch?v=RwwHVT8M-xY
https://www.cna.com.tw/news/firstnews/201704305015.aspx
https://www.facebook.com/sharer/sharer.php?u=https%3A%2F%2Fwww.ettoday.net%2Fdalemon%2Fpost%2F48973&amp;src=sdkpreparse
https://newtalk.tw/news/tag/%E5%8F%B0%E7%81%A3%E5%B0%88%E5%AE%B6
https://www.ettoday.net/news/20161119/814046.htm?feature=ufo&tab_id=940
https://fashion.ettoday.net/news/1660468
https://events.ettoday.net/activity/dalemon_horror/article/25856
https://pgw.udn.com.tw/gw/photo.php?u=https://uc.udn.com.tw/photo/2020/02/18/1/7484807.jpg&x=0&y=0&sw=0&sh=0&sl=W&fw=1050
https://www.hpa.gov.tw/Search/GoogleSearch.aspx?queryString=%e9%ab%98%e8%a1%80%e5%a3%93
https://udncollege.udn.com/4076/
http://line.naver.jp/R/msg/text/?雲淡風輕的八年時光%0D%0Ahttps://events.ettoday.net/activity/dalemon_inlove/article/26731
https://twitter.com/?lang=fa
https://feedburner.google.com/fb/a/tos?gsessionid=83g77ZcAFoUNpiRXJVJAjE_5KEaQ9-wa
https://zh.wikipedia.org/wiki/%E4%B8%AD%E8%8F%AF%E6%B0%91%E5%9C%8B%E6%B3%95%E5%8B%99%E9%83%A8
https://today.line.me/tw/pc/article/%E6%88%91%E5%B0%B1%E6%87%B7%E8%88%8A%EF%BC%81LINE%E6%87%B7%E8%88%8A%E9%81%8A%E6%A8%82%E5%9C%92%E9%96%8B%E5%B9%95%EF%BC%8C%E8%B2%B7%E8%B2%BC%E5%9C%96%E9%82%84%E6%8A%BD%E7%B4%85%E7%99%BD%E6%A9%9F%EF%BC%81-RXJM5j
https://www.vghtpe.gov.tw/Fpage.action?muid=1737&fid=1334
https://www.feds.com.tw/en/OverSea
https://udn.com/search/tagging/2/%E9%A6%AC%E4%BE%86%E8%A5%BF%E4%BA%9E
https://t.co/fghwZbwKYc
https://www.mirrormedia.mg/tag/5a55ed88160ac91000294ee2
https://story.udn.com/StoreBook.do?id=176164
https://newtalk.tw/news/view/2020-04-14/391309
http://www.unitas.me/?page_id=153
https://web.archive.org/web/20190215155909/http://www.inmediahk.net/node/1023533
https://www.ctwant.com/category/社會/調查
https://www.youtube.com/watch?v=St0S0WlfZgg&amp;list=PLr8iY2AvgOL2XDKsLa94EBzttqaPNx4lL&amp;index=1
https://www.cna.com.tw/news/firstnews/201909120042.aspx
http://www.facebook.com/515739875875929
https://newtalk.tw/news/view/2020-04-15/392042
https://www.ettoday.net/news/20191226/1609592.htm?feature=大老闆傳奇-尹衍樑&tab_id=13274
https://boba.ettoday.net/video/229/720/209646
https://events.ettoday.net/activity/ghost2018/157/last/2
https://pgw.udn.com.tw/gw/photo.php?u=https://uc.udn.com.tw/photo/2020/03/06/1/7557172.jpg&x=0&y=0&sw=0&sh=0&sl=W&fw=1050
https://www.hpa.gov.tw/Pages/List.aspx?nodeid=877
https://udncollege.udn.com/4020/
http://line.naver.jp/R/msg/text/?Fresh Taiwan台灣原創館 前進亞洲最大授權展！%0D%0Ahttp://ulicensing.udnfunlife.com/news.php?i=14
https://twitter.com/?lang=ru
https://feedburner.google.com/fb/a/home?gsessionid=n_GrgaEMkPU6dJKWvwMdg0BbxB-ebR_4
https://zh.wikipedia.org/wiki/%E5%8F%B0%E7%81%A3%E9%90%B5%E8%B7%AF
https://social-plugins.line.me/lineit/share?url=https://theme.udn.com/theme/story/6774/4399158?utm_source=themelineweb%26utm_medium=share
https://www.vghtpe.gov.tw/Fpage.action?muid=6006&fid=7809
https://www.feds.com.tw/tw/Search/Keyword?SearchType=firstword&amp;Keyword=M
https://udn.com/news/story/7323/4296655?from=udn-referralnews_ch2artbottom
https://t.co/L2A58tFVlk
https://www.mirrormedia.mg/category/world
https://nba.udn.com/nba/story/6780/4493292?list_ch2_indexgold
https://newtalk.tw/news/tag/%E4%B8%96%E8%A1%9B%E7%A7%98%E6%9B%B8%E9%95%B7
http://www.unitas.me/?p=13658
https://web.archive.org/web/20190427030529/https://udn.com/news/story/12674/3586310
https://www.ctwant.com/search?q=%E6%9C%B1%E5%AE%89%E7%A6%B9
https://www.youtube.com/watch?v=aReeNxNhADk
https://www.cna.com.tw/news/firstnews/201912280121.aspx
https://www.facebook.com/dialog/share?app_id=1996449477296165&display=popup&href=http://ulicensing.udnfunlife.com/news.php?i=55&redirect_uri=http://ulicensing.udnfunlife.com/
https://newtalk.tw/news/tag/%E6%AD%A6%E6%BC%A2%E8%82%BA%E7%82%8E
https://www.ettoday.net/news/20200109/1621375.htm?from=pctaglist 
https://boba.ettoday.net/category/234/209997
https://events.ettoday.net/activity/dalemon_horror/article/30290
https://pgw.udn.com.tw/gw/photo.php?u=https://uc.udn.com.tw/photo/2020/03/04/1/7552143.jpg&x=0&y=0&sw=0&sh=0&sl=W&fw=1050
https://www.hpa.gov.tw/../SiteMap/SiteMap.aspx
https://udncollege.udn.com/tag/%e7%87%9f%e9%9a%8a/
http://line.naver.jp/R/msg/text/?過重的至死靡它%0D%0Ahttps://events.ettoday.net/activity/dalemon_inlove/article/26089
https://twitter.com/newtalk_tw/with_replies
https://feedburner.google.com/fb/a/home?gsessionid=Ql3ZYStQeF086Kz_GBxJ7wpYGTD4qngm
https://zh.wikipedia.org/wiki/%E5%9C%8B%E7%AB%8B%E8%87%BA%E7%81%A3%E5%B8%AB%E7%AF%84%E5%A4%A7%E5%AD%B8%E9%99%84%E5%B1%AC%E9%AB%98%E7%B4%9A%E4%B8%AD%E5%AD%B8
https://social-plugins.line.me/lineit/share?url=https://theme.udn.com/theme/story/6774/4383872?utm_source=themelineweb%26utm_medium=share
https://www.vghtpe.gov.tw/Fpage.action?muid=1504&fid=7820
https://www.feds.com.tw/tw/1/Shop/Detail/16580
https://udn.com/news/story/7331/4495675?from=udn_mobile_indexrecommend
https://t.co/TO9RwENepv
https://www.mirrormedia.mg/section/mafalda
https://story.udn.com/StoreBook.do?id=184140
https://newtalk.tw/news/tag/%E5%85%B1%E7%94%A2%E9%BB%A8
http://www.unitas.me/?p=13728
https://web.archive.org/web/20190627111211/https://news.mingpao.com/pns/%25E6%25B8%25AF%25E8%2581%259E/article/20190627/s00002/1561574385071/%25E5%2596%259Ag20%25E9%2597%259C%25E6%25B3%25A8%25E9%259B%2586%25E6%259C%2583%25E5%25BE%258C-%25E5%258D%2583%25E4%25BA%25BA%25E5%2586%258D%25E5%259C%258D%25E8%25AD%25A6%25E7%25B8%25BD-%25E5%2599%25B4%25E6%25BC%2586%25E6%2592%25AC%25E5%25AD%2597%25E6%2593%25B2%25E8%259B%258B-%25E8%25AD%25A6%25E6%258B%2589%25E9%2596%2598%25E6%258C%2589%25E5%2585%25B5%25E4%25B8%258D%25E5%258B%2595
https://www.ctwant.com/category/娛樂
https://www.youtube.com/watch?v=LaM6UwS-Rb4
https://www.cna.com.tw/news/aipl/201911140390.aspx
http://www.facebook.com/jessiecaca1995/
https://newtalk.tw/news/view/2020-04-15/391668
http://www.ettoday.net/news/news-list-2012-07-08-0.htm
https://boba.ettoday.net/videonews/209861
https://events.ettoday.net/activity/dalemon_Shitpost/article/24393
https://pgw.udn.com.tw/gw/photo.php?u=https://uc.udn.com.tw/photo/2020/03/08/1/7565674.jpg&s=Y&x=8&y=10&sw=1262&sh=844&sl=W&fw=1050
https://www.hpa.gov.tw/Pages/List.aspx?nodeid=4149
https://udncollege.udn.com/category/collection/videophotoquest/
http://line.naver.jp/R/msg/text/?水瓶的怪是道無法掩飾的光芒%0D%0Ahttps://events.ettoday.net/activity/dalemon_Star/article/26487
https://twitter.com/WPTV?ref_src=twsrc%5Etfw
https://feedburner.google.com/fb/a/tos?gsessionid=4X-wiuhJeESwqtmkeQYaIm8CS30M60fX
https://zh.wikipedia.org/wiki/%E6%9D%8E%E5%8F%8B%E5%90%89
https://today.line.me/tw/pc/article/%E6%9C%B4%E6%95%98%E4%BF%8A%E6%84%9B%E9%9E%8B%E6%8E%A8%E5%87%BA%E5%B9%B3%E6%B0%91%E7%89%88%EF%BC%81Nike%E3%80%8CAir+Zoom+Spiridon+Cage+2%E3%80%8D%E7%B4%85%E9%8A%80%E5%85%A9%E8%89%B2%E4%BD%9B%E5%BF%83%E5%83%B9%E9%96%8B%E8%B3%A3-2lrBwj
https://www.vghtpe.gov.tw/Fpage.action?muid=7738&fid=8043
https://www.feds.com.tw/tw/50
https://udn.com/news/cate/2/6638?list_ch2_index
https://t.co/EETufAw7JQ
https://www.mirrormedia.mg/story/20200414ent007/
https://story.udn.com/StoreBook.do?id=148151
https://newtalk.tw/news/tag/%E7%A9%BA%E6%B1%99
http://www.unitas.me/?cat=16
https://web.archive.org/web/20171107013610/http://news.ltn.com.tw/news/focus/paper/1098590
https://www.ctwant.com/category/娛樂/大條
https://www.youtube.com/channel/UCr-zC57bR8H-IVzfho39zTw/channels?disable_polymer=1
https://www.cna.com.tw/news/firstnews/201911200345.aspx
http://www.facebook.com/share.php?u=http://www.xsmart4.com/index.asp
https://newtalk.tw/news/author/%E9%BB%83%E9%A0%86%E7%A5%A5
http://www.ettoday.net/news/news-list-2016-12-01-0.htm
https://boba.ettoday.net/videonews/210065
https://events.ettoday.net/activity/ghost2018/157/last/8
https://pgw.udn.com.tw/gw/photo.php?u=https://uc.udn.com.tw/photo/2020/02/25/99/7517794.jpg&s=Y&x=1&y=1&sw=817&sh=730&sl=W&fw=1050
https://www.hpa.gov.tw/Pages/List.aspx?nodeid=137
https://udncollege.udn.com/category/topic/media/
http://line.naver.jp/R/msg/text/?貓奴們必收！Queen Shop與貓小姐 Ms. Cat首次聯名新登場，一起登入喵星球吧！%0D%0Ahttp://ulicensing.udnfunlife.com/news.php?i=82
https://twitter.com/Pseudosouschef1
https://feedburner.google.com/fb/a/home?gsessionid=FfszFTdf_vb1HE2CmCTxPAW8ddi0in9z
https://zh.wikipedia.org/wiki/%E6%B3%95%E5%9C%8B%E5%9C%8B%E9%9A%9B%E5%BB%A3%E6%92%AD%E9%9B%BB%E5%8F%B0
https://today.line.me/tw/pc/article/%E5%87%B8%E8%82%9A%E7%85%A7%E7%98%8B%E5%82%B3%EF%BC%8141%E6%AD%B2%E9%99%B3%E5%96%AC%E6%81%A9%E7%88%86%E6%87%B7%E5%AD%95+%E6%9C%AC%E4%BA%BA%E7%B5%82%E6%96%BC%E5%9B%9E%E6%87%89%E4%BA%86-aLvwDO
http://www.vghtpe.gov.tw/vghtpe/files/PDF/thank/105%E5%B9%B412%E6%9C%88%E6%84%9F%E8%AC%9D%E5%87%BD.pdf
https://www.feds.com.tw/tw/About/Terms
https://udn.com/news/cate/2/7225
https://t.co/ssJ7fmHu2M
https://www.mirrormedia.mg/story/20200414ent017
https://story.udn.com/act/20200302/
https://newtalk.tw/news/view/2020-03-26/381522
http://www.unitas.me/?p=13562
https://web.archive.org/web/20180719054736/http://news.rthk.hk/rthk/ch/component/k2/1407739-20180718.htm
https://www.ctwant.com/search?q=%E5%AF%8C%E5%B7%9D%E6%82%A0%E5%A4%AA
https://www.youtube.com/watch?v=MzTqDMv_1cw
https://www.cna.com.tw/news/amov/202003230105.aspx
http://www.facebook.com/katchangofficial/
https://newtalk.tw/news/tag/%E9%BE%8D%E5%B1%B1%E5%AF%BA
http://www.ettoday.net/news/news-list-2017-03-08-0.htm
https://boba.ettoday.net/video/233/254/73370
https://events.ettoday.net/activity/singapore2018upload/article/22941/last
https://pgw.udn.com.tw/gw/photo.php?u=https://uc.udn.com.tw/photo/2020/03/09/1/7569407.jpg&s=Y&x=0&y=0&sw=1280&sh=853&sl=W&fw=1050
https://www.hpa.gov.tw/Pages/List.aspx?nodeid=841
https://udncollege.udn.com/category/goodreads/photoquest/
http://line.naver.jp/R/msg/text/?讓我們做個約定，然後正式分手%0D%0Ahttps://events.ettoday.net/activity/dalemon_inlove/article/26114
https://twitter.com/search?q=covid%E3%83%BC19&amp;src=rela
https://feedburner.google.com/fb/a/home?gsessionid=zwq8ok2b-WHwUAuDVcBijK8X7rk_UEMs
https://zh.wikipedia.org/wiki/%E7%A6%8F%E5%BB%BA%E7%9C%81_(%E4%B8%AD%E8%8F%AF%E6%B0%91%E5%9C%8B)
https://lineit.line.me/share/ui?url=https://newtalk.tw/news/view/2020-04-15/391714
https://www.vghtpe.gov.tw/../Fpage.action?fid=2570
https://www.feds.com.tw/tw/Shop/Index/13
https://udn.com/news/story/120523/4373007?from=udn-referralnews_ch1004artbottom
https://t.co/xgPkPdvn0r
https://www.mirrormedia.mg/category/video_foodtravel
https://story.udn.com/StoreBook.do?id=184723
https://newtalk.tw/news/author/%E6%9E%97%E8%8A%B7%E6%B9%B2
http://www.unitas.me/?cat=766
https://web.archive.org/web/20190613130031/https://newtalk.tw/news/view/2019-06-13/259174
https://www.ctwant.com/article/46172
https://www.youtube.com/feed/history
https://www.cna.com.tw/news/afe/201906210150.aspx
https://www.facebook.com/dialog/share?app_id=1996449477296165&display=popup&href=http://ulicensing.udnfunlife.com/news.php?i=48&redirect_uri=http://ulicensing.udnfunlife.com/
https://newtalk.tw/news/tag/%E9%83%B5%E8%BC%AA%E5%BC%8F%E5%85%AC%E8%BB%8A
https://forum.ettoday.net/news/1690346
https://boba.ettoday.net/video/233/268/98963
https://events.ettoday.net/activity/ettoday88submit/rules
https://pgw.udn.com.tw/gw/photo.php?u=https://uc.udn.com.tw/photo/2018/10/17/draft/5405449.jpeg&amp;x=0&amp;y=0&amp;sw=0&amp;sh=0&amp;exp=3600
https://www.hpa.gov.tw/Pages/Detail.aspx?nodeid=129&pid=12282
https://udncollege.udn.com/tag/%e7%a7%91%e5%ad%b8%e4%ba%ba/
http://line.naver.jp/R/msg/text/?沒有說出口的愛，能保值嗎？%0D%0Ahttps://events.ettoday.net/activity/dalemon_inlove/article/32032
https://twitter.com/RT_com
https://feedburner.google.com/fb/a/home?gsessionid=uDk2ngaHELsgZ0kqhvYbeEWcN0jxIyYQ
https://zh.wikipedia.org/w/index.php?title=%E4%BC%90%E7%B4%82&amp;action=edit&amp;redlink=1
https://lineit.line.me/share/ui?url=https://newtalk.tw/news/view/2020-04-16/392206
https://www.vghtpe.gov.tw/Fpage.action?muid=7&fid=1378
https://www.feds.com.tw/tw/Edm/List?EdmMallId=51
https://udn.com/news/story/7326/4495837
https://t.co/vSNh29XUBK
https://www.mirrormedia.mg/category/wine
https://ubrand.udn.com/ubrand/index
https://newtalk.tw/news/author/%E5%8A%89%E9%BB%8E%E5%85%92
http://www.unitas.me/?cat=760
https://web.archive.org/web/20190808024918/https://hk.news.appledaily.com/local/daily/article/20190505/20671328
https://www.ctwant.com/about
https://www.youtube.com/watch?v=oAUmNEUJlJ0
https://www.cna.com.tw/news/firstnews/201906050191.aspx
https://www.facebook.com/dialog/share?app_id=1996449477296165&display=popup&href=http://ulicensing.udnfunlife.com/news.php?i=60&redirect_uri=http://ulicensing.udnfunlife.com/
https://newtalk.tw/news/tag/%E6%96%B0%E5%86%A0%E7%97%85%E6%AF%92
https://www.ettoday.net/news/20190430/1433823.htm?from=pctaglist 
https://boba.ettoday.net/sub_category/233/574
https://events.ettoday.net/activity/singapore2018upload/article/22689/last
https://pgw.udn.com.tw/gw/photo.php?u=https://uc.udn.com.tw/photo/2018/04/13/draft/4649245.jpg&amp;x=0&amp;y=0&amp;sw=0&amp;sh=0&amp;sl=W&amp;fw=1050&amp;exp=3600
https://www.hpa.gov.tw/Pages/List.aspx?nodeid=1358
https://udncollege.udn.com/4222/
http://line.naver.jp/R/msg/text/?夏目潄石《我是貓》主角現身「貓村藝術季」推2020「喵眼人間」桌曆%0D%0Ahttp://ulicensing.udnfunlife.com/news.php?i=63
https://twitter.com/WHO_Europe/status/1250311141256880128
https://feedburner.google.com/fb/a/tos?gsessionid=uDk2ngaHELsgZ0kqhvYbeEWcN0jxIyYQ
https://zh.wikipedia.org/w/index.php?title=%E6%B5%99%E6%B1%9F%E5%B7%A1%E6%8C%89%E4%BD%BF%E5%85%AC%E7%BD%B2&amp;action=edit&amp;redlink=1
https://lineit.line.me/share/ui?url=https://newtalk.tw/news/view/2020-04-14/391428
https://www.vghtpe.gov.tw/Fpage.action?muid=1505&fid=7821
https://www.feds.com.tw/tw/Search/Keyword?SearchType=firstword&amp;Keyword=R
https://udn.com/news/story/120944/4365333?from=udn-referralnews_ch1004artbottom
https://t.co/n6janOQWAu
https://www.mirrormedia.mg/story/20200414ent016/
https://story.udn.com/StoreBook.do?id=148059
https://newtalk.tw/news/tag/%E6%B6%88%E8%B2%BB%E5%88%B8
http://www.unitas.me/?author=59
https://web.archive.org/web/20150530105437/http://magazine.good.is/guides/good-cities-index-2014
https://www.ctwant.com/article/46165
https://www.youtube.com/watch?v=BfRWXAioxTI
https://www.cna.com.tw/news/aloc/201610260373.aspx
https://www.facebook.com/dialog/share?app_id=1996449477296165&display=popup&href=http://ulicensing.udnfunlife.com/index.php?i=1&redirect_uri=http://ulicensing.udnfunlife.com/
https://newtalk.tw/news/tag/Roger%20Roth
https://www.ettoday.net/news/20200407/1685835.htm?from=pctaglist 
https://star.ettoday.net/media/81/209511/10
https://events.ettoday.net/activity/dalemon_work/article/23764
https://pgw.udn.com.tw/gw/photo.php?u=https://uc.udn.com.tw/photo/2018/03/07/draft/4551330.jpg&amp;x=0&amp;y=0&amp;sw=0&amp;sh=0&amp;sl=W&amp;fw=1050&amp;exp=3600
https://www.hpa.gov.tw/Pages/List.aspx?nodeid=102
http://line.naver.jp/R/msg/text/?麻吉貓MajiMeow攜手好日子AGOODAY一起賣萌做環保%0D%0Ahttp://ulicensing.udnfunlife.com/news.php?i=80
https://twitter.com/HamiiiiiiidReza
https://feedburner.google.com/fb/a/home?gsessionid=gi_rsII75kKJnFDVPy7in2ccQvTFOuqK
https://zh.wikipedia.org/w/index.php?title=%E7%92%B0%E7%8B%80%E7%B7%9A_(%E5%8F%B0%E5%8C%97%E6%8D%B7%E9%81%8B)&amp;action=edit&amp;section=21
https://today.line.me/tw/pc/article/%E3%80%90%E7%A5%9E%E5%84%82%E5%AF%A6%E9%A9%97%E5%AE%A4%E3%80%91%E9%96%8B%E6%9E%B6%E9%9D%A2%E8%86%9C%E5%A4%A7%E6%AF%94%E6%8B%9A%EF%BC%81%E7%94%9F%E7%89%A9%E7%BA%96%E7%B6%AD%E9%9D%A2%E8%86%9C%E6%98%AF%E7%94%9A%E9%BA%BC%EF%BC%9F%E8%83%BD%E6%8A%93%E7%B7%8A%E7%9A%AE%E8%86%9A%E7%B4%B0%E7%B4%8B%E6%98%AF%E7%9C%9F%E7%9A%84%E5%97%8E%EF%BC%9F%E5%AF%A6%E6%B8%AC%E7%B5%90%E6%9E%9C%E8%B6%85%E9%A9%9A%E4%BA%BA-E95RrY
https://www.vghtpe.gov.tw/Fpage.action?muid=6469&fid=6820
https://www.feds.com.tw/tw/48
https://udn.com/news/story/121068/4495715?from=udn_mobile_indexrecommend
https://t.co/zo2qY9bA41
https://www.mirrormedia.mg/section/videohub
https://health.udn.com/health/story/120950/4323515?from=udn-referralnews_ch1004artbottom
https://newtalk.tw/news/view/2020-04-16/392177
http://www.unitas.me/?page_id=12
https://web.archive.org/web/20140629233229/http://www.gov.hk/tc/about/govdirectory/govstructure.htm
https://www.ctwant.com/category/生活/３Ｃ
https://www.youtube.com/watch?v=EAoNUkzEAx8
https://www.cna.com.tw/news/firstnews/201909120021.aspx
https://www.facebook.com/linetodayTW/
https://newtalk.tw/news/category/2/%E5%9C%8B%E9%9A%9B%E4%B8%AD%E5%9C%8B
https://www.ettoday.net/news/20200414/1691061.htm
https://sports.ettoday.net/news-list/籃球/SBL、WSBL/2
https://events.ettoday.net/activity/dalemon_horror/article/24675/last
https://pgw.udn.com.tw/gw/photo.php?u=https://uc.udn.com.tw/photo/2020/03/07/1/7565653.jpg&x=0&y=0&sw=0&sh=0&sl=W&fw=1050
https://www.hpa.gov.tw/Pages/List.aspx?nodeid=33
http://line.naver.jp/R/msg/text/?【紐西蘭。旅遊】庫克山 Hooker Valley Track：遠眺冰山雪景／近觀冰川地形%0D%0Ahttps://events.ettoday.net/activity/dalemon_Yummy/article/26413
https://twitter.com/MarkSZaidEsq/status/1250607865468985345
https://feedburner.google.com/fb/a/home?gsessionid=afg0wldVdeTCOd8SleX8aHWHcqOK-hlJ
https://zh.wikipedia.org/wiki/%E4%B8%81%E8%96%9B%E7%A5%A5
https://today.line.me/tw/pc/article/%E9%82%8A%E7%9C%8B%E9%9B%BB%E8%A6%96%E9%82%8A%E6%93%A6%E8%BA%AB%E9%AB%94%E4%B9%B3%E5%A4%A7NG%EF%BC%9F%E5%B0%88%E5%AE%B6%E6%8C%87%E5%87%BA%E6%B4%97%E5%AE%8C%E6%BE%A1%E5%BE%8C+%E5%88%86%E9%90%98%E5%85%A7%E5%B0%B1%E8%A6%81%E5%A1%97%E4%B9%B3%E6%B6%B2%E6%89%8D%E6%98%AF%E6%AD%A3%E7%A2%BA%E6%96%B9%E6%B3%95%EF%BC%81-8l510M
https://www.vghtpe.gov.tw/Index.action
https://www.feds.com.tw/tw/Event/Detail/11291
https://udn.com/ctba/story/12960/4467925
https://voice.mirrorfiction.com/
https://theme.udn.com/theme/story/11963/3521209
https://newtalk.tw/news/view/2020-04-15/391827
http://www.unitas.me/?cat=237
https://web.archive.org/web/20180916235440/https://www.storm.mg/article/411841
https://www.ctwant.com/article/46147
https://www.youtube.com/playlist?list=PLCCSUStC_FqRqDrgTT_-IU_got-p8buVD
http://www.cna.com.tw/news/firstnews/201710300002-1.aspx
https://www.facebook.com/sharer.php?u=https://star.ettoday.net/news/1692715?from=fb_share_web
https://newtalk.tw/news/tag/%E6%9C%B1%E7%AB%8B%E5%80%AB
http://www.ettoday.net/news/news-list-2015-04-29-0.htm
https://boba.ettoday.net/video/229/323/210127
https://events.ettoday.net/activity/dalemon_readbeanQQ/article/23215/last
https://pgw.udn.com.tw/gw/photo.php?u=https://uc.udn.com.tw/photo/2020/02/25/1/7513190.png&x=0&y=0&sw=0&sh=0&sl=W&fw=1050
https://www.hpa.gov.tw/Pages/List.aspx?nodeid=78
http://line.naver.jp/R/msg/text/? 二搞首款授權拼圖「懷舊好時光」在 Pintoo Taiwan全新上架%0D%0Ahttp://ulicensing.udnfunlife.com/news.php?i=21
https://twitter.com/?lang=th
https://feedburner.google.com/fb/a/home?gsessionid=DpUBcbbxdFZNiWO5kIjeCssHvZTIj57p
https://zh.wikipedia.org/wiki/%E4%BB%BB%E5%BC%BC%E6%97%B6
https://today.line.me/tw/pc/article/Switch%E9%BB%83%E7%89%9B%E5%96%8A%E5%83%B9%E7%BF%BB%E5%80%8D%E6%BC%B2%E3%80%80%E6%97%A5%E6%9C%AC%E4%BB%BB%E5%A4%A9%E5%A0%82%E7%B5%82%E6%96%BC%E5%AE%A3%E5%B8%83%E5%A5%BD%E6%B6%88%E6%81%AF-3lr6Er
https://www.vghtpe.gov.tw/Fpage.action?muid=1483&fid=1298
https://www.feds.com.tw/tw/Shop/Index/14
https://udn.com/page/topic/16988
https://www.mirrormedia.mg/story/20200413inv011
https://story.udn.com/StoreBook.do?id=184702
https://newtalk.tw/news/view/2020-04-15/391675
http://www.unitas.me/?cat=758
https://web.archive.org/web/20121123003602/http://lady.163.com/12/1119/10/8GLS4J7N002649P6.html
https://www.ctwant.com/article/46152
https://www.youtube.com/watch?v=fglWw49FqU8
https://www.cna.com.tw/news/firstnews/201904145002.aspx
https://www.facebook.com/doritos.tw/
https://newtalk.tw/news/tag/%E5%82%85%E5%B4%90%E8%90%81
http://www.ettoday.net/news/news-list-2018-09-27-0.htm
https://boba.ettoday.net/video/266/479/198746
https://events.ettoday.net/activity/dalemon_readbeanQQ/article/23338
https://pgw.udn.com.tw/gw/photo.php?u=https://uc.udn.com.tw/photo/2020/02/28/1/7528131.jpg&x=0&y=0&sw=0&sh=0&sl=W&fw=1050
https://www.hpa.gov.tw/../Pages/List.aspx?nodeid=77
http://line.naver.jp/R/msg/text/?父母想要的VS兒女想要的%0D%0Ahttps://events.ettoday.net/activity/dalemon_Shitpost/article/26110
https://twitter.com/?lang=fr
https://drive.google.com/drive/u/2/folders/1rJPALHzAdV3GzQho2EC_R40ibQFFgOhY
https://zh.wikipedia.org/wiki/%E4%BD%95%E9%9F%BB%E8%A9%A9
https://today.line.me/tw/pc/article/%E7%AC%AC13%E5%A4%A9%E5%85%8D%E9%A9%9A%E5%95%A6%EF%BC%81%E6%B0%B4%E9%9B%BB%E5%B7%A5%E6%8A%93%E6%BC%8F%E9%81%87%E5%B1%85%E6%AA%A2%EF%BC%9A%E5%B7%A5%E4%BD%9C%E5%AE%8C%E8%9B%8B%E4%BA%86-1E8ejM
https://www.vghtpe.gov.tw/Fpage.action?muid=1727&fid=1324
https://www.feds.com.tw/tw/Search/Keyword?SearchType=firstword&amp;Keyword=Y
https://udn.com/news/story/120944/4495855
https://www.mirrormedia.mg/topic/5e534c93c174a60f006063b2
https://story.udn.com/StoreBook.do?id=147953
https://newtalk.tw/news/view/2020-03-30/383451
http://www.unitas.me/?cat=72
https://web.archive.org/web/20170224214707/http://topick.hket.com/article/1611993/%E6%B8%AF%E6%B7%B1%E7%B0%BD%E7%BD%B2%E5%9C%A8%E8%90%BD%E9%A6%AC%E6%B4%B2%E6%B2%B3%E5%A5%97%E7%99%BC%E5%B1%95%E5%8D%80%20%20%E7%99%BC%E5%B1%95%E6%B8%AF%E6%B7%B1%E5%89%B5%E6%96%B0%E5%8F%8A%E7%A7%91%E6%8A%80%E5%9C%92
https://www.ctwant.com/search?q=%E7%B4%90%E7%B4%84%E6%99%82%E5%A0%B1
https://www.youtube.com/watch?v=_UrQ0KOVShA
https://www.cna.com.tw/news/firstnews/201909165009.aspx
https://www.facebook.com/sharer.php?u=https://star.ettoday.net/news/1692062?from=fb_share_web
https://newtalk.tw/news/tag/%E5%8F%B0%E7%81%A30%E7%A2%BA%E8%A8%BA
https://health.ettoday.net/category/醫藥新聞/2
https://fashion.ettoday.net/focus/愛情/3
https://events.ettoday.net/activity/dalemon_Yummy/article/23521/last
https://pgw.udn.com.tw/gw/photo.php?u=https://uc.udn.com.tw/photo/2020/03/02/1/7538570.jpg&x=0&y=0&sw=0&sh=0&sl=W&fw=1050
https://www.hpa.gov.tw/Pages/Detail.aspx?nodeid=4141&pid=12307
http://line.naver.jp/R/msg/text/?公司不僅要燒金紙，還要燒白紙?%0D%0Ahttps://events.ettoday.net/activity/dalemon_work/article/25714
https://twitter.com/login
https://feedburner.google.com/fb/a/home?gsessionid=69UepyugPM7m4VpyWrdZZeWya5TC0dkb
https://zh.wikipedia.org/wiki/%E5%89%8D%E7%94%B7%E5%8F%8B
https://today.line.me/tw/pc/article/%E6%B0%91%E8%A6%96%E6%96%B0%E8%81%9E%E5%8F%B0-RXJMam
https://www.vghtpe.gov.tw/vghtpe/files/PDF/thank/106%E5%B9%B47%E6%9C%88%E6%84%9F%E8%AC%9D%E5%87%BD.pdf
https://www.feds.com.tw/tw/Edm/List?EdmMallId=54
https://udn.com/news/story/7317/4495839
https://www.mirrormedia.mg/video/5ddd3045e57111531e3563c7
https://theme.udn.com/theme/story/6774/4361643?from=udn-referralnews_ch1004artbottom
https://newtalk.tw/news/author/%E6%A5%8A%E6%B8%85%E7%B7%A3
http://www.unitas.me/?cat=761
https://web.archive.org/web/20190624171051/https://www.zaobao.com.sg/realtime/china/story20190624-966974
https://www.ctwant.com/article/46060
https://www.youtube.com/watch?v=1Lz70c5WErk&amp;list=PLr8iY2AvgOL2q6wVDpq0JkwF48afm7Z3b&amp;index=14
https://www.cna.com.tw/news/aipl/201904160135.aspx
https://www.facebook.com/sharer/sharer.php?u=http%3A%2F%2Fwww.ettoday.net%2Fdalemon%2Fpost%2F48775&amp;src=sdkpreparse
https://newtalk.tw/news/author/%E6%B4%AA%E7%BF%A0%E8%93%AE
https://house.ettoday.net/news/1689285
https://boba.ettoday.net/video/234/347/65183
https://events.ettoday.net/activity/singapore2018upload/article/22687/last
https://pgw.udn.com.tw/gw/photo.php?u=https://uc.udn.com.tw/photo/2020/02/24/99/7508332.jpg&x=0&y=0&sw=0&sh=0&sl=W&fw=1050
https://www.hpa.gov.tw/Pages/List.aspx?nodeid=62
http://line.naver.jp/R/msg/text/?那些無處安放的情緒%0D%0Ahttps://events.ettoday.net/activity/dalemon_inlove/article/26072
https://twitter.com/newtalk_tw/status/1124154138680549376
https://play.google.com/store/apps/details?id=com.udn.news
https://zh.wikipedia.org/wiki/%E5%BC%A0%E5%AE%81_(%E7%BE%BD%E6%AF%9B%E7%90%83%E8%BF%90%E5%8A%A8%E5%91%98)
https://social-plugins.line.me/lineit/share?url=https://theme.udn.com/theme/story/6774/4370634?utm_source=themelinemobile%26utm_medium=share%26f=lineshare
http://www.vghtpe.gov.tw/vghtpe/files/PDF/thank/105%E5%B9%B45%E6%9C%88%E6%84%9F%E8%AC%9D%E5%87%BD.pdf
https://www.feds.com.tw/tw/Edm/List?EdmMallId=42
https://udn.com/news/cate/2/12659
https://www.mirrormedia.mg/tag/5b0cd40fcead080f004cf80a
https://story.udn.com/
https://newtalk.tw/news/tag/%E4%BF%84%E7%BE%85%E6%96%AF
http://www.unitas.me/?p=14086
https://web.archive.org/web/20060918042305/http://www.landsd.gov.hk/mapping/en/publications/hk_geographic_data_sheet.pdf
https://www.ctwant.com/search?q=%E8%82%B2%E5%AC%B0%E5%B8%AB
https://www.youtube.com/supported_browsers
https://www.cna.com.tw/news/aipl/201906300126.aspx
https://www.facebook.com/dialog/share?app_id=1996449477296165&display=popup&href=http://ulicensing.udnfunlife.com/news.php?i=58&redirect_uri=http://ulicensing.udnfunlife.com/
https://newtalk.tw/news/tag/%E6%85%88%E6%BF%9F
https://travel.ettoday.net/article/1691380.htm
https://fashion.ettoday.net/news/1690345
https://events.ettoday.net/activity/dalemon_work/article/23708/last
https://pgw.udn.com.tw/gw/photo.php?u=https://uc.udn.com.tw/photo/2020/03/07/1/7565722.jpg&x=0&y=0&sw=0&sh=0&sl=W&fw=1050
https://www.hpa.gov.tw/Pages/ashx/Redirect.ashx?nodeid=83&url=https%3a%2f%2fwww.hpa.gov.tw%2fEpaper%2fListOrder.aspx%3fnodeid%3d83
http://line.naver.jp/R/msg/text/?一直一直忘不掉的，是你沒有說明的那些......%0D%0Ahttps://events.ettoday.net/activity/dalemon_inlove/article/26857
https://twitter.com/juliap1313/status/1250624923661295616
https://feedburner.google.com/fb/a/tos?gsessionid=pQBrX49wqIkUXFZpeR6Z5Deu8b3wB0uw
https://zh.wikipedia.org/wiki/%E6%97%A0%E6%9E%81%E5%8E%BF
https://today.line.me/tw/pc/article/%E3%80%90ABL%E3%80%91%E8%87%BA%E5%8C%97%E5%AF%8C%E9%82%A6%E5%8B%87%E5%A3%AB+vs+%E6%B3%B0%E5%9C%8B%E8%8E%AB%E8%AB%BE%E5%90%B8%E8%A1%80%E9%AC%BC%EF%BC%882020+2+15+%E5%AE%8C%E6%95%B4%E7%89%88%EF%BC%89-lYV08G
http://www.vghtpe.gov.tw/vghtpe/files/PDF/thank/105%E5%B9%B49%E6%9C%88%E6%84%9F%E8%AC%9D%E5%87%BD.pdf
https://www.feds.com.tw/tw/Search/Keyword?SearchType=firstword&amp;Keyword=G
https://udn.com/news/story/7325/4389280?from=udn-referralnews_ch1004artbottom
https://www.mirrormedia.mg/category/money
https://story.udn.com/StoreBook.do?id=144713
https://newtalk.tw/news/view/2020-04-15/374445
http://www.unitas.me/?cat=764
https://web.archive.org/web/20140403012037/http://www.ha.org.hk/visitor/ha_visitor_index.asp?Content_ID=10036&amp;Lang=CHIB5&amp;Dimension=100&amp;Ver=HTML
https://www.ctwant.com/search?q=%E7%94%B7%E7%AB%A5
https://www.youtube.com/watch?v=4wfiqNJdd28
https://www.cna.com.tw/news/aipl/201910180116.aspx
https://www.facebook.com/sharer/sharer.php?u=https%3A%2F%2Fwww.ettoday.net%2Fdalemon%2Fpost%2F46517&amp;src=sdkpreparse
https://newtalk.tw/news/view/2020-04-14/391356
https://travel.ettoday.net/article/1691380.htm
https://sports.ettoday.net/news-search.phtml?keywords=中華職棒&idx=1&kind=10&page=6
https://events.ettoday.net/activity/singapore2018upload/article/22654/last
https://pgw.udn.com.tw/gw/photo.php?u=https://uc.udn.com.tw/photo/2020/02/18/1/7480053.jpg&x=0&y=0&sw=0&sh=0&sl=W&fw=1050
https://www.hpa.gov.tw/Pages/List.aspx?nodeid=139
http://line.naver.jp/R/msg/text/?2018LIMA亞洲授權業卓越大獎，重磅揭曉！%0D%0Ahttp://ulicensing.udnfunlife.com/news.php?i=45
https://twitter.com/veyahbaddie
https://feedburner.google.com/fb/a/tos?gsessionid=lQe13vCnMN1fIhMCOw1Uq85OTN5H0Xpe
https://zh.wikipedia.org/wiki/%E9%83%9D%E9%BE%8D%E6%96%8C
https://today.line.me/tw/pc/article/%E3%80%90%E7%91%AA%E6%B3%95%E9%81%94%E8%AB%87%E6%98%9F%E3%80%9104+15+04+21%E3%80%80%E9%A2%A8%E8%B1%A1%E6%98%9F%E5%BA%A7-BlOLvw
https://www.vghtpe.gov.tw/Fpage.action?muid=11219&fid=10572
https://www.feds.com.tw/tw/Shop/Detail/9896?utm_source=home&amp;utm_medium=cover_carousel
https://udn.com/news/story/120944/4365341?from=udn-referralnews_ch1004artbottom
https://www.mirrormedia.mg/story/20200414ent007
https://story.udn.com/StoreBook.do?id=148300
https://newtalk.tw/news/view/2020-04-15/391816
http://www.unitas.me/?p=13805
https://web.archive.org/web/20191019071454/https://www.cna.com.tw/news/firstnews/201910180062.aspx
https://www.ctwant.com/article/46161
https://www.youtube.com/__URL__
https://www.cna.com.tw/news/firstnews/201905090116.aspx
https://www.facebook.com/sharer/sharer.php?u=http%3A%2F%2Fwww.ettoday.net%2Fdalemon%2Fpost%2F49713&amp;src=sdkpreparse
https://newtalk.tw/news/view/2020-04-15/392110
https://www.ettoday.net/news/20200415/1692031.htm?from=feature
https://movies.ettoday.net/news/1691543
https://events.ettoday.net/activity/singapore2018upload/article/22610/last
https://pgw.udn.com.tw/gw/photo.php?u=https://uc.udn.com.tw/photo/2019/01/25/draft/5845084.jpg&amp;x=0&amp;y=0&amp;sw=0&amp;sh=0&amp;exp=3600
https://www.hpa.gov.tw/Pages/Detail.aspx?nodeid=127&pid=12115
http://line.naver.jp/R/msg/text/?是什麼因素決定分手後我們還能不能當朋友？%0D%0Ahttps://events.ettoday.net/activity/dalemon_inlove/article/26068
https://twitter.com/HawleyMO
http://books.google.com/books?id=DavAAAAAQBAJ
https://zh.wikipedia.org/wiki/%E9%BB%83%E5%9F%94%E8%BB%8D%E6%A0%A1
https://today.line.me/tw/pc/article/%E5%82%B3%E7%B5%B1%E7%94%B7%E7%94%9F%E9%80%9F%E7%9C%8B%EF%BC%81%E6%9C%80%E6%84%9B%E4%BD%A0%E7%9A%84%E6%98%9F%E5%BA%A7%E5%9C%A8%E9%80%99%E8%A3%8F-JGoxvJ
https://www.vghtpe.gov.tw/Fpage.action?muid=1502&fid=7819
https://www.feds.com.tw/tw/Search/Keyword?SearchType=firstword&amp;Keyword=123
https://udn.com/search/word/2/%E5%B7%9D%E6%99%AE%20%E4%B8%96%E8%A1%9B
https://www.mirrormedia.mg/rss/rss.xml
https://mobile.udn.com/udnnews/
https://newtalk.tw/news/view/2020-04-15/391624
http://www.unitas.me/?cat=793
https://web.archive.org/web/20161002103927/http://www.appledaily.com.tw/realtimenews/article/new/20160929/958457/
https://www.ctwant.com/category/財經
https://www.youtube.com/watch?v=D4H1paq3q6c&amp;t=12m50s
https://www.facebook.com/sharer/sharer.php?u=http%3A%2F%2Fwww.ettoday.net%2Fdalemon%2Fpost%2F49699&amp;src=sdkpreparse
https://newtalk.tw/news/view/2020-04-16/392242
http://www.ettoday.net/news/news-list-2013-05-09-0.htm
https://boba.ettoday.net/video/233/268/106216
https://events.ettoday.net/activity/dalemon_readbeanQQ/article/23514/last
https://pgw.udn.com.tw/gw/photo.php?u=https://uc.udn.com.tw/photo/2020/02/18/1/7480046.jpg&x=0&y=0&sw=0&sh=0&sl=W&fw=1050
https://www.hpa.gov.tw/Pages/Detail.aspx?nodeid=129&pid=12268
http://line.naver.jp/R/msg/text/?貓小姐Ms.Cat與台灣品牌Sunny Bag首度聯名 一起把貓「袋」著走%0D%0Ahttp://ulicensing.udnfunlife.com/news.php?i=75
https://twitter.com/yuznm7752
https://feedburner.google.com/fb/a/tos?gsessionid=hxscCfAG9hfxY8XacP8raFnpBwzA-usl
https://zh.wikipedia.org/wiki/BOT%E6%A8%A1%E5%BC%8F
https://today.line.me/tw/pc/article/%E5%85%A8%E6%96%B0+iPhone+SE+%E5%94%AE%E5%83%B9+14+500+%E5%85%83%E8%B5%B7%EF%BC%81%E9%85%8D%E5%82%99%E6%8C%87%E7%B4%8B%E8%BE%A8%E8%AD%98%E6%A8%A1%E7%B5%84%E3%80%81%E8%88%87+iPhone+11+%E4%B8%80%E6%A8%A3%E7%9A%84+A13+%E8%99%95%E7%90%86%E5%99%A8-YgOeza
https://www.vghtpe.gov.tw/vghtpe/files/PDF/1081001_新建醫療大樓成本效益分析公告版.pdf
https://www.feds.com.tw/tw/Search/Keyword?SearchType=firstword&amp;Keyword=S
https://udn.com/news/story/7323/4296556?from=udn-relatednews_ch2
https://www.mirrormedia.mg/story/20200413inv013/
https://story.udn.com/StoreBook.do?id=184794
https://newtalk.tw/news/tag/%E7%AC%AC%E4%BA%8C%E6%AC%A1%E4%B8%96%E7%95%8C%E5%A4%A7%E6%88%B0
http://www.unitas.me/?p=13961
https://web.archive.org/web/20190419064030/https://udn.com/news/story/11311/3760820
https://www.ctwant.com/search?q=%E9%80%9D%E4%B8%96
https://www.youtube.com/watch?v=z-dqwOJqZlk
https://www.facebook.com/sharer/sharer.php?u=http%3A%2F%2Fwww.ettoday.net%2Fdalemon%2Fpost%2F49718&amp;src=sdkpreparse
https://newtalk.tw/news/view/2020-04-15/391769
http://www.ettoday.net/news/news-list-2013-08-11-0.htm
https://star.ettoday.net/news/1651109
https://events.ettoday.net/activity/dalemon_readbeanQQ/article/24141
https://pgw.udn.com.tw/gw/photo.php?u=https://uc.udn.com.tw/photo/2020/03/07/1/7564865.jpg&x=0&y=0&sw=0&sh=0&sl=W&fw=1050
https://www.hpa.gov.tw/Pages/List.aspx?nodeid=4171
http://line.naver.jp/R/msg/text/? LIMA與聯合數位文創共同宣布台灣代表處成立%0D%0Ahttp://ulicensing.udnfunlife.com/news.php?i=34
https://twitter.com/TheDailyShow
https://zh.wikipedia.org/wiki/Template_talk:%E9%A6%99%E6%B8%AF%E5%8D%81%E5%85%AB%E5%8D%80
https://lineit.line.me/share/ui?url=https://newtalk.tw/news/view/2020-04-15/391645
https://www.vghtpe.gov.tw/Fpage.action?muid=1506&fid=6690
https://www.feds.com.tw/tw/Search/Keyword?SearchType=firstword&amp;Keyword=A
https://udn.com/ctba/search/tagging/8007/%E8%AC%9D%E5%9C%8B%E5%9F%8E%E7%9B%83%E5%B0%91%E6%A3%92
https://www.mirrormedia.mg/story/20200414ent009/
https://story.udn.com/Index.do
https://newtalk.tw/news/tag/%E9%86%AB%E7%99%82%E5%B4%A9%E7%9B%A4
http://www.unitas.me/?p=14170
https://web.archive.org/web/20190427055634/https://www.storm.mg/article/184411
https://www.ctwant.com/article/46153
https://www.youtube.com/watch?v=JBMBt9374Is
https://www.facebook.com/dialog/share?app_id=1996449477296165&display=popup&href=http://ulicensing.udnfunlife.com/news.php?i=20&redirect_uri=http://ulicensing.udnfunlife.com/
https://newtalk.tw/news/tag/NBA
http://www.ettoday.net/news/news-list-2013-09-28-0.htm
https://boba.ettoday.net/video/233/132/82328
https://events.ettoday.net/activity/dalemon_work/article/23455/last
https://pgw.udn.com.tw/gw/photo.php?u=https://uc.udn.com.tw/photo/2020/03/05/1/7556898.jpg&x=0&y=0&sw=0&sh=0&sl=W&fw=1050
https://www.hpa.gov.tw/Pages/List.aspx?nodeid=109
http://line.naver.jp/R/msg/text/?巨大火球劃破佛州天際！民眾驚慌報案　警：沒有外星人入侵%0D%0Ahttps://www.ettoday.net/news/20190704/1481911.htm
https://twitter.com/?lang=gu
https://zh.wikipedia.org/w/index.php?title=%E9%B4%BB%E5%AF%8C%E9%8C%A6%E7%B2%BE%E5%AF%86%E9%9B%BB%E5%AD%90%EF%BC%88%E6%88%90%E9%83%BD%EF%BC%89%E6%9C%89%E9%99%90%E5%85%AC%E5%8F%B8&amp;action=edit&amp;redlink=1
https://today.line.me/tw/pc/article/%E5%8C%97%E9%9F%93%E5%A5%B3%E5%AD%90%E7%9A%84%E7%9C%9F%E5%AF%A6%E6%95%85%E4%BA%8B%EF%BC%9A%E9%82%A3%E5%A4%A9%EF%BC%8C%E6%88%91%E6%AF%8D%E8%A6%AA%E6%8F%AD%E9%9C%B2%E8%87%AA%E5%B7%B1%E7%9A%84%E3%80%8C%E5%8F%8D%E5%8F%9B%E8%80%85%E3%80%8D%E8%BA%AB%E4%BB%BD-L3MKy2
http://www.vghtpe.gov.tw/vghtpe/files/PDF/thank/105%E5%B9%B47%E6%9C%88%E6%84%9F%E8%AC%9D%E5%87%BD.pdf
https://www.feds.com.tw/tw/Edm/List?EdmMallId=52
https://udn.com/news/story/120944/4412927?from=udn-referralnews_ch1004artbottom
https://www.mirrormedia.mg/tag/580f20a6aa39ed0d00bfd684
https://story.udn.com/StoreBook.do?id=184787
https://newtalk.tw/news/tag/%E8%81%96%E5%85%8B%E9%87%8C%E6%96%AF%E5%A4%9A%E7%A6%8F%E5%8F%8A%E5%B0%BC%E7%B6%AD%E6%96%AF
http://www.unitas.me/?author=80
https://web.archive.org/web/20170831174916/http://www.travelsouth.hk/tc/history-monuments/cultural-heritage/2012-08-02-06-11-40
https://www.ctwant.com/privacy
https://www.youtube.com/watch?v=TQTT8m65rtk
https://www.facebook.com/majimeow/
https://newtalk.tw/news/view/2020-04-15/391877
http://www.ettoday.net/news/news-list-2013-12-27-0.htm
https://sports.ettoday.net/news-search.phtml?keywords=索沙
https://events.ettoday.net/activity/singapore2018upload/article/22676/last
https://pgw.udn.com.tw/gw/photo.php?u=https://uc.udn.com.tw/photo/2020/03/01/1/7535084.jpg&x=0&y=0&sw=0&sh=0&sl=W&fw=1050
https://www.hpa.gov.tw/Pages/List.aspx?nodeid=1248
http://line.naver.jp/R/msg/text/?工作，為自己負責就夠了%0D%0Ahttps://events.ettoday.net/activity/dalemon_work/article/25626
https://twitter.com/WHO/status/1250444588864634881
https://zh.wikipedia.org/w/index.php?title=Template:%E4%B8%AD%E8%8F%AF%E4%BA%BA%E6%B0%91%E5%85%B1%E5%92%8C%E5%9C%8B%E5%89%AF%E4%B8%BB%E5%B8%AD&amp;action=edit
https://social-plugins.line.me/lineit/share?url=https://theme.udn.com/theme/story/6774/4365863?utm_source=themelinemobile%26utm_medium=share%26f=lineshare
https://www.vghtpe.gov.tw/vghtpe/files/PDF/thank/108%E5%B9%B412%E6%9C%88%E6%84%9F%E8%AC%9D%E5%87%BD.pdf
https://www.feds.com.tw/cn/OverSea
https://udn.com/news/story/120936/4353643?from=udn-referralnews_ch1004artbottom
https://www.mirrormedia.mg/category/somebody
https://theme.udn.com/theme/story/11963/3466624
https://newtalk.tw/news/view/2020-04-16/392231
http://www.unitas.me/?cat=759
https://web.archive.org/web/20181126180857/https://www.fountmedia.io/article/1997
https://www.ctwant.com/search?q=%E4%B8%80%E4%B8%AD
https://www.youtube.com/playlist?list=PLCCSUStC_FqR33qJeik_huZqqlyEf4eGj
https://www.facebook.com/udesign.udnfunlife/
https://newtalk.tw/news/view/2020-04-16/392199
http://www.ettoday.net/news/news-list-2014-02-26-0.htm
https://boba.ettoday.net/video/233/401/71060
https://events.ettoday.net/activity/singapore2018upload/article/22675/last
https://pgw.udn.com.tw/gw/photo.php?u=https://uc.udn.com.tw/photo/2020/03/02/1/7538567.jpg&x=0&y=0&sw=0&sh=0&sl=W&fw=1050
https://www.hpa.gov.tw/Pages/List.aspx?nodeid=1321
http://line.naver.jp/R/msg/text/?喪煞%0D%0Ahttps://events.ettoday.net/activity/dalemon_horror/article/31568
https://twitter.com/mvankerkhove
https://zh.wikipedia.org/wiki/%E4%BF%9D%E5%AE%89
https://today.line.me/tw/pc/article/%E5%A4%A7%E5%AA%BD%E5%8F%88%E6%80%8E%E6%A8%A3%EF%BC%8156%E6%AD%B2%E5%80%AA%E5%A4%8F%E8%93%AE%E6%AE%BA%E9%80%B2%E5%A5%A7%E9%81%8B%E6%A1%8C%E7%90%83%E5%A0%B4-z16Qzg
https://www.vghtpe.gov.tw/Fpage.action?muid=1729&fid=1326
https://www.feds.com.tw/tw/Common/ChangeLanguage?ReturnUrl=http%3A%2F%2Fwww.feds.com.tw%2F
https://udn.com/search/tagging/2/%E6%B2%96%E7%B9%A9
https://www.mirrormedia.mg/tag/58ff267d5d01e70d00a33e3b
https://opinion.udn.com/opinion/story/11373/3288889
https://newtalk.tw/news/view/2020-04-15/391582
http://www.unitas.me/?p=14014
https://web.archive.org/web/20140830101448/http://www.cna.com.tw/news/aspt/201408280463-1.aspx
https://www.ctwant.com/category/娛樂/人物
https://www.youtube.com/watch?v=L6iilCEA8YI
https://www.facebook.com/baiyengouyoucai/
https://newtalk.tw/news/tag/%E5%8A%89%E9%BB%8E%E5%85%92%E8%A7%80%E9%BB%9E
http://www.ettoday.net/news/news-list-2014-03-03-0.htm
https://boba.ettoday.net/video/234/332/63162
https://events.ettoday.net/activity/dalemon_work/article/24408/last
https://pgw.udn.com.tw/gw/photo.php?u=https://uc.udn.com.tw/photo/2020/03/02/1/7542097.png&x=0&y=0&sw=0&sh=0&sl=W&fw=1050
https://www.hpa.gov.tw/Pages/List.aspx?nodeid=69
http://line.naver.jp/R/msg/text/?有些話跟誰說都沒有用%0D%0Ahttps://events.ettoday.net/activity/dalemon_readbeanQQ/article/26083
https://twitter.com/hashtag/StayHome?src=hash
https://zh.wikipedia.org/wiki/%E5%8A%89%E8%87%B4%E6%A6%AE
https://today.line.me/tw/pc/article/%E9%81%AD%E8%B3%AA%E7%96%91%E5%AD%A4%E7%AB%8B%E5%8F%B0%E7%81%A3%E3%80%80%E8%AD%9A%E5%BE%B7%E5%A1%9E%E3%80%8C%E6%83%A6%E6%83%A6%E3%80%8DWHO%E7%B5%A6%E7%AD%94%E6%A1%88-aLv512
https://www.vghtpe.gov.tw/../vghtpe/files/phone_syspro.pdf
https://www.feds.com.tw/tw/34
https://udn.com/news/cate/2/6639
https://www.mirrormedia.mg/story/20181120inv020/
https://upoints.udn.com/upt/index.jsp?utm_source=head
https://newtalk.tw/news/tag/%E5%8B%9D%E5%88%A9%E8%8A%B1%E5%9C%92
http://www.unitas.me/?cat=741
https://web.archive.org/web/20190529043001/https://newtalk.tw/news/view/2018-11-23/171083
https://www.ctwant.com/category/生活/綜合
http://chart.apis.google.com/chart?cht=qr&choe=UTF-8&chs=300x300&chl=https://www.ettoday.net/news/20200415/1692164.htm
https://www.facebook.com/dialog/share?app_id=1996449477296165&display=popup&href=http://ulicensing.udnfunlife.com/news.php?i=32&redirect_uri=http://ulicensing.udnfunlife.com/
https://newtalk.tw/news/tag/%E6%96%B0%E5%86%A0%E8%82%BA%E7%82%8E
https://www.ettoday.net/feature/ufo/944/2
https://sports.ettoday.net/news/1690729
https://events.ettoday.net/activity/ghost2018/159
https://pgw.udn.com.tw/gw/photo.php?u=https://uc.udn.com.tw/photo/2020/03/01/1/7535088.jpg&x=0&y=0&sw=0&sh=0&sl=W&fw=1050
https://www.hpa.gov.tw/Pages/List.aspx?nodeid=141
http://line.naver.jp/R/msg/text/? 2018年 LIMA亞洲授權業卓越大獎現正接受提名%0D%0Ahttp://ulicensing.udnfunlife.com/news.php?i=37
https://twitter.com/HawleyMO/status/1250621962092765189
https://zh.wikipedia.org/wiki/%E5%8F%88%E4%B8%80%E5%9F%8E%E8%AD%A6%E6%B0%91%E8%A1%9D%E7%AA%81
https://today.line.me/tw/pc/article/%E5%B7%9D%E6%99%AE%E6%96%B7%E9%87%91%E6%8F%B4%E8%AD%9A%E5%BE%B7%E5%A1%9E%E5%9B%9E%E6%87%89%E3%80%80%E7%A5%AD%E3%80%8C%E4%B8%80%E4%B8%AD%E3%80%8D%E6%93%8B%E7%AE%AD%E7%89%8C%E9%81%BF%E5%9B%9E%E5%8F%B0%E7%81%A3%E6%97%A9%E6%9C%9F%E7%A4%BA%E8%AD%A6-MYvYlM
https://www.vghtpe.gov.tw/Fpage.action?muid=3013&fid=2107
https://www.feds.com.tw/tw/Search/Keyword?SearchType=firstword&amp;Keyword=L
https://udn.com/item.cateLink
https://www.mirrormedia.mg/story/20200413inv013
https://style.udn.com/style/?list_ch2_indexgold
https://newtalk.tw/news/tag/%E4%B8%AD%E5%85%B1
http://www.unitas.me/?p=13288
https://web.archive.org/web/20121010223433/http://hk.news.yahoo.com/%E9%A6%99%E6%B8%AF%E8%9F%AC%E8%81%AF%E5%85%A8%E7%90%83%E7%AB%B6%E7%88%AD%E5%8A%9B%E5%86%A0%E8%BB%8D-211338063.html
https://www.youtube.com/watch?v=RAvUEkmOol8&amp;t=0h22m51s
https://www.facebook.com/dialog/share?app_id=1996449477296165&display=popup&href=http://ulicensing.udnfunlife.com/news.php?i=71&redirect_uri=http://ulicensing.udnfunlife.com/
https://newtalk.tw/news/author/%E6%A5%8A%E7%91%BE%E9%8C%9A
https://www.ettoday.net/feature/ufo/944/2
https://star.ettoday.net/news/1685756
https://events.ettoday.net/activity/dalemon_horror/article/24584/last
https://pgw.udn.com.tw/gw/photo.php?u=https://uc.udn.com.tw/photo/2020/03/06/99/7560864.jpg&x=0&y=0&sw=0&sh=0&sl=W&fw=1050
https://www.hpa.gov.tw/Pages/List.aspx?nodeid=68
http://line.naver.jp/R/msg/text/?一起和貓小姐 Ms.Cat 與 Queen Shop 登入喵星球吧！%0D%0Ahttp://ulicensing.udnfunlife.com/project.php?i=54
https://twitter.com/newtalk_tw/status/1131855478244331521
https://zh.wikipedia.org/wiki/%E5%91%A8%E5%A4%A9%E6%88%90
https://today.line.me/tw/pc/article/%E7%99%BB%E5%B1%B1%E5%AE%A2%E5%BF%85%E7%9C%8B%EF%BC%81%E5%81%9A%E5%A5%BD%E9%80%99%E4%BA%9B%E6%BA%96%E5%82%99%E4%B8%8D%E7%95%99%E9%81%BA%E6%86%BE-Wjr90Q
https://www.vghtpe.gov.tw/vghtpe/files/PDF/thank/108年2月感謝函.pdf
https://www.feds.com.tw/tw/Shop/Index/11
https://udn.com/page/topic/16990
https://www.mirrormedia.mg/category/column
https://vision.udn.com/
https://newtalk.tw/news/tag/Er
http://www.unitas.me/?cat=765
https://web.archive.org/web/20191218081554/https://www.mirrormedia.mg/video/5ddd3045e57111531e3563c7
https://www.youtube.com/watch?v=zCzv3-Mqs58&amp;list=PLr8iY2AvgOL2XDKsLa94EBzttqaPNx4lL&amp;index=3
https://www.facebook.com/dialog/share?app_id=1996449477296165&display=popup&href=http://ulicensing.udnfunlife.com/news.php?i=56&redirect_uri=http://ulicensing.udnfunlife.com/
https://newtalk.tw/news/author/%E8%95%AD%E5%BE%90%E8%A1%8C
https://www.ettoday.net/news/20200104/1617559.htm?ercamp=sorted_hot_news
https://fashion.ettoday.net/news/1686815/
https://events.ettoday.net/activity/dalemon_Shitpost/article/23391/last
https://pgw.udn.com.tw/gw/photo.php?u=https://uc.udn.com.tw/photo/2019/01/04/draft/5750684.jpg&amp;x=0&amp;y=0&amp;sw=0&amp;sh=0&amp;exp=3600
https://www.hpa.gov.tw/Pages/List.aspx?nodeid=45
http://line.naver.jp/R/msg/text/?年過半百還放閃？「好啦被閃的心甘情願。」%0D%0Ahttps://events.ettoday.net/activity/dalemon_work/article/31398
https://twitter.com/hashtag/CORONAVIRES?src=hash
https://zh.wikipedia.org/wiki/%E5%B7%A6%E7%87%9F%E5%8D%80
https://today.line.me/tw/pc/article/%E3%80%90%E8%AC%A0%E8%A8%80%E3%80%91%E9%9D%9E%E6%B4%B2%E9%80%99%E6%A8%A3%E8%99%95%E7%90%86%E5%9B%A0%E6%AD%A6%E6%BC%A2%E8%82%BA%E7%82%8E%E6%AD%BB%E5%8E%BB%E7%9A%84%E4%BA%BA%E5%BD%B1%E7%89%87%EF%BC%9F%E6%99%82%E7%A9%BA%E8%AA%A4%E5%B0%8E%E8%A8%8A%E6%81%AF-MY3lmw
https://www.vghtpe.gov.tw/vghtpe/files/PDF/thank/106%E5%B9%B410%E6%9C%88%E6%84%9F%E8%AC%9D%E5%87%BD.pdf
https://www.feds.com.tw/tw/Shop/Detail/10853
https://udn.com/lotto/
https://www.mirrormedia.mg/category/superstar
https://story.udn.com/StoreMore.do?mid=66
https://newtalk.tw/news/view/2020-04-15/391638
http://www.unitas.me/?cat=807
https://web.archive.org/web/20191121032154/https://www.cna.com.tw/news/firstnews/201911200345.aspx
https://www.youtube.com/channel/UC-9-kyTW8ZkZNDHQJ6FgpwQ
https://www.facebook.com/dialog/share?app_id=1996449477296165&display=popup&href=http://ulicensing.udnfunlife.com/news.php?i=83&redirect_uri=http://ulicensing.udnfunlife.com/
https://newtalk.tw/news/view/2020-01-21/357211
https://www.ettoday.net/news/20200415/1692484.htm
https://sports.ettoday.net/news-search.phtml?keywords=亞利桑那
https://events.ettoday.net/activity/singapore2018upload/article/22697/last
https://pgw.udn.com.tw/gw/photo.php?u=https://uc.udn.com.tw/photo/2020/02/19/1/7489891.jpg&s=Y&x=4&y=8&sw=1276&sh=952&sl=W&fw=1050
https://www.hpa.gov.tw/Pages/List.aspx?nodeid=118
http://line.naver.jp/R/msg/text/?墨寶必去超美Kawasan Fall！挑戰體力極限 6小時溯溪無冷場%0D%0Ahttps://events.ettoday.net/activity/dalemon_Yummy/article/31750
https://twitter.com/DrTedros/status/1223288481159503873
https://zh.wikipedia.org/wiki/%E9%99%B3%E7%82%BA%E5%BB%B7
https://today.line.me/tw/pc/article/%E7%94%A8%E5%8F%B2%E8%90%8A%E5%A7%86%E6%8A%B5%E6%8A%97%E6%96%B0%E5%86%A0%E8%82%BA%E7%82%8E+%E7%82%BA%E8%AE%93%E5%96%9C%E6%AD%A1%E5%8F%B2%E8%90%8A%E5%A7%86%E7%9A%84%E5%A5%B3%E5%85%92%E6%88%B4%E5%8F%A3%E7%BD%A9%EF%BC%8C%E5%AA%BD%E5%AA%BD%E8%87%AA%E8%A3%BD%E6%B3%A1%E6%B2%AB%E5%8F%B2%E8%90%8A%E5%A7%86%E5%8F%A3%E7%BD%A9-jQJkza
https://www.vghtpe.gov.tw/Fpage.action?muid=7175&fid=7494
https://www.feds.com.tw/tw/About/PIPP
https://udn.com/ctba/cate/12856
https://www.mirrormedia.mg/category/news
https://story.udn.com/StoreBook.do?id=148008
https://newtalk.tw/news/view/2019-06-13/259174
http://www.unitas.me/?cat=746
https://web.archive.org/web/20190525091631/https://udn.com/news/story/10958/3428536
https://www.youtube.com/watch?v=cCBvGrwvGA4&amp;list=PLr8iY2AvgOL2XDKsLa94EBzttqaPNx4lL&amp;index=22
https://www.facebook.com/UDNtime/
https://newtalk.tw/news/view/2020-04-16/391888
https://www.ettoday.net/news/20200416/1692762.htm
https://boba.ettoday.net/video_tag/吃上癮
https://events.ettoday.net/activity/dalemon_Shitpost/article/23768
https://pgw.udn.com.tw/gw/photo.php?u=https://uc.udn.com.tw/photo/2020/03/06/1/7557296.jpeg&s=Y&x=0&y=106&sw=1280&sh=854&sl=W&fw=1050
https://www.hpa.gov.tw/Pages/List.aspx?nodeid=13
http://line.naver.jp/R/msg/text/?我...錯了嗎？%0D%0Ahttps://events.ettoday.net/activity/dalemon_readbeanQQ/article/26115
https://twitter.com/hashtag/essentialworker?src=hash
https://zh.wikipedia.org/wiki/%E9%9F%B3%E6%A8%82%E5%BD%B1%E7%89%87
https://today.line.me/tw/pc/article/%E4%B9%96%E4%B9%96%E7%89%8C%E5%B0%91%E5%A5%B3%E6%9C%80%E5%8F%9B%E9%80%86%E7%9A%84%E6%B1%BA%E5%AE%9A+%E4%B8%80%E9%A6%96%E3%80%8A%E8%A8%80%E4%B8%8D%E7%94%B1%E8%A1%B7%E3%80%8B%E5%94%B1%E5%87%BA%E8%87%AA%E6%88%91+%E7%8D%A8%E4%B8%80%E7%84%A1%E4%BA%8C%E7%9A%84%E6%9D%8E%E4%BD%B3%E6%AD%A1-gYZXp2
https://www.vghtpe.gov.tw/../vghtpe/Fpage.action?fid=2572
https://www.feds.com.tw/shareholder/vouchers.html
https://udn.com/news/story/6898/3746923?from=udn-referralnews_ch1004artbottom
https://www.mirrormedia.mg/topic/5d8c26c23c4cad5f87630d37
https://story.udn.com/typography.html
https://newtalk.tw/news/tag/%E7%A4%BE%E6%9C%83
http://www.unitas.me/?cat=756
https://web.archive.org/web/20150626135149/http://i.ifeng.com/news/sharenews.f?aid=96447030
https://www.youtube.com/watch?v=RV9X_1u74vw
https://www.facebook.com/sharer.php?u=https://star.ettoday.net/news/1692529?from=fb_share_web
https://newtalk.tw/news/author/%E5%91%A8%E5%AE%B6%E8%B1%AA
https://www.ettoday.net/news/20200416/1692762.htm
https://boba.ettoday.net/video/233/401/71624
https://events.ettoday.net/activity/singapore2018upload/article/22986/last
https://pgw.udn.com.tw/gw/photo.php?u=https://uc.udn.com.tw/photo/2020/03/01/1/7535118.jpg&x=0&y=0&sw=0&sh=0&sl=W&fw=1050
https://www.hpa.gov.tw/Pages/Detail.aspx?nodeid=92&pid=11208
http://line.naver.jp/R/msg/text/?全球授權業持續火熱，台灣肥貓從日本熱回福隆沙灘%0D%0Ahttp://ulicensing.udnfunlife.com/news.php?i=22
https://twitter.com/hashtag/Whistleblowers?src=hash
https://zh.wikipedia.org/wiki/2019%E5%B9%B48%E6%9C%88%E5%8C%85%E5%9C%8D%E8%AD%A6%E7%BD%B2%E4%BA%8B%E4%BB%B6
https://social-plugins.line.me/lineit/share?url=https://theme.udn.com/theme/story/7490/4484098?utm_source=themelinemobile%26utm_medium=share%26f=lineshare
https://www.vghtpe.gov.tw/../pdf/vgh1061013.pdf
https://www.feds.com.tw/tw/FashionFocus/Detail/195
https://udn.com/rank/pv/2
https://www.mirrormedia.mg/story/20181120inv019/
https://story.udn.com/StoreSearch.do?kw=蘭陵公主
https://newtalk.tw/news/category/4/%E7%92%B0%E4%BF%9D%E5%8F%B8%E6%B3%95
http://www.unitas.me/?p=13683
https://web.archive.org/web/20191119064015/https://www.cna.com.tw/news/firstnews/201911195004.aspx
http://chart.apis.google.com/chart?cht=qr&choe=UTF-8&chs=300x300&chl=https://www.ettoday.net/news/20200404/1683764.htm
https://www.facebook.com/Official.YellowBook/
https://newtalk.tw/videos/4
https://www.ettoday.net/news/tag/150/
https://sports.ettoday.net/news-search.phtml?keywords=ATP
https://events.ettoday.net/activity/singapore2018upload/article/22642/last
https://pgw.udn.com.tw/gw/photo.php?u=https://uc.udn.com.tw/photo/2020/03/06/1/7557174.jpg&x=0&y=0&sw=0&sh=0&sl=W&fw=1050
https://www.hpa.gov.tw/Pages/List.aspx?nodeid=81
http://line.naver.jp/R/msg/text/?【而立獨旅】STEP 1 花蓮｜太魯閣清水斷崖、燕子洞%0D%0Ahttps://events.ettoday.net/activity/dalemon_Yummy/article/26092
https://twitter.com/the_mosquito69
https://zh.wikipedia.org/wiki/File:Tai_Tzu_Ying_1.jpg
https://today.line.me/tw/pc/article/%E6%AE%98%E5%BF%B5%EF%BC%81%E4%BB%8D%E6%98%AF%E4%B8%AD%E5%9C%8B%E5%B0%88%E5%B1%AC+VW+Tayron+X+Coupe+SUV%E5%BB%A0%E7%85%A7%E5%85%AC%E9%96%8B-6l5n7X
http://www.vghtpe.gov.tw/vghtpe/files/PDF/thank/105%E5%B9%B48%E6%9C%88%E6%84%9F%E8%AC%9D%E5%87%BD.pdf
https://www.feds.com.tw/tw/FashionFocus/Index/8
https://udn.com/news/story/7005/4351471?from=udn-referralnews_ch1004artbottom
https://www.mirrormedia.mg/author/5866056c3c1f950d00ce2827
https://mobile.udn.com/iae/
https://newtalk.tw/news/tag/%E9%AB%94%E8%82%B2
http://www.unitas.me/?cat=826
https://web.archive.org/web/20160304201231/http://www.gwangju2015.com/IRS/eng/zb/engzb_badminton_biography_overview_n6305235_tai_tzu_ying.htm
https://www.youtube.com/watch?v=KCnJNHNGMRk
https://www.facebook.com/pg/Official.YellowBook
https://newtalk.tw/news/view/2020-04-15/391938
http://www.ettoday.net/news/news-list-2012-03-12-0.htm
https://boba.ettoday.net/video/233/443/83413
https://events.ettoday.net/activity/dalemon_work/article/23594/last
https://pgw.udn.com.tw/gw/photo.php?u=https://uc.udn.com.tw/photo/2020/03/02/1/7541926.jpg&x=0&y=0&sw=0&sh=0&sl=W&fw=1050
https://www.hpa.gov.tw/Pages/List.aspx?nodeid=96
http://line.naver.jp/R/msg/text/?公司簡介%0D%0Ahttp://ulicensing.udnfunlife.com/index.php?i=2
https://twitter.com/SarahGu91321375
https://bcl.wikipedia.org/wiki/Xi_Jinping
https://today.line.me/tw/pc/article/%E4%B8%8D%E8%80%81%E7%9F%B3%E4%BD%9B%E4%B8%AD%E6%B5%81%E7%A0%A5%E6%9F%B1+%E9%A6%AC%E5%88%BA%E8%BC%9D%E7%85%8C%E5%B9%B4%E4%BB%A3%E4%B8%8D%E6%9C%BD%E7%A3%90%E7%9F%B3%E3%80%90NBA+%E7%B2%BE%E5%BD%A9%E5%A5%BD%E7%90%83%E3%80%91-PQMwqo
https://www.vghtpe.gov.tw/Fpage.action?muid=1499&fid=1341
https://www.feds.com.tw/tw/Food
https://udn.com/search/word/2/iPhone
https://www.mirrormedia.mg/story/20200309inf002/index.html?utm_source=feed_related&amp;utm_medium=ettoday
https://theme.udn.com/theme/story/6775/4347193?from=udn-referralnews_ch1004artbottom
https://newtalk.tw/news/author/%E5%BC%B5%E5%93%B2%E7%91%8B
http://www.unitas.me/?p=13674
https://web.archive.org/web/20090618191727/http://www.gov.hk/tc/about/abouthk/factsheets/docs/judiciary.pdf
https://www.youtube.com/watch?v=nHXv3MtSocs
https://www.facebook.com/sharer.php?u=https://star.ettoday.net/news/1691594?from=fb_share_web
https://newtalk.tw/news/tag/%E5%8F%A3%E7%BD%A9
http://www.ettoday.net/news/news-list-2014-12-13-0.htm
https://boba.ettoday.net/video/229/639/169366
https://events.ettoday.net/activity/dalemon_Yummy/article/23472/last
https://pgw.udn.com.tw/gw/photo.php?u=https://uc.udn.com.tw/photo/2020/03/06/99/7560876.jpg&x=0&y=0&sw=0&sh=0&sl=W&fw=1050
https://www.hpa.gov.tw/Pages/List.aspx?nodeid=110
http://line.naver.jp/R/msg/text/?我們是誰%0D%0Ahttps://events.ettoday.net/activity/dalemon_inlove/article/26128
https://twitter.com/V2019N
https://zh.wikipedia.org/w/index.php?title=%E8%B6%99%E5%85%83%E5%90%8C&amp;action=edit&amp;redlink=1
https://today.line.me/tw/pc/article/%E4%B8%80%E6%97%A6%E7%99%BC%E4%BD%9C%E5%8F%AF%E8%83%BD%E5%96%AA%E5%91%BD%EF%BC%81%E8%BA%AB%E9%AB%94%E5%8F%97%E5%82%B7%E7%82%BA%E4%BB%80%E9%BA%BC%E8%A6%81%E6%89%93%E3%80%8C%E7%A0%B4%E5%82%B7%E9%A2%A8%E3%80%8D%EF%BC%9F-NkoPWP
https://www.vghtpe.gov.tw/vghtpe/files/PDF/thank/108年11月感謝函.pdf
https://www.feds.com.tw/tw/Edm/List?EdmMallId=37
https://udn.com/news/cate/2/7227?list_ch2_index
https://www.mirrormedia.mg/story/20170417inv007/
https://opinion.udn.com/opinion/story/120611/4477115
https://newtalk.tw/news/tag/%E7%A7%91%E6%8A%80
http://www.unitas.me/?author=28
https://web.archive.org/web/20171105060440/http://www.cdnews.com.tw/cdnews_site/docDetail.jsp?coluid=121&amp;docid=100980975
https://www.youtube.com/watch?v=deXtVF5XBlY
https://www.facebook.com/dialog/share?app_id=1996449477296165&display=popup&href=http://ulicensing.udnfunlife.com/news.php?i=68&redirect_uri=http://ulicensing.udnfunlife.com/
https://newtalk.tw/news/tag/%E6%A9%9F%E5%99%A8%E4%BA%BA
http://www.ettoday.net/news/news-list-2017-11-14-0.htm
https://boba.ettoday.net/video/234/321/60712
https://events.ettoday.net/activity/dalemon_readbeanQQ/article/23567/last
https://pgw.udn.com.tw/gw/photo.php?u=https://uc.udn.com.tw/photo/2020/02/20/1/7495322.jpg&x=0&y=0&sw=0&sh=0&sl=W&fw=1050
https://www.hpa.gov.tw/Pages/List.aspx?nodeid=49
http://line.naver.jp/R/msg/text/?不保養會不會是最好的保養%0D%0Ahttps://events.ettoday.net/activity/dalemon_Shitpost/article/26773
https://twitter.com/DrTedros/status/1250498543187623936
https://zh.wikipedia.org/wiki/%E4%B8%AD%E5%A4%AE%E5%A4%96%E4%BA%8B%E5%B7%A5%E4%BD%9C%E5%A7%94%E5%91%98%E4%BC%9A
https://today.line.me/tw/pc/article/%E5%AE%85%E5%B1%85%E7%94%9F%E6%B4%BB%E8%A9%B2%E5%A6%82%E4%BD%95%E6%89%BE%E5%88%B0%E6%96%B0%E6%A8%82%E8%B6%A3%EF%BC%9F%E9%BB%9E%E9%96%8BAirbnb%E5%9C%A8%E5%AE%B6%E9%AB%94%E9%A9%97%E5%90%84%E5%9C%B0%E6%96%87%E5%8C%96-prjLDe
https://www.vghtpe.gov.tw/vghtpe/files/PDF/thank/106%E5%B9%B42%E6%9C%88%E6%84%9F%E8%AC%9D%E5%87%BD.pdf
https://www.feds.com.tw/tw/Search/Keyword?SearchType=firstword&amp;Keyword=F
https://udn.com/ctba/search/tagging/8007/%E7%A9%80%E4%BF%9D
https://www.mirrormedia.mg/story/20200414ent008/
https://mobile.udn.com/reading/
https://newtalk.tw/news/view/2020-04-16/392227
http://www.unitas.me/?cat=883
https://web.archive.org/web/20181210113216/http://news.ltn.com.tw/news/politics/breakingnews/1889195
https://www.youtube.com/watch?v=DxFvoMTxwVY
https://www.facebook.com/dialog/share?app_id=1996449477296165&display=popup&href=http://ulicensing.udnfunlife.com/news.php?i=44&redirect_uri=http://ulicensing.udnfunlife.com/
https://newtalk.tw/news/tag/%E9%81%A0%E8%B7%9D%E4%B8%8A%E7%8F%AD
https://travel.ettoday.net/category/高雄美食/
https://movies.ettoday.net/tag.phtml?keyword=%E9%8F%A1%E9%80%B1%E5%88%8A
https://events.ettoday.net/activity/dalemon_Yummy/
https://pgw.udn.com.tw/gw/photo.php?u=https://uc.udn.com.tw/photo/2020/03/06/1/7557306.jpeg&x=0&y=0&sw=0&sh=0&sl=W&fw=1050
https://www.hpa.gov.tw/Pages/List.aspx?nodeid=1537
http://line.naver.jp/R/msg/text/?鍾文榮 | 鍾文榮專欄%0D%0Ahttps://forum.ettoday.net/column/news/鍾文榮
https://twitter.com/WHO/status/1250447216847847426
https://zh.wikipedia.org/wiki/%E5%8A%89%E7%82%B3%E5%81%89
https://today.line.me/tw/pc/article/%E6%97%A5%E5%A6%9E%E6%9C%80%E6%8E%A8%EF%BC%8C%E4%BB%8A%E6%98%A5%E7%84%A1%E5%8D%B0%E8%89%AF%E5%93%81%E6%9C%80%E7%87%92%E7%9A%84%E4%BA%94%E5%80%8B%E5%8C%96%E5%A6%9D%E5%93%81%EF%BC%8C%E6%AF%8F%E4%B8%80%E9%A0%85%E9%83%BD%E8%B6%85%E5%AF%A6%E7%94%A8%EF%BD%9C%E5%BD%A9%E5%A6%9D%E6%8E%A8%E8%96%A6-qjQQ3G
https://www.vghtpe.gov.tw/Fpage.action?muid=5&fid=7818
https://www.feds.com.tw/tw/Shop/Index/1181
https://udn.com/news/story/120944/4495763
https://www.mirrormedia.mg/story/20200414ent005/
https://nba.udn.com/nba/index?familybar_hide
https://newtalk.tw/news/tag/%E5%B7%B4%E8%8F%B2%E7%89%B9
http://www.unitas.me/?cat=752
https://web.archive.org/web/20150319130156/http://books.google.com/books?id=DavAAAAAQBAJ
http://www.youtube.com/results?search_query=%23%E6%AF%8F%E9%80%B1%E4%BA%94%E6%99%9A%E4%B8%8A9%E9%BB%9E%E6%BA%96%E6%99%82%E4%B8%8A%E7%B7%9A
https://www.facebook.com/dialog/share?app_id=1996449477296165&display=popup&href=http://ulicensing.udnfunlife.com/news.php?i=49&redirect_uri=http://ulicensing.udnfunlife.com/
https://newtalk.tw/citizen/author/11964
https://travel.ettoday.net/category/高雄美食/
https://sports.ettoday.net/news/1689500
https://events.ettoday.net/activity/dalemon_inlove/article/25202/last
https://pgw.udn.com.tw/gw/photo.php?u=https://uc.udn.com.tw/photo/2020/02/25/99/7517778.jpg&s=Y&x=28&y=4&sw=1210&sh=486&sl=W&fw=1050
https://www.hpa.gov.tw/../Pages/List.aspx?nodeid=162
http://line.naver.jp/R/msg/text/?啵啵妮圖像主題 親子手作複合形象店新開幕！%0D%0Ahttp://ulicensing.udnfunlife.com/news.php?i=32
https://twitter.com/Pseudosouschef1/status/1250624257983422466
https://zh.wikipedia.org/wiki/%E6%88%BF%E5%B3%B0%E8%BE%89
https://today.line.me/tw/pc/article/%E6%99%9D%E6%9A%96%E5%A4%9C%E6%B6%BC%E8%87%B3%E4%B8%8B%E9%80%B1%E4%B8%80%E3%80%80%E9%80%B1%E4%BA%8C%E8%B5%B7%E6%BF%95%E6%B6%BC%E5%A4%9A%E9%9B%A8-1EO7G8
https://www.vghtpe.gov.tw/Fpage.action?muid=1487&fid=1302
https://www.feds.com.tw/tw/53
https://udn.com/news/cate/2/6645
https://www.mirrormedia.mg/section/foodtravel
https://theme.udn.com/theme/story/11963/3560998
https://newtalk.tw/news/view/2020-04-15/391580
http://www.unitas.me/?cat=927
https://web.archive.org/web/20190712144909/https://news.mingpao.com/pns/%25E8%25A6%2581%25E8%2581%259E/article/20190615/s00001/1560537728201/%25E3%2580%258C%25E8%25A6%2581%25E5%259C%25A8%25E4%25BB%2594%25E5%25A5%25B3%25E6%259C%25AA%25E8%25A2%25AB%25E6%25A7%258D%25E6%25AE%25BA%25E5%2589%258D%25E7%25B5%2584%25E7%25B9%2594%25E8%25B5%25B7%25E4%25BE%2586%25E3%2580%258D-6000%25E9%25A6%2599%25E6%25B8%25AF%25E5%25AA%25BD%25E5%25AA%25BD-%25E4%25B8%258D%25E5%2581%259A%25E5%25A4%25A9%25E5%25AE%2589%25E9%2596%2580%25E6%25AF%258D%25E8%25A6%25AA
https://www.youtube.com/channel/UC4R8DWoMoI7CAwX8_LjQHig
https://www.facebook.com/dialog/share?app_id=1996449477296165&display=popup&href=http://ulicensing.udnfunlife.com/news.php?i=65&redirect_uri=http://ulicensing.udnfunlife.com/
https://newtalk.tw/news/view/2020-04-15/391584
https://www.ettoday.net/news/focus/3C家電/家電/
https://boba.ettoday.net/video/229/672/209815
https://events.ettoday.net/activity/singapore2018upload/article/22766/last
https://pgw.udn.com.tw/gw/photo.php?u=https://uc.udn.com.tw/photo/2020/02/28/1/7531240.jpg&x=0&y=0&sw=0&sh=0&sl=W&fw=1050
https://www.hpa.gov.tw/Pages/List.aspx?nodeid=77
https://line.naver.jp/
https://twitter.com/newtalk_tw/status/1124148826636529664
https://zh.wikipedia.org/wiki/%E6%9E%97%E6%98%A5%E5%BE%B7
https://lineit.line.me/share/ui?url=https://newtalk.tw/news/view/2020-04-16/392245
https://www.vghtpe.gov.tw/Fpage.action?muid=7728&fid=8033
https://www.feds.com.tw/tw/Shop/Index/10
https://udn.com/news/story/6897/4393696?from=udn-referralnews_ch1004artbottom
https://www.mirrormedia.mg/story/20161228corpmkt001/
https://opinion.udn.com/opinion/story/12626/4488054
https://newtalk.tw/news/tag/%E8%A6%AA%E6%83%85%E8%8A%AC%E5%A4%9A%E7%B2%BE
http://www.unitas.me/?p=13910
https://web.archive.org/web/20160204110924/http://news.ltn.com.tw/news/life/paper/468000
https://www.youtube.com/watch?v=5xN9EVrMRng
http://www.facebook.com/100000036065699
https://newtalk.tw/news/tag/%E6%87%89%E7%94%A8%E7%A8%8B%E5%BC%8F
https://www.ettoday.net/news/focus/3C家電/家電/
https://sports.ettoday.net/news-search.phtml?keywords=林布隆
https://events.ettoday.net/activity/singapore2018upload/article/22711/last
https://pgw.udn.com.tw/gw/photo.php?u=https://uc.udn.com.tw/photo/2020/03/08/99/7569096.jpg&s=Y&x=10&y=12&sw=1266&sh=948&sl=W&fw=1050
https://www.hpa.gov.tw/Pages/List.aspx?nodeid=136
http://line.naver.jp/R/msg/text/?貓小姐Ms.Cat聯名旅行箱新登場，帶貓一起旅行吧！%0D%0Ahttp://ulicensing.udnfunlife.com/news.php?i=79
https://twitter.com/newtalk_tw/status/1131826799002804225
https://zh.wikipedia.org/wiki/%E6%B6%88%E8%B2%BB%E8%80%85
https://today.line.me/tw/pc/article/%E8%BC%95%E7%A2%B0%E5%B0%B1%E7%98%80%E9%9D%92%EF%BC%9F+%E4%B8%8D%E6%98%AF%E7%9A%AE%E8%86%9A%E5%AB%A9%EF%BC%8C%E7%95%B6%E5%BF%83%E8%BA%AB%E9%AB%94%E6%BD%9B%E8%97%8F4%E7%96%BE%E7%97%85-ZNm8Mj
https://www.vghtpe.gov.tw/Fpage.action?muid=1484&fid=1299
https://www.feds.com.tw/tw/Edm/List?EdmMallId=34
https://udn.com/search/tagging/2/%E5%8D%9A%E7%89%A9%E9%A4%A8
https://www.mirrormedia.mg/category/journalistsnote
https://story.udn.com/StoreBook.do?id=184148
https://newtalk.tw/news/view/2020-04-16/392196
http://www.unitas.me/?author=341
https://web.archive.org/web/20170402220952/https://hk.news.yahoo.com/%e7%91%9e%e5%a3%ab%e8%9f%ac%e8%81%af%e5%85%a8%e7%90%83%e5%89%b5%e6%96%b0%e6%8c%87%e6%95%b8%e6%a6%9c%e9%a6%96-%e9%a6%99%e6%b8%af%e6%8e%92%e7%ac%ac%e5%85%ab-011700283.html
https://www.youtube.com/watch?v=cR6N_39Ce8o&amp;t=0h0m0s
http://www.facebook.com/724776877627701
https://newtalk.tw/news/tag/%E6%96%B0%E5%86%A0%E7%8B%80%E7%97%85%E6%AF%92
http://www.ettoday.net/news/news-list-2012-06-27-0.htm
https://boba.ettoday.net/video_tag/新冠肺炎/10
https://events.ettoday.net/activity/dalemon_work/180
https://pgw.udn.com.tw/gw/photo.php?u=https://uc.udn.com.tw/photo/2018/04/09/draft/4636025.jpg&amp;x=0&amp;y=0&amp;sw=0&amp;sh=0&amp;sl=W&amp;fw=1050&amp;exp=3600
https://www.hpa.gov.tw/Pages/List.aspx?nodeid=119
http://line.naver.jp/R/msg/text/?被煙味弄的沒生活品質%0D%0Ahttps://events.ettoday.net/activity/dalemon_readbeanQQ/article/26127
https://twitter.com/DrTedros/status/1250498917860605953
https://zh.wikipedia.org/wiki/%E9%A6%99%E6%B8%AF%E6%B8%85%E6%9C%9D%E5%88%9D%E6%9C%9F%E6%AD%B7%E5%8F%B2
https://today.line.me/tw/pc/article/SBL%EF%BC%8F%E8%B8%8F%E5%87%BA%E7%AC%AC%E4%B8%80%E6%AD%A5%EF%BC%81%E6%9E%97%E5%AE%9C%E8%BC%9D%E7%9B%BC%E8%81%AF%E6%89%8B%E5%B8%83%E6%8B%89%E5%86%8D%E6%8B%BF%E4%B8%80%E5%86%A0-gYk1jG
https://www.vghtpe.gov.tw/vghtpe/files/PDF/pub/work3.pdf
https://www.feds.com.tw/tw/Search/Keyword?SearchType=firstword&amp;Keyword=O
https://udn.com/ctba/story/12960/4471480
https://www.mirrormedia.mg/story/20200313inf001/index.html?utm_source=feed_related&amp;utm_medium=ettoday
https://story.udn.com/StoreBook.do?id=181288
https://newtalk.tw/news/view/2020-04-16/392192
http://www.unitas.me/?cat=730
https://web.archive.org/web/20070928010244/http://www.gov.hk/tc/about/abouthk/factsheets/docs/towns%26urban_developments.pdf
https://www.youtube.com/watch?v=iRtfXf1EC0M
http://www.facebook.com/602372797274103
https://newtalk.tw/news/tag/%E9%BB%91%E9%AC%BC
http://www.ettoday.net/news/news-list-2013-08-24-0.htm
https://movies.ettoday.net/news/1665411
https://events.ettoday.net/activity/dalemon_Yummy/article/23545/last
https://pgw.udn.com.tw/gw/photo.php?u=https://uc.udn.com.tw/photo/2020/02/25/1/7513221.jpg&s=Y&x=0&y=0&sw=944&sh=629&sl=W&fw=1050
https://www.hpa.gov.tw/Pages/List.aspx?nodeid=36
http://line.naver.jp/R/msg/text/?用雞胸脯做了壹道【黃金脆皮雞】｜酸味醇正｜口感酥脆｜色澤誘人｜%0D%0Ahttps://events.ettoday.net/activity/dalemon_Yummy/article/26094
https://twitter.com/hashtag/India?src=hash
https://zh.wikipedia.org/wiki/%E9%AA%86%E6%83%A0%E5%AE%81
https://lineit.line.me/share/ui?url=https://newtalk.tw/citizen/view/56192
https://www.vghtpe.gov.tw/Fpage.action?muid=1497&fid=7817
https://www.feds.com.tw/tw/Event/List?tab=all-listing
https://udn.com/news/story/6928/4412945?from=udn-referralnews_ch1004artbottom
https://www.mirrormedia.mg/category/car_focus
https://stars.udn.com/star/story/10091/4358880
https://newtalk.tw/news/tag/Whoru
http://www.unitas.me/?author=339
https://web.archive.org/web/20200303104958/https://tw.news.yahoo.com/%e6%9f%af%e4%bd%b3%e5%ac%bf%e6%89%ae%e9%ab%98%e4%b8%ad%e5%a6%b9%e4%b8%8d%e9%81%95%e5%92%8c-1%e5%a5%b3%e6%88%b03%e5%b8%a5%e8%b6%85%e7%87%92%e8%85%a6-051559402.html
https://www.youtube.com/watch?v=PD9-z5UTkUU&amp;list=PLr8iY2AvgOL2XDKsLa94EBzttqaPNx4lL&amp;index=7
https://www.facebook.com/drtcmdavidkuo/?fref=ts
https://newtalk.tw/news/tag/%E6%94%BF%E6%B2%BB
http://www.ettoday.net/news/news-list-2019-03-28-0.htm
https://boba.ettoday.net/sub_category/229/91
https://events.ettoday.net/activity/dalemon_Yummy/article/23547/last
https://pgw.udn.com.tw/gw/photo.php?u=https://uc.udn.com.tw/photo/2019/04/03/draft/6130548.jpg&amp;x=0&amp;y=0&amp;sw=0&amp;sh=0&amp;exp=3600
https://www.hpa.gov.tw/Pages/List.aspx?nodeid=55
http://line.naver.jp/R/msg/text/?每個人面對問題時,內心都會有一個期待的答案%0D%0Ahttps://events.ettoday.net/activity/dalemon_Star/article/23515
https://twitter.com/tos
https://zh.wikipedia.org/wiki/%E9%AB%98%E7%95%AB%E8%B3%AA%E9%9B%BB%E8%A6%96
https://today.line.me/tw/pc/article/%E5%88%A5%E6%80%A5%E8%91%97%E5%87%BA%E6%89%8B%EF%BC%81%E8%B2%B7%E8%B3%A3%E8%80%81%E5%B1%8B%E5%89%8D%E5%BF%85%E7%9C%8B%E5%85%AD%E5%A4%A7%E6%B3%A8%E6%84%8F%E4%BA%8B%E9%A0%85-JG9o6k
https://www.vghtpe.gov.tw/Fpage.action?muid=6458&fid=7814
https://www.feds.com.tw/tw/About
https://udn.com/news/story/7333/4365654?from=udn-referralnews_ch1004artbottom
https://www.mirrormedia.mg/category/kitchenplay
https://story.udn.com/StoreBook.do?id=184793
https://newtalk.tw/news/tag/%E5%A8%9B%E6%A8%82
https://web.archive.org/web/20130927191451/http://www.td.gov.hk/filemanager/en/content_4491/1108.pdf
https://www.youtube.com/feed/guide_builder
https://www.facebook.com/sharer/sharer.php?u=http%3A%2F%2Fwww.ettoday.net%2Fdalemon%2Fpost%2F49505&amp;src=sdkpreparse
https://newtalk.tw/news/author/%E6%9E%97%E5%BA%8F%E5%AE%B6
https://speed.ettoday.net/focus/國內車市
https://sports.ettoday.net/news-search.phtml?keywords=航源FC
https://events.ettoday.net/images/xmas3.jpg
https://pgw.udn.com.tw/gw/photo.php?u=https://uc.udn.com.tw/photo/2020/02/19/1/7489676.jpg&x=0&y=0&sw=0&sh=0&sl=W&fw=1050
https://www.hpa.gov.tw/../Pages/Detail.aspx?nodeid=92&pid=5141
http://line.naver.jp/R/msg/text/?網路漫畫家「黃色書刊」攜手法雅客，人生系列視覺攻佔週年慶購物狂激戰時刻！%0D%0Ahttp://ulicensing.udnfunlife.com/news.php?i=42
https://twitter.com/?lang=ar
https://zh-min-nan.wikipedia.org/wiki/Koeh_T%C3%A2i-b%C3%AAng
https://social-plugins.line.me/lineit/share?url=https://theme.udn.com/theme/story/6774/4368458?utm_source=themelineweb%26utm_medium=share
https://www.vghtpe.gov.tw/Fpage.action?muid=1740&fid=1336
https://www.feds.com.tw/jp/OverSea
https://udn.com/news/story/6811/4437500?from=udn-referralnews_ch1004artbottom
https://www.mirrormedia.mg/category/seetheworld
https://story.udn.com/StoreBook.do?id=177047
https://newtalk.tw/news/tag/%E6%8C%AF%E8%88%88%E6%8A%B5%E7%94%A8%E5%88%B8
https://web.archive.org/web/20170630145704/http://www.fmprc.gov.cn/web/fyrbt_673021/t1474476.shtml
https://www.youtube.com/watch?v=q45Kvs4gPQc
https://www.facebook.com/dialog/share?app_id=1996449477296165&display=popup&href=http://ulicensing.udnfunlife.com/project.php?i=56&redirect_uri=http://ulicensing.udnfunlife.com/
https://newtalk.tw/news/tag/%E7%8B%BC%E8%B0%B7%E7%AB%B6%E6%8A%80%E5%8F%B0
https://speed.ettoday.net/focus/國內車市
https://boba.ettoday.net/video/234/362/209744
https://events.ettoday.net/activity/singapore2018upload/article/22908/last
https://pgw.udn.com.tw/gw/photo.php?u=https://uc.udn.com.tw/photo/2020/02/21/1/7495400.jpg&x=0&y=0&sw=0&sh=0&sl=W&fw=1050
https://www.hpa.gov.tw/Pages/EBookList.aspx?nodeid=53
http://line.naver.jp/R/msg/text/?夜晚的貓叫聲%0D%0Ahttps://events.ettoday.net/activity/dalemon_horror/article/25952
https://twitter.com/WHO/status/1250448351012716549
https://zh.wikipedia.org/wiki/%E5%8F%B0%E7%81%A3%E6%95%99%E6%8E%88%E5%8D%94%E6%9C%83
https://lineit.line.me/share/ui?url=https://newtalk.tw/news/view/2020-04-16/392221
https://www.vghtpe.gov.tw/vghtpe/files/PDF/thank/107年12月感謝函.pdf
https://www.feds.com.tw/tw/FashionFocus/Index/5
https://udn.com/news/story/120940/4493760
https://www.mirrormedia.mg/topic/5c766e19315ec51000909259
http://paper.udn.com/
https://newtalk.tw/news/tag/%E7%BD%B7%E9%9F%93
https://web.archive.org/web/20181126070236/https://www.youtube.com/watch?v=nPSxla273zc
https://www.youtube.com/watch?v=e7sFbGLwC_s
https://www.facebook.com/udnstory/
https://newtalk.tw/citizen/author/12297
https://www.ettoday.net/feature/香港/6115?tt=香港相關新聞
https://sports.ettoday.net/news-search.phtml?keywords=老爹
https://events.ettoday.net/activity/dalemon_readbeanQQ/article/23578
https://pgw.udn.com.tw/gw/photo.php?u=https://uc.udn.com.tw/photo/2020/02/29/1/7535153.jpg&x=0&y=0&sw=0&sh=0&sl=W&fw=1050
https://www.hpa.gov.tw/Pages/List.aspx?nodeid=61
http://line.naver.jp/R/msg/text/?我是代理教師-我無薪，依然血汗奮鬥！%0D%0Ahttps://events.ettoday.net/activity/dalemon_work/article/25471
https://twitter.com/WHO/status/1250446827171786754
https://zh.wikipedia.org/wiki/%E6%9D%B1%E6%B6%8C_(%E9%A6%99%E6%B8%AF)
https://today.line.me/tw/pc/article/%E4%B8%AD%E8%81%B7%EF%BC%8F%E6%A1%83%E5%9C%92%E7%90%83%E5%A0%B4%E6%96%B0%E8%A6%8F%E5%AE%9A%E3%80%80%E7%99%BD%E7%B7%9A%E5%BE%8C%E6%96%B9%E5%B0%B1%E6%98%AF%E6%AD%BB%E7%90%83-QJ3zMz
https://www.vghtpe.gov.tw/Fpage.action?muid=6503&fid=6855
https://www.feds.com.tw/tw/Shop/Detail/395
https://udn.com/news/story/7266/3996735?from=udn-referralnews_ch1004artbottom
https://www.mirrormedia.mg/story/20200414ent006
https://style.udn.com/style/index?familybar_hide
https://newtalk.tw/news/tag/%E8%AD%9A%E5%BE%B7%E5%A1%9E
https://web.archive.org/web/20161129102312/http://udn.com/news/story/7/2132543
https://www.youtube.com/watch?v=dvzhwC0VLwk
https://www.facebook.com/573474646459145
https://newtalk.tw/news/view/2012-01-22/21577
https://www.ettoday.net/news/20190614/1466723.htm
https://boba.ettoday.net/video/229/565/190315
https://events.ettoday.net/activity/dalemon_readbeanQQ/article/23216/last
https://pgw.udn.com.tw/gw/photo.php?u=https://uc.udn.com.tw/photo/2020/03/04/1/7552127.jpg&x=0&y=0&sw=0&sh=0&sl=W&fw=1050
https://www.hpa.gov.tw/Pages/List.aspx?nodeid=4076
http://line.naver.jp/R/msg/text/?逆我者亡～職場霸凌%0D%0Ahttps://events.ettoday.net/activity/dalemon_readbeanQQ/article/25821
https://twitter.com/hashtag/RT?src=hash
https://zh.wikipedia.org/wiki/%E6%B5%B7%E5%B3%BD%E5%85%A9%E5%B2%B8%E6%9C%8D%E5%8B%99%E8%B2%BF%E6%98%93%E5%8D%94%E8%AD%B0
https://today.line.me/tw/pc/article/%E6%B4%97%E8%BB%8A%E7%94%A8%E5%B8%83%E6%93%A6%E4%B9%BE%E5%B1%85%E7%84%B6%E3%80%8C%E4%B8%8Dok%E3%80%8D%EF%BC%81%E9%81%94%E4%BA%BA%E5%AF%A6%E6%B8%AC%E5%91%8A%E8%A8%B4%E4%BD%A0%E2%80%9C%E5%AE%89%E6%8D%8F%E6%AF%8D%E6%B9%AF%E2%80%9D-PQM0Ml
https://www.vghtpe.gov.tw/vghtpe/files/PDF/thank/107年6月感謝函.pdf
https://www.feds.com.tw/tw/Search/Keyword?SearchType=firstword&amp;Keyword=H
https://udn.com/news/story/120944/4495593?list_ch2_index
https://www.mirrormedia.mg/tag/5923cc5b71fcab0e00f96a7a
https://stars.udn.com/
https://newtalk.tw/news/view/2018-04-20/121589
https://web.archive.org/web/20190119174712/https://www.storm.mg/article/282131
http://chart.apis.google.com/chart?cht=qr&choe=UTF-8&chs=300x300&chl=https://www.ettoday.net/news/20151224/618261.htm
https://www.facebook.com/coataiwan/photos/a.1661824860809011/2322819928042831/?type=3&amp;theater
https://newtalk.tw/news/tag/%E7%B4%93%E5%9B%B0%E9%87%91
https://www.ettoday.net/news/20200415/1691735.htm?from=feature
https://fashion.ettoday.net/news/1684737
https://events.ettoday.net/activity/singapore2018upload/article/22643/last
https://pgw.udn.com.tw/gw/photo.php?u=https://uc.udn.com.tw/photo/2020/02/28/1/7531210.jpeg&x=0&y=0&sw=0&sh=0&sl=W&fw=1050
https://www.hpa.gov.tw/Pages/List.aspx?nodeid=101
http://line.naver.jp/R/msg/text/?女兒，驕傲又脆弱的父%0D%0Ahttps://events.ettoday.net/activity/dalemon_readbeanQQ/article/25619
https://twitter.com/hashtag/CCP?src=hash
https://zh.wikipedia.org/wiki/%E7%A7%91%E7%A7%91%E6%96%AF%EF%BC%88%E5%9F%BA%E6%9E%97%EF%BC%89%E7%BE%A4%E5%B3%B6
https://today.line.me/tw/pc/article/NBA%EF%BC%8F%E5%B0%BC%E5%85%8B%E5%8E%BB%E5%B9%B4%E7%82%BA%E4%BD%95%E6%94%BE%E6%A3%84%E6%90%B6AD%E3%80%80%E5%82%B3%E8%88%87%E5%8F%97%E9%AB%98%E5%B1%A4%E5%96%9C%E6%84%9B%E7%9A%84%E6%96%B0%E7%A7%80%E6%9C%89%E9%97%9C-GL1JGQ
https://www.vghtpe.gov.tw/vghtpe/files/PDF/thank/108年5月感謝函.pdf
https://www.feds.com.tw/tw/ContactUs
https://udn.com/news/story/120936/4322910?from=udn-referralnews_ch1004artbottom
https://www.mirrormedia.mg/category/video_investigation
https://theme.udn.com/theme/story/11963/3668394
https://newtalk.tw/news/tag/%E5%91%82%E8%8B%A5%E7%91%9F%E7%A5%9E%E7%88%B6
https://web.archive.org/web/20200222114047/https://www.nownews.com/news/20191228/3847757/
https://www.youtube.com/watch?v=MVeK9HLuVAk&amp;list=PLr8iY2AvgOL2XDKsLa94EBzttqaPNx4lL&amp;index=16
http://www.facebook.com/2644505248906771
https://newtalk.tw/news/view/2018-11-23/171083
https://www.ettoday.net/news/20200415/1691983.htm?from=feature
https://boba.ettoday.net/video/234/143/188813
https://events.ettoday.net/activity/dalemon_horror/article/24665/last
https://pgw.udn.com.tw/gw/photo.php?u=https://uc.udn.com.tw/photo/2020/03/02/1/7542090.jpg&x=0&y=0&sw=0&sh=0&sl=W&fw=1050
https://www.hpa.gov.tw/Pages/ashx/Redirect.ashx?nodeid=117&url=http%3a%2f%2fwww.hpa.gov.tw%2fPages%2fList.aspx%3fnodeid%3d55
http://line.naver.jp/R/msg/text/?說走就走｜我的瘋狂廣州四天三夜之旅！CH1.臥鋪火車大公開%0D%0Ahttps://events.ettoday.net/activity/dalemon_Yummy/article/26126
https://twitter.com/WHO/status/1250447904898252800
https://zh.wikipedia.org/wiki/%E7%BE%8E%E5%9C%8B%EF%BC%8D%E9%A6%99%E6%B8%AF%E6%94%BF%E7%AD%96%E6%B3%95
https://today.line.me/tw/pc/article/%E4%BA%8B%E4%BB%B6%E8%B5%B7%E6%BA%90%EF%BC%8F%E7%96%BE%E7%AE%A1%E7%BD%B2%E5%AE%98%E5%93%A1%E5%A4%B1%E7%9C%A0%E9%80%9BPTT+%E9%A9%9A%E8%A6%BA%E6%AD%A6%E6%BC%A2%E7%96%AB%E6%83%85%E4%B8%8D%E5%A6%99-MYvk7M
https://www.vghtpe.gov.tw/../Fpage.action?fid=2573
https://www.feds.com.tw/tw/Edm/List?EdmMallId=53
https://udn.com/ctba/story/12960/4482982
https://www.mirrormedia.mg/tag/598921519c3b370e001bbf3c
https://story.udn.com/dcstore/Term.do?tt=0&action=view
https://newtalk.tw/news/tag/%E7%A6%8F%E5%AE%B9%E9%A3%AF%E5%BA%97
https://web.archive.org/web/20170507134646/http://www.nownews.com/n/2015/02/03/1594056
https://www.youtube.com/channel/UCEgdi0XIXXZ-qJOFPf4JSKw
https://www.facebook.com/dialog/share?app_id=1996449477296165&display=popup&href=http://ulicensing.udnfunlife.com/brand.php?i=11&redirect_uri=http://ulicensing.udnfunlife.com/
https://newtalk.tw/news/tag/%E5%92%8C%E5%B9%B3%E9%86%AB%E9%99%A2
https://www.ettoday.net/news/tag/iPhone SE/
https://boba.ettoday.net/video_tag/新冠肺炎/8
https://events.ettoday.net/activity/singapore2018upload/article/22638/last
https://pgw.udn.com.tw/gw/photo.php?u=https://uc.udn.com.tw/photo/2018/03/07/draft/4551331.jpg&amp;x=0&amp;y=0&amp;sw=0&amp;sh=0&amp;sl=W&amp;fw=1050&amp;exp=3600
https://www.hpa.gov.tw/../Pages/List.aspx?nodeid=80
http://line.naver.jp/R/msg/text/?這些星座其實並不壞，帶你重新認識他們的另一面♥%0D%0Ahttps://events.ettoday.net/activity/dalemon_Star/article/26794
https://twitter.com/MoHFW_INDIA
https://zh.wikipedia.org/wiki/%E9%A6%99%E6%B8%AF%E9%9B%BB%E8%A6%96%E5%A8%9B%E6%A8%82
https://today.line.me/tw/pc/article/Army+%E9%80%A3%E5%96%84%E6%84%8F%E7%9A%84%E7%8E%A9%E7%AC%91%E4%B9%9F%E5%A8%81%E5%8A%9B%E5%8D%81%E8%B6%B3%E3%80%80BTS%E9%98%B2%E5%BD%88%E5%B0%91%E5%B9%B4%E5%9C%98%E5%87%BA%E9%81%93%E5%B0%88%E8%BC%AF%E6%89%93%E5%85%A5%E5%91%8A%E7%A4%BA%E7%89%8C%EF%BC%81-7lorBn
https://www.vghtpe.gov.tw/vghtpe/files/PDF/thank/106%E5%B9%B46%E6%9C%88%E6%84%9F%E8%AC%9D%E5%87%BD.pdf
https://www.feds.com.tw/tw/Edm/List?EdmMallId=40
https://udn.com/news/story/120936/4372656?from=udn-referralnews_ch1004artbottom
https://www.mirrormedia.mg/tag/59141ece01b8510d009de5b4
https://story.udn.com/StoreBook.do?id=184775
https://newtalk.tw/news/view/2020-04-15/391674
https://web.archive.org/web/20190612141350/https://topick.hket.com/article/2374131
https://www.youtube.com/watch?v=TeHccCRgtfg
https://www.facebook.com/sharer/sharer.php?u=http%3A%2F%2Fwww.ettoday.net%2Fdalemon%2Fpost%2F25118&amp;src=sdkpreparse
https://newtalk.tw/news/view/2020-04-15/391821
https://www.ettoday.net/news/tag/iPhone SE/
https://fashion.ettoday.net/news/1672893
