http://www.microsoft.com/windows/internet-explorer/default.aspx
https://acts.setn.com/images/product_1.jpg
https://fuhouse.setn.com/news/715596
http://www.settv.com.tw/portal/metro.php
https://event.setddg.com/20200327/index.html
https://www.instagram.com/the_girls_say/
http://blog.iset.com.tw/charity/
https://zh-tw.facebook.com/colimaset.colima
https://docs.google.com/document/?usp=docs_alc
http://line.naver.jp/R/msg/text/?SBL防疫獲讚登《紐時》　體溫「實名制」把關 | 運動 | 三立新聞網  SETN.COM%0D%0Ahttps://www.setn.com/News.aspx?NewsID=723927
https://translate.google.com.tw/?hl=en&tab=8T
https://udn.com/news/story/7266/4022952
https://tv.setn.com/program/83
https://www.blogger.com/?tab=8j
https://www.youtube.com/watch?v=1aKr-1gU1GQ&amp;list=PLd5zGth6CDdXbjaIYH_znBmvP83f9WBY7
https://baodao.setn.com/news/672171
https://www.setddg.com/about-us
https://bit.ly/3c9BhTd
https://itunes.apple.com/tw/app/san-li-xin-wen-wang/id888252566?mt=8&ign-mpt=uo%3D4
https://event.setn.com/app/EntertainmentAppShare/
https://zh.wikipedia.org/wiki/%E4%BC%81%E4%B8%9A
https://attach.setn.com/images/bd0303web.png
https://payments.google.com/legaldocument?family=0.privacynotice&amp;hl=en_US
https://mail.google.com/mail/?tab=8m
https://twitter.com/taiwannews_setn
https://photos.google.com/?tab=8q&pageId=none
http://act.setn.com/chi-po-lin/
https://ent.ltn.com.tw/news/breakingnews/2866234
http://moztw.org/
https://game.setn.com/privacy_policy.html
https://www.businessweekly.com.tw/article.aspx?id=20480&type=Blog&utm_source=facebook.com&utm_medium=social&utm_content=bw&utm_campaign=content
https://tw.appledaily.com/headline/daily/20190902/38434697/?utm_source=facebook&utm_medium=social&utm_campaign=twad_article_share&utm_content=share_link
https://www.jhsport.com.tw/
https://www.greenland-book.com/
https://global.udn.com/global_vision/story/8662/3931029
https://watch.setn.com/Video/712892
http://www.mtv.com.tw/channel_info.php?d=205
http://www.google.com/chrome
https://accounts.google.com/ServiceLogin?passive=1209600&continue=https://play.google.com/store/apps/details?id%3Dcom.set.app.entertainment&followup=https://play.google.com/store/apps/details?id%3Dcom.set.app.entertainment
http://isetevent-new-366957244.ap-northeast-1.elb.amazonaws.com/shareApp/
https://play.google.com/store/apps/category/TOOLS
https://www.cna.com.tw/news/firstnews/201907155004.aspx
http://www.win.org.tw/iwin/
https://web-h5.lv-show.com/html/web/lets-gocrazy-onlive/index.html
https://www.facebook.com/dramatalk.iset/
http://www.104.com.tw/jobbank/custjob/index.php?r=cust&amp;j=404a422534363f233c583a1d1d1d1d5f2443a363189j48&amp;jobsource=checkc
https://live.setn.com/Live/1457
http://www.setnews.net/
https://pets.ettoday.net/news/1508490
https://sports.ettoday.net/news/1489234
https://travel.setn.com/News/687938
https://www.setn.com/Klist.aspx?PageGroupID=7&ProjectID=1630&PageType=0
http://www.google.com.tw/preferences?hl=en
https://blog.iset.com/https://www.setn.com
http://www.iset.com.tw/portal/
http://developer.android.com/index.html
http://www.microsoft.com/taiwan/windows/internet-explorer/?WT.mc_id=campaignsite
https://acts.setn.com/images/product_4.jpg
https://fuhouse.setn.com/news/709623
http://www.settv.com.tw/portal/pgm_list.php
https://event.setddg.com/20200306/index.html
https://www.instagram.com/twcookingshow
http://blog.iset.com.tw/news/?cat=6
https://zh-tw.facebook.com/SETtaiwango/
https://support.google.com/googleplay?p=pff_parentguide
http://line.naver.jp/R/msg/text/?悚！台中公車突然往前衝撞　停等區女騎士卡輪下慘死 | 社會 | 三立新聞網  SETN.COM%0D%0Ahttps%3a%2f%2fwww.setn.com%2fNews.aspx%3fNewsID%3d724361
https://tv.setn.com/program/4
https://www.youtube.com/?gl=TW&tab=81
https://baodao.setn.com/Photos/List/6973
https://www.setddg.com/Cate00323
https://bit.ly/2SZUoqz
https://itunes.apple.com/tw/app/vidol-ying-yin-tai-wan-di/id1091155189?l=zh&mt=8
https://event.setn.com/setnapp2019_1688/
https://zh.wikipedia.org/wiki/%E6%96%B0%E5%8A%A0%E5%9D%A1%E6%94%BF%E5%BA%9C
https://payments.google.com/termsOfService?hl=en_US
http://qa.setn.com/ent_app/
https://game.setn.com/play.php?gameId=10000062
https://money.udn.com/money/story/6721/3998667
https://watch.setn.com/Video/720758
https://www.mtv.com.tw
https://www.google.com/calendar?tab=8c
https://play.google.com/store/apps/category/SPORTS
https://www.cna.com.tw/news/firstnews/201907160022.aspx
https://www.facebook.com/setlingyu/photos/a.237894729702840/1355312314627737/?type=3
https://www.104.com.tw/jobbank/custjob/index.php?r=cust&amp;j=424c44293e38415833343c653640381b83a3c4529425e4023232323653c2d2827563j50&amp;jobsource=n104bank1
http://live.setn.com/http://line.naver.jp/R/msg/text/?CH54三立新聞直播│Live線上直播│三立新聞網 SETN.COM%0D%0A@ViewBag.MetaData.Canonical
https://star.ettoday.net/news/1491690?from=etstar_app
https://travel.setn.com/category/406
https://www.setn.com/Klist.aspx?TagID=48747
https://www.google.com.tw/intl/en/about/products?tab=8h
https://blog.iset.com/https://vidol.tv/
http://www.iset.com.tw/portal/taiwan.php
https://acts.setn.com/https://line.me/ti/p/%40setn
https://fuhouse.setn.com/news/722793
https://www.settv.com.tw/
https://event.setddg.com/20200407/index.html
https://www.instagram.com/i.career131
http://blog.iset.com.tw/news/?p=223
https://zh-tw.facebook.com/NewsLineTW
https://support.google.com/googleplay/?p=report_content
http://line.naver.jp/R/msg/text/?脫離險境！英國首相強生今日出院　「休養中」不會立刻復工 | 國際 | 三立新聞網  SETN.COM%0D%0Ahttps://www.setn.com/News.aspx?NewsID=724351
https://tv.setn.com/https://vidol.tv/programmes/121
https://www.youtube.com/vidoltv169
https://baodao.setn.com/Photos/
https://www.setddg.com/CATE01214
https://bit.ly/2UxnBdF
https://event.setn.com/fun/2020ais266
https://zh.wikipedia.org/wiki/%E8%B4%A2%E5%8A%A1%E6%8A%A5%E8%A1%A8
http://act.setn.com/worldclassroom/
https://game.setn.com/giveaway.php
https://watch.setn.com/Video/723225
https://www.mtv.com.tw/channel_info.php?d=217
https://play.google.com/store/apps/category/FAMILY_CREATE
https://www.cna.com.tw/news/acn/201907240019.aspx
https://www.facebook.com/sharer/sharer.php?u=https://www.setn.com/News.aspx?NewsID=723832
https://live.setn.com/Live/2058
https://travel.setn.com/editor/413
https://www.setn.com/News.aspx?NewsID=694902
http://www.google.com.tw/imghp?hl=en&tab=8i
http://www.iset.com.tw/
https://acts.setn.com/https://langlive.onelink.me/TANM
https://fuhouse.setn.com/news/723115
https://event.setddg.com/20200319/index.html
https://www.instagram.com/showbiz_set
http://blog.iset.com.tw/news/?feed=rss2 
https://support.google.com/googleplay/?p=about_play
http://line.naver.jp/R/msg/text/?新加坡總理夫人「呃」引兩國網友戰火…我外交部回應了 | 政治 | 三立新聞網  SETN.COM%0D%0Ahttps://www.setn.com/News.aspx?NewsID=724235
https://tv.setn.com/program/22
https://www.youtube.com/channel/UC9tnW2dpPDNc_aEOnhsRs4g
https://baodao.setn.com/Temples/5
https://www.setddg.com/recentlyviewedproducts
https://bit.ly/2QWg5Z1
https://event.setn.com/shareApp/
http://act.setn.com/capno7/index.html
https://game.setn.com/api/login.php?gameId=20000018
https://watch.setn.com/https://pse.is/FXHD4
http://www.mtv.com.tw/
https://play.google.com/mailto:setnapp@settv-it.com
https://www.facebook.com/193541957838217/photos/a.210485299477216/602996983559377/?type=3
https://live.setn.com/Live/2309
https://travel.setn.com/News/704207
https://www.setn.com/News.aspx?NewsID=723456
https://maps.google.com.tw/maps?hl=en&tab=8l
http://www.iset.com.tw/mod/index.html
https://acts.setn.com/event/2019kidneycare
https://fuhouse.setn.com/category/467
https://www.instagram.com/vidol.tv/
http://blog.iset.com.tw/news/?author=2
https://support.google.com/googleplay?p=appgame_ratings
http://line.naver.jp/R/msg/text/?他沒排隊買到「整箱上百片口罩」！真相曝光…網驚：超有種 | 生活 | 三立新聞網  SETN.COM%0D%0Ahttps://www.setn.com/News.aspx?NewsID=723863
https://tv.setn.com/program/123
https://www.youtube.com/watch?v=eqPg-Wmh56o&amp;list=PLd5zGth6CDdWAZYkB6s0j844ywVVTPyFl
https://baodao.setn.com/projects/
https://www.setddg.com/CATE01213
https://bit.ly/37gsay1
http://event.setn.com/app/EntertainmentAppShare/
http://act.setn.com/childrenless/
https://game.setn.com/play.php?gameId=10000054
https://watch.setn.com/Video/722388
https://www.mtv.com.tw/
https://play.google.com/store/apps/category/SOCIAL
https://www.facebook.com/foodwaydelicious
http://live.setn.com/http://line.naver.jp/R/msg/text/?Live線上直播│三立新聞網 SETN.COM%0D%0A@ViewBag.MetaData.Canonical
https://travel.setn.com/News/723695
https://www.setn.com/News.aspx?NewsID=723568
https://www.google.com.tw/webhp?tab=8w
http://www.iset.com.tw/portal/metro.php
https://acts.setn.com/event/setnapp2019iphone/
https://fuhouse.setn.com/news/638025
https://www.instagram.com/setddg2015/
http://blog.iset.com.tw/news
http://line.naver.jp/R/msg/text/?我們防疫的更好！越南鄉民驚「國際只讚台灣」…分析3原因 | 國際 | 三立新聞網  SETN.COM%0D%0Ahttps%3a%2f%2fwww.setn.com%2fNews.aspx%3fNewsID%3d724040
https://tv.setn.com/https://vidol.tv/categories/3/6
https://www.youtube.com/embed/0sY9ajpD35I
https://baodao.setn.com/category/508
https://www.setddg.com/CATE01279
https://bit.ly/2LDQiUs
https://event.setn.com/2018review/
https://game.setn.com/aboutus.html
https://watch.setn.com/Video/595657
http://www.mtv.com.tw/channel_info.php?d=210
https://play.google.com/store/apps/editors_choice
https://www.facebook.com/blackiechen.lovelife4ever/videos/324561641810355/
https://live.setn.com/Live/2353
https://travel.setn.com/News/722042
https://www.setn.com/videos.aspx?PageGroupID=8&p=5
http://www.iset.com.tw/portal/app.php
https://acts.setn.com/event/setnapp2019gift30
https://fuhouse.setn.com/news/723695
https://www.instagram.com/sanlih_iwalker/
http://blog.iset.com.tw/news/?cat=8
http://line.naver.jp/R/msg/text/?白曉燕逝世周年　白冰冰遭恐嚇「跟你女兒一樣死在水裡」 | 娛樂星聞 | 三立新聞網  SETN.COM%0D%0Ahttps://www.setn.com/e/News.aspx?NewsID=724388
https://tv.setn.com/https://vidol.tv/channel/10
https://www.youtube.com/embed/pjklszp9XFg
https://baodao.setn.com/projectnews/7006
https://www.setddg.com/PV200205004857886
https://game.setn.com/gameinfodata.php?gameId=59
https://watch.setn.com/Category/442
https://www.mtv.com.tw/channel_info.html?d=165
https://drive.google.com/?tab=8o
https://www.facebook.com/taiwanericcheng/videos/1391717667636605/
https://live.setn.com/Live/1147
https://travel.setn.com/News/724076
https://www.setn.com/News.aspx?NewsID=721145
http://www.iset.com.tw/portal/world.php
https://acts.setn.com/event/rodyxmas2019/index.html
https://fuhouse.setn.com/news/715608
https://www.instagram.com/anansuperstar/
http://blog.iset.com.tw/news/?p=238
http://line.naver.jp/R/msg/text/?女友早餐吃2份蛋餅！他嘆養不起想放生　網全罵翻：快分手 | 生活 | 三立新聞網  SETN.COM%0D%0Ahttps://www.setn.com/News.aspx?NewsID=723955
https://tv.setn.com/https://vidol.tv/programmes/553
https://www.youtube.com/watch?v=4ZVUmEUFwaY
https://baodao.setn.com/news/645003
https://www.setddg.com/Cate00112
https://game.setn.com/api/login.php?gameId=20000021
https://watch.setn.com/Category/443
https://www.mtv.com.tw/channel_info.php?d=218
https://play.google.com/store/apps/category/GAME_MUSIC
https://www.facebook.com/sharer/sharer.php?u=https://www.setn.com/e/News.aspx?NewsID=724388
https://live.setn.com/Live/1230
https://travel.setn.com/News/721404
https://www.setn.com/News.aspx?NewsID=724239
http://www.iset.com.tw/portal/campaign.php
https://acts.setn.com/event/setnapp2019-2/index.html
https://fuhouse.setn.com/news/718404
https://www.instagram.com/dramasettvtw
http://blog.iset.com.tw/news/?p=236
http://line.naver.jp/R/msg/text/?口罩販賣機今開賣　民眾：冒雨排隊1小時不如去藥局 | 生活 | 三立新聞網  SETN.COM%0D%0Ahttps%3a%2f%2fwww.setn.com%2fNews.aspx%3fNewsID%3d724141
https://tv.setn.com/program/91
https://www.youtube.com/channel/UC_s7aCmBPjzMUOgS0gcAf8g
https://baodao.setn.com/news/640702
https://www.setddg.com/Cate00178
https://game.setn.com/playerinfo.php
https://watch.setn.com/Video/691681
http://www.mtv.com.tw
https://play.google.com/store/apps/category/FAMILY_BRAINGAMES
https://www.facebook.com/set.superred/
https://live.setn.com/Live/1188
https://travel.setn.com/News/19456
https://www.setn.com/Klist.aspx?PageGroupID=34&ProjectID=3886&PageType=0
http://www.iset.com.tw/portal/finance.php
https://acts.setn.com/event/2020chuu520/
https://fuhouse.setn.com/news/722797
https://www.instagram.com/mr.player.tw
http://blog.iset.com.tw/program/
http://line.naver.jp/R/msg/text/?金黃炒飯怎麼炒最好吃？內行人曝「加這味」：焦香味秒出來 | 生活 | 三立新聞網  SETN.COM%0D%0Ahttps://www.setn.com/News.aspx?NewsID=723971
https://tv.setn.com/program/87
https://www.youtube.com/watch?v=7B3nU05u8qo&amp;list=PLd5zGth6CDdUAYUqJy3p5KY1ui79_Mtrt
https://baodao.setn.com/category/523
https://www.setddg.com/Cate00232
https://game.setn.com/info.php?gameId=20000050
https://watch.setn.com/Video/717060
https://play.google.com/store/apps/category/FAMILY_MUSICVIDEO
https://www.facebook.com/sharer/sharer.php?u=https://www.setn.com/News.aspx?NewsID=723816
https://live.setn.com/Live/1838
https://travel.setn.com/category/434
https://www.setn.com/News.aspx?NewsID=694502
https://acts.setn.com/event/2019review/
https://fuhouse.setn.com/local/2/
https://www.instagram.com/setnews/
http://blog.iset.com.tw/news/?p=250
http://line.naver.jp/R/msg/text/?取名「武漢肺炎」…竟遭遊戲公司威脅：再取就永久封鎖 | 生活 | 三立新聞網  SETN.COM%0D%0Ahttps://www.setn.com/News.aspx?NewsID=723709
https://tv.setn.com/category/19
https://www.youtube.com/channel/UCaHvWPMrGgcd42waw4WYQ6w
https://baodao.setn.com/news/635135
https://www.setddg.com/CATE00720
https://game.setn.com/api/login.php?gameId=20000047
https://watch.setn.com/Category/495/
https://play.google.com/store/apps/category/VIDEO_PLAYERS
https://www.facebook.com/sharer/sharer.php?u=https://www.setn.com/News.aspx?NewsID=709219
https://live.setn.com/Live/2325
https://travel.setn.com/News/717426
https://www.setn.com/News.aspx?NewsID=722153
https://acts.setn.com/https://vidol.tv/
https://fuhouse.setn.com/news/715878
https://www.instagram.com/howareyou.2019/
http://blog.iset.com.tw/chef/
http://line.naver.jp/R/msg/text/?打擊武肺獲國際讚…白宮請願網站連署：邀請台灣加入聯合國 | 政治 | 三立新聞網  SETN.COM%0D%0Ahttps://www.setn.com/News.aspx?NewsID=724386
https://tv.setn.com/program/89
https://www.youtube.com/channel/UCQU5uVTG8h9LToACKrm1LMA
https://baodao.setn.com/category/538
https://www.setddg.com/CATE01284
https://game.setn.com/gameinfodata.php?gameId=62
https://watch.setn.com/Category/496
https://play.google.com/store/apps/category/GAME_PUZZLE
https://www.facebook.com/SETWeLoveMao/
https://live.setn.com/Live/1237
https://travel.setn.com/editor/316
https://www.setn.com/News.aspx?NewsID=724263
https://acts.setn.com/https://www.setn.com
https://fuhouse.setn.com/category/466
https://www.instagram.com/story_of_taiwan/
http://blog.iset.com.tw/wife/?iphone
http://line.naver.jp/R/msg/text/?台醫發明「插管防疫箱」20國愛用　竟有不肖陸商抄襲想賣 | 生活 | 三立新聞網  SETN.COM%0D%0Ahttps://www.setn.com/News.aspx?NewsID=723156
https://tv.setn.com/https://vidol.tv/programmes/513
https://www.youtube.com/channel/UCdITc4tsRdNjVkdfhqSRXPw
https://baodao.setn.com/Temples/1
https://www.setddg.com/CATE00534
https://game.setn.com/login.php
https://watch.setn.com/Category/441/
https://play.google.com/store/apps/category/GAME_SPORTS
https://www.facebook.com/SET.GIRL/
https://live.setn.com/Live/1299
https://travel.setn.com/News/721669
https://www.setn.com/News.aspx?NewsID=696575
https://acts.setn.com/images/product_2.jpg
https://fuhouse.setn.com/category/463
https://www.instagram.com/setstarmedia/
https://blog.iset.com.tw/news/?cat=1
http://line.naver.jp/R/msg/text/?曾被諾貝爾獎認證！「類固醇」4迷思　真的跟你想的不一樣 | 生活 | 三立新聞網  SETN.COM%0D%0Ahttps%3a%2f%2fwww.setn.com%2fNews.aspx%3fNewsID%3d724387
https://tv.setn.com/program/55
https://www.youtube.com/channel/UCKRQpt4Y0FToDAJaqRFZogw
https://baodao.setn.com/projectnews/7141
https://www.setddg.com/Cate00466
https://game.setn.com/api/login.php?gameId=20000037
https://watch.setn.com/Video/540867
https://play.google.com/store/apps/category/MAPS_AND_NAVIGATION
https://www.facebook.com/SETTechNews/
https://live.setn.com/Live/2355
https://travel.setn.com/editor/345
https://www.setn.com/photos.aspx?ProjectID=1882
http://acts.setn.com/http://goo.gl/7OTK52
https://fuhouse.setn.com/category/460
https://www.instagram.com/hotdoor_night/
http://blog.iset.com.tw/news/?cat=10
http://line.naver.jp/R/msg/text/?0死亡防疫做得比台灣好？越南網友喊：「我們怎麼做到的」 | 生活 | 三立新聞網  SETN.COM%0D%0Ahttps%3a%2f%2fwww.setn.com%2fNews.aspx%3fNewsID%3d724047
https://tv.setn.com/https://vidol.tv/programmes/507
https://www.youtube.com/channel/UCKRQpt4Y0FToDAJaqRFZogw?sub_confirmation=1
https://baodao.setn.com/Photos/List/6859
https://www.setddg.com/PM200324005142573
https://game.setn.com/https://pse.is/RKDTJ
https://watch.setn.com/Video/721266
https://play.google.com/about/comment-posting-policy.html?hl=en-US
https://www.facebook.com/sharer/sharer.php?u=https://www.setn.com/News.aspx?NewsID=713583
https://live.setn.com/Live/1484
https://travel.setn.com/editor/492
https://www.setn.com/Klist.aspx?PageGroupID=42&ProjectID=200&PageType=6
http://acts.setn.com/http://goo.gl/cIwgXT
https://fuhouse.setn.com/news/720714
https://www.instagram.com/setmenstalk/
http://blog.iset.com.tw/news/?p=256
http://line.naver.jp/R/msg/text/?全世界都在罵譚德塞…為什麼他只在意台灣？網曝台超強關鍵 | 生活 | 三立新聞網  SETN.COM%0D%0Ahttps%3a%2f%2fwww.setn.com%2fNews.aspx%3fNewsID%3d723931
https://tv.setn.com/program/24
https://www.youtube.com/channel/UC4twJx3tfIIdmnC_zsuP45Q
https://baodao.setn.com/Photos/List/6756
https://www.setddg.com/PV191209004611105
https://game.setn.com/api/login.php?gameId=20000020
https://watch.setn.com/Video/716711
https://play.google.com/store/movies/stream/promotion_collections_movie_studios
https://www.facebook.com/SETNGAME/photos/a.157959865144613/352632015677396/?type=3&theater
https://live.setn.com/Live/2203
https://travel.setn.com/News/542202
https://www.setn.com/News.aspx?NewsID=724325&Area=5
https://acts.setn.com/baodaopen/
https://fuhouse.setn.com/news/722452
https://www.instagram.com/idolsofasia_mtv
http://blog.iset.com.tw/news/?p=243
http://line.naver.jp/R/msg/text/?我們防疫的更好！越南鄉民驚「國際只讚台灣」…分析3原因 | 國際 | 三立新聞網  SETN.COM%0D%0Ahttps://www.setn.com/News.aspx?NewsID=724040
https://tv.setn.com/https://vidol.tv/programmes/218
https://www.youtube.com/channel/UCAaTK8YjjSu92M_GLOK3Clg?sub_confirmation=1
https://baodao.setn.com/Tags/353847/%E6%8B%9C%E6%8B%9C%E8%AB%8B%E5%95%8F%E6%88%91/
https://www.setddg.com/PV200107004777293
https://game.setn.com/./img/activity/gameview-1.png
https://watch.setn.com/Video/711029
https://play.google.com/store/apps/top
https://www.facebook.com/sharer/sharer.php?u=https://www.setn.com/News.aspx?NewsID=724235
https://live.setn.com/?p=4
https://travel.setn.com/editor/364
https://www.setn.com/News.aspx?NewsID=600186
https://acts.setn.com/event/mouse2020/
https://fuhouse.setn.com/news/723121
https://www.instagram.com/whatsnewbro/
http://blog.iset.com.tw/news/?cat=4
http://line.naver.jp/R/msg/text/?辛龍痛失摯愛劉真　憲哥曝4歲霓霓「找不到媽媽」惹心疼 | 娛樂星聞 | 三立新聞網  SETN.COM%0D%0Ahttps://www.setn.com/e/News.aspx?NewsID=724232
https://tv.setn.com/program/88
https://www.youtube.com/channel/UCwDyCMbrFn0RkqXdCKxjIbg
https://baodao.setn.com/category/499
https://www.setddg.com/PV200331005185192
https://game.setn.com/gameinfodata.php?gameId=32
https://watch.setn.com/Video/655089
https://play.google.com/store/apps/category/EDUCATION
https://www.facebook.com/193541957838217/photos/a.195895817602831/588041228388286/?type=3
https://live.setn.com/Live/1241
https://travel.setn.com/News/722689
https://www.setn.com/News.aspx?NewsID=660697
https://acts.setn.com/images/product_3.jpg
https://fuhouse.setn.com/category/465
https://www.instagram.com/dramasettv/
http://blog.iset.com.tw/ST/
http://line.naver.jp/R/msg/text/?14天領9片口罩夠用了嗎？網一面倒秒答：慶幸身在台灣 | 生活 | 三立新聞網  SETN.COM%0D%0Ahttps%3a%2f%2fwww.setn.com%2fNews.aspx%3fNewsID%3d724372
https://tv.setn.com/https://vidol.tv/programmes/569
https://www.youtube.com/embed/7n0Qr7ir21w
https://baodao.setn.com/Temples/3
https://www.setddg.com/CATE00838
https://game.setn.com/api/login.php?gameId=20000049
https://watch.setn.com/Video/718754
https://play.google.com/store/apps/category/BOOKS_AND_REFERENCE
https://www.facebook.com/ViviLee0219/videos/590607278139706/
https://live.setn.com/Live/2342
https://travel.setn.com/News/715600
https://www.setn.com/News.aspx?NewsID=723127
https://fuhouse.setn.com/Videos/
http://blog.iset.com.tw/news/?p=264
http://line.naver.jp/R/msg/text/?專訪／李蒨蓉害慘全家…親揭醜聞秘辛　淚喊：我有那麼糟嗎 | 娛樂星聞 | 三立新聞網  SETN.COM%0D%0Ahttps://www.setn.com/e/News.aspx?NewsID=722937
https://tv.setn.com/program/126
https://www.youtube.com/embed/8QYAPwG_vkI
https://baodao.setn.com/news/723358
https://www.setddg.com/PV200225004928516
https://game.setn.com/game666content.php?newsid=723886
https://watch.setn.com/Hashtag/2
https://play.google.com/store/apps/category/BEAUTY
https://www.facebook.com/sharer/sharer.php?u=https://www.setn.com/News.aspx?NewsID=723154
https://live.setn.com/Live/1223
https://travel.setn.com/ViewAll/
https://www.setn.com/News.aspx?NewsID=723447
https://fuhouse.setn.com/local/4/
http://blog.iset.com.tw/news/?p=241
http://line.naver.jp/R/msg/text/?御盟集團積極抗疫　看好國旅霸氣承諾員工：不放無薪假 | 生活 | 三立新聞網  SETN.COM%0D%0Ahttps%3a%2f%2fwww.setn.com%2fNews.aspx%3fNewsID%3d712996
https://tv.setn.com/category/17
https://www.youtube.com/user/set29itake
https://baodao.setn.com/news/630169
https://www.setddg.com/CATE00535
https://game.setn.com/gameinfodata.php?gameId=42
https://watch.setn.com/Video/722231
http://video.google.com.tw/?hl=en&tab=8v
https://www.facebook.com/sharer/sharer.php?u=https://www.setn.com/News.aspx?NewsID=724244
https://live.setn.com/Live/2313
https://travel.setn.com/editor/450
https://www.setn.com/News.aspx?NewsID=723841
https://fuhouse.setn.com/news/722371
http://blog.iset.com.tw/news/?cat=5
http://line.naver.jp/R/msg/text/?為何泡麵能救災卻不能當部隊軍糧？老兵揭「驚人真相」 | 生活 | 三立新聞網  SETN.COM%0D%0Ahttps%3a%2f%2fwww.setn.com%2fNews.aspx%3fNewsID%3d722171
https://tv.setn.com/https://vidol.tv/programmes/539
https://www.youtube.com/embed/dx_5x8K2RTY
https://baodao.setn.com/news/684159
https://www.setddg.com/CATE01306
https://game.setn.com/gameinfodata.php?gameId=65
https://watch.setn.com/Category/496/
https://play.google.com/store/apps/category/GAME_STRATEGY
https://www.facebook.com/setnews
https://live.setn.com/Live/1585
https://travel.setn.com/News/94858
https://www.setn.com/News.aspx?NewsID=691773
https://fuhouse.setn.com/news/721216
http://blog.iset.com.tw/news/?cat=7
http://line.naver.jp/R/msg/text/?學生人擠人！國圖自修室共238人座位　憂成群聚破口 | 生活 | 三立新聞網  SETN.COM%0D%0Ahttps://www.setn.com/News.aspx?NewsID=724140
https://tv.setn.com/program/15
https://www.youtube.com/watch?v=yx1Ha_DF8Rg&list=PLSV0e_16dYDbasekXZ3ZaQaZmtMdd731E
https://baodao.setn.com/news/642403
https://www.setddg.com/PV180602000275667
https://game.setn.com/s5.php
https://watch.setn.com/Video/713185
https://play.google.com/store/apps/category/GAME_CARD
https://www.facebook.com/101505626575597/photos/a.524734824252673/2334189029973901/?type=3
https://live.setn.com/Live/2286
https://travel.setn.com/editor/491
https://www.setn.com/News.aspx?NewsID=723126
https://fuhouse.setn.com/news/721757
http://blog.iset.com.tw/news/?p=261
http://line.naver.jp/R/msg/text/?不滿台捐口罩？起底星國夫人為生產線控股CEO長達18年 | 國際 | 三立新聞網  SETN.COM%0D%0Ahttps://www.setn.com/News.aspx?NewsID=724044
https://tv.setn.com/https://vidol.tv/programmes/118
https://www.youtube.com/embed/gmiE7QT8mL0
https://baodao.setn.com/news/723347
https://www.setddg.com/PM181127001392075
https://game.setn.com/gameinfodata.php?gameId=63
https://watch.setn.com/https://vidol.tv/
https://play.google.com/store/apps/collection/cluster?clp=igM-ChkKEzY1OTQwNjc2MjU5NjIxMDMxMzIQCBgDEh8KGWNvbS5zZXQuYXBwLmVudGVydGFpbm1lbnQQARgDGAE%3D:S:ANO1ljLuQ_I&amp;gsr=CkGKAz4KGQoTNjU5NDA2NzYyNTk2MjEwMzEzMhAIGAMSHwoZY29tLnNldC5hcHAuZW50ZXJ0YWlubWVudBABGAMYAQ%3D%3D:S:ANO1ljLydZM
https://www.facebook.com/sharer/sharer.php?u=https://www.setn.com/News.aspx?NewsID=724145
https://live.setn.com/Live/2220
https://travel.setn.com/News/717318
https://www.setn.com/?ProjectID=7177&PhotoID=2495433
https://fuhouse.setn.com/news/722770
http://blog.iset.com.tw/news/?p=248
http://line.naver.jp/R/msg/text/?防疫在家要幹嘛？蘇巧慧邱顯智遊戲PK！大讚殺時間又減肥 | 政治 | 三立新聞網  SETN.COM%0D%0Ahttps%3a%2f%2fwww.setn.com%2fNews.aspx%3fNewsID%3d723697
https://tv.setn.com/https://vidol.tv/programmes/578
https://www.youtube.com/channel/UCX2914i1K-kGbgg1ZrLKDSQ
https://baodao.setn.com/news/642386
https://www.setddg.com/Cate00079
https://game.setn.com/game666content.php?newsid=723709
https://watch.setn.com/Video/723760
https://play.google.com/store/apps/category/FAMILY?age=AGE_RANGE3
https://www.facebook.com/HowKanEntertainment/
https://live.setn.com/Live/2201
https://travel.setn.com/category/433
https://www.setn.com/Klist.aspx?PageGroupID=41&ProjectID=6965&PageType=6
https://fuhouse.setn.com/news/723438
http://line.naver.jp/R/msg/text/?冷氣團來了！氣溫12日起急凍　明、後天清晨最冷剩10度 | 生活 | 三立新聞網  SETN.COM%0D%0Ahttps://www.setn.com/News.aspx?NewsID=724039
https://tv.setn.com/program/28
https://www.youtube.com/channel/UCs2zOG_RpVt6yOSHTfWKEXw
https://baodao.setn.com/category/509
https://www.setddg.com/Cate00151
https://game.setn.com/gameinfodata.php?gameId=66
https://watch.setn.com/Video/722302
https://play.google.com/store/apps/category/GAME_TRIVIA
https://www.facebook.com/setlingyu/photos/a.237894729702840/1361204294038539/?type=3
https://live.setn.com/?p=2
https://travel.setn.com/News/709958
https://www.setn.com/Klist.aspx?PageGroupID=50&ProjectID=6920&PageType=0
https://fuhouse.setn.com/hot/
http://line.naver.jp/R/msg/text/?單一出入口影響逃難？黃珊珊建議：改拉「紅龍」限制出入口 | 政治 | 三立新聞網  SETN.COM%0D%0Ahttps%3a%2f%2fwww.setn.com%2fNews.aspx%3fNewsID%3d724097
https://tv.setn.com/program/79
https://www.youtube.com/embed/qSd-XlPbKFk
https://baodao.setn.com/news/636421
https://www.setddg.com/Cate00433
https://game.setn.com/info.php?gameId=20000017
https://watch.setn.com/Video/722588
https://play.google.com/store/apps/category/DATING
https://www.facebook.com/sharer/sharer.php?u=https://www.setn.com/News.aspx?NewsID=724039
https://live.setn.com/?p=0
https://travel.setn.com/News/141602
https://www.setn.com/Klist.aspx?TagID=5620
https://fuhouse.setn.com/local/6/
http://line.naver.jp/R/msg/text/?募資反擊WHO爭議不斷！阿滴致歉：我不該代表全台灣 | 生活 | 三立新聞網  SETN.COM%0D%0Ahttps://www.setn.com/News.aspx?NewsID=724152
https://tv.setn.com/https://vidol.tv/programmes/219
https://www.youtube.com/embed/AIPmee5WOIc
https://baodao.setn.com/projectnews/7027
https://www.setddg.com/Cate00335
https://game.setn.com/api/login.php?gameId=20000004
https://watch.setn.com/Video/691788
https://play.google.com/store/apps/category/GAME_CASUAL
https://www.facebook.com/wowsight/videos/368775370500045/
https://live.setn.com/Live/2207
https://travel.setn.com/News/722785
https://www.setn.com/News.aspx?NewsID=723714
https://fuhouse.setn.com/news/721264
http://line.naver.jp/R/msg/text/?取名「武漢肺炎」…竟遭遊戲公司威脅：再取就永久封鎖 | 生活 | 三立新聞網  SETN.COM%0D%0Ahttps%3a%2f%2fwww.setn.com%2fNews.aspx%3fNewsID%3d723709
https://tv.setn.com/https://vidol.tv/programmes/264
https://www.youtube.com/embed/aPoVc3_lr1M
https://baodao.setn.com/Photos/List/6821
https://www.setddg.com/Cate00379
https://game.setn.com/gameinfodata.php?gameId=68
https://watch.setn.com/Category/443/
https://play.google.com/store/apps
https://www.facebook.com/sharer/sharer.php?u=https://www.setn.com/News.aspx?NewsID=724270
https://live.setn.com/Live/1206
https://travel.setn.com/News/720888
https://www.setn.com/News.aspx?NewsID=724374
https://fuhouse.setn.com/viewall/
http://line.naver.jp/R/msg/text/?駐新加坡代表處發聲明　強調：台灣抗疫努力不容遭刻意模糊 | 國際 | 三立新聞網  SETN.COM%0D%0Ahttps://www.setn.com/News.aspx?NewsID=723984
https://tv.setn.com/https://www.setddg.com
https://www.youtube.com/channel/UC4twJx3tfIIdmnC_zsuP45Q?sub_confirmation=1
https://baodao.setn.com/category/529
http://www.setddg.com/
https://game.setn.com/gameinfodata.php?gameId=69
https://watch.setn.com/Video/689611
https://play.google.com/store/apps/category/GAME_SIMULATION
https://www.facebook.com/sharer/sharer.php?u=https://www.setn.com/News.aspx?NewsID=723882
https://live.setn.com/Live/1390
https://travel.setn.com/News/721878
https://www.setn.com/News.aspx?NewsID=723729&Area=6
https://fuhouse.setn.com/local/8/
http://line.naver.jp/R/msg/text/?台醫發明「插管防疫箱」20國愛用　竟有不肖陸商抄襲想賣 | 生活 | 三立新聞網  SETN.COM%0D%0Ahttps%3a%2f%2fwww.setn.com%2fNews.aspx%3fNewsID%3d723156
https://tv.setn.com/program/125
https://www.youtube.com/channel/UCoNYj9OFHZn3ACmmeRCPwbA
https://baodao.setn.com/news/684164
https://www.setddg.com/Cate00306
https://game.setn.com/gameinfodata.php?gameId=73
https://watch.setn.com/Video/720990
https://play.google.com/apps
https://www.facebook.com/foodwaydelicious/
http://live.setn.com/http://line.naver.jp/R/msg/text/?三立iNEWS│Live線上直播│三立新聞網 SETN.COM%0D%0A@ViewBag.MetaData.Canonical
https://travel.setn.com/News/723121
https://www.setn.com/Klist.aspx?PageGroupID=50&ProjectID=4512&PageType=0
https://fuhouse.setn.com/news/723284
http://line.naver.jp/R/msg/text/?國家讓大家有球打　台灣中職應該回饋社會 | 運動 | 三立新聞網  SETN.COM%0D%0Ahttps://www.setn.com/News.aspx?NewsID=723946
https://tv.setn.com/category/12
https://www.youtube.com/playlist?list=PLxhUsq3CF77gn0efYeTlTchfc0Geio-84
https://baodao.setn.com/news/642396
https://www.setddg.com/Cate00204
https://game.setn.com/play.php?gameId=10000046
https://watch.setn.com/Category/442/
https://play.google.com/store/apps/category/HEALTH_AND_FITNESS
https://www.facebook.com/sharer/sharer.php?u=https://www.setn.com/News.aspx?NewsID=712996
https://live.setn.com/?p=3
https://travel.setn.com/News/721795
https://www.setn.com/News.aspx?NewsID=720686
https://fuhouse.setn.com/local/7/
http://line.naver.jp/R/msg/text/?SBL防疫獲讚登《紐時》　體溫「實名制」把關 | 運動 | 三立新聞網  SETN.COM%0D%0Ahttps%3a%2f%2fwww.setn.com%2fNews.aspx%3fNewsID%3d723927
https://tv.setn.com/https://vidol.tv/programmes/132
https://www.youtube.com/channel/UCsZcyUXf7npVWOta-wfDG9w/featured
https://baodao.setn.com/Temples/2
https://www.setddg.com/Cate00187
https://game.setn.com/play.php?gameId=10000056
https://watch.setn.com/Video/367643
https://play.google.com/store/apps/category/MEDICAL
https://www.facebook.com/%E8%B6%85%E6%84%9B%E7%BE%8E%E5%B0%8F%E5%A7%90-557557990980404/
https://live.setn.com/Live/1114
https://travel.setn.com/editors/
https://www.setn.com/News.aspx?NewsID=721992
https://fuhouse.setn.com/news/718106
http://line.naver.jp/R/msg/text/?華爾街日報控「中國狂買臉書廣告」：試圖塑造抗疫形象 | 國際 | 三立新聞網  SETN.COM%0D%0Ahttps://www.setn.com/News.aspx?NewsID=724371
https://tv.setn.com/program/82
https://www.youtube.com/channel/UCLw13zx2c-zcyDiFXhNrpNA/?sub_confirmation=1
https://baodao.setn.com/news/708979
https://www.setddg.com/PV190305002278855
https://game.setn.com/csrv.php
https://watch.setn.com/Category/495
https://play.google.com/store/apps/stream/baselist_featured_arcore
https://www.facebook.com/sharer/sharer.php?u=https://www.setn.com/News.aspx?NewsID=723936
https://live.setn.com/Live/2356
https://travel.setn.com/Project/2841
https://www.setn.com/News.aspx?NewsID=723387
https://fuhouse.setn.com/category/461
http://line.naver.jp/R/msg/text/?史上住院最久81天　金芭黎台商出院？指揮中心：無法證實 | 生活 | 三立新聞網  SETN.COM%0D%0Ahttps://www.setn.com/News.aspx?NewsID=724317
https://tv.setn.com/category/11
https://www.youtube.com/embed/iIIlUbM6QiY
https://baodao.setn.com/Temples/
https://www.setddg.com/PV200227004942620
https://game.setn.com/gameinfodata.php?gameId=44
https://watch.setn.com/Hashtag/10
https://play.google.com/store/apps/category/GAME_RACING
https://www.facebook.com/MommySaysCH30/
https://live.setn.com/Live/1343
https://travel.setn.com/Video/721996/143193
https://www.setn.com/%2fError404.aspx%3faspxerrorpath%3d%2fhttps%3a%2fevent.vidol.tv%2fVidol4ever%2f
https://fuhouse.setn.com/local/1/
http://line.naver.jp/R/msg/text/?BMW發布R18挑釁美國　最大水平對臥引擎誕生 | 汽車 | 三立新聞網  SETN.COM%0D%0Ahttps%3a%2f%2fwww.setn.com%2fNews.aspx%3fNewsID%3d723229
https://tv.setn.com/https://vidol.tv/programmes/119
https://www.youtube.com/embed/Vqq1PXauZx8
https://baodao.setn.com/news/704882
https://www.setddg.com/PV190710003365001
https://game.setn.com/api/login.php?gameId=20000017
https://watch.setn.com/Category/441
https://play.google.com/store/apps/details?id=org.app.factory.app52cd06ff564c5bd190000001
https://www.facebook.com/setlingyu/photos/a.944852955673677/1356307817861520/?type=3
https://live.setn.com/Live/2357
https://travel.setn.com/News/723647
https://www.setn.com/?ProjectID=7177&PhotoID=2495497
https://fuhouse.setn.com/local/3/
http://line.naver.jp/R/msg/text/?花3億買中國防護設備…全不能用！芬蘭官員內疚下台 | 國際 | 三立新聞網  SETN.COM%0D%0Ahttps%3a%2f%2fwww.setn.com%2fNews.aspx%3fNewsID%3d724379
https://tv.setn.com/program/121
https://www.youtube.com/channel/UCkELMMBdy4gPj6ooQwYJ-yg
https://baodao.setn.com/category/506
https://www.setddg.com/CATE01321
https://game.setn.com/info.php?gameId=20000045
https://watch.setn.com/Video/720270
https://play.google.com/store/apps/developer?id=%E6%9D%B1%E6%A3%AE%E9%9B%BB%E8%A6%96
https://www.facebook.com/sharer/sharer.php?u=https://www.setn.com/News.aspx?NewsID=713565
https://live.setn.com/Live/2303
https://travel.setn.com/Project/7157
https://www.setn.com/news.aspx?newsid=724193
https://fuhouse.setn.com/videos/
http://line.naver.jp/R/msg/text/?他沒排隊買到「整箱上百片口罩」！真相曝光…網驚：超有種 | 生活 | 三立新聞網  SETN.COM%0D%0Ahttps%3a%2f%2fwww.setn.com%2fNews.aspx%3fNewsID%3d723863
https://tv.setn.com/program/93
https://www.youtube.com/channel/UCpmAcCUZtDEZNQWmqwX7DxQ
https://baodao.setn.com/category/507
https://www.setddg.com/PM200113004790195
https://game.setn.com/play.php?gameId=10000022
https://watch.setn.com/Video/721369
https://play.google.com/store/apps/category/GAME_ACTION
https://www.facebook.com/setdrama
https://live.setn.com/Live/1386
https://travel.setn.com/Video/721404/143155
https://www.setn.com/photos.aspx?ProjectID=5335
https://fuhouse.setn.com/category/459
http://line.naver.jp/R/msg/text/?不滿台捐口罩？起底星國夫人為生產線控股CEO長達18年 | 國際 | 三立新聞網  SETN.COM%0D%0Ahttps%3a%2f%2fwww.setn.com%2fNews.aspx%3fNewsID%3d724044
https://tv.setn.com/program/53
https://www.youtube.com/watch?v=YNvrBvP6PDs
https://baodao.setn.com/news/717543
https://www.setddg.com/Cate00385
https://game.setn.com/gameinfodata.php?gameId=51
https://watch.setn.com/Video/722698
https://play.google.com/store/apps/developer?id=Sanlih+E-Television+Co.,+Ltd.
https://www.facebook.com/SETNGAME/
https://live.setn.com/mailto:2018setn@gmail.com
https://travel.setn.com/News/718404
https://www.setn.com/Klist.aspx?TagID=29393
https://fuhouse.setn.com/category/458
http://line.naver.jp/R/msg/text/?家裡有錢要念啥科系？前輩曝：大學不重要　狂推這學程必修 | 生活 | 三立新聞網  SETN.COM%0D%0Ahttps%3a%2f%2fwww.setn.com%2fNews.aspx%3fNewsID%3d723915
https://tv.setn.com/https://vidol.tv/programmes/186
https://www.youtube.com/channel/UCMpuxj_U02VaHfaPD5Jjx_Q
https://baodao.setn.com/news/667754
https://www.setddg.com/Cate00261
https://game.setn.com/api/login.php?gameId=20000024
https://watch.setn.com/Hashtag/21
https://play.google.com/store/apps/details?id=com.sanlih.gba
https://www.facebook.com/sharer/sharer.php?u=https://www.setn.com/News.aspx?NewsID=723997
https://live.setn.com/?p=1
https://travel.setn.com/News/723415
https://www.setn.com/News.aspx?NewsID=723637
https://fuhouse.setn.com/local/5/
http://line.naver.jp/R/msg/text/?美國航艦550人確診！五角大廈憂：恐讓共軍「有機可乘」 | 國際 | 三立新聞網  SETN.COM%0D%0Ahttps://www.setn.com/News.aspx?NewsID=724370
https://tv.setn.com/https://vidol.tv/categories/26-%E5%A5%B3%E5%AD%A9%E8%A6%81%E5%B9%B9%E5%98%9B/56-%E5%A5%B3%E5%AD%A9%E8%A6%81%E5%B9%B9%E5%98%9B
https://www.youtube.com/channel/UCfPmFrdqNLD-HFJpfjBs1Cg
https://baodao.setn.com/news/682834
https://www.setddg.com/Cate00454
https://game.setn.com/play.php?gameId=10000061
https://watch.setn.com/Video/713066
https://play.google.com/store/apps/new
https://www.facebook.com/TQAA11/photos/a.339339360299726/359118074988521/?type=3
https://live.setn.com/Live/2176
https://travel.setn.com/News/724049
https://www.setn.com/News.aspx?NewsID=724384
https://fuhouse.setn.com/mailto:2018setn@gmail.com
http://line.naver.jp/R/msg/text/?超跑起火駕駛慘成焦屍　26歲死者身分曝…是裝潢大亨 | 社會 | 三立新聞網  SETN.COM%0D%0Ahttps%3a%2f%2fwww.setn.com%2fNews.aspx%3fNewsID%3d724270
https://tv.setn.com/program/77
https://www.youtube.com/channel/UCsl42d0Wd6bgXms_8RvReyw
https://baodao.setn.com/news/669059
https://www.setddg.com/CATE01263
https://game.setn.com/gameinfodata.php?gameId=18
https://watch.setn.com/ViewAll/
https://play.google.com/web/store/devices
https://www.facebook.com/EnjoyEntertainmentCom
https://live.setn.com/Live/2354
https://travel.setn.com/Video/722047/143201
https://www.setn.com/News.aspx?NewsID=664041
https://fuhouse.setn.com/news/722156
http://line.naver.jp/R/msg/text/?超跑起火駕駛慘成焦屍　26歲死者身分曝…是裝潢大亨 | 社會 | 三立新聞網  SETN.COM%0D%0Ahttps://www.setn.com/News.aspx?NewsID=724270
https://tv.setn.com/https://vidol.tv/programmes/129
https://www.youtube.com/channel/UCzcEnsTFjLJWEpEKhcg9LAg?sub_confirmation=1
https://baodao.setn.com/news/705534
https://www.setddg.com/PM180807000547833
https://game.setn.com/play.php?gameId=10000016
https://watch.setn.com/Hashtag/11
https://play.google.com/store/apps/category/FINANCE
https://www.facebook.com/ZongYiDaReMen
https://live.setn.com/?p=79
https://travel.setn.com/News/722047
https://www.setn.com/News.aspx?NewsID=723980
https://fuhouse.setn.com/https://vidol.tv/programmes/723
http://line.naver.jp/R/msg/text/?漁港吃海鮮超盤？防坑殺秘訣曝光　內行人提醒：生魚片別點 | 生活 | 三立新聞網  SETN.COM%0D%0Ahttps://www.setn.com/News.aspx?NewsID=723924
https://tv.setn.com/category/10
https://www.youtube.com/channel/UCrA8d7uAh9k_ojaEPjg82wA
https://baodao.setn.com/Activity/
https://www.setddg.com/CATE00971
https://game.setn.com/play.php?gameId=10000059
https://watch.setn.com/Video/721795
https://play.google.com/store/apps/category/FAMILY
https://www.facebook.com/setddg
https://live.setn.com/Live/2002
https://travel.setn.com/Video/717732/142789
https://www.setn.com/News.aspx?NewsID=724323
https://fuhouse.setn.com/news/717587
http://line.naver.jp/R/msg/text/?悚！台中公車突然往前衝撞　停等區女騎士卡輪下慘死 | 社會 | 三立新聞網  SETN.COM%0D%0Ahttps://www.setn.com/News.aspx?NewsID=724361
https://tv.setn.com/program/118
https://www.youtube.com/channel/UC2hslcZZSHF1u_KW4LPrRPA?sub_confirmation=1
https://baodao.setn.com/Temples/4
https://www.setddg.com/PV191029004289754
https://game.setn.com/game666try.php
https://watch.setn.com/Video/704207
https://play.google.com/store/apps/category/GAME_ADVENTURE
https://www.facebook.com/JamHsiao/videos/368640580503699/
https://live.setn.com/Live/1219
https://travel.setn.com/editor/449
https://www.setn.com/Catalog_Column.aspx?SubCateID=71&p=1
https://fuhouse.setn.com/category/464
http://line.naver.jp/R/msg/text/?水餃沾醬怎麼調才是一絕？老饕激推「隱藏吃法」：出乎意料 | 生活 | 三立新聞網  SETN.COM%0D%0Ahttps%3a%2f%2fwww.setn.com%2fNews.aspx%3fNewsID%3d724236
https://tv.setn.com/program/127
https://www.youtube.com/watch?v=C-PyUlZEg0Q&feature=youtu.be
https://baodao.setn.com/news/720228
https://www.setddg.com/PV200401005197783
https://game.setn.com/info.php?gameId=20000051
https://watch.setn.com/Hashtag/62
https://play.google.com/store/apps/category/LIFESTYLE
https://www.facebook.com/setshowbiz/
https://live.setn.com/Live/2358
https://travel.setn.com/News/225229
https://www.setn.com/Klist.aspx?TagID=17756
https://fuhouse.setn.com/category/462
http://line.naver.jp/R/msg/text/?房東才能超越房東！超狂「直接過戶」全網暴動瘋找中正歐媽 | 生活 | 三立新聞網  SETN.COM%0D%0Ahttps%3a%2f%2fwww.setn.com%2fNews.aspx%3fNewsID%3d723832
https://tv.setn.com/program/43
https://www.youtube.com/playlist?list=PLNXJ_YC1PDA3hEDzb6lxTxJcQM3tTA3s0
https://baodao.setn.com/news/684119
https://www.setddg.com/Cate00391
https://game.setn.com/gameinfodata.php?gameId=3
https://watch.setn.com/Video/682921
https://play.google.com/store/apps/category/TRAVEL_AND_LOCAL
https://www.facebook.com/194703907220622/photos/a.694400153917659/2681260961898225/?type=3
https://live.setn.com/Live/1945
https://travel.setn.com/News/722797
https://www.setn.com/News.aspx?NewsID=723203
http://line.naver.jp/R/msg/text/?御盟集團積極抗疫　看好國旅霸氣承諾員工：不放無薪假 | 生活 | 三立新聞網  SETN.COM%0D%0Ahttps://www.setn.com/News.aspx?NewsID=712996
https://tv.setn.com/program/80
https://www.youtube.com/channel/UC0Bp71S54Jsw9XsapPoUVFQ
https://baodao.setn.com/news/720047
https://www.setddg.com/CATE01305
https://game.setn.com/api/login.php?gameId=20000019
https://watch.setn.com/https://pse.is/G39YF
https://play.google.com/store/apps/category/FAMILY?age=AGE_RANGE2
https://www.facebook.com/menstalk
https://live.setn.com/Live/2122
https://travel.setn.com/Projects/
https://www.setn.com/Klist.aspx?TagID=1896
http://line.naver.jp/R/msg/text/?專訪／李蒨蓉害慘全家…親揭醜聞秘辛　淚喊：我有那麼糟嗎 | 娛樂星聞 | 三立新聞網  SETN.COM%0D%0Ahttps%3a%2f%2fwww.setn.com%2fe%2fNews.aspx%3fNewsID%3d722937
https://tv.setn.com/https://vidol.tv/programmes/875
https://www.youtube.com/channel/UCLw13zx2c-zcyDiFXhNrpNA
https://baodao.setn.com/news/720535
https://www.setddg.com/Cate00485
https://game.setn.com/gameinfodata.php?gameId=75
https://watch.setn.com/Video/538641
https://play.google.com/store/apps/details?id=com.tvbs.news
https://www.facebook.com/posenkid/photos/a.10153830106245529/10162359460975529/?type=3
https://live.setn.com/Live/2221
https://travel.setn.com/Video/723420/143414
https://www.setn.com/Klist.aspx?PageGroupID=53&ProjectID=5744&PageType=0
http://line.naver.jp/R/msg/text/?揚言槍斃有效？菲律賓封城近十萬人違規　犯罪案件劇減5成 | 國際 | 三立新聞網  SETN.COM%0D%0Ahttps%3a%2f%2fwww.setn.com%2fNews.aspx%3fNewsID%3d724229
https://tv.setn.com/https://vidol.tv/programmes/187
https://www.youtube.com/channel/UC_s7aCmBPjzMUOgS0gcAf8g?sub_confirmation=1
https://baodao.setn.com/news/644996
https://www.setddg.com/P0000100044030
https://game.setn.com/./img/activity/gameview-2.png
https://watch.setn.com/Video/592887
https://play.google.com/store/apps/developer?id=%E4%B8%AD%E8%8F%AF%E9%9B%BB%E8%A6%96%E5%85%AC%E5%8F%B8
https://www.facebook.com/sharer/sharer.php?u=https://www.setn.com/News.aspx?NewsID=724170
https://live.setn.com/Live/2222
https://travel.setn.com/Video/722766/143299
https://www.setn.com/News.aspx?NewsID=698592
http://line.naver.jp/R/msg/text/?打擊武肺獲國際讚…白宮請願網站連署：邀請台灣加入聯合國 | 政治 | 三立新聞網  SETN.COM%0D%0Ahttps%3a%2f%2fwww.setn.com%2fNews.aspx%3fNewsID%3d724386
https://tv.setn.com/program/81
https://www.youtube.com/embed/Pdnz7Bw5ZrM
https://baodao.setn.com/Tags/363943
http://www.setddg.com/http://line.naver.jp/ti/p/%40igood
https://game.setn.com/gameinfo.php
https://watch.setn.com/Hashtag/63
https://play.google.com/settings
https://www.facebook.com/sharer/sharer.php?u=https://www.setn.com/News.aspx?NewsID=724111
https://live.setn.com/?p=16
https://travel.setn.com/News/241067
https://www.setn.com/News.aspx?NewsID=720631
http://line.naver.jp/R/msg/text/?她戴口罩想素顏！男友竟打罵「看到就想吐」女大生心碎了… | 生活 | 三立新聞網  SETN.COM%0D%0Ahttps://www.setn.com/News.aspx?NewsID=723997
https://tv.setn.com/https://vidol.tv/programmes/133
https://policies.google.com/privacy
https://baodao.setn.com/category/504
https://www.setddg.com/PM200309005013858
https://game.setn.com/api/login.php?gameId=20000050
https://watch.setn.com/Video/721669
https://play.google.com/store/apps/category/FAMILY_EDUCATION
https://www.facebook.com/sharer/sharer.php?u=https://www.setn.com/News.aspx?NewsID=724229
https://live.setn.com/Live/2345
https://travel.setn.com/editor/306
https://www.setn.com/photos.aspx?ProjectID=7001
http://line.naver.jp/R/msg/text/?華爾街日報控「中國狂買臉書廣告」：試圖塑造抗疫形象 | 國際 | 三立新聞網  SETN.COM%0D%0Ahttps%3a%2f%2fwww.setn.com%2fNews.aspx%3fNewsID%3d724371
https://tv.setn.com/https://event-dev.vidol.tv/vidolApp/
https://www.youtube.com/channel/UCt0H6f2yOF26wi_Ng8HssJQ
https://baodao.setn.com/news/721519
https://www.setddg.com/Cate00075
https://game.setn.com/game666.php
https://watch.setn.com/Video/722689
https://play.google.com/books
https://www.facebook.com/howareyou.2019
https://live.setn.com/Live/2177
https://travel.setn.com/News/230476
https://www.setn.com/videos.aspx?PageGroupID=5&p=4
http://line.naver.jp/R/msg/text/?快訊／國防部證實：共軍遼寧號編隊連2日現台灣東部外海！ | 政治 | 三立新聞網  SETN.COM%0D%0Ahttps://www.setn.com/News.aspx?NewsID=724353
https://tv.setn.com/category/20
https://www.youtube.com/channel/UCdDrZ2IpOf8pN25YDu1q6mg
https://baodao.setn.com/news/645047
https://www.setddg.com/ProductBestSellers
https://game.setn.com/game666content.php?newsid=722078
https://watch.setn.com/Hashtag/0
https://play.google.com/store/apps/category/GAME_ARCADE
https://www.facebook.com/setdrama/
https://live.setn.com/Live/2276
https://travel.setn.com/Video/716988/142715
https://www.setn.com/?ProjectID=7175&PhotoID=2494258
http://line.naver.jp/R/msg/text/?快訊／國防部證實：共軍遼寧號編隊連2日現台灣東部外海！ | 政治 | 三立新聞網  SETN.COM%0D%0Ahttps%3a%2f%2fwww.setn.com%2fNews.aspx%3fNewsID%3d724353
https://tv.setn.com/program/92
https://www.youtube.com/embed/o0TeeoNg2UY
https://baodao.setn.com/https://line.me/R/ti/p/%40uju3731z
https://www.setddg.com/PV200120004820218
https://game.setn.com/info.php?gameId=20000033
https://watch.setn.com/mailto:2018setn@gmail.com
https://play.google.com/store/books
https://www.facebook.com/mpwculture/videos/1239407546232643/
https://live.setn.com/Live/1946
https://travel.setn.com/News/722588
https://www.setn.com/?ProjectID=7181&PhotoID=2496737
http://line.naver.jp/R/msg/text/?反擊譚德塞！歐洲127政要致函WHO：挺台參加世衛組織 | 政治 | 三立新聞網  SETN.COM%0D%0Ahttps://www.setn.com/News.aspx?NewsID=723897
https://tv.setn.com/https://fuhouse.setn.com
https://www.youtube.com/channel/UCWihiKnC_dKSl3dzH7ImGHw
https://baodao.setn.com/news/642399
https://www.setddg.com/Cate00438
https://game.setn.com/info.php?gameId=20000047
https://play.google.com/store/apps/stream/vr_top_device_featured_category
https://www.facebook.com/626817687751963/
https://live.setn.com/Live/951
https://travel.setn.com/editor/528
https://www.setn.com/Catalog_Column.aspx?SubCateID=91&p=1
http://line.naver.jp/R/msg/text/?獨／學費31萬…台北歐洲學校爆片面停課　家長反彈怒批 | 生活 | 三立新聞網  SETN.COM%0D%0Ahttps%3a%2f%2fwww.setn.com%2fNews.aspx%3fNewsID%3d724145
https://tv.setn.com/program/94
https://www.youtube.com/watch?v=-KKdicPuhl8&amp;list=PLd5zGth6CDdUEQ5WFvyWoeRKA8nw6dpVp
https://baodao.setn.com/Videos/
https://www.setddg.com/P0000100065752
https://game.setn.com/gameinfodata.php?gameId=35
https://play.google.com/store/apps/category/PHOTOGRAPHY
https://www.facebook.com/blackiechen.lovelife4ever/photos/a.10161122585550562/10161873024360562/?type=3
https://live.setn.com/Channel/
https://travel.setn.com/Video/723415/143413
https://www.setn.com/News.aspx?NewsID=705583
http://line.naver.jp/R/msg/text/?駐新加坡代表處發聲明　強調：台灣抗疫努力不容遭刻意模糊 | 國際 | 三立新聞網  SETN.COM%0D%0Ahttps%3a%2f%2fwww.setn.com%2fNews.aspx%3fNewsID%3d723984
https://tv.setn.com/category/14
https://www.youtube.com/channel/UCeifKZK-uUYpf_A_6zGwdkA
https://baodao.setn.com/news/682831
https://www.setddg.com/PV190723003483758
https://game.setn.com/article.php
https://play.google.com/store/myplayactivity
https://www.facebook.com/sharer/sharer.php?u=https://www.setn.com/News.aspx?NewsID=717635
https://live.setn.com/Live/2350
https://travel.setn.com/News/721488
https://www.setn.com/News.aspx?NewsID=721929
https://line.naver.jp/R/msg/text/?%0D%0Ahttps%3a%2f%2fwww.setn.com%2fproject.aspx%3fProjectID%3d6964
https://tv.setn.com/https://vidol.tv
https://www.youtube.com/embed/Ja-EBlr481o
https://baodao.setn.com/Photos/List/6972
https://www.setddg.com/PM190823003697591
https://game.setn.com/api/login.php?gameId=20000045
https://play.google.com/store/apps/category/PERSONALIZATION
https://www.facebook.com/sharer/sharer.php?u=https://www.setn.com/News.aspx?NewsID=724387
https://live.setn.com/Live/1200
https://travel.setn.com/Video/722042/143199
https://www.setn.com/News.aspx?NewsID=723687
http://line.naver.jp/R/msg/text/?超商結帳謹遵社交距離！阿伯下秒反應超萌　網讚：老人典範 | 生活 | 三立新聞網  SETN.COM%0D%0Ahttps%3a%2f%2fwww.setn.com%2fNews.aspx%3fNewsID%3d724366
https://tv.setn.com/program/31
https://www.youtube.com/channel/UC2hslcZZSHF1u_KW4LPrRPA
https://baodao.setn.com/category/501
https://www.setddg.com/PM200220004916547
https://game.setn.com/play.php?gameId=10000048
https://play.google.com/store/apps/category/ENTERTAINMENT
https://www.facebook.com/lingyuan28/photos/a.1537564889888971/2202649576713829/?type=3
https://live.setn.com/Live/1626
https://travel.setn.com/Project/789
https://www.setn.com/Catalog.aspx?PageGroupID=64
http://line.naver.jp/R/msg/text/?陳傑憲突破僵局二壘打！統一延長賽擊退兄弟奪全球首勝 | 運動 | 三立新聞網  SETN.COM%0D%0Ahttps://www.setn.com/News.aspx?NewsID=724264
https://tv.setn.com/https://vidol.tv/programmes/547
https://www.youtube.com/channel/UCNz2YbRPdGvyBq5qq7iqNwQ
https://baodao.setn.com/Tags/23512
https://www.setddg.com/Cate00173
https://game.setn.com/api/login.php?gameId=20000028
https://play.google.com/store/apps/category/SHOPPING
https://www.facebook.com/sharer/sharer.php?u=https://www.setn.com/News.aspx?NewsID=724371
https://live.setn.com/Live/2147
https://travel.setn.com/Project/55
https://www.setn.com/Klist.aspx?PageGroupID=4&ProjectID=6964&PageType=0
http://line.naver.jp/R/msg/text/?全世界都在罵譚德塞…為什麼他只在意台灣？網曝台超強關鍵 | 生活 | 三立新聞網  SETN.COM%0D%0Ahttps://www.setn.com/News.aspx?NewsID=723931
https://tv.setn.com/program/50
https://www.youtube.com/channel/UCIU8ha-NHmLjtUwU7dFiXUA
https://baodao.setn.com/category/511
https://www.setddg.com/PV200203004841681
https://game.setn.com/play.php?gameId=10000027
https://play.google.com/store/apps/category/NEWS_AND_MAGAZINES
https://www.facebook.com/Alfiehuang.tw/photos/a.809949186028231/892568191099663/?type=3
https://live.setn.com/live/691
https://travel.setn.com/News/718371
https://www.setn.com/News.aspx?NewsID=723772
http://line.naver.jp/R/msg/text/?不只《夫婦世界》！盤點重口味狗血韓劇…宋仲基作品也上榜 | 娛樂星聞 | 三立新聞網  SETN.COM%0D%0Ahttps://www.setn.com/e/News.aspx?NewsID=724346
https://tv.setn.com/https://vidol.tv/programmes/546
https://www.youtube.com/embed/6tuoKSWUD2U
https://baodao.setn.com/category/505
https://www.setddg.com/PV200323005134161
https://game.setn.com/info.php?gameId=20000041
https://play.google.com/store/apps/category/FOOD_AND_DRINK
https://www.facebook.com/SET54viewpoint/
https://live.setn.com/Live/2202
https://travel.setn.com/News/714785
https://www.setn.com/Plist.aspx?PageGroupID=5&p=2
http://line.naver.jp/R/msg/text/?為何中國口罩貨源突然變的這麼充足？　網曝驚人真相 | 生活 | 三立新聞網  SETN.COM%0D%0Ahttps://www.setn.com/News.aspx?NewsID=723542
https://tv.setn.com/program/6
https://www.youtube.com/channel/UCTQ-gSOpuLtgQarXw3XVmyQ?sub_confirmation=1
https://baodao.setn.com/category/517
https://www.setddg.com/Cate00210
https://game.setn.com/https://pse.is/R3FKZ
https://play.google.com/store/apps/category/GAME_WORD
https://www.facebook.com/jiejieinhouse/
https://live.setn.com/Live/2291
https://travel.setn.com/Project/4912
https://www.setn.com/News.aspx?NewsID=723807
http://line.naver.jp/R/msg/text/?女友早餐吃2份蛋餅！他嘆養不起想放生　網全罵翻：快分手 | 生活 | 三立新聞網  SETN.COM%0D%0Ahttps%3a%2f%2fwww.setn.com%2fNews.aspx%3fNewsID%3d723955
https://tv.setn.com/https://vidol.tv/programmes/13
https://www.youtube.com/channel/UCOCcxhYGf0tRhWTL77QQHEA
https://baodao.setn.com/news/667764
https://www.setddg.com/PV190620003290763
https://game.setn.com/game666content.php?newsid=723726
https://play.google.com/store/account/subscriptions
https://www.facebook.com/sharer/sharer.php?u=https://www.setn.com/News.aspx?NewsID=724379
https://live.setn.com/Live/2299
https://travel.setn.com/editor/412
https://www.setn.com/News.aspx?NewsID=723958
http://line.naver.jp/R/msg/text/?響應防疫出招　嘉義名店「無罩拒賣、限購買數量」 | 生活 | 三立新聞網  SETN.COM%0D%0Ahttps%3a%2f%2fwww.setn.com%2fNews.aspx%3fNewsID%3d724015
https://tv.setn.com/program/122
https://www.youtube.com/channel/UCfPmFrdqNLD-HFJpfjBs1Cg?sub_confirmation=1
https://baodao.setn.com/news/723755
https://www.setddg.com/Cate00267
https://game.setn.com/api/login.php?gameId=20000051
https://play.google.com/?hl=en&tab=88
https://www.facebook.com/sharer/sharer.php?u=https://www.setn.com/News.aspx?NewsID=723977
https://live.setn.com/Live/2041
https://travel.setn.com/News/717732
https://www.setn.com/?ProjectID=7177&PhotoID=2495464
http://line.naver.jp/R/msg/text/?診所午休3小時爽翻？他羨慕「都在幹嘛」　醫護曝辛酸真相 | 生活 | 三立新聞網  SETN.COM%0D%0Ahttps%3a%2f%2fwww.setn.com%2fNews.aspx%3fNewsID%3d723936
https://tv.setn.com/youtubelist
https://www.youtube.com/channel/UCQl8DrNuVXDZW-sJpR5X2VQ?sub_confirmation=1
https://baodao.setn.com/category/502
https://www.setddg.com/PV190730003546710
https://game.setn.com/gameinfodata.php?gameId=72
https://play.google.com/intl/en-US_tw/about/play-terms.html
https://www.facebook.com/123654891063093/photos/a.418364924925420/2295279160567311/?type=3
https://live.setn.com/Live/2348
https://travel.setn.com/Project/3888
https://www.setn.com/News.aspx?NewsID=724375
http://line.naver.jp/R/msg/text/?史上住院最久81天　金芭黎台商出院？指揮中心：無法證實 | 生活 | 三立新聞網  SETN.COM%0D%0Ahttps%3a%2f%2fwww.setn.com%2fNews.aspx%3fNewsID%3d724317
https://tv.setn.com/https://www.vidol.tv/
https://www.youtube.com/embed/-23gLoeJ_9k
https://baodao.setn.com/Photos/List/6773
https://www.setddg.com/CATE00964
https://game.setn.com/api/login.php?gameId=20000033
https://play.google.com/store/apps/category/COMICS
https://www.facebook.com/194703907220622/photos/a.694400153917659/2681265125231142/?type=3
https://live.setn.com/Live/2142
https://travel.setn.com/News/692344
https://www.setn.com/Klist.aspx?TagID=47185&p=4
http://line.naver.jp/R/msg/text/?排口罩竟出動「板凳、安全帽」排隊卡位　民眾怨：不公平 | 生活 | 三立新聞網  SETN.COM%0D%0Ahttps://www.setn.com/News.aspx?NewsID=723911
https://tv.setn.com/program/111
https://www.youtube.com/embed/TFSdrEHTyuI
https://baodao.setn.com/mailto:2018setn@gmail.com
https://www.setddg.com/CATE00561
https://game.setn.com/play.php?gameId=10000063
https://play.google.com/store/apps/category/PRODUCTIVITY
https://www.facebook.com/setnews.newtaiwan/
https://live.setn.com/Live/561
https://travel.setn.com/News/722388
https://www.setn.com/News.aspx?NewsID=723910&Area=6
http://line.naver.jp/R/msg/text/?0死亡防疫做得比台灣好？越南網友喊：「我們怎麼做到的」 | 生活 | 三立新聞網  SETN.COM%0D%0Ahttps://www.setn.com/News.aspx?NewsID=724047
https://tv.setn.com/https://game.setn.com
https://www.youtube.com/channel/UCfaFHYv9wZ_UUOPSzwRbSMg
