http://line.naver.jp/R/msg/text/?空汙、PM2.5也傷腦、心血管！口罩怎麼戴？ | 名家 | 三立新聞網  SETN.COM%0D%0Ahttps://www.setn.com/News.aspx?NewsID=676313
https://www.facebook.com/194703907220622/photos/a.694400153917659/2681260961898225/?type=3
https://www.setddg.com/P0000100068049
https://www.setn.com/News.aspx?NewsID=725371
http://line.naver.jp/R/msg/text/?回歸之路慘遭肺炎打斷　福特越野休旅Bronco生產延期 | 汽車 | 三立新聞網  SETN.COM%0D%0Ahttps://www.setn.com/News.aspx?NewsID=724895
https://www.facebook.com/sharer/sharer.php?u=https://www.setn.com/e/News.aspx?NewsID=715411
https://www.setddg.com/PV191202004568246
https://www.setn.com/Klist.aspx?TagID=311057
http://line.naver.jp/R/msg/text/?https://www.setddg.com/PV190910003868086
https://www.facebook.com/FiFiWang777/photos/a.730105157003810/2676761842338122/?type=3
https://www.setddg.com/CATE01343
https://www.setn.com/Klist.aspx?TagID=7504
http://line.naver.jp/R/msg/text/?史上最恐怖！西班牙流感殺死全球近億人　台灣4萬多人死亡 | 生活 | 三立新聞網  SETN.COM%0D%0Ahttps://www.setn.com/News.aspx?NewsID=694785
https://www.facebook.com/sharer/sharer.php?u=https://www.setn.com/e/News.aspx?NewsID=659580
https://www.setddg.com/P0000100062742
https://www.setn.com/Klist.aspx?TagID=7843
http://line.naver.jp/R/msg/text/?柯淑勤自嘲金魚腦！不知坤達天團出身　傻回：柯佳嬿老公啊 | 娛樂星聞 | 三立新聞網  SETN.COM%0D%0Ahttps%3a%2f%2fwww.setn.com%2fe%2fNews.aspx%3fNewsID%3d724884
https://www.facebook.com/ilookermovie/
https://www.setddg.com/PV180910000799466
https://www.setn.com/News.aspx?NewsID=685780
http://line.naver.jp/R/msg/text/?世界看到了！紐時「台灣能幫忙」廣告出刊　在美台人：感動 | 國際 | 三立新聞網  SETN.COM%0D%0Ahttps://www.setn.com/News.aspx?NewsID=726214
https://www.facebook.com/193541957838217/photos/a.210485299477216/557224838136592/?type=3
https://www.setddg.com/PV190725003522538
https://www.setn.com/News.aspx?NewsID=699644
http://line.naver.jp/R/msg/text/?「豬哥亮上過身！」謝和弦懶聽老婆言　瘋狂去愛只想做自己 | 娛樂星聞 | 三立新聞網  SETN.COM%0D%0Ahttps://www.setn.com/e/News.aspx?NewsID=717658
https://www.facebook.com/sharer/sharer.php?u=https://www.setn.com/News.aspx?NewsID=703003
https://www.setddg.com/PV200229004946036
https://www.setn.com/News.aspx?NewsID=703470
http://line.naver.jp/R/msg/text/?好消息！莊人祥：10本土案例7例已結案　剩「這3人」 | 生活 | 三立新聞網  SETN.COM%0D%0Ahttps://www.setn.com/News.aspx?NewsID=725984
https://www.facebook.com/wangchiyu/photos/a.776544399076517/2446677318729875/?type=3
https://www.setddg.com/PM200407005222991
https://www.setn.com/News.aspx?NewsID=704269
http://line.naver.jp/R/msg/text/?迪麗熱巴拚4年無休！臉皮崩壞近照曝光　網驚呼：好鬆 | 娛樂星聞 | 三立新聞網  SETN.COM%0D%0Ahttps%3a%2f%2fwww.setn.com%2fe%2fNews.aspx%3fNewsID%3d726072
https://www.facebook.com/ST.ArtistSchool/photos/a.546108048772932/2298090143574705/?type=3
https://www.setddg.com/PV200413005287345
https://www.setn.com/News.aspx?NewsID=704334
http://line.naver.jp/R/msg/text/?https://www.setddg.com/PV191017004120264
https://www.facebook.com/sharer/sharer.php?u=https://www.setn.com/e/News.aspx?NewsID=720042
https://www.setddg.com/CATE00720
https://www.setn.com/News.aspx?NewsID=707806
http://line.naver.jp/R/msg/text/?赴中國淘金踢鐵板？董至成砸40萬做這事　認了：手頭較緊 | 娛樂星聞 | 三立新聞網  SETN.COM%0D%0Ahttps://www.setn.com/e/News.aspx?NewsID=709295
https://www.facebook.com/SamsungTaiwan/photos/a.110034205719180/2817996241589616/?type=3&amp;theater
https://www.setddg.com/CATE00883
https://www.setn.com/News.aspx?NewsID=713408
http://line.naver.jp/R/msg/text/?沒戴口罩怎麼「咳嗽打噴嚏」？醫揭正確姿勢　網驚：好嘻哈 | 生活 | 三立新聞網  SETN.COM%0D%0Ahttps%3a%2f%2fwww.setn.com%2fNews.aspx%3fNewsID%3d705049
https://www.facebook.com/sharer/sharer.php?u=https://www.setn.com/News.aspx?NewsID=724170
https://www.setddg.com/CATE00689
https://www.setn.com/News.aspx?NewsID=717334
http://line.naver.jp/R/msg/text/?退伍後更壯！李敏鎬《永遠的君主》海量照曝光…騎白馬最帥 | 娛樂星聞 | 三立新聞網  SETN.COM%0D%0Ahttps%3a%2f%2fwww.setn.com%2fe%2fNews.aspx%3fNewsID%3d724979
https://www.facebook.com/193541957838217/photos/a.195895817602831/541886266337116/?type=3
https://www.setddg.com/Cate00073
https://www.setn.com/News.aspx?NewsID=718872
http://line.naver.jp/R/msg/text/?94要客訴／華航改名花三百億？溫朗東：像防疫再難也要做 | 政治 | 三立新聞網  SETN.COM%0D%0Ahttps%3a%2f%2fwww.setn.com%2fNews.aspx%3fNewsID%3d725571
https://www.facebook.com/taiwanericcheng/videos/442235509908121/
https://www.setddg.com/PV190114001825753
https://www.setn.com/News.aspx?NewsID=725360
http://line.naver.jp/R/msg/text/?魏如昀和經紀公司拆夥被求償5千萬　法官判解約有理 | 社會 | 三立新聞網  SETN.COM%0D%0Ahttps%3a%2f%2fwww.setn.com%2fNews.aspx%3fNewsID%3d720632
https://www.facebook.com/sharer/sharer.php?u=https://www.setddg.com/P0000100003964
https://www.setddg.com/CATE01284
https://www.setn.com/News.aspx?NewsID=725545
http://line.naver.jp/R/msg/text/?只為了聞香味…慈禧太后特愛香蕉　不吃卻「一年消耗萬根」 | 生活 | 三立新聞網  SETN.COM%0D%0Ahttps://www.setn.com/News.aspx?NewsID=720403
https://www.facebook.com/sharer/sharer.php?u=https://www.setn.com/e/News.aspx?NewsID=697922
https://www.setddg.com/PM200108004777993
https://www.setn.com/News.aspx?NewsID=726272&p=0
http://line.naver.jp/R/msg/text/?王景玉逃死判無期…網友氣炸一面倒狂轟：送去法官家吃藥！ | 生活 | 三立新聞網  SETN.COM%0D%0Ahttps%3a%2f%2fwww.setn.com%2fNews.aspx%3fNewsID%3d726181
https://www.facebook.com/sharer/sharer.php?u=https://www.setn.com/News.aspx?NewsID=725143
https://www.setddg.com/PV200218004901601
https://www.setn.com/Klist.aspx?TagID=21282
http://line.naver.jp/R/msg/text/?結婚20年首次！木村拓哉曬「驚人閃照」　慶工藤靜香生日 | 娛樂星聞 | 三立新聞網  SETN.COM%0D%0Ahttps%3a%2f%2fwww.setn.com%2fe%2fNews.aspx%3fNewsID%3d725158
https://www.facebook.com/sharer/sharer.php?u=https://www.setn.com/e/News.aspx?NewsID=697898
https://www.setddg.com/PV200409005245013
https://www.setn.com/Klist.aspx?TagID=4852
http://line.naver.jp/R/msg/text/?野生KT搭高鐵遭直擊！坐「車廂地板」掀議：怕吵到人 | 娛樂星聞 | 三立新聞網  SETN.COM%0D%0Ahttps%3a%2f%2fwww.setn.com%2fe%2fNews.aspx%3fNewsID%3d725455
https://www.facebook.com/sharer/sharer.php?u=https://www.setn.com/News.aspx?NewsID=726322
https://www.setddg.com/Cate00234
https://www.setn.com/News.aspx?NewsID=700395
http://line.naver.jp/R/msg/text/?水餃價格最多能接受多少？鄉民大解密：超過有罪惡感 | 生活 | 三立新聞網  SETN.COM%0D%0Ahttps%3a%2f%2fwww.setn.com%2fNews.aspx%3fNewsID%3d708199
https://www.facebook.com/sharer/sharer.php?u=https://www.setn.com/e/News.aspx?NewsID=709795
https://www.setddg.com/Cate00279
https://www.setn.com/News.aspx?NewsID=704053
http://line.naver.jp/R/msg/text/?才虐完迪麗熱巴！高偉光驚爆遇男粉絲示愛…會請警衛攆出去 | 娛樂星聞 | 三立新聞網  SETN.COM%0D%0Ahttps://www.setn.com/e/News.aspx?NewsID=718566
https://www.facebook.com/wangchiyu/photos/a.141837549213875/2545661778831428/?type=3
https://www.setddg.com/CATE00534
https://www.setn.com/News.aspx?NewsID=709392
http://line.naver.jp/R/msg/text/?熊熊很急？動物園無尾熊「無盡交纏」　保育員：兩隻都女生 | 寵物 | 三立新聞網  SETN.COM%0D%0Ahttps://www.setn.com/News.aspx?NewsID=720758
https://www.facebook.com/MoneyMoneyMeg
https://www.setddg.com/CATE00757
https://www.setn.com/News.aspx?NewsID=723687
http://line.naver.jp/R/msg/text/?祭品文再現！醫許願「若連3天0確診」　將豪發5百片雞排 | 生活 | 三立新聞網  SETN.COM%0D%0Ahttps://www.setn.com/News.aspx?NewsID=725750
https://www.facebook.com/sharer/sharer.php?u=https://www.setn.com/News.aspx?NewsID=726133
https://www.setddg.com/CATE00626
https://www.setn.com/News.aspx?NewsID=725146
http://line.naver.jp/R/msg/text/?養車更輕鬆　Mazda推出不限里程延長保固方案 | 汽車 | 三立新聞網  SETN.COM%0D%0Ahttps%3a%2f%2fwww.setn.com%2fNews.aspx%3fNewsID%3d725358
https://www.facebook.com/sharer/sharer.php?u=https://www.setn.com/News.aspx?NewsID=725927
https://www.setddg.com/CATE01163
https://www.setn.com/News.aspx?NewsID=726302&p=0
http://line.naver.jp/R/msg/text/?BMW 118i新進化　入手價153萬起 | 汽車 | 三立新聞網  SETN.COM%0D%0Ahttps%3a%2f%2fwww.setn.com%2fNews.aspx%3fNewsID%3d723266
https://www.facebook.com/sharer/sharer.php?u=https://www.setn.com/News.aspx?NewsID=690064
https://www.setddg.com/Cate00413
https://www.setn.com/Catalog.aspx?PageGroupID=64
http://line.naver.jp/R/msg/text/?亂入記者會罵議員「臭三八」…李喬如怒告！女韓粉下場曝光 | 政治 | 三立新聞網  SETN.COM%0D%0Ahttps%3a%2f%2fwww.setn.com%2fNews.aspx%3fNewsID%3d725378
https://www.facebook.com/sharer/sharer.php?u=https://www.setn.com/News.aspx?NewsID=724126
https://www.setddg.com/Cate00466
https://www.setn.com/Klist.aspx?PageGroupID=4&ProjectID=6964&PageType=0
http://line.naver.jp/R/msg/text/?被嗆「小姐不能摸是不是」　女按摩師甩巴掌挨告防衛過當 | 社會 | 三立新聞網  SETN.COM%0D%0Ahttps%3a%2f%2fwww.setn.com%2fNews.aspx%3fNewsID%3d701937
https://www.facebook.com/sharer/sharer.php?u=https://www.setn.com/News.aspx?NewsID=724341
https://www.setddg.com/PV200218004906012
https://www.setn.com/News.aspx?NewsID=633165
http://line.naver.jp/R/msg/text/?武漢肺炎全球爆發！英MI6前處長：中國在初期就存心隱匿 | 國際 | 三立新聞網  SETN.COM%0D%0Ahttps://www.setn.com/News.aspx?NewsID=726337
https://www.facebook.com/sharer/sharer.php?u=https://www.setn.com/News.aspx?NewsID=721220
https://www.setddg.com/PM191204004578977
https://www.setn.com/News.aspx?NewsID=684542
http://line.naver.jp/R/msg/text/?世衛13點回應《紐時》廣告　外交部：台灣參與仍相當有限 | 政治 | 三立新聞網  SETN.COM%0D%0Ahttps://www.setn.com/News.aspx?NewsID=726038
https://www.facebook.com/mpwculture/videos/1239407546232643/
https://www.setddg.com/PM200324005142573
https://www.setn.com/News.aspx?NewsID=687665
http://line.naver.jp/R/msg/text/?影／笑翻！不速之客無預警來訪　二哈姊妹嚇到差點滑倒 | 寵物 | 三立新聞網  SETN.COM%0D%0Ahttps%3a%2f%2fwww.setn.com%2fNews.aspx%3fNewsID%3d724191
https://www.facebook.com/sharer/sharer.php?u=https://www.setn.com/News.aspx?NewsID=723814
https://www.setddg.com/PV180629000364351
https://www.setn.com/News.aspx?NewsID=693133
http://line.naver.jp/R/msg/text/?集合啦！動物來測出你的「理財性格」趕緊升級財富 | 財經 | 三立新聞網  SETN.COM%0D%0Ahttps%3a%2f%2fwww.setn.com%2fNews.aspx%3fNewsID%3d721782
https://www.facebook.com/sharer/sharer.php?u=https://www.setn.com/News.aspx?NewsID=726331
https://www.setddg.com/producttag/7506/%E7%84%A1%E6%AF%92%E7%84%A1%E5%88%BA
https://www.setn.com/News.aspx?NewsID=715850
http://line.naver.jp/R/msg/text/?婆婆變態偏方逼生孫　38歲媳懷胎5月流產…竟嗆：妳的錯 | 娛樂星聞 | 三立新聞網  SETN.COM%0D%0Ahttps%3a%2f%2fwww.setn.com%2fe%2fNews.aspx%3fNewsID%3d699238
https://www.facebook.com/sharer/sharer.php?u=https://www.setn.com/News.aspx?NewsID=725458
https://www.setddg.com/Cate00439
https://www.setn.com/News.aspx?NewsID=722937
http://line.naver.jp/R/msg/text/?獨／7百萬瑪莎拉蒂車頭半毀　一撞就爛？專家曝竟保命設計 | 汽車 | 三立新聞網  SETN.COM%0D%0Ahttps://www.setn.com/News.aspx?NewsID=726159
https://www.facebook.com/DaLiThinWaist/posts/3105972499426362
https://www.setddg.com/P0000100004207
https://www.setn.com/News.aspx?NewsID=723772
http://line.naver.jp/R/msg/text/?https://www.setddg.com/PV190411002987768
https://www.facebook.com/sharer/sharer.php?u=https://www.setn.com/News.aspx?NewsID=720609
https://www.setddg.com/PV190725003521845
https://www.setn.com/News.aspx?NewsID=725538&p=0
http://line.naver.jp/R/msg/text/?將軍的愛車被拍賣　陸戰教科書道奇WC57 | 汽車 | 三立新聞網  SETN.COM%0D%0Ahttps://www.setn.com/News.aspx?NewsID=725172
https://www.facebook.com/sharer/sharer.php?u=https://www.setn.com/News.aspx?NewsID=726026
https://www.setddg.com/PV200103004770171
https://www.setn.com/News.aspx?NewsID=726052
http://line.naver.jp/R/msg/text/?疫情失控南韓、美加巡演全喊卡！防彈少年團「下一步」曝光 | 時尚 | 三立新聞網  SETN.COM%0D%0Ahttps://www.setn.com/News.aspx?NewsID=722019
https://www.facebook.com/sharer/sharer.php?u=https://www.setn.com/e/News.aspx?NewsID=725800
https://www.setddg.com/PV190620003290282
https://www.setn.com/Klist.aspx?TagID=134694
http://line.naver.jp/R/msg/text/?影／先斬後奏綁架大猩猩　萌犬小羊讓主人甘願付贖金 | 寵物 | 三立新聞網  SETN.COM%0D%0Ahttps://www.setn.com/News.aspx?NewsID=240249
https://www.facebook.com/wha.stu.tw/photos/a.192898717898513/596215837566797/?type=3
https://www.setddg.com/PV190926003979868
https://www.setn.com/Klist.aspx?TagID=390315
http://line.naver.jp/R/msg/text/?郝柏村逝…新加坡總理李顯龍：感謝他為兩岸及星國諸多貢獻 | 政治 | 三立新聞網  SETN.COM%0D%0Ahttps://www.setn.com/News.aspx?NewsID=718889
https://www.facebook.com/sharer/sharer.php?u=https://www.setn.com/News.aspx?NewsID=723787
https://www.setddg.com/PV191025004263272
https://www.setn.com/Klist.aspx?TagID=69498
http://line.naver.jp/R/msg/text/?黃鼠狼大啖蛇！可愛又血腥…畫面曝光　網驚呆：竟然不怕人 | 生活 | 三立新聞網  SETN.COM%0D%0Ahttps://www.setn.com/News.aspx?NewsID=716082
https://www.facebook.com/SETNLight/
https://www.setddg.com/PV200326005153202
https://www.setn.com/News.aspx?NewsID=655329
http://line.naver.jp/R/msg/text/?差30歲父女戀修成正果？爆秘婚劉亦菲乾爹　女星鬆口回應 | 娛樂星聞 | 三立新聞網  SETN.COM%0D%0Ahttps://www.setn.com/e/News.aspx?NewsID=726049
https://www.facebook.com/sharer/sharer.php?u=https://www.setn.com/News.aspx?NewsID=725276
https://www.setddg.com/PV200410005263836
https://www.setn.com/News.aspx?NewsID=687266
http://line.naver.jp/R/msg/text/?壓垮8年婚姻的真正原因！何妤玟親吐「毀在不起眼的小事」 | 娛樂星聞 | 三立新聞網  SETN.COM%0D%0Ahttps://www.setn.com/e/News.aspx?NewsID=725888
https://www.facebook.com/sharer/sharer.php?u=https://www.setn.com/News.aspx?NewsID=693455
https://www.setddg.com/CATE00867
https://www.setn.com/News.aspx?NewsID=715041
http://line.naver.jp/R/msg/text/?防疫新制上路！直擊夜市分流管制首日　攤販用餐區難隔開 | 生活 | 三立新聞網  SETN.COM%0D%0Ahttps%3a%2f%2fwww.setn.com%2fNews.aspx%3fNewsID%3d723581
https://www.facebook.com/sharer/sharer.php?u=https://www.setn.com/News.aspx?NewsID=725286
https://www.setddg.com/CATE00881
https://www.setn.com/News.aspx?NewsID=716939
http://line.naver.jp/R/msg/text/?集合啦！動物來測出你的「理財性格」趕緊升級財富 | 財經 | 三立新聞網  SETN.COM%0D%0Ahttps://www.setn.com/News.aspx?NewsID=721782
https://www.facebook.com/101505626575597/photos/a.101542416571918/2208339342558871/?type=3
https://www.setddg.com/producttag/4474/%E5%9D%90%E5%A2%8A
https://www.setn.com/News.aspx?NewsID=723427
http://line.naver.jp/R/msg/text/?日本24人遭誤判陽性…　台灣醫師曝「擴大篩檢」背後代價 | 生活 | 三立新聞網  SETN.COM%0D%0Ahttps://www.setn.com/News.aspx?NewsID=725402
https://www.facebook.com/sharer/sharer.php?u=https://www.setn.com/News.aspx?NewsID=725556
https://www.setddg.com/CATE00751
https://www.setn.com/News.aspx?NewsID=723958
http://line.naver.jp/R/msg/text/?壯年男腹痛血便「尿出渣渣」　醫曝驚悚真相：患了文明病… | 生活 | 三立新聞網  SETN.COM%0D%0Ahttps%3a%2f%2fwww.setn.com%2fNews.aspx%3fNewsID%3d709447
https://www.facebook.com/sharer/sharer.php?u=https://www.setn.com/e/News.aspx?NewsID=713648
https://www.setddg.com/CATE01102
https://www.setn.com/News.aspx?NewsID=725418
http://line.naver.jp/R/msg/text/?台灣單日0確診！外媒報導超兇：WHO給我出來面對 | 國際 | 三立新聞網  SETN.COM%0D%0Ahttps%3a%2f%2fwww.setn.com%2fNews.aspx%3fNewsID%3d725732
https://www.facebook.com/taiwanericcheng/videos/447450096068664/
https://www.setddg.com/PV190403002933065
https://www.setn.com/News.aspx?NewsID=725954
http://line.naver.jp/R/msg/text/?取名「武漢肺炎」…竟遭遊戲公司威脅：再取就永久封鎖 | 生活 | 三立新聞網  SETN.COM%0D%0Ahttps%3a%2f%2fwww.setn.com%2fNews.aspx%3fNewsID%3d723709
https://www.facebook.com/sharer/sharer.php?u=https://www.setn.com/News.aspx?NewsID=726113
https://www.setddg.com/PV191209004611105
https://www.setn.com/Klist.aspx?TagID=7860
http://line.naver.jp/R/msg/text/?家中牆上油漆剝落現神秘塗鴉　姐姐曝荒謬用途女大生傻眼 | 生活 | 三立新聞網  SETN.COM%0D%0Ahttps%3a%2f%2fwww.setn.com%2fNews.aspx%3fNewsID%3d622893
https://www.facebook.com/sharer/sharer.php?u=https://www.setn.com/News.aspx?NewsID=726255
https://www.setddg.com/PV200326005155365
https://www.setn.com/News.aspx?NewsID=219953
http://line.naver.jp/R/msg/text/?老大洩天機／今日回暖！明傍晚變天　吳德榮：週日愈晚愈冷 | 生活 | 三立新聞網  SETN.COM%0D%0Ahttps://www.setn.com/News.aspx?NewsID=722947
https://www.facebook.com/sharer/sharer.php?u=https://www.setn.com/e/News.aspx?NewsID=708524
https://www.setddg.com/producttag/4517/%E9%B1%B8%E9%AD%9A%E6%B9%AF
https://www.setn.com/News.aspx?NewsID=623524
http://line.naver.jp/R/msg/text/?防疫新制上路！直擊夜市分流管制首日　攤販用餐區難隔開 | 生活 | 三立新聞網  SETN.COM%0D%0Ahttps://www.setn.com/News.aspx?NewsID=723581
https://www.facebook.com/sharer/sharer.php?u=https://www.setn.com/News.aspx?NewsID=725986
https://www.setddg.com/PV200415005300628
https://www.setn.com/News.aspx?NewsID=661144
http://line.naver.jp/R/msg/text/?6患者確診前曾捐過血！南韓官方證實：血液已被9人使用 | 國際 | 三立新聞網  SETN.COM%0D%0Ahttps%3a%2f%2fwww.setn.com%2fNews.aspx%3fNewsID%3d703794
https://www.facebook.com/sharer/sharer.php?u=https://www.setn.com/News.aspx?NewsID=726293
https://www.setddg.com/PM190606003250345
https://www.setn.com/News.aspx?NewsID=685067
http://line.naver.jp/R/msg/text/?韓國瑜陣營分兩派　李佳芬遭爆不接受反罷「終極絕招」 | 政治 | 三立新聞網  SETN.COM%0D%0Ahttps://www.setn.com/News.aspx?NewsID=725111
https://www.facebook.com/sharer/sharer.php?u=https://www.setn.com/News.aspx?NewsID=726272
https://www.setddg.com/PV181019001142326
https://www.setn.com/News.aspx?NewsID=719556
http://line.naver.jp/R/msg/text/?養兒難防老　專家建議退休三寶：年金、社會參與、老人保險 | 生活 | 三立新聞網  SETN.COM%0D%0Ahttps://www.setn.com/News.aspx?NewsID=538100
https://www.facebook.com/sharer/sharer.php?u=https://www.setn.com/News.aspx?NewsID=726364
https://www.setddg.com/PV200107004777293
https://www.setn.com/News.aspx?NewsID=722542
http://line.naver.jp/R/msg/text/?超級夜總會／阿吉仔示愛紀曉君　遭發好人卡 | 娛樂星聞 | 三立新聞網  SETN.COM%0D%0Ahttps://www.setn.com/e/News.aspx?NewsID=723698
https://www.facebook.com/sharer/sharer.php?u=https://www.setn.com/e/News.aspx?NewsID=702014
https://www.setddg.com/CATE00943
https://www.setn.com/News.aspx?NewsID=724656&p=0
http://line.naver.jp/R/msg/text/?巡演無限延期！林俊傑合體蔡健雅飆唱…五月天阿信驚喜現身 | 娛樂星聞 | 三立新聞網  SETN.COM%0D%0Ahttps://www.setn.com/e/News.aspx?NewsID=715593
https://www.facebook.com/sharer/sharer.php?u=https://www.setn.com/News.aspx?NewsID=724986
https://www.setddg.com/PM180620000341210
https://www.setn.com/News.aspx?NewsID=725606&p=0
http://line.naver.jp/R/msg/text/?上學驚魂記！高中女被推入向日葵田…她險遭對方強啪 | 社會 | 三立新聞網  SETN.COM%0D%0Ahttps%3a%2f%2fwww.setn.com%2fNews.aspx%3fNewsID%3d726074
https://www.facebook.com/sharer/sharer.php?u=https://www.setn.com/e/News.aspx?NewsID=720754
https://www.setddg.com/PV190926003980993
https://www.setn.com/News.aspx?NewsID=726155
http://line.naver.jp/R/msg/text/?退出外送大戰　戶戶送：4月10日終止台灣市場運營 | 生活 | 三立新聞網  SETN.COM%0D%0Ahttps%3a%2f%2fwww.setn.com%2fNews.aspx%3fNewsID%3d720638
https://www.facebook.com/sharer/sharer.php?u=https://www.setn.com/News.aspx?NewsID=725572
https://www.setddg.com/CATE00986
https://www.setn.com/Klist.aspx?TagID=148629&amp;utm_source=setn.com&amp;utm_medium=dictionary&amp;utm_campaign=wordnews
http://line.naver.jp/R/msg/text/?假到變蠟像人了！工藤靜香臉部再進化　網酸：看了不寒而慄 | 娛樂星聞 | 三立新聞網  SETN.COM%0D%0Ahttps://www.setn.com/e/News.aspx?NewsID=339771
https://www.facebook.com/sharer/sharer.php?u=https://www.setn.com/News.aspx?NewsID=723804
https://www.setddg.com/PV200401005205399
https://www.setn.com/Klist.aspx?TagID=42413
http://line.naver.jp/R/msg/text/?留意這種長相跟身高的女生　你可能會被她榨乾 | 生活 | 三立新聞網  SETN.COM%0D%0Ahttps%3a%2f%2fwww.setn.com%2fNews.aspx%3fNewsID%3d699599
https://www.facebook.com/sharer/sharer.php?u=https://www.setn.com/News.aspx?NewsID=725058
https://www.setddg.com/CATE01349
https://www.setn.com/News.aspx?NewsID=520922
http://line.naver.jp/R/msg/text/?專訪／台大醫揭WHO內幕　小動作超多、不把我們當人看 | 生活 | 三立新聞網  SETN.COM%0D%0Ahttps%3a%2f%2fwww.setn.com%2fNews.aspx%3fNewsID%3d726018
https://www.facebook.com/sharer/sharer.php?u=https://www.setn.com/News.aspx?NewsID=726039
https://www.setddg.com/Cate00105
https://www.setn.com/News.aspx?NewsID=712650
http://line.naver.jp/R/msg/text/?中國「禁吃狗肉？」可吃動物名單曝光…官方：狗是親近伴侶 | 寵物 | 三立新聞網  SETN.COM%0D%0Ahttps://www.setn.com/News.aspx?NewsID=722614
https://www.facebook.com/taiwanericcheng/videos/2284737695101247/
https://www.setddg.com/Cate00434
https://www.setn.com/News.aspx?NewsID=714751
http://line.naver.jp/R/msg/text/?菲律賓發禁令又解禁！旅客步調大亂　華航、星宇延後開航 | 生活 | 三立新聞網  SETN.COM%0D%0Ahttps://www.setn.com/News.aspx?NewsID=690064
https://www.facebook.com/sharer/sharer.php?u=https://www.setn.com/News.aspx?NewsID=725968
https://www.setddg.com/PV200413005290249
https://www.setn.com/News.aspx?NewsID=719314
http://line.naver.jp/R/msg/text/?鋒面加冷氣團！今晚全台急凍　「6縣市」低溫探10度以下 | 生活 | 三立新聞網  SETN.COM%0D%0Ahttps%3a%2f%2fwww.setn.com%2fNews.aspx%3fNewsID%3d724012
https://www.facebook.com/sharer/sharer.php?u=https://www.setn.com/News.aspx?NewsID=692990
https://www.setddg.com/producttag/1697/%E8%8F%AF%E7%A2%A9
https://www.setn.com/News.aspx?NewsID=719613
http://line.naver.jp/R/msg/text/?外送平台後進者突圍不易　學者建議三大關鍵 | 財經 | 三立新聞網  SETN.COM%0D%0Ahttps://www.setn.com/News.aspx?NewsID=723644
https://www.facebook.com/sharer/sharer.php?u=https://www.setn.com/News.aspx?NewsID=684229
https://www.setddg.com/PV200305004986889
https://www.setn.com/News.aspx?NewsID=720490
http://line.naver.jp/R/msg/text/?「天選」風水寶地！揭秘中國最旺祖墳　後代出了16位皇帝 | 生活 | 三立新聞網  SETN.COM%0D%0Ahttps://www.setn.com/News.aspx?NewsID=719067
https://www.facebook.com/sharer/sharer.php?u=https://www.setn.com/News.aspx?NewsID=722941
https://www.setddg.com/CATE00765
https://www.setn.com/News.aspx?NewsID=725944
http://line.naver.jp/R/msg/text/?狠斷周揚青！羅志祥爆早有網紅新歡　「迅速扶正」原因曝光 | 娛樂星聞 | 三立新聞網  SETN.COM%0D%0Ahttps://www.setn.com/e/News.aspx?NewsID=721642
https://www.facebook.com/sharer/sharer.php?u=https://www.setn.com/News.aspx?NewsID=724668
https://www.setddg.com/Cate00180
https://www.setn.com/Klist.aspx?TagID=383746
http://line.naver.jp/R/msg/text/?「韭菜、高麗菜」是水餃口味霸主？網全激推這牌：不用沾醬 | 生活 | 三立新聞網  SETN.COM%0D%0Ahttps://www.setn.com/News.aspx?NewsID=726255
https://www.facebook.com/sharer/sharer.php?u=https://www.setn.com/e/News.aspx?NewsID=725888
https://www.setddg.com/Cate00224
https://www.setn.com/News.aspx?NewsID=637543
http://line.naver.jp/R/msg/text/?桃園球場下起大雨！中職開幕戰因雨延賽 | 運動 | 三立新聞網  SETN.COM%0D%0Ahttps://www.setn.com/News.aspx?NewsID=723814
https://www.facebook.com/sharer/sharer.php?u=https://www.setn.com/News.aspx?NewsID=713733
https://www.setddg.com/PV200204004850699
https://www.setn.com/News.aspx?NewsID=667621
http://line.naver.jp/R/msg/text/?台灣單日0確診！外媒報導超兇：WHO給我出來面對 | 國際 | 三立新聞網  SETN.COM%0D%0Ahttps://www.setn.com/News.aspx?NewsID=725732
https://www.facebook.com/sharer/sharer.php?u=https://www.setddg.com/PV190903003800847
https://www.setddg.com/PM180413000001584
https://www.setn.com/News.aspx?NewsID=687353
http://line.naver.jp/R/msg/text/?火辣身材有內幕？雞排妹驚喊「以前胸好小」　對比照曝光 | 娛樂星聞 | 三立新聞網  SETN.COM%0D%0Ahttps://www.setn.com/e/News.aspx?NewsID=726162
https://www.facebook.com/sharer/sharer.php?u=https://www.setn.com/News.aspx?NewsID=725571
https://www.setddg.com/CATE01022
https://www.setn.com/News.aspx?NewsID=714023
http://line.naver.jp/R/msg/text/?https://www.setddg.com/PV190321002405094
https://www.facebook.com/sharer/sharer.php?u=https://www.setn.com/e/News.aspx?NewsID=716464
https://www.setddg.com/Cate00166
https://www.setn.com/News.aspx?NewsID=718302
http://line.naver.jp/R/msg/text/?公車輾斃23歲女…行車紀錄器、車內鏡頭竟「同時故障」 | 社會 | 三立新聞網  SETN.COM%0D%0Ahttps://www.setn.com/News.aspx?NewsID=724964
https://www.facebook.com/sharer/sharer.php?u=https://www.setn.com/News.aspx?NewsID=723691
https://www.setddg.com/PV200331005185192
https://www.setn.com/News.aspx?NewsID=718879
http://line.naver.jp/R/msg/text/?6患者確診前曾捐過血！南韓官方證實：血液已被9人使用 | 國際 | 三立新聞網  SETN.COM%0D%0Ahttps://www.setn.com/News.aspx?NewsID=703794
https://www.facebook.com/sharer/sharer.php?u=https://www.setn.com/News.aspx?NewsID=639272
https://www.setddg.com/Cate00383
https://www.setn.com/News.aspx?NewsID=719641
http://line.naver.jp/R/msg/text/?疫情害慘好萊塢！北美票房跌20年新低　「比911還慘」 | 電影 | 三立新聞網  SETN.COM%0D%0Ahttps://www.setn.com/News.aspx?NewsID=709009
https://www.facebook.com/taiwanericcheng/videos/2263597307203866/
https://www.setddg.com/CATE00838
https://www.setn.com/News.aspx?NewsID=724080
http://line.naver.jp/R/msg/text/?https://www.setddg.com/PV200224004925364
https://www.facebook.com/setlingyu/photos/a.944852955673677/1320664608092508/?type=3
https://www.setddg.com/PV200324005141821
https://www.setn.com/News.aspx?NewsID=726024
http://line.naver.jp/R/msg/text/?爬山驚見金曲歌后　蔡健雅五度攻蛋恐因疫情延期…變受災戶 | 娛樂星聞 | 三立新聞網  SETN.COM%0D%0Ahttps://www.setn.com/e/News.aspx?NewsID=709945
https://www.facebook.com/sharer/sharer.php?u=https://www.setddg.com/PV200310005020987
https://www.setddg.com/Cate00128
https://www.setn.com/Klist.aspx?TagID=289961
http://line.naver.jp/R/msg/text/?發燒還送餐！外送員38.2度　消費者嚇爆「銷毀」不敢吃 | 生活 | 三立新聞網  SETN.COM%0D%0Ahttps%3a%2f%2fwww.setn.com%2fNews.aspx%3fNewsID%3d725587
https://www.facebook.com/sharer/sharer.php?u=https://www.setn.com/News.aspx?NewsID=700175
https://www.setddg.com/PV190403002932934
https://www.setn.com/News.aspx?NewsID=306512
http://line.naver.jp/R/msg/text/?超級夜總會／阿吉仔示愛紀曉君　遭發好人卡 | 娛樂星聞 | 三立新聞網  SETN.COM%0D%0Ahttps%3a%2f%2fwww.setn.com%2fe%2fNews.aspx%3fNewsID%3d723698
https://www.facebook.com/sharer/sharer.php?u=https://www.setn.com/News.aspx?NewsID=726096
https://www.setddg.com/PV191203004573959
https://www.setn.com/News.aspx?NewsID=662998
http://line.naver.jp/R/msg/text/?酒店舞廳全關！「因台商爆紅」金芭黎舞廳出面說這句 | 社會 | 三立新聞網  SETN.COM%0D%0Ahttps%3a%2f%2fwww.setn.com%2fNews.aspx%3fNewsID%3d722725
https://www.facebook.com/sharer/sharer.php?u=https://www.setn.com/News.aspx?NewsID=720154
https://www.setddg.com/PV200225004928516
https://www.setn.com/News.aspx?NewsID=706974
http://line.naver.jp/R/msg/text/?「鬼壓床」透露健康訊息？重症科醫師曝：2種人最常發生 | 健康 | 三立新聞網  SETN.COM%0D%0Ahttps://www.setn.com/News.aspx?NewsID=723332
https://www.facebook.com/sharer/sharer.php?u=https://www.setn.com/e/News.aspx?NewsID=720413
https://www.setddg.com/PV200402005206724
https://www.setn.com/News.aspx?NewsID=707017
http://line.naver.jp/R/msg/text/?日媒「中國打死不道歉」！中駐日使館急跳腳：公然詆毀中共 | 國際 | 三立新聞網  SETN.COM%0D%0Ahttps://www.setn.com/News.aspx?NewsID=725741
https://www.facebook.com/sharer/sharer.php?u=https://www.setn.com/News.aspx?NewsID=720638
https://www.setddg.com/CATE00535
https://www.setn.com/News.aspx?NewsID=719843
http://line.naver.jp/R/msg/text/?征戰無數！明朝堂堂抗倭名將　竟然是怕老婆俱樂部一員 | 新奇 | 三立新聞網  SETN.COM%0D%0Ahttps://www.setn.com/News.aspx?NewsID=721484
https://www.facebook.com/194703907220622/photos/a.694400153917659/2681265125231142/?type=3
https://www.setddg.com/P0000100071281
https://www.setn.com/News.aspx?NewsID=721529&p=0
http://line.naver.jp/R/msg/text/?台北VS.台南住哪裡比較好？　天龍鄉民票選結果跌破眼鏡 | 生活 | 三立新聞網  SETN.COM%0D%0Ahttps%3a%2f%2fwww.setn.com%2fNews.aspx%3fNewsID%3d711455
https://www.facebook.com/273340963335122/videos/2022026297901269/
https://www.setddg.com/PV180622000348672
https://www.setn.com/News.aspx?NewsID=723065
http://line.naver.jp/R/msg/text/?紐時廣告太驚豔！王丹驕傲驚呼：台灣，值得被全世界看到！ | 政治 | 三立新聞網  SETN.COM%0D%0Ahttps%3a%2f%2fwww.setn.com%2fNews.aspx%3fNewsID%3d725756
https://www.facebook.com/sharer/sharer.php?u=https://www.setn.com/News.aspx?NewsID=726173
https://www.setddg.com/Cate00040
https://www.setn.com/News.aspx?NewsID=724069
http://line.naver.jp/R/msg/text/?古代四大美男子之一的蘭陵王　身世、命運竟是如此悲慘 | 新奇 | 三立新聞網  SETN.COM%0D%0Ahttps://www.setn.com/News.aspx?NewsID=699204
https://www.facebook.com/sharer/sharer.php?u=https://www.setn.com/News.aspx?NewsID=704617
https://www.setddg.com/PV191225004726436
https://www.setn.com/News.aspx?NewsID=725364
http://line.naver.jp/R/msg/text/?疫情還在燒！法國禁足令再延一個月　馬克宏坦承：準備不足 | 國際 | 三立新聞網  SETN.COM%0D%0Ahttps://www.setn.com/News.aspx?NewsID=725084
https://www.facebook.com/SETwearefamily/videos/443881339725632/
https://www.setddg.com/PV200229004946118
https://www.setn.com/News.aspx?NewsID=725368
http://line.naver.jp/R/msg/text/?台灣運彩連這個也能賣　SBL首度開單場電競足球也開盤 | 運動 | 三立新聞網  SETN.COM%0D%0Ahttps://www.setn.com/News.aspx?NewsID=714833
https://www.facebook.com/sharer/sharer.php?u=https://www.setn.com/e/News.aspx?NewsID=706078
https://www.setddg.com/CATE00857
https://www.setn.com/News.aspx?NewsID=725382
http://line.naver.jp/R/msg/text/?韓國瑜出招反制罷免　罷韓團體創成語「負瑜頑抗」狂酸 | 政治 | 三立新聞網  SETN.COM%0D%0Ahttps%3a%2f%2fwww.setn.com%2fNews.aspx%3fNewsID%3d721884
https://www.facebook.com/sharer/sharer.php?u=https://www.setn.com/News.aspx?NewsID=697151
https://www.setddg.com/CATE01306
https://www.setn.com/Klist.aspx?TagID=26914
http://line.naver.jp/R/msg/text/?迪麗熱巴驚曝第一次！對方母胎單身又高冷…情趣最愛扮狐狸 | 娛樂星聞 | 三立新聞網  SETN.COM%0D%0Ahttps%3a%2f%2fwww.setn.com%2fe%2fNews.aspx%3fNewsID%3d706774
https://www.facebook.com/sharer/sharer.php?u=https://www.setn.com/News.aspx?NewsID=726217
https://www.setddg.com/PM190523003178771
https://www.setn.com/Klist.aspx?TagID=26958
http://line.naver.jp/R/msg/text/?安碁資訊聚焦3大策略　拚持續成長 | 財經 | 三立新聞網  SETN.COM%0D%0Ahttps://www.setn.com/News.aspx?NewsID=726277
https://www.facebook.com/193541957838217/photos/a.210485299477216/539470843245325/?type=3
https://www.setddg.com/Cate00340
https://www.setn.com/Klist.aspx?TagID=294
http://line.naver.jp/R/msg/text/?戴口罩騎車買便當！馬毓芬曝周杰倫出道暖舉…「他真可愛」 | 娛樂星聞 | 三立新聞網  SETN.COM%0D%0Ahttps%3a%2f%2fwww.setn.com%2fe%2fNews.aspx%3fNewsID%3d722581
https://www.facebook.com/193541957838217/photos/a.195895817602831/545296892662720/?type=3
https://www.setddg.com/PV200320005111566
https://www.setn.com/Klist.aspx?TagID=9627
http://line.naver.jp/R/msg/text/?43歲女「妹妹狂出水」性生活滿意　醫一看竟罹子宮內膜癌 | 娛樂星聞 | 三立新聞網  SETN.COM%0D%0Ahttps%3a%2f%2fwww.setn.com%2fe%2fNews.aspx%3fNewsID%3d711769
https://www.facebook.com/taiwanericcheng/videos/301401547406399/
https://www.setddg.com/PV200401005194701
https://www.setn.com/News.aspx?NewsID=695023
http://line.naver.jp/R/msg/text/?反差萌！《梨泰院》張根源見女星秒害羞…意外吐理想型條件 | 娛樂星聞 | 三立新聞網  SETN.COM%0D%0Ahttps%3a%2f%2fwww.setn.com%2fe%2fNews.aspx%3fNewsID%3d725051
https://www.facebook.com/pnnpts/photos/a.445004823832/10157488263173833/?type=3
https://www.setddg.com/PV200413005289822
https://www.setn.com/News.aspx?NewsID=722143
http://line.naver.jp/R/msg/text/?失戀出遊大撞鬼？《見鬼的戀愛季節》展開驚悚爆笑之旅 | 名家 | 三立新聞網  SETN.COM%0D%0Ahttps%3a%2f%2fwww.setn.com%2fNews.aspx%3fNewsID%3d725119
https://www.facebook.com/sharer/sharer.php?u=https://www.setn.com/News.aspx?NewsID=725667
https://www.setddg.com/CATE01338
https://www.setn.com/News.aspx?NewsID=725635
http://line.naver.jp/R/msg/text/?明道曾幫哥還債上百萬！律師曝「雙贏解救法」助多人翻身 | 娛樂星聞 | 三立新聞網  SETN.COM%0D%0Ahttps%3a%2f%2fwww.setn.com%2fe%2fNews.aspx%3fNewsID%3d667212
https://www.facebook.com/194703907220622/photos/a.694400153917659/2467048533319470/?type=3
https://www.setddg.com/Cate00494
https://www.setn.com/News.aspx?NewsID=725947&p=0
http://line.naver.jp/R/msg/text/?最毒班機！這航班「機上51人」確診　才落地秒被隔離 | 國際 | 三立新聞網  SETN.COM%0D%0Ahttps://www.setn.com/News.aspx?NewsID=724030
https://www.facebook.com/sharer/sharer.php?u=https://www.setn.com/News.aspx?NewsID=725580
https://www.setddg.com/PM180411000000125
https://www.setn.com/Klist.aspx?TagID=390043
http://line.naver.jp/R/msg/text/?涉性侵女編劇、粉絲！秦偉判8年定讞　明天南投入監 | 社會 | 三立新聞網  SETN.COM%0D%0Ahttps://www.setn.com/News.aspx?NewsID=724550
https://www.facebook.com/sharer/sharer.php?u=https://www.setn.com/e/News.aspx?NewsID=725158
https://www.setddg.com/PV200407005219346
https://www.setn.com/Klist.aspx?TagID=56957
http://line.naver.jp/R/msg/text/?網友封「防疫五月天」　陳時中暖回：每個螺絲都很重要 | 健康 | 三立新聞網  SETN.COM%0D%0Ahttps%3a%2f%2fwww.setn.com%2fNews.aspx%3fNewsID%3d707492
https://www.facebook.com/sharer/sharer.php?u=https://www.setn.com/News.aspx?NewsID=723377
https://www.setddg.com/Cate00337
https://www.setn.com/News.aspx?NewsID=689619
http://line.naver.jp/R/msg/text/?離婚後更美！宋慧喬夏日宣傳照曝光…辣秀一雙「白皙美腿」 | 娛樂星聞 | 三立新聞網  SETN.COM%0D%0Ahttps://www.setn.com/e/News.aspx?NewsID=726098
https://www.facebook.com/sharer/sharer.php?u=https://www.setn.com/News.aspx?NewsID=712438
https://www.setddg.com/PV200116004800877
https://www.setn.com/News.aspx?NewsID=704616
http://line.naver.jp/R/msg/text/?當今女單最強3人！陸專家分析小戴優缺 | 運動 | 三立新聞網  SETN.COM%0D%0Ahttps://www.setn.com/News.aspx?NewsID=723871
https://www.facebook.com/sharer/sharer.php?u=https://www.setn.com/e/News.aspx?NewsID=674414
https://www.setddg.com/CATE01346
https://www.setn.com/News.aspx?NewsID=706422
http://line.naver.jp/R/msg/text/?31歲生日當天喪父！太妍4天後發聲　「真摯告別」逼哭網 | 娛樂星聞 | 三立新聞網  SETN.COM%0D%0Ahttps://www.setn.com/e/News.aspx?NewsID=706928
https://www.facebook.com/sharer/sharer.php?u=https://www.setn.com/e/News.aspx?NewsID=698489
https://www.setddg.com/Cate00165
https://www.setn.com/News.aspx?NewsID=721003
http://line.naver.jp/R/msg/text/?BMW發布R18挑釁美國　最大水平對臥引擎誕生 | 汽車 | 三立新聞網  SETN.COM%0D%0Ahttps%3a%2f%2fwww.setn.com%2fNews.aspx%3fNewsID%3d723229
https://www.facebook.com/sharer/sharer.php?u=https://www.setddg.com/PV190528003210349
https://www.setddg.com/Cate00199
https://www.setn.com/News.aspx?NewsID=725238
http://line.naver.jp/R/msg/text/?中國三大男高音之一莫華倫　確診武漢肺炎無症狀住院隔離 | 國際 | 三立新聞網  SETN.COM%0D%0Ahttps%3a%2f%2fwww.setn.com%2fNews.aspx%3fNewsID%3d725185
https://www.facebook.com/sharer/sharer.php?u=https://www.setn.com/News.aspx?NewsID=715592
https://www.setddg.com/PV200205004859376
https://www.setn.com/Klist.aspx?TagID=16370
http://line.naver.jp/R/msg/text/?誰說賓利是爸爸車　改裝Continental讓人流口水 | 汽車 | 三立新聞網  SETN.COM%0D%0Ahttps://www.setn.com/News.aspx?NewsID=713950
https://www.facebook.com/sharer/sharer.php?u=https://www.setn.com/News.aspx?NewsID=721161
https://www.setddg.com/PV180602000275667
https://www.setn.com/Klist.aspx?TagID=333033
http://line.naver.jp/R/msg/text/?劉真羽化12天　命理師曝放不下家人　躲牆角含淚思念女兒 | 娛樂星聞 | 三立新聞網  SETN.COM%0D%0Ahttps%3a%2f%2fwww.setn.com%2fe%2fNews.aspx%3fNewsID%3d722973
https://www.facebook.com/sharer/sharer.php?u=https://www.setn.com/News.aspx?NewsID=726103
https://www.setddg.com/CATE00606
https://www.setn.com/Klist.aspx?TagID=89411
http://line.naver.jp/R/msg/text/?拍台劇「容易嗎？」42歲陳珮騏用「一張照片」揭幕後真相 | 娛樂星聞 | 三立新聞網  SETN.COM%0D%0Ahttps://www.setn.com/e/News.aspx?NewsID=674056
https://www.facebook.com/sharer/sharer.php?u=https://www.setn.com/News.aspx?NewsID=719296
https://www.setddg.com/P0000100068045
https://www.setn.com/News.aspx?NewsID=685178
http://line.naver.jp/R/msg/text/?翻身之路／剛創業太窮「妻出門都在地上找錢」他們因愛成功 | 生活 | 三立新聞網  SETN.COM%0D%0Ahttps%3a%2f%2fwww.setn.com%2fNews.aspx%3fNewsID%3d715482
https://www.facebook.com/sharer/sharer.php?u=https://www.setn.com/News.aspx?NewsID=724665
https://www.setddg.com/PV190725003518874
https://www.setn.com/News.aspx?NewsID=705670
http://line.naver.jp/R/msg/text/?驚爆與正妹歌手分手　謝震廷心寒：妳真的變了、再見 | 娛樂星聞 | 三立新聞網  SETN.COM%0D%0Ahttps://www.setn.com/e/News.aspx?NewsID=719064
https://www.facebook.com/sharer/sharer.php?u=https://www.setn.com/e/News.aspx?NewsID=719240
https://www.setddg.com/PV200303004966092
https://www.setn.com/News.aspx?NewsID=715209
http://line.naver.jp/R/msg/text/?劉真病逝／同劇女星回憶17年前　被導演嫌姿態「太優雅」 | 娛樂星聞 | 三立新聞網  SETN.COM%0D%0Ahttps%3a%2f%2fwww.setn.com%2fe%2fNews.aspx%3fNewsID%3d712544
https://www.facebook.com/sharer/sharer.php?u=https://www.setddg.com/P0000100042428
https://www.setddg.com/producttag/8171/%E9%96%80%E9%8E%96
https://www.setn.com/News.aspx?NewsID=720079
http://line.naver.jp/R/msg/text/?婆媳遭重罰170萬將提起訴願　爆內幕狠打臉基隆市府！ | 社會 | 三立新聞網  SETN.COM%0D%0Ahttps://www.setn.com/News.aspx?NewsID=726133
https://www.facebook.com/sharer/sharer.php?u=https://www.setn.com/News.aspx?NewsID=725285
https://www.setddg.com/PV190824003706833
https://www.setn.com/News.aspx?NewsID=725764
http://line.naver.jp/R/msg/text/?Baby根本沒婚變！黃曉明無意間一句話…讓酸民立刻閉嘴 | 娛樂星聞 | 三立新聞網  SETN.COM%0D%0Ahttps%3a%2f%2fwww.setn.com%2fe%2fNews.aspx%3fNewsID%3d720042
https://www.facebook.com/sharer/sharer.php?u=https://www.setn.com/e/News.aspx?NewsID=711194
https://www.setddg.com/CATE01233
https://www.setn.com/Klist.aspx?TagID=385922
http://line.naver.jp/R/msg/text/?婆媳遭重罰170萬將提起訴願　爆內幕狠打臉基隆市府！ | 社會 | 三立新聞網  SETN.COM%0D%0Ahttps%3a%2f%2fwww.setn.com%2fNews.aspx%3fNewsID%3d726133
https://www.facebook.com/SETwearefamily/videos/2355097637846041/
https://www.setddg.com/CATE01116
https://www.setn.com/Klist.aspx?TagID=40751
http://line.naver.jp/R/msg/text/?張雅琴9分鐘全英文轟翻譚德塞　硬起來：台灣不是塑膠做的 | 娛樂星聞 | 三立新聞網  SETN.COM%0D%0Ahttps://www.setn.com/e/News.aspx?NewsID=723070
https://www.facebook.com/sharer/sharer.php?u=https://www.setn.com/News.aspx?NewsID=641905
https://www.setddg.com/PM181106001237074
https://www.setn.com/Klist.aspx?TagID=7031
http://line.naver.jp/R/msg/text/?楓林網被查封…盜版網站全沒了！合法正版平台流量暴衝3倍 | 娛樂星聞 | 三立新聞網  SETN.COM%0D%0Ahttps%3a%2f%2fwww.setn.com%2fe%2fNews.aspx%3fNewsID%3d725014
https://www.facebook.com/sharer/sharer.php?u=https://www.setn.com/e/News.aspx?NewsID=715967
https://www.setddg.com/PV200225004933567
https://www.setn.com/News.aspx?NewsID=620556
http://line.naver.jp/R/msg/text/?炸彈客中彈投降　他狡猾百變更衣…20年前曾對警開槍 | 社會 | 三立新聞網  SETN.COM%0D%0Ahttps%3a%2f%2fwww.setn.com%2fNews.aspx%3fNewsID%3d654274
https://www.facebook.com/sharer/sharer.php?u=https://www.setn.com/News.aspx?NewsID=724683
https://www.setddg.com/CATE00932
https://www.setn.com/News.aspx?NewsID=679113
http://line.naver.jp/R/msg/text/?不滿閨密被開除　「最美女主播」與出版社鬧翻…新作急喊卡 | 娛樂星聞 | 三立新聞網  SETN.COM%0D%0Ahttps://www.setn.com/e/News.aspx?NewsID=726054
https://www.facebook.com/sharer/sharer.php?u=https://www.setn.com/News.aspx?NewsID=711455
https://www.setddg.com/PV190403002932320
https://www.setn.com/News.aspx?NewsID=720721
http://line.naver.jp/R/msg/text/?會顏清標謝媽祖慈悲…陳時中宣布好消息　台灣疫情進觀察期 | 生活 | 三立新聞網  SETN.COM%0D%0Ahttps%3a%2f%2fwww.setn.com%2fNews.aspx%3fNewsID%3d725813
https://www.facebook.com/sharer/sharer.php?u=https://www.setn.com/News.aspx?NewsID=726337
https://www.setddg.com/PV190725003522475
https://www.setn.com/Klist.aspx?TagID=7975
http://line.naver.jp/R/msg/text/?回春11歲！許光漢超級8＋9模樣曝光…早年當打工仔度日 | 娛樂星聞 | 三立新聞網  SETN.COM%0D%0Ahttps://www.setn.com/e/News.aspx?NewsID=716292
https://www.facebook.com/sharer/sharer.php?u=https://www.setn.com/e/News.aspx?NewsID=725648
https://www.setddg.com/PV191005004033867
https://www.setn.com/News.aspx?NewsID=716540
http://line.naver.jp/R/msg/text/?二大一廣場／共軍台軍美軍頻繁對峙…日本成得利者 | 名家 | 三立新聞網  SETN.COM%0D%0Ahttps://www.setn.com/News.aspx?NewsID=726180
https://www.facebook.com/taiwanericcheng/videos/572516463275116/
https://www.setddg.com/PV191104004337531
https://www.setn.com/News.aspx?NewsID=716970
http://line.naver.jp/R/msg/text/?「國民男友」許光漢太夯！42歲金鐘視后羞認「愛上女婿」 | 娛樂星聞 | 三立新聞網  SETN.COM%0D%0Ahttps%3a%2f%2fwww.setn.com%2fe%2fNews.aspx%3fNewsID%3d724156
https://www.facebook.com/sharer/sharer.php?u=https://www.setn.com/News.aspx?NewsID=724191
https://www.setddg.com/CATE01004
https://www.setn.com/News.aspx?NewsID=718242
http://line.naver.jp/R/msg/text/?台式麵包最大的賣點為何？　網曝1必買價值：領先全球 | 生活 | 三立新聞網  SETN.COM%0D%0Ahttps%3a%2f%2fwww.setn.com%2fNews.aspx%3fNewsID%3d726316
https://www.facebook.com/sharer/sharer.php?u=https://www.setn.com/e/News.aspx?NewsID=713788
https://www.setddg.com/PV200131004836849
https://www.setn.com/News.aspx?NewsID=723329
http://line.naver.jp/R/msg/text/?泰、中為台灣筆戰！　他點出佔上風3關鍵：泰網友輕鬆吵贏 | 政治 | 三立新聞網  SETN.COM%0D%0Ahttps://www.setn.com/News.aspx?NewsID=724668
https://www.facebook.com/sharer/sharer.php?u=https://www.setn.com/e/News.aspx?NewsID=719064
https://www.setddg.com/PV200218004905772
https://www.setn.com/News.aspx?NewsID=725980
http://line.naver.jp/R/msg/text/?領近30片「國旗魂口罩」！網暴動求交換　她曝這裡買的到 | 生活 | 三立新聞網  SETN.COM%0D%0Ahttps://www.setn.com/News.aspx?NewsID=725524
https://www.facebook.com/sharer/sharer.php?u=https://www.setddg.com/PV191024004255802
https://www.setddg.com/CATE01002
https://www.setn.com/Klist.aspx?TagID=286439
http://line.naver.jp/R/msg/text/?鄭元暢同框「偶像劇3女神」！8年級生淚喊：全是我的青春 | 娛樂星聞 | 三立新聞網  SETN.COM%0D%0Ahttps://www.setn.com/e/News.aspx?NewsID=702541
https://www.facebook.com/sharer/sharer.php?u=https://www.setn.com/e/News.aspx?NewsID=635353
https://www.setddg.com/PV181115001296934
https://www.setn.com/Klist.aspx?TagID=51325
http://line.naver.jp/R/msg/text/?「還不睡嗎…」孕婦聽「媽」房門外嘮叨　下秒竟被真相嚇瘋 | 生活 | 三立新聞網  SETN.COM%0D%0Ahttps://www.setn.com/News.aspx?NewsID=726329
https://www.facebook.com/sharer/sharer.php?u=https://www.setn.com/News.aspx?NewsID=723867
https://www.setddg.com/PV190725003521333
https://www.setn.com/News.aspx?NewsID=692547
http://line.naver.jp/R/msg/text/?女生都愛給人洗頭？台男酸「錢太多」　網一面倒噓翻：爽爆 | 生活 | 三立新聞網  SETN.COM%0D%0Ahttps://www.setn.com/News.aspx?NewsID=713733
https://www.facebook.com/sharer/sharer.php?u=https://www.setn.com/News.aspx?NewsID=726214
https://www.setddg.com/PV190827003743661
https://www.setn.com/News.aspx?NewsID=707296
http://line.naver.jp/R/msg/text/?為何隻手遮天的魏忠賢鬥不過年僅17歲的崇禎？真相曝光 | 生活 | 三立新聞網  SETN.COM%0D%0Ahttps://www.setn.com/News.aspx?NewsID=724986
https://www.facebook.com/sharer/sharer.php?u=https://www.setddg.com/PV190401002902825
https://www.setddg.com/PV191214004658974
https://www.setn.com/News.aspx?NewsID=711328
http://line.naver.jp/R/msg/text/?川普撤資WHO沒差？網一看驚：譚德塞有新金主！ | 國際 | 三立新聞網  SETN.COM%0D%0Ahttps://www.setn.com/News.aspx?NewsID=725772
https://www.facebook.com/sharer/sharer.php?u=https://www.setddg.com/PV190910003868086
https://www.setddg.com/PM190321002403884
https://www.setn.com/News.aspx?NewsID=712838
http://line.naver.jp/R/msg/text/?影／領先2分登板　陳禹勳飆2K後挨『背靠背』全壘打砸鍋 | 運動 | 三立新聞網  SETN.COM%0D%0Ahttps://www.setn.com/News.aspx?NewsID=726346
https://www.facebook.com/taiwanericcheng/videos/2392039491027433/
https://www.setddg.com/PV200225004933608
https://www.setn.com/News.aspx?NewsID=716646
http://line.naver.jp/R/msg/text/?九把刀自曝動手術！屁股長「釘仔」定期發炎　坐下痛到升天 | 娛樂星聞 | 三立新聞網  SETN.COM%0D%0Ahttps%3a%2f%2fwww.setn.com%2fe%2fNews.aspx%3fNewsID%3d702014
https://www.facebook.com/sharer/sharer.php?u=https://www.setn.com/News.aspx?NewsID=721930
https://www.setddg.com/PV200303004960260
https://www.setn.com/News.aspx?NewsID=717063
http://line.naver.jp/R/msg/text/?朱棣留一後路可保明朝不滅亡　無奈末代皇帝崇禎故意忽視了 | 國際 | 三立新聞網  SETN.COM%0D%0Ahttps://www.setn.com/News.aspx?NewsID=693201
https://www.facebook.com/sharer/sharer.php?u=https://www.setn.com/News.aspx?NewsID=719816
https://www.setddg.com/producttag/5143/%E6%A4%8D%E8%90%83%E7%A7%80%E9%9F%93%E5%9C%8B%E5%8E%9F%E8%A3%9D-rarita%E6%B5%B7%E9%A6%AC%E6%B0%B4%E6%B2%B9%E5%B9%B3%E8%A1%A1%E9%9D%A2%E8%86%9C
https://www.setn.com/News.aspx?NewsID=722854
http://line.naver.jp/R/msg/text/?無視疫情嚴峻！柯震東揪辣妹開趴「沒戴口罩」狂踩2禁忌 | 娛樂星聞 | 三立新聞網  SETN.COM%0D%0Ahttps%3a%2f%2fwww.setn.com%2fe%2fNews.aspx%3fNewsID%3d725749
https://www.facebook.com/194703907220622/photos/a.694400153917659/2479210345436622/?type=3
https://www.setddg.com/PV200225004933885
https://www.setn.com/News.aspx?NewsID=725393
http://line.naver.jp/R/msg/text/?假如台灣封城哪個城市能活最久？　網全推這：完全自給自足 | 生活 | 三立新聞網  SETN.COM%0D%0Ahttps://www.setn.com/News.aspx?NewsID=684229
https://www.facebook.com/sharer/sharer.php?u=https://www.setn.com/News.aspx?NewsID=725766
https://www.setddg.com/PV200408005229809
https://www.setn.com/News.aspx?NewsID=725707
http://line.naver.jp/R/msg/text/?四曲滿溢螢幕、Pro+五鏡頭　華為P40全系列超清問世 | 科技 | 三立新聞網  SETN.COM%0D%0Ahttps://www.setn.com/News.aspx?NewsID=715083
https://www.facebook.com/sharer/sharer.php?u=https://www.setn.com/News.aspx?NewsID=710473
https://www.setddg.com/producttag/3169/%E7%86%B1%E9%8A%B7%E5%AE%B6e%E6%9E%95
https://www.setn.com/News.aspx?NewsID=697672
http://line.naver.jp/R/msg/text/?老公出去玩要看「空汙指數」！何妤玟差點氣死：真的很善變 | 娛樂星聞 | 三立新聞網  SETN.COM%0D%0Ahttps%3a%2f%2fwww.setn.com%2fe%2fNews.aspx%3fNewsID%3d724793
https://www.facebook.com/sharer/sharer.php?u=https://www.setn.com/e/News.aspx?NewsID=720571
https://www.setddg.com/PM181127001392075
https://www.setn.com/News.aspx?NewsID=714331
http://line.naver.jp/R/msg/text/?兩人都努力過！何妤玟除了前夫…哽咽謝「她」幫忙：很感動 | 娛樂星聞 | 三立新聞網  SETN.COM%0D%0Ahttps://www.setn.com/e/News.aspx?NewsID=725428
https://www.facebook.com/haulb/posts/1866608153375047?__tn__=-R
https://www.setddg.com/PV200326005154983
https://www.setn.com/News.aspx?NewsID=715238
http://line.naver.jp/R/msg/text/?台式麵包最大的賣點為何？　網曝1必買價值：領先全球 | 生活 | 三立新聞網  SETN.COM%0D%0Ahttps://www.setn.com/News.aspx?NewsID=726316
https://www.facebook.com/sharer/sharer.php?u=https://www.setn.com/News.aspx?NewsID=125558
https://www.setddg.com/CATE00814
https://www.setn.com/News.aspx?NewsID=720612
http://line.naver.jp/R/msg/text/?台灣寫給世界的信登《紐時》　她跑了十家店才買到手 | 國際 | 三立新聞網  SETN.COM%0D%0Ahttps%3a%2f%2fwww.setn.com%2fNews.aspx%3fNewsID%3d725748
https://www.facebook.com/sharer/sharer.php?u=https://www.setn.com/e/News.aspx?NewsID=706305
https://www.setddg.com/Cate00453
https://www.setn.com/News.aspx?NewsID=725075&p=0
http://line.naver.jp/R/msg/text/?國中弟食指長顆粒「驗出菜花」　父怒揪兇手…竟是表哥害的 | 生活 | 三立新聞網  SETN.COM%0D%0Ahttps%3a%2f%2fwww.setn.com%2fNews.aspx%3fNewsID%3d714344
https://www.facebook.com/sharer/sharer.php?u=https://www.setn.com/News.aspx?NewsID=708199
https://www.setddg.com/PM200225004931405
https://www.setn.com/News.aspx?NewsID=725671
http://line.naver.jp/R/msg/text/?不畏寒流景氣　豐采520創紀錄：公開前熱銷350戶 | 生活 | 三立新聞網  SETN.COM%0D%0Ahttps%3a%2f%2fwww.setn.com%2fNews.aspx%3fNewsID%3d689375
https://www.facebook.com/sharer/sharer.php?u=https://www.setn.com/News.aspx?NewsID=725386
https://www.setddg.com/CATE00673
https://www.setn.com/Klist.aspx?TagID=12335
http://line.naver.jp/R/msg/text/?賈靜雯婚姻爆冷戰！修杰楷「軟下來」曝幸福秘訣就是4個字 | 時尚 | 三立新聞網  SETN.COM%0D%0Ahttps://www.setn.com/News.aspx?NewsID=723451
https://www.facebook.com/taiwanericcheng/videos/346467655894728/
https://www.setddg.com/PV191206004604381
https://www.setn.com/Klist.aspx?TagID=24558
http://line.naver.jp/R/msg/text/?台灣廣告成功登《紐時》！阿滴嗨翻：被美國「2大咖」瘋傳 | 娛樂星聞 | 三立新聞網  SETN.COM%0D%0Ahttps%3a%2f%2fwww.setn.com%2fe%2fNews.aspx%3fNewsID%3d726035
https://www.facebook.com/miaopoya.sdp/photos/a.830930170319906/2378654482214126/?type=3
https://www.setddg.com/PV191224004717051
https://www.setn.com/News.aspx?NewsID=695817
http://line.naver.jp/R/msg/text/?振奮人心！長庚中醫研究臺灣茶可抑制新冠病毒 登國際期刊 | 健康 | 三立新聞網  SETN.COM%0D%0Ahttps://www.setn.com/News.aspx?NewsID=713715
https://www.facebook.com/sharer/sharer.php?u=https://www.setn.com/News.aspx?NewsID=703794
https://www.setddg.com/producttag/4371/%E5%9B%9B%E5%AD%A38d
https://www.setn.com/News.aspx?NewsID=720647
http://line.naver.jp/R/msg/text/?挺5月身孕再傳婚變危機　性感女星今公開道歉…承認有缺失 | 娛樂星聞 | 三立新聞網  SETN.COM%0D%0Ahttps://www.setn.com/e/News.aspx?NewsID=706305
https://www.facebook.com/sharer/sharer.php?u=https://www.setn.com/News.aspx?NewsID=724403
https://www.setddg.com/PV191023004234790
https://www.setn.com/News.aspx?NewsID=723709&p=0
http://line.naver.jp/R/msg/text/?揭密！蔡宜芳遭爆偕張益贍滑摩鐵…下一步竟打算做「這事」 | 政治 | 三立新聞網  SETN.COM%0D%0Ahttps%3a%2f%2fwww.setn.com%2fNews.aspx%3fNewsID%3d707998
https://www.facebook.com/sharer/sharer.php?u=https://www.setn.com/News.aspx?NewsID=724736
https://www.setddg.com/PV200407005220254
https://www.setn.com/News.aspx?NewsID=724044
http://line.naver.jp/R/msg/text/?賣掉豪宅請吃牛排　房仲「我已請過一次雞排　承諾會兌現」 | 財經 | 三立新聞網  SETN.COM%0D%0Ahttps://www.setn.com/News.aspx?NewsID=715592
https://www.facebook.com/sharer/sharer.php?u=https://www.setn.com/News.aspx?NewsID=725963
https://www.setddg.com/PV200409005243284
https://www.setn.com/News.aspx?NewsID=725157
http://line.naver.jp/R/msg/text/?三上悠亞穿透明泳衣！私密處全被看光　網驚：形狀超明顯 | 娛樂星聞 | 三立新聞網  SETN.COM%0D%0Ahttps://www.setn.com/e/News.aspx?NewsID=635353
https://www.facebook.com/101505626575597/photos/a.524734824252673/2245019542224184/?type=3
https://www.setddg.com/CATE01344
https://www.setn.com/News.aspx?NewsID=725652
http://line.naver.jp/R/msg/text/?辣看護短裙勾人夫　正宮「怒衝病房開打」病人床上跳起嗨翻 | 娛樂星聞 | 三立新聞網  SETN.COM%0D%0Ahttps://www.setn.com/e/News.aspx?NewsID=699793
https://www.facebook.com/sharer/sharer.php?u=https://www.setn.com/News.aspx?NewsID=708377
https://www.setddg.com/Cate00079
https://www.setn.com/Klist.aspx?TagID=1455
http://line.naver.jp/R/msg/text/?無視疫情嚴峻！柯震東揪辣妹開趴「沒戴口罩」狂踩2禁忌 | 娛樂星聞 | 三立新聞網  SETN.COM%0D%0Ahttps://www.setn.com/e/News.aspx?NewsID=725749
https://www.facebook.com/sharer/sharer.php?u=https://www.setn.com/News.aspx?NewsID=722838
https://www.setddg.com/PV190403002929199
https://www.setn.com/Klist.aspx?TagID=32626
http://line.naver.jp/R/msg/text/?羅志祥「鴛鴦戲水」地點曝光！宜蘭絕美民宿360度景觀房 | 女孩 | 三立新聞網  SETN.COM%0D%0Ahttps://www.setn.com/News.aspx?NewsID=721795
https://www.facebook.com/Wu.Ke.Xi.Official/photos/a.558218397622980/2073080989470039/?type=3
https://www.setddg.com/PV190410002965068
https://www.setn.com/Klist.aspx?TagID=5179
http://line.naver.jp/R/msg/text/?史上最恐怖！西班牙流感殺死全球近億人　台灣4萬多人死亡 | 生活 | 三立新聞網  SETN.COM%0D%0Ahttps%3a%2f%2fwww.setn.com%2fNews.aspx%3fNewsID%3d694785
https://www.facebook.com/coataiwan/videos/339415116734552/
https://www.setddg.com/PV190911003880839
https://www.setn.com/News.aspx?NewsID=666286
http://line.naver.jp/R/msg/text/?https://www.setddg.com/PV190825003713271
https://www.facebook.com/sharer/sharer.php?u=https://www.setn.com/News.aspx?NewsID=723492
https://www.setddg.com/PV200103004770653
https://www.setn.com/News.aspx?NewsID=712017
http://line.naver.jp/R/msg/text/?我連咖啡錢都省了　到底夠不夠退休養老？ | 名家 | 三立新聞網  SETN.COM%0D%0Ahttps://www.setn.com/News.aspx?NewsID=725803
https://www.facebook.com/sharer/sharer.php?u=https://www.setn.com/e/News.aspx?NewsID=725533
https://www.setddg.com/CATE00642
https://www.setn.com/News.aspx?NewsID=713514
http://line.naver.jp/R/msg/text/?NOW健康／白內障手術後視力仍模糊　可能選錯人工水晶體 | 名家 | 三立新聞網  SETN.COM%0D%0Ahttps://www.setn.com/News.aspx?NewsID=726096
https://www.facebook.com/setlingyu/videos/323748115241684/
https://www.setddg.com/P0000100061566
https://www.setn.com/News.aspx?NewsID=716143
http://line.naver.jp/R/msg/text/?父母感染武肺身亡！姐姐隨後也確診…兩週後全家只剩他一個 | 國際 | 三立新聞網  SETN.COM%0D%0Ahttps%3a%2f%2fwww.setn.com%2fNews.aspx%3fNewsID%3d725075
https://www.facebook.com/sharer/sharer.php?u=https://www.setn.com/News.aspx?NewsID=718531
https://www.setddg.com/PM190214002029138
https://www.setn.com/News.aspx?NewsID=718548
http://line.naver.jp/R/msg/text/?遭質疑發腫！劉亦菲自拍曬鵝蛋V臉　網激讚：可以閉嘴了吧 | 娛樂星聞 | 三立新聞網  SETN.COM%0D%0Ahttps%3a%2f%2fwww.setn.com%2fe%2fNews.aspx%3fNewsID%3d674771
https://www.facebook.com/FiFiWang777/photos/a.730105157003810/2657711430909830/?type=3
https://www.setddg.com/CATE00647
https://www.setn.com/Klist.aspx?TagID=28120
http://line.naver.jp/R/msg/text/?被酸沒行程、市長真好當…韓國瑜：我不屑一顧、問心無愧！ | 政治 | 三立新聞網  SETN.COM%0D%0Ahttps://www.setn.com/News.aspx?NewsID=725703
https://www.facebook.com/sharer/sharer.php?u=https://www.setn.com/e/News.aspx?NewsID=726268
https://www.setddg.com/Cate00424
https://www.setn.com/News.aspx?NewsID=693621
http://line.naver.jp/R/msg/text/?鸚鵡系汪星人！主人教學說哈囉　吉娃娃秒回萌翻天 | 寵物 | 三立新聞網  SETN.COM%0D%0Ahttps%3a%2f%2fwww.setn.com%2fNews.aspx%3fNewsID%3d719296
https://www.facebook.com/sharer/sharer.php?u=https://www.setddg.com/P0000100016513
https://www.setddg.com/PV200319005097657
https://www.setn.com/News.aspx?NewsID=701645
http://line.naver.jp/R/msg/text/?全文／蔡宜芳、張益贍摩鐵戀後…柯文哲發信力挽民眾黨員心 | 政治 | 三立新聞網  SETN.COM%0D%0Ahttps%3a%2f%2fwww.setn.com%2fNews.aspx%3fNewsID%3d708377
https://www.facebook.com/sharer/sharer.php?u=https://www.setn.com/News.aspx?NewsID=700124
https://www.setddg.com/CATE01182
https://www.setn.com/News.aspx?NewsID=721242
http://line.naver.jp/R/msg/text/?張學友王牌製作人成「新星推手」進入校園栽培新一代F4 | 娛樂星聞 | 三立新聞網  SETN.COM%0D%0Ahttps://www.setn.com/e/News.aspx?NewsID=720174
https://www.facebook.com/sharer/sharer.php?u=https://www.setn.com/News.aspx?NewsID=720312
https://www.setddg.com/PV190725003517470
https://www.setn.com/News.aspx?NewsID=724964&p=0
http://line.naver.jp/R/msg/text/?心血管疾病漸趨年輕化！　「這些」危險作息千萬不能做 | 生活 | 三立新聞網  SETN.COM%0D%0Ahttps%3a%2f%2fwww.setn.com%2fNews.aspx%3fNewsID%3d692990
https://www.facebook.com/sharer/sharer.php?u=https://www.setn.com/e/News.aspx?NewsID=726216
https://www.setddg.com/PV200102004753074
https://www.setn.com/News.aspx?NewsID=725191
http://line.naver.jp/R/msg/text/?被嫌「太local」！「台劇女神」陳珮騏試鏡慘遭狠刷 | 娛樂星聞 | 三立新聞網  SETN.COM%0D%0Ahttps://www.setn.com/e/News.aspx?NewsID=670149
https://www.facebook.com/sharer/sharer.php?u=https://www.setn.com/News.aspx?NewsID=724218
https://www.setddg.com/producttag/4853/%E5%A2%9E%E8%82%8C
https://www.setn.com/News.aspx?NewsID=725674
http://line.naver.jp/R/msg/text/?假如台灣封城哪個城市能活最久？　網全推這：完全自給自足 | 生活 | 三立新聞網  SETN.COM%0D%0Ahttps%3a%2f%2fwww.setn.com%2fNews.aspx%3fNewsID%3d684229
https://www.facebook.com/sharer/sharer.php?u=https://www.setn.com/e/News.aspx?NewsID=722973
https://www.setddg.com/CATE00526
https://www.setn.com/Klist.aspx?TagID=163221
http://line.naver.jp/R/msg/text/?https://www.setddg.com/PM181122001326067
https://www.facebook.com/sharer/sharer.php?u=https://www.setn.com/News.aspx?NewsID=726340
https://www.setddg.com/CATE00537?pagenumber=2
https://www.setn.com/Klist.aspx?TagID=390298
http://line.naver.jp/R/msg/text/?國防大學陸院咳嗽送醫學員　二篩陰性 | 政治 | 三立新聞網  SETN.COM%0D%0Ahttps://www.setn.com/News.aspx?NewsID=726220
https://www.facebook.com/sharer/sharer.php?u=https://www.setn.com/News.aspx?NewsID=719509
https://www.setddg.com/Cate00151
https://www.setn.com/Klist.aspx?TagID=7876
http://line.naver.jp/R/msg/text/?2個月前力挺范瑋琪挨轟　葛仲珊「刪光IG道別」：已退役 | 娛樂星聞 | 三立新聞網  SETN.COM%0D%0Ahttps://www.setn.com/e/News.aspx?NewsID=725759
https://www.facebook.com/taiwanericcheng/videos/869326466794258/
https://www.setddg.com/Cate00463
https://www.setn.com/News.aspx?NewsID=716934&p=0
http://line.naver.jp/R/msg/text/?反擊譚德塞！聶永真曝集資「紐約時報廣告」驚人內幕 | 娛樂星聞 | 三立新聞網  SETN.COM%0D%0Ahttps%3a%2f%2fwww.setn.com%2fe%2fNews.aspx%3fNewsID%3d725648
https://www.facebook.com/194703907220622/photos/a.694400153917659/2545060982184891/?type=3
https://www.setddg.com/PM190131002012351
https://www.setn.com/News.aspx?NewsID=718783
http://line.naver.jp/R/msg/text/?嗅味覺喪失能恢復？張上淳曝：有人超過3週都還沒好 | 健康 | 三立新聞網  SETN.COM%0D%0Ahttps://www.setn.com/News.aspx?NewsID=723801
https://www.facebook.com/demosisto/photos/a.497270963815064/1125570330985121/?type=3
https://www.setddg.com/CATE00666
https://www.setn.com/News.aspx?NewsID=720621
http://line.naver.jp/R/msg/text/?國民黨團卡關1500億紓困　蘇貞昌嘆：人民都很期待… | 政治 | 三立新聞網  SETN.COM%0D%0Ahttps%3a%2f%2fwww.setn.com%2fNews.aspx%3fNewsID%3d725143
https://www.facebook.com/sharer/sharer.php?u=https://www.setn.com/News.aspx?NewsID=714833
https://www.setddg.com/CATE01220
https://www.setn.com/News.aspx?NewsID=723955
http://line.naver.jp/R/msg/text/?全球確診破2百萬　美專家曝「內心隱憂」：目前數據被低估 | 國際 | 三立新聞網  SETN.COM%0D%0Ahttps://www.setn.com/News.aspx?NewsID=726359
https://www.facebook.com/sharer/sharer.php?u=https://www.setn.com/e/News.aspx?NewsID=722506
https://www.setddg.com/PV190430003100780
https://www.setn.com/News.aspx?NewsID=724909
http://line.naver.jp/R/msg/text/?吸收貌美女信徒開設「仙女班」　少龍遭爆性侵、淫亂黑歷史 | 社會 | 三立新聞網  SETN.COM%0D%0Ahttps://www.setn.com/News.aspx?NewsID=725725
https://www.facebook.com/sharer/sharer.php?u=https://www.setn.com/News.aspx?NewsID=726220
https://www.setddg.com/PV200327005156786
https://www.setn.com/News.aspx?NewsID=726017
http://line.naver.jp/R/msg/text/?小米10/10 Pro國際版亮相　售價799歐元起 | 科技 | 三立新聞網  SETN.COM%0D%0Ahttps://www.setn.com/News.aspx?NewsID=715752
https://www.facebook.com/sharer/sharer.php?u=https://www.setn.com/News.aspx?NewsID=726253
https://www.setddg.com/CATE00684
https://www.setn.com/News.aspx?NewsID=726028
http://line.naver.jp/R/msg/text/?領近30片「國旗魂口罩」！網暴動求交換　她曝這裡買的到 | 生活 | 三立新聞網  SETN.COM%0D%0Ahttps%3a%2f%2fwww.setn.com%2fNews.aspx%3fNewsID%3d725524
https://www.facebook.com/sharer/sharer.php?u=https://www.setn.com/e/News.aspx?NewsID=726109
https://www.setddg.com/CATE01070
https://www.setn.com/Klist.aspx?PageGroupID=8&ProjectID=7091&PageType=0
http://line.naver.jp/R/msg/text/?婆婆變態偏方逼生孫　38歲媳懷胎5月流產…竟嗆：妳的錯 | 娛樂星聞 | 三立新聞網  SETN.COM%0D%0Ahttps://www.setn.com/e/News.aspx?NewsID=699238
https://www.facebook.com/sharer/sharer.php?u=https://www.setn.com/News.aspx?NewsID=725140
https://www.setddg.com/Cate00185
https://www.setn.com/Klist.aspx?TagID=1845
http://line.naver.jp/R/msg/text/?政府官網竟出包！N號房受害女星身分遭洩　個資名單全現形 | 娛樂星聞 | 三立新聞網  SETN.COM%0D%0Ahttps%3a%2f%2fwww.setn.com%2fe%2fNews.aspx%3fNewsID%3d726208
https://www.facebook.com/sharer/sharer.php?u=https://www.setn.com/News.aspx?NewsID=703217
https://www.setddg.com/CATE00643
https://www.setn.com/Klist.aspx?TagID=241546
http://line.naver.jp/R/msg/text/?「在不瘋狂」月薪5千？亞亞退團後大賺20萬：可以存錢了 | 娛樂星聞 | 三立新聞網  SETN.COM%0D%0Ahttps%3a%2f%2fwww.setn.com%2fe%2fNews.aspx%3fNewsID%3d723870
https://www.facebook.com/sharer/sharer.php?u=https://www.setn.com/News.aspx?NewsID=723581
https://www.setddg.com/PV190815003643850
https://www.setn.com/Klist.aspx?TagID=26503
http://line.naver.jp/R/msg/text/?弱智男加熱冰箱「肉塊」竟飄惡臭！警破門驚：是女童屍體… | 國際 | 三立新聞網  SETN.COM%0D%0Ahttps%3a%2f%2fwww.setn.com%2fNews.aspx%3fNewsID%3d717880
https://www.facebook.com/setlingyu/photos/a.237894729702840/1320747954750840/?type=3
https://www.setddg.com/Cate00250
https://www.setn.com/Klist.aspx?TagID=378
http://line.naver.jp/R/msg/text/?雞中藍寶堅尼！印尼稀有「黑雞」　黑到發亮要價7萬5 | 寵物 | 三立新聞網  SETN.COM%0D%0Ahttps%3a%2f%2fwww.setn.com%2fNews.aspx%3fNewsID%3d214441
https://www.facebook.com/sharer/sharer.php?u=https://www.setddg.com/PV191017004120264
https://www.setddg.com/PV190403002931404
https://www.setn.com/News.aspx?NewsID=686978
http://line.naver.jp/R/msg/text/?走一走就撕…狂收集違規廣告　翁去年賺進2萬多外快 | 生活 | 三立新聞網  SETN.COM%0D%0Ahttps://www.setn.com/News.aspx?NewsID=726182
https://www.facebook.com/sharer/sharer.php?u=https://www.setn.com/News.aspx?NewsID=725899
https://www.setddg.com/PV190725003524709
https://www.setn.com/News.aspx?NewsID=688592
http://line.naver.jp/R/msg/text/?想搞大外宣需實力！蔡依林抗疫歌曲被譙翻　廣告小妹揭內幕 | 娛樂星聞 | 三立新聞網  SETN.COM%0D%0Ahttps://www.setn.com/e/News.aspx?NewsID=721472
https://www.facebook.com/sharer/sharer.php?u=https://www.setn.com/e/News.aspx?NewsID=674056
https://www.setddg.com/Cate00433
https://www.setn.com/News.aspx?NewsID=697183
http://line.naver.jp/R/msg/text/?桃園球場下起大雨！中職開幕戰因雨延賽 | 運動 | 三立新聞網  SETN.COM%0D%0Ahttps%3a%2f%2fwww.setn.com%2fNews.aspx%3fNewsID%3d723814
https://www.facebook.com/101505626575597/videos/397824560818778/
https://www.setddg.com/PV180530000253935
https://www.setn.com/News.aspx?NewsID=703351
http://line.naver.jp/R/msg/text/?水餃沾醬怎麼調才是一絕？老饕激推「隱藏吃法」：出乎意料 | 生活 | 三立新聞網  SETN.COM%0D%0Ahttps%3a%2f%2fwww.setn.com%2fNews.aspx%3fNewsID%3d724236
https://www.facebook.com/sharer/sharer.php?u=https://www.setn.com/News.aspx?NewsID=722508
https://www.setddg.com/CATE00627
https://www.setn.com/News.aspx?NewsID=706019
http://line.naver.jp/R/msg/text/?https://www.setddg.com/PV191212004641745
https://www.facebook.com/sharer/sharer.php?u=https://www.setn.com/News.aspx?NewsID=723266
https://www.setddg.com/Cate00513
https://www.setn.com/News.aspx?NewsID=721311
http://line.naver.jp/R/msg/text/?狠斷周揚青！羅志祥爆早有網紅新歡　「迅速扶正」原因曝光 | 娛樂星聞 | 三立新聞網  SETN.COM%0D%0Ahttps%3a%2f%2fwww.setn.com%2fe%2fNews.aspx%3fNewsID%3d721642
https://www.facebook.com/sharer/sharer.php?u=https://www.setn.com/News.aspx?NewsID=717054
https://www.setddg.com/P0000100057842
https://www.setn.com/News.aspx?NewsID=724526
http://line.naver.jp/R/msg/text/?確診破2百萬！公司季報將出爐…沈富雄：問君能有幾多愁？ | 政治 | 三立新聞網  SETN.COM%0D%0Ahttps://www.setn.com/News.aspx?NewsID=726101
https://www.facebook.com/sharer/sharer.php?u=https://www.setn.com/e/News.aspx?NewsID=681541
https://www.setddg.com/PV190725003525106
https://www.setn.com/News.aspx?NewsID=725429
http://line.naver.jp/R/msg/text/?NISSAN跑車敗部復活　400Z今年發表 | 汽車 | 三立新聞網  SETN.COM%0D%0Ahttps%3a%2f%2fwww.setn.com%2fNews.aspx%3fNewsID%3d725915
https://www.facebook.com/sharer/sharer.php?u=https://www.setn.com/e/News.aspx?NewsID=698612
https://www.setddg.com/PV190827003743599
https://www.setn.com/News.aspx?NewsID=726214&p=0
http://line.naver.jp/R/msg/text/?女孩願意與工藤新一交往？眾人答案超爆笑：誰要剪炸彈… | 生活 | 三立新聞網  SETN.COM%0D%0Ahttps%3a%2f%2fwww.setn.com%2fNews.aspx%3fNewsID%3d722698
https://www.facebook.com/194703907220622/photos/a.694400153917659/2681268955230759/?type=3
https://www.setddg.com/PV200409005252053
https://www.setn.com/Klist.aspx?TagID=7262
http://line.naver.jp/R/msg/text/?郝柏村逝…新加坡總理李顯龍：感謝他為兩岸及星國諸多貢獻 | 政治 | 三立新聞網  SETN.COM%0D%0Ahttps%3a%2f%2fwww.setn.com%2fNews.aspx%3fNewsID%3d718889
https://www.facebook.com/sharer/sharer.php?u=https://www.setn.com/News.aspx?NewsID=725309
https://www.setddg.com/CATE00887
https://www.setn.com/News.aspx?NewsID=695869
http://line.naver.jp/R/msg/text/?索沙宰制中信兄弟奪首勝　韓媒連日報導中職戰況 | 運動 | 三立新聞網  SETN.COM%0D%0Ahttps://www.setn.com/News.aspx?NewsID=725935
https://www.facebook.com/101505626575597/photos/a.524734824252673/2208366075889531/?type=3
https://www.setddg.com/CATE01282
https://www.setn.com/News.aspx?NewsID=697084
http://line.naver.jp/R/msg/text/?臉書分享德總統談話　陳建仁：台灣在危機中展現堅強與慈悲 | 政治 | 三立新聞網  SETN.COM%0D%0Ahttps%3a%2f%2fwww.setn.com%2fNews.aspx%3fNewsID%3d726111
https://www.facebook.com/sharer/sharer.php?u=https://www.setn.com/News.aspx?NewsID=719687
https://www.setddg.com/PV191118004460024
https://www.setn.com/News.aspx?NewsID=709514
http://line.naver.jp/R/msg/text/?晶華再給驚喜！這回推出買台北送礁溪　牛排、溫泉一次滿足 | 生活 | 三立新聞網  SETN.COM%0D%0Ahttps://www.setn.com/News.aspx?NewsID=723560
https://www.facebook.com/sharer/sharer.php?u=https://www.setn.com/News.aspx?NewsID=726165
https://www.setddg.com/PV191227004738791
https://www.setn.com/News.aspx?NewsID=714898
http://line.naver.jp/R/msg/text/?趕進度！金秀賢閃嫁不到4個月　宣布好消息「懷孕15周」 | 娛樂星聞 | 三立新聞網  SETN.COM%0D%0Ahttps://www.setn.com/e/News.aspx?NewsID=725338
https://www.facebook.com/sharer/sharer.php?u=https://www.setn.com/News.aspx?NewsID=697975
https://www.setddg.com/Cate00335
https://www.setn.com/News.aspx?NewsID=718959
http://line.naver.jp/R/msg/text/?防疫暖歌扯中國被罵！蔡依林說話了…嘆此刻的我感到渺小 | 娛樂星聞 | 三立新聞網  SETN.COM%0D%0Ahttps%3a%2f%2fwww.setn.com%2fe%2fNews.aspx%3fNewsID%3d720571
https://www.facebook.com/sharer/sharer.php?u=https://www.setn.com/e/News.aspx?NewsID=706928
https://www.setddg.com/PV191202004568597
https://www.setn.com/News.aspx?NewsID=720181
http://line.naver.jp/R/msg/text/?47歲影后邀女星辦「素顏趴」　網傻眼：本人幾乎認不出 | 娛樂星聞 | 三立新聞網  SETN.COM%0D%0Ahttps://www.setn.com/e/News.aspx?NewsID=694708
https://www.facebook.com/sharer/sharer.php?u=https://www.setn.com/e/News.aspx?NewsID=716965
https://www.setddg.com/PV200413005286853
https://www.setn.com/News.aspx?NewsID=721421
http://line.naver.jp/R/msg/text/?國防大學陸院咳嗽送醫學員　二篩陰性 | 政治 | 三立新聞網  SETN.COM%0D%0Ahttps%3a%2f%2fwww.setn.com%2fNews.aspx%3fNewsID%3d726220
https://www.facebook.com/sharer/sharer.php?u=https://www.setn.com/e/News.aspx?NewsID=696655
https://www.setddg.com/PV190107001790099
https://www.setn.com/News.aspx?NewsID=726205
http://line.naver.jp/R/msg/text/?寶瓶號外海漂流5天終下船！劉明峰「想回家吃媽媽煮的麵」 | 娛樂星聞 | 三立新聞網  SETN.COM%0D%0Ahttps://www.setn.com/e/News.aspx?NewsID=688775
https://www.facebook.com/sharer/sharer.php?u=https://www.setn.com/News.aspx?NewsID=722719
https://www.setddg.com/PV190710003365458
https://www.setn.com/Klist.aspx?TagID=142038
http://line.naver.jp/R/msg/text/?病毒證明台灣是獨立國！日媒曬國旗：和中國差異一目瞭然 | 國際 | 三立新聞網  SETN.COM%0D%0Ahttps%3a%2f%2fwww.setn.com%2fNews.aspx%3fNewsID%3d725912
https://www.facebook.com/101505626575597/photos/a.524734824252673/2350280348364769/?type=3
https://www.setddg.com/producttag/6363/%E5%B0%8F%E8%8A%B1%E8%94%93%E6%BE%A4%E8%98%AD%E9%86%8B%E6%B6%B2%E8%B3%BC%E8%B2%B7
https://www.setn.com/Klist.aspx?TagID=384078
http://line.naver.jp/R/msg/text/?下半身超癢狂抓！20歲女大生「紅疹變短褲」猛飄魚腥味… | 生活 | 三立新聞網  SETN.COM%0D%0Ahttps%3a%2f%2fwww.setn.com%2fNews.aspx%3fNewsID%3d703683
https://www.facebook.com/sharer/sharer.php?u=https://www.setddg.com/PV200122004825331
https://www.setddg.com/CATE00662
https://www.setn.com/Klist.aspx?TagID=9773
http://line.naver.jp/R/msg/text/?獨／男星拿私處翻模？常聯想棒狀物…解放壓抑驚曝邪惡視角 | 娛樂星聞 | 三立新聞網  SETN.COM%0D%0Ahttps://www.setn.com/e/News.aspx?NewsID=724312
https://www.facebook.com/taiwanericcheng/videos/429975157843658/
https://www.setddg.com/Cate00379
https://www.setn.com/News.aspx?NewsID=673627
http://line.naver.jp/R/msg/text/?公開爆料老公私密糗事！張棋惠下場慘…被關進廁所15分鐘 | 娛樂星聞 | 三立新聞網  SETN.COM%0D%0Ahttps%3a%2f%2fwww.setn.com%2fe%2fNews.aspx%3fNewsID%3d720903
https://www.facebook.com/setlingyu/photos/a.237894729702840/1324378167721152/?type=3
https://www.setddg.com/P0000100066234
https://www.setn.com/News.aspx?NewsID=674276
http://line.naver.jp/R/msg/text/?書摘／病毒退散歌 幼兒園洗腦神曲唱甩武漢病毒 | 健康 | 三立新聞網  SETN.COM%0D%0Ahttps://www.setn.com/News.aspx?NewsID=722802
https://www.facebook.com/sharer/sharer.php?u=https://www.setn.com/e/News.aspx?NewsID=720174
https://www.setddg.com/PV190926003980191
https://www.setn.com/News.aspx?NewsID=688420&p=0
http://line.naver.jp/R/msg/text/?楊蕙如轟阿滴「網紅代表台灣罵人」　網列這身份3大優點 | 生活 | 三立新聞網  SETN.COM%0D%0Ahttps%3a%2f%2fwww.setn.com%2fNews.aspx%3fNewsID%3d724126
https://www.facebook.com/sharer/sharer.php?u=https://www.setddg.com/PV200316005065911
https://www.setddg.com/CATE01232
https://www.setn.com/News.aspx?NewsID=715453
http://line.naver.jp/R/msg/text/?高雄炸彈客真有「撒旦之母」　空地挖坑引爆！現場震撼攝人 | 社會 | 三立新聞網  SETN.COM%0D%0Ahttps%3a%2f%2fwww.setn.com%2fNews.aspx%3fNewsID%3d653843
https://www.facebook.com/sharer/sharer.php?u=https://www.setn.com/News.aspx?NewsID=724588
https://www.setddg.com/Cate00247
https://www.setn.com/News.aspx?NewsID=720352
http://line.naver.jp/R/msg/text/?歷年最冷清　新港奉天宮從簡媽祖聖誕停六佾獻壽 | 生活 | 三立新聞網  SETN.COM%0D%0Ahttps://www.setn.com/News.aspx?NewsID=726165
https://www.facebook.com/sharer/sharer.php?u=https://www.setn.com/e/News.aspx?NewsID=718187
https://www.setddg.com/Cate00306
https://www.setn.com/News.aspx?NewsID=723712&p=0
http://line.naver.jp/R/msg/text/?鄉間醫院獨自一人　保全遭反鎖在停屍間…目睹這景象嚇傻 | 電影 | 三立新聞網  SETN.COM%0D%0Ahttps://www.setn.com/News.aspx?NewsID=725998
https://www.facebook.com/sharer/sharer.php?u=https://www.setn.com/News.aspx?NewsID=723229
https://www.setddg.com/Cate00486
https://www.setn.com/News.aspx?NewsID=723733
http://line.naver.jp/R/msg/text/?下車買吃的！2友人趁機「玩摸摸」　他見行車紀錄器…崩潰 | 生活 | 三立新聞網  SETN.COM%0D%0Ahttps://www.setn.com/News.aspx?NewsID=726266
https://www.facebook.com/sharer/sharer.php?u=https://www.setddg.com/P0000100054766
https://www.setddg.com/PV190220002045574
https://www.setn.com/News.aspx?NewsID=724885
http://line.naver.jp/R/msg/text/?目睹年輕病患從活到死　護士痛哭：只有屍袋能離開病房 | 國際 | 三立新聞網  SETN.COM%0D%0Ahttps://www.setn.com/News.aspx?NewsID=723712
https://www.facebook.com/setmoney.net
https://www.setddg.com/CATE01248
https://www.setn.com/Klist.aspx?TagID=6899
http://line.naver.jp/R/msg/text/?紓壓效果加倍！女按摩師撞臉迪麗熱巴　他爽喊「女神服務」 | 國際 | 三立新聞網  SETN.COM%0D%0Ahttps%3a%2f%2fwww.setn.com%2fNews.aspx%3fNewsID%3d715068
https://www.facebook.com/sharer/sharer.php?u=https://www.setn.com/News.aspx?NewsID=724011
https://www.setddg.com/producttag/6361/%E8%B6%85%E5%BC%B7%E9%98%B2%E8%9A%8A%E6%B6%B2
https://www.setn.com/News.aspx?NewsID=347150
http://line.naver.jp/R/msg/text/?辛龍罕見嚴厲嚇哭4歲愛女　「寵女反應」讓劉真傻眼大吃醋 | 娛樂星聞 | 三立新聞網  SETN.COM%0D%0Ahttps://www.setn.com/e/News.aspx?NewsID=719422
https://www.facebook.com/sharer/sharer.php?u=https://www.setn.com/News.aspx?NewsID=724550
https://www.setddg.com/CATE00756
https://www.setn.com/News.aspx?NewsID=691225&p=0
http://line.naver.jp/R/msg/text/?不只啪啪啪！AV女優水卜櫻大展廚藝　定食、蛋包飯樣樣行 | 娛樂星聞 | 三立新聞網  SETN.COM%0D%0Ahttps%3a%2f%2fwww.setn.com%2fe%2fNews.aspx%3fNewsID%3d522154
https://www.facebook.com/sharer/sharer.php?u=https://www.setn.com/News.aspx?NewsID=726210
https://www.setddg.com/CATE01082
https://www.setn.com/News.aspx?NewsID=703153
http://line.naver.jp/R/msg/text/?二大一廣場／內政部彈性化防疫！不該惡意解讀成取消酒測 | 名家 | 三立新聞網  SETN.COM%0D%0Ahttps://www.setn.com/News.aspx?NewsID=702995
https://www.facebook.com/sharer/sharer.php?u=https://www.setn.com/e/News.aspx?NewsID=726257
https://www.setddg.com/Cate00204
https://www.setn.com/News.aspx?NewsID=712218
http://line.naver.jp/R/msg/text/?第300號二壘打　林智勝可挑戰張泰山長打紀錄 | 運動 | 三立新聞網  SETN.COM%0D%0Ahttps://www.setn.com/News.aspx?NewsID=726293
https://www.facebook.com/193541957838217/photos/a.195895817602831/547753789083697/?type=3
https://www.setddg.com/P0000100061289
https://www.setn.com/News.aspx?NewsID=724343
http://line.naver.jp/R/msg/text/?不滿閨密被開除　「最美女主播」與出版社鬧翻…新作急喊卡 | 娛樂星聞 | 三立新聞網  SETN.COM%0D%0Ahttps%3a%2f%2fwww.setn.com%2fe%2fNews.aspx%3fNewsID%3d726054
https://www.facebook.com/setddg/
https://www.setddg.com/PV200113004790798
https://www.setn.com/News.aspx?NewsID=725153
http://line.naver.jp/R/msg/text/?BMW 118i新進化　入手價153萬起 | 汽車 | 三立新聞網  SETN.COM%0D%0Ahttps://www.setn.com/News.aspx?NewsID=723266
https://www.facebook.com/setlingyu/photos/a.162107043948276/1314753532016949/?type=3
https://www.setddg.com/PV190829003753298
https://www.setn.com/News.aspx?NewsID=725805
http://line.naver.jp/R/msg/text/?危險！吸多恐笑不出來　氣球裡的「笑氣」具成癮性恐致死 | 生活 | 三立新聞網  SETN.COM%0D%0Ahttps://www.setn.com/News.aspx?NewsID=711879
https://www.facebook.com/sharer/sharer.php?u=https://www.setn.com/News.aspx?NewsID=719295
https://www.setddg.com/PV200317005067460
https://www.setn.com/News.aspx?NewsID=725855
http://line.naver.jp/R/msg/text/?英格蘭各足球俱樂部　可能簽「互不侵犯條約」以自保 | 運動 | 三立新聞網  SETN.COM%0D%0Ahttps%3a%2f%2fwww.setn.com%2fNews.aspx%3fNewsID%3d726173
https://www.facebook.com/sharer/sharer.php?u=https://www.setn.com/News.aspx?NewsID=653843
https://www.setddg.com/CATE01115
https://www.setn.com/Klist.aspx?TagID=7847
http://line.naver.jp/R/msg/text/?https://www.setddg.com/PV191023004236212
https://www.facebook.com/sharer/sharer.php?u=https://www.setn.com/News.aspx?NewsID=719724
https://www.setddg.com/PM181026001186021
https://www.setn.com/News.aspx?NewsID=699998
http://line.naver.jp/R/msg/text/?為何台中火車站「2座電扶梯全往下」？內行人揭關鍵 | 生活 | 三立新聞網  SETN.COM%0D%0Ahttps://www.setn.com/News.aspx?NewsID=723048
https://www.facebook.com/sharer/sharer.php?u=https://www.setn.com/News.aspx?NewsID=714931
https://www.setddg.com/Cate00187
https://www.setn.com/News.aspx?NewsID=715302
http://line.naver.jp/R/msg/text/?閉門開打票房歸零　樂天桃猿話題首周損失破千萬 | 運動 | 三立新聞網  SETN.COM%0D%0Ahttps%3a%2f%2fwww.setn.com%2fNews.aspx%3fNewsID%3d718425
https://www.facebook.com/sharer/sharer.php?u=https://www.setn.com/e/News.aspx?NewsID=725936
https://www.setddg.com/Cate00274
https://www.setn.com/News.aspx?NewsID=721382
http://line.naver.jp/R/msg/text/?朴敏英毛衣藏驚喜　一轉身網驚全裸⋯「嫩白美背」全看光 | 時尚 | 三立新聞網  SETN.COM%0D%0Ahttps%3a%2f%2fwww.setn.com%2fNews.aspx%3fNewsID%3d711251
https://www.facebook.com/healthmedia.news
https://www.setddg.com/PV200110004789292
https://www.setn.com/Klist.aspx?TagID=138
http://line.naver.jp/R/msg/text/?新冠肺炎／疫情影響「沒人買」　美知名牛仔褲二度申請破產 | 時尚 | 三立新聞網  SETN.COM%0D%0Ahttps://www.setn.com/News.aspx?NewsID=725899
https://www.facebook.com/sharer/sharer.php?u=https://www.setn.com/News.aspx?NewsID=708480
https://www.setddg.com/producttag/7053/%E8%A8%98%E6%86%B6%E9%AB%94
https://www.setn.com/Klist.aspx?TagID=73146&amp;utm_source=setn.com&amp;utm_medium=dictionary&amp;utm_campaign=wordnews
http://line.naver.jp/R/msg/text/?周杰倫不滿《周遊記》宣傳頻率過低！相關人士曝業界內幕 | 娛樂星聞 | 三立新聞網  SETN.COM%0D%0Ahttps://www.setn.com/e/News.aspx?NewsID=719240
https://www.facebook.com/sharer/sharer.php?u=https://www.setn.com/News.aspx?NewsID=725987
https://www.setddg.com/CATE00521
https://www.setn.com/News.aspx?NewsID=684052
http://line.naver.jp/R/msg/text/?王景玉殺童逃死　網酸：不意外！劉北元都當司法委員了… | 社會 | 三立新聞網  SETN.COM%0D%0Ahttps://www.setn.com/News.aspx?NewsID=726217
https://www.facebook.com/FiFiWang777/photos/a.730105157003810/2719460771401562/?type=3
https://www.setddg.com/PV190406002934747
https://www.setn.com/News.aspx?NewsID=692902
http://line.naver.jp/R/msg/text/?被罷免逼急？韓國瑜再PO影片開嗆：台灣未來走向一黨獨裁 | 政治 | 三立新聞網  SETN.COM%0D%0Ahttps://www.setn.com/News.aspx?NewsID=725908
https://www.facebook.com/SETwearefamily/videos/333713914248578/
https://www.setddg.com/CATE01298
https://www.setn.com/News.aspx?NewsID=714491
http://line.naver.jp/R/msg/text/?世界第三！台灣一年5.4萬對離婚　專家：房子最好婚前買 | 生活 | 三立新聞網  SETN.COM%0D%0Ahttps%3a%2f%2fwww.setn.com%2fNews.aspx%3fNewsID%3d710791
https://www.facebook.com/193541957838217/photos/a.194043154454764/586639548528454/?type=3
https://www.setddg.com/Cate00190
https://www.setn.com/News.aspx?NewsID=715214
http://line.naver.jp/R/msg/text/?驚爆同居小14歲嫩男！張雁名「樂當叔叔」帶小孩共組家庭 | 娛樂星聞 | 三立新聞網  SETN.COM%0D%0Ahttps%3a%2f%2fwww.setn.com%2fe%2fNews.aspx%3fNewsID%3d725926
https://www.facebook.com/setlingyu/videos/691285747999770/
https://www.setddg.com/Cate00198
https://www.setn.com/News.aspx?NewsID=718820
http://line.naver.jp/R/msg/text/?桃園居家檢疫1男1女輕生　失聯當天屋內傳出電視聲 | 社會 | 三立新聞網  SETN.COM%0D%0Ahttps%3a%2f%2fwww.setn.com%2fNews.aspx%3fNewsID%3d719509
https://www.facebook.com/sharer/sharer.php?u=https://www.setn.com/e/News.aspx?NewsID=719422
https://www.setddg.com/producttag/6436/kuonao
https://www.setn.com/News.aspx?NewsID=719063
http://line.naver.jp/R/msg/text/?94要客訴／華航改名花三百億？溫朗東：像防疫再難也要做 | 政治 | 三立新聞網  SETN.COM%0D%0Ahttps://www.setn.com/News.aspx?NewsID=725571
https://www.facebook.com/taiwanericcheng/videos/1048745105515640/
https://www.setddg.com/PV180723000468928
https://www.setn.com/News.aspx?NewsID=721710
http://line.naver.jp/R/msg/text/?李愛綺毀掉重要合約！外籍尪被害超慘…直接爆氣喊離婚 | 娛樂星聞 | 三立新聞網  SETN.COM%0D%0Ahttps%3a%2f%2fwww.setn.com%2fe%2fNews.aspx%3fNewsID%3d725340
https://www.facebook.com/sharer/sharer.php?u=https://www.setn.com/News.aspx?NewsID=719125
https://www.setddg.com/PV190912003896798
https://www.setn.com/Klist.aspx?TagID=1293
http://line.naver.jp/R/msg/text/?當今女單最強3人！陸專家分析小戴優缺 | 運動 | 三立新聞網  SETN.COM%0D%0Ahttps%3a%2f%2fwww.setn.com%2fNews.aspx%3fNewsID%3d723871
https://www.facebook.com/sharer/sharer.php?u=https://www.setn.com/News.aspx?NewsID=722754
https://www.setddg.com/PV191005004033073
https://www.setn.com/Klist.aspx?TagID=389733
http://line.naver.jp/R/msg/text/?古代最變態採花賊！淫虐百女竟用這招　下場被割千刀慘死 | 生活 | 三立新聞網  SETN.COM%0D%0Ahttps%3a%2f%2fwww.setn.com%2fNews.aspx%3fNewsID%3d725067
https://www.facebook.com/sharer/sharer.php?u=https://www.setn.com/News.aspx?NewsID=725712
https://www.setddg.com/CATE01167
https://www.setn.com/Klist.aspx?TagID=507
http://line.naver.jp/R/msg/text/?老大洩天機／傍晚變天明轉冷　週一、二晨氣溫最低 | 生活 | 三立新聞網  SETN.COM%0D%0Ahttps://www.setn.com/News.aspx?NewsID=723578
https://www.facebook.com/sharer/sharer.php?u=https://www.setn.com/News.aspx?NewsID=622893
https://www.setddg.com/producttag/5455/%E4%BF%AE%E8%AD%B7%E5%8E%9F%E6%B6%B2
https://www.setn.com/News.aspx?NewsID=520591
http://line.naver.jp/R/msg/text/?引發直播主之亂！連千毅羈押半年無法交保⋯嘆：我善心人士 | 社會 | 三立新聞網  SETN.COM%0D%0Ahttps://www.setn.com/News.aspx?NewsID=716911
https://www.facebook.com/sharer/sharer.php?u=https://www.setddg.com/PV200324005135698
https://www.setddg.com/PV190920003945404
https://www.setn.com/News.aspx?NewsID=695989
http://line.naver.jp/R/msg/text/?不屑用法拉利引擎　海神叉新超跑搭載神秘動力 | 汽車 | 三立新聞網  SETN.COM%0D%0Ahttps%3a%2f%2fwww.setn.com%2fNews.aspx%3fNewsID%3d726045
https://www.facebook.com/sharer/sharer.php?u=https://www.setn.com/News.aspx?NewsID=721484
https://www.setddg.com/PV200227004942620
https://www.setn.com/News.aspx?NewsID=716961
http://line.naver.jp/R/msg/text/?全文／何妤玟離婚後鬆了一口氣　笑曝：和前夫手牽手去簽字 | 娛樂星聞 | 三立新聞網  SETN.COM%0D%0Ahttps://www.setn.com/e/News.aspx?NewsID=725533
https://www.facebook.com/sharer/sharer.php?u=https://www.setn.com/News.aspx?NewsID=725421
https://www.setddg.com/CATE00861
https://www.setn.com/News.aspx?NewsID=717038
http://line.naver.jp/R/msg/text/?吳怡農「粉紅襯衫」現身：我本身就喜歡…　臉書照藏彩蛋 | 政治 | 三立新聞網  SETN.COM%0D%0Ahttps://www.setn.com/News.aspx?NewsID=725927
https://www.facebook.com/setlingyu/photos/a.944852955673677/1362675117224790/?type=3
https://www.setddg.com/Cate00292
https://www.setn.com/News.aspx?NewsID=719505
http://line.naver.jp/R/msg/text/?事故7日後必備！台中市交通版口罩2.0　免出門就可申請 | 生活 | 三立新聞網  SETN.COM%0D%0Ahttps://www.setn.com/News.aspx?NewsID=725568
https://www.facebook.com/sharer/sharer.php?u=https://www.setn.com/News.aspx?NewsID=508450
https://www.setddg.com/PV190710003365001
https://www.setn.com/News.aspx?NewsID=722156
http://line.naver.jp/R/msg/text/?嫩妹曝「超尺度寫真」胸前兩點險滑出…急用小愛心狂遮 | 娛樂星聞 | 三立新聞網  SETN.COM%0D%0Ahttps%3a%2f%2fwww.setn.com%2fe%2fNews.aspx%3fNewsID%3d726320
https://www.facebook.com/sharer/sharer.php?u=https://www.setn.com/News.aspx?NewsID=724835
https://www.setddg.com/producttag/8169/%E6%8C%87%E7%B4%8B%E9%8E%96
https://www.setn.com/News.aspx?NewsID=724128
http://line.naver.jp/R/msg/text/?推拿師折斷女客手臂　鬼扯、惡態度引爆檢怒火：毫無悔意！ | 社會 | 三立新聞網  SETN.COM%0D%0Ahttps%3a%2f%2fwww.setn.com%2fNews.aspx%3fNewsID%3d726206
https://www.facebook.com/sharer/sharer.php?u=https://www.setn.com/e/News.aspx?NewsID=725628
https://www.setddg.com/CATE00762
https://www.setn.com/News.aspx?NewsID=724394&from=y&p=0
http://line.naver.jp/R/msg/text/?職場夾心族！加班頻率、時數都最高　這群人錢最難賺 | 生活 | 三立新聞網  SETN.COM%0D%0Ahttps://www.setn.com/News.aspx?NewsID=641905
https://www.facebook.com/sharer/sharer.php?u=https://www.setn.com/News.aspx?NewsID=690625
https://www.setddg.com/Cate00212
https://www.setn.com/News.aspx?NewsID=725524&p=0
http://line.naver.jp/R/msg/text/?防疫期在衣櫥種大麻　槍毒男哭喊：搜索票只寫查槍不能抓毒 | 社會 | 三立新聞網  SETN.COM%0D%0Ahttps%3a%2f%2fwww.setn.com%2fNews.aspx%3fNewsID%3d720116
https://www.facebook.com/taiwanericcheng/videos/449388105822832/
https://www.setddg.com/PV200323005129028
https://www.setn.com/News.aspx?NewsID=725695
http://line.naver.jp/R/msg/text/?為何砍完人就逃？「小鄭容和」開庭稱：怕留在現場會被揍 | 社會 | 三立新聞網  SETN.COM%0D%0Ahttps://www.setn.com/News.aspx?NewsID=726269
https://www.facebook.com/taiwanericcheng/videos/479168422838394/
https://www.setddg.com/PV190723003492288
https://www.setn.com/News.aspx?NewsID=726218&from=y&p=0
http://line.naver.jp/R/msg/text/?防疫散心！新北河濱蝶戀季今登場　遊園亮點交通指南快看這 | 生活 | 三立新聞網  SETN.COM%0D%0Ahttps%3a%2f%2fwww.setn.com%2fNews.aspx%3fNewsID%3d722838
https://www.facebook.com/sharer/sharer.php?u=https://www.setddg.com/PM200225004933932
https://www.setddg.com/CATE00992
https://www.setn.com/News.aspx?NewsID=726315
http://line.naver.jp/R/msg/text/?獨／男星拿私處翻模？常聯想棒狀物…解放壓抑驚曝邪惡視角 | 娛樂星聞 | 三立新聞網  SETN.COM%0D%0Ahttps%3a%2f%2fwww.setn.com%2fe%2fNews.aspx%3fNewsID%3d724312
https://www.facebook.com/taiwanericcheng/videos/342599259948012/
https://www.setddg.com/CATE01321
https://www.setn.com/Klist.aspx?TagID=12159
http://line.naver.jp/R/msg/text/?球去哪了？大學生「神藏球」投上各大美媒　網：我看超多遍 | 運動 | 三立新聞網  SETN.COM%0D%0Ahttps%3a%2f%2fwww.setn.com%2fNews.aspx%3fNewsID%3d723559
https://www.facebook.com/101505626575597/photos/a.524734824252673/2235773723148766/?type=3
https://www.setddg.com/Cate00288
https://www.setn.com/Klist.aspx?TagID=389778
http://line.naver.jp/R/msg/text/?老大洩天機／今晨仍很冷！白天回暖　吳德榮：明起逐日變熱 | 生活 | 三立新聞網  SETN.COM%0D%0Ahttps://www.setn.com/News.aspx?NewsID=725079
https://www.facebook.com/sharer/sharer.php?u=https://www.setn.com/News.aspx?NewsID=718889
https://www.setddg.com/CATE00612
https://www.setn.com/Klist.aspx?TagID=4640
http://line.naver.jp/R/msg/text/?影／提案修法提高「黃安們」健保費　民調9成民眾力挺 | 政治 | 三立新聞網  SETN.COM%0D%0Ahttps://www.setn.com/News.aspx?NewsID=702153
https://www.facebook.com/ichentsai.md/photos/a.594024550667081/2203306926405494/?type=3
https://www.setddg.com/PM200113004790195
https://www.setn.com/Klist.aspx?TagID=89841
http://line.naver.jp/R/msg/text/?法拉利也怕牠　1963年美國陸地鯊魚重生 | 汽車 | 三立新聞網  SETN.COM%0D%0Ahttps://www.setn.com/News.aspx?NewsID=714497
https://www.facebook.com/sharer/sharer.php?u=https://www.setn.com/News.aspx?NewsID=722777
https://www.setddg.com/CATE01080
https://www.setn.com/News.aspx?NewsID=125922
http://line.naver.jp/R/msg/text/?下半身超癢狂抓！20歲女大生「紅疹變短褲」猛飄魚腥味… | 生活 | 三立新聞網  SETN.COM%0D%0Ahttps://www.setn.com/News.aspx?NewsID=703683
https://www.facebook.com/sharer/sharer.php?u=https://www.setn.com/e/News.aspx?NewsID=723698
https://www.setddg.com/CATE01249
https://www.setn.com/News.aspx?NewsID=670410
http://line.naver.jp/R/msg/text/?許久未見！李芳雯爆乳前進議會　「化身小辣椒」引網暴動 | 娛樂星聞 | 三立新聞網  SETN.COM%0D%0Ahttps://www.setn.com/e/News.aspx?NewsID=725432
https://www.facebook.com/taiwanericcheng/videos/486894875445996/
https://www.setddg.com/CATE00628
https://www.setn.com/News.aspx?NewsID=701122
http://line.naver.jp/R/msg/text/?郝柏村唱中共國歌紅統投共？徐巧芯：共產黨竄改歷史有毛病 | 政治 | 三立新聞網  SETN.COM%0D%0Ahttps%3a%2f%2fwww.setn.com%2fNews.aspx%3fNewsID%3d717317
https://www.facebook.com/sharer/sharer.php?u=https://www.setn.com/News.aspx?NewsID=667454
https://www.setddg.com/PM190531003231942
https://www.setn.com/News.aspx?NewsID=707016
http://line.naver.jp/R/msg/text/?別被騙了！郭富城在台遭冒用徵人　小美：並沒有台灣分公司 | 娛樂星聞 | 三立新聞網  SETN.COM%0D%0Ahttps://www.setn.com/e/News.aspx?NewsID=726268
https://www.facebook.com/sharer/sharer.php?u=https://www.setn.com/News.aspx?NewsID=702995
https://www.setddg.com/PV200305004986630
https://www.setn.com/News.aspx?NewsID=709701
http://line.naver.jp/R/msg/text/?無預警斷8年婚　何妤玟曝恢單心聲：接受不能改變的事實 | 娛樂星聞 | 三立新聞網  SETN.COM%0D%0Ahttps://www.setn.com/e/News.aspx?NewsID=725089
https://www.facebook.com/sharer/sharer.php?u=https://www.setn.com/e/News.aspx?NewsID=522154
https://www.setddg.com/PV200413005286676
https://www.setn.com/News.aspx?NewsID=712014
http://line.naver.jp/R/msg/text/?貓奴我不需要你了！貓咪超進化　拿逗貓棒「自己玩自己」 | 寵物 | 三立新聞網  SETN.COM%0D%0Ahttps://www.setn.com/News.aspx?NewsID=719724
https://www.facebook.com/sharer/sharer.php?u=https://www.setn.com/News.aspx?NewsID=711251
https://www.setddg.com/CATE00650
https://www.setn.com/News.aspx?NewsID=721054
http://line.naver.jp/R/msg/text/?IMF下修經濟預測　財長：刺激內需彌補出口衝擊 | 財經 | 三立新聞網  SETN.COM%0D%0Ahttps%3a%2f%2fwww.setn.com%2fNews.aspx%3fNewsID%3d725938
https://www.facebook.com/moi.gov.tw/photos/a.1046870208674715/2615076005187453/?type=3
https://www.setddg.com/PV200103004773394
https://www.setn.com/News.aspx?NewsID=722100
http://line.naver.jp/R/msg/text/?小米10/10 Pro國際版亮相　售價799歐元起 | 科技 | 三立新聞網  SETN.COM%0D%0Ahttps%3a%2f%2fwww.setn.com%2fNews.aspx%3fNewsID%3d715752
https://www.facebook.com/sharer/sharer.php?u=https://www.setn.com/News.aspx?NewsID=726038
https://www.setddg.com/PV200406005216411
https://www.setn.com/News.aspx?NewsID=722133
