http://line.naver.jp/R/msg/text/?書摘／病毒的「尖刺」可不是裝飾品　秒懂感染關鍵！ | 生活 | 三立新聞網  SETN.COM%0D%0Ahttps%3a%2f%2fwww.setn.com%2fNews.aspx%3fNewsID%3d725482
https://www.facebook.com/sharer/sharer.php?u=https://www.setn.com/News.aspx?NewsID=726018
https://www.setddg.com/Cate00314
https://www.setn.com/News.aspx?NewsID=723830
http://line.naver.jp/R/msg/text/?諷國民黨「何時要還錢」？黨產會推計時器…暖喊親愛的朋友 | 政治 | 三立新聞網  SETN.COM%0D%0Ahttps://www.setn.com/News.aspx?NewsID=725689
https://www.facebook.com/193541957838217/photos/a.195895817602831/538371790021897/?type=3
https://www.setddg.com/PV190926003978529
https://www.setn.com/News.aspx?NewsID=724913
http://line.naver.jp/R/msg/text/?開春就中流感！《戲說》女星頻跑醫院嘆：一家三口無一倖免 | 娛樂星聞 | 三立新聞網  SETN.COM%0D%0Ahttps://www.setn.com/e/News.aspx?NewsID=711194
https://www.facebook.com/sharer/sharer.php?u=https://www.setn.com/e/News.aspx?NewsID=725455
https://www.setddg.com/CATE00686
https://www.setn.com/News.aspx?NewsID=725866
http://line.naver.jp/R/msg/text/?粉絲驚見暴動！周子瑜「戴口罩」素顏現身　只露大眼照樣萌 | 時尚 | 三立新聞網  SETN.COM%0D%0Ahttps%3a%2f%2fwww.setn.com%2fNews.aspx%3fNewsID%3d706866
https://www.facebook.com/taiwanericcheng/videos/1352152418269345/
https://www.setddg.com/Cate00333
https://www.setn.com/Klist.aspx?TagID=10825
http://line.naver.jp/R/msg/text/?42歲江祖平「側乳外洩」　深V洋裝開叉到肚臍…網噴鼻血 | 娛樂星聞 | 三立新聞網  SETN.COM%0D%0Ahttps%3a%2f%2fwww.setn.com%2fe%2fNews.aspx%3fNewsID%3d724786
https://www.facebook.com/sharer/sharer.php?u=https://www.setddg.com/PV191127004532368
https://www.setddg.com/PM191210004626028
https://www.setn.com/Klist.aspx?TagID=97623
http://line.naver.jp/R/msg/text/?不斷更新／美國單日暴增6千例！全球確診「飆破200萬」 | 國際 | 三立新聞網  SETN.COM%0D%0Ahttps://www.setn.com/News.aspx?NewsID=726103
https://www.facebook.com/sharer/sharer.php?u=https://www.setn.com/News.aspx?NewsID=654120
https://www.setddg.com/PV191226004731580
https://www.setn.com/News.aspx?NewsID=548454
http://line.naver.jp/R/msg/text/?今天0確診！黃創夏竟開始緊張…原因曝光：千萬不能鬆懈了 | 政治 | 三立新聞網  SETN.COM%0D%0Ahttps://www.setn.com/News.aspx?NewsID=725447
https://www.facebook.com/sharer/sharer.php?u=https://www.setn.com/News.aspx?NewsID=725629
https://www.setddg.com/CATE00661
https://www.setn.com/News.aspx?NewsID=723372&p=0
http://line.naver.jp/R/msg/text/?一家四口從美返台違法外出　婦人確診婆媳遭罰170萬 | 生活 | 三立新聞網  SETN.COM%0D%0Ahttps://www.setn.com/News.aspx?NewsID=725309
https://www.facebook.com/sharer/sharer.php?u=https://www.setn.com/e/News.aspx?NewsID=711769
https://www.setddg.com/CATE00998
https://www.setn.com/News.aspx?NewsID=723566
http://line.naver.jp/R/msg/text/?中國喊話「合作抗疫」　美國務院：不能只出張嘴 | 國際 | 三立新聞網  SETN.COM%0D%0Ahttps%3a%2f%2fwww.setn.com%2fNews.aspx%3fNewsID%3d721531
https://www.facebook.com/sharer/sharer.php?u=https://www.setn.com/News.aspx?NewsID=725062
https://www.setddg.com/PV191005004033172
https://www.setn.com/News.aspx?NewsID=724346
http://line.naver.jp/R/msg/text/?台北車展／BMW 8 Gran Coupé　車展曝光 | 汽車 | 三立新聞網  SETN.COM%0D%0Ahttps://www.setn.com/News.aspx?NewsID=663025
https://www.facebook.com/sharer/sharer.php?u=https://www.setn.com/e/News.aspx?NewsID=724977
https://www.setddg.com/PV190725003522105
https://www.setn.com/News.aspx?NewsID=724869
http://line.naver.jp/R/msg/text/?圖輯／隊長巫苡萱領軍　8位樂天女孩桃猿主場首秀 | 運動 | 三立新聞網  SETN.COM%0D%0Ahttps%3a%2f%2fwww.setn.com%2fNews.aspx%3fNewsID%3d726302
https://www.facebook.com/taiwanericcheng/videos/586784371832721/
https://www.setddg.com/PV190725003524891
https://www.setn.com/News.aspx?NewsID=725509
http://line.naver.jp/R/msg/text/?發燒還送餐！外送員38.2度　消費者嚇爆「銷毀」不敢吃 | 生活 | 三立新聞網  SETN.COM%0D%0Ahttps://www.setn.com/News.aspx?NewsID=725587
https://www.facebook.com/taiwanericcheng/videos/833512400362313/
https://www.setddg.com/PV190814003632469
https://www.setn.com/News.aspx?NewsID=726234
http://line.naver.jp/R/msg/text/?「豬哥亮上過身！」謝和弦懶聽老婆言　瘋狂去愛只想做自己 | 娛樂星聞 | 三立新聞網  SETN.COM%0D%0Ahttps%3a%2f%2fwww.setn.com%2fe%2fNews.aspx%3fNewsID%3d717658
https://www.facebook.com/sharer/sharer.php?u=https://www.setn.com/News.aspx?NewsID=725958
https://www.setddg.com/PV200309005007754
https://www.setn.com/Klist.aspx?PageGroupID=4&ProjectID=7038&PageType=0
http://line.naver.jp/R/msg/text/?周董曝新車竟被偷開！十年後逮到兇手…全靠留下的一副墨鏡 | 娛樂星聞 | 三立新聞網  SETN.COM%0D%0Ahttps://www.setn.com/e/News.aspx?NewsID=720413
https://www.facebook.com/sharer/sharer.php?u=https://www.setn.com/e/News.aspx?NewsID=726290
https://www.setddg.com/CATE01010
https://www.setn.com/News.aspx?NewsID=687859
http://line.naver.jp/R/msg/text/?藍營猛嗆華航正名…網推改名台灣國民黨計時器酸笑你不改！ | 政治 | 三立新聞網  SETN.COM%0D%0Ahttps%3a%2f%2fwww.setn.com%2fNews.aspx%3fNewsID%3d726351
https://www.facebook.com/sharer/sharer.php?u=https://www.setn.com/News.aspx?NewsID=724321
https://www.setddg.com/CATE01339
https://www.setn.com/News.aspx?NewsID=712795
http://line.naver.jp/R/msg/text/?王景玉逃死判無期…網友氣炸一面倒狂轟：送去法官家吃藥！ | 生活 | 三立新聞網  SETN.COM%0D%0Ahttps://www.setn.com/News.aspx?NewsID=726181
https://www.facebook.com/sharer/sharer.php?u=https://www.setn.com/e/News.aspx?NewsID=724678
https://www.setddg.com/Cate00385
https://www.setn.com/News.aspx?NewsID=715767
http://line.naver.jp/R/msg/text/?藝人性侵醜聞！秦偉南投入獄　鈕承澤、胡睿兒還在法庭奮戰 | 社會 | 三立新聞網  SETN.COM%0D%0Ahttps://www.setn.com/News.aspx?NewsID=725421
https://www.facebook.com/sharer/sharer.php?u=https://www.setn.com/News.aspx?NewsID=725874
https://www.setddg.com/PV200319005095504
https://www.setn.com/News.aspx?NewsID=716725
http://line.naver.jp/R/msg/text/?讓科技融入課堂　Google協助教師部署遠距教學 | 科技 | 三立新聞網  SETN.COM%0D%0Ahttps://www.setn.com/News.aspx?NewsID=725224
https://www.facebook.com/474880249955617/photos/a.476615356448773/477757916334517/?type=3
https://www.setddg.com/Cate00301
https://www.setn.com/News.aspx?NewsID=716914
http://line.naver.jp/R/msg/text/?獨家／負壓病房曝光！防病毒附著　無窗簾、衣類要銷毀 | 生活 | 三立新聞網  SETN.COM%0D%0Ahttps%3a%2f%2fwww.setn.com%2fNews.aspx%3fNewsID%3d724998
https://www.facebook.com/101505626575597/photos/a.524734824252673/2294289473963857/?type=3
https://www.setddg.com/Cate00497
https://www.setn.com/News.aspx?NewsID=719180
http://line.naver.jp/R/msg/text/?迪麗熱巴又老又黑？《枕上書》挨批沒演技…仙氣被楊冪輾壓 | 娛樂星聞 | 三立新聞網  SETN.COM%0D%0Ahttps://www.setn.com/e/News.aspx?NewsID=684561
https://www.facebook.com/sharer/sharer.php?u=https://www.setn.com/News.aspx?NewsID=705685
https://www.setddg.com/PV190925003968622
https://www.setn.com/News.aspx?NewsID=720693
http://line.naver.jp/R/msg/text/?政府官網竟出包！N號房受害女星身分遭洩　個資名單全現形 | 娛樂星聞 | 三立新聞網  SETN.COM%0D%0Ahttps://www.setn.com/e/News.aspx?NewsID=726208
https://www.facebook.com/sharer/sharer.php?u=https://www.setn.com/News.aspx?NewsID=720403
https://www.setddg.com/PV200319005096837
https://www.setn.com/News.aspx?NewsID=721862
http://line.naver.jp/R/msg/text/?粉絲暴漲！蔡英文推特「破92萬追蹤」成台灣最大宣傳平台 | 政治 | 三立新聞網  SETN.COM%0D%0Ahttps%3a%2f%2fwww.setn.com%2fNews.aspx%3fNewsID%3d720189
https://www.facebook.com/wangchiyu/photos/a.141837549213875/2430734683657472/?type=3
https://www.setddg.com/CATE00613
https://www.setn.com/News.aspx?NewsID=722009
http://line.naver.jp/R/msg/text/?鈕承澤性侵判四年　律師：將上訴 | 社會 | 三立新聞網  SETN.COM%0D%0Ahttps%3a%2f%2fwww.setn.com%2fNews.aspx%3fNewsID%3d725276
https://www.facebook.com/sharer/sharer.php?u=https://www.setn.com/News.aspx?NewsID=663015
https://www.setddg.com/CATE01258
https://www.setn.com/News.aspx?NewsID=723875
http://line.naver.jp/R/msg/text/?劉真來不及看女兒長大…陳海茵淚崩：知道那是多痛苦的決定 | 娛樂星聞 | 三立新聞網  SETN.COM%0D%0Ahttps%3a%2f%2fwww.setn.com%2fe%2fNews.aspx%3fNewsID%3d713025
https://www.facebook.com/sharer/sharer.php?u=https://www.setn.com/News.aspx?NewsID=721782
https://www.setddg.com/Cate00261
https://www.setn.com/News.aspx?NewsID=725310
http://line.naver.jp/R/msg/text/?女生都愛給人洗頭？台男酸「錢太多」　網一面倒噓翻：爽爆 | 生活 | 三立新聞網  SETN.COM%0D%0Ahttps%3a%2f%2fwww.setn.com%2fNews.aspx%3fNewsID%3d713733
https://www.facebook.com/sharer/sharer.php?u=https://www.setn.com/e/News.aspx?NewsID=725558
https://www.setddg.com/PM181026001186103
https://www.setn.com/News.aspx?NewsID=725532
http://line.naver.jp/R/msg/text/?防疫口罩一戴六小時！婦人酒糟肌復發　臉泛紅、刺痛又乾癢 | 健康 | 三立新聞網  SETN.COM%0D%0Ahttps://www.setn.com/News.aspx?NewsID=725342
https://www.facebook.com/twherohan/videos/934694970304447/?__xts__[0]=68.ARA9PE9OeXujGZGimIS-OSILgjZfo3tvDECS3lT5jsuUxWfjL00nijBmiFKGfUz-ZIKxZ-621evv5MD9rLX0C9sFOafZH1I99vqEdR6Fb77II4IrYW76DXBg9_ZZeyPhtpR4EHlG0M-tjtD0mvYkkoeN__dNZ7vLUe_co2l9emIOiqlgaSckJHy8tBF8RTuIz_SrQpgoOEyT7gktRbpiVtxCtVzdKZKHWPDukQBKA_70QFTz2VFaCs8jptjI3gT6_XHPQfIAiOfmp9YFMMHSkUPnTNiFD9q-0e-kLOx2zUziDpi4REJv7_FQHfmmExFty2hvbzskwATC4z_w49aT5xer6IYeDh7AEuv4wre5w_TSGX1rwmm6ck3GmX0-YgH-_ERXOQ
https://www.setddg.com/PV190403002933439
https://www.setn.com/Klist.aspx?TagID=105227
http://line.naver.jp/R/msg/text/?疫情中傳捷報　屏東鳳梨進軍日本連鎖超商 | 生活 | 三立新聞網  SETN.COM%0D%0Ahttps://www.setn.com/News.aspx?NewsID=725538
https://www.facebook.com/sharer/sharer.php?u=https://www.setn.com/News.aspx?NewsID=719956
https://www.setddg.com/PV191225004721224
https://www.setn.com/Klist.aspx?TagID=22572
http://line.naver.jp/R/msg/text/?魟魚啪啪啪超激烈！過程死纏爛打　緊咬不放！ | 新奇 | 三立新聞網  SETN.COM%0D%0Ahttps%3a%2f%2fwww.setn.com%2fNews.aspx%3fNewsID%3d508450
https://www.facebook.com/sharer/sharer.php?u=https://www.setn.com/News.aspx?NewsID=726111
https://www.setddg.com/CATE01045
https://www.setn.com/Klist.aspx?TagID=326651
http://line.naver.jp/R/msg/text/?安全氣囊也能抗疫！福特以氣囊材料生產醫用防護衣 | 汽車 | 三立新聞網  SETN.COM%0D%0Ahttps://www.setn.com/News.aspx?NewsID=725475
https://www.facebook.com/sharer/sharer.php?u=https://www.setddg.com/PV200319005094854
https://www.setddg.com/Cate00492
https://www.setn.com/Klist.aspx?TagID=386937
http://line.naver.jp/R/msg/text/?陳時中帶頭打破性別刻板印象！電競圈、外國遊戲廠商也力挺 | 生活 | 三立新聞網  SETN.COM%0D%0Ahttps%3a%2f%2fwww.setn.com%2fNews.aspx%3fNewsID%3d725572
https://www.facebook.com/sharer/sharer.php?u=https://www.setddg.com/PV200323005134891
https://www.setddg.com/Cate00515
https://www.setn.com/Klist.aspx?TagID=5201
http://line.naver.jp/R/msg/text/?張學友王牌製作人成「新星推手」進入校園栽培新一代F4 | 娛樂星聞 | 三立新聞網  SETN.COM%0D%0Ahttps%3a%2f%2fwww.setn.com%2fe%2fNews.aspx%3fNewsID%3d720174
https://www.facebook.com/101505626575597/photos/a.524734824252673/2399415310117939/?type=3
https://www.setddg.com/P0000100050739
https://www.setn.com/Klist.aspx?TagID=58546
http://line.naver.jp/R/msg/text/?鍋貼離開了鍋面後該怎麼命名？　網神解專業學名 | 生活 | 三立新聞網  SETN.COM%0D%0Ahttps%3a%2f%2fwww.setn.com%2fNews.aspx%3fNewsID%3d647922
https://www.facebook.com/sharer/sharer.php?u=https://www.setn.com/e/News.aspx?NewsID=713548
https://www.setddg.com/PV191217004671040
https://www.setn.com/Klist.aspx?TagID=7023
http://line.naver.jp/R/msg/text/?滅火器直播狂賺70萬！喊救命金有了…開價30萬到府演唱 | 娛樂星聞 | 三立新聞網  SETN.COM%0D%0Ahttps%3a%2f%2fwww.setn.com%2fe%2fNews.aspx%3fNewsID%3d721363
https://www.facebook.com/sharer/sharer.php?u=https://www.setn.com/News.aspx?NewsID=726347
https://www.setddg.com/producttag/1222/%E8%AD%B7%E8%86%9D
https://www.setn.com/Klist.aspx?TagID=9556
http://line.naver.jp/R/msg/text/?https://www.setddg.com/PM181002001007075
https://www.facebook.com/sharer/sharer.php?u=https://www.setn.com/News.aspx?NewsID=725392
https://www.setddg.com/P0000100061292
https://www.setn.com/News.aspx?NewsID=593101
http://line.naver.jp/R/msg/text/?史上最大量！桃園製毒廠遭攻堅　搜出7萬包毒咖啡值3千萬 | 社會 | 三立新聞網  SETN.COM%0D%0Ahttps://www.setn.com/News.aspx?NewsID=726211
https://www.facebook.com/sharer/sharer.php?u=https://www.setn.com/News.aspx?NewsID=725878
https://www.setddg.com/PV190815003642470
https://www.setn.com/News.aspx?NewsID=676158
http://line.naver.jp/R/msg/text/?暖心！圓山大飯店今晚再點燈　改用這6字向醫護人員致敬 | 生活 | 三立新聞網  SETN.COM%0D%0Ahttps%3a%2f%2fwww.setn.com%2fNews.aspx%3fNewsID%3d726273
https://www.facebook.com/101505626575597/photos/a.524734824252673/2336003333125804/?type=3
https://www.setddg.com/CATE00605
https://www.setn.com/News.aspx?NewsID=706505
http://line.naver.jp/R/msg/text/?非愚人節玩笑！黃曉明曝與她「停止營業」：祝妳越來越好 | 娛樂星聞 | 三立新聞網  SETN.COM%0D%0Ahttps://www.setn.com/e/News.aspx?NewsID=718915
https://www.facebook.com/sharer/sharer.php?u=https://www.setn.com/News.aspx?NewsID=723842
https://www.setddg.com/CATE00859
https://www.setn.com/News.aspx?NewsID=718505
http://line.naver.jp/R/msg/text/?咳嗽＝武漢肺炎？陳時中：我也常在咳、咳嗽不是罪別污名化 | 生活 | 三立新聞網  SETN.COM%0D%0Ahttps%3a%2f%2fwww.setn.com%2fNews.aspx%3fNewsID%3d726025
https://www.facebook.com/sharer/sharer.php?u=https://www.setn.com/News.aspx?NewsID=725912
https://www.setddg.com/Cate00325
https://www.setn.com/News.aspx?NewsID=721655
http://line.naver.jp/R/msg/text/?外送遲1小時…還嗆客：店太遠沒同理心！她無言：大開眼界 | 生活 | 三立新聞網  SETN.COM%0D%0Ahttps://www.setn.com/News.aspx?NewsID=721231
https://www.facebook.com/sharer/sharer.php?u=https://www.setn.com/News.aspx?NewsID=682816
https://www.setddg.com/P0000100072532
https://www.setn.com/News.aspx?NewsID=724943&p=0
http://line.naver.jp/R/msg/text/?拿美國資金以「中國為中心」　川普怒譙WHO：真的搞砸了 | 國際 | 三立新聞網  SETN.COM%0D%0Ahttps%3a%2f%2fwww.setn.com%2fNews.aspx%3fNewsID%3d721529
https://www.facebook.com/sharer/sharer.php?u=https://www.setn.com/e/News.aspx?NewsID=724312
https://www.setddg.com/CATE01075
https://www.setn.com/News.aspx?NewsID=725969&p=0
http://line.naver.jp/R/msg/text/?時代力量曝「粉紅色」大頭貼…網暖心大讚：不要改回去了！ | 政治 | 三立新聞網  SETN.COM%0D%0Ahttps%3a%2f%2fwww.setn.com%2fNews.aspx%3fNewsID%3d725216
https://www.facebook.com/sharer/sharer.php?u=https://www.setn.com/News.aspx?NewsID=240249
https://www.setddg.com/Cate00392
https://www.setn.com/Klist.aspx?TagID=392
http://line.naver.jp/R/msg/text/?公司吃炒麵！台中人「狂擠東泉」他看傻　在地曝超神作用 | 生活 | 三立新聞網  SETN.COM%0D%0Ahttps://www.setn.com/News.aspx?NewsID=723996
https://www.facebook.com/sharer/sharer.php?u=https://www.setn.com/News.aspx?NewsID=716082
https://www.setddg.com/CATE00524
https://www.setn.com/Klist.aspx?TagID=7792
http://line.naver.jp/R/msg/text/?抓著女看護的手往下按摩　80歲翁四角褲一片濕緩刑2年 | 社會 | 三立新聞網  SETN.COM%0D%0Ahttps://www.setn.com/News.aspx?NewsID=718576
https://www.facebook.com/FiFiWang777/photos/a.730105157003810/2658400624174244/?type=3
https://www.setddg.com/CATE00778
https://www.setn.com/News.aspx?NewsID=705939
http://line.naver.jp/R/msg/text/?迪麗熱巴拚4年無休！臉皮崩壞近照曝光　網驚呼：好鬆 | 娛樂星聞 | 三立新聞網  SETN.COM%0D%0Ahttps://www.setn.com/e/News.aspx?NewsID=726072
https://www.facebook.com/sharer/sharer.php?u=https://www.setn.com/News.aspx?NewsID=725748
https://www.setddg.com/Cate00444
https://www.setn.com/News.aspx?NewsID=715856
http://line.naver.jp/R/msg/text/?小男生上學怕被笑　蘇貞昌暖戴「粉紅色口罩」默默響應 | 政治 | 三立新聞網  SETN.COM%0D%0Ahttps://www.setn.com/News.aspx?NewsID=725180
https://www.facebook.com/FiFiWang777/photos/a.730105157003810/2721970677817238/?type=3
https://www.setddg.com/PV190712003386500
https://www.setn.com/News.aspx?NewsID=716641
http://line.naver.jp/R/msg/text/?阿囉哈客運開到恍神　衝撞菜車翻覆國道滿佈菜渣一片狼藉 | 社會 | 三立新聞網  SETN.COM%0D%0Ahttps://www.setn.com/News.aspx?NewsID=715166
https://www.facebook.com/sharer/sharer.php?u=https://www.setn.com/News.aspx?NewsID=725656
https://www.setddg.com/CATE01067
https://www.setn.com/News.aspx?NewsID=719146
http://line.naver.jp/R/msg/text/?安碁資訊聚焦3大策略　拚持續成長 | 財經 | 三立新聞網  SETN.COM%0D%0Ahttps%3a%2f%2fwww.setn.com%2fNews.aspx%3fNewsID%3d726277
https://www.facebook.com/sharer/sharer.php?u=https://www.setddg.com/PV190117001861600
https://www.setddg.com/PM180910000801052
https://www.setn.com/News.aspx?NewsID=719355
http://line.naver.jp/R/msg/text/?專訪／「我不是賣衣服」電商女王曝服飾業轉機　將有大洗牌 | 時尚 | 三立新聞網  SETN.COM%0D%0Ahttps://www.setn.com/News.aspx?NewsID=722048
https://www.facebook.com/sharer/sharer.php?u=https://www.setn.com/e/News.aspx?NewsID=699238
https://www.setddg.com/Cate00182
https://www.setn.com/News.aspx?NewsID=719934
http://line.naver.jp/R/msg/text/?獨／台灣陸媳返陸遭送集中營　被逮竟因「臉書．LINE」 | 社會 | 三立新聞網  SETN.COM%0D%0Ahttps://www.setn.com/News.aspx?NewsID=724502
https://www.facebook.com/sharer/sharer.php?u=https://www.setn.com/e/News.aspx?NewsID=710191
https://www.setddg.com/PM190902003798147
https://www.setn.com/News.aspx?NewsID=721166
http://line.naver.jp/R/msg/text/?居家檢疫男女陳屍住處　桃檢緊急採「鼻腔分泌物」送驗⋯ | 社會 | 三立新聞網  SETN.COM%0D%0Ahttps%3a%2f%2fwww.setn.com%2fNews.aspx%3fNewsID%3d719731
https://www.facebook.com/sharer/sharer.php?u=https://www.setn.com/e/News.aspx?NewsID=726054
https://www.setddg.com/PV191213004650734
https://www.setn.com/News.aspx?NewsID=722983
http://line.naver.jp/R/msg/text/?老公出去玩要看「空汙指數」！何妤玟差點氣死：真的很善變 | 娛樂星聞 | 三立新聞網  SETN.COM%0D%0Ahttps://www.setn.com/e/News.aspx?NewsID=724793
https://www.facebook.com/sharer/sharer.php?u=https://www.setn.com/News.aspx?NewsID=725846
https://www.setddg.com/CATE00710
https://www.setn.com/News.aspx?NewsID=723230
http://line.naver.jp/R/msg/text/?https://www.setddg.com/PV200122004825331
https://www.facebook.com/FiFiWang777/photos/a.730105157003810/2612621665418807/?type=3
https://www.setddg.com/CATE01144
https://www.setn.com/News.aspx?NewsID=724220
http://line.naver.jp/R/msg/text/?女人戰爭！沈嶸槓上女醫黃宥嘉　她氣炸幫腔：別看輕命理師 | 娛樂星聞 | 三立新聞網  SETN.COM%0D%0Ahttps%3a%2f%2fwww.setn.com%2fe%2fNews.aspx%3fNewsID%3d720293
https://www.facebook.com/sharer/sharer.php?u=https://www.setn.com/e/News.aspx?NewsID=695670
https://www.setddg.com/Cate00355
https://www.setn.com/News.aspx?NewsID=725025
http://line.naver.jp/R/msg/text/?老大洩天機／今晨仍很冷！白天回暖　吳德榮：明起逐日變熱 | 生活 | 三立新聞網  SETN.COM%0D%0Ahttps%3a%2f%2fwww.setn.com%2fNews.aspx%3fNewsID%3d725079
https://www.facebook.com/sharer/sharer.php?u=https://www.setn.com/News.aspx?NewsID=693432
https://www.setddg.com/Cate00454
https://www.setn.com/News.aspx?NewsID=725967
http://line.naver.jp/R/msg/text/?https://www.setddg.com/PV190528003210349
https://www.facebook.com/sharer/sharer.php?u=https://www.setn.com/e/News.aspx?NewsID=726172
https://www.setddg.com/P0000100062701
https://www.setn.com/News.aspx?NewsID=726344
http://line.naver.jp/R/msg/text/?公司吃炒麵！台中人「狂擠東泉」他看傻　在地曝超神作用 | 生活 | 三立新聞網  SETN.COM%0D%0Ahttps%3a%2f%2fwww.setn.com%2fNews.aspx%3fNewsID%3d723996
https://www.facebook.com/sharer/sharer.php?u=https://www.setn.com/News.aspx?NewsID=725528
https://www.setddg.com/PV190510003134862
https://www.setn.com/Klist.aspx?TagID=389982
http://line.naver.jp/R/msg/text/?防疫口罩一戴六小時！婦人酒糟肌復發　臉泛紅、刺痛又乾癢 | 健康 | 三立新聞網  SETN.COM%0D%0Ahttps%3a%2f%2fwww.setn.com%2fNews.aspx%3fNewsID%3d725342
https://www.facebook.com/sharer/sharer.php?u=https://www.setn.com/News.aspx?NewsID=723413
https://www.setddg.com/PV200102004751002
https://www.setn.com/Klist.aspx?TagID=786
http://line.naver.jp/R/msg/text/?「184cm男神」滑雪險斷命　遇失溫「差點凍死在雪場」 | 娛樂星聞 | 三立新聞網  SETN.COM%0D%0Ahttps%3a%2f%2fwww.setn.com%2fe%2fNews.aspx%3fNewsID%3d707394
https://www.facebook.com/taiwanericcheng/videos/750917411977111/
https://www.setddg.com/PV200407005219256
https://www.setn.com/News.aspx?NewsID=683775
http://line.naver.jp/R/msg/text/?《花木蘭》最新預告曝光！劉亦菲「這高難度動作」網讚帥爆 | 娛樂星聞 | 三立新聞網  SETN.COM%0D%0Ahttps%3a%2f%2fwww.setn.com%2fe%2fNews.aspx%3fNewsID%3d673115
https://www.facebook.com/sharer/sharer.php?u=https://www.setn.com/e/News.aspx?NewsID=725966
https://www.setddg.com/Cate00435
https://www.setn.com/News.aspx?NewsID=698942
http://line.naver.jp/R/msg/text/?四曲滿溢螢幕、Pro+五鏡頭　華為P40全系列超清問世 | 科技 | 三立新聞網  SETN.COM%0D%0Ahttps%3a%2f%2fwww.setn.com%2fNews.aspx%3fNewsID%3d715083
https://www.facebook.com/FiFiWang777/photos/a.730105157003810/2599258603421780/?type=3
https://www.setddg.com/CATE00953
https://www.setn.com/News.aspx?NewsID=706867
http://line.naver.jp/R/msg/text/?羅志祥爆連假開趴嗨玩！多名奶妹身分挖出…網：好像周揚青 | 娛樂星聞 | 三立新聞網  SETN.COM%0D%0Ahttps%3a%2f%2fwww.setn.com%2fe%2fNews.aspx%3fNewsID%3d721138
https://www.facebook.com/setlingyu/photos/a.237894729702840/1315948515230784/?type=3
https://www.setddg.com/Cate00290
https://www.setn.com/News.aspx?NewsID=713715&p=0
http://line.naver.jp/R/msg/text/?https://www.setddg.com/P0000100016513
https://www.facebook.com/sharer/sharer.php?u=https://www.setn.com/e/News.aspx?NewsID=691164
https://www.setddg.com/PV190419003051433
https://www.setn.com/News.aspx?NewsID=715441
http://line.naver.jp/R/msg/text/?柯淑勤自嘲金魚腦！不知坤達天團出身　傻回：柯佳嬿老公啊 | 娛樂星聞 | 三立新聞網  SETN.COM%0D%0Ahttps://www.setn.com/e/News.aspx?NewsID=724884
https://www.facebook.com/sharer/sharer.php?u=https://www.setn.com/e/News.aspx?NewsID=724086
https://www.setddg.com/producttag/6359/%E4%B8%AD%E8%88%88%E5%A4%A7%E5%AD%B8%E9%98%B2%E8%9A%8A%E6%B6%B2
https://www.setn.com/News.aspx?NewsID=717841
http://line.naver.jp/R/msg/text/?鈕承澤遭重判理由曝！暗指「女生主動獻身」法官氣炸：狡辯 | 電影 | 三立新聞網  SETN.COM%0D%0Ahttps://www.setn.com/News.aspx?NewsID=725353
https://www.facebook.com/setlingyu/photos/a.237894729702840/1334976796661289/?type=3
https://www.setddg.com/CATE00858
https://www.setn.com/News.aspx?NewsID=718401
http://line.naver.jp/R/msg/text/?開大絕吸客　高雄英迪格酒店推「買一晚送一晚」 | 生活 | 三立新聞網  SETN.COM%0D%0Ahttps%3a%2f%2fwww.setn.com%2fNews.aspx%3fNewsID%3d723152
https://www.facebook.com/sharer/sharer.php?u=https://www.setddg.com/PV191023004236212
https://www.setddg.com/PV190725003519447
https://www.setn.com/News.aspx?NewsID=721345
http://line.naver.jp/R/msg/text/?咳嗽＝武漢肺炎？陳時中：我也常在咳、咳嗽不是罪別污名化 | 生活 | 三立新聞網  SETN.COM%0D%0Ahttps://www.setn.com/News.aspx?NewsID=726025
https://www.facebook.com/101505626575597/photos/a.524734824252673/2321283391264465/?type=3
https://www.setddg.com/PV190901003788481
https://www.setn.com/News.aspx?NewsID=723321
http://line.naver.jp/R/msg/text/?爆曖昧小鮮肉！方志友婚姻早卡關…認夫妻「對未來沒希望」 | 娛樂星聞 | 三立新聞網  SETN.COM%0D%0Ahttps://www.setn.com/e/News.aspx?NewsID=725800
https://www.facebook.com/sharer/sharer.php?u=https://www.setn.com/News.aspx?NewsID=726206
https://www.setddg.com/PV191009004072719
https://www.setn.com/News.aspx?NewsID=724299
http://line.naver.jp/R/msg/text/?武漢肺炎後掀「去中國化」？黃創夏預言：中國即將失落… | 政治 | 三立新聞網  SETN.COM%0D%0Ahttps%3a%2f%2fwww.setn.com%2fNews.aspx%3fNewsID%3d725945
https://www.facebook.com/sharer/sharer.php?u=https://www.setn.com/News.aspx?NewsID=726241
https://www.setddg.com/CATE01263
https://www.setn.com/News.aspx?NewsID=725643
http://line.naver.jp/R/msg/text/?逆轉！婦住美國30年返台確診　「根本沒健保」免付隔離費 | 生活 | 三立新聞網  SETN.COM%0D%0Ahttps://www.setn.com/News.aspx?NewsID=725046
https://www.facebook.com/sharer/sharer.php?u=https://www.setddg.com/PM200325005147807
https://www.setddg.com/Cate00296
https://www.setn.com/News.aspx?NewsID=725667&p=0
http://line.naver.jp/R/msg/text/?會顏清標謝媽祖慈悲…陳時中宣布好消息　台灣疫情進觀察期 | 生活 | 三立新聞網  SETN.COM%0D%0Ahttps://www.setn.com/News.aspx?NewsID=725813
https://www.facebook.com/sharer/sharer.php?u=https://www.setn.com/News.aspx?NewsID=709009
https://www.setddg.com/PM180807000547833
https://www.setn.com/Klist.aspx?TagID=31535
http://line.naver.jp/R/msg/text/?痛斬8年婚！破鏡難再圓　命理師曝何妤玟：將有驚人變化 | 娛樂星聞 | 三立新聞網  SETN.COM%0D%0Ahttps://www.setn.com/e/News.aspx?NewsID=725936
https://www.facebook.com/sharer/sharer.php?u=https://www.setddg.com/PV191220004702729
https://www.setddg.com/CATE00855
https://www.setn.com/Klist.aspx?TagID=33206
http://line.naver.jp/R/msg/text/?再冷一天！11縣市今晚急凍探10度以下　回暖時間曝光 | 生活 | 三立新聞網  SETN.COM%0D%0Ahttps%3a%2f%2fwww.setn.com%2fNews.aspx%3fNewsID%3d724994
https://www.facebook.com/SETNCAR/
https://www.setddg.com/Cate00345
https://www.setn.com/News.aspx?NewsID=659894
http://line.naver.jp/R/msg/text/?台灣中職領先全球開季　韓媒看到參考性 | 運動 | 三立新聞網  SETN.COM%0D%0Ahttps%3a%2f%2fwww.setn.com%2fNews.aspx%3fNewsID%3d725285
https://www.facebook.com/TQAA11/photos/a.341097166790612/375590200007975/?type=3
https://www.setddg.com/producttag/8167/%E9%B9%BF%E5%AE%A2
https://www.setn.com/News.aspx?NewsID=699206
http://line.naver.jp/R/msg/text/?曾之喬遭男星外流手機號碼　她直接愣住…工作人員也看傻眼 | 娛樂星聞 | 三立新聞網  SETN.COM%0D%0Ahttps://www.setn.com/e/News.aspx?NewsID=674414
https://www.facebook.com/sharer/sharer.php?u=https://www.setn.com/News.aspx?NewsID=723801
https://www.setddg.com/PM191001003997995
https://www.setn.com/News.aspx?NewsID=713981
https://line.naver.jp/R/msg/text/?張若凡《dopaMINE 我，她》　歌聲催淚指數大爆棚 | 娛樂星聞 | 三立新聞網  SETN.COM%0D%0Ahttps%3a%2f%2fwww.setn.com%2fe%2fNews.aspx%3fNewsID%3d659580
https://www.facebook.com/FiFiWang777/photos/a.730105157003810/2586032148077759/?type=3
https://www.setddg.com/PV191025004263041
https://www.setn.com/News.aspx?NewsID=717012
http://line.naver.jp/R/msg/text/?武漢肺炎／臉書協助防疫　將推3項疾病防治地圖工具 | 科技 | 三立新聞網  SETN.COM%0D%0Ahttps%3a%2f%2fwww.setn.com%2fNews.aspx%3fNewsID%3d726067
https://www.facebook.com/sharer/sharer.php?u=https://www.setn.com/News.aspx?NewsID=703683
https://www.setddg.com/CATE00993
https://www.setn.com/News.aspx?NewsID=720660
http://line.naver.jp/R/msg/text/?老師開按摩工作室　女大生幫捧場…她全裸慘遭硬上 | 社會 | 三立新聞網  SETN.COM%0D%0Ahttps://www.setn.com/News.aspx?NewsID=703217
https://www.facebook.com/sharer/sharer.php?u=https://www.setn.com/News.aspx?NewsID=725641
https://www.setddg.com/Cate00389
https://www.setn.com/Klist.aspx?TagID=1529
http://line.naver.jp/R/msg/text/?不演了？懶理黃曉明生日祝福　Baby這動作洩婚變前兆 | 娛樂星聞 | 三立新聞網  SETN.COM%0D%0Ahttps://www.setn.com/e/News.aspx?NewsID=698612
https://www.facebook.com/sharer/sharer.php?u=https://www.setn.com/News.aspx?NewsID=724434
https://www.setddg.com/PV180723000475383
https://www.setn.com/Klist.aspx?TagID=372
http://line.naver.jp/R/msg/text/?暢通感！上班族長年駝背翹腳　整復後氣音喊：啊～舒服 | 生活 | 三立新聞網  SETN.COM%0D%0Ahttps%3a%2f%2fwww.setn.com%2fNews.aspx%3fNewsID%3d718531
https://www.facebook.com/sharer/sharer.php?u=https://www.setn.com/News.aspx?NewsID=719996
https://www.setddg.com/PV200319005095718
https://www.setn.com/Klist.aspx?TagID=80276
http://line.naver.jp/R/msg/text/?超療癒！海象「遮眼抱頭」仰臥起坐　肚肚一團肉好想搓 | 生活 | 三立新聞網  SETN.COM%0D%0Ahttps%3a%2f%2fwww.setn.com%2fNews.aspx%3fNewsID%3d724214
https://www.facebook.com/101505626575597/photos/a.524734824252673/2248793401846798/?type=3
https://www.setddg.com/CATE00667
https://www.setn.com/News.aspx?NewsID=660633
http://line.naver.jp/R/msg/text/?史上最大量！桃園製毒廠遭攻堅　搜出7萬包毒咖啡值3千萬 | 社會 | 三立新聞網  SETN.COM%0D%0Ahttps%3a%2f%2fwww.setn.com%2fNews.aspx%3fNewsID%3d726211
https://www.facebook.com/sharer/sharer.php?u=https://www.setddg.com/PV190519003163810
https://www.setddg.com/CATE00852
https://www.setn.com/News.aspx?NewsID=664019
http://line.naver.jp/R/msg/text/?日媒「中國打死不道歉」！中駐日使館急跳腳：公然詆毀中共 | 國際 | 三立新聞網  SETN.COM%0D%0Ahttps%3a%2f%2fwww.setn.com%2fNews.aspx%3fNewsID%3d725741
https://www.facebook.com/sharer/sharer.php?u=https://www.setn.com/News.aspx?NewsID=726226
https://www.setddg.com/PM200310005015391
https://www.setn.com/News.aspx?NewsID=703292
http://line.naver.jp/R/msg/text/?他從海外偷回一根藤　竟救活了千萬中國人　人口突破了3億 | 國際 | 三立新聞網  SETN.COM%0D%0Ahttps://www.setn.com/News.aspx?NewsID=690294
https://www.facebook.com/taiwanericcheng/photos/a.1641028356111720/1652098555004700/?type=3
https://www.setddg.com/Cate00410
https://www.setn.com/News.aspx?NewsID=707689
http://line.naver.jp/R/msg/text/?何晶「呃」爆兩國舌戰！留言狂洗仇台論…他看傻　網曝原因 | 生活 | 三立新聞網  SETN.COM%0D%0Ahttps%3a%2f%2fwww.setn.com%2fNews.aspx%3fNewsID%3d726270
https://www.facebook.com/sharer/sharer.php?u=https://www.setn.com/News.aspx?NewsID=709447
https://www.setddg.com/Cate00468
https://www.setn.com/News.aspx?NewsID=710383
http://line.naver.jp/R/msg/text/?生人迴避！彰化週日又要「送肉粽」　送吊煞完整路線曝光 | 社會 | 三立新聞網  SETN.COM%0D%0Ahttps://www.setn.com/News.aspx?NewsID=726331
https://www.facebook.com/taiwanericcheng/videos/1268563916644098/
https://www.setddg.com/PV190118001892653
https://www.setn.com/News.aspx?NewsID=717907
http://line.naver.jp/R/msg/text/?連蔡依林都勸你戒煙 臺大名醫郭斐然爆電子煙的八大真相 | 健康 | 三立新聞網  SETN.COM%0D%0Ahttps%3a%2f%2fwww.setn.com%2fNews.aspx%3fNewsID%3d721840
https://www.facebook.com/TFAUTFAU/photos/a.1751782368389588/2434413866793098/?type=3
https://www.setddg.com/PV200324005136585
https://www.setn.com/News.aspx?NewsID=721117
http://line.naver.jp/R/msg/text/?劉真病逝／同劇女星回憶17年前　被導演嫌姿態「太優雅」 | 娛樂星聞 | 三立新聞網  SETN.COM%0D%0Ahttps://www.setn.com/e/News.aspx?NewsID=712544
https://www.facebook.com/sharer/sharer.php?u=https://www.setn.com/News.aspx?NewsID=718285
https://www.setddg.com/CATE00721
https://www.setn.com/News.aspx?NewsID=722978
http://line.naver.jp/R/msg/text/?安全氣囊也能抗疫！福特以氣囊材料生產醫用防護衣 | 汽車 | 三立新聞網  SETN.COM%0D%0Ahttps%3a%2f%2fwww.setn.com%2fNews.aspx%3fNewsID%3d725475
https://www.facebook.com/101505626575597/photos/a.524734824252673/2187983987927740/?type=3
https://www.setddg.com/CATE00971
https://www.setn.com/News.aspx?NewsID=723316
http://line.naver.jp/R/msg/text/?iPhone充電線狂壞？果粉曝「高CP值絕招」：超長壽 | 生活 | 三立新聞網  SETN.COM%0D%0Ahttps://www.setn.com/News.aspx?NewsID=639272
https://www.facebook.com/193541957838217/photos/a.195895817602831/561115847747491/?type=3
https://www.setddg.com/PV191121004485852
https://www.setn.com/News.aspx?NewsID=724071
http://line.naver.jp/R/msg/text/?書摘／病毒的「尖刺」可不是裝飾品　秒懂感染關鍵！ | 生活 | 三立新聞網  SETN.COM%0D%0Ahttps://www.setn.com/News.aspx?NewsID=725482
https://www.facebook.com/sharer/sharer.php?u=https://www.setn.com/News.aspx?NewsID=725984
https://www.setddg.com/PV200226004935338
https://www.setn.com/News.aspx?NewsID=725618
http://line.naver.jp/R/msg/text/?「豆導」鈕承澤被控性侵女工作人員　11點30分一審宣判 | 社會 | 三立新聞網  SETN.COM%0D%0Ahttps://www.setn.com/News.aspx?NewsID=725064
https://www.facebook.com/sharer/sharer.php?u=https://www.setn.com/News.aspx?NewsID=726269
https://www.setddg.com/PM190605003246535
https://www.setn.com/Klist.aspx?TagID=920
http://line.naver.jp/R/msg/text/?父母感染武肺身亡！姐姐隨後也確診…兩週後全家只剩他一個 | 國際 | 三立新聞網  SETN.COM%0D%0Ahttps://www.setn.com/News.aspx?NewsID=725075
https://www.facebook.com/sharer/sharer.php?u=https://www.setn.com/News.aspx?NewsID=725079
https://www.setddg.com/PV200320005116934
https://www.setn.com/Klist.aspx?TagID=9645
http://line.naver.jp/R/msg/text/?全聯買牙膏…他竟遭店員嗆「你有在刷牙？」結局曝光網笑翻 | 生活 | 三立新聞網  SETN.COM%0D%0Ahttps%3a%2f%2fwww.setn.com%2fNews.aspx%3fNewsID%3d724991
https://www.facebook.com/sharer/sharer.php?u=https://www.setn.com/News.aspx?NewsID=717595
https://www.setddg.com/PM191016004116249
https://www.setn.com/News.aspx?NewsID=640407
http://line.naver.jp/R/msg/text/?食物外送員防疫　建議優先採無接觸送餐 | 生活 | 三立新聞網  SETN.COM%0D%0Ahttps%3a%2f%2fwww.setn.com%2fNews.aspx%3fNewsID%3d723391
https://www.facebook.com/sharer/sharer.php?u=https://www.setn.com/e/News.aspx?NewsID=720957
https://www.setddg.com/PM191224004717332
https://www.setn.com/News.aspx?NewsID=676261
http://line.naver.jp/R/msg/text/?疫情害慘好萊塢！北美票房跌20年新低　「比911還慘」 | 電影 | 三立新聞網  SETN.COM%0D%0Ahttps%3a%2f%2fwww.setn.com%2fNews.aspx%3fNewsID%3d709009
https://www.facebook.com/sharer/sharer.php?u=https://www.setn.com/News.aspx?NewsID=714538
https://www.setddg.com/PV200309005007814
https://www.setn.com/News.aspx?NewsID=701812
http://line.naver.jp/R/msg/text/?「國民男友」許光漢太夯！42歲金鐘視后羞認「愛上女婿」 | 娛樂星聞 | 三立新聞網  SETN.COM%0D%0Ahttps://www.setn.com/e/News.aspx?NewsID=724156
https://www.facebook.com/FiFiWang777/photos/a.730105157003810/2668829389798034/?type=3
https://www.setddg.com/PV200320005107593
https://www.setn.com/News.aspx?NewsID=717920
http://line.naver.jp/R/msg/text/?秦偉性侵判8年定讞！今上午10點報到入監、最少要蹲4年 | 社會 | 三立新聞網  SETN.COM%0D%0Ahttps://www.setn.com/News.aspx?NewsID=725077
https://www.facebook.com/sharer/sharer.php?u=https://www.setn.com/News.aspx?NewsID=694785
https://www.setddg.com/PV200409005243860
https://www.setn.com/News.aspx?NewsID=720698
http://line.naver.jp/R/msg/text/?確診破2百萬！公司季報將出爐…沈富雄：問君能有幾多愁？ | 政治 | 三立新聞網  SETN.COM%0D%0Ahttps%3a%2f%2fwww.setn.com%2fNews.aspx%3fNewsID%3d726101
https://www.facebook.com/166031436789071/videos/2312591635487414/
https://www.setddg.com/PV200410005263438
https://www.setn.com/News.aspx?NewsID=725274
http://line.naver.jp/R/msg/text/?為何隻手遮天的魏忠賢鬥不過年僅17歲的崇禎？真相曝光 | 生活 | 三立新聞網  SETN.COM%0D%0Ahttps%3a%2f%2fwww.setn.com%2fNews.aspx%3fNewsID%3d724986
https://www.facebook.com/sharer/sharer.php?u=https://www.setn.com/News.aspx?NewsID=723225
https://www.setddg.com/CATE01089
https://www.setn.com/Klist.aspx?TagID=1765&amp;utm_source=setn.com&amp;utm_medium=dictionary&amp;utm_campaign=wordnews
http://line.naver.jp/R/msg/text/?稀有萌貓愛吃毒蛇！捕獵畫面曝光　牠「皮被扯開」超驚悚 | 生活 | 三立新聞網  SETN.COM%0D%0Ahttps%3a%2f%2fwww.setn.com%2fNews.aspx%3fNewsID%3d719448
https://www.facebook.com/sharer/sharer.php?u=https://www.setn.com/News.aspx?NewsID=726270
https://www.setddg.com/P0000100070926
https://www.setn.com/Klist.aspx?TagID=382331
http://line.naver.jp/R/msg/text/?賈靜雯婚姻爆冷戰！修杰楷「軟下來」曝幸福秘訣就是4個字 | 時尚 | 三立新聞網  SETN.COM%0D%0Ahttps%3a%2f%2fwww.setn.com%2fNews.aspx%3fNewsID%3d723451
https://www.facebook.com/sharer/sharer.php?u=https://www.setn.com/News.aspx?NewsID=689375
https://www.setddg.com/PV200414005292441
https://www.setn.com/Klist.aspx?TagID=39052
http://line.naver.jp/R/msg/text/?二大一廣場／內政部彈性化防疫！不該惡意解讀成取消酒測 | 名家 | 三立新聞網  SETN.COM%0D%0Ahttps%3a%2f%2fwww.setn.com%2fNews.aspx%3fNewsID%3d702995
https://www.facebook.com/sharer/sharer.php?u=https://www.setn.com/e/News.aspx?NewsID=721472
https://www.setddg.com/CATE01020
https://www.setn.com/News.aspx?NewsID=364573
http://line.naver.jp/R/msg/text/?沒有凸輪軸的黑科技引擎　2.0升三汽缸直上600匹馬力 | 汽車 | 三立新聞網  SETN.COM%0D%0Ahttps%3a%2f%2fwww.setn.com%2fNews.aspx%3fNewsID%3d707528
https://www.facebook.com/sharer/sharer.php?u=https://www.setn.com/News.aspx?NewsID=725725
https://www.setddg.com/P0000100057839
https://www.setn.com/News.aspx?NewsID=712700
http://line.naver.jp/R/msg/text/?「還不睡嗎…」孕婦聽「媽」房門外嘮叨　下秒竟被真相嚇瘋 | 生活 | 三立新聞網  SETN.COM%0D%0Ahttps%3a%2f%2fwww.setn.com%2fNews.aspx%3fNewsID%3d726329
https://www.facebook.com/101505626575597/photos/a.524734824252673/2207897159269756/?type=3
https://www.setddg.com/producttag/1898/%E8%86%A0%E5%8E%9F%E9%A3%B2
https://www.setn.com/News.aspx?NewsID=718721
http://line.naver.jp/R/msg/text/?好市多貝果怎搭配？4種口味戰翻　過來人驚曝：一人吃別買 | 生活 | 三立新聞網  SETN.COM%0D%0Ahttps%3a%2f%2fwww.setn.com%2fNews.aspx%3fNewsID%3d705685
https://www.facebook.com/moea.gov.tw/photos/a.335602533146596/3077194355654053/?type=3
https://www.setddg.com/producttag/1220/%E4%BA%AC%E7%BE%8E
https://www.setn.com/News.aspx?NewsID=720664
http://line.naver.jp/R/msg/text/?跟哥哥一起玩遊戲！她興奮喊「到X點了」　下秒全場尷尬 | 生活 | 三立新聞網  SETN.COM%0D%0Ahttps://www.setn.com/News.aspx?NewsID=725512
https://www.facebook.com/sharer/sharer.php?u=https://www.setn.com/News.aspx?NewsID=722019
https://www.setddg.com/CATE01039
https://www.setn.com/Klist.aspx?TagID=1731
http://line.naver.jp/R/msg/text/?大陸冷氣團南下　台東農改場籲注意作物防寒 | 生活 | 三立新聞網  SETN.COM%0D%0Ahttps%3a%2f%2fwww.setn.com%2fNews.aspx%3fNewsID%3d723679
https://www.facebook.com/sharer/sharer.php?u=https://www.setn.com/e/News.aspx?NewsID=725534
https://www.setddg.com/CATE01125
https://www.setn.com/Klist.aspx?TagID=676
http://line.naver.jp/R/msg/text/?瑪莎拉蒂MC20將搭載V6雙渦輪引擎　馬力至少六百匹起 | 汽車 | 三立新聞網  SETN.COM%0D%0Ahttps%3a%2f%2fwww.setn.com%2fNews.aspx%3fNewsID%3d725528
https://www.facebook.com/sharer/sharer.php?u=https://www.setn.com/e/News.aspx?NewsID=667212
https://www.setddg.com/PV190403002929959
https://www.setn.com/News.aspx?NewsID=653030
http://line.naver.jp/R/msg/text/?開發金「4大女將」上位！大股東辜仲瑩將霸氣回鍋？ | 財經 | 三立新聞網  SETN.COM%0D%0Ahttps%3a%2f%2fwww.setn.com%2fNews.aspx%3fNewsID%3d725736
https://www.facebook.com/sharer/sharer.php?u=https://www.setn.com/e/News.aspx?NewsID=673115
https://www.setddg.com/PV200402005206815
https://www.setn.com/News.aspx?NewsID=688326
http://line.naver.jp/R/msg/text/?N號房40歲付費會員「漢江輕生」　遺書：沒想到鬧這麼大 | 娛樂星聞 | 三立新聞網  SETN.COM%0D%0Ahttps://www.setn.com/e/News.aspx?NewsID=715411
https://www.facebook.com/sharer/sharer.php?u=https://www.setn.com/News.aspx?NewsID=723619
https://www.setddg.com/CATE01013
https://www.setn.com/News.aspx?NewsID=709995
http://line.naver.jp/R/msg/text/?https://www.setddg.com/PV190910003864856
https://www.facebook.com/194703907220622/photos/a.694400153917659/2452562511434739/?type=3
https://www.setddg.com/producttag/3245/%E5%A4%9A%E8%89%B2
https://www.setn.com/News.aspx?NewsID=711702
http://line.naver.jp/R/msg/text/?將士血戰沙場！朱元璋如何「對待」他們妻兒？不順從不行 | 生活 | 三立新聞網  SETN.COM%0D%0Ahttps://www.setn.com/News.aspx?NewsID=726368
https://www.facebook.com/FiFiWang777/photos/a.730105157003810/2616518575029116/?type=3
https://www.setddg.com/CATE00730
https://www.setn.com/News.aspx?NewsID=719141
http://line.naver.jp/R/msg/text/?金鐘視帝李銘順自比「台語新人」　工地小人物求發財翻身 | 娛樂星聞 | 三立新聞網  SETN.COM%0D%0Ahttps://www.setn.com/e/News.aspx?NewsID=726261
https://www.facebook.com/gogogoeball/photos/a.186955736269/10156445685421270/?type=3
https://www.setddg.com/CATE01227
https://www.setn.com/News.aspx?NewsID=720805
http://line.naver.jp/R/msg/text/?《哈利波特》榮恩宣布當爸！女友懷孕照曝光…粉絲秒抓亮點 | 電影 | 三立新聞網  SETN.COM%0D%0Ahttps%3a%2f%2fwww.setn.com%2fNews.aspx%3fNewsID%3d723691
https://www.facebook.com/sharer/sharer.php?u=https://www.setn.com/News.aspx?NewsID=721529
https://www.setddg.com/PM191028004275345
https://www.setn.com/News.aspx?NewsID=720906
http://line.naver.jp/R/msg/text/?《角頭2》導演顏正國日本出道？出演電影當「幫派老大」 | 名家 | 三立新聞網  SETN.COM%0D%0Ahttps://www.setn.com/News.aspx?NewsID=722719
https://www.facebook.com/sharer/sharer.php?u=https://www.setn.com/e/News.aspx?NewsID=722581
https://www.setddg.com/PV200323005129701
https://www.setn.com/News.aspx?NewsID=724075
http://line.naver.jp/R/msg/text/?法拉利也怕牠　1963年美國陸地鯊魚重生 | 汽車 | 三立新聞網  SETN.COM%0D%0Ahttps%3a%2f%2fwww.setn.com%2fNews.aspx%3fNewsID%3d714497
https://www.facebook.com/sharer/sharer.php?u=https://www.setn.com/e/News.aspx?NewsID=687026
https://www.setddg.com/PV200401005197783
https://www.setn.com/News.aspx?NewsID=726012
http://line.naver.jp/R/msg/text/?劉真羽化12天　命理師曝放不下家人　躲牆角含淚思念女兒 | 娛樂星聞 | 三立新聞網  SETN.COM%0D%0Ahttps://www.setn.com/e/News.aspx?NewsID=722973
https://www.facebook.com/sharer/sharer.php?u=https://www.setn.com/e/News.aspx?NewsID=713719
https://www.setddg.com/CATE00767
https://www.setn.com/News.aspx?NewsID=726115
http://line.naver.jp/R/msg/text/?大陸冷氣團南下　台東農改場籲注意作物防寒 | 生活 | 三立新聞網  SETN.COM%0D%0Ahttps://www.setn.com/News.aspx?NewsID=723679
https://www.facebook.com/sharer/sharer.php?u=https://www.setn.com/News.aspx?NewsID=714403
https://www.setddg.com/PV191030004297219
https://www.setn.com/Klist.aspx?TagID=161
http://line.naver.jp/R/msg/text/?暖心！圓山大飯店今晚再點燈　改用這6字向醫護人員致敬 | 生活 | 三立新聞網  SETN.COM%0D%0Ahttps://www.setn.com/News.aspx?NewsID=726273
https://www.facebook.com/sharer/sharer.php?u=https://www.setn.com/e/News.aspx?NewsID=718566
https://www.setddg.com/PV200224004926137
https://www.setn.com/Klist.aspx?TagID=17895
http://line.naver.jp/R/msg/text/?辛龍忍痛放手！劉真生前「最後模樣」　令人心碎 | 娛樂星聞 | 三立新聞網  SETN.COM%0D%0Ahttps://www.setn.com/e/News.aspx?NewsID=713719
https://www.facebook.com/sharer/sharer.php?u=https://www.setn.com/News.aspx?NewsID=726045
https://www.setddg.com/CATE00865
https://www.setn.com/Klist.aspx?TagID=30368
http://line.naver.jp/R/msg/text/?台灣廣告登紐時　世衛13點聲明回應：一直與台灣保持交流 | 國際 | 三立新聞網  SETN.COM%0D%0Ahttps://www.setn.com/News.aspx?NewsID=725712
https://www.facebook.com/sharer/sharer.php?u=https://www.setn.com/News.aspx?NewsID=726182
https://www.setddg.com/CATE01025
https://www.setn.com/Klist.aspx?TagID=367723
http://line.naver.jp/R/msg/text/?我給你月薪兩萬八　照樣能翻身的方法 | 名家 | 三立新聞網  SETN.COM%0D%0Ahttps%3a%2f%2fwww.setn.com%2fNews.aspx%3fNewsID%3d725846
https://www.facebook.com/sharer/sharer.php?u=https://www.setn.com/News.aspx?NewsID=707492
https://www.setddg.com/Cate00391
https://www.setn.com/Klist.aspx?TagID=3797
http://line.naver.jp/R/msg/text/?被酸沒行程、市長真好當…韓國瑜：我不屑一顧、問心無愧！ | 政治 | 三立新聞網  SETN.COM%0D%0Ahttps%3a%2f%2fwww.setn.com%2fNews.aspx%3fNewsID%3d725703
https://www.facebook.com/sharer/sharer.php?u=https://www.setn.com/News.aspx?NewsID=726120
https://www.setddg.com/CATE01305
https://www.setn.com/Klist.aspx?TagID=5600
http://line.naver.jp/R/msg/text/?獲500萬家戶愛用　掃地機器人業界霸主 | 生活 | 三立新聞網  SETN.COM%0D%0Ahttps%3a%2f%2fwww.setn.com%2fNews.aspx%3fNewsID%3d724539
https://www.facebook.com/sharer/sharer.php?u=https://www.setn.com/News.aspx?NewsID=726180
https://www.setddg.com/PV200330005173788
https://www.setn.com/News.aspx?NewsID=125613
http://line.naver.jp/R/msg/text/?賣家產、父母勸不聽的堅持　入珠職人助無數男女重拾性福 | 生活 | 三立新聞網  SETN.COM%0D%0Ahttps://www.setn.com/News.aspx?NewsID=725048
https://www.facebook.com/sharer/sharer.php?u=https://www.setn.com/News.aspx?NewsID=691456
https://www.setddg.com/PV200409005252212
https://www.setn.com/News.aspx?NewsID=654305
http://line.naver.jp/R/msg/text/?ABT發表最強旅行車RS6-R　馬力輸出高達730匹 | 汽車 | 三立新聞網  SETN.COM%0D%0Ahttps%3a%2f%2fwww.setn.com%2fNews.aspx%3fNewsID%3d721087
https://www.facebook.com/setlingyu/videos/355174021839305/
https://www.setddg.com/CATE00733
https://www.setn.com/News.aspx?NewsID=655693
http://line.naver.jp/R/msg/text/?等了6年…柯震東《打噴嚏》終於定檔！九把刀臉書嗨曝進度 | 電影 | 三立新聞網  SETN.COM%0D%0Ahttps://www.setn.com/News.aspx?NewsID=726210
https://www.facebook.com/sharer/sharer.php?u=https://www.setn.com/News.aspx?NewsID=725803
https://www.setddg.com/CATE00956
https://www.setn.com/News.aspx?NewsID=706302
http://line.naver.jp/R/msg/text/?雙12當果粉！這樣辦0元帶走iPhone 11 | 科技 | 三立新聞網  SETN.COM%0D%0Ahttps://www.setn.com/News.aspx?NewsID=651884
https://www.facebook.com/sharer/sharer.php?u=https://www.setn.com/News.aspx?NewsID=705512
https://www.setddg.com/PV190403002931186
https://www.setn.com/News.aspx?NewsID=711906
http://line.naver.jp/R/msg/text/?炒房投資客「帥過頭」預告復出：要讓年輕人買不起房！ | 財經 | 三立新聞網  SETN.COM%0D%0Ahttps%3a%2f%2fwww.setn.com%2fNews.aspx%3fNewsID%3d726212
https://www.facebook.com/sharer/sharer.php?u=https://www.setddg.com/PM181002001007075
https://www.setddg.com/PV191110004412776
https://www.setn.com/News.aspx?NewsID=716022
http://line.naver.jp/R/msg/text/?爬山驚見金曲歌后　蔡健雅五度攻蛋恐因疫情延期…變受災戶 | 娛樂星聞 | 三立新聞網  SETN.COM%0D%0Ahttps%3a%2f%2fwww.setn.com%2fe%2fNews.aspx%3fNewsID%3d709945
https://www.facebook.com/sharer/sharer.php?u=https://www.setn.com/e/News.aspx?NewsID=659833
https://www.setddg.com/PV191216004660228
https://www.setn.com/News.aspx?NewsID=716568
http://line.naver.jp/R/msg/text/?醫學生闖前女友家偷「貓兒子」…竟撞見她姊姊　下場GG了 | 社會 | 三立新聞網  SETN.COM%0D%0Ahttps://www.setn.com/News.aspx?NewsID=682816
https://www.facebook.com/setlingyu/photos/a.237894729702840/1314230258735943/?type=3
https://www.setddg.com/Cate00485
https://www.setn.com/News.aspx?NewsID=716882
http://line.naver.jp/R/msg/text/?中國「禁吃狗肉？」可吃動物名單曝光…官方：狗是親近伴侶 | 寵物 | 三立新聞網  SETN.COM%0D%0Ahttps%3a%2f%2fwww.setn.com%2fNews.aspx%3fNewsID%3d722614
https://www.facebook.com/sharer/sharer.php?u=https://www.setn.com/News.aspx?NewsID=725650
https://www.setddg.com/P0000100062205
https://www.setn.com/News.aspx?NewsID=719399
http://line.naver.jp/R/msg/text/?阿囉哈客運開到恍神　衝撞菜車翻覆國道滿佈菜渣一片狼藉 | 社會 | 三立新聞網  SETN.COM%0D%0Ahttps%3a%2f%2fwww.setn.com%2fNews.aspx%3fNewsID%3d715166
https://www.facebook.com/sharer/sharer.php?u=https://www.setn.com/News.aspx?NewsID=725914
https://www.setddg.com/PV190725003520286
https://www.setn.com/News.aspx?NewsID=724014
http://line.naver.jp/R/msg/text/?專訪／擁上司男人不怕！張景嵐愛了就梭哈…認有觀察中的人 | 娛樂星聞 | 三立新聞網  SETN.COM%0D%0Ahttps://www.setn.com/e/News.aspx?NewsID=725072
https://www.facebook.com/hualienleschamps/photos/a.747220292040487/2224201014342400/?type=3
https://www.setddg.com/producttag/706/%E9%98%B2%E6%9B%AC
https://www.setn.com/News.aspx?NewsID=724224
http://line.naver.jp/R/msg/text/?晨間％％她狂弄「這點」男友失控喊錯名…原因曝網：不單純 | 生活 | 三立新聞網  SETN.COM%0D%0Ahttps://www.setn.com/News.aspx?NewsID=719816
https://www.facebook.com/sharer/sharer.php?u=https://www.setn.com/News.aspx?NewsID=723849
https://www.setddg.com/PV190403002929818
https://www.setn.com/News.aspx?NewsID=724859
http://line.naver.jp/R/msg/text/?饗食天堂竟然推出外送了　十人爽吃大餐每人三百有找 | 生活 | 三立新聞網  SETN.COM%0D%0Ahttps://www.setn.com/News.aspx?NewsID=722935
https://www.facebook.com/sharer/sharer.php?u=https://www.setn.com/News.aspx?NewsID=723485
https://www.setddg.com/PV190403002932229
https://www.setn.com/Klist.aspx?TagID=389902
http://line.naver.jp/R/msg/text/?https://www.setddg.com/PV191024004255802
https://www.facebook.com/sharer/sharer.php?u=https://www.setn.com/e/News.aspx?NewsID=720283
https://www.setddg.com/PV191226004731641
https://www.setn.com/News.aspx?NewsID=147188
http://line.naver.jp/R/msg/text/?回歸之路慘遭肺炎打斷　福特越野休旅Bronco生產延期 | 汽車 | 三立新聞網  SETN.COM%0D%0Ahttps%3a%2f%2fwww.setn.com%2fNews.aspx%3fNewsID%3d724895
https://www.facebook.com/sharer/sharer.php?u=https://www.setn.com/News.aspx?NewsID=703652
https://www.setddg.com/PM200225004935172
https://www.setn.com/News.aspx?NewsID=702782
http://line.naver.jp/R/msg/text/?國民黨團卡關1500億紓困　蘇貞昌嘆：人民都很期待… | 政治 | 三立新聞網  SETN.COM%0D%0Ahttps://www.setn.com/News.aspx?NewsID=725143
https://www.facebook.com/sharer/sharer.php?u=https://www.setn.com/News.aspx?NewsID=725080
https://www.setddg.com/PM200309005013858
https://www.setn.com/News.aspx?NewsID=716982
http://line.naver.jp/R/msg/text/?花木蘭首映開口一笑　劉亦菲「血盆大口」…高清照美貌崩壞 | 娛樂星聞 | 三立新聞網  SETN.COM%0D%0Ahttps://www.setn.com/e/News.aspx?NewsID=707402
https://www.facebook.com/101505626575597/photos/a.524734824252673/2267223640003774/?type=3
https://www.setddg.com/PV190529003213175
https://www.setn.com/News.aspx?NewsID=721598
http://line.naver.jp/R/msg/text/?包不完！民眾買不到口罩遷怒藥師　第一線藥師滿腹委屈 | 生活 | 三立新聞網  SETN.COM%0D%0Ahttps://www.setn.com/News.aspx?NewsID=693455
https://www.facebook.com/sharer/sharer.php?u=https://www.setn.com/News.aspx?NewsID=725353
https://www.setddg.com/CATE00772
https://www.setn.com/Klist.aspx?TagID=3669
http://line.naver.jp/R/msg/text/?東廠跟錦衣衛誰比較兇狠？被哪個單位抓走比較恐怖？ | 生活 | 三立新聞網  SETN.COM%0D%0Ahttps://www.setn.com/News.aspx?NewsID=700562
https://www.facebook.com/sharer/sharer.php?u=https://www.setn.com/News.aspx?NewsID=707563
https://www.setddg.com/PV191106004388678
https://www.setn.com/Klist.aspx?TagID=371966
http://line.naver.jp/R/msg/text/?https://www.setddg.com/PV190403002917719
https://www.facebook.com/sharer/sharer.php?u=https://www.setn.com/News.aspx?NewsID=726074
https://www.setddg.com/CATE00780
https://www.setn.com/Klist.aspx?TagID=519
http://line.naver.jp/R/msg/text/?「天選」風水寶地！揭秘中國最旺祖墳　後代出了16位皇帝 | 生活 | 三立新聞網  SETN.COM%0D%0Ahttps%3a%2f%2fwww.setn.com%2fNews.aspx%3fNewsID%3d719067
https://www.facebook.com/sharer/sharer.php?u=https://www.setn.com/News.aspx?NewsID=726232
https://www.setddg.com/CATE01069
https://www.setn.com/News.aspx?NewsID=654298
http://line.naver.jp/R/msg/text/?「豆導」鈕承澤被控性侵女工作人員　11點30分一審宣判 | 社會 | 三立新聞網  SETN.COM%0D%0Ahttps%3a%2f%2fwww.setn.com%2fNews.aspx%3fNewsID%3d725064
https://www.facebook.com/sharer/sharer.php?u=https://www.setn.com/News.aspx?NewsID=722233
https://www.setddg.com/P0000100045325
https://www.setn.com/News.aspx?NewsID=702800
http://line.naver.jp/R/msg/text/?只有台灣人才懂的中職　韓媒眼中只有台灣 | 運動 | 三立新聞網  SETN.COM%0D%0Ahttps://www.setn.com/News.aspx?NewsID=725531
https://www.facebook.com/sharer/sharer.php?u=https://www.setn.com/News.aspx?NewsID=725048
https://www.setddg.com/PV200215004891251
https://www.setn.com/News.aspx?NewsID=703102
http://line.naver.jp/R/msg/text/?「瑞德西韋」藥物初步結果佳　藥廠加速爆產百萬用量 | 名家 | 三立新聞網  SETN.COM%0D%0Ahttps://www.setn.com/News.aspx?NewsID=725442
https://www.facebook.com/setlingyu/photos/a.162107043948276/1315221795303456/?type=3
https://www.setddg.com/PV200330005170698
https://www.setn.com/News.aspx?NewsID=709961
http://line.naver.jp/R/msg/text/?妻被爆女女戀離婚！董至成不忍噴淚了　呂文婉曬照給忠告 | 娛樂星聞 | 三立新聞網  SETN.COM%0D%0Ahttps://www.setn.com/e/News.aspx?NewsID=700977
https://www.facebook.com/sharer/sharer.php?u=https://www.setn.com/e/News.aspx?NewsID=726064
https://www.setddg.com/Cate00299
https://www.setn.com/News.aspx?NewsID=716879
http://line.naver.jp/R/msg/text/?振奮人心！長庚中醫研究臺灣茶可抑制新冠病毒 登國際期刊 | 健康 | 三立新聞網  SETN.COM%0D%0Ahttps%3a%2f%2fwww.setn.com%2fNews.aspx%3fNewsID%3d713715
https://www.facebook.com/sharer/sharer.php?u=https://www.setn.com/News.aspx?NewsID=701937
https://www.setddg.com/PM190828003745473
https://www.setn.com/News.aspx?NewsID=725974
http://line.naver.jp/R/msg/text/?中國喊話「合作抗疫」　美國務院：不能只出張嘴 | 國際 | 三立新聞網  SETN.COM%0D%0Ahttps://www.setn.com/News.aspx?NewsID=721531
https://www.facebook.com/sharer/sharer.php?u=https://www.setn.com/News.aspx?NewsID=723451
https://www.setddg.com/PM190923003950238
https://www.setn.com/News.aspx?NewsID=726150
http://line.naver.jp/R/msg/text/?吳慷仁夯在哪？全網答案一致　「男粉」再曝關鍵：秒被帥到 | 娛樂星聞 | 三立新聞網  SETN.COM%0D%0Ahttps%3a%2f%2fwww.setn.com%2fe%2fNews.aspx%3fNewsID%3d687026
https://www.facebook.com/taiwanericcheng/videos/2275001935954140/
https://www.setddg.com/CATE00840
https://www.setn.com/News.aspx?NewsID=726341
http://line.naver.jp/R/msg/text/?幸運兒是你嗎？大樂透連槓龜18期　5.1億頭獎號碼出爐 | 財經 | 三立新聞網  SETN.COM%0D%0Ahttps://www.setn.com/News.aspx?NewsID=725650
https://www.facebook.com/SETstoryoftaiwan/videos/2274866672609419/
https://www.setddg.com/CATE01337
https://www.setn.com/Klist.aspx?TagID=2124
http://line.naver.jp/R/msg/text/?自食惡果！中共大使館投書澳媒　竟然說「中國應受譴責」… | 國際 | 三立新聞網  SETN.COM%0D%0Ahttps%3a%2f%2fwww.setn.com%2fNews.aspx%3fNewsID%3d726258
https://www.facebook.com/sharer/sharer.php?u=https://www.setddg.com/PV190225002089201
https://www.setddg.com/Cate00479?pagenumber=87
https://www.setn.com/News.aspx?NewsID=125123
http://line.naver.jp/R/msg/text/?https://www.setddg.com/PV200310005020987
https://www.facebook.com/sharer/sharer.php?u=https://www.setn.com/News.aspx?NewsID=724236
https://www.setddg.com/Cate00449
https://www.setn.com/News.aspx?NewsID=611632
http://line.naver.jp/R/msg/text/?反差萌！《梨泰院》張根源見女星秒害羞…意外吐理想型條件 | 娛樂星聞 | 三立新聞網  SETN.COM%0D%0Ahttps://www.setn.com/e/News.aspx?NewsID=725051
https://www.facebook.com/sharer/sharer.php?u=https://www.setn.com/e/News.aspx?NewsID=718915
https://www.setddg.com/CATE00856
https://www.setn.com/News.aspx?NewsID=707301
http://line.naver.jp/R/msg/text/?女兒長菜花！她數月後下體「白白爛爛」　醫驚：要整塊切掉 | 娛樂星聞 | 三立新聞網  SETN.COM%0D%0Ahttps://www.setn.com/e/News.aspx?NewsID=726352
https://www.facebook.com/101505626575597/photos/a.524734824252673/2260542220671916/?type=3
https://www.setddg.com/Cate00357
https://www.setn.com/News.aspx?NewsID=712024
http://line.naver.jp/R/msg/text/?打噴嚏怎麼辦？重症醫圖示壓肘頂嚏…提醒：別讓病毒抓交替 | 生活 | 三立新聞網  SETN.COM%0D%0Ahttps%3a%2f%2fwww.setn.com%2fNews.aspx%3fNewsID%3d703003
https://www.facebook.com/sharer/sharer.php?u=https://www.setn.com/e/News.aspx?NewsID=725432
https://www.setddg.com/PM190512003140329
https://www.setn.com/News.aspx?NewsID=714476
http://line.naver.jp/R/msg/text/?他換燈泡「一天賺超過60萬元」　工作地點超驚人 | 國際 | 三立新聞網  SETN.COM%0D%0Ahttps%3a%2f%2fwww.setn.com%2fNews.aspx%3fNewsID%3d725656
https://www.facebook.com/sharer/sharer.php?u=https://www.setn.com/e/News.aspx?NewsID=725338
https://www.setddg.com/PV180507000074644
https://www.setn.com/News.aspx?NewsID=714935
http://line.naver.jp/R/msg/text/?柯佳嬿扮高中生無違和！問有無穿制服回家…坤達羞笑嘴軟了 | 娛樂星聞 | 三立新聞網  SETN.COM%0D%0Ahttps%3a%2f%2fwww.setn.com%2fe%2fNews.aspx%3fNewsID%3d698489
https://www.facebook.com/sharer/sharer.php?u=https://www.setn.com/News.aspx?NewsID=726335
https://www.setddg.com/CATE00910
https://www.setn.com/News.aspx?NewsID=715081
http://line.naver.jp/R/msg/text/?運將遭砍18刀命危　稚嫩2子天天問：爸爸怎麼還沒出院？ | 社會 | 三立新聞網  SETN.COM%0D%0Ahttps%3a%2f%2fwww.setn.com%2fNews.aspx%3fNewsID%3d725298
https://www.facebook.com/sharer/sharer.php?u=https://www.setn.com/News.aspx?NewsID=684356
https://www.setddg.com/CATE01228
https://www.setn.com/News.aspx?NewsID=716711
http://line.naver.jp/R/msg/text/?鋼鐵病醫／罕病無藥可醫　肌肉萎縮醫師：救人到不能動為止 | 生活 | 三立新聞網  SETN.COM%0D%0Ahttps://www.setn.com/News.aspx?NewsID=707563
https://www.facebook.com/sharer/sharer.php?u=https://www.setn.com/e/News.aspx?NewsID=713025
https://www.setddg.com/PV200331005176544
https://www.setn.com/News.aspx?NewsID=724699
http://line.naver.jp/R/msg/text/?一年3百天都在感冒！她得這病「狂發燒」…慘況曝光惹心疼 | 生活 | 三立新聞網  SETN.COM%0D%0Ahttps%3a%2f%2fwww.setn.com%2fNews.aspx%3fNewsID%3d723377
https://www.facebook.com/sharer/sharer.php?u=https://www.setn.com/e/News.aspx?NewsID=714262
https://www.setddg.com/PV190926003982168
https://www.setn.com/Klist.aspx?TagID=119240
http://line.naver.jp/R/msg/text/?三上悠亞穿透明泳衣！私密處全被看光　網驚：形狀超明顯 | 娛樂星聞 | 三立新聞網  SETN.COM%0D%0Ahttps%3a%2f%2fwww.setn.com%2fe%2fNews.aspx%3fNewsID%3d635353
https://www.facebook.com/sharer/sharer.php?u=https://www.setn.com/News.aspx?NewsID=724994
https://www.setddg.com/PV191223004712730
https://www.setn.com/Klist.aspx?TagID=19116
http://line.naver.jp/R/msg/text/?古代四大美男子之一的蘭陵王　身世、命運竟是如此悲慘 | 新奇 | 三立新聞網  SETN.COM%0D%0Ahttps%3a%2f%2fwww.setn.com%2fNews.aspx%3fNewsID%3d699204
https://www.facebook.com/sharer/sharer.php?u=https://www.setn.com/e/News.aspx?NewsID=691225
https://www.setddg.com/PV200224004925465
https://www.setn.com/Klist.aspx?TagID=3794
http://line.naver.jp/R/msg/text/?影／笑翻！不速之客無預警來訪　二哈姊妹嚇到差點滑倒 | 寵物 | 三立新聞網  SETN.COM%0D%0Ahttps://www.setn.com/News.aspx?NewsID=724191
https://www.facebook.com/sharer/sharer.php?u=https://www.setn.com/e/News.aspx?NewsID=726208
https://www.setddg.com/PV200312005035190
https://www.setn.com/News.aspx?NewsID=660584
http://line.naver.jp/R/msg/text/?回不去？何妤玟認離婚後很輕鬆　喊話：會讓下一個更幸福 | 娛樂星聞 | 三立新聞網  SETN.COM%0D%0Ahttps://www.setn.com/e/News.aspx?NewsID=724678
https://www.facebook.com/101505626575597/photos/a.524734824252673/2285052484887556/?type=3
https://www.setddg.com/Cate00479?pagenumber=5
https://www.setn.com/News.aspx?NewsID=665421
http://line.naver.jp/R/msg/text/?茶香濃又有奶泡！全聯驚見「神級奶茶」　網狂讚：真的好喝 | 生活 | 三立新聞網  SETN.COM%0D%0Ahttps://www.setn.com/News.aspx?NewsID=726043
https://www.facebook.com/194703907220622/photos/a.694400153917659/2681261821898139/?type=3
https://www.setddg.com/PV190923003954894
https://www.setn.com/News.aspx?NewsID=680868
http://line.naver.jp/R/msg/text/?鋒面加冷氣團！今晚全台急凍　「6縣市」低溫探10度以下 | 生活 | 三立新聞網  SETN.COM%0D%0Ahttps://www.setn.com/News.aspx?NewsID=724012
https://www.facebook.com/sharer/sharer.php?u=https://www.setn.com/News.aspx?NewsID=726329
https://www.setddg.com/Cate00399
https://www.setn.com/News.aspx?NewsID=700188
http://line.naver.jp/R/msg/text/?《紐時》廣告大成功！世界看見台灣　阿滴發文首曝心聲… | 娛樂星聞 | 三立新聞網  SETN.COM%0D%0Ahttps%3a%2f%2fwww.setn.com%2fe%2fNews.aspx%3fNewsID%3d725966
https://www.facebook.com/sharer/sharer.php?u=https://www.setn.com/e/News.aspx?NewsID=718920
https://www.setddg.com/CATE01239
https://www.setn.com/News.aspx?NewsID=717692
http://line.naver.jp/R/msg/text/?下車買吃的！2友人趁機「玩摸摸」　他見行車紀錄器…崩潰 | 生活 | 三立新聞網  SETN.COM%0D%0Ahttps%3a%2f%2fwww.setn.com%2fNews.aspx%3fNewsID%3d726266
https://www.facebook.com/sharer/sharer.php?u=https://www.setn.com/News.aspx?NewsID=723679
https://www.setddg.com/PV190403002933276
https://www.setn.com/News.aspx?NewsID=723299
http://line.naver.jp/R/msg/text/?延後開學爽現在！11歲《俗女》小嘉玲吳以涵崩潰發言笑噴 | 女孩 | 三立新聞網  SETN.COM%0D%0Ahttps://www.setn.com/News.aspx?NewsID=684356
https://www.facebook.com/sharer/sharer.php?u=https://www.setn.com/News.aspx?NewsID=726025
https://www.setddg.com/PV191105004364253
https://www.setn.com/News.aspx?NewsID=723578&p=0
http://line.naver.jp/R/msg/text/?男性雜誌推「AV影城」！正版高清看到爽…千名女優任你挑 | 娛樂星聞 | 三立新聞網  SETN.COM%0D%0Ahttps://www.setn.com/e/News.aspx?NewsID=718187
https://www.facebook.com/sharer/sharer.php?u=https://www.setn.com/e/News.aspx?NewsID=724238
https://www.setddg.com/Cate00203
https://www.setn.com/News.aspx?NewsID=723904
http://line.naver.jp/R/msg/text/?悚！AV女優拍照秀身材　影迷竟留言：一小時後我就來找妳 | 新奇 | 三立新聞網  SETN.COM%0D%0Ahttps%3a%2f%2fwww.setn.com%2fNews.aspx%3fNewsID%3d697975
https://www.facebook.com/sharer/sharer.php?u=https://www.setn.com/News.aspx?NewsID=726278
https://www.setddg.com/Cate00024
https://www.setn.com/News.aspx?NewsID=724863
http://line.naver.jp/R/msg/text/?「哈根達斯」啥口味最經典？老饕激推這2款大讚：絕對必吃 | 生活 | 三立新聞網  SETN.COM%0D%0Ahttps://www.setn.com/News.aspx?NewsID=707918
https://www.facebook.com/sharer/sharer.php?u=https://www.setn.com/e/News.aspx?NewsID=726352
https://www.setddg.com/CATE00960
https://www.setn.com/Klist.aspx?TagID=11343
http://line.naver.jp/R/msg/text/?匡列百餘人！酒店女公關疫調最新　這身分還有4名檢疫中 | 生活 | 三立新聞網  SETN.COM%0D%0Ahttps%3a%2f%2fwww.setn.com%2fNews.aspx%3fNewsID%3d726174
https://www.facebook.com/193541957838217/photos/a.210485299477216/575055706353505/?type=3
https://www.setddg.com/Cate00419
https://www.setn.com/Klist.aspx?TagID=2646
http://line.naver.jp/R/msg/text/?事故7日後必備！台中市交通版口罩2.0　免出門就可申請 | 生活 | 三立新聞網  SETN.COM%0D%0Ahttps%3a%2f%2fwww.setn.com%2fNews.aspx%3fNewsID%3d725568
https://www.facebook.com/sharer/sharer.php?u=https://www.setn.com/News.aspx?NewsID=721212
https://www.setddg.com/Cate00467
https://www.setn.com/Klist.aspx?TagID=36359
http://line.naver.jp/R/msg/text/?台中鬼屋大樓變身艾美酒店　開幕遇疫情暫緩籌備員工資遣 | 生活 | 三立新聞網  SETN.COM%0D%0Ahttps%3a%2f%2fwww.setn.com%2fNews.aspx%3fNewsID%3d725606
https://www.facebook.com/setlingyu/videos/391886591453230/
https://www.setddg.com/PV181218001650823
https://www.setn.com/News.aspx?NewsID=225171
http://line.naver.jp/R/msg/text/?志村健裝葉克膜續命？73歲親哥哥回應了：我什麼都不能做 | 娛樂星聞 | 三立新聞網  SETN.COM%0D%0Ahttps://www.setn.com/e/News.aspx?NewsID=716212
https://www.facebook.com/sharer/sharer.php?u=https://www.setn.com/News.aspx?NewsID=704880
https://www.setddg.com/CATE01201
https://www.setn.com/News.aspx?NewsID=529688
http://line.naver.jp/R/msg/text/?日韓女神「周子瑜PK橋本環奈」　粉絲曝完勝關鍵：胖也美 | 娛樂星聞 | 三立新聞網  SETN.COM%0D%0Ahttps://www.setn.com/e/News.aspx?NewsID=726109
https://www.facebook.com/sharer/sharer.php?u=https://www.setn.com/e/News.aspx?NewsID=725488
https://www.setddg.com/Cate00062?pagenumber=2
https://www.setn.com/News.aspx?NewsID=599243
http://line.naver.jp/R/msg/text/?鄭．知道了／爆料是為鬥倒李佳芬？黃光芹曝：這人裡應外合 | 政治 | 三立新聞網  SETN.COM%0D%0Ahttps%3a%2f%2fwww.setn.com%2fNews.aspx%3fNewsID%3d550581
https://www.facebook.com/yhbocean/photos/a.731860610269319/2158770707578295/?type=3
https://www.setddg.com/Cate00318
https://www.setn.com/News.aspx?NewsID=709447&p=0
http://line.naver.jp/R/msg/text/?中國三大男高音之一莫華倫　確診武漢肺炎無症狀住院隔離 | 國際 | 三立新聞網  SETN.COM%0D%0Ahttps://www.setn.com/News.aspx?NewsID=725185
https://www.facebook.com/sharer/sharer.php?u=https://www.setn.com/News.aspx?NewsID=715068
https://www.setddg.com/PV200121004823406
https://www.setn.com/News.aspx?NewsID=724987
http://line.naver.jp/R/msg/text/?「台獨網軍抹黑譚德塞」劉樂妍餐敘郭冠英：討論怎統一台灣 | 娛樂星聞 | 三立新聞網  SETN.COM%0D%0Ahttps%3a%2f%2fwww.setn.com%2fe%2fNews.aspx%3fNewsID%3d726172
https://www.facebook.com/sharer/sharer.php?u=https://www.setn.com/News.aspx?NewsID=725342
https://www.setddg.com/producttag/5790/%E6%B0%B4%E6%B4%97
https://www.setn.com/News.aspx?NewsID=725171
http://line.naver.jp/R/msg/text/?影／周興哲驚爆與網紅地下情？　他甜喊「我是你的大興星」 | 娛樂星聞 | 三立新聞網  SETN.COM%0D%0Ahttps://www.setn.com/e/News.aspx?NewsID=716464
https://www.facebook.com/sharer/sharer.php?u=https://www.setn.com/News.aspx?NewsID=725774
https://www.setddg.com/PV190531003225964
https://www.setn.com/News.aspx?NewsID=725227
http://line.naver.jp/R/msg/text/?生3子毀顏值？46歲蔡少芬凍齡失效　素顏現「驚人老態」 | 娛樂星聞 | 三立新聞網  SETN.COM%0D%0Ahttps://www.setn.com/e/News.aspx?NewsID=696655
https://www.facebook.com/sharer/sharer.php?u=https://www.setn.com/News.aspx?NewsID=725772
https://www.setddg.com/PV191001003990640
https://www.setn.com/News.aspx?NewsID=725251
http://line.naver.jp/R/msg/text/?逾1億元打造「老人之家」落腳台北後花園新店山區 | 房產 | 三立新聞網  SETN.COM%0D%0Ahttps%3a%2f%2fwww.setn.com%2fNews.aspx%3fNewsID%3d725972
https://www.facebook.com/sharer/sharer.php?u=https://www.setddg.com/P0000100064099
https://www.setddg.com/PV200113004791408
https://www.setn.com/Klist.aspx?TagID=11013
http://line.naver.jp/R/msg/text/?明星棒球隊成員曝！近80人大家庭…納豆齊名張泰山當教練 | 娛樂星聞 | 三立新聞網  SETN.COM%0D%0Ahttps%3a%2f%2fwww.setn.com%2fe%2fNews.aspx%3fNewsID%3d681541
https://www.facebook.com/sharer/sharer.php?u=https://www.setn.com/e/News.aspx?NewsID=725051
https://www.setddg.com/PV200304004975621
https://www.setn.com/Klist.aspx?TagID=11794
http://line.naver.jp/R/msg/text/?歷年最冷清　新港奉天宮從簡媽祖聖誕停六佾獻壽 | 生活 | 三立新聞網  SETN.COM%0D%0Ahttps%3a%2f%2fwww.setn.com%2fNews.aspx%3fNewsID%3d726165
https://www.facebook.com/sharer/sharer.php?u=https://www.setn.com/News.aspx?NewsID=725064
https://www.setddg.com/CATE00920
https://www.setn.com/Klist.aspx?TagID=138396
http://line.naver.jp/R/msg/text/?三立準氣象／明氣溫回升飆至29度！「這天」又轉濕涼多雨 | 生活 | 三立新聞網  SETN.COM%0D%0Ahttps://www.setn.com/News.aspx?NewsID=726272
https://www.facebook.com/taiwanericcheng/videos/545006942571177/
https://www.setddg.com/PV191009004069966
https://www.setn.com/News.aspx?NewsID=673544
http://line.naver.jp/R/msg/text/?生3子毀顏值？46歲蔡少芬凍齡失效　素顏現「驚人老態」 | 娛樂星聞 | 三立新聞網  SETN.COM%0D%0Ahttps%3a%2f%2fwww.setn.com%2fe%2fNews.aspx%3fNewsID%3d696655
https://www.facebook.com/sharer/sharer.php?u=https://www.setn.com/e/News.aspx?NewsID=658917
https://www.setddg.com/PV200409005256840
https://www.setn.com/News.aspx?NewsID=684255
http://line.naver.jp/R/msg/text/?https://www.setddg.com/PV191226004731470
https://www.facebook.com/sharer/sharer.php?u=https://www.setn.com/News.aspx?NewsID=647922
https://www.setddg.com/CATE00610
https://www.setn.com/News.aspx?NewsID=697568
http://line.naver.jp/R/msg/text/?教學文／要如何用手機預購兒童口罩？先準備這四樣東西 | 健康 | 三立新聞網  SETN.COM%0D%0Ahttps://www.setn.com/News.aspx?NewsID=725527
https://www.facebook.com/sharer/sharer.php?u=https://www.setn.com/News.aspx?NewsID=724394
https://www.setddg.com/Cate00075
https://www.setn.com/News.aspx?NewsID=723502
http://line.naver.jp/R/msg/text/?水餃淋醬油被笑…他傻爆眼　老饕曝「正統吃法」：真的不加 | 生活 | 三立新聞網  SETN.COM%0D%0Ahttps%3a%2f%2fwww.setn.com%2fNews.aspx%3fNewsID%3d705749
https://www.facebook.com/sharer/sharer.php?u=https://www.setn.com/News.aspx?NewsID=725915
https://www.setddg.com/PV190403002930448
https://www.setn.com/News.aspx?NewsID=724830
http://line.naver.jp/R/msg/text/?危險！吸多恐笑不出來　氣球裡的「笑氣」具成癮性恐致死 | 生活 | 三立新聞網  SETN.COM%0D%0Ahttps%3a%2f%2fwww.setn.com%2fNews.aspx%3fNewsID%3d711879
https://www.facebook.com/sharer/sharer.php?u=https://www.setn.com/e/News.aspx?NewsID=723070
https://www.setddg.com/ProductBestSellers
https://www.setn.com/Klist.aspx?TagID=15127
http://line.naver.jp/R/msg/text/?又仁「全英文播報」神複製張雅琴　本尊下戰帖：來PK台語 | 娛樂星聞 | 三立新聞網  SETN.COM%0D%0Ahttps%3a%2f%2fwww.setn.com%2fe%2fNews.aspx%3fNewsID%3d725858
https://www.facebook.com/sharer/sharer.php?u=https://www.setn.com/News.aspx?NewsID=723372
https://www.setddg.com/PV190403002932041
https://www.setn.com/News.aspx?NewsID=126368
http://line.naver.jp/R/msg/text/?鄭問逝世3週年　千年一問紀錄片集資計畫啟動 | 生活 | 三立新聞網  SETN.COM%0D%0Ahttps://www.setn.com/News.aspx?NewsID=715199
https://www.facebook.com/sharer/sharer.php?u=https://www.setn.com/News.aspx?NewsID=724943
https://www.setddg.com/PV200120004820218
https://www.setn.com/News.aspx?NewsID=674463
http://line.naver.jp/R/msg/text/?https://www.setddg.com/P0000100064085
https://www.facebook.com/sharer/sharer.php?u=https://www.setn.com/News.aspx?NewsID=726237
https://www.setddg.com/CATE00682
https://www.setn.com/News.aspx?NewsID=694350
http://line.naver.jp/R/msg/text/?域動善用各媒體平台特性為PEACH JOHN提升轉換率 | 名家 | 三立新聞網  SETN.COM%0D%0Ahttps://www.setn.com/News.aspx?NewsID=719295
https://www.facebook.com/taiwanericcheng/videos/274086420126137/
https://www.setddg.com/PV190926003978649
https://www.setn.com/News.aspx?NewsID=713581
http://line.naver.jp/R/msg/text/?https://www.setddg.com/PV190117001861600
https://www.facebook.com/fuhousesetn/
https://www.setddg.com/PV191128004556381
https://www.setn.com/News.aspx?NewsID=719409
http://line.naver.jp/R/msg/text/?https://www.setddg.com/PV200331005183990
https://www.facebook.com/sharer/sharer.php?u=https://www.setn.com/News.aspx?NewsID=726066
https://www.setddg.com/Cate00216
https://www.setn.com/News.aspx?NewsID=723169
http://line.naver.jp/R/msg/text/?人倫悲歌！護理師下海賣淫…「三階段」滿足變態富商要求 | 電影 | 三立新聞網  SETN.COM%0D%0Ahttps%3a%2f%2fwww.setn.com%2fNews.aspx%3fNewsID%3d724218
https://www.facebook.com/taiwanericcheng/videos/619659551862878/
https://www.setddg.com/Cate00438
https://www.setn.com/News.aspx?NewsID=723471
http://line.naver.jp/R/msg/text/?李明依爆罹甲狀腺癌　穿刺發現「竟是惡性瘤」急住榮總開刀 | 娛樂星聞 | 三立新聞網  SETN.COM%0D%0Ahttps%3a%2f%2fwww.setn.com%2fe%2fNews.aspx%3fNewsID%3d722426
https://www.facebook.com/taiwanericcheng/videos/2278680728866312/
https://www.setddg.com/PV190403002928465
https://www.setn.com/Klist.aspx?TagID=19462
http://line.naver.jp/R/msg/text/?逾1億元打造「老人之家」落腳台北後花園新店山區 | 房產 | 三立新聞網  SETN.COM%0D%0Ahttps://www.setn.com/News.aspx?NewsID=725972
https://www.facebook.com/sharer/sharer.php?u=https://www.setn.com/e/News.aspx?NewsID=699793
https://www.setddg.com/PV191025004259679
https://www.setn.com/News.aspx?NewsID=621683
http://line.naver.jp/R/msg/text/?「體育可改變世界」為台灣防疫加油　開賽引言全文惹哭球迷 | 運動 | 三立新聞網  SETN.COM%0D%0Ahttps://www.setn.com/News.aspx?NewsID=724635
https://www.facebook.com/sharer/sharer.php?u=https://www.setn.com/e/News.aspx?NewsID=724623
https://www.setddg.com/PV200328005168350
https://www.setn.com/News.aspx?NewsID=676811
http://line.naver.jp/R/msg/text/?挽不回8年婚！何妤玟卸妻子身份　今下午露面親揭離婚內幕 | 娛樂星聞 | 三立新聞網  SETN.COM%0D%0Ahttps%3a%2f%2fwww.setn.com%2fe%2fNews.aspx%3fNewsID%3d725167
https://www.facebook.com/wangchiyu/photos/a.776544399076517/2470357606361846/?type=3
https://www.setddg.com/CATE01294
https://www.setn.com/News.aspx?NewsID=690820
http://line.naver.jp/R/msg/text/?日版張鈞甯！女主播一脫爆紅　自曝愛全裸在家「洗碗晾衣」 | 娛樂星聞 | 三立新聞網  SETN.COM%0D%0Ahttps://www.setn.com/e/News.aspx?NewsID=713548
https://www.facebook.com/sharer/sharer.php?u=https://www.setn.com/News.aspx?NewsID=718425
https://www.setddg.com/P0000100066233
https://www.setn.com/News.aspx?NewsID=714231
http://line.naver.jp/R/msg/text/?https://www.setddg.com/PV181108001250024
https://www.facebook.com/setlingyu/videos/721890844922431/
https://www.setddg.com/PV191209004614548
https://www.setn.com/Klist.aspx?TagID=23657
http://line.naver.jp/R/msg/text/?人妻廚房切肉「看見台灣」　網研究肥油分布：台中、高雄？ | 生活 | 三立新聞網  SETN.COM%0D%0Ahttps%3a%2f%2fwww.setn.com%2fNews.aspx%3fNewsID%3d726340
https://www.facebook.com/273340963335122/videos/710654659337966/
https://www.setddg.com/CATE00935
https://www.setn.com/News.aspx?NewsID=696302
http://line.naver.jp/R/msg/text/?慘！剛遇東出昌大偷吃準備離婚…渡邊杏再遭生母求償12億 | 娛樂星聞 | 三立新聞網  SETN.COM%0D%0Ahttps://www.setn.com/e/News.aspx?NewsID=722406
https://www.facebook.com/sharer/sharer.php?u=https://www.setddg.com/PM200323005133840
https://www.setddg.com/CATE01254
https://www.setn.com/News.aspx?NewsID=704932
http://line.naver.jp/R/msg/text/?他挑小型投注站買彩券比個1　獨得大樂透頭獎 | 財經 | 三立新聞網  SETN.COM%0D%0Ahttps%3a%2f%2fwww.setn.com%2fNews.aspx%3fNewsID%3d618658
https://www.facebook.com/sharer/sharer.php?u=https://www.setn.com/News.aspx?NewsID=715274
https://www.setddg.com/Cate00500
https://www.setn.com/News.aspx?NewsID=719663
http://line.naver.jp/R/msg/text/?圖輯／隊長巫苡萱領軍　8位樂天女孩桃猿主場首秀 | 運動 | 三立新聞網  SETN.COM%0D%0Ahttps://www.setn.com/News.aspx?NewsID=726302
https://www.facebook.com/setlingyu/photos/a.237894729702840/1312498678909101/?type=3
https://www.setddg.com/PV190723003483758
https://www.setn.com/News.aspx?NewsID=720327
http://line.naver.jp/R/msg/text/?影／免整形！他花兩年時間五官變立體　只因改掉壞習慣 | 生活 | 三立新聞網  SETN.COM%0D%0Ahttps://www.setn.com/News.aspx?NewsID=723961
https://www.facebook.com/sharer/sharer.php?u=https://www.setn.com/News.aspx?NewsID=698775
https://www.setddg.com/CATE01044
https://www.setn.com/News.aspx?NewsID=722610
http://line.naver.jp/R/msg/text/?被罷免逼急？韓國瑜再PO影片開嗆：台灣未來走向一黨獨裁 | 政治 | 三立新聞網  SETN.COM%0D%0Ahttps%3a%2f%2fwww.setn.com%2fNews.aspx%3fNewsID%3d725908
https://www.facebook.com/sharer/sharer.php?u=https://www.setn.com/News.aspx?NewsID=688379
https://www.setddg.com/CATE01297
https://www.setn.com/News.aspx?NewsID=723849&p=0
http://line.naver.jp/R/msg/text/?出人頭地第一招　六個妙方讓老闆知道有你這號人物 | 名家 | 三立新聞網  SETN.COM%0D%0Ahttps%3a%2f%2fwww.setn.com%2fNews.aspx%3fNewsID%3d725834
https://www.facebook.com/taiwanericcheng/videos/332560034338765/
https://www.setddg.com/P0000100054003
https://www.setn.com/Klist.aspx?TagID=319289
http://line.naver.jp/R/msg/text/?書摘 ／想見你高中恐熄燈 書包小說寫真書熱賣藏愛 | 娛樂星聞 | 三立新聞網  SETN.COM%0D%0Ahttps%3a%2f%2fwww.setn.com%2fe%2fNews.aspx%3fNewsID%3d726257
https://www.facebook.com/sharer/sharer.php?u=https://www.setddg.com/PM191121004493095
https://www.setddg.com/CATE00619
https://www.setn.com/Klist.aspx?TagID=46859
http://line.naver.jp/R/msg/text/?他從海外偷回一根藤　竟救活了千萬中國人　人口突破了3億 | 國際 | 三立新聞網  SETN.COM%0D%0Ahttps%3a%2f%2fwww.setn.com%2fNews.aspx%3fNewsID%3d690294
https://www.facebook.com/sharer/sharer.php?u=https://www.setddg.com/PV200401005191632
https://www.setddg.com/CATE01348
https://www.setn.com/Klist.aspx?TagID=8478
http://line.naver.jp/R/msg/text/?早餐營養對了，上班表現就對了！這樣搭菜單整天精神飽滿 | 女孩 | 三立新聞網  SETN.COM%0D%0Ahttps://www.setn.com/News.aspx?NewsID=725569
https://www.facebook.com/twtherapydog/videos/380370249204093/
https://www.setddg.com/Cate00002
https://www.setn.com/News.aspx?NewsID=125067
http://line.naver.jp/R/msg/text/?長輩不喜歡女友　媽寶男竟「鬼附身5分鐘」提分手 | 生活 | 三立新聞網  SETN.COM%0D%0Ahttps://www.setn.com/News.aspx?NewsID=725058
https://www.facebook.com/sharer/sharer.php?u=https://www.setn.com/e/News.aspx?NewsID=724938
https://www.setddg.com/Cate00474
https://www.setn.com/News.aspx?NewsID=624023
http://line.naver.jp/R/msg/text/?養兒難防老　專家建議退休三寶：年金、社會參與、老人保險 | 生活 | 三立新聞網  SETN.COM%0D%0Ahttps%3a%2f%2fwww.setn.com%2fNews.aspx%3fNewsID%3d538100
https://www.facebook.com/sharer/sharer.php?u=https://www.setn.com/News.aspx?NewsID=618658
https://www.setddg.com/PV190725003525072
https://www.setn.com/News.aspx?NewsID=679402
http://line.naver.jp/R/msg/text/?何晶「呃」爆兩國舌戰！留言狂洗仇台論…他看傻　網曝原因 | 生活 | 三立新聞網  SETN.COM%0D%0Ahttps://www.setn.com/News.aspx?NewsID=726270
https://www.facebook.com/sharer/sharer.php?u=https://www.setn.com/News.aspx?NewsID=725756
https://www.setddg.com/PV200331005178274
https://www.setn.com/News.aspx?NewsID=717883
http://line.naver.jp/R/msg/text/?驚悚瞬間！公車駕駛瞎扯鬼遮眼輾女騎士　監視器畫面曝真相 | 社會 | 三立新聞網  SETN.COM%0D%0Ahttps%3a%2f%2fwww.setn.com%2fNews.aspx%3fNewsID%3d724434
https://www.facebook.com/sharer/sharer.php?u=https://www.setn.com/e/News.aspx?NewsID=712544
https://www.setddg.com/PM190823003697591
https://www.setn.com/News.aspx?NewsID=719867
http://line.naver.jp/R/msg/text/?揭密！蔡宜芳遭爆偕張益贍滑摩鐵…下一步竟打算做「這事」 | 政治 | 三立新聞網  SETN.COM%0D%0Ahttps://www.setn.com/News.aspx?NewsID=707998
https://www.facebook.com/sharer/sharer.php?u=https://www.setn.com/News.aspx?NewsID=721400
https://www.setddg.com/PV190411002976273
https://www.setn.com/News.aspx?NewsID=720590
http://line.naver.jp/R/msg/text/?妻被爆女女戀離婚！董至成不忍噴淚了　呂文婉曬照給忠告 | 娛樂星聞 | 三立新聞網  SETN.COM%0D%0Ahttps%3a%2f%2fwww.setn.com%2fe%2fNews.aspx%3fNewsID%3d700977
https://www.facebook.com/sharer/sharer.php?u=https://www.setn.com/e/News.aspx?NewsID=719374
https://www.setddg.com/PV190725003518984
https://www.setn.com/News.aspx?NewsID=723262
http://line.naver.jp/R/msg/text/?日韓女神「周子瑜PK橋本環奈」　粉絲曝完勝關鍵：胖也美 | 娛樂星聞 | 三立新聞網  SETN.COM%0D%0Ahttps%3a%2f%2fwww.setn.com%2fe%2fNews.aspx%3fNewsID%3d726109
https://www.facebook.com/sharer/sharer.php?u=https://www.setn.com/News.aspx?NewsID=716934
https://www.setddg.com/CATE00755
https://www.setn.com/News.aspx?NewsID=723455
http://line.naver.jp/R/msg/text/?驚爆與正妹歌手分手　謝震廷心寒：妳真的變了、再見 | 娛樂星聞 | 三立新聞網  SETN.COM%0D%0Ahttps%3a%2f%2fwww.setn.com%2fe%2fNews.aspx%3fNewsID%3d719064
https://www.facebook.com/sharer/sharer.php?u=https://www.setddg.com/PV181108001250024
https://www.setddg.com/CATE00913
https://www.setn.com/Klist.aspx?TagID=34130
http://line.naver.jp/R/msg/text/?醫學生闖前女友家偷「貓兒子」…竟撞見她姊姊　下場GG了 | 社會 | 三立新聞網  SETN.COM%0D%0Ahttps%3a%2f%2fwww.setn.com%2fNews.aspx%3fNewsID%3d682816
https://www.facebook.com/sharer/sharer.php?u=https://www.setn.com/e/News.aspx?NewsID=723176
https://www.setddg.com/Cate00447
https://www.setn.com/Klist.aspx?TagID=76979
http://line.naver.jp/R/msg/text/?開發金「4大女將」上位！大股東辜仲瑩將霸氣回鍋？ | 財經 | 三立新聞網  SETN.COM%0D%0Ahttps://www.setn.com/News.aspx?NewsID=725736
https://www.facebook.com/TerryGou1018/videos/342651439732593/
https://www.setddg.com/PV200225004934543
https://www.setn.com/News.aspx?NewsID=708066
http://line.naver.jp/R/msg/text/?100元夠買3人早餐嗎？內行人曝「點餐撇步」：吃超飽 | 生活 | 三立新聞網  SETN.COM%0D%0Ahttps%3a%2f%2fwww.setn.com%2fNews.aspx%3fNewsID%3d725667
https://www.facebook.com/sharer/sharer.php?u=https://www.setn.com/e/News.aspx?NewsID=719358
https://www.setddg.com/CATE00775
https://www.setn.com/News.aspx?NewsID=718294
http://line.naver.jp/R/msg/text/?去泌尿科就診！醫：伸出來消毒　男竟「拉長GG」下秒尷尬 | 生活 | 三立新聞網  SETN.COM%0D%0Ahttps://www.setn.com/News.aspx?NewsID=725641
https://www.facebook.com/sharer/sharer.php?u=https://www.setn.com/News.aspx?NewsID=725978
https://www.setddg.com/PM200220004916547
https://www.setn.com/News.aspx?NewsID=722415
http://line.naver.jp/R/msg/text/?首位諾貝爾女性得主！丈夫意外身亡…她淪小三遭罵「蕩婦」 | 電影 | 三立新聞網  SETN.COM%0D%0Ahttps%3a%2f%2fwww.setn.com%2fNews.aspx%3fNewsID%3d722925
https://www.facebook.com/sharer/sharer.php?u=https://www.setn.com/e/News.aspx?NewsID=724656
https://www.setddg.com/PV190725003521445
https://www.setn.com/News.aspx?NewsID=725423&p=0
http://line.naver.jp/R/msg/text/?珊瑚公主號確診者罰錢？陳時中：這不是處罰　是應收費用 | 生活 | 三立新聞網  SETN.COM%0D%0Ahttps%3a%2f%2fwww.setn.com%2fNews.aspx%3fNewsID%3d726060
https://www.facebook.com/sharer/sharer.php?u=https://www.setn.com/e/News.aspx?NewsID=696204
https://www.setddg.com/PV200220004917307
https://www.setn.com/Klist.aspx?TagID=15913
http://line.naver.jp/R/msg/text/?羅志祥「鴛鴦戲水」地點曝光！宜蘭絕美民宿360度景觀房 | 女孩 | 三立新聞網  SETN.COM%0D%0Ahttps%3a%2f%2fwww.setn.com%2fNews.aspx%3fNewsID%3d721795
https://www.facebook.com/sharer/sharer.php?u=https://www.setn.com/e/News.aspx?NewsID=721869
https://www.setddg.com/PV200326005150444
https://www.setn.com/Klist.aspx?TagID=18590
http://line.naver.jp/R/msg/text/?萬華隨機殺人！運將遭房仲路邊狂捅18刀、左手腕慘被刺穿 | 社會 | 三立新聞網  SETN.COM%0D%0Ahttps://www.setn.com/News.aspx?NewsID=725073
https://www.facebook.com/sharer/sharer.php?u=https://www.setn.com/News.aspx?NewsID=725067
https://www.setddg.com/CATE00687
https://www.setn.com/Klist.aspx?TagID=382321
http://line.naver.jp/R/msg/text/?迪麗熱巴又老又黑？《枕上書》挨批沒演技…仙氣被楊冪輾壓 | 娛樂星聞 | 三立新聞網  SETN.COM%0D%0Ahttps%3a%2f%2fwww.setn.com%2fe%2fNews.aspx%3fNewsID%3d684561
https://www.facebook.com/sharer/sharer.php?u=https://www.setn.com/e/News.aspx?NewsID=700977
https://www.setddg.com/PV190403002933312
https://www.setn.com/Klist.aspx?TagID=384172
http://line.naver.jp/R/msg/text/?失戀出遊大撞鬼？《見鬼的戀愛季節》展開驚悚爆笑之旅 | 名家 | 三立新聞網  SETN.COM%0D%0Ahttps://www.setn.com/News.aspx?NewsID=725119
https://www.facebook.com/sharer/sharer.php?u=https://www.setn.com/e/News.aspx?NewsID=725428
https://www.setddg.com/PV200116004800755
https://www.setn.com/News.aspx?NewsID=646500
http://line.naver.jp/R/msg/text/?稀有萌貓愛吃毒蛇！捕獵畫面曝光　牠「皮被扯開」超驚悚 | 生活 | 三立新聞網  SETN.COM%0D%0Ahttps://www.setn.com/News.aspx?NewsID=719448
https://www.facebook.com/taiwanericcheng/videos/196914704540755/
https://www.setddg.com/PV200326005155013
https://www.setn.com/News.aspx?NewsID=659048
http://line.naver.jp/R/msg/text/?三發集團家庭宮鬥！老董身價破百億　自曝「有家歸不得」 | 社會 | 三立新聞網  SETN.COM%0D%0Ahttps://www.setn.com/News.aspx?NewsID=688420
https://www.facebook.com/sharer/sharer.php?u=https://www.setn.com/News.aspx?NewsID=726060
https://www.setddg.com/producttag/6364/%E5%85%8B%E5%8F%AE%E5%85%8B%E8%A0%93
https://www.setn.com/News.aspx?NewsID=689870
http://line.naver.jp/R/msg/text/?仙女營養師曝「瘦身3秘訣」！大吃前「必做這事」超有效 | 娛樂星聞 | 三立新聞網  SETN.COM%0D%0Ahttps%3a%2f%2fwww.setn.com%2fe%2fNews.aspx%3fNewsID%3d691225
https://www.facebook.com/sharer/sharer.php?u=https://www.setn.com/News.aspx?NewsID=723048
https://www.setddg.com/CATE00799
https://www.setn.com/News.aspx?NewsID=701449
http://line.naver.jp/R/msg/text/?集資登紐約時報…文案內容二選一全文曝光！你會選哪一個？ | 國際 | 三立新聞網  SETN.COM%0D%0Ahttps://www.setn.com/News.aspx?NewsID=724213
https://www.facebook.com/sharer/sharer.php?u=https://www.setn.com/News.aspx?NewsID=725180
https://www.setddg.com/Cate00477
https://www.setn.com/News.aspx?NewsID=706324
http://line.naver.jp/R/msg/text/?奴才被掉包成韋禮安渾不知　貓咪跟陌生人傻玩超過10分鐘 | 寵物 | 三立新聞網  SETN.COM%0D%0Ahttps://www.setn.com/News.aspx?NewsID=724341
https://www.facebook.com/sharer/sharer.php?u=https://www.setn.com/e/News.aspx?NewsID=725089
https://www.setddg.com/Cate00010
https://www.setn.com/News.aspx?NewsID=713360
http://line.naver.jp/R/msg/text/?王景玉殺童逃死　網酸：不意外！劉北元都當司法委員了… | 社會 | 三立新聞網  SETN.COM%0D%0Ahttps%3a%2f%2fwww.setn.com%2fNews.aspx%3fNewsID%3d726217
https://www.facebook.com/DefendTaiwansDemocracy/
https://www.setddg.com/PV200316005063490
https://www.setn.com/Klist.aspx?PageGroupID=6&ProjectID=6953&PageType=0
http://line.naver.jp/R/msg/text/?「鬼壓床」透露健康訊息？重症科醫師曝：2種人最常發生 | 健康 | 三立新聞網  SETN.COM%0D%0Ahttps%3a%2f%2fwww.setn.com%2fNews.aspx%3fNewsID%3d723332
https://www.facebook.com/sharer/sharer.php?u=https://www.setn.com/News.aspx?NewsID=725358
https://www.setddg.com/CATE00528
https://www.setn.com/Klist.aspx?TagID=190705
http://line.naver.jp/R/msg/text/?開大絕吸客　高雄英迪格酒店推「買一晚送一晚」 | 生活 | 三立新聞網  SETN.COM%0D%0Ahttps://www.setn.com/News.aspx?NewsID=723152
https://www.facebook.com/sharer/sharer.php?u=https://www.setn.com/News.aspx?NewsID=725732
https://www.setddg.com/CATE00690
https://www.setn.com/Klist.aspx?TagID=365533
http://line.naver.jp/R/msg/text/?https://www.setddg.com/PV190401002902825
https://www.facebook.com/sharer/sharer.php?u=https://www.setn.com/e/News.aspx?NewsID=720903
https://www.setddg.com/Cate00144
https://www.setn.com/Klist.aspx?TagID=5617
http://line.naver.jp/R/msg/text/?他換燈泡「一天賺超過60萬元」　工作地點超驚人 | 國際 | 三立新聞網  SETN.COM%0D%0Ahttps://www.setn.com/News.aspx?NewsID=725656
https://www.facebook.com/sharer/sharer.php?u=https://www.setn.com/News.aspx?NewsID=721531
https://www.setddg.com/P0000100054004
https://www.setn.com/Klist.aspx?TagID=9659
http://line.naver.jp/R/msg/text/?小燈泡兇手逃死「結果不符期待」　王婉諭：遺憾 | 政治 | 三立新聞網  SETN.COM%0D%0Ahttps%3a%2f%2fwww.setn.com%2fNews.aspx%3fNewsID%3d726088
https://www.facebook.com/setlingyu/videos/359166864793443/
https://www.setddg.com/CATE00825
https://www.setn.com/News.aspx?NewsID=722852
http://line.naver.jp/R/msg/text/?買到「漏水屋」找嘸人賠？　專家指「關鍵一秒」避免賠大錢 | 財經 | 三立新聞網  SETN.COM%0D%0Ahttps%3a%2f%2fwww.setn.com%2fNews.aspx%3fNewsID%3d724907
https://www.facebook.com/sharer/sharer.php?u=https://www.setn.com/e/News.aspx?NewsID=715593
https://www.setddg.com/CATE00951
https://www.setn.com/News.aspx?NewsID=725727
http://line.naver.jp/R/msg/text/?二大一廣場／道德魔人口嫌體正直…特種行業怎生存？ | 名家 | 三立新聞網  SETN.COM%0D%0Ahttps%3a%2f%2fwww.setn.com%2fNews.aspx%3fNewsID%3d725396
https://www.facebook.com/sharer/sharer.php?u=https://www.setn.com/News.aspx?NewsID=725531
https://www.setddg.com/Cate00179
https://www.setn.com/Klist.aspx?TagID=141181
http://line.naver.jp/R/msg/text/?31歲生日當天喪父！太妍4天後發聲　「真摯告別」逼哭網 | 娛樂星聞 | 三立新聞網  SETN.COM%0D%0Ahttps%3a%2f%2fwww.setn.com%2fe%2fNews.aspx%3fNewsID%3d706928
https://www.facebook.com/sharer/sharer.php?u=https://www.setn.com/e/News.aspx?NewsID=674771
https://www.setddg.com/PV190223002080966
https://www.setn.com/Klist.aspx?TagID=37720
http://line.naver.jp/R/msg/text/?精神鑑定大逆轉！殺牙醫嫌父終願和解　牙醫遺孀卻怒了 | 社會 | 三立新聞網  SETN.COM%0D%0Ahttps%3a%2f%2fwww.setn.com%2fNews.aspx%3fNewsID%3d725599
https://www.facebook.com/101505626575597/photos/a.524734824252673/2181144658611673/?type=3
https://www.setddg.com/Cate00173
https://www.setn.com/News.aspx?NewsID=636902
http://line.naver.jp/R/msg/text/?不滿政府篩檢過少　無業男假傳：寶瓶星1700人只量體溫 | 社會 | 三立新聞網  SETN.COM%0D%0Ahttps://www.setn.com/News.aspx?NewsID=697089
https://www.facebook.com/sharer/sharer.php?u=https://www.setn.com/News.aspx?NewsID=724314
https://www.setddg.com/PV200203004841681
https://www.setn.com/News.aspx?NewsID=687498
http://line.naver.jp/R/msg/text/?野生KT搭高鐵遭直擊！坐「車廂地板」掀議：怕吵到人 | 娛樂星聞 | 三立新聞網  SETN.COM%0D%0Ahttps://www.setn.com/e/News.aspx?NewsID=725455
https://www.facebook.com/sharer/sharer.php?u=https://www.setn.com/e/News.aspx?NewsID=694708
https://www.setddg.com/Cate00067
https://www.setn.com/News.aspx?NewsID=697898&p=0
http://line.naver.jp/R/msg/text/?Baby根本沒婚變！黃曉明無意間一句話…讓酸民立刻閉嘴 | 娛樂星聞 | 三立新聞網  SETN.COM%0D%0Ahttps://www.setn.com/e/News.aspx?NewsID=720042
https://www.facebook.com/sharer/sharer.php?u=https://www.setn.com/e/News.aspx?NewsID=724884
https://www.setddg.com/PV200323005134161
https://www.setn.com/News.aspx?NewsID=703816
http://line.naver.jp/R/msg/text/?動保處教民眾挑選寵物撇步　犬貓買賣避爭議 | 生活 | 三立新聞網  SETN.COM%0D%0Ahttps%3a%2f%2fwww.setn.com%2fNews.aspx%3fNewsID%3d725036
https://www.facebook.com/sharer/sharer.php?u=https://www.setn.com/e/News.aspx?NewsID=725006
https://www.setddg.com/PM181031001208741
https://www.setn.com/News.aspx?NewsID=717600
http://line.naver.jp/R/msg/text/?無預警斷8年婚　何妤玟曝恢單心聲：接受不能改變的事實 | 娛樂星聞 | 三立新聞網  SETN.COM%0D%0Ahttps%3a%2f%2fwww.setn.com%2fe%2fNews.aspx%3fNewsID%3d725089
https://www.facebook.com/sharer/sharer.php?u=https://www.setn.com/News.aspx?NewsID=717757
https://www.setddg.com/CATE00878
https://www.setn.com/News.aspx?NewsID=724743
http://line.naver.jp/R/msg/text/?https://www.setddg.com/PV200326005156276
https://www.facebook.com/sharer/sharer.php?u=https://www.setn.com/e/News.aspx?NewsID=725014
https://www.setddg.com/CATE01184
https://www.setn.com/News.aspx?NewsID=725984&p=0
http://line.naver.jp/R/msg/text/?按摩50分鐘收1千　她提供「加價購」…多花500老闆慘 | 社會 | 三立新聞網  SETN.COM%0D%0Ahttps://www.setn.com/News.aspx?NewsID=712438
https://www.facebook.com/garageplay.tw/
https://www.setddg.com/Cate00210
https://www.setn.com/Klist.aspx?PageGroupID=4&ProjectID=4970&PageType=0
