https://www.hawdiinewchef.com.tw/recipe_list.html?type=7
https://sports.ettoday.net/news/1692485
https://events.ettoday.net/activity/dalemon_Shitpost/article/24965/last
https://hhh.com.tw/column-post.php?id=2111
https://movies.yahoo.com.tw/movietime_result.html/id=10595?guccounter=1
https://msg.ettoday.net/msg_liveshow.php?redir=https%3A%2F%2Fboba.ettoday.net%2Fcategory%2F229%2F204239%3Ffrom%3Dvodframe_star&vid=204239
https://goo.gl/3S03OY
http://www.taiwanfuneral.com/Detail.php?LevelNo=2216
https://www.hpa.gov.tw/Home/Index.aspx
http://covid.jeremylinfoundation.org/?utm_referrer=https://t.co/8uMjXXBYeE?amp=1
https://taiwan.sharelife.tw/
https://y00.tw/
https://line.me/R/ti/p/%40yoi6531w
https://damon624.pixnet.net/blog
https://www.settour.com.tw/act/gfg/hk_disneyland/
http://www.etipets.com/index.phtml?from=ettoday404
http://service.weibo.com/share/share.php?appkey=1263254066&title=即日起入站要戴口罩！「全台最美多良車站」跟上防疫　部落禁進入&url=https://discovery.ettoday.net/news/1692200&pic=https://cdn2.ettoday.net/images/4460/d4460479.jpg&searchPic=false&style=simple
https://reurl.cc/Na7Noe
https://www.vghtpe.gov.tw/News!one.action?nid=4796
https://medium.com/eoiss/8a415629afef
https://www.instagram.com/p/B-7AknlJaPx/?utm_source=ig_embed&amp;utm_campaign=loading
https://www.cosmopolitan.com/tw/love/sex/g30957710/8-sex-movies-on-netflix/?utm_source=partner&amp;utm_medium=referral&amp;utm_campaign=ettoday
https://www.youtube.com/watch?v=8N5G4pE329o
http://line.naver.jp/R/msg/text/?暗戀了好久%0D%0Ahttps://events.ettoday.net/activity/dalemon_inlove/article/26734
http://www.sk858.com.tw
https://www.businesstoday.com.tw/article/category/80392/post/202004070012
https://www.ctbcfoundation.org
https://youtu.be/Mj-NSGa_JT8
http://bit.ly/33zsQx4
https://disp.cc/b/163-cg9O
https://t.me/ettodayboba
https://zh.wikipedia.org/wiki/想見你_(電視劇)
https://page.line.me/tln7832e
https://www.vogue.com.tw/beauty/article/%E7%94%9F%E9%85%AE%E6%B8%9B%E9%86%A3%E9%A3%B2%E9%A3%9F-%E7%B6%A0%E6%8B%BF%E9%90%B5?utm_source=ettoday.net&amp;utm_medium=referral&amp;utm_campaign=3rd
https://www.marieclaire.com.tw/entertainment/tvshow/48804
https://onlinelibrary.wiley.com/doi/10.1111/ina.12475
https://twitter.com/JosephHDempsey/status/1249122763228557313?ref_src=twsrc%5Etfw
http://chart.apis.google.com/chart?cht=qr&choe=UTF-8&chs=300x300&chl=https://www.ettoday.net/news/20191111/1576961.htm
https://www.stockmuseum.com.tw
https://www.cw.com.tw/article/article.action?template=transformers&amp;id=5099794
https://www.mohw.gov.tw/cp-3208-21279-1.html
https://pinterest.com/pin/create/button/?url=//star.ettoday.net/news/1691309&media=https://cdn2.ettoday.net/images/4815/d4815986.jpg&description=南韓女團KARA於2016年隨著成員接續離開公司後，團體處於暫停活動的階段。其中，成員韓昇延朝戲劇圈發展，她接續簽給J,Wide-Company、Inyeon娛樂等公司，14日再度傳出新動態，正式與YG旗下演員公司YGX簽約，李洙赫、朱宇宰等人成為同門。
https://t.co/frj7O8JJhT
https://shopping.ettoday.net/pages/資生堂百優精純乳霜
https://www.ttvc.com.tw/%E5%90%83%E8%94%AC%E6%9E%9C%E6%9C%80%E6%80%95%E8%BE%B2%E8%97%A5%E6%AE%98%E7%95%99-%E9%80%995%E7%A8%AE%E6%B8%85%E6%B4%97%E6%96%B9%E5%BC%8F%E5%8F%AA%E6%9C%83%E6%84%88%E6%B4%97%E6%84%88%E6%AF%92-a-3029.html
http://www.emic.com.tw/www/index.php?action=adv&id=209
https://helloyishi.com.tw/healthy-living/sexual-health/outdoor-sex-3-safety-tips/
https://smarturl.it/ettoday-104
https://www.mirrormedia.mg/story/20200413inv007/index.html?utm_source=feed_related&amp;utm_medium=ettoday
http://i.children.org.tw/
https://www.zec99.com/blogs/love/2020022
http://feeds.feedburner.com/ettoday/lemon/collection2
https://ppt.cc/fl3ONx
http://s.weibo.com/weibo/ETTODAY
https://www.facebook.com/sharer/sharer.php?u=https%3A%2F%2Fwww.ettoday.net%2Fdalemon%2Fpost%2F46212&amp;src=sdkpreparse
https://cp2.tdcc.com.tw/
https://www.ptt.cc/bbs/Gossiping/M.1577730263.A.177.html
https://www.ettoday.net/news/20180811/1233031.htm
https://boba.ettoday.net/sub_category/274/564/138167
https://events.ettoday.net/activity/dalemon_Star/article/24440
https://hhh.com.tw/column-post.php?id=1835
https://msg.ettoday.net/msg_liveshow.php?redir=https%3A%2F%2Fboba.ettoday.net%2Fvideo%2F1%2F284%2F148871%09%3Ffrom%3Dvodframe_etnews&vid=148871
https://goo.gl/QQo7gL
https://taiwan.sharelife.tw/article_aid-8377.html
https://y00.tw/hsinchu-sausage/?fbclid=IwAR1SBGRxPThSsKbcjwOOsppw_U_lCgRhhF_IhOdqE9vjLUe-svuZSh37x6I
https://line.me/R/ti/p/%40kgy3765i
https://damon624.pixnet.net/blog/post/38277727?fbclid=IwAR1GvnSI20zhUkEOnL-MvuOK6RNX82E88CCL-FIlpIY7mNHwvRIz6haic8k
https://www.settour.com.tw/
https://www.instagram.com/p/B9SMmyVKuid/?utm_source=ig_embed&amp;utm_campaign=loading
https://www.cosmopolitan.com/tw/love/sex/g31219717/10-sex-tips-for-couples/?utm_source=partner&amp;utm_medium=referral&amp;utm_campaign=ettoday
http://www.youtube.com/user/annyhsieh
http://line.naver.jp/R/msg/text/?【絲路美饌】用一口美食說著文化%0D%0Ahttps://events.ettoday.net/activity/dalemon_Yummy/article/25949
http://www.ctbcfoundation.org
https://youtu.be/mBRO1jxAhy8
http://bit.ly/2TsG5Nh
https://zh.wikipedia.org/wiki/%E6%88%B4%E8%B3%87%E7%A9%8E
https://www.vogue.com.tw/?utm_source=ettoday.net&amp;utm_medium=referral&amp;utm_campaign=3rd
https://www.marieclaire.com.tw/entertainment/tvshow/47890
https://twitter.com/JYPETWICE/status/1249671965347966979?ref_src=twsrc%5Etfw
http://chart.apis.google.com/chart?cht=qr&choe=UTF-8&chs=300x300&chl=https://www.ettoday.net/news/20200329/1679045.htm
https://pinterest.com/pin/create/button/?url=//star.ettoday.net/news/1690277&media=https://cdn2.ettoday.net/images/4813/d4813262.jpg&description=《Kingdom》？這個名字對你而言會否覺得陌生？沒錯，因為寫下《李屍朝鮮》的金銀姬作家本身命名此劇為《Kingdom》，而《李屍朝鮮》則是原先台灣及香港版Netflix上用的譯名。不過此劇由第3季起，將不會再用《李》這個譯名了，因為韓國人指責這譯名侮辱了他們的民族歷史。
https://t.co/Y4mkVcq6vG
https://shopping.ettoday.net/products/shiseido%C2%A0%E8%B3%87%E7%94%9F%E5%A0%82-%E7%99%BE%E5%84%AA%E7%B2%BE%E7%B4%94%E4%B9%B3%E9%9C%9C%E5%8A%A0%E5%A4%A7%E7%89%8875ml02-1-1-1
https://www.ttvc.com.tw/%E8%94%AC%E8%8F%9C%E8%A6%81%E5%85%88%E6%B4%97%E9%82%84%E5%85%88%E5%88%87-%E7%87%9F%E9%A4%8A%E5%B8%AB%E5%91%8A%E8%A8%B4%E4%BD%A0%E5%A6%82%E4%BD%95%E8%99%95%E7%90%86%E7%87%9F%E9%A4%8A%E4%B8%8D%E6%89%93%E6%8A%98-a-3188.html
https://www.emic.com.tw/www/index.php?action=adv&id=209
http://smarturl.it/ettoday-104
https://www.mirrormedia.mg
https://www.zec99.com/blogs/love/
https://www.facebook.com/sharer/sharer.php?u=https%3A%2F%2Fwww.ettoday.net%2Fdalemon%2Fpost%2F49695&amp;src=sdkpreparse
https://www.ptt.cc/bbs/japanavgirls/M.1475660317.A.4F3.html
https://www.ettoday.net/news/20200101/1615108.htm?feature=習近平&tab_id=4458
https://boba.ettoday.net/video/231/456/117983
https://events.ettoday.net/activity/dalemon_readbeanQQ/article/24439/last
https://hhh.com.tw/https://hhh.com.tw/column-post.php?id=4392&amp;utm_source=RD_GS
https://msg.ettoday.net/msg_liveshow.php?redir=https%3A%2F%2Fboba.ettoday.net%2Fvideo%2F1%2F284%2F209935%09%3Ffrom%3Dvodframe_health&vid=209935
http://goo.gl/cUWJx7
https://line.me/R/ti/p/%40vfw0009g
https://www.instagram.com/p/B-857puFJlB/?utm_source=ig_embed&amp;utm_campaign=loading
http://www.youtube.com/channel/UC0GGcLJNwLviwddjPzOOgfQ
http://line.naver.jp/R/msg/text/?那些被遺落的日子 - 陽台的雞蛋花樹%0D%0Ahttps://events.ettoday.net/activity/dalemon_readbeanQQ/article/25858
https://docs.google.com/forms/d/e/1FAIpQLScZokJcrKEq2G1mjkWWTcdV-Yg4tO1i23hWSzOnB8t4Jy8_dg/viewform?c=0&w=1
http://bit.ly/2H9sDHO
https://zh.wikipedia.org/wiki/%E6%88%91%E5%80%91%E4%B8%8D%E8%83%BD%E6%98%AF%E6%9C%8B%E5%8F%8B
https://www.vogue.com.tw/feature/content-45151?utm_source=ettoday.net&amp;utm_medium=referral&amp;utm_campaign=3rd
https://www.marieclaire.com.tw/entertainment/tvshow/48900
https://twitter.com/Allure_magazine?ref_src=twsrc%5Etfw
http://chart.apis.google.com/chart?cht=qr&choe=UTF-8&chs=300x300&chl=https://www.ettoday.net/news/20191231/1613834.htm
https://pinterest.com/pin/create/button/?url=//star.ettoday.net/news/1688773&media=https://cdn2.ettoday.net/images/4068/d4068961.jpg&description=韓國兩名大學生希望成為傳媒界人士，透過報名參加新聞通訊振興會主辦的「第一屆探查採訪徵文比賽」後，獨家揭發了惡名昭彰的「N號房」性剝削影片事件。處罰營運者「博士」趙主彬等人，是大多數人的共同願望，不過，韓國實在有太多性犯罪被輕判、被縱容的案例，令大家一直垢病韓國社會上的性別不平等問題。如果重新審視「N號房」事件，能否如我們所願，將所有性變態的男性繩之於法？
https://t.co/TCCVwGGdTS
http://shopping.ettoday.net/?sl-ref=news07
https://www.ttvc.com.tw/%E8%A6%AA%E5%AF%86%E7%9A%84%E6%8E%A5%E8%A7%B8-%E6%88%90%E5%8A%9F%E9%A4%B5%E6%AF%8D%E4%B9%B3-a-3879.html
https://www.mirrormedia.mg/story/20200413inv005/index.html?utm_source=feed_related&amp;utm_medium=ettoday
https://www.zec99.com/blogs/love/20181231
https://www.facebook.com/sharer.php?u=https://star.ettoday.net/news/1664531?from=fb_share_web
https://www.ettoday.net/news/20200413/1689946.htm
https://boba.ettoday.net/video/266/466/186770
https://events.ettoday.net/activity/dalemon_Star/rules
https://hhh.com.tw/https://www.books.com.tw/products/0010846043?loc=P_0005_005
https://msg.ettoday.net/msg_liveshow.php?redir=https%3A%2F%2Fboba.ettoday.net%2Fvideo%2F1%2F284%2F209972%3Ffrom%3Dvodframe_sports&vid=209972
https://goo.gl/DxAfcG
https://www.instagram.com/yen8tsubame/
https://www.youtube.com/playlist?list=PLIDvK97v7-__4j1nD5QeroE8zY6YxVckT
http://line.naver.jp/R/msg/text/?新竹媽媽們注意！免費參觀、寓教於樂的親子漫遊－濟生Beauty觀光工廠%0D%0Ahttps://events.ettoday.net/activity/dalemon_Yummy/article/31555
http://bit.ly/36beiUH
https://zh.wikipedia.org/wiki/2019%E5%B9%B46%E6%9C%88%E5%8F%8D%E5%B0%8D%E9%80%83%E7%8A%AF%E6%A2%9D%E4%BE%8B%E4%BF%AE%E8%A8%82%E8%8D%89%E6%A1%88%E9%81%8A%E8%A1%8C
https://www.vogue.com.tw/lifestyle/galerie/must-eat-snacks-stay-at-home?utm_source=ettoday.net&amp;utm_medium=referral&amp;utm_campaign=3rd
https://twitter.com/hashtag/NorthKorea?src=hash&amp;ref_src=twsrc%5Etfw
http://chart.apis.google.com/chart?cht=qr&choe=UTF-8&chs=300x300&chl=https://www.ettoday.net/news/20200301/1657001.htm
https://pinterest.com/pin/create/button/?url=//star.ettoday.net/news/1692381&media=https://cdn2.ettoday.net/images/4818/d4818965.jpg&description=韓劇《夫婦的世界》上演精彩的狗血婚外情戲碼，飾演「小三」的韓素希憑藉精緻五官、窈窕身材爆紅，成為近期最受討論之一的女星。不少人也發現，她長得與女團ITZY成員留眞非常相像，更有南韓網友找出一張「最難分辨韓素希跟留眞的照片」，在韓網引起討論。
https://t.co/dE97Q1YB2U
https://shopping.ettoday.net/products/estee-lauder%E9%9B%85%E8%A9%A9%E8%98%AD%E9%BB%9B-%E7%89%B9%E6%BD%A4%E8%B6%85%E5%B0%8E%E4%BF%AE%E8%AD%B7%E9%9C%B250ml-2-1-1
https://www.ttvc.com.tw/%E5%93%BA%E4%B9%B3%E5%AA%BD%E5%AA%BD%E5%90%83%E4%BB%80%E9%BA%BC%E5%8F%AF%E4%BB%A5%E7%99%BC%E4%B9%B3-a-200.html
https://www.mirrormedia.mg/story/20191104ent007/index.html?utm_source=feed_related&amp;utm_medium=ettoday
http://www.facebook.com/sharer.php?u=https://sports.ettoday.net/news/1689917?from=fb_share_web
https://www.ettoday.net/news/20200415/1691637.htm
https://boba.ettoday.net/video/274/610/194536
https://events.ettoday.net/activity/dalemon_Yummy/article/31605/last
https://hhh.com.tw/https://hhh.com.tw/column-post.php?id=4402&amp;utm_source=RD_GS
https://msg.ettoday.net/msg_liveshow.php?redir=https%3A%2F%2Fwww.youtube.com%2Fwatch%3Fv%3DVy_ReuMMQFM%3Ffrom%3Dvodframe_house&vid=208929
https://www.instagram.com/p/B-ofGEaDQud/?utm_source=ig_embed&amp;utm_campaign=loading
https://www.youtube.com/watch?v=yM6dlxPWh-I&amp;feature=emb_title
http://line.naver.jp/R/msg/text/?桃園區鵝食記憶鵝肉專賣店%0D%0Ahttps://events.ettoday.net/activity/dalemon_Yummy/article/26735
https://bit.ly/39vtD50
https://zh.wikipedia.org/wiki/%E5%B0%8F%E5%A5%B3%E8%8A%B1%E4%B8%8D%E5%BC%83
https://twitter.com/hashtag/Allure?src=hash&amp;ref_src=twsrc%5Etfw
http://chart.apis.google.com/chart?cht=qr&choe=UTF-8&chs=300x300&chl=https://www.ettoday.net/news/20200409/1687203.htm
https://pinterest.com/pin/create/button/?url=//star.ettoday.net/news/1692156&media=https://cdn2.ettoday.net/images/4819/d4819083.jpg&description=《我們與惡的距離》團隊大慕影藝，推出新戲《做工的人》（WORKERS），5月10日全球首播，這是台灣首次出現以工人為主題的台劇，90秒正式預告，由李銘順帶頭的「噗嚨共」三人，在工地裡上演各式發財戲碼，即便總是事與願違，他們仍堅定「認命不認輸」的精神。
https://shopping.ettoday.net/pages/shiseidobioperformance?fbclid=IwAR0XNWLMll0rpC3rwRON_aeNcpvTNEGzjwoBUBnoTkmEL2cXiv89UBM2wzM
https://www.mirrormedia.mg/story/20180704ent018/index.html?utm_source=feed_related&amp;utm_medium=ettoday
https://www.facebook.com/ETtodayHouse
https://www.ettoday.net/news/20200416/1692550.htm
https://sports.ettoday.net/news-search.phtml?keywords=NBA
https://events.ettoday.net/activity/dalemon_inlove/article/26731/last
https://hhh.com.tw/column-post.php?id=3311
https://msg.ettoday.net/msg_liveshow.php?redir=https%3A%2F%2Fboba.ettoday.net%2Fvideo%2F1%2F284%2F174912%3Ffrom%3Dvodframe_health&vid=174912
https://www.instagram.com/p/B-5GpdnpKuP/?utm_source=ig_embed&amp;utm_campaign=loading
https://www.youtube.com/user/gorgeousspace
http://line.naver.jp/R/msg/text/?即日起入站要戴口罩！「全台最美多良車站」跟上防疫　部落禁進入%0D%0Ahttps://discovery.ettoday.net/news/1692200
http://bit.ly/2CGbuD9 
https://zh.wikipedia.org/wiki/%E4%B9%A0%E8%BF%91%E5%B9%B3
https://twitter.com/hashtag/TWICE?src=hash&amp;ref_src=twsrc%5Etfw
http://chart.apis.google.com/chart?cht=qr&choe=UTF-8&chs=300x300&chl=https://www.ettoday.net/news/20200416/1692549.htm
https://pinterest.com/pin/create/button/?url=//star.ettoday.net/news/1664586&media=https://cdn2.ettoday.net/images/4750/d4750014.jpg&description=南韓大型選秀節目《Produce 101》的正宗日本版《Produce 101 Japan》選出新男團JO1，出道風格讓許多喜歡日系帥哥，又熱愛KPOP音樂的粉絲大呼挖到寶：「完全我的菜！」所屬經紀公司LAPONE娛樂社長揭密幕後製作團隊，以及正面回答進軍南韓計畫。而說到台灣出身的南韓女偶像周子瑜，也給予極高評價。
https://shopping.ettoday.net/?sl-ref=news07
https://www.mirrormedia.mg/story/20200412inv001/index.html?utm_source=feed_related&amp;utm_medium=ettoday
https://www.facebook.com/sharer.php?u=https://star.ettoday.net/news/1692469?from=fb_share_web
https://www.ettoday.net/news/tag/保險/
https://boba.ettoday.net/video/277/606/200256
https://events.ettoday.net/activity/dalemon_readbeanQQ?from=lemon_solicit
https://hhh.com.tw/schedule-list.php
https://msg.ettoday.net/msg_liveshow.php?redir=https%3A%2F%2Fboba.ettoday.net%2Fvideo%2F232%2F236%2F209293%3Ffrom%3Dvodframe_travel&vid=209293
https://www.instagram.com/p/BGl-Mp6Slt-/
http://www.youtube.com/channel/UCmoOnxeTHUcUBWFNSUR8HvQ
http://line.naver.jp/R/msg/text/?【廣味】舌尖上的廣州%0D%0Ahttps://events.ettoday.net/activity/dalemon_Yummy/article/26022
https://bit.ly/3efXnFP
https://zh.wikipedia.org/wiki/戴資穎
https://twitter.com/alexharfouche1/status/1250161005172269057?ref_src=twsrc%5Etfw
http://chart.apis.google.com/chart?cht=qr&choe=UTF-8&chs=300x300&chl=https://www.ettoday.net/news/20200415/1692435.htm
https://pinterest.com/pin/create/button/?url=//star.ettoday.net/news/1692496&media=https://cdn2.ettoday.net/images/4819/d4819310.jpg&description=受疫情衝擊影響，紙風車劇團與綠光劇團自救發起線上劇場，其中綠光劇團「綠光返笑日」主要製作給大人觀賞，讓大人們在最近的苦悶疫情中獲得紓壓，更請來《聽說》知名電影製片人陳希聖擔任顧問，節目內容將以最膾炙人口的「人間系列」為主題，開創「人間條件一百問」單元，為廣大粉絲揭密演出大小事與不為人知的秘辛。
https://shopping.ettoday.net/pages/kiehls%E9%87%91%E7%9B%9E%E8%8A%B1%E5%8C%96%E5%A6%9D%E6%B0%B4?fbclid=IwAR0xcZMBC5DJHWbdsrzkLQzCgZxdFtzokSiTmrwH8667DBGNYWSKbMGLrak
https://www.mirrormedia.mg/story/20200413edi013/index.html?utm_source=feed_related&amp;utm_medium=ettoday
https://www.facebook.com/%E7%A4%BE%E7%95%9C%E6%99%82%E4%BB%A3-802410263239598/?fref=ts
https://forum.ettoday.net/search.phtml?keyword=新冠肺炎
https://fashion.ettoday.net/search.phtml?keywords=KOL
https://events.ettoday.net/activity/dalemon_horror/article/24121/last
https://hhh.com.tw/
https://msg.ettoday.net/msg_liveshow.php?redir=https%3A%2F%2Fboba.ettoday.net%2Fvideo%2F1%2F284%2F209935%09%3Ffrom%3Dvodframe_lemon&vid=209935
https://www.instagram.com/p/B-Gol7rl0KM/?utm_source=ig_embed&amp;utm_campaign=loading
https://www.youtube.com/channel/UCr-zC57bR8H-IVzfho39zTw
http://line.naver.jp/R/msg/text/?保育員的一日湛藍%0D%0Ahttps://events.ettoday.net/activity/dalemon_work/article/25066
http://bit.ly/38tNnVg
https://zh.wikipedia.org/wiki/%E9%A6%99%E6%B8%AF
https://twitter.com/share
http://chart.apis.google.com/chart?cht=qr&choe=UTF-8&chs=300x300&chl=https://www.ettoday.net/news/20200325/1676134.htm
https://pinterest.com/pin/create/button/?url=//star.ettoday.net/photo-list/16942&media=//cdn2.ettoday.net/images/4780/b4780827.jpg&description=球賽前突接電話「來見爺爺最後一面」　巴巴烙棄賽趕醫院：我擺臭臉哭不出來
https://shopping.ettoday.net
https://www.mirrormedia.mg/story/20200413inv006/index.html?utm_source=feed_related&amp;utm_medium=ettoday
https://www.facebook.com/sharer.php?u=https://star.ettoday.net/news/1692464?from=fb_share_web
https://www.ettoday.net/dalemon/editor-news/197
https://sports.ettoday.net/news-search.phtml?keywords=富邦悍將&idx=1&kind=10&page=5
https://events.ettoday.net/activity/dalemon_Shitpost/article/23563/last
https://hhh.com.tw/https://hhh.com.tw/column-post.php?id=4350&amp;utm_source=RD_GS
https://msg.ettoday.net/msg_liveshow.php?redir=https%3A%2F%2Fboba.ettoday.net%2Fcategory%2F229%2F209986%3Ffrom%3Dvodframe_star&vid=209986
https://www.instagram.com/p/B9MqpB-FKkn/?utm_source=ig_embed&amp;utm_campaign=loading
https://www.youtube.com/watch?v=0_3mBkfNzOU&amp;feature=emb_title
http://line.naver.jp/R/msg/text/?靈魂，有氣味嗎？%0D%0Ahttps://events.ettoday.net/activity/dalemon_horror/article/25879
https://bit.ly/2K2nH8u
https://twitter.com/hashtag/%ED%8A%B8%EC%99%80%EC%9D%B4%EC%8A%A4?src=hash&amp;ref_src=twsrc%5Etfw
http://chart.apis.google.com/chart?cht=qr&choe=UTF-8&chs=300x300&chl=https://www.ettoday.net/news/20200409/1687670.htm
https://pinterest.com/pin/create/button/?url=//star.ettoday.net/news/1692008&media=https://cdn2.ettoday.net/images/4819/d4819262.jpg&description=吳念軒演出《紅衣小女孩2》虎爺一角爆紅，跨足電視劇多次擔任男一，未來潛力無限，今爆出他和合作人妻方志友流出「行車記錄器車內曖昧對話」，對此，方志友道歉，吳念軒經紀人則回應：「念軒玩笑開過頭，才惹誤會，已經有念過他了，再怎麼熟也要有分寸！不好意思，還驚動大家。」
https://shopping.ettoday.net/products/sk-ii-青春露230ml-1
https://www.mirrormedia.mg/story/20200413edi011/index.html?utm_source=feed_related&amp;utm_medium=ettoday
https://www.facebook.com/TymoLin/
https://www.ettoday.net/dalemon/post/48897
https://sports.ettoday.net/news-search.phtml?keywords=陳偉殷&idx=1&kind=10&page=3
https://events.ettoday.net/activity/dalemon_horror/article/25720
https://msg.ettoday.net/msg_liveshow.php?redir=https%3A%2F%2Fboba.ettoday.net%2Fcategory%2F229%2F209983%3Ffrom%3Dvodframe_star&vid=209983
https://www.instagram.com/p/B-b96aTp7tl/?utm_source=ig_embed&amp;utm_campaign=loading
http://www.youtube.com/channel/UCDGQy_7kFITT3VHbVNPnXKg/featured
http://line.naver.jp/R/msg/text/?職場與惡的距離%0D%0Ahttps://events.ettoday.net/activity/dalemon_work/article/25430
http://chart.apis.google.com/chart?cht=qr&choe=UTF-8&chs=300x300&chl=https://www.ettoday.net/news/20200415/1692487.htm
https://pinterest.com/pin/create/button/?url=//star.ettoday.net/news/1691644&media=https://cdn2.ettoday.net/images/4804/d4804447.jpg&description=王子（邱勝翊）17歲就從《模范棒棒堂》出道，歷經偶像男團洗禮，「偶包」似乎是一輩子包袱，他笑坦言：「不介意，從小到大都被說（偶包），可能跟我小心謹慎個性，加上在節目上，表現沒有其他成員來得放有關，我也不知道如何甩掉這包袱，只能去做以前沒嘗試事情。」
https://shopping.ettoday.net/pages/cliniquemoisturesurge
https://www.mirrormedia.mg/story/20180710ent022/index.html?utm_source=feed_related&amp;utm_medium=ettoday
https://www.facebook.com/ETtodayBEAUTY
https://www.ettoday.net/feature/daejongfilmawards
https://sports.ettoday.net/news/1691642
https://events.ettoday.net/activity/dalemon_horror/article/22575/last
https://msg.ettoday.net/msg_liveshow.php?redir=https%3A%2F%2Fboba.ettoday.net%2Fvideo%2F1%2F284%2F133748%09%3Ffrom%3Dvodframe_etnews&vid=133748
https://www.instagram.com/p/B-z4XRkJpzW/?utm_source=ig_embed&amp;utm_campaign=loading
http://www.youtube.com/channel/UCRxrSPfYWOAs3QoYDXsiW5g
http://line.naver.jp/R/msg/text/?塵封沙漠3000年！埃及發現30具「完整木乃伊」棺木細緻雕刻咒語、色彩鮮豔%0D%0Ahttps://www.ettoday.net/news/20191020/1561184.htm
http://chart.apis.google.com/chart?cht=qr&choe=UTF-8&chs=300x300&chl=https://www.ettoday.net/news/20200325/1675740.htm
https://pinterest.com/pin/create/button/?url=//star.ettoday.net/news/1691647&media=https://cdn2.ettoday.net/images/4816/d4816859.jpg&description=改編自同名網漫的愛情喜劇《快過來》，由金明洙和辛睿恩攜手主演，劇中金明洙飾演貓咪洪潮，一旦遇到辛睿恩飾演的開朗少女金率雅，就會從貓變化成人形，意外展開同居生活的兩人，上演一段甜蜜又奇幻的「人貓戀」。飾演貓的金明洙更表示，自己聽得懂貓語。
https://shopping.ettoday.net/?sl-ref=news06
https://www.facebook.com/johnnannon/
https://www.ettoday.net/news/20200331/1680737.htm
https://sports.ettoday.net/news/1692412
https://events.ettoday.net/activity/dalemon_Yummy/article/24277/last
https://msg.ettoday.net/msg_liveshow.php?redir=https%3A%2F%2Fboba.ettoday.net%2Fvideo%2F1%2F284%2F157651%09%3Ffrom%3Dvodframe_star&vid=157651
https://www.instagram.com/et.speed/?hl=zh-tw
https://www.youtube.com/watch?v=asniBjE3SL4
http://line.naver.jp/R/msg/text/?生命課題%0D%0Ahttps://events.ettoday.net/activity/dalemon_Star/article/24444
http://chart.apis.google.com/chart?cht=qr&choe=UTF-8&chs=300x300&chl=https://www.ettoday.net/news/20200330/1680264.htm
https://pinterest.com/pin/create/button/?url=//star.ettoday.net/news/1692510&media=https://cdn2.ettoday.net/images/4819/d4819348.jpg&description=南韓「性感小野馬」泫雅唱跳實力深厚，且擁有天使外表魔鬼身材，為了維持良好體態，即使工作忙碌，依然勤奮上健身房，並不時PO出練舞影片。她日前曬出自己一餐的便當照，飯量只有手掌大，讓粉絲為之震驚。
https://shopping.ettoday.net/?sl-ref=news04
https://www.facebook.com/sharer.php?u=https://star.ettoday.net/news/1688773?from=fb_share_web
https://www.ettoday.net/news/20200403/1683106.htm?from=feature
https://boba.ettoday.net/category/228/209985
https://events.ettoday.net/activity/dalemon_Star/article/24252
https://msg.ettoday.net/msg_liveshow.php?redir=https%3A%2F%2Fboba.ettoday.net%2Fcategory%2F229%2F209983%3Ffrom%3Dvodframe_sports&vid=209983
https://www.instagram.com/p/B-ixB_NFqT7/?utm_source=ig_embed&amp;utm_campaign=loading
https://www.youtube.com/channel/UCAs8eA5lCm6uCsYJWjRhsfg
http://line.naver.jp/R/msg/text/?花蓮空中驚現UFO盤旋？3白光點拍完就消失　網爆：基隆、宜蘭也有%0D%0Ahttps://www.ettoday.net/news/20180927/1268199.htm
http://chart.apis.google.com/chart?cht=qr&choe=UTF-8&chs=300x300&chl=https://www.ettoday.net/news/20200309/1663212.htm
https://pinterest.com/pin/create/button/?url=//star.ettoday.net/news/1687870&media=https://cdn2.ettoday.net/images/4813/d4813832.jpg&description=沒了栗子頭，追完《梨泰院Class》也別傷心！公視超強奇幻劇《妖怪人間》在清明連假首播後，以超搶眼視覺特效與緊湊的故事主軸成功坐上Netflix台灣排行榜前10名，話題性不輸《哈囉掰掰我是鬼媽媽》、《機智醫生生活》多部ON檔韓劇。
https://shopping.ettoday.net/pages/%E6%97%A5%E6%9C%ACsaborino%E6%97%A9%E5%AE%89%E9%9D%A2%E8%86%9C?fbclid=IwAR31sOkgtl71QBc7RVnuXPcOk_Ku3EPOK6AAfYFfJ22fnjUhVarf0w6XnD4
http://www.facebook.com/sharer.php?u=https://sports.ettoday.net/news/1692321?from=fb_share_web
https://speed.ettoday.net/tag/ETBMW/7
https://star.ettoday.net/news/1692491
https://events.ettoday.net/activity/dalemon_horror/article/23671/last
https://msg.ettoday.net/msg_liveshow.php?redir=https%3A%2F%2Fwww.youtube.com%2Fwatch%3Fv%3DEVOm3IHOPSA%3Ffrom%3Dvodframe_house&vid=182315
https://www.instagram.com/p/BeYV55Rnl0v/?utm_source=ig_embed&amp;utm_campaign=loading
https://www.youtube.com/watch?v=rRVUg7tEHjU&feature=youtu.be
http://line.naver.jp/R/msg/text/?前方有測速照相請減速慢行%0D%0Ahttps://events.ettoday.net/activity/dalemon_Shitpost/article/26088
http://chart.apis.google.com/chart?cht=qr&choe=UTF-8&chs=300x300&chl=https://www.ettoday.net/news/20131218/307945.htm
https://pinterest.com/pin/create/button/?url=//star.ettoday.net/news/1691470&media=https://cdn2.ettoday.net/images/4816/d4816445.jpg&description=「Kimberley」陳芳語日前幫閨蜜「鄉民老婆」吳卓源跨刀合唱，卻傳出陳芳語前經紀公司疑似發函至各大電台、數位平台和公關公司，導致媒體平台有播歌疑慮，讓她對吳卓源深感不好意思，今（14日）罕見親自錄3分半鐘影片，強調自己是自由身，並向前公司喊話：「Please！」懇請對方別再發函擋她，更數度哽咽。
https://shopping.ettoday.net/products/estee-lauder雅詩蘭黛-特潤超導修護露50ml-2-1-1
http://www.facebook.com/sharer.php?u=https://sports.ettoday.net/news/1692551?from=fb_share_web
https://travel.ettoday.net/article/1094173.htm
https://boba.ettoday.net/category/278/208944
https://events.ettoday.net/activity/dalemon_Shitpost/article/24421/last
https://msg.ettoday.net/msg_liveshow.php?redir=https%3A%2F%2Fboba.ettoday.net%2Fvideo%2F1%2F284%2F209972%3Ffrom%3Dvodframe_health&vid=209972
https://www.instagram.com/ettodayboba/
https://www.youtube.com/channel/UC0GGcLJNwLviwddjPzOOgfQ?fbclid=IwAR1L6n6DxKxUIestzLlTx9_lQiwE5HWy6BJ6HCEeTcZoU06w4vYryB_c_8I
http://line.naver.jp/R/msg/text/?遭禁賣投資型保單「史上暫停最久」！系統改善計畫超過6個月沒報　南山人壽回應了%0D%0Ahttps://www.ettoday.net/news/20200415/1691887.htm
http://chart.apis.google.com/chart?cht=qr&choe=UTF-8&chs=300x300&chl=https://www.ettoday.net/news/20200415/1691640.htm
https://pinterest.com/pin/create/button/?url=//star.ettoday.net/news/1692313&media=https://cdn2.ettoday.net/images/4818/d4818826.jpg&description=金曲創作才子韋禮安暌違4年，推出全新創作專輯《Sounds of My Life》，今舉辦媒體搶聽會，播放完新歌《記得回來》後，他突然淚崩掩面痛哭了許久，訪談一度中斷，他哽咽地說：「會想到過去這3年，突然在短時間經歷了很多悲歡離合，壓力累積了很久，包括親人離去、自己開公司，這張專輯我也義無反顧的製作，已經有好一陣子失眠了，到今天有點爆發」。
https://shopping.ettoday.net/pages/kiehls%E9%87%91%E7%9B%9E%E8%8A%B1%E5%8C%96%E5%A6%9D%E6%B0%B4
https://www.facebook.com/sharer/sharer.php?u=https%3A%2F%2Fwww.ettoday.net%2Fdalemon%2Fpost%2F43138&amp;src=sdkpreparse
https://travel.ettoday.net/category/馬祖/?&page=6
https://boba.ettoday.net/video/230/504/115213
https://events.ettoday.net/activity/dalemon_Yummy/article/24701/last
https://msg.ettoday.net/msg_liveshow.php?redir=https%3A%2F%2Fboba.ettoday.net%2Fsub_category%2F228%2F125%2F75436%3Ffrom%3Dvodframe_star&vid=75436
https://www.instagram.com/tymo_lin/
https://www.youtube.com/watch?v=9d9QtVICPxk&feature=youtu.be
http://line.naver.jp/R/msg/text/?看不見的群眾臨演%0D%0Ahttps://events.ettoday.net/activity/dalemon_horror/article/25455
http://chart.apis.google.com/chart?cht=qr&choe=UTF-8&chs=300x300&chl=https://www.ettoday.net/news/20200414/1690763.htm
https://pinterest.com/pin/create/button/?url=//star.ettoday.net/news/1692192&media=https://cdn2.ettoday.net/images/4818/d4818315.jpg&description=陳學冬因演出「小時代」系列電影裡的周崇光而走紅，等待10年，終於將推出首張個人專輯《孤獨學》，同名主打歌把現代人內心難以明說的孤獨層層剝開，尤其在這段人人要保持社交安全距離的特別時期，更是唱入心扉，他認為「只要在城市裡活著的人，不管你有沒有成家？不管你有沒有父母的陪伴？內心裡都有一顆孤獨的種子」。
https://shopping.ettoday.net/products/estee-lauder雅詩蘭黛-特潤超導修護露50ml-2-1-1-1
https://www.facebook.com/sharer/sharer.php?u=https%3A%2F%2Fwww.ettoday.net%2Fdalemon%2Fpost%2F43707&amp;src=sdkpreparse
https://www.ettoday.net/news/focus/國際/國際政經/
https://boba.ettoday.net/video/233/463/121526
https://events.ettoday.net/activity/dalemon_Yummy/article/24251/last
https://msg.ettoday.net/msg_liveshow.php?redir=https%3A%2F%2Fboba.ettoday.net%2Fvideo%2F1%2F284%2F152516%09%3Ffrom%3Dvodframe_sports&vid=152516
https://www.instagram.com/jlin7/?utm_source=ig_embed&amp;utm_campaign=loading
https://www.youtube.com/watch?v=kwGON0eN5Nw&amp;feature=emb_title
http://line.naver.jp/R/msg/text/?寄身上流%0D%0Ahttps://events.ettoday.net/activity/dalemon_horror/article/25720
http://chart.apis.google.com/chart?cht=qr&choe=UTF-8&chs=300x300&chl=https://www.ettoday.net/news/20200414/1691575.htm
https://pinterest.com/pin/create/button/?url=//star.ettoday.net/news/1691650&media=https://cdn2.ettoday.net/images/4816/d4816873.jpg&description=療癒愛情劇《天氣好的話，我會去找你》劇情進入高潮，男女主角徐康俊、朴敏英「熱戀ing」，反觀李宰旭飾演的熱情公務員李章宇情路特別坎坷，劇中還搞笑地用了他前一部作品《無意間發現的一天》的哏。
https://www.facebook.com/sharer/sharer.php?u=https%3A%2F%2Fwww.ettoday.net%2Fdalemon%2Fpost%2F49710&amp;src=sdkpreparse
https://travel.ettoday.net/search.php?keywords=嘉義旅遊
https://boba.ettoday.net/video/239/188/69437
https://events.ettoday.net/activity/dalemon_readbeanQQ/article/23864/last
https://msg.ettoday.net/msg_liveshow.php?redir=https%3A%2F%2Fboba.ettoday.net%2Fcategory%2F229%2F210017%3Ffrom%3Dvodframe_star&vid=210017
https://www.instagram.com/p/B-RM0wDnib3/?utm_source=ig_embed&amp;utm_campaign=loading
https://www.youtube.com/watch?v=AvWXwVWJiq4
http://line.naver.jp/R/msg/text/?陳雨菲不在意世界排名　回顧全英決賽：戴資穎從頭到尾保持好狀態%0D%0Ahttps://www.ettoday.net/news/20200323/1674829.htm
http://chart.apis.google.com/chart?cht=qr&choe=UTF-8&chs=300x300&chl=https://www.ettoday.net/news/20200415/1692072.htm
https://pinterest.com/pin/create/button/?url=//star.ettoday.net/news/1692265&media=https://cdn2.ettoday.net/images/4818/d4818811.jpg&description=韓劇《機智醫生生活》由經典韓劇《請回答》系列、《機智牢房生活》的製作團隊聯手再次出擊，由曹政奭、柳演錫、鄭敬淏等一線演員主演。故事圍繞在主角5人幫的故事裡，最新一集中安治弘醫生（安大衛）直球告白蔡頌和醫生，羞澀的表情與自然的演技讓他備受討論，引起網友的關注。
http://www.facebook.com/sharer.php?u=https://sports.ettoday.net/news/1692443?from=fb_share_web
https://www.ettoday.net/news/20190401/1413187.htm?from=pctaglist 
https://movies.ettoday.net/news/1692469
https://events.ettoday.net/activity/dalemon_horror/article/25952
https://msg.ettoday.net/msg_liveshow.php?redir=https%3A%2F%2Fboba.ettoday.net%2Fvideo%2F1%2F284%2F209990%09%3Ffrom%3Dvodframe_etnews&vid=209990
https://www.instagram.com/audrinawen/
https://www.youtube.com/watch?v=fubjbf7JA8s&amp;feature=emb_title
http://line.naver.jp/R/msg/text/?影／尼斯湖水怪再現？　網友直呼「太假了」！%0D%0Ahttps://www.ettoday.net/news/20170512/922933.htm
http://chart.apis.google.com/chart?cht=qr&choe=UTF-8&chs=300x300&chl=https://www.ettoday.net/news/20200415/1692079.htm
https://pinterest.com/pin/create/button/?url=//star.ettoday.net/news/1691839&media=https://cdn2.ettoday.net/images/4817/d4817272.jpg&description=羅志祥7日被爆和大根等友人在宜蘭包下泳池別墅開趴，在場更有多位辣妹同歡，他事後從未對此發聲，Instagram也暫時更新了11天，他直到14日才PO出與媽媽的合照並表示：「我天不怕地不怕…。」
https://www.facebook.com/readbeanQQ/
https://www.ettoday.net/news/20191231/1614014.htm?feature=2020世界新車大展&tab_id=14307
https://sports.ettoday.net/video/278/209157
https://events.ettoday.net/activity/dalemon_horror?from=lemon_solicit
https://msg.ettoday.net/msg_liveshow.php?redir=https%3A%2F%2Fboba.ettoday.net%2Fvideo%2F1%2F284%2F209935%09%3Ffrom%3Dvodframe_travel&vid=209935
https://www.instagram.com/p/B-RvaLOFMuF/?utm_source=ig_embed&amp;utm_campaign=loading
https://www.youtube.com/channel/UCL2xWAoY0XAcAdoYiRGwMQw
http://line.naver.jp/R/msg/text/?外送大小事%0D%0Ahttps://events.ettoday.net/activity/dalemon_work/article/31954
http://chart.apis.google.com/chart?cht=qr&choe=UTF-8&chs=300x300&chl=https://www.ettoday.net/news/20200409/1687861.htm
https://pinterest.com/pin/create/button/?url=//star.ettoday.net/news/1692162&media=https://cdn2.ettoday.net/images/4818/d4818244.jpg&description=茵聲（鄭茵聲）是「這群人」的成員之一，近年在電視劇的自然演技獲得好評，擁有許多粉絲支持的她，常在社群網站分享生活點滴，最近PO出一系列護髮完的自拍照，網友卻全聚焦在她的臉蛋且紛紛驚呼：「是素顏嗎？也太美了吧！」
http://www.facebook.com/sharer.php?u=https://sports.ettoday.net/news/1691251?from=fb_share_web
https://www.ettoday.net/news/20200410/1688410.htm
https://star.ettoday.net/search.phtml?keywords=阿Ben
https://events.ettoday.net/activity/dalemon_readbeanQQ/article/25505/last
https://msg.ettoday.net/msg_liveshow.php?redir=https%3A%2F%2Fboba.ettoday.net%2Fcategory%2F229%2F209986%3Ffrom%3Dvodframe_sports&vid=209986
https://www.instagram.com/p/B6bVowXH62w/?utm_source=ig_embed&amp;utm_campaign=loading
http://line.naver.jp/R/msg/text/?長的像媽媽 就該被欺負嗎？%0D%0Ahttps://events.ettoday.net/activity/dalemon_readbeanQQ/article/26596
http://chart.apis.google.com/chart?cht=qr&choe=UTF-8&chs=300x300&chl=https://www.ettoday.net/news/20200404/1683835.htm
https://pinterest.com/pin/create/button/?url=//star.ettoday.net/news/1691893&media=https://cdn2.ettoday.net/images/4817/d4817376.jpg&description=南韓女團TWICE的台灣成員子瑜外貌甜美、個性爽朗，不時還會和粉絲交流近況，深受大票粉絲喜愛。她近來跟隨團體，一起登上美國雜誌《Allure》，前衛妝容及粉紅色眼影令網友眼睛一亮，意外成為網友熱議焦點。
https://www.facebook.com/sharer.php?u=https://star.ettoday.net/news/1691647?from=fb_share_web
http://travel.ettoday.net/article/1692268.htm
https://boba.ettoday.net/video/274/610/170220
https://events.ettoday.net/activity/dalemon_Yummy/article/25103/last
https://msg.ettoday.net/msg_liveshow.php?redir=https%3A%2F%2Fboba.ettoday.net%2Fvideo%2F1%2F284%2F174912%3Ffrom%3Dvodframe_sports&vid=174912
https://www.instagram.com/p/B-PQx7WAbo7/?utm_source=ig_embed&amp;utm_campaign=loading
http://line.naver.jp/R/msg/text/?網路串流平台來勢洶洶　傳統第四台還有優勢嗎？%0D%0Ahttps://www.ettoday.net/news/20200331/1679678.htm
http://chart.apis.google.com/chart?cht=qr&choe=UTF-8&chs=300x300&chl=https://www.ettoday.net/news/20191111/1577224.htm
https://pinterest.com/pin/create/button/?url=//star.ettoday.net/news/1692507&media=https://cdn2.ettoday.net/images/4819/d4819341.jpg&description=大陸男星卜凡在2017年參加選秀節目《偶像練習生》闖出知名度，雖未順利以NINE PERCENT出道，但隔年與同公司的靈超、木子洋、嶽嶽組成「ONER」，也獲得不少關注。然而日前卻因為有黑粉遲續在網路上發惡評，令他忍無可忍直接約對方出來見面，並嗆聲「要親手交出律師函」。
http://www.facebook.com/10214408887486542
https://www.ettoday.net/news/20190412/1421223.htm?from=pctaglist 
https://fashion.ettoday.net/news/1688313/
https://events.ettoday.net/activity/dalemon_Shitpost/article/25948/last
https://msg.ettoday.net/msg_liveshow.php?redir=https%3A%2F%2Fboba.ettoday.net%2Fvideo%2F1%2F284%2F157651%09%3Ffrom%3Dvodframe_sports&vid=157651
https://www.instagram.com/p/B-QkDpQJMOe/?utm_source=ig_embed&amp;utm_campaign=loading
http://line.naver.jp/R/msg/text/?習近平一晚與3國領導人通話　盼英國加強配合、支持世衛發揮作用%0D%0Ahttps://www.ettoday.net/news/20200324/1674858.htm
http://chart.apis.google.com/chart?cht=qr&choe=UTF-8&chs=300x300&chl=https://www.ettoday.net/news/20200408/1686876.htm
https://pinterest.com/pin/create/button/?url=//star.ettoday.net/news/1691442&media=https://cdn2.ettoday.net/images/4441/d4441306.jpg&description=「王子」邱勝翊和港星女友鄧麗欣交往2年，感情甜蜜又穩定，今（14日）王子迎來31歲生日，但因新冠疫情影響，鄧麗欣無法飛來台北，王子向《ETtoday》透露小倆口已經約2、3個月沒有見面，今生日也只能分隔兩地，但他甜蜜分享2人有透過視訊切蛋糕的方式來隔空慶祝，恩愛之情溢於言表。
https://www.facebook.com/sharer.php?u=https://star.ettoday.net/news/1689405?from=fb_share_web
https://www.ettoday.net/news/20200415/1691832.htm?ercamp=sorted_hot_news
https://fashion.ettoday.net/search.phtml?keywords=母親節
https://events.ettoday.net/activity/dalemon_inlove/article/24443/last
https://msg.ettoday.net/msg_liveshow.php?redir=https%3A%2F%2Fboba.ettoday.net%2Fvideo%2F1%2F284%2F209972%3Ffrom%3Dvodframe_travel&vid=209972
https://www.instagram.com/p/B1p8XesFyx4/?utm_source=ig_embed&amp;utm_campaign=loading
http://line.naver.jp/R/msg/text/?生命先鋒%0D%0Ahttps://events.ettoday.net/activity/dalemon_Star/article/24061
http://chart.apis.google.com/chart?cht=qr&choe=UTF-8&chs=300x300&chl=https://www.ettoday.net/news/20200407/1685835.htm
https://pinterest.com/pin/create/button/?url=//star.ettoday.net/news/1685625&media=https://cdn2.ettoday.net/images/4793/d4793521.jpg&description=小8張允曦因在《全民最大黨》模仿秀走紅，一直喜歡演戲的她曾拋下一切到美國學表演，花光積蓄，本以為回國後會有戲找上門，但事與願違，不只過了一段苦日子，還得靠家人金援，終於在她出道14年後的今天，主演了第一部電視劇《姊妹們 追吧》，飾演單親媽媽林淑芬。
https://www.facebook.com/sharer.php?u=https://star.ettoday.net/news/1692192?from=fb_share_web
https://www.ettoday.net/news/20200416/1692553.htm?ercamp=sorted_hot_news
https://sports.ettoday.net/news/1688460
https://events.ettoday.net/activity/dalemon_Yummy/article/26413/last
https://msg.ettoday.net/rd.php?id=1059
https://www.instagram.com/p/B9e5vPJpfC_/?utm_source=ig_embed&amp;utm_campaign=loading
http://line.naver.jp/R/msg/text/?自在能量工作室打開了我的心靈。%0D%0Ahttps://events.ettoday.net/activity/dalemon_horror/article/31761
http://chart.apis.google.com/chart?cht=qr&choe=UTF-8&chs=300x300&chl=https://www.ettoday.net/news/20200413/1690355.htm
https://pinterest.com/pin/create/button/?url=//star.ettoday.net/news/1691605&media=https://cdn2.ettoday.net/images/4816/d4816773.jpg&description=歌手蕭亞軒（Elva）以歌舞實力出名，日前曬出自己受傷照，長達10公分的傷口，嚇壞眾人，同時藉此吐露康復的心路歷程。她14日再度PO出自己彈琴影片，揭露自己真實的創作過程，掀起網友熱烈迴響。
http://www.facebook.com/sharer.php?u=https://sports.ettoday.net/news/1692547?from=fb_share_web
https://www.ettoday.net/news/tag/鄭麗君/
https://sports.ettoday.net/video/278/208496
https://events.ettoday.net/activity/dalemon_Shitpost/article/23488/last
https://www.instagram.com/ettodaytravel/
http://line.naver.jp/R/msg/text/?普普小常識:愛喝汽水別錯過%0D%0Ahttps://events.ettoday.net/activity/dalemon_Shitpost/article/26049
http://chart.apis.google.com/chart?cht=qr&choe=UTF-8&chs=300x300&chl=https://www.ettoday.net/news/20200406/1685157.htm
https://pinterest.com/pin/create/button/?url=//star.ettoday.net/news/1664531&media=https://cdn2.ettoday.net/images/4749/d4749881.jpg&description=南韓大型選秀節目《Produce 101》掀起亞洲選秀風潮，由韓國CJ集團直接授權製作的日本版《101》，也在去年底成功畫下句點。選出的新男團JO1在本月初正式出道，一舉奪下ORICON單日排行榜連續一周的銷售冠軍，《ETtoday星光雲》獨家專訪所屬公司社長，揭露選秀節目與JO1幕後秘辛！
https://www.facebook.com/sharer.php?u=https://star.ettoday.net/news/1692560?from=fb_share_web
https://travel.ettoday.net/category/特色民宿/?&page=5
https://boba.ettoday.net/sub_category/232/537
https://events.ettoday.net/activity/dalemon_Shitpost/article/23565/last
https://www.instagram.com/p/B-0wKY9J6RH/?utm_source=ig_embed&amp;utm_campaign=loading
http://line.naver.jp/R/msg/text/?薛承泰 | 薛承泰專欄%0D%0Ahttps://forum.ettoday.net/column/news/薛承泰
http://chart.apis.google.com/chart?cht=qr&choe=UTF-8&chs=300x300&chl=https://www.ettoday.net/news/20200329/1679380.htm
https://pinterest.com/pin/create/button/?url=//star.ettoday.net/news/1692513&media=https://cdn2.ettoday.net/images/4819/d4819358.jpg&description=南韓樂團FTISLAND成員崔敏煥2018年結婚，將女團Laboum前成員律喜娶進家門，兩人育有一子，2月再喜得雙胞胎女兒，升格5口之家。隨著崔敏煥入伍當兵，他們從節目《做家務的男人2》退出後，老婆律喜便在近期開了個人Youtube頻道，放下女明星包袱，首次公開懷上雙胞胎的大肚，15日又自爆懷孕時胖到83公斤，比原本的體重足足多了28公斤！
https://www.facebook.com/marketersgo/
https://www.ettoday.net/news/20200414/1691611.htm
https://boba.ettoday.net/video/228/125/209796
https://events.ettoday.net/activity/dalemon_Yummy/article/23933
https://www.instagram.com/p/BbmW3JkHhZv/?utm_source=ig_embed&amp;utm_campaign=loading
http://line.naver.jp/R/msg/text/?Party Time！來香港迪士尼樂園開米奇90歲慶生派對%0D%0Ahttps://travel.ettoday.net/article/1348219.htm
http://chart.apis.google.com/chart?cht=qr&choe=UTF-8&chs=300x300&chl=https://www.ettoday.net/news/20200222/1650715.htm
https://pinterest.com/pin/create/button/?url=//star.ettoday.net/news/1691506&media=https://cdn2.ettoday.net/images/4816/d4816520.jpg&description=HIGHLIGHT成員李起光日前遭南韓「國民之黨」比例代表（類似台灣的不分區立委）候選人金根泰（音譯，김근태）指控買榜、造假音源，隨後立即發表聲明否認，14日韓媒爆出他已經以「名譽毀損」的名義，對金根泰提出告訴，而被告方也發表了說法。
http://www.facebook.com/2389634107742197
https://health.ettoday.net/news/1656613
https://boba.ettoday.net/video/229/639/168541
https://events.ettoday.net/activity/dalemon_Shitpost/article/24856/last
https://www.instagram.com/catbehaviordoctor
http://line.naver.jp/R/msg/text/?如果人掉進黑洞…會被「拉成麵條」嗎？　給地球人的黑洞指南%0D%0Ahttps://www.ettoday.net/news/20190412/1420322.htm
http://chart.apis.google.com/chart?cht=qr&choe=UTF-8&chs=300x300&chl=https://www.ettoday.net/news/20200414/1691501.htm
https://pinterest.com/pin/create/button/?url=//star.ettoday.net/news/1692433&media=https://cdn2.ettoday.net/images/4819/d4819126.jpg&description=王菀之睽違多年推出全新國語單曲《一定都和藝術有關》，MV遠赴她的偶像碧玉家鄉冰島拍攝，身兼導演的她苦笑表示，過程太煎熬，一度凍到失去知覺，還頻頻掉眼淚。
https://www.facebook.com/sharer/sharer.php?u=http%3A%2F%2Fwww.ettoday.net%2Fdalemon%2Fpost%2F49721&amp;src=sdkpreparse
https://www.ettoday.net/news/20200415/1692494.htm
https://boba.ettoday.net/video/239/467/209709
https://events.ettoday.net/activity/dalemon_inlove/article/23815
https://www.instagram.com/p/B-SE8iCIY3J/?utm_source=ig_embed&amp;utm_campaign=loading
http://line.naver.jp/R/msg/text/?丟臉丟到國外去的馬王之亂%0D%0Ahttps://events.ettoday.net/activity/dalemon_inlove/article/26165
http://chart.apis.google.com/chart?cht=qr&choe=UTF-8&chs=300x300&chl=https://www.ettoday.net/news/20200302/1657503.htm
https://pinterest.com/pin/create/button/?url=//star.ettoday.net/news/1692509&media=https://cdn2.ettoday.net/images/4819/d4819346.jpg&description=藝人熊熊感情生活備受矚目，先前曾和李唯楓、張立東、言明澔傳出緋聞，近日又被目擊被一位開著特斯拉的富二代公主抱回家，引起關注。但她15日晚間PO出照片，托腮撇嘴露出無奈表情，寫下「清者自清」，疑似對感情傳聞發表回應。
https://www.facebook.com/ETtodaySPEED/
https://health.ettoday.net/news/1686836
https://boba.ettoday.net/video/239/535/90144
https://events.ettoday.net/activity/dalemon_work/article/25471/last
https://www.instagram.com/p/BGwODx-QZF7/
http://line.naver.jp/R/msg/text/?影／塵封54年開放！　埃及揭4619年古老金字塔神秘面紗%0D%0Ahttps://www.ettoday.net/news/20190714/1489516.htm
http://chart.apis.google.com/chart?cht=qr&choe=UTF-8&chs=300x300&chl=https://www.ettoday.net/news/20200415/1692503.htm
https://pinterest.com/pin/create/button/?url=//star.ettoday.net/news/1692141&media=https://cdn2.ettoday.net/images/4818/d4818168.jpg&description=南韓女演員全昭旻2004年透過電視劇《奇蹟》出道，2017年加入節目《Running Man》，活躍於演藝圈裡，吸引大票粉絲，並與成員累積出家人般的深厚情感，近日，她再與李光洙親上加親，15日證實簽給了King Kong娛樂公司，與男方成為同門師兄妹。
https://www.facebook.com/sharer.php?u=https://star.ettoday.net/news/1664586?from=fb_share_web
https://www.ettoday.net/news/20190704/1481911.htm?feature=ufo&tab_id=939
https://boba.ettoday.net/video/271/216/210055
https://events.ettoday.net/activity/ettoday88submit/167
https://www.instagram.com/p/B9WeTJDqpIU/?utm_source=ig_embed&amp;utm_campaign=loading
http://line.naver.jp/R/msg/text/?航母連續遇見橢圓UFO 　美國海軍：公開文件會重傷國家安全%0D%0Ahttps://www.ettoday.net/news/20200115/1625915.htm
http://chart.apis.google.com/chart?cht=qr&choe=UTF-8&chs=300x300&chl=https://www.ettoday.net/news/20160125/637111.htm
https://pinterest.com/pin/create/button/?url=//star.ettoday.net/news/1692415&media=https://cdn2.ettoday.net/images/4819/d4819017.jpg&description=方季惟時隔2年，推出新單曲《祝福された時間～祝福的時光》，前幾年她為照顧父母，而淡出工作，如今雙親相繼離開，方季惟經歷心情的轉變，也用不同的面貌詮釋生活中的新感受，加上近來因疫情全球的氛圍非常低瀰，許多人都面臨離別，方季惟希望能夠藉由她的歌聲及音樂和大家一起走過，堅強的面對生命的當下。
https://www.facebook.com/sharer.php?u=https://star.ettoday.net/news/1692557?from=fb_share_web
https://www.ettoday.net/news/20200410/1688653.htm
https://boba.ettoday.net/video/274/561/123306
https://events.ettoday.net/activity/dalemon_Shitpost/article/24226/last
https://www.instagram.com/p/B-RQZKGCalT/?utm_source=ig_embed&amp;utm_campaign=loading
http://line.naver.jp/R/msg/text/?溝通到我快腦中風的同事%0D%0Ahttps://events.ettoday.net/activity/dalemon_work/article/25270
http://chart.apis.google.com/chart?cht=qr&choe=UTF-8&chs=300x300&chl=https://www.ettoday.net/news/20200413/1690388.htm
https://pinterest.com/pin/create/button/?url=//star.ettoday.net/news/1692520&media=https://cdn2.ettoday.net/images/4819/d4819383.jpg&description=超夯穿越愛情台劇《想見你》，播出後不僅創下超高收視率，劇中插曲更一再熱播引爆話題，劇中演員柯佳嬿、施柏宇、許光漢，以及演唱插曲的八三夭、孫盛希、伍佰等人今合體齊聚，舉辦線上彩蛋音樂會，伍佰一壓軸現身，演唱貫穿全劇的經典歌《Last Dance》，瞬間狂吸142萬人同時線上觀看，網友全嗨翻刷爆愛心。
http://www.facebook.com/sharer.php?u=https://sports.ettoday.net/news/1692552?from=fb_share_web
https://forum.ettoday.net/news/1687324
https://star.ettoday.net/media/81/209592/9
https://events.ettoday.net/activity/dalemon_readbeanQQ/article/26083/last
https://www.instagram.com/p/B0X7q02ju_a/?utm_source=ig_embed&amp;utm_campaign=loading
http://line.naver.jp/R/msg/text/?雲論 | ETtoday新聞雲%0D%0Ahttps://forum.ettoday.net
http://chart.apis.google.com/chart?cht=qr&choe=UTF-8&chs=300x300&chl=https://www.ettoday.net/news/20200304/1659735.htm
https://pinterest.com/pin/create/button/?url=//star.ettoday.net/news/1687075&media=https://cdn2.ettoday.net/images/4790/d4790589.jpg&description=「國民女友」祈錦鈅對外給人感覺總是開朗、灑脫，面對網路酸民更是毫不客氣地嗆回去，「為何我要跟酸民槓？因為我是有底線的，以前我放著讓別人欺負好幾年了，難道還要再繼續讓人欺負嗎？」
https://www.facebook.com/sharer/sharer.php?u=https%3A%2F%2Fwww.ettoday.net%2Fdalemon%2Fpost%2F49709&amp;src=sdkpreparse
https://travel.ettoday.net/category/午餐食客/?&page=3
https://star.ettoday.net/news/1689382
https://events.ettoday.net/activity/dalemon_horror/article/25856
https://www.instagram.com/p/B-9uXvwjdys/?utm_source=ig_embed&amp;utm_campaign=loading
http://line.naver.jp/R/msg/text/?南山人壽電腦系統改善期限逼近　工會呼籲金管會嚴格把關「別連累員工過年加班」！%0D%0Ahttps://www.ettoday.net/news/20191226/1609592.htm
http://chart.apis.google.com/chart?cht=qr&choe=UTF-8&chs=300x300&chl=https://www.ettoday.net/news/20200414/1691146.htm
https://pinterest.com/pin/create/button/?url=//star.ettoday.net/news/1692028&media=https://cdn2.ettoday.net/images/4817/d4817791.jpg&description=南韓團體Super Junior（SJ）成員金希澈出道以來一直以「花美男」樣貌讓人印象深刻，即便現在已經出道15年了，顏值依舊具有指標性。不過帥雖然是好事，卻也帶來困擾，他多次被指是同性戀，後來在節目中提起這段過往，坦言曾經想過澄清，但最後沒有否認的原因，讓人覺得很溫暖。
https://www.facebook.com/roadsteak2015/timeline
https://www.ettoday.net/news/tag/台灣美國隊/
https://boba.ettoday.net/video/230/264/45899
https://events.ettoday.net/activity/dalemon_horror/article/30290
https://www.instagram.com/etdalemon/
http://line.naver.jp/R/msg/text/?塔羅牌與牌靈%0D%0Ahttps://events.ettoday.net/activity/dalemon_Star/article/24899
http://chart.apis.google.com/chart?cht=qr&choe=UTF-8&chs=300x300&chl=https://www.ettoday.net/news/20200310/1654431.htm
https://pinterest.com/pin/create/button/?url=//star.ettoday.net/news/1691562&media=https://cdn2.ettoday.net/images/4816/d4816648.jpg&description=旗下擁有天團防彈少年團（BTS）、人氣男團Tomorrow X Togerher（TXT）的南韓經紀公司Big Hit娛樂，自從2015年解散女團GLAM後，連女練習生都全數解除合約，成為KPOP出名的「和尚公司」。不過該公司在2019年宣布將重新推出女團，如今團體名稱也曝光。
https://www.facebook.com/sharer.php?u=https://star.ettoday.net/news/1692496?from=fb_share_web
https://www.ettoday.net/news/20200410/1688250.htm
https://boba.ettoday.net/video/232/221/128332
https://events.ettoday.net/activity/dalemon_Shitpost/article/24393
https://www.instagram.com/et.fashion/
http://line.naver.jp/R/msg/text/?「外太空精子庫」無性也能當媽　研究顯示：移民火星不是夢%0D%0Ahttps://www.ettoday.net/news/20190624/1473873.htm
http://chart.apis.google.com/chart?cht=qr&choe=UTF-8&chs=300x300&chl=https://www.ettoday.net/news/20200415/1692057.htm
https://pinterest.com/pin/create/button/?url=//star.ettoday.net/news/1692517&media=https://cdn2.ettoday.net/images/4819/d4819477.jpg&description=新冠肺炎（COVlD-19）疫情嚴峻，日前有一對旅居美國30年的夫婦搭機返台後確診，因兩人沒有健保的身分，所以隔離費用由政府買單，引發不少爭議。對此，作家苦苓也發表看法，並點出關鍵原因。
https://www.facebook.com/sharer.php?u=https://star.ettoday.net/news/1690277?from=fb_share_web
https://www.ettoday.net/news/20200410/1688351.htm?from=feature
https://boba.ettoday.net/video_tag/周深
https://events.ettoday.net/activity/dalemon_Yummy/article/25945/last
https://www.instagram.com/p/B-0B09cKfgo/?utm_source=ig_embed&amp;utm_campaign=loading
http://line.naver.jp/R/msg/text/?擁4500年歷史！埃及出土「貓咪木乃伊」　還有100個鍍金貓雕像%0D%0Ahttps://www.ettoday.net/news/20181112/1303855.htm
http://chart.apis.google.com/chart?cht=qr&choe=UTF-8&chs=300x300&chl=https://www.ettoday.net/news/20200210/1642071.htm
https://pinterest.com/pin/create/button/?url=//star.ettoday.net/news/1692557&media=https://cdn2.ettoday.net/images/4819/d4819566.jpg&description=2年前，小室哲哉背著病妻globe樂團女主唱Keiko，與女護士發生不倫一事延燒；當時小室為了撇清2人有性交關係，甚至抖出自己陽萎，並會好好回到愛妻身邊照顧她。
https://www.facebook.com/sharer.php?u=https://star.ettoday.net/news/1691470?from=fb_share_web
https://www.ettoday.net/news/20200411/1689329.htm?from=feature
https://sports.ettoday.net/news-list/新聞快訊/最新新聞/7
https://events.ettoday.net/activity/dalemon_horror/article/23444/last
https://www.instagram.com/p/B-9q0IynDqG/?utm_source=ig_embed&amp;utm_campaign=loading
http://line.naver.jp/R/msg/text/?台灣的泰國和尚：算命先生說，我這輩子註定要為神明做事。%0D%0Ahttps://events.ettoday.net/activity/dalemon_horror/article/29434
http://chart.apis.google.com/chart?cht=qr&choe=UTF-8&chs=300x300&chl=https://www.ettoday.net/news/20200416/1692566.htm
https://pinterest.com/pin/create/button/?url=//star.ettoday.net/news/1692058&media=https://cdn2.ettoday.net/images/4817/d4817855.jpg&description=金曲歌王蕭敬騰日前PO出手包著護腕的照片，引來粉絲關心，他坦言因每天都彈3、4個小時的吉他，導致大拇指疼痛且無法正常的舉起來，若物理治療無法改善，就需要做微創手術，而他今（15日）也在IG曬出手裹著滿滿紗布的照片，並寫道：「手術非常順利，粉菌張（很緊張）...」。
https://www.facebook.com/ghostgod0/
https://www.ettoday.net/news/20200415/1692417.htm
https://sports.ettoday.net/news-search.phtml?keywords=中華職棒
https://events.ettoday.net/activity/dalemon_Star/article/23515/last
https://www.instagram.com/p/B-uR1z1HSZP/?utm_source=ig_embed&amp;utm_campaign=loading
http://line.naver.jp/R/msg/text/?南山人壽董事尹衍樑記兒大過　保險局要求「盡快說明」不合規定恐挨罰%0D%0Ahttps://www.ettoday.net/news/20200217/1647716.htm
http://chart.apis.google.com/chart?cht=qr&choe=UTF-8&chs=300x300&chl=https://www.ettoday.net/news/20200415/1692517.htm
https://pinterest.com/pin/create/button/?url=//star.ettoday.net/news/1692469&media=https://cdn2.ettoday.net/images/4819/d4819173.jpg&description=南韓女星具荷拉於2019年11月逝世，身後卻爆出生母爭遺產的消息，她的親哥哥具浩仁更爆料，媽媽在喪禮上到處跟藝人們合照，他無奈道「很可悲地，那個人是我們的母親。」參加了具荷拉告別式的南韓藝人洪錫天日前在節目中也證實這項消息，「我就是當事人」。
https://www.facebook.com/sharer.php?u=https://star.ettoday.net/news/1692513?from=fb_share_web
https://health.ettoday.net/news/1648927
https://boba.ettoday.net/video/239/366/170168
https://events.ettoday.net/activity/dalemon_Shitpost/article/24125/last
https://www.instagram.com/p/B93Vvc7HZAm/?utm_source=ig_embed&amp;utm_campaign=loading
http://line.naver.jp/R/msg/text/?比悲傷更悲傷！最新研究：不舉也易早洩　「提前繳械」風險是36.7倍.%0D%0Ahttps://events.ettoday.net/activity/dalemon_Shitpost/article/26730
http://chart.apis.google.com/chart?cht=qr&choe=UTF-8&chs=300x300&chl=https://www.ettoday.net/news/20200415/1691649.htm
https://pinterest.com/pin/create/button/?url=//star.ettoday.net/photo-list/16940&media=//cdn2.ettoday.net/images/4808/b4808090.jpg&description=獨／潘嘉麗閃婚首同框帥尪！天天被告白「沒有妳怎麼辦」...鬆口難忍老公1舉動 
https://www.facebook.com/sharer/sharer.php?u=http%3A%2F%2Fwww.ettoday.net%2Fdalemon%2Fpost%2F43612&amp;src=sdkpreparse
https://speed.ettoday.net/news/1691653
https://boba.ettoday.net/video/240/312/209486
https://events.ettoday.net/activity/dalemon_work/article/23764
http://line.naver.jp/R/msg/text/?【小莎職場見聞】 慣老闆「硬上」加好友，神秘第六感救了我%0D%0Ahttps://events.ettoday.net/activity/dalemon_work/article/25873
http://chart.apis.google.com/chart?cht=qr&choe=UTF-8&chs=300x300&chl=https://www.ettoday.net/news/20190116/1358041.htm
https://pinterest.com/pin/create/button/?url=//star.ettoday.net/news/1692410&media=https://cdn2.ettoday.net/images/4817/d4817918.jpg&description=羅時豐是歌壇唯一橫跨國、台、客語三聲帶歌手，也在主持、戲戲有出色演出，更擔任過戲劇節目製作人，除了影視歌三棲領域外，近日更開啟斜槓人生，當起YouTuber，在YouTube建立了「不務正YA」頻道，節目內容完全無腳本，他隨性在路上和路人聊天，也收穫不少人生故事。
https://www.facebook.com/sharer/sharer.php?u=https%3A%2F%2Fwww.ettoday.net%2Fdalemon%2Fpost%2F45971&amp;src=sdkpreparse
https://www.ettoday.net/dalemon/editor-news/114
https://fashion.ettoday.net/search.phtml?keywords=設計師忙什麼
https://events.ettoday.net/activity/dalemon_readbeanQQ/article/23338
http://line.naver.jp/R/msg/text/?北捷大眼正妹IG%0D%0Ahttps://events.ettoday.net/activity/dalemon_work/article/26012
http://chart.apis.google.com/chart?cht=qr&choe=UTF-8&chs=300x300&chl=https://www.ettoday.net/news/20200225/1653976.htm
https://pinterest.com/pin/create/button/?url=//star.ettoday.net/news/1692560&media=https://cdn2.ettoday.net/images/4819/d4819571.jpg&description=徐小可（許暐翎）和阿Ben（白吉勝）結婚多年育有3個小孩，一家五口的甜蜜家庭生活羨煞不少人。她日前登上節目《醫師好辣》提到之前與老公去做了例行健康檢查，卻被告知兩人身體同時有某幾項數值超標，讓夫妻倆提心吊膽地過了一陣子，最後才找出原因竟是因為兩人的「一行為」，導致身體發炎。
http://www.facebook.com/sharer.php?u=https://travel.ettoday.net/article/1691380.htm?from=fb_share_web
https://www.ettoday.net/news/20200215/1646338.htm
https://sports.ettoday.net/news-search.phtml?keywords=洪一中
https://events.ettoday.net/activity/dalemon_Star/article/24252/last
http://line.naver.jp/R/msg/text/?我，是一隻刺蝟。%0D%0Ahttps://events.ettoday.net/activity/dalemon_readbeanQQ/article/26075
http://chart.apis.google.com/chart?cht=qr&choe=UTF-8&chs=300x300&chl=https://www.ettoday.net/news/20200415/1692508.htm
https://pinterest.com/pin/create/button/?url=//star.ettoday.net/news/1692479&media=https://cdn2.ettoday.net/images/4819/d4819225.jpg&description=不演了！《聲林之王》好閨蜜許維芳與李佳歡日前各自在網路發布一張牽手照，如今終於公開藏鏡人，原來就是兩位好姐妹一同合作翻唱范瑋琪與張韶涵的歌曲《如果的事》，讓許多粉絲又驚又喜，並吸引大家緊盯著時間等待晚間8點的首播。
https://www.facebook.com/sharer.php?u=https://star.ettoday.net/news/1692265?from=fb_share_web
https://www.ettoday.net/news/20200331/1680955.htm
https://sports.ettoday.net/news/1692549
https://events.ettoday.net/activity/dalemon_Shitpost/article/23575/last
http://line.naver.jp/R/msg/text/?茵他濃國家公園+國王皇后雙塔+瀑布洗滌-帶你走訪泰國第一高峰%0D%0Ahttps://events.ettoday.net/activity/dalemon_Yummy/article/31739
http://chart.apis.google.com/chart?cht=qr&choe=UTF-8&chs=300x300&chl=https://www.ettoday.net/news/20200416/1692543.htm
https://pinterest.com/pin/create/button/?url=//star.ettoday.net/news/1692548&media=https://cdn2.ettoday.net/images/4819/d4819561.jpg&description=2020年一轉眼間來到了4月，也將迎來春暖花開的季節，有些星座更將迎來好運。星座專家Amanda就在《命運好好玩》分享在今年的春夏之際，即將迎來好運的三大星座，供大家參考。
http://www.facebook.com/jessicalawmingka/
https://www.ettoday.net/news/20200413/1689975.htm?ercamp=sorted_hot_news
https://boba.ettoday.net/category/239/209866
https://events.ettoday.net/activity/dalemon_work/180/last/5
http://line.naver.jp/R/msg/text/?粉花大爆發！特搜南部夢幻「5大花旗木秘境」　還能順遊天空走廊%0D%0Ahttps://travel.ettoday.net/article/1688515.htm
http://chart.apis.google.com/chart?cht=qr&choe=UTF-8&chs=300x300&chl=https://www.ettoday.net/news/20190927/1544518.htm
https://pinterest.com/pin/create/button/?url=//star.ettoday.net/news/1692072&media=https://cdn2.ettoday.net/images/4817/d4817875.jpg&description=尹正在《鬢邊不是海棠紅》飾演京劇名角商細蕊，扮相深受觀眾讚賞，演出十套以上京劇樣貌，尹正透露見網友寫下：「喜歡商細蕊扮相真好看，平常像大傻子上舞台這麼美。」感到興奮又開心。劇情更受矚目的是與程二爺（黃曉明飾演）之間的情誼，兩人相知相惜引起網友許多共鳴。
https://www.facebook.com/sharer.php?u=https://star.ettoday.net/news/1692509?from=fb_share_web
https://www.ettoday.net/news/20200415/1691887.htm
https://boba.ettoday.net/sub_category/274/564/138440
https://events.ettoday.net/activity/dalemon_horror/article/32075/last
http://line.naver.jp/R/msg/text/?賣烤香腸養癱瘓兒！新竹城隍廟老夫妻苦撐小攤　「顧到闔眼那一刻」%0D%0Ahttps://travel.ettoday.net/article/1691934.htm
http://chart.apis.google.com/chart?cht=qr&choe=UTF-8&chs=300x300&chl=https://www.ettoday.net/news/20200326/1677546.htm
https://pinterest.com/pin/create/button/?url=//star.ettoday.net/news/1689405&media=https://cdn2.ettoday.net/images/4811/d4811219.jpg&description=相信最近許多人的社群網站都充斥著韓劇《夫婦的世界》（又譯：夫妻的世界）的相關貼文。這部改編自英國BBC ONE影集《福斯特醫生（Doctor Foster）》的重口味狗血劇，劇中當面大膽挑釁正宮的「超強小三」呂多景，也因神似混血兒的美貌，抓住眾人目光，讓飾演這個角色的新生代演員韓素希，獲得大量曝光。
http://www.facebook.com/sharer.php?u=https://sports.ettoday.net/news/1692047?from=fb_share_web
https://www.ettoday.net/news/tag/黃曉明/
https://boba.ettoday.net/video/228/113/144742
https://events.ettoday.net/activity/dalemon_inlove/article/26128/last
http://line.naver.jp/R/msg/text/?親愛的，我把你給砍了%0D%0Ahttps://events.ettoday.net/activity/dalemon_readbeanQQ/article/26872
http://chart.apis.google.com/chart?cht=qr&choe=UTF-8&chs=300x300&chl=https://www.ettoday.net/news/20200212/1644135.htm
https://pinterest.com/pin/create/button/?url=//star.ettoday.net/news/1692471&media=https://cdn2.ettoday.net/images/4819/d4819182.jpg&description=主播張雅琴言詞犀利辛辣，被封為「女戰神」的她，近期更因為以流利全英語砲轟譚德塞，引起熱烈迴響。藝人又仁化身「阿琴」，用全英文模仿張雅琴播報新聞，並呼籲大眾如何正確戴口罩，還意外釣出張雅琴本人回應，笑翻一大票網友。
https://www.facebook.com/ETtodayYUMMY
https://forum.ettoday.net/news/1651197 
https://boba.ettoday.net/video/232/380/202248
https://events.ettoday.net/activity/dalemon_Yummy/article/24591/last
http://line.naver.jp/R/msg/text/?我的千面同事%0D%0Ahttps://events.ettoday.net/activity/dalemon_work/article/25531
http://chart.apis.google.com/chart?cht=qr&choe=UTF-8&chs=300x300&chl=https://www.ettoday.net/news/20200226/1654824.htm
https://pinterest.com/pin/create/button/?url=//star.ettoday.net/news/1692464&media=https://cdn2.ettoday.net/images/4819/d4819160.jpg&description=藝人雞排妹（鄭家純）清純外表配上火辣身材，風格大膽直接，立場鮮明，經常在臉書上分享時事看法，因此累積了不少忠實粉絲。而她日前卻PO出兩張對話截圖，透露自己的照片竟被豐胸產品的廠商盜用，拿去做廣告，讓她笑道「滿用心的」。
https://www.facebook.com/katchangofficial/
https://travel.ettoday.net/category/遊輪旅遊/
https://boba.ettoday.net/videonews/207595
https://events.ettoday.net/activity/dalemon_readbeanQQ/article/24141
http://line.naver.jp/R/msg/text/?動漫一直影響我們的生活%0D%0Ahttps://events.ettoday.net/activity/dalemon_Shitpost/article/26121
http://chart.apis.google.com/chart?cht=qr&choe=UTF-8&chs=300x300&chl=https://www.ettoday.net/news/20200416/1692560.htm
https://pinterest.com/pin/create/button/?url=//star.ettoday.net/news/1691597&media=https://cdn2.ettoday.net/images/4816/d4816721.jpg&description=大陸女星李小璐和饒舌歌手PG ONE爆婚外情，又遭洩親嘴影片，和賈乃亮7年婚姻告終。而她和PG ONE近日又因為曬出跳舞影片，舞步相近掀起外界議論，對此男方14日回應了。
https://www.facebook.com/戴資穎-Tai-Tzu-Ying-164965326883996/
https://www.ettoday.net/dalemon/post/48655
https://boba.ettoday.net/sub_category/228/417
https://events.ettoday.net/activity/dalemon_readbeanQQ/article/23759/last
http://line.naver.jp/R/msg/text/?台版小萬里長城！新北登山步道秘境　360度賞神級山海美景%0D%0Ahttps://travel.ettoday.net/article/1691380.htm
http://chart.apis.google.com/chart?cht=qr&choe=UTF-8&chs=300x300&chl=https://www.ettoday.net/news/20181104/1296436.htm
https://pinterest.com/pin/create/button/?url=//star.ettoday.net/news/1692490&media=https://cdn2.ettoday.net/images/4819/d4819279.jpg&description=藝人羅志祥先前受新冠肺炎疫情影響，無法飛往大陸，導致接連缺席《創造營2020》、《極限挑戰》等節目錄製。不過，他最近終於安排妥當，在15日啟程，為了防疫做足準備，用護目鏡、面罩等道具把自己嚴密保護起來，包到幾乎都快看不到臉！
http://www.facebook.com/sharer.php?u=https://travel.ettoday.net/article/1691934.htm?from=fb_share_web
https://www.ettoday.net/news/20200414/1690725.htm
https://boba.ettoday.net/sub_category/239/467
https://events.ettoday.net/activity/dalemon_horror/article/23877/last
http://line.naver.jp/R/msg/text/?阿贊道正法聖物的莊嚴震撼%0D%0Ahttps://events.ettoday.net/activity/dalemon_horror/article/32047
http://chart.apis.google.com/chart?cht=qr&choe=UTF-8&chs=300x300&chl=https://www.ettoday.net/news/20181225/1340284.htm
https://pinterest.com/pin/create/button/?url=//star.ettoday.net/news/1692158&media=https://cdn2.ettoday.net/images/4818/d4818235.jpg&description=收視破3的冠軍好戲《天之蕉子》後，新劇《羅雀高飛》15日舉辦隆重開鏡，該劇描述少女羅雀因母病逝，椎心之痛轉化為對人的悲憫，立願濟世助人的故事。對演員來說最重要的課題就是「說台語」，大元就笑說小時候雖然與阿嬤會說台語，但現在一看到劇本舌頭就打結。
http://www.facebook.com/sharer.php?u=https://sports.ettoday.net/news/1692405?from=fb_share_web
https://www.ettoday.net/news/20200414/1691590.htm
https://boba.ettoday.net/video/230/155/20427
https://events.ettoday.net/activity/dalemon_Shitpost/article/23768
http://line.naver.jp/R/msg/text/?4次拍到UFO！　13歲日本男孩自稱能用心電感應溝通%0D%0Ahttps://www.ettoday.net/news/20180621/1195409.htm
http://chart.apis.google.com/chart?cht=qr&choe=UTF-8&chs=300x300&chl=https://www.ettoday.net/news/20161010/790675.htm
https://pinterest.com/pin/create/button/?url=//star.ettoday.net/news/1692540&media=https://cdn2.ettoday.net/images/4819/d4819501.jpg&description=大陸女星范冰冰近年捲入不少風波，包含逃稅事件，與交往多年的李晨分手等，人紅是非多，也因此招致不少酸民辱罵、攻擊，日前她也因不堪其擾提告，沒想到在對方寫下長篇道歉信後，傳出她心軟決定撤告，不料此舉引發粉絲團不滿，發出聲明喊話「你對他們寬厚仁慈，寒的就是粉絲的心」。
https://www.facebook.com/orangeboyfight/
https://house.ettoday.net/focus/房產新聞/8
https://boba.ettoday.net/video/231/329/64482
https://events.ettoday.net/activity/dalemon_inlove/rules
http://line.naver.jp/R/msg/text/?股市菜鳥考照記%0D%0Ahttps://events.ettoday.net/activity/dalemon_work/article/25902
http://chart.apis.google.com/chart?cht=qr&choe=UTF-8&chs=300x300&chl=https://www.ettoday.net/news/20200414/1691527.htm
https://pinterest.com/pin/create/button/?url=//star.ettoday.net/news/1692446&media=https://cdn2.ettoday.net/images/4819/d4819158.jpg&description=男星劉以豪因為帥氣的外表與挺拔的身材，擄獲許多女粉絲芳心，甚至紅到日韓被封為「台灣男友」。他14日驚喜公開自己小時候稚嫩的模樣，被意外點名像是網紅蔡阿嘎的1歲半的萌兒蔡桃貴，引起網友瘋狂討論。
https://www.facebook.com/sharer/sharer.php?u=https%3A%2F%2Fwww.ettoday.net%2Fdalemon%2Fpost%2F43583&amp;src=sdkpreparse
https://www.ettoday.net/news/20200107/1619426.htm?feature=王令麟&tab_id=1016
https://boba.ettoday.net/video/274/563/136656
https://events.ettoday.net/depth-report/Xmas2019/index.html?from=fashion-pc-menu
http://line.naver.jp/R/msg/text/?【兒童節禮物排行榜】孩子們最愛的7大卡通蛋糕造型推薦%0D%0Ahttps://events.ettoday.net/activity/dalemon_Yummy/article/31976
http://chart.apis.google.com/chart?cht=qr&choe=UTF-8&chs=300x300&chl=https://www.ettoday.net/news/20160617/718053.htm
https://pinterest.com/pin/create/button/?url=//star.ettoday.net/news/1691250&media=https://cdn2.ettoday.net/images/4815/d4815912.jpg&description=南韓女團GFRIEND成員們各個長相甜美且能歌善舞，憑藉獨樹一格的曲風與整齊劃一的「刀群舞」穩站演藝圈中的大勢女團，私底下的她們也常常會上線與歌迷互動，寵粉的舉動吸引了大批鐵粉追捧，近日信飛便分享了自己以前聽歌使用的MP3，沒想到竟發現了與網友的「年代差異」造成熱議。
https://www.facebook.com/sharer/sharer.php?u=https%3A%2F%2Fwww.ettoday.net%2Fdalemon%2Fpost%2F49697&amp;src=sdkpreparse
https://www.ettoday.net/news/20200331/1679733.htm?feature=行銷雲&tab_id=14418
https://boba.ettoday.net/video_tag/慧眼看天下/4
https://events.ettoday.net/activity/dalemon_readbeanQQ/article/24623/last
http://line.naver.jp/R/msg/text/?到頭來，古稀之年的兄弟情仍舊是一場空。%0D%0Ahttps://events.ettoday.net/activity/dalemon_readbeanQQ/article/26728
http://chart.apis.google.com/chart?cht=qr&choe=UTF-8&chs=300x300&chl=https://www.ettoday.net/news/20200309/1663434.htm
https://pinterest.com/pin/create/button/?url=//star.ettoday.net/news/1692543&media=https://cdn2.ettoday.net/images/4819/d4819513.jpg&description=香港天王郭富城2017年與小22歲的妻子方媛結婚，兩人婚後生下2個可愛女兒。方媛15日在微博曬出自己的日常照，休閒模樣相當愜意，還有女兒揹著小書包的可愛模樣融化網友，最後一張「手作早餐」更是意外成為亮點。
https://www.facebook.com/sharer.php?u=https://star.ettoday.net/news/1692540?from=fb_share_web
https://www.ettoday.net/news/20200414/1691099.htm
https://fashion.ettoday.net/news/1661275/
https://events.ettoday.net/activity/dalemon_horror/182/last/2
http://line.naver.jp/R/msg/text/?外星人真的存在！英國第1位太空人：也許此刻就在你我旁邊%0D%0Ahttps://www.ettoday.net/news/20200107/1619423.htm
http://chart.apis.google.com/chart?cht=qr&choe=UTF-8&chs=300x300&chl=https://www.ettoday.net/news/20200415/1692527.htm
https://www.facebook.com/sharer.php?u=https://star.ettoday.net/news/1692479?from=fb_share_web
https://www.ettoday.net/news/20191219/1605795.htm?feature=小女花不棄&tab_id=8898
https://star.ettoday.net/media/324
https://events.ettoday.net/activity/dalemon_readbeanQQ/191/last/3
http://line.naver.jp/R/msg/text/?我的雙子女孩%0D%0Ahttps://events.ettoday.net/activity/dalemon_Star/article/23493
http://chart.apis.google.com/chart?cht=qr&choe=UTF-8&chs=300x300&chl=https://www.ettoday.net/news/20200331/1681006.htm
https://www.facebook.com/sharer.php?u=https://star.ettoday.net/news/1692028?from=fb_share_web
https://www.ettoday.net/news/20200329/1679359.htm
https://star.ettoday.net/news/1684300
https://events.ettoday.net/activity/dalemon_inlove/article/24552/last
http://line.naver.jp/R/msg/text/?台大學生的一天│NTU台大VLOG%0D%0Ahttps://events.ettoday.net/activity/dalemon_Shitpost/article/26549
http://chart.apis.google.com/chart?cht=qr&choe=UTF-8&chs=300x300&chl=https://www.ettoday.net/news/20200415/1692484.htm
https://www.facebook.com/sharer/sharer.php?u=https%3A%2F%2Fwww.ettoday.net%2Fdalemon%2Fpost%2F42374&amp;src=sdkpreparse
https://www.ettoday.net/news/focus/大陸/華聞快遞/
https://boba.ettoday.net/sub_category/230/641
https://events.ettoday.net/activity/dalemon_work/article/23133/last
http://line.naver.jp/R/msg/text/?薔者的相親風暴%0D%0Ahttps://events.ettoday.net/activity/dalemon_inlove/article/26787
http://chart.apis.google.com/chart?cht=qr&choe=UTF-8&chs=300x300&chl=https://www.ettoday.net/news/20200120/1629369.htm
https://www.facebook.com/sharer.php?u=https://star.ettoday.net/news/1692410?from=fb_share_web
https://www.ettoday.net/news/tag/立榮/
https://boba.ettoday.net/sub_category/33/404/65360
https://events.ettoday.net/activity/dalemon_work/180
http://line.naver.jp/R/msg/text/?東森社交電商大會登場！2019飆5億佳績「房產新商模」明年啟動　再拚3倍成長%0D%0Ahttps://www.ettoday.net/news/20191228/1612425.htm
http://chart.apis.google.com/chart?cht=qr&choe=UTF-8&chs=300x300&chl=https://www.ettoday.net/news/20200414/1691449.htm
https://www.facebook.com/damon624/
https://health.ettoday.net/news/1016662
https://boba.ettoday.net/video/231/329/70056
https://events.ettoday.net/activity/dalemon_inlove/article/26803/last
http://line.naver.jp/R/msg/text/?立志當副總統%0D%0Ahttps://events.ettoday.net/activity/dalemon_Shitpost/article/26120
http://chart.apis.google.com/chart?cht=qr&choe=UTF-8&chs=300x300&chl=https://www.ettoday.net/news/20191210/1595680.htm
https://www.facebook.com/groups/1176828279106223/
https://travel.ettoday.net/category/航空動態/
https://boba.ettoday.net/video_tag/了不起的長城
https://events.ettoday.net/activity/dalemon_work/article/23138/last
http://line.naver.jp/R/msg/text/?開黃腔真的一點都不幽默%0D%0Ahttps://events.ettoday.net/activity/dalemon_inlove/article/26795
http://chart.apis.google.com/chart?cht=qr&choe=UTF-8&chs=300x300&chl=https://www.ettoday.net/news/20200221/1651172.htm
https://www.facebook.com/sharer/sharer.php?u=https://travel.ettoday.net/article/1691934.htm
https://travel.ettoday.net/category/遊樂園/?&page=8
https://boba.ettoday.net/videonews/210134
https://events.ettoday.net/activity/dalemon_readbeanQQ/article/23578
http://line.naver.jp/R/msg/text/?東森新零售發威加碼佈局東南亞　王令麟：2020是國際化戰略佈局元年！%0D%0Ahttps://www.ettoday.net/news/20200108/1620493.htm
http://chart.apis.google.com/chart?cht=qr&choe=UTF-8&chs=300x300&chl=https://www.ettoday.net/news/20200329/1679312.htm
http://www.facebook.com/sharer.php?u=https://travel.ettoday.net/article/1348219.htm?from=fb_share_web
https://www.ettoday.net/news/20161024/798553.htm?ercamp=sorted_hot_news
https://fashion.ettoday.net/news/1672558/
https://events.ettoday.net/activity/dalemon_horror/article/25856/last
http://chart.apis.google.com/chart?cht=qr&choe=UTF-8&chs=300x300&chl=https://www.ettoday.net/news/20200313/1666690.htm
https://www.facebook.com/sharer.php?u=https://star.ettoday.net/news/1692381?from=fb_share_web
https://www.ettoday.net/news/20190415/1422925.htm
https://sports.ettoday.net/news-list/籃球/SBL、WSBL
https://events.ettoday.net/activity/dalemon_work/article/22556/last
http://chart.apis.google.com/chart?cht=qr&choe=UTF-8&chs=300x300&chl=https://www.ettoday.net/news/20200415/1691785.htm
https://www.facebook.com/ETtodayHealth
https://www.ettoday.net/news/20190824/1520410.htm?feature=我們不能是朋友&tab_id=5764
https://sports.ettoday.net/news-search.phtml?keywords=水手&idx=1&kind=10&page=7
https://events.ettoday.net/activity/dalemon_inlove/article/23625
http://chart.apis.google.com/chart?cht=qr&choe=UTF-8&chs=300x300&chl=https://www.ettoday.net/news/20200326/1677363.htm
http://www.facebook.com/sharer.php?u=https://sports.ettoday.net/news/1692553?from=fb_share_web
https://health.ettoday.net/news/1650840
https://boba.ettoday.net/sub_category/231/451
https://events.ettoday.net/activity/dalemon_horror/article/22573/last
http://chart.apis.google.com/chart?cht=qr&choe=UTF-8&chs=300x300&chl=https://www.ettoday.net/news/20191119/1583371.htm
http://www.facebook.com/sharer.php?u=https://sports.ettoday.net/news/1692414?from=fb_share_web
https://health.ettoday.net/news/1653395
https://boba.ettoday.net/sub_category/267/462
https://events.ettoday.net/activity/dalemon_horror/article/31908/last
http://chart.apis.google.com/chart?cht=qr&choe=UTF-8&chs=300x300&chl=https://www.ettoday.net/news/20200325/1676466.htm
http://www.facebook.com/sharer.php?u=https://sports.ettoday.net/news/1690964?from=fb_share_web
https://house.ettoday.net/news/1682841
https://boba.ettoday.net/video/239/190/68150
https://events.ettoday.net/activity/dalemon_work/180/last/2
http://chart.apis.google.com/chart?cht=qr&choe=UTF-8&chs=300x300&chl=https://www.ettoday.net/news/20200211/1643332.htm
https://www.facebook.com/sharer/sharer.php?u=https%3A%2F%2Fwww.ettoday.net%2Fdalemon%2Fpost%2F49700&amp;src=sdkpreparse
https://www.ettoday.net/changeReadType.php?rtype=0&rurl=https%3A%2F%2Fforum.ettoday.net%2Fnews%2F1690346
https://boba.ettoday.net/video/239/519/209762
https://events.ettoday.net/activity/dalemon_Yummy/192
http://chart.apis.google.com/chart?cht=qr&choe=UTF-8&chs=300x300&chl=https://www.ettoday.net/news/20200415/1691222.htm
https://www.facebook.com/sharer.php?u=https://star.ettoday.net/news/1691506?from=fb_share_web
https://www.ettoday.net/news/20200416/1692551.htm
https://fashion.ettoday.net/news/1691096/
https://events.ettoday.net/activity/dalemon_Yummy/article/24567/last
http://chart.apis.google.com/chart?cht=qr&choe=UTF-8&chs=300x300&chl=https://www.ettoday.net/news/20200415/1691968.htm
https://www.facebook.com/sharer.php?u=https://star.ettoday.net/news/1692008?from=fb_share_web
https://speed.ettoday.net/tag.phtml?tag=ETHummer
https://boba.ettoday.net/sub_category/228/460
https://events.ettoday.net/activity/dalemon_horror/article/25952/last
http://chart.apis.google.com/chart?cht=qr&choe=UTF-8&chs=300x300&chl=https://www.ettoday.net/news/20200310/1663550.htm
https://www.facebook.com/sharer.php?u=https://star.ettoday.net/photo-list/16940?from=fb_share_web
https://www.ettoday.net/feature/ufo/944/3
https://boba.ettoday.net/video/230/633/208327
https://events.ettoday.net/liveband.phtml
http://chart.apis.google.com/chart?cht=qr&choe=UTF-8&chs=300x300&chl=https://www.ettoday.net/news/20181101/1295997.htm
http://www.facebook.com/sharer.php?u=https://sports.ettoday.net/news/1691369?from=fb_share_web
https://www.ettoday.net/news/20190614/1466966.htm
https://star.ettoday.net/news/1652018
https://events.ettoday.net/activity/dalemon_Star/article/24436
http://chart.apis.google.com/chart?cht=qr&choe=UTF-8&chs=300x300&chl=https://www.ettoday.net/news/20200415/1692230.htm
http://www.facebook.com/sharer.php?u=https://sports.ettoday.net/news/1691206?from=fb_share_web
https://www.ettoday.net/news/20200211/1643014.htm?from=feature
https://star.ettoday.net/news/1690373
https://events.ettoday.net/activity/dalemon_Yummy/article/24417/last
http://chart.apis.google.com/chart?cht=qr&choe=UTF-8&chs=300x300&chl=https://www.ettoday.net/news/20200415/1692458.htm
https://www.facebook.com/sharer.php?u=https://star.ettoday.net/news/1692058?from=fb_share_web
https://www.ettoday.net/news/20200415/1692437.htm
https://boba.ettoday.net/sub_category/231/405
https://events.ettoday.net/activity/dalemon_work/article/24929/last
http://chart.apis.google.com/chart?cht=qr&choe=UTF-8&chs=300x300&chl=https://www.ettoday.net/news/20200414/1691546.htm
https://www.facebook.com/ETtodayMOVIE
https://www.ettoday.net/news/20180818/1238031.htm?from=feature
https://boba.ettoday.net/video/230/406/70933
https://events.ettoday.net/activity/dalemon_Shitpost/article/25981/last
http://chart.apis.google.com/chart?cht=qr&choe=UTF-8&chs=300x300&chl=https://www.ettoday.net/news/20200416/1692344.htm
http://www.facebook.com/jessiecaca1995/
https://www.ettoday.net/news/20190927/1544544.htm
https://boba.ettoday.net/video/233/616/193896
https://events.ettoday.net/activity/dalemon_Shitpost/article/26019/last
http://chart.apis.google.com/chart?cht=qr&choe=UTF-8&chs=300x300&chl=https://www.ettoday.net/news/20200228/1656257.htm
http://www.facebook.com/katchangofficial/
https://www.ettoday.net/news/20200414/1690844.htm?ercamp=sorted_hot_news
https://boba.ettoday.net/videonews/210136
https://events.ettoday.net/activity/dalemon_Shitpost/article/23520/last
http://chart.apis.google.com/chart?cht=qr&choe=UTF-8&chs=300x300&chl=https://www.ettoday.net/news/20190904/1527897.htm
https://www.facebook.com/UnderArmourTaiwan/posts/1373319086162840?__tn__=-R
https://www.ettoday.net/news/20200210/1642335.htm?feature=習近平&tab_id=4458
https://fashion.ettoday.net/news/1666028/
https://events.ettoday.net/activity/dalemon_inlove/article/23789
http://chart.apis.google.com/chart?cht=qr&choe=UTF-8&chs=300x300&chl=https://www.ettoday.net/news/20200411/1689366.htm
https://www.facebook.com/sharer/sharer.php?u=https%3A%2F%2Fwww.ettoday.net%2Fdalemon%2Fpost%2F46144&amp;src=sdkpreparse
https://www.ettoday.net/news/20200412/1689583.htm
https://sports.ettoday.net/news-list/棒球/MLB/2
https://events.ettoday.net/activity/dalemon_horror/article/25879
http://chart.apis.google.com/chart?cht=qr&choe=UTF-8&chs=300x300&chl=https://www.ettoday.net/news/20200409/1687356.htm
https://www.facebook.com/sharer.php?u=https://star.ettoday.net/news/1691562?from=fb_share_web
https://www.ettoday.net/news/20200415/1692311.htm
https://sports.ettoday.net/news/1692392
https://events.ettoday.net/activity/dalemon_Shitpost/article/23423/last
http://chart.apis.google.com/chart?cht=qr&choe=UTF-8&chs=300x300&chl=https://www.ettoday.net/news/20191007/1552248.htm
https://www.facebook.com/sharer/sharer.php?u=http%3A%2F%2Fwww.ettoday.net%2Fdalemon%2Fpost%2F43610&amp;src=sdkpreparse
https://www.ettoday.net/news/tag/陳韋霖/
https://star.ettoday.net/news/1692526
https://events.ettoday.net/activity/dalemon_inlove/article/23907
http://chart.apis.google.com/chart?cht=qr&choe=UTF-8&chs=300x300&chl=https://www.ettoday.net/news/20190614/1466723.htm
https://www.facebook.com/sharer/sharer.php?u=https%3A%2F%2Fwww.ettoday.net%2Fdalemon%2Fpost%2F45101&amp;src=sdkpreparse
https://health.ettoday.net/search.phtml?keyword=防疫知識
https://boba.ettoday.net/sub_category/277/606/198165
https://events.ettoday.net/activity/dalemon_horror/article/24124/last
http://chart.apis.google.com/chart?cht=qr&choe=UTF-8&chs=300x300&chl=https://www.ettoday.net/news/20200415/1691748.htm
https://www.facebook.com/ETtodayHEALTH/
https://travel.ettoday.net/focus/日本旅遊/
https://boba.ettoday.net/video/229/324/210149
https://events.ettoday.net/activity/dalemon_Yummy/article/24565/last
http://chart.apis.google.com/chart?cht=qr&choe=UTF-8&chs=300x300&chl=https://www.ettoday.net/news/20200327/1677498.htm
https://www.facebook.com/ETtoday88/
https://www.ettoday.net/news/20191228/1612283.htm?feature=2020世界新車大展&tab_id=14307
https://boba.ettoday.net/video/230/421/161633
https://events.ettoday.net/activity/dalemon_work/article/23110/last
http://chart.apis.google.com/chart?cht=qr&choe=UTF-8&chs=300x300&chl=https://www.ettoday.net/news/20200415/1692476.htm
http://www.facebook.com/sharer.php?u=https://sports.ettoday.net/news/1691910?from=fb_share_web
https://www.ettoday.net/news/20200110/1622380.htm?feature=戴資穎&tab_id=1236
https://boba.ettoday.net/video/232/262/30609
https://events.ettoday.net/activity/dalemon_readbeanQQ/article/25168/last
http://chart.apis.google.com/chart?cht=qr&choe=UTF-8&chs=300x300&chl=https://www.ettoday.net/news/20200414/1691484.htm
https://www.facebook.com/sharer/sharer.php?u=https%3A%2F%2Fwww.ettoday.net%2Fdalemon%2Fpost%2F49701&amp;src=sdkpreparse
https://www.ettoday.net/news/20200305/1659905.htm
https://boba.ettoday.net/sub_category/266/466/202615
https://events.ettoday.net/activity/dalemon_work/article/22558/last
http://chart.apis.google.com/chart?cht=qr&choe=UTF-8&chs=300x300&chl=https://www.ettoday.net/news/20200415/1692526.htm
https://www.facebook.com/sharer.php?u=https://star.ettoday.net/news/1691442?from=fb_share_web
https://www.ettoday.net/news/20200325/1676332.htm
https://boba.ettoday.net/videonews/210087?from=sports_pc_sidebar_bobahot
https://events.ettoday.net/activity/dalemon_Shitpost/article/26773/last
http://chart.apis.google.com/chart?cht=qr&choe=UTF-8&chs=300x300&chl=https://www.ettoday.net/news/20200401/1681166.htm
https://www.facebook.com/sharer/sharer.php?u=http%3A%2F%2Fwww.ettoday.net%2Fdalemon%2Fpost%2F49713&amp;src=sdkpreparse
https://www.ettoday.net/news/20191122/1585823.htm?from=feature
https://boba.ettoday.net/video/231/455/204321
https://events.ettoday.net/activity/dalemon_inlove/article/24412/last
http://chart.apis.google.com/chart?cht=qr&choe=UTF-8&chs=300x300&chl=https://www.ettoday.net/news/20191213/1600401.htm
https://www.facebook.com/sharer/sharer.php?u=http%3A%2F%2Fwww.ettoday.net%2Fdalemon%2Fpost%2F49718&amp;src=sdkpreparse
https://www.ettoday.net/news/tag/皺紋/
https://boba.ettoday.net/video/239/163/156351
https://events.ettoday.net/activity/dalemon_Shitpost/195
http://chart.apis.google.com/chart?cht=qr&choe=UTF-8&chs=300x300&chl=https://www.ettoday.net/news/20200208/1640093.htm
https://www.facebook.com/fairytaleisfake/
https://www.ettoday.net/news/20180817/1237261.htm?from=feature
https://boba.ettoday.net/video/239/304/38804
https://events.ettoday.net/activity/dalemon_horror/article/23211/last
http://chart.apis.google.com/chart?cht=qr&choe=UTF-8&chs=300x300&chl=https://www.ettoday.net/news/20190425/1430254.htm
https://www.facebook.com/sharer.php?u=https://forum.ettoday.net/column/news/薛承泰
https://www.ettoday.net/news/20200226/1654435.htm
https://boba.ettoday.net/video/274/726/199869
https://events.ettoday.net/activity/dalemon_Yummy/article/26003/last
http://chart.apis.google.com/chart?cht=qr&choe=UTF-8&chs=300x300&chl=https://www.ettoday.net/news/20200414/1691176.htm
https://www.facebook.com/sharer.php?u=https://star.ettoday.net/news/1692162?from=fb_share_web
https://www.ettoday.net/news/20200309/1662996.htm
https://fashion.ettoday.net/news/1659849
https://events.ettoday.net/activity/dalemon_horror/article/30824
http://chart.apis.google.com/chart?cht=qr&choe=UTF-8&chs=300x300&chl=https://www.ettoday.net/news/20181030/1290166.htm
http://www.facebook.com/sharer.php?u=https://sports.ettoday.net/news/1691775?from=fb_share_web
https://www.ettoday.net/news/20191118/1582538.htm
https://star.ettoday.net/search.phtml?keywords=TWICE
https://events.ettoday.net/activity/dalemon_horror/rules
http://chart.apis.google.com/chart?cht=qr&choe=UTF-8&chs=300x300&chl=https://www.ettoday.net/news/20200415/1691983.htm
https://www.facebook.com/FUNMOVIELAILAI
https://www.ettoday.net/news/20200402/1682920.htm
https://boba.ettoday.net/category/240/204690
https://events.ettoday.net/activity/dalemon_Shitpost/article/24396/last
http://chart.apis.google.com/chart?cht=qr&choe=UTF-8&chs=300x300&chl=https://www.ettoday.net/news/20200415/1691622.htm
https://www.facebook.com/sharer.php?u=https://star.ettoday.net/news/1692510?from=fb_share_web
https://www.ettoday.net/news/tag/示威/
https://boba.ettoday.net/video/233/465/126095
https://events.ettoday.net/activity/dalemon_Yummy/article/24279/last
http://chart.apis.google.com/chart?cht=qr&choe=UTF-8&chs=300x300&chl=https://www.ettoday.net/news/20200415/1692220.htm
https://www.facebook.com/voltexcosmos/
http://travel.ettoday.net/article/1692283.htm
https://boba.ettoday.net/video/243/351/47207
https://events.ettoday.net/activity/dalemon_horror/article/24538/last
http://chart.apis.google.com/chart?cht=qr&choe=UTF-8&chs=300x300&chl=https://www.ettoday.net/news/20190430/1433823.htm
https://www.facebook.com/chingtraveling/
https://www.ettoday.net/news/20190110/1351739.htm
https://boba.ettoday.net/video_tag/長頸鹿
https://events.ettoday.net/activity/dalemon_Shitpost/article/26122/last
http://chart.apis.google.com/chart?cht=qr&choe=UTF-8&chs=300x300&chl=https://www.ettoday.net/news/20200217/1647254.htm
https://www.facebook.com/sharer.php?u=https://star.ettoday.net/news/1692543?from=fb_share_web
https://www.ettoday.net/news/20191009/1553516.htm
https://sports.ettoday.net/news/1691902
https://events.ettoday.net/activity/dalemon_Shitpost/article/25715/last
http://chart.apis.google.com/chart?cht=qr&choe=UTF-8&chs=300x300&chl=https://www.ettoday.net/news/20200103/1611000.htm
http://www.facebook.com/sharer.php?u=https://sports.ettoday.net/news/1692246?from=fb_share_web
https://www.ettoday.net/feature/englishgohappy/5131/3
https://star.ettoday.net/media/229/210148
https://events.ettoday.net/activity/dalemon_readbeanQQ/article/25980/last
http://chart.apis.google.com/chart?cht=qr&choe=UTF-8&chs=300x300&chl=https://www.ettoday.net/news/20191009/1554091.htm
https://www.facebook.com/FeastPingle/
https://www.ettoday.net/news/20190903/1527431.htm?from=pctaglist 
https://boba.ettoday.net/video/233/443/83414
https://events.ettoday.net/activity/dalemon_Yummy/article/23489
http://chart.apis.google.com/chart?cht=qr&choe=UTF-8&chs=300x300&chl=https://www.ettoday.net/news/20200409/1687113.htm
http://www.facebook.com/sharer.php?u=https://sports.ettoday.net/news/1692279?from=fb_share_web
https://www.ettoday.net/news/20190614/1467028.htm
https://fashion.ettoday.net/focus/最新/4
https://events.ettoday.net/activity/dalemon_Shitpost/article/24529/last
http://chart.apis.google.com/chart?cht=qr&choe=UTF-8&chs=300x300&chl=https://www.ettoday.net/news/20200406/1685041.htm
https://www.facebook.com/sharer.php?u=https://star.ettoday.net/photo-list/16942?from=fb_share_web
https://www.ettoday.net/news/20200223/1651879.htm
https://star.ettoday.net/news/1691624
https://events.ettoday.net/activity/dalemon_Shitpost/article/23423
http://chart.apis.google.com/chart?cht=qr&choe=UTF-8&chs=300x300&chl=https://www.ettoday.net/news/20200103/1616815.htm
https://www.facebook.com/sharer/sharer.php?u=https%3A%2F%2Fwww.ettoday.net%2Fdalemon%2Fpost%2F46175&amp;src=sdkpreparse
https://www.ettoday.net/news/20200225/1653659.htm
https://boba.ettoday.net/video/239/189/204571
https://events.ettoday.net/activity/dalemon_Yummy/article/24564/last
http://chart.apis.google.com/chart?cht=qr&choe=UTF-8&chs=300x300&chl=https://www.ettoday.net/news/20180904/1251632.htm
https://www.facebook.com/sharer/sharer.php?u=https://travel.ettoday.net/article/1688515.htm
https://www.ettoday.net/news/20200401/1682102.htm?ercamp=sorted_hot_news
https://boba.ettoday.net/video/239/299/28497
https://events.ettoday.net/pets2018_card/mainevent/index.php?fbclid=IwAR0Ej91ZbcJM7WoIvUM8JeiZy-jn5rsfKwKm_tDDp17o0FIYJeuHt2GkOVc
http://chart.apis.google.com/chart?cht=qr&choe=UTF-8&chs=300x300&chl=https://www.ettoday.net/news/20200305/1660767.htm
http://www.facebook.com/sharer.php?u=https://sports.ettoday.net/news/1692039?from=fb_share_web
https://www.ettoday.net/news/tag/契爾氏/
https://boba.ettoday.net/video/274/561/126255
https://events.ettoday.net/activity/dalemon_horror/article/25690/last
http://chart.apis.google.com/chart?cht=qr&choe=UTF-8&chs=300x300&chl=https://www.ettoday.net/news/20200415/1692371.htm
https://www.facebook.com/sharer.php?u=https://star.ettoday.net/news/1687870?from=fb_share_web
https://health.ettoday.net/news/1668938
https://boba.ettoday.net/video_tag/MsSelena
https://events.ettoday.net/activity/dalemon_Shitpost/article/23562/last
http://chart.apis.google.com/chart?cht=qr&choe=UTF-8&chs=300x300&chl=https://www.ettoday.net/news/20200415/1691842.htm
https://www.facebook.com/Boniubabylookstar/
https://www.ettoday.net/news/20200207/1639928.htm?from=feature
https://fashion.ettoday.net/news/1675578/
https://events.ettoday.net/activity/dalemon_Shitpost/article/24574/last
http://chart.apis.google.com/chart?cht=qr&choe=UTF-8&chs=300x300&chl=https://www.ettoday.net/news/20181227/1341896.htm
https://www.facebook.com/FUNMOVIELAILAI/
https://www.ettoday.net/news/tag/知否/
https://fashion.ettoday.net/search.phtml?keywords=Outdoor
https://events.ettoday.net/activity/dalemon_Shitpost/article/23700/last
http://chart.apis.google.com/chart?cht=qr&choe=UTF-8&chs=300x300&chl=https://www.ettoday.net/news/20200216/1646940.htm
http://www.facebook.com/sharer.php?u=https://sports.ettoday.net/news/1691835?from=fb_share_web
https://www.ettoday.net/news/tag/阿Ben/
https://sports.ettoday.net/news-search.phtml?keywords=JHBL
https://events.ettoday.net/activity/dalemon_work/article/22565/last
http://chart.apis.google.com/chart?cht=qr&choe=UTF-8&chs=300x300&chl=https://www.ettoday.net/news/20191022/1560014.htm
https://www.facebook.com/ET.Lemons
https://www.ettoday.net/news/20200215/1645973.htm?feature=習近平&tab_id=4458
https://star.ettoday.net/photo/16940/6
https://events.ettoday.net/activity/dalemon_Yummy/article/31861/last
http://chart.apis.google.com/chart?cht=qr&choe=UTF-8&chs=300x300&chl=https://www.ettoday.net/news/20190613/1466465.htm
https://www.facebook.com/sharer.php?u=https://star.ettoday.net/news/1692313?from=fb_share_web
https://www.ettoday.net/dalemon/post/45971
https://boba.ettoday.net/sub_category/274/564/138160
https://events.ettoday.net/activity/dalemon_horror/article/23496/last
http://chart.apis.google.com/chart?cht=qr&choe=UTF-8&chs=300x300&chl=https://www.ettoday.net/news/20200414/1691013.htm
https://www.facebook.com/sharer.php?u=https://star.ettoday.net/news/1692141?from=fb_share_web
https://www.ettoday.net/news/20200330/1680380.htm
https://boba.ettoday.net/video/232/560/204209
https://events.ettoday.net/activity/dalemon_horror/article/23183/last
http://chart.apis.google.com/chart?cht=qr&choe=UTF-8&chs=300x300&chl=https://www.ettoday.net/news/20200328/1678427.htm
https://www.facebook.com/sharer/sharer.php?u=http%3A%2F%2Fwww.ettoday.net%2Fdalemon%2Fpost%2F49505&amp;src=sdkpreparse
https://www.ettoday.net/news/tag/Kiehl’s/
https://boba.ettoday.net/videonews/209656
https://events.ettoday.net/activity/dalemon_readbeanQQ/article/24655/last
http://chart.apis.google.com/chart?cht=qr&choe=UTF-8&chs=300x300&chl=https://www.ettoday.net/news/20200415/1691735.htm
https://www.facebook.com/sharer/sharer.php?u=https%3A%2F%2Fwww.ettoday.net%2Fdalemon%2Fpost%2F43627&amp;src=sdkpreparse
https://forum.ettoday.net/news/1323939
https://boba.ettoday.net/sub_category/232/549
https://events.ettoday.net/activity/dalemon_Shitpost/article/24432/last
http://chart.apis.google.com/chart?cht=qr&choe=UTF-8&chs=300x300&chl=https://www.ettoday.net/news/20200414/1691359.htm
https://www.facebook.com/ETtodayHouse/
https://www.ettoday.net/news/20200211/1643316.htm
https://boba.ettoday.net/sub_category/33/118
https://events.ettoday.net/activity/dalemon_inlove/article/24415/last
http://chart.apis.google.com/chart?cht=qr&choe=UTF-8&chs=300x300&chl=https://www.ettoday.net/news/20200404/1683436.htm
https://www.facebook.com/sharer/sharer.php?u=https%3A%2F%2Fwww.ettoday.net%2Fdalemon%2Fpost%2F49694&amp;src=sdkpreparse
https://health.ettoday.net/news/1687725
https://boba.ettoday.net/video/230/597/209896
https://events.ettoday.net/activity/dalemon_Shitpost/article/24590/last
http://chart.apis.google.com/chart?cht=qr&choe=UTF-8&chs=300x300&chl=https://www.ettoday.net/news/20200320/1672170.htm
https://www.facebook.com/sharer/sharer.php?u=https%3A%2F%2Fwww.ettoday.net%2Fdalemon%2Fpost%2F44786&amp;src=sdkpreparse
https://www.ettoday.net/dalemon/post/	49472	?from=pb_	funny	_pc	
https://boba.ettoday.net/video/239/178/17852
https://events.ettoday.net/activity/dalemon_inlove/article/23630
https://www.facebook.com/sharer/sharer.php?u=https%3A%2F%2Fwww.ettoday.net%2Fdalemon%2Fpost%2F42305&amp;src=sdkpreparse
https://www.ettoday.net/news/tag/元大人壽/
https://boba.ettoday.net/video_tag/防疫
https://events.ettoday.net/activity/dalemon_horror/article/23526/last
https://www.facebook.com/ETtodayTRAVEL
https://www.ettoday.net/news/tag/誠美素直/
https://boba.ettoday.net/video/266/479/209471
https://events.ettoday.net/activity/dalemon_inlove/article/24135/last
https://www.facebook.com/sharer/sharer.php?u=https%3A%2F%2Fwww.ettoday.net%2Fdalemon%2Fpost%2F49718&amp;src=sdkpreparse
https://www.ettoday.net/news/20160104/624481.htm
https://fashion.ettoday.net/news/1663037
https://events.ettoday.net/activity/dalemon_Shitpost/article/25332/last
https://www.facebook.com/sharer.php?u=https://star.ettoday.net/news/1687075?from=fb_share_web
https://www.ettoday.net/news/20200406/1684827.htm
https://fashion.ettoday.net/news/1669023
https://events.ettoday.net/activity/dalemon_Shitpost/article/23812/last
http://www.facebook.com/1551895961496927
https://www.ettoday.net/news/tag/駱惠寧/
https://fashion.ettoday.net/news/1678957/
https://events.ettoday.net/activity/dalemon_Yummy/article/24921/last
https://www.facebook.com/hpagov/
https://www.ettoday.net/news/20200102/1616175.htm?feature=習近平&tab_id=4458
https://sports.ettoday.net/news-list/棒球/中職
https://events.ettoday.net/activity/dalemon_readbeanQQ/article/23516
https://www.facebook.com/sharer.php?u=https://star.ettoday.net/news/1692446?from=fb_share_web
https://www.ettoday.net/news/20200414/1691319.htm
https://sports.ettoday.net/news-list/競技/技擊、球類/4
https://events.ettoday.net/activity/dalemon_work/article/25185/last
https://www.facebook.com/sharer/sharer.php?u=https%3A%2F%2Fwww.ettoday.net%2Fdalemon%2Fpost%2F49704&amp;src=sdkpreparse
https://www.ettoday.net/news/20200415/1690845.htm
https://sports.ettoday.net/news-search.phtml?keywords=史蒂文森
https://events.ettoday.net/activity/dalemon_work/article/22629/last
https://www.facebook.com/sharer/sharer.php?u=https%3A%2F%2Fwww.ettoday.net%2Fdalemon%2Fpost%2F49686&amp;src=sdkpreparse
https://forum.ettoday.net/news/1686795
https://boba.ettoday.net/video/232/349/142402
https://events.ettoday.net/activity/dalemon_horror/182
https://www.facebook.com/%E7%B4%85%E5%88%A9%E7%A9%8D%E9%BB%9E%E7%95%8C%E7%9A%84%E9%84%AD%E7%A7%80%E6%96%87-2089777004570746/
https://www.ettoday.net/news/20200226/1654267.htm
https://boba.ettoday.net/video/232/397/159303
https://events.ettoday.net/activity/dalemon_readbeanQQ/article/23578/last
http://www.facebook.com/sharer.php?u=https://sports.ettoday.net/news/1691849?from=fb_share_web
https://www.ettoday.net/news/tag/LineTV2019/
https://boba.ettoday.net/videonews/206650
https://events.ettoday.net/activity/dalemon_Yummy/article/24562/last
https://www.facebook.com/pg/love.shareESF/posts/?ref=page_internal
https://www.ettoday.net/news/tag/祝文宇/
https://fashion.ettoday.net/search.phtml?keywords=眼鏡
https://events.ettoday.net/activity/dalemon_Yummy/article/25655/last
http://www.facebook.com/953665234971251
https://travel.ettoday.net/category/午餐食客/?&page=10
https://movies.ettoday.net/news/1679996
https://events.ettoday.net/activity/dalemon_work/article/31398/last
https://www.facebook.com/sharer.php?u=https://star.ettoday.net/news/1685625?from=fb_share_web
https://www.ettoday.net/news/20191221/1607039.htm?feature=習近平&tab_id=4458
https://sports.ettoday.net/news/1682378
https://events.ettoday.net/activity/dalemon_work/180/last/3
https://www.facebook.com/sharer/sharer.php?u=https%3A%2F%2Fwww.ettoday.net%2Fdalemon%2Fpost%2F49707&amp;src=sdkpreparse
https://www.ettoday.net/news/20200415/1692459.htm?ercamp=sorted_hot_news
https://sports.ettoday.net/news/1691481
https://events.ettoday.net/activity/dalemon_horror/article/31568/last
https://www.facebook.com/bigmoetentacle/
https://www.ettoday.net/news/20191214/1602176.htm?from=feature
https://boba.ettoday.net/sub_category/266/466/209369
https://events.ettoday.net/activity/dalemon_inlove/article/24677/last
https://www.facebook.com/%E8%83%96%E4%B8%81%E5%91%B7%E9%BA%B5-1018246734877940/
https://www.ettoday.net/news/20200111/1622975.htm?feature=戴資穎&tab_id=1236
https://boba.ettoday.net/sub_category/274/561/135575
https://events.ettoday.net/activity/dalemon_readbeanQQ/article/24097/last
https://www.facebook.com/ETtoday88
https://www.ettoday.net/news/focus/公益/溫馨/
https://boba.ettoday.net/sub_category/33/404/62639
https://events.ettoday.net/activity/dalemon_readbeanQQ/article/23485
https://www.facebook.com/sharer.php?u=https://star.ettoday.net/news/1691309?from=fb_share_web
https://www.ettoday.net/news/tag/歐盟/
https://boba.ettoday.net/video/278/245/209910
https://events.ettoday.net/activity/dalemon_work/article/25075/last
https://www.facebook.com/sharer/sharer.php?u=http%3A%2F%2Fwww.ettoday.net%2Fdalemon%2Fpost%2F43611&amp;src=sdkpreparse
https://speed.ettoday.net/news/1687482?redirect=1&amp;from=fb_extd
https://boba.ettoday.net/videonews/171541
https://events.ettoday.net/activity/dalemon_horror/article/23903/last
https://www.facebook.com/ETtodaySPEED
https://travel.ettoday.net/article/1685657.htm
https://star.ettoday.net/search.phtml?keywords=韋禮安
https://events.ettoday.net/activity/dalemon_work/article/25446/last
https://www.facebook.com/groups/1346565655446474/
https://www.ettoday.net/news/20171120/1031033.htm
https://boba.ettoday.net/sub_category/229/532/123053
https://events.ettoday.net/activity/dalemon_work/article/23512
https://www.facebook.com/sharer.php?u=https://star.ettoday.net/news/1692490?from=fb_share_web
