https://www.setddg.com/PV190926003978714
https://www.setn.com/News.aspx?NewsID=722359
https://travel.setn.com/News/724954
http://line.naver.jp/R/msg/text/?慘！剛遇東出昌大偷吃準備離婚…渡邊杏再遭生母求償12億 | 娛樂星聞 | 三立新聞網  SETN.COM%0D%0Ahttps%3a%2f%2fwww.setn.com%2fe%2fNews.aspx%3fNewsID%3d722406
https://attach.setddg.com/001193/00057078/000076467_XXL.jpeg
https://baodao.setn.com/Photos/List/6762
https://game.setn.com/game666content.php?newsid=724941
https://www.facebook.com/setlingyu/photos/a.162107043948276/1314826685342967/?type=3
https://www.setddg.com/CATE01264
https://www.setn.com/News.aspx?NewsID=724413
https://travel.setn.com/News/720729
http://line.naver.jp/R/msg/text/?水餃哪一牌最優？鄉民激推「這2家」：冷凍庫必備 | 生活 | 三立新聞網  SETN.COM%0D%0Ahttps%3a%2f%2fwww.setn.com%2fNews.aspx%3fNewsID%3d711573
https://attach.setddg.com/000920/00039677/000039165_XXL.jpeg
https://baodao.setn.com/news/579746
https://game.setn.com/gameinfodata.php?gameId=4
https://www.facebook.com/sharer/sharer.php?u=https://www.setn.com/News.aspx?NewsID=704428
https://www.setddg.com/P0000100071121
https://www.setn.com/News.aspx?NewsID=724413
https://travel.setn.com/News/720729
http://line.naver.jp/R/msg/text/?甜食控注意！美式甜甜圈買一盒送一盒　醫護員12顆免費吃 | 生活 | 三立新聞網  SETN.COM%0D%0Ahttps://www.setn.com/News.aspx?NewsID=723010
https://attach.setddg.com/001180/00053437/000071460_XXL.jpeg
https://baodao.setn.com/news/667737
https://game.setn.com/play.php?gameId=10000055
https://www.facebook.com/sharer/sharer.php?u=https://www.setn.com/News.aspx?NewsID=717987
https://www.setddg.com/PV191018004122653
https://www.setn.com/Klist.aspx?TagID=5620
https://travel.setn.com/News/724940
http://line.naver.jp/R/msg/text/?男友脫口喊「這名字」嗨到高點處秒滅火　網笑翻：男能可櫃 | 社會 | 三立新聞網  SETN.COM%0D%0Ahttps://www.setn.com/News.aspx?NewsID=721161
https://attach.setddg.com/000987/00056680/000075572_XXL.png
https://baodao.setn.com/events/rolling/
https://www.facebook.com/sharer/sharer.php?u=https://www.setn.com/e/News.aspx?NewsID=715827
https://www.setddg.com/producttag/6358/%E5%B0%8F%E9%BB%91%E8%9A%8A%E9%86%8B
https://www.setn.com/News.aspx?NewsID=702403&p=0
https://travel.setn.com/News/724940
http://line.naver.jp/R/msg/text/?龍劭華誤會奪獎烏龍！視帝不漲價⋯「沒戲演我會很早走」 | 娛樂星聞 | 三立新聞網  SETN.COM%0D%0Ahttps://www.setn.com/e/News.aspx?NewsID=614055
https://attach.setddg.com/001226/00056677/000075935_XXL.jpeg
https://baodao.setn.com/news/635146
https://www.facebook.com/sharer/sharer.php?u=https://www.setn.com/News.aspx?NewsID=723559
https://www.setddg.com/PV200327005167942
https://www.setn.com/News.aspx?NewsID=706940
https://travel.setn.com/Video/722042/143199
http://line.naver.jp/R/msg/text/?https://www.setddg.com/P0000100059917
https://attach.setddg.com/000505/00050419/000060657_XXL.jpeg
https://baodao.setn.com/news/724887
https://www.facebook.com/sharer/sharer.php?u=https://www.setddg.com/PV191212004641745
https://www.setddg.com/PV200217004894771
https://www.setn.com/News.aspx?NewsID=710831
https://travel.setn.com/News/301712
http://line.naver.jp/R/msg/text/?曾採訪湯姆漢克斯妻　一周後…澳洲主持人「無症狀」也確診 | 娛樂星聞 | 三立新聞網  SETN.COM%0D%0Ahttps%3a%2f%2fwww.setn.com%2fe%2fNews.aspx%3fNewsID%3d709098
https://attach.setddg.com/001061/00052070/000064417_XXL.jpeg
https://baodao.setn.com/news/644981
https://www.facebook.com/sharer/sharer.php?u=https://www.setddg.com/PV200324005138790
https://www.setddg.com/CATE01301
https://www.setn.com/News.aspx?NewsID=723714
https://travel.setn.com/News/722508
http://line.naver.jp/R/msg/text/?蔡英文為何登富比士？網：贏在「不相信中國」我台灣我驕傲 | 政治 | 三立新聞網  SETN.COM%0D%0Ahttps%3a%2f%2fwww.setn.com%2fNews.aspx%3fNewsID%3d725141
https://attach.setddg.com/001174/00055635/000076356_XXL.jpeg
https://baodao.setn.com/Photos/List/6831
https://www.facebook.com/sharer/sharer.php?u=https://www.setn.com/News.aspx?NewsID=724409
https://www.setddg.com/Cate00394
https://www.setn.com/News.aspx?NewsID=724374
https://travel.setn.com/News/722508
http://line.naver.jp/R/msg/text/?MyGonews營建署：都市更新相關手冊已上線 | 名家 | 三立新聞網  SETN.COM%0D%0Ahttps%3a%2f%2fwww.setn.com%2fNews.aspx%3fNewsID%3d724806
https://attach.setddg.com/001220/00056605/000075425_XXL.jpeg
https://baodao.setn.com/news/520594
https://www.facebook.com/sharer/sharer.php?u=https://www.setn.com/e/News.aspx?NewsID=715833
https://www.setddg.com/PV190429003096904
https://www.setn.com/StarFBP.aspx?FBID=287
https://travel.setn.com/Project/789
http://line.naver.jp/R/msg/text/?家裡沒網路…他日爬4500米山上課　咬牙忍耐-8度低溫 | 國際 | 三立新聞網  SETN.COM%0D%0Ahttps%3a%2f%2fwww.setn.com%2fNews.aspx%3fNewsID%3d709253
https://attach.setddg.com/000600/00033745/000029250_XXL.jpeg
https://baodao.setn.com/category/503
https://www.facebook.com/sharer/sharer.php?u=https://www.setn.com/News.aspx?NewsID=725183
https://www.setddg.com/PV190925003968717
https://www.setn.com/Klist.aspx?TagID=34273
https://travel.setn.com/Project/55
http://line.naver.jp/R/msg/text/?龍劭華爆暫停接戲！記者會「全程戴口罩」：賺錢要長長久久 | 娛樂星聞 | 三立新聞網  SETN.COM%0D%0Ahttps://www.setn.com/e/News.aspx?NewsID=725199
https://attach.setddg.com/000525/00046539/000051283_XXL.jpeg
https://baodao.setn.com/news/682835
https://www.facebook.com/sharer/sharer.php?u=https://www.setn.com/e/News.aspx?NewsID=709098
https://www.setddg.com/CATE00952
https://www.setn.com/News.aspx?NewsID=650367
https://travel.setn.com/News/718371
http://line.naver.jp/R/msg/text/?汽車突失控暴衝！男駕駛脫困命危送醫　不排除氣溫驟降導致 | 社會 | 三立新聞網  SETN.COM%0D%0Ahttps://www.setn.com/News.aspx?NewsID=724407
https://attach.setddg.com/001209/00056760/000075712_XXL.jpeg
https://baodao.setn.com/category/518
https://www.facebook.com/FiFiWang777/photos/a.730105157003810/2591711784176462/?type=3
https://www.setddg.com/PM180806000543556
https://www.setn.com/News.aspx?NewsID=704309
https://travel.setn.com/News/714785
http://line.naver.jp/R/msg/text/?畢業遇疫情攪亂　網曝投履歷「最佳時機」：不要猶豫 | 生活 | 三立新聞網  SETN.COM%0D%0Ahttps%3a%2f%2fwww.setn.com%2fNews.aspx%3fNewsID%3d724956
https://attach.setddg.com/001037/00055699/000073294_XXL.jpeg
https://baodao.setn.com/news/598331
https://www.facebook.com/sharer/sharer.php?u=https://www.setn.com/News.aspx?NewsID=724389
https://www.setddg.com/PV200407005222344
https://www.setn.com/News.aspx?NewsID=712677
https://travel.setn.com/Project/4912
http://line.naver.jp/R/msg/text/?長輩不喜歡女友　媽寶男竟「鬼附身5分鐘」提分手 | 生活 | 三立新聞網  SETN.COM%0D%0Ahttps%3a%2f%2fwww.setn.com%2fNews.aspx%3fNewsID%3d725058
https://attach.setddg.com/000987/00056680/000075569_XXL.jpeg
https://www.facebook.com/taiwanericcheng/videos/495905951149128/
https://www.setddg.com/PV200319005096364
https://www.setn.com/News.aspx?NewsID=717605
https://travel.setn.com/editor/412
http://line.naver.jp/R/msg/text/?長輩不喜歡女友　媽寶男竟「鬼附身5分鐘」提分手 | 生活 | 三立新聞網  SETN.COM%0D%0Ahttps%3a%2f%2fwww.setn.com%2fNews.aspx%3fNewsID%3d725058
https://attach.setddg.com/001191/00053217/000069618_XXL.jpeg
https://www.facebook.com/sharer/sharer.php?u=https://www.setddg.com/PV190815003641298
https://www.setddg.com/CATE01119
https://www.setn.com/News.aspx?NewsID=723348
https://travel.setn.com/News/213837
http://line.naver.jp/R/msg/text/?我們一家人PLUS／取得台灣居留證　加拿大中醫落腳台灣 | 生活 | 三立新聞網  SETN.COM%0D%0Ahttps%3a%2f%2fwww.setn.com%2fNews.aspx%3fNewsID%3d720711
https://attach.setddg.com/001180/00053437/000070869_XXL.jpeg
https://www.facebook.com/sharer/sharer.php?u=https://www.setn.com/News.aspx?NewsID=724502
https://www.setddg.com/CATE01279
https://www.setn.com/News.aspx?NewsID=724807
https://travel.setn.com/News/717732
http://line.naver.jp/R/msg/text/?沒有種族歧視？他問台灣「黑人外師」為何超少　網曝真相… | 生活 | 三立新聞網  SETN.COM%0D%0Ahttps://www.setn.com/News.aspx?NewsID=725038
https://attach.setddg.com/001040/00056830/000075813_XXL.jpeg
https://www.facebook.com/sharer/sharer.php?u=https://www.setn.com/News.aspx?NewsID=719801
https://www.setddg.com/CATE01279
https://www.setn.com/News.aspx?NewsID=724820
https://travel.setn.com/News/82838
http://line.naver.jp/R/msg/text/?被外派出差！男回來隔離14天　竟遭公司開除：曠職3天 | 國際 | 三立新聞網  SETN.COM%0D%0Ahttps%3a%2f%2fwww.setn.com%2fNews.aspx%3fNewsID%3d724918
https://attach.setddg.com/000879/00042392/000044468_XXL.jpeg
https://www.facebook.com/sharer/sharer.php?u=https://www.setn.com/News.aspx?NewsID=724235
https://www.setddg.com/CATE00996
https://www.setn.com/News.aspx?NewsID=724820
https://travel.setn.com/Project/3888
http://line.naver.jp/R/msg/text/?華航是否應改名？交通部：開放立場歡迎討論 | 生活 | 三立新聞網  SETN.COM%0D%0Ahttps%3a%2f%2fwww.setn.com%2fNews.aspx%3fNewsID%3d724523
https://attach.setddg.com/000920/00039677/000039166_XXL.jpeg
https://www.facebook.com/sharer/sharer.php?u=https://www.setn.com/e/News.aspx?NewsID=722406
https://www.setddg.com/PV191225004724658
https://www.setn.com/News.aspx?NewsID=657126
https://travel.setn.com/News/692344
http://line.naver.jp/R/msg/text/?人倫悲歌！護理師下海賣淫…「三階段」滿足變態富商要求 | 電影 | 三立新聞網  SETN.COM%0D%0Ahttps://www.setn.com/News.aspx?NewsID=724218
https://attach.setddg.com/001061/00052070/000064419_XXL.jpeg
https://www.facebook.com/193541957838217/photos/a.195895817602831/588041228388286/?type=3
https://www.setddg.com/producttag/1533/%E7%B4%99%E5%B0%BF%E5%B8%83
https://www.setn.com/News.aspx?NewsID=697993
https://travel.setn.com/News/722388
http://line.naver.jp/R/msg/text/?影／男友愛看濃妝妹卻要女友化淡妝　女大生激動：雙重標準 | 生活 | 三立新聞網  SETN.COM%0D%0Ahttps://www.setn.com/News.aspx?NewsID=723982
https://attach.setddg.com/000755/00051191/000061312_XXL.jpeg
https://www.facebook.com/193541957838217/photos/a.195895817602831/588041228388286/?type=3
https://www.setddg.com/CATE00901
https://www.setn.com/News.aspx?NewsID=702035
https://travel.setn.com/News/722388
http://line.naver.jp/R/msg/text/?NOW健康／乾眼症的原因　恐與瞼板腺功能障礙有關 | 名家 | 三立新聞網  SETN.COM%0D%0Ahttps://www.setn.com/News.aspx?NewsID=724749
https://attach.setddg.com/000973/00054267/000069606_XXL.jpeg
https://www.facebook.com/sharer/sharer.php?u=https://www.setn.com/News.aspx?NewsID=724888
https://www.setddg.com/PV190725003520105
https://www.setn.com/News.aspx?NewsID=720686
https://travel.setn.com/News/720896
http://line.naver.jp/R/msg/text/?古代皇帝怎麼玩女人？侍寢道具選山羊助興！妃子焦急搶著用 | 娛樂星聞 | 三立新聞網  SETN.COM%0D%0Ahttps://www.setn.com/e/News.aspx?NewsID=708846
https://attach.setddg.com/001009/00045052/000050762_XXL.jpeg
https://www.facebook.com/sharer/sharer.php?u=https://www.setn.com/e/News.aspx?NewsID=54172
https://www.setddg.com/PV200305004986559
https://www.setn.com/News.aspx?NewsID=720686
https://travel.setn.com/Video/724514/143542
http://line.naver.jp/R/msg/text/?因單親恐懼婚姻　男友求婚完…丫頭「後悔一輩子」險哭瞎 | 娛樂星聞 | 三立新聞網  SETN.COM%0D%0Ahttps%3a%2f%2fwww.setn.com%2fe%2fNews.aspx%3fNewsID%3d724721
https://attach.setddg.com/000433/00047088/000051651_XXL.jpeg
https://www.facebook.com/ViviLee0219/videos/590607278139706/
https://www.setddg.com/CATE01299
https://www.setn.com/News.aspx?NewsID=721992
https://travel.setn.com/News/723412
http://line.naver.jp/R/msg/text/?女友睡一旁…摸黑硬上「17歲乾妹」　渣男極慘下場曝光 | 社會 | 三立新聞網  SETN.COM%0D%0Ahttps://www.setn.com/News.aspx?NewsID=706464
https://attach.setddg.com/000755/00051191/000061311_XXL.jpeg
https://www.facebook.com/ViviLee0219/videos/590607278139706/
https://www.setddg.com/PV200330005171773
https://www.setn.com/News.aspx?NewsID=722294
https://travel.setn.com/News/723412
http://line.naver.jp/R/msg/text/?幫加油沒戴口罩！男員工喊：我確診胸口熱…女客人嚇慘報案 | 社會 | 三立新聞網  SETN.COM%0D%0Ahttps%3a%2f%2fwww.setn.com%2fNews.aspx%3fNewsID%3d721659
https://attach.setddg.com/000505/00045204/000049107_XXL.jpeg
https://www.facebook.com/sharer/sharer.php?u=https://www.setn.com/News.aspx?NewsID=719635
https://www.setddg.com/CATE00884
https://www.setn.com/News.aspx?NewsID=722294
https://travel.setn.com/editor/302
http://line.naver.jp/R/msg/text/?年輕酒後鬧事！她曝何妤玟「婚後大轉變」：放手並非壞事 | 娛樂星聞 | 三立新聞網  SETN.COM%0D%0Ahttps://www.setn.com/e/News.aspx?NewsID=724656
https://attach.setddg.com/001166/00054422/000070078_XXL.jpeg
https://www.facebook.com/sharer/sharer.php?u=https://www.setn.com/News.aspx?NewsID=23832
https://www.setddg.com/Cate00100
https://www.setn.com/News.aspx?NewsID=723387
https://travel.setn.com/Video/722785/143303
http://line.naver.jp/R/msg/text/?許維恩愛貓過世…KID悼念喊「我愛你」：生命中重要一段 | 娛樂星聞 | 三立新聞網  SETN.COM%0D%0Ahttps://www.setn.com/e/News.aspx?NewsID=718007
https://attach.setddg.com/001221/00056951/000076035_XXL.jpeg
https://www.facebook.com/sharer/sharer.php?u=https://www.setn.com/News.aspx?NewsID=724244
https://www.setddg.com/Cate00208
https://www.setn.com/News.aspx?NewsID=723387
https://travel.setn.com/News/725119
http://line.naver.jp/R/msg/text/?逆向操作：反歧視！一人一句譚德塞優點　網大讚「忠誠」 | 生活 | 三立新聞網  SETN.COM%0D%0Ahttps://www.setn.com/News.aspx?NewsID=722990
https://attach.setddg.com/001022/00036583/000035374_XXL.jpeg
https://www.facebook.com/setlingyu/photos/a.237894729702840/1317655885060047/?type=3
https://www.setddg.com/PV190725003521592
https://www.setn.com/Klist.aspx?TagID=5220
https://travel.setn.com/News/725119
http://line.naver.jp/R/msg/text/?在家躲疫情花費變少？　網曝省錢有感：少花2萬 | 生活 | 三立新聞網  SETN.COM%0D%0Ahttps://www.setn.com/News.aspx?NewsID=721403
https://attach.setddg.com/001020/00047395/000033696_XXL.jpeg
https://www.facebook.com/setnews
https://www.setddg.com/PV190926003979631
https://www.setn.com/Klist.aspx?TagID=68790
https://travel.setn.com/Video/722780/143302
http://line.naver.jp/R/msg/text/?結婚20年首次！木村拓哉曬「驚人閃照」　慶工藤靜香生日 | 娛樂星聞 | 三立新聞網  SETN.COM%0D%0Ahttps://www.setn.com/e/News.aspx?NewsID=725158
https://attach.setddg.com/001193/00057078/000076469_XXL.jpeg
https://www.facebook.com/setnews
https://www.setddg.com/PV200205004857886
https://www.setn.com/News.aspx?NewsID=340871
https://travel.setn.com/News/246126
http://line.naver.jp/R/msg/text/?林薇「崇高」夢想曝光！北醫大教授揭求學史　讚她勇敢踏實 | 生活 | 三立新聞網  SETN.COM%0D%0Ahttps://www.setn.com/News.aspx?NewsID=723327
https://attach.setddg.com/000423/00027477/000001882_XXL.jpeg
https://www.facebook.com/sharer/sharer.php?u=https://www.setn.com/e/News.aspx?NewsID=724415
https://www.setddg.com/PV200410005258891
https://www.setn.com/News.aspx?NewsID=685518
https://travel.setn.com/Video/724896/143575
http://line.naver.jp/R/msg/text/?消保處查市售釀造醬油　8件總氮量不合格恐賣貴 | 生活 | 三立新聞網  SETN.COM%0D%0Ahttps://www.setn.com/News.aspx?NewsID=717738
https://attach.setddg.com/000505/00045204/000049108_XXL.jpeg
https://www.facebook.com/101505626575597/photos/a.524734824252673/2334189029973901/?type=3
https://www.setddg.com/PM190319002379597
https://www.setn.com/News.aspx?NewsID=687459
https://travel.setn.com/News/723420
http://line.naver.jp/R/msg/text/?勇闖北島無極限　必訪景點都在這！想要圓夢別錯過！ | 旅遊 | 三立新聞網  SETN.COM%0D%0Ahttps%3a%2f%2fwww.setn.com%2fNews.aspx%3fNewsID%3d692668
https://attach.setddg.com/000443/00034724/000076878_XXL.jpeg
https://www.facebook.com/101505626575597/photos/a.524734824252673/2334189029973901/?type=3
https://www.setddg.com/PV200407005223515
https://www.setn.com/News.aspx?NewsID=692622
https://travel.setn.com/News/723420
http://line.naver.jp/R/msg/text/?援外物資貨櫃上掛china旗幟　華航回應：遵照辦理 | 政治 | 三立新聞網  SETN.COM%0D%0Ahttps://www.setn.com/News.aspx?NewsID=724974
https://attach.setddg.com/001199/00054028/000068771_XXL.jpeg
https://www.facebook.com/sharer/sharer.php?u=https://www.setn.com/News.aspx?NewsID=724913
https://www.setddg.com/producttag/4516/%E9%AD%9A%E6%8E%92
https://www.setn.com/News.aspx?NewsID=724556
https://travel.setn.com/category/405
http://line.naver.jp/R/msg/text/?有影／休旅車拔河大戰　Land Rover全面完勝 | 汽車 | 三立新聞網  SETN.COM%0D%0Ahttps%3a%2f%2fwww.setn.com%2fNews.aspx%3fNewsID%3d724532
https://attach.setddg.com/001037/00056645/000075539_XXL.png
https://www.facebook.com/101505626575597/photos/a.524734824252673/2311000608959410/?type=3
https://www.setddg.com/Cate00504
https://www.setn.com/News.aspx?NewsID=724556
https://travel.setn.com/News/701715
http://line.naver.jp/R/msg/text/?「減肥」跟「戒菸」哪個比較困難？　鄉民答案竟一面倒 | 生活 | 三立新聞網  SETN.COM%0D%0Ahttps://www.setn.com/News.aspx?NewsID=720909
https://attach.setddg.com/000464/00051698/000058175_XXL.jpeg
https://www.facebook.com/sharer/sharer.php?u=https://www.setn.com/News.aspx?NewsID=722188
https://www.setddg.com/PV180718000450939
https://www.setn.com/News.aspx?NewsID=724975
https://travel.setn.com/News/725200
http://line.naver.jp/R/msg/text/?朱元璋20名養子　獨不讓1人姓「朱」270年後才知高招 | 國際 | 三立新聞網  SETN.COM%0D%0Ahttps://www.setn.com/News.aspx?NewsID=685892
https://attach.setddg.com/001199/00054028/000068772_XXL.jpeg
https://www.facebook.com/sharer/sharer.php?u=https://www.setn.com/News.aspx?NewsID=725019
https://www.setddg.com/PV200409005250290
https://www.setn.com/News.aspx?NewsID=724975
https://travel.setn.com/News/725200
http://line.naver.jp/R/msg/text/?辛龍不捨見劉真羽化　民間禁忌揭原因「從一而終不再娶」 | 娛樂星聞 | 三立新聞網  SETN.COM%0D%0Ahttps://www.setn.com/e/News.aspx?NewsID=717505
https://attach.setddg.com/000755/00051191/000061308_XXL.jpeg
https://www.facebook.com/tsaiingwen/videos/2786709328067933/
https://www.setddg.com/PV200413005282541
https://www.setn.com/Klist.aspx?TagID=104197
https://travel.setn.com/News/720670
http://line.naver.jp/R/msg/text/?辛龍不捨見劉真羽化　民間禁忌揭原因「從一而終不再娶」 | 娛樂星聞 | 三立新聞網  SETN.COM%0D%0Ahttps://www.setn.com/e/News.aspx?NewsID=717505
https://attach.setddg.com/000926/00047165/000067496_XXL.jpeg
https://www.facebook.com/sharer/sharer.php?u=https://www.setn.com/News.aspx?NewsID=721313
https://www.setddg.com/producttag/3242/%E5%85%A7%E6%90%AD%E8%A1%A3
https://www.setn.com/News.aspx?NewsID=660630
https://travel.setn.com/News/722903
http://line.naver.jp/R/msg/text/?https://www.setddg.com/PV191017004120520
https://attach.setddg.com/000989/00038131/000049074_XXL.jpeg
https://www.facebook.com/taiwanericcheng/videos/308051880143044/
https://www.setddg.com/CATE01090
https://www.setn.com/News.aspx?NewsID=676322
https://travel.setn.com/News/722903
http://line.naver.jp/R/msg/text/?武漢肺炎／抗疫封城百萬人失業　菲律賓擬援助到5月底 | 國際 | 三立新聞網  SETN.COM%0D%0Ahttps%3a%2f%2fwww.setn.com%2fNews.aspx%3fNewsID%3d725026
https://attach.setddg.com/000505/00038810/000038477_XXL.jpeg
https://www.facebook.com/sharer/sharer.php?u=https://www.setn.com/e/News.aspx?NewsID=708434
https://www.setddg.com/CATE01094
https://www.setn.com/News.aspx?NewsID=711934
https://travel.setn.com/News/53757
http://line.naver.jp/R/msg/text/?台灣防疫超認真！清晨6點驚見「阿伯消毒這」　網推爆 | 生活 | 三立新聞網  SETN.COM%0D%0Ahttps%3a%2f%2fwww.setn.com%2fNews.aspx%3fNewsID%3d725215
https://attach.setddg.com/001092/00045462/000049502_XXL.jpeg
https://www.facebook.com/taiwanericcheng/videos/1152401584946162/
https://www.setddg.com/PV200407005222513
https://www.setn.com/News.aspx?NewsID=715211&p=0
https://travel.setn.com/News/722302
http://line.naver.jp/R/msg/text/?國防自主實力提升！資源釋商成效曝光　1303億歷年最高 | 政治 | 三立新聞網  SETN.COM%0D%0Ahttps%3a%2f%2fwww.setn.com%2fNews.aspx%3fNewsID%3d725214
https://www.facebook.com/sharer/sharer.php?u=https://www.setn.com/News.aspx?NewsID=701938
https://www.setddg.com/CATE01241
https://www.setn.com/News.aspx?NewsID=717010
https://travel.setn.com/News/722302
http://line.naver.jp/R/msg/text/?救護畫面曝！母帶子鐵軌邊拍照　5歲童「跑不動」遭撞頭裂 | 社會 | 三立新聞網  SETN.COM%0D%0Ahttps%3a%2f%2fwww.setn.com%2fNews.aspx%3fNewsID%3d724050
https://www.facebook.com/taiwanericcheng/videos/641006886365371/
https://www.setddg.com/Cate00382
https://www.setn.com/News.aspx?NewsID=721084
https://travel.setn.com/News/722766
http://line.naver.jp/R/msg/text/?快訊／北市15歲少年不明原因7樓墜下　意識模糊送醫搶救 | 社會 | 三立新聞網  SETN.COM%0D%0Ahttps://www.setn.com/News.aspx?NewsID=724192
https://www.facebook.com/sharer/sharer.php?u=https://www.setn.com/e/News.aspx?NewsID=725192
https://www.setddg.com/producttag/3992/%E6%B4%BB%E3%81%AE%E9%85%B5%E7%B4%A0
https://www.setn.com/News.aspx?NewsID=723637
https://travel.setn.com/News/722766
http://line.naver.jp/R/msg/text/?校隊學童墜樓一度命危家屬疑遭人推落　近期可望出院 | 社會 | 三立新聞網  SETN.COM%0D%0Ahttps%3a%2f%2fwww.setn.com%2fNews.aspx%3fNewsID%3d722980
https://www.facebook.com/319697858182988/photos/a.323332527819521/1274437489375682/?type=3
https://www.setddg.com/CATE00776
https://www.setn.com/News.aspx?NewsID=724384
https://travel.setn.com/https://www.setn.com
http://line.naver.jp/R/msg/text/?Apple投入防疫！庫克：捐2千萬個口罩、生產醫療面罩 | 生活 | 三立新聞網  SETN.COM%0D%0Ahttps%3a%2f%2fwww.setn.com%2fNews.aspx%3fNewsID%3d721066
https://www.facebook.com/setlingyu/photos/a.237894729702840/1361204294038539/?type=3
https://www.setddg.com/P0000100057789
https://www.setn.com/News.aspx?NewsID=724384
https://travel.setn.com/News/719073
http://line.naver.jp/R/msg/text/?絕頂升天能減壓？向前線醫護致敬　這個謎片網可「免費看」 | 國際 | 三立新聞網  SETN.COM%0D%0Ahttps://www.setn.com/News.aspx?NewsID=712964
https://www.facebook.com/setlingyu/photos/a.237894729702840/1361204294038539/?type=3
https://www.setddg.com/PV200407005222739
https://www.setn.com/Klist.aspx?TagID=38629
https://travel.setn.com/News/724883
http://line.naver.jp/R/msg/text/?畢業遇疫情攪亂　網曝投履歷「最佳時機」：不要猶豫 | 生活 | 三立新聞網  SETN.COM%0D%0Ahttps://www.setn.com/News.aspx?NewsID=724956
https://www.facebook.com/sharer/sharer.php?u=https://www.setn.com/News.aspx?NewsID=724337
https://www.setddg.com/Cate00031
https://www.setn.com/News.aspx?NewsID=609198
https://travel.setn.com/News/724883
http://line.naver.jp/R/msg/text/?https://www.setddg.com/PV190903003800847
https://www.facebook.com/sharer/sharer.php?u=https://www.setn.com/News.aspx?NewsID=724487
https://www.setddg.com/PM190422003058278
https://www.setn.com/News.aspx?NewsID=664041
https://travel.setn.com/News/724625
http://line.naver.jp/R/msg/text/?超瞎理由！帶少女進摩鐵2小時　大叔辯稱吃早餐不起訴 | 社會 | 三立新聞網  SETN.COM%0D%0Ahttps%3a%2f%2fwww.setn.com%2fNews.aspx%3fNewsID%3d721313
https://www.facebook.com/taiwanericcheng/videos/552642105264530/
https://www.setddg.com/PV190709003350232
https://www.setn.com/News.aspx?NewsID=707835
https://travel.setn.com/News/724625
http://line.naver.jp/R/msg/text/?守住疫情！吳鳳曝視訊短片　國外醫師讚台「高教育水平」 | 娛樂星聞 | 三立新聞網  SETN.COM%0D%0Ahttps://www.setn.com/e/News.aspx?NewsID=725196
https://www.facebook.com/wowsight/videos/368775370500045/
https://www.setddg.com/PV200116004804058
https://www.setn.com/News.aspx?NewsID=709449
https://travel.setn.com/category/407
http://line.naver.jp/R/msg/text/?守住疫情！吳鳳曝視訊短片　國外醫師讚台「高教育水平」 | 娛樂星聞 | 三立新聞網  SETN.COM%0D%0Ahttps://www.setn.com/e/News.aspx?NewsID=725196
https://www.facebook.com/sharer/sharer.php?u=https://www.setn.com/News.aspx?NewsID=690543
https://www.setddg.com/producttag/7010/%E9%BB%8F%E8%B2%BC%E5%9E%8B
https://www.setn.com/News.aspx?NewsID=720804
https://travel.setn.com/News/724874
http://line.naver.jp/R/msg/text/?必勝客新口味「法式草莓半熟起司塔」　隱藏版的爆漿下午茶 | 名家 | 三立新聞網  SETN.COM%0D%0Ahttps://www.setn.com/News.aspx?NewsID=618651
https://www.facebook.com/sharer/sharer.php?u=https://www.setn.com/News.aspx?NewsID=718855
https://www.setddg.com/PV190725003518499
https://www.setn.com/News.aspx?NewsID=723310
https://travel.setn.com/News/724874
http://line.naver.jp/R/msg/text/?中國廣州爆「排非潮」　范世平：譚德塞敢罵中國嗎？ | 政治 | 三立新聞網  SETN.COM%0D%0Ahttps://www.setn.com/News.aspx?NewsID=724858
https://www.facebook.com/sharer/sharer.php?u=https://www.setn.com/News.aspx?NewsID=719188
https://www.setddg.com/CATE01234
https://www.setn.com/News.aspx?NewsID=723364
https://travel.setn.com/News/721996
http://line.naver.jp/R/msg/text/?公車輾斃女5萬交保…再也無法團圓　雙親淚求公道：人命欸 | 社會 | 三立新聞網  SETN.COM%0D%0Ahttps://www.setn.com/News.aspx?NewsID=725148
https://www.facebook.com/sharer/sharer.php?u=https://www.setn.com/News.aspx?NewsID=719188
https://www.setddg.com/Cate00441
https://www.setn.com/News.aspx?NewsID=723980
https://travel.setn.com/News/724863
http://line.naver.jp/R/msg/text/?鄭．知道了／爆料是為鬥倒李佳芬？黃光芹曝：這人裡應外合 | 政治 | 三立新聞網  SETN.COM%0D%0Ahttps://www.setn.com/News.aspx?NewsID=550581
https://www.facebook.com/sharer/sharer.php?u=https://www.setn.com/News.aspx?NewsID=724789
https://www.setddg.com/Cate00505
https://www.setn.com/News.aspx?NewsID=724323
https://travel.setn.com/News/724863
http://line.naver.jp/R/msg/text/?沈榮津：消費折扣券4月上路　不限區不綁住宿！最高25％ | 政治 | 三立新聞網  SETN.COM%0D%0Ahttps%3a%2f%2fwww.setn.com%2fNews.aspx%3fNewsID%3d717561
https://www.facebook.com/sharer/sharer.php?u=https://www.setn.com/News.aspx?NewsID=719764
https://www.setddg.com/CATE01252
https://www.setn.com/Klist.aspx?TagID=17756
https://travel.setn.com/News/722780
http://line.naver.jp/R/msg/text/?被宮女、太監弄到性無能　溥儀與婉容「世紀之戀」大揭密 | 生活 | 三立新聞網  SETN.COM%0D%0Ahttps%3a%2f%2fwww.setn.com%2fNews.aspx%3fNewsID%3d704374
https://www.facebook.com/sharer/sharer.php?u=https://www.setn.com/News.aspx?NewsID=724614
https://www.setddg.com/CATE00764
https://www.setn.com/News.aspx?NewsID=662282
https://travel.setn.com/News/717384
http://line.naver.jp/R/msg/text/?被宮女、太監弄到性無能　溥儀與婉容「世紀之戀」大揭密 | 生活 | 三立新聞網  SETN.COM%0D%0Ahttps://www.setn.com/News.aspx?NewsID=704374
https://www.facebook.com/sharer/sharer.php?u=https://www.setn.com/News.aspx?NewsID=724641
https://www.setddg.com/PV200408005230092
https://www.setn.com/News.aspx?NewsID=706522
http://line.naver.jp/R/msg/text/?染病台商金芭黎狂嗨！住院2個月出不來…怎麼驗都陽性 | 生活 | 三立新聞網  SETN.COM%0D%0Ahttps://www.setn.com/News.aspx?NewsID=721945
https://www.facebook.com/sharer/sharer.php?u=https://www.setn.com/News.aspx?NewsID=723219
https://www.setddg.com/PV181002001010209
https://www.setn.com/News.aspx?NewsID=717624
http://line.naver.jp/R/msg/text/?火鍋熱量兇手是這些？你絕對都吃過 | 生活 | 三立新聞網  SETN.COM%0D%0Ahttps://www.setn.com/News.aspx?NewsID=724928
https://www.facebook.com/sharer/sharer.php?u=https://www.setn.com/e/News.aspx?NewsID=724721
https://www.setddg.com/PV190725003520302
https://www.setn.com/News.aspx?NewsID=718048
http://line.naver.jp/R/msg/text/?祭祖初衷中西大不同　洋男：死人只會多，活人要住哪？ | 娛樂星聞 | 三立新聞網  SETN.COM%0D%0Ahttps://www.setn.com/e/News.aspx?NewsID=718262
https://www.facebook.com/setlingyu/photos/a.944852955673677/1356307817861520/?type=3
https://www.setddg.com/PV191025004262998
https://www.setn.com/News.aspx?NewsID=723203
http://line.naver.jp/R/msg/text/?新北樹林2020年逾期未辦繼承登記　開始公告 | 名家 | 三立新聞網  SETN.COM%0D%0Ahttps://www.setn.com/News.aspx?NewsID=721302
https://www.facebook.com/setlingyu/photos/a.944852955673677/1356307817861520/?type=3
https://www.setddg.com/PV191119004473817
https://www.setn.com/News.aspx?NewsID=723203
http://line.naver.jp/R/msg/text/?新北樹林2020年逾期未辦繼承登記　開始公告 | 名家 | 三立新聞網  SETN.COM%0D%0Ahttps://www.setn.com/News.aspx?NewsID=721302
https://www.facebook.com/sharer/sharer.php?u=https://www.setn.com/News.aspx?NewsID=692226
https://www.setddg.com/Cate00112
https://www.setn.com/News.aspx?NewsID=725120&p=0
http://line.naver.jp/R/msg/text/?陳澄波之子陳重光辭世　享壽95歲 | 生活 | 三立新聞網  SETN.COM%0D%0Ahttps%3a%2f%2fwww.setn.com%2fNews.aspx%3fNewsID%3d723485
https://www.facebook.com/sharer/sharer.php?u=https://www.setn.com/News.aspx?NewsID=724707
https://www.setddg.com/Cate00112
https://www.setn.com/Klist.aspx?TagID=1588
http://line.naver.jp/R/msg/text/?MyGonews因應疫情　這類不動產年租金將減收2成 | 房產 | 三立新聞網  SETN.COM%0D%0Ahttps%3a%2f%2fwww.setn.com%2fNews.aspx%3fNewsID%3d724911
https://www.facebook.com/FiFiWang777/photos/a.252178351463162/2640473732633600/?type=3
https://www.setddg.com/PM200318005088791
https://www.setn.com/Klist.aspx?TagID=1896
http://line.naver.jp/R/msg/text/?板信銀78萬搶案主嫌收押理由　恐還有「共犯」 | 社會 | 三立新聞網  SETN.COM%0D%0Ahttps://www.setn.com/News.aspx?NewsID=718804
https://www.facebook.com/tw.sharelife/
https://www.setddg.com/PV200109004783628
https://www.setn.com/Klist.aspx?TagID=1896
http://line.naver.jp/R/msg/text/?祭祖初衷中西大不同　洋男：死人只會多，活人要住哪？ | 娛樂星聞 | 三立新聞網  SETN.COM%0D%0Ahttps%3a%2f%2fwww.setn.com%2fe%2fNews.aspx%3fNewsID%3d718262
https://www.facebook.com/vivilin0510/?__xts__%5B0%5D=68.ARDZEfuNAnWNiNiVcUFYv20d1_bubMcGtLAARQZVXkssw2JKNNPYIXecYgL5da2agSXzo86ISA5vDQoUtPVtAYGC7--6vhTv8xlMqXhm3FCjOWN1vboDdX8z6Kptje0asw8Eq3GDl4DU1aCm_dPG3wynlpCN06qUPSDRHVj52iwrlhvv7qbNGAmui8HsZujIp0QlhxTWPimzgFyRmnOIK225JdA25KmTk0o9PjloOcYGtTakxQl3EHn6nQ9pomEv68xUOC3aMQoIfOOGCNvUDddq76kf_UQt-eLyLNFQ_v0lFTIHUnBsHZuXQG80hhq6tPAhwy0X95h9xWzy4e3tfr1Pb1rSadRxGU881Q
https://www.setddg.com/CATE00587
https://www.setn.com/Klist.aspx?TagID=30440
http://line.naver.jp/R/msg/text/?冷凍小籠湯包選哪家？老饕狂推「1首選」：皮薄又會噴汁 | 生活 | 三立新聞網  SETN.COM%0D%0Ahttps://www.setn.com/News.aspx?NewsID=712115
https://www.facebook.com/setlingyu/videos/648423755664558/
https://www.setddg.com/CATE00815
https://www.setn.com/Klist.aspx?TagID=33327
http://line.naver.jp/R/msg/text/?馬英九稱酷碰沒辦法…龔明鑫：發現金效果差、錢要用在刀口 | 政治 | 三立新聞網  SETN.COM%0D%0Ahttps://www.setn.com/News.aspx?NewsID=724836
https://www.facebook.com/SETNGAME/
https://www.setddg.com/Cate00169
https://www.setn.com/Klist.aspx?TagID=7129
http://line.naver.jp/R/msg/text/?「體育可改變世界」為台灣防疫加油　開賽引言全文惹哭球迷 | 運動 | 三立新聞網  SETN.COM%0D%0Ahttps%3a%2f%2fwww.setn.com%2fNews.aspx%3fNewsID%3d724635
https://www.facebook.com/sharer/sharer.php?u=https://www.setn.com/News.aspx?NewsID=722309
https://www.setddg.com/PV200326005150247
https://www.setn.com/News.aspx?NewsID=712892
http://line.naver.jp/R/msg/text/?快訊／南部海域規模6.4地震　高雄人嚇醒：上下跳3秒 | 生活 | 三立新聞網  SETN.COM%0D%0Ahttps://www.setn.com/News.aspx?NewsID=723561
https://www.facebook.com/193541957838217/photos/a.195895817602831/585015705357505/?type=3
https://www.setddg.com/Cate00178
https://www.setn.com/News.aspx?NewsID=717376
http://line.naver.jp/R/msg/text/?上13歲少女！海盜球星認罪了…「細節曝光」生涯恐告終 | 運動 | 三立新聞網  SETN.COM%0D%0Ahttps%3a%2f%2fwww.setn.com%2fNews.aspx%3fNewsID%3d605158
https://www.facebook.com/sharer/sharer.php?u=https://www.setn.com/News.aspx?NewsID=723438
https://www.setddg.com/Cate00178
https://www.setn.com/News.aspx?NewsID=721837
http://line.naver.jp/R/msg/text/?逛成人網站驚見交大教授「線上教學」　網嗨喊：會虛脫 | 生活 | 三立新聞網  SETN.COM%0D%0Ahttps://www.setn.com/News.aspx?NewsID=724984
https://www.facebook.com/sharer/sharer.php?u=https://www.setn.com/News.aspx?NewsID=724627
https://www.setddg.com/PM200318005087080
https://www.setn.com/News.aspx?NewsID=724759
http://line.naver.jp/R/msg/text/?逛成人網站驚見交大教授「線上教學」　網嗨喊：會虛脫 | 生活 | 三立新聞網  SETN.COM%0D%0Ahttps://www.setn.com/News.aspx?NewsID=724984
https://www.facebook.com/sharer/sharer.php?u=https://www.setn.com/e/News.aspx?NewsID=721642
https://www.setddg.com/PV191106004391774
https://www.setn.com/News.aspx?NewsID=724759
http://line.naver.jp/R/msg/text/?嬪妃被打入冷宮　太監卻搶著進去服侍…原因很黑暗 | 生活 | 三立新聞網  SETN.COM%0D%0Ahttps://www.setn.com/News.aspx?NewsID=701920
https://www.facebook.com/319697858182988/photos/a.323332527819521/1296213317198099/?type=3
https://www.setddg.com/producttag/7456/%E9%98%B2%E7%96%AB
https://www.setn.com/Klist.aspx?TagID=117270
http://line.naver.jp/R/msg/text/?類包機解除隔離了！小朋友一張圖「感謝總統、院長、部長」 | 生活 | 三立新聞網  SETN.COM%0D%0Ahttps://www.setn.com/News.aspx?NewsID=725187
https://www.facebook.com/sharer/sharer.php?u=https://www.setn.com/News.aspx?NewsID=652204
https://www.setddg.com/PV200317005072241
https://www.setn.com/Klist.aspx?TagID=311057
http://line.naver.jp/R/msg/text/?朱元璋駕崩前連喊三遍「燕王來否」？　原因曝光令人唏噓 | 新奇 | 三立新聞網  SETN.COM%0D%0Ahttps%3a%2f%2fwww.setn.com%2fNews.aspx%3fNewsID%3d715274
https://www.facebook.com/TQAA11/photos/a.339339360299726/359118074988521/?type=3
https://www.setddg.com/PV180910000800319
https://www.setn.com/Klist.aspx?TagID=7843
http://line.naver.jp/R/msg/text/?MyGonews房貸降息！雙北低總價「捷運宅」哪最夯？ | 房產 | 三立新聞網  SETN.COM%0D%0Ahttps://www.setn.com/News.aspx?NewsID=723438
https://www.facebook.com/TQAA11/photos/a.339339360299726/359118074988521/?type=3
https://www.setddg.com/producttag/8170/%E9%9B%BB%E5%AD%90%E9%8E%96
https://www.setn.com/News.aspx?NewsID=707806
http://line.naver.jp/R/msg/text/?愛妻羽化成仙！辛龍續伴守「劉真靈堂第7天」憔悴捂鼻道謝 | 娛樂星聞 | 三立新聞網  SETN.COM%0D%0Ahttps://www.setn.com/e/News.aspx?NewsID=717336
https://www.facebook.com/sharer/sharer.php?u=https://www.setn.com/News.aspx?NewsID=724422
https://www.setddg.com/CATE00929
https://www.setn.com/News.aspx?NewsID=717334
http://line.naver.jp/R/msg/text/?秦偉性侵案8年定讞　提早報到走密道發監　避上銬畫面曝光 | 社會 | 三立新聞網  SETN.COM%0D%0Ahttps%3a%2f%2fwww.setn.com%2fNews.aspx%3fNewsID%3d725110
https://www.facebook.com/sharer/sharer.php?u=https://www.setn.com/News.aspx?NewsID=724422
https://www.setddg.com/CATE00959
https://www.setn.com/News.aspx?NewsID=718872
http://line.naver.jp/R/msg/text/?館長又被罰！蜂膠廣告誇大不實　遭北市衛生局開罰4萬 | 生活 | 三立新聞網  SETN.COM%0D%0Ahttps%3a%2f%2fwww.setn.com%2fNews.aspx%3fNewsID%3d723540
https://www.facebook.com/sharer/sharer.php?u=https://www.setn.com/News.aspx?NewsID=724907
https://www.setddg.com/P0000100050451
https://www.setn.com/Klist.aspx?TagID=28180
http://line.naver.jp/R/msg/text/?https://www.setddg.com/PV190705003339745
https://www.facebook.com/sharer/sharer.php?u=https://www.setn.com/News.aspx?NewsID=724928
https://www.setddg.com/PV190725003519063
https://www.setn.com/News.aspx?NewsID=627799
http://line.naver.jp/R/msg/text/?森友小心！詐騙集團售Switch騙財　警籲慎選網購平台 | 社會 | 三立新聞網  SETN.COM%0D%0Ahttps%3a%2f%2fwww.setn.com%2fNews.aspx%3fNewsID%3d724189
https://www.facebook.com/sharer/sharer.php?u=https://www.setn.com/News.aspx?NewsID=723079
https://www.setddg.com/CATE01103
https://www.setn.com/News.aspx?NewsID=659621
http://line.naver.jp/R/msg/text/?拍完《金家》神隱1年多！韓瑜突洩「拍床戲」粉絲一看暴動 | 娛樂星聞 | 三立新聞網  SETN.COM%0D%0Ahttps%3a%2f%2fwww.setn.com%2fe%2fNews.aspx%3fNewsID%3d725112
https://www.facebook.com/sharer/sharer.php?u=https://www.setn.com/e/News.aspx?NewsID=725009
https://www.setddg.com/CATE01135
https://www.setn.com/News.aspx?NewsID=700395
http://line.naver.jp/R/msg/text/?https://www.setddg.com/PV200410005263227
https://www.facebook.com/sharer/sharer.php?u=https://www.setn.com/News.aspx?NewsID=725148
https://www.setddg.com/Cate00041
https://www.setn.com/News.aspx?NewsID=700422
http://line.naver.jp/R/msg/text/?國民黨團卡關1500億紓困　蘇貞昌嘆：拜託立院早日通過 | 政治 | 三立新聞網  SETN.COM%0D%0Ahttps://www.setn.com/News.aspx?NewsID=725143
https://www.facebook.com/FiFiWang777/photos/a.730105157003810/2728689097145396/?type=3
https://www.setddg.com/PV190926003980861
https://www.setn.com/News.aspx?NewsID=705583
http://line.naver.jp/R/msg/text/?獨／「急診淪陷就完了…」揭防疫最前線　醫曝神秘群組護台 | 生活 | 三立新聞網  SETN.COM%0D%0Ahttps%3a%2f%2fwww.setn.com%2fNews.aspx%3fNewsID%3d724396
https://www.facebook.com/sharer/sharer.php?u=https://www.setn.com/News.aspx?NewsID=725133
https://www.setddg.com/Cate00232
https://www.setn.com/News.aspx?NewsID=706924
http://line.naver.jp/R/msg/text/?獲選年度人物　林書豪感性貼文謝母 | 運動 | 三立新聞網  SETN.COM%0D%0Ahttps%3a%2f%2fwww.setn.com%2fNews.aspx%3fNewsID%3d668896
https://www.facebook.com/sharer/sharer.php?u=https://www.setn.com/News.aspx?NewsID=725210
https://www.setddg.com/Cate00232
https://www.setn.com/News.aspx?NewsID=717078
http://line.naver.jp/R/msg/text/?超窩心！怕警察叔叔沒口罩　8歲女童排隊集70片口罩捐警 | 生活 | 三立新聞網  SETN.COM%0D%0Ahttps%3a%2f%2fwww.setn.com%2fNews.aspx%3fNewsID%3d721389
https://www.facebook.com/sharer/sharer.php?u=https://www.setn.com/News.aspx?NewsID=723578
https://www.setddg.com/P0000100065042
https://www.setn.com/News.aspx?NewsID=724580
http://line.naver.jp/R/msg/text/?「減肥」跟「戒菸」哪個比較困難？　鄉民答案竟一面倒 | 生活 | 三立新聞網  SETN.COM%0D%0Ahttps%3a%2f%2fwww.setn.com%2fNews.aspx%3fNewsID%3d720909
https://www.facebook.com/moka700720/
https://www.setddg.com/PV190104001776915
https://www.setn.com/News.aspx?NewsID=724580
http://line.naver.jp/R/msg/text/?巨胸被插滿筆　《情聖》女星崩潰大哭：像被上下其手侵犯 | 娛樂星聞 | 三立新聞網  SETN.COM%0D%0Ahttps://www.setn.com/e/News.aspx?NewsID=723267
https://www.facebook.com/sharer/sharer.php?u=https://www.setn.com/e/News.aspx?NewsID=725072
https://www.setddg.com/PV190403002928925
https://www.setn.com/News.aspx?NewsID=725146
http://line.naver.jp/R/msg/text/?「這是支很特別的隊伍」送口罩、接包機…逼哭網：來自台灣 | 生活 | 三立新聞網  SETN.COM%0D%0Ahttps%3a%2f%2fwww.setn.com%2fNews.aspx%3fNewsID%3d723403
https://www.facebook.com/sharer/sharer.php?u=https://www.setn.com/News.aspx?NewsID=723876
https://www.setddg.com/PV200305004984736
https://www.setn.com/News.aspx?NewsID=725146
http://line.naver.jp/R/msg/text/?酒店小姐帶出場不代表能X！老司機曝吃金魚木魚」關鍵差異 | 娛樂星聞 | 三立新聞網  SETN.COM%0D%0Ahttps%3a%2f%2fwww.setn.com%2fe%2fNews.aspx%3fNewsID%3d723414
https://www.facebook.com/193541957838217/photos/a.210485299477216/565979777261098/?type=3
https://www.setddg.com/CATE00718
https://www.setn.com/Catalog.aspx?PageGroupID=64
http://line.naver.jp/R/msg/text/?傳喜訊！中研院找到新冠病毒抑制劑　指揮中心：有效就量產 | 生活 | 三立新聞網  SETN.COM%0D%0Ahttps%3a%2f%2fwww.setn.com%2fNews.aspx%3fNewsID%3d723261
https://www.facebook.com/sharer/sharer.php?u=https://www.setn.com/News.aspx?NewsID=715043
https://www.setddg.com/CATE01169
https://www.setn.com/Klist.aspx?PageGroupID=4&ProjectID=6964&PageType=0
http://line.naver.jp/R/msg/text/?寬姐恩師爆遺產糾紛　朱延平提告獲勝…裴家人吐3600萬 | 社會 | 三立新聞網  SETN.COM%0D%0Ahttps://www.setn.com/News.aspx?NewsID=717191
https://www.facebook.com/sharer/sharer.php?u=https://www.setn.com/e/News.aspx?NewsID=725030
https://www.setddg.com/Cate00393
https://www.setn.com/Klist.aspx?PageGroupID=4&ProjectID=6964&PageType=0
http://line.naver.jp/R/msg/text/?為何泡麵能救災卻不能當部隊軍糧？老兵揭「驚人真相」 | 生活 | 三立新聞網  SETN.COM%0D%0Ahttps%3a%2f%2fwww.setn.com%2fNews.aspx%3fNewsID%3d722171
https://www.facebook.com/sharer/sharer.php?u=https://www.setn.com/News.aspx?NewsID=723403
https://www.setddg.com/Cate00397
https://www.setn.com/Klist.aspx?TagID=375024
http://line.naver.jp/R/msg/text/?楓林網被查封…盜版網站全沒了！合法正版平台流量暴衝3倍 | 娛樂星聞 | 三立新聞網  SETN.COM%0D%0Ahttps://www.setn.com/e/News.aspx?NewsID=725014
https://www.facebook.com/taiwanericcheng/videos/326032144943628/
https://www.setddg.com/P0000100068049
https://www.setn.com/News.aspx?NewsID=684725
http://line.naver.jp/R/msg/text/?藥局領9片裝口罩！一打開竟看到「超貼心細節」　她秒淚崩 | 生活 | 三立新聞網  SETN.COM%0D%0Ahttps%3a%2f%2fwww.setn.com%2fNews.aspx%3fNewsID%3d724831
https://www.facebook.com/sharer/sharer.php?u=https://www.setn.com/News.aspx?NewsID=717808
https://www.setddg.com/PV191202004568246
https://www.setn.com/News.aspx?NewsID=701206
http://line.naver.jp/R/msg/text/?館長乾洗手廣告爆違反藥事法　遭北市衛生局開罰60萬元 | 生活 | 三立新聞網  SETN.COM%0D%0Ahttps://www.setn.com/News.aspx?NewsID=722744
https://www.facebook.com/sharer/sharer.php?u=https://www.setn.com/News.aspx?NewsID=724890
https://www.setddg.com/CATE01343
https://www.setn.com/News.aspx?NewsID=720050&p=0
http://line.naver.jp/R/msg/text/?回歸之路慘遭肺炎打斷　福特越野休旅Bronco生產延期 | 汽車 | 三立新聞網  SETN.COM%0D%0Ahttps://www.setn.com/News.aspx?NewsID=724895
https://www.facebook.com/sharer/sharer.php?u=https://www.setn.com/News.aspx?NewsID=724726
https://www.setddg.com/P0000100062742
https://www.setn.com/News.aspx?NewsID=721344
http://line.naver.jp/R/msg/text/?https://www.setddg.com/PV190910003868086
https://www.facebook.com/sharer/sharer.php?u=https://www.setn.com/News.aspx?NewsID=724333
https://www.setddg.com/PV180910000799466
https://www.setn.com/News.aspx?NewsID=722937
http://line.naver.jp/R/msg/text/?不只縮陰！何妤玟「想要」卻為小開尪憋整晚　哭喊：好卑微 | 娛樂星聞 | 三立新聞網  SETN.COM%0D%0Ahttps://www.setn.com/e/News.aspx?NewsID=724497
https://www.facebook.com/sharer/sharer.php?u=https://www.setn.com/News.aspx?NewsID=693201
https://www.setddg.com/PV190725003522538
https://www.setn.com/News.aspx?NewsID=722937
http://line.naver.jp/R/msg/text/?44歲金控科技長陳昇瑋猝逝！醫籲腦出血三前兆：致死率高 | 生活 | 三立新聞網  SETN.COM%0D%0Ahttps://www.setn.com/News.aspx?NewsID=724913
https://www.facebook.com/sharer/sharer.php?u=https://www.setn.com/News.aspx?NewsID=724532
https://www.setddg.com/PV200229004946036
https://www.setn.com/News.aspx?NewsID=724563&p=0
http://line.naver.jp/R/msg/text/?iOS14爆升級！顛覆iPhone免下載就能用App | 科技 | 三立新聞網  SETN.COM%0D%0Ahttps://www.setn.com/News.aspx?NewsID=723079
https://www.facebook.com/setddg
https://www.setddg.com/PM200407005222991
https://www.setn.com/Klist.aspx?TagID=69498
http://line.naver.jp/R/msg/text/?武漢肺炎／英國喬治王子就讀學校　4名學童被居家隔離 | 國際 | 三立新聞網  SETN.COM%0D%0Ahttps%3a%2f%2fwww.setn.com%2fNews.aspx%3fNewsID%3d697905
https://www.facebook.com/setddg
https://www.setddg.com/PM200407005222991
https://www.setn.com/News.aspx?NewsID=716939
http://line.naver.jp/R/msg/text/?https://www.setddg.com/PV191017004120264
https://www.facebook.com/sharer/sharer.php?u=https://www.setn.com/News.aspx?NewsID=701749
https://www.setddg.com/CATE00720
https://www.setn.com/News.aspx?NewsID=720322
http://line.naver.jp/R/msg/text/?市售釀造醬油1成6偷工減料 　知名廠牌也在內 | 生活 | 三立新聞網  SETN.COM%0D%0Ahttps%3a%2f%2fwww.setn.com%2fNews.aspx%3fNewsID%3d718084
https://www.facebook.com/sharer/sharer.php?u=https://www.setn.com/News.aspx?NewsID=724248
https://www.setddg.com/CATE00720
https://www.setn.com/News.aspx?NewsID=723427
http://line.naver.jp/R/msg/text/?大人版變兒童口罩！陳明真曝「服貼妙招」：小孩更容易呼吸 | 娛樂星聞 | 三立新聞網  SETN.COM%0D%0Ahttps://www.setn.com/e/News.aspx?NewsID=724728
https://www.facebook.com/setlingyu/photos/a.237894729702840/1322952277863741/?type=3
https://www.setddg.com/CATE00883
https://www.setn.com/News.aspx?NewsID=723807
http://line.naver.jp/R/msg/text/?男友逼打蚊子！被要求「拍照存證」她釋出1神招…秒解決 | 生活 | 三立新聞網  SETN.COM%0D%0Ahttps%3a%2f%2fwww.setn.com%2fNews.aspx%3fNewsID%3d719407
https://www.facebook.com/sharer/sharer.php?u=https://www.setn.com/News.aspx?NewsID=722147
https://www.setddg.com/CATE00689
https://www.setn.com/Klist.aspx?TagID=7860
http://line.naver.jp/R/msg/text/?南投茶農贈13萬茶包慰勞防疫第一線　6歲童親筆寫下感謝 | 政治 | 三立新聞網  SETN.COM%0D%0Ahttps://www.setn.com/News.aspx?NewsID=722650
https://www.facebook.com/sharer/sharer.php?u=https://www.setn.com/News.aspx?NewsID=724253
https://www.setddg.com/Cate00073
https://www.setn.com/News.aspx?NewsID=623524
http://line.naver.jp/R/msg/text/?台北市運將看過來　今天中午起可到所屬車行合作社購買口罩 | 生活 | 三立新聞網  SETN.COM%0D%0Ahttps%3a%2f%2fwww.setn.com%2fNews.aspx%3fNewsID%3d688725
https://www.facebook.com/JamHsiao/videos/368640580503699/
https://www.setddg.com/CATE01284
https://www.setn.com/News.aspx?NewsID=714180
http://line.naver.jp/R/msg/text/?女學生哭這個月剩2500　網見明細怒：這輩子別辦信用卡 | 生活 | 三立新聞網  SETN.COM%0D%0Ahttps://www.setn.com/News.aspx?NewsID=719428
https://www.facebook.com/sharer/sharer.php?u=https://www.setn.com/e/News.aspx?NewsID=717228
https://www.setddg.com/CATE01284
https://www.setn.com/News.aspx?NewsID=718098
http://line.naver.jp/R/msg/text/?女學生哭這個月剩2500　網見明細怒：這輩子別辦信用卡 | 生活 | 三立新聞網  SETN.COM%0D%0Ahttps://www.setn.com/News.aspx?NewsID=719428
https://www.facebook.com/sharer/sharer.php?u=https://www.setn.com/News.aspx?NewsID=725202
https://www.setddg.com/PM200108004777993
https://www.setn.com/News.aspx?NewsID=719556
http://line.naver.jp/R/msg/text/?有洋蔥！鄭南榕殉道紀念日…陳菊：以自己的身軀作為柴薪 | 政治 | 三立新聞網  SETN.COM%0D%0Ahttps%3a%2f%2fwww.setn.com%2fNews.aspx%3fNewsID%3d721101
https://www.facebook.com/sharer/sharer.php?u=https://www.setn.com/News.aspx?NewsID=725202
https://www.setddg.com/PV200218004901601
https://www.setn.com/News.aspx?NewsID=722111
http://line.naver.jp/R/msg/text/?退伍後更壯！李敏鎬《永遠的君主》海量照曝光…騎白馬最帥 | 娛樂星聞 | 三立新聞網  SETN.COM%0D%0Ahttps%3a%2f%2fwww.setn.com%2fe%2fNews.aspx%3fNewsID%3d724979
https://www.facebook.com/194703907220622/photos/a.694400153917659/2681260961898225/?type=3
https://www.setddg.com/PV200409005245013
https://www.setn.com/News.aspx?NewsID=722542
http://line.naver.jp/R/msg/text/?需自主管理？陳時中：不限11處警報、有症狀不要上班上學 | 生活 | 三立新聞網  SETN.COM%0D%0Ahttps%3a%2f%2fwww.setn.com%2fNews.aspx%3fNewsID%3d720394
https://www.facebook.com/194703907220622/photos/a.694400153917659/2681260961898225/?type=3
https://www.setddg.com/Cate00234
https://www.setn.com/News.aspx?NewsID=723355&p=0
http://line.naver.jp/R/msg/text/?新北樹林2020年逾期未辦繼承登記　開始公告 | 名家 | 三立新聞網  SETN.COM%0D%0Ahttps%3a%2f%2fwww.setn.com%2fNews.aspx%3fNewsID%3d721302
https://www.facebook.com/FiFiWang777/photos/a.730105157003810/2676761842338122/?type=3
https://www.setddg.com/Cate00279
https://www.setn.com/News.aspx?NewsID=724375
http://line.naver.jp/R/msg/text/?新北樹林2020年逾期未辦繼承登記　開始公告 | 名家 | 三立新聞網  SETN.COM%0D%0Ahttps%3a%2f%2fwww.setn.com%2fNews.aspx%3fNewsID%3d721302
https://www.facebook.com/sharer/sharer.php?u=https://www.setn.com/e/News.aspx?NewsID=718724
https://www.setddg.com/CATE00534
https://www.setn.com/News.aspx?NewsID=724656&p=0
http://line.naver.jp/R/msg/text/?結婚20年首次！木村拓哉曬「驚人閃照」　慶工藤靜香生日 | 娛樂星聞 | 三立新聞網  SETN.COM%0D%0Ahttps%3a%2f%2fwww.setn.com%2fe%2fNews.aspx%3fNewsID%3d725158
https://www.facebook.com/sharer/sharer.php?u=https://www.setn.com/News.aspx?NewsID=618196
https://www.setddg.com/CATE00534
https://www.setn.com/News.aspx?NewsID=605572
http://line.naver.jp/R/msg/text/?寄死亡威脅嗆殺白冰冰挨告　留言網友竟哭喊：欺負人！ | 社會 | 三立新聞網  SETN.COM%0D%0Ahttps://www.setn.com/News.aspx?NewsID=724427
https://www.facebook.com/sharer/sharer.php?u=https://www.setn.com/News.aspx?NewsID=723680
https://www.setddg.com/CATE00757
https://www.setn.com/News.aspx?NewsID=719314
http://line.naver.jp/R/msg/text/?放生數百條活蛇求財富？嚇人？　江柏樂：學浦島太郎才有用 | 生活 | 三立新聞網  SETN.COM%0D%0Ahttps://www.setn.com/News.aspx?NewsID=699879
https://www.facebook.com/sharer/sharer.php?u=https://www.setn.com/News.aspx?NewsID=724697
https://www.setddg.com/CATE00626
https://www.setn.com/News.aspx?NewsID=719613
http://line.naver.jp/R/msg/text/?書摘 ／阿中部長推薦的書　懂這6件事可增強免疫力 | 健康 | 三立新聞網  SETN.COM%0D%0Ahttps://www.setn.com/News.aspx?NewsID=722106
https://www.facebook.com/posenkid/photos/a.10153830106245529/10162359460975529/?type=3
https://www.setddg.com/CATE01163
https://www.setn.com/News.aspx?NewsID=720490
http://line.naver.jp/R/msg/text/?水餃價格最多能接受多少？鄉民大解密：超過有罪惡感 | 生活 | 三立新聞網  SETN.COM%0D%0Ahttps%3a%2f%2fwww.setn.com%2fNews.aspx%3fNewsID%3d708199
https://www.facebook.com/sharer/sharer.php?u=https://www.setn.com/News.aspx?NewsID=720505
https://www.setddg.com/Cate00413
https://www.setn.com/News.aspx?NewsID=720490
http://line.naver.jp/R/msg/text/?疫情衝擊週休3天！觀光業苦撐　奇美博物館：將增2休館日 | 生活 | 三立新聞網  SETN.COM%0D%0Ahttps%3a%2f%2fwww.setn.com%2fNews.aspx%3fNewsID%3d724933
https://www.facebook.com/ilookermovie/
https://www.setddg.com/Cate00466
https://www.setn.com/Klist.aspx?TagID=389162
http://line.naver.jp/R/msg/text/?殯葬業老爸寄包裹「符咒封印」　她領貨傻眼：這樣誰敢碰啦 | 生活 | 三立新聞網  SETN.COM%0D%0Ahttps%3a%2f%2fwww.setn.com%2fNews.aspx%3fNewsID%3d713681
https://www.facebook.com/sharer/sharer.php?u=https://www.setn.com/e/News.aspx?NewsID=704166
https://www.setddg.com/Cate00466
https://www.setn.com/Klist.aspx?TagID=8406
http://line.naver.jp/R/msg/text/?獨留愛兒在家！哈利梅根急返加拿大　爆「全因武漢肺炎」 | 娛樂星聞 | 三立新聞網  SETN.COM%0D%0Ahttps://www.setn.com/e/News.aspx?NewsID=708318
https://www.facebook.com/sharer/sharer.php?u=https://www.setn.com/News.aspx?NewsID=668896
https://www.setddg.com/PV200218004906012
https://www.setn.com/Klist.aspx?TagID=8406
http://line.naver.jp/R/msg/text/?逆勢拓商機！搭宅經濟搶單Lalamove展4輪貨運版圖 | 生活 | 三立新聞網  SETN.COM%0D%0Ahttps://www.setn.com/News.aspx?NewsID=722965
https://www.facebook.com/193541957838217/photos/a.210485299477216/557224838136592/?type=3
https://www.setddg.com/PM191204004578977
https://www.setn.com/News.aspx?NewsID=671547
http://line.naver.jp/R/msg/text/?幫病人拔管「吸到最後一口氣」！味道很恐怖…醫曝驚悚下場 | 娛樂星聞 | 三立新聞網  SETN.COM%0D%0Ahttps://www.setn.com/e/News.aspx?NewsID=723392
https://www.facebook.com/wangchiyu/photos/a.776544399076517/2446677318729875/?type=3
https://www.setddg.com/PM200324005142573
https://www.setn.com/News.aspx?NewsID=707284
http://line.naver.jp/R/msg/text/?悼AI領頭傳教士！張善政讚陳昇瑋人工智慧推手：絕非宅男 | 政治 | 三立新聞網  SETN.COM%0D%0Ahttps://www.setn.com/News.aspx?NewsID=725120
https://www.facebook.com/ST.ArtistSchool/photos/a.546108048772932/2298090143574705/?type=3
https://www.setddg.com/PV180629000364351
https://www.setn.com/News.aspx?NewsID=717737
http://line.naver.jp/R/msg/text/?綁匪竟是前記者？基市府女雇員喪命⋯一顆「牛角扣」破心防 | 社會 | 三立新聞網  SETN.COM%0D%0Ahttps://www.setn.com/News.aspx?NewsID=724612
https://www.facebook.com/sharer/sharer.php?u=https://www.setn.com/News.aspx?NewsID=724937
https://www.setddg.com/producttag/7506/%E7%84%A1%E6%AF%92%E7%84%A1%E5%88%BA
https://www.setn.com/News.aspx?NewsID=717737
http://line.naver.jp/R/msg/text/?綁匪竟是前記者？基市府女雇員喪命⋯一顆「牛角扣」破心防 | 社會 | 三立新聞網  SETN.COM%0D%0Ahttps://www.setn.com/News.aspx?NewsID=724612
https://www.facebook.com/sharer/sharer.php?u=https://www.setn.com/News.aspx?NewsID=669402
https://www.setddg.com/Cate00439
https://www.setn.com/News.aspx?NewsID=722324
http://line.naver.jp/R/msg/text/?哈利王子改行當「歌手」　與邦喬飛合出單曲卻遭英網友砲轟 | 娛樂星聞 | 三立新聞網  SETN.COM%0D%0Ahttps%3a%2f%2fwww.setn.com%2fe%2fNews.aspx%3fNewsID%3d717358
https://www.facebook.com/sharer/sharer.php?u=https://www.setn.com/News.aspx?NewsID=724170
https://www.setddg.com/P0000100004207
https://www.setn.com/News.aspx?NewsID=722324
http://line.naver.jp/R/msg/text/?女學生搭捷運突「後仰倒地」　北捷：無發燒、出國史 | 生活 | 三立新聞網  SETN.COM%0D%0Ahttps://www.setn.com/News.aspx?NewsID=725103
https://www.facebook.com/sharer/sharer.php?u=https://www.setn.com/News.aspx?NewsID=724170
https://www.setddg.com/PV190725003521845
https://www.setn.com/News.aspx?NewsID=724074&p=0
http://line.naver.jp/R/msg/text/?女學生搭捷運突「後仰倒地」　北捷：無發燒、出國史 | 生活 | 三立新聞網  SETN.COM%0D%0Ahttps://www.setn.com/News.aspx?NewsID=725103
https://www.facebook.com/193541957838217/photos/a.195895817602831/541886266337116/?type=3
https://www.setddg.com/PV200103004770171
https://www.setn.com/News.aspx?NewsID=724080
http://line.naver.jp/R/msg/text/?「紅衣女浮屍」跟回家！他深夜聞嘻笑聲、「離地」慘白雙腳 | 社會 | 三立新聞網  SETN.COM%0D%0Ahttps://www.setn.com/News.aspx?NewsID=711986
https://www.facebook.com/taiwanericcheng/videos/442235509908121/
https://www.setddg.com/PM181106001241257
https://www.setn.com/News.aspx?NewsID=724444&p=0
http://line.naver.jp/R/msg/text/?惡狼性侵女研究生　他連女房東也不放過…判決結果出爐了 | 社會 | 三立新聞網  SETN.COM%0D%0Ahttps%3a%2f%2fwww.setn.com%2fNews.aspx%3fNewsID%3d714032
https://www.facebook.com/sharer/sharer.php?u=https://www.setn.com/News.aspx?NewsID=724358
https://www.setddg.com/PV190620003290282
https://www.setn.com/News.aspx?NewsID=725183&p=0
http://line.naver.jp/R/msg/text/?筆記起來　「這種情況」農地免併入遺產課稅 | 名家 | 三立新聞網  SETN.COM%0D%0Ahttps://www.setn.com/News.aspx?NewsID=721309
https://www.facebook.com/sharer/sharer.php?u=https://www.setn.com/News.aspx?NewsID=713681
https://www.setddg.com/PV190926003979868
https://www.setn.com/Klist.aspx?TagID=289961
http://line.naver.jp/R/msg/text/?張雅琴怒嗆譚德塞…畫面紅到阿根廷！全英文看板電視台曝光 | 娛樂星聞 | 三立新聞網  SETN.COM%0D%0Ahttps://www.setn.com/e/News.aspx?NewsID=725162
https://www.facebook.com/sharer/sharer.php?u=https://www.setn.com/News.aspx?NewsID=723724
https://www.setddg.com/PV191025004263272
https://www.setn.com/Klist.aspx?TagID=289961
http://line.naver.jp/R/msg/text/?還活著，不用急送房給小孩「這數字內」免遺產稅！ | 房產 | 三立新聞網  SETN.COM%0D%0Ahttps://www.setn.com/News.aspx?NewsID=720714
https://www.facebook.com/sharer/sharer.php?u=https://www.setn.com/News.aspx?NewsID=724028
https://www.setddg.com/PV200326005153202
https://www.setn.com/Klist.aspx?TagID=343696
http://line.naver.jp/R/msg/text/?「四人約會」狂飲毒咖啡包　酒店少爺猛冒冷汗暴斃亡 | 社會 | 三立新聞網  SETN.COM%0D%0Ahttps%3a%2f%2fwww.setn.com%2fNews.aspx%3fNewsID%3d714160
https://www.facebook.com/sharer/sharer.php?u=https://www.setn.com/News.aspx?NewsID=724881
https://www.setddg.com/PV200410005263836
https://www.setn.com/Klist.aspx?TagID=3474
http://line.naver.jp/R/msg/text/?華春瑩大讚譚德塞！竟稱「WHO在他領導下有巨大貢獻」 | 國際 | 三立新聞網  SETN.COM%0D%0Ahttps://www.setn.com/News.aspx?NewsID=722309
https://www.facebook.com/sharer/sharer.php?u=https://www.setn.com/News.aspx?NewsID=725143
https://www.setddg.com/CATE00867
https://www.setn.com/Klist.aspx?TagID=36189
http://line.naver.jp/R/msg/text/?老師餵麻辣湯、罰半蹲　虐童說兒「每天開心」…母旁聽哭慘 | 社會 | 三立新聞網  SETN.COM%0D%0Ahttps%3a%2f%2fwww.setn.com%2fNews.aspx%3fNewsID%3d717181
https://www.facebook.com/lingyuan28/photos/a.1537564889888971/2191643224481131/?type=3
https://www.setddg.com/CATE00881
https://www.setn.com/News.aspx?NewsID=665684
http://line.naver.jp/R/msg/text/?https://www.setddg.com/PV190411002987768
https://www.facebook.com/wangchiyu/photos/a.141837549213875/2545661778831428/?type=3
https://www.setddg.com/PV200210004869533
https://www.setn.com/News.aspx?NewsID=717854
http://line.naver.jp/R/msg/text/?造成譚德賽不止中共…王丹曝幫兇：某些西方人的無恥和共謀 | 政治 | 三立新聞網  SETN.COM%0D%0Ahttps://www.setn.com/News.aspx?NewsID=716312
https://www.facebook.com/sharer/sharer.php?u=https://www.setn.com/News.aspx?NewsID=714581
https://www.setddg.com/producttag/4474/%E5%9D%90%E5%A2%8A
https://www.setn.com/News.aspx?NewsID=719034
http://line.naver.jp/R/msg/text/?不捨志村健過世…抗SARS名醫教7招　輕鬆增長輩免疫力 | 健康 | 三立新聞網  SETN.COM%0D%0Ahttps://www.setn.com/News.aspx?NewsID=718122
https://www.facebook.com/sharer/sharer.php?u=https://www.setn.com/e/News.aspx?NewsID=719257
https://www.setddg.com/CATE00751
https://www.setn.com/News.aspx?NewsID=723065
http://line.naver.jp/R/msg/text/?唐相龍貶台挺譚德塞　謝志偉臉書發長文怒嗆：「聯共制台」 | 政治 | 三立新聞網  SETN.COM%0D%0Ahttps://www.setn.com/News.aspx?NewsID=725137
https://www.facebook.com/sharer/sharer.php?u=https://www.setn.com/e/News.aspx?NewsID=700951
https://www.setddg.com/CATE01102
https://www.setn.com/News.aspx?NewsID=723481
http://line.naver.jp/R/msg/text/?掌握秘訣chill一波　世外桃源解壓力！懶人豪華露營！ | 旅遊 | 三立新聞網  SETN.COM%0D%0Ahttps%3a%2f%2fwww.setn.com%2fNews.aspx%3fNewsID%3d714640
https://www.facebook.com/193541957838217/photos/a.195895817602831/533646103827799/?type=3
https://www.setddg.com/PV190403002933065
https://www.setn.com/Klist.aspx?TagID=294
http://line.naver.jp/R/msg/text/?什麼配料是火鍋地雷？網怒點名「塊狀物」：害整鍋湯走味 | 生活 | 三立新聞網  SETN.COM%0D%0Ahttps%3a%2f%2fwww.setn.com%2fNews.aspx%3fNewsID%3d722644
https://www.facebook.com/setdrama/
https://www.setddg.com/PV191209004611105
https://www.setn.com/News.aspx?NewsID=644995
http://line.naver.jp/R/msg/text/?拍完《金家》神隱1年多！韓瑜突洩「拍床戲」粉絲一看暴動 | 娛樂星聞 | 三立新聞網  SETN.COM%0D%0Ahttps://www.setn.com/e/News.aspx?NewsID=725112
https://www.facebook.com/sharer/sharer.php?u=https://www.setn.com/News.aspx?NewsID=724396
https://www.setddg.com/PV191209004611105
https://www.setn.com/News.aspx?NewsID=644995
http://line.naver.jp/R/msg/text/?寬姐恩師爆遺產糾紛　朱延平提告獲勝…裴家人吐3600萬 | 社會 | 三立新聞網  SETN.COM%0D%0Ahttps%3a%2f%2fwww.setn.com%2fNews.aspx%3fNewsID%3d717191
https://www.facebook.com/sharer/sharer.php?u=https://www.setn.com/e/News.aspx?NewsID=714638
https://www.setddg.com/PV200326005155365
https://www.setn.com/News.aspx?NewsID=684142
http://line.naver.jp/R/msg/text/?武漢肺炎／防疫優先　林右昌：廟口若有疫情將封閉 | 生活 | 三立新聞網  SETN.COM%0D%0Ahttps://www.setn.com/News.aspx?NewsID=724842
https://www.facebook.com/mpwculture/videos/1239407546232643/
https://www.setddg.com/producttag/4517/%E9%B1%B8%E9%AD%9A%E6%B9%AF
https://www.setn.com/News.aspx?NewsID=713603
http://line.naver.jp/R/msg/text/?盼姐姐同喝下午茶　妹各地找茶圓夢 | 旅遊 | 三立新聞網  SETN.COM%0D%0Ahttps%3a%2f%2fwww.setn.com%2fNews.aspx%3fNewsID%3d549018
https://www.facebook.com/mpwculture/videos/1239407546232643/
https://www.setddg.com/PV200117004810340
https://www.setn.com/News.aspx?NewsID=720656
http://line.naver.jp/R/msg/text/?電話講到忘我…鄭仲茵竟把女兒丟包在早餐店　慘被阿姨譙爆 | 娛樂星聞 | 三立新聞網  SETN.COM%0D%0Ahttps://www.setn.com/e/News.aspx?NewsID=724177
https://www.facebook.com/626817687751963/
https://www.setddg.com/PM190606003250345
https://www.setn.com/News.aspx?NewsID=722143
http://line.naver.jp/R/msg/text/?「修但幾勒」！殯葬妹盯監視器…詭異一幕嚇壞：事情大條了 | 生活 | 三立新聞網  SETN.COM%0D%0Ahttps://www.setn.com/News.aspx?NewsID=709633
https://www.facebook.com/wha.stu.tw/photos/a.192898717898513/596215837566797/?type=3
https://www.setddg.com/PV181019001142326
https://www.setn.com/News.aspx?NewsID=722350
http://line.naver.jp/R/msg/text/?竟將台灣劃入中國…BBC最後撤下報導！網曝背後原因是… | 國際 | 三立新聞網  SETN.COM%0D%0Ahttps%3a%2f%2fwww.setn.com%2fNews.aspx%3fNewsID%3d725173
https://www.facebook.com/sharer/sharer.php?u=https://www.setn.com/News.aspx?NewsID=721101
https://www.setddg.com/PV191107004397992
https://www.setn.com/News.aspx?NewsID=633425
http://line.naver.jp/R/msg/text/?恐嚇白冰冰遭逮！女網友返家再PO文：從這刻開始我噤聲 | 社會 | 三立新聞網  SETN.COM%0D%0Ahttps%3a%2f%2fwww.setn.com%2fNews.aspx%3fNewsID%3d724724
https://www.facebook.com/sharer/sharer.php?u=https://www.setn.com/News.aspx?NewsID=717613
https://www.setddg.com/PV200107004777293
https://www.setn.com/News.aspx?NewsID=689619
http://line.naver.jp/R/msg/text/?中國外交官遊說德國稱讚中國防疫　遭回絕 | 國際 | 三立新聞網  SETN.COM%0D%0Ahttps%3a%2f%2fwww.setn.com%2fNews.aspx%3fNewsID%3d724438
https://www.facebook.com/sharer/sharer.php?u=https://www.setn.com/News.aspx?NewsID=724347
https://www.setddg.com/PV200107004777293
https://www.setn.com/News.aspx?NewsID=706422
http://line.naver.jp/R/msg/text/?傳武漢肺炎有「特效藥吃15cc」　網友坦承造假移送法辦 | 社會 | 三立新聞網  SETN.COM%0D%0Ahttps%3a%2f%2fwww.setn.com%2fNews.aspx%3fNewsID%3d721960
https://www.facebook.com/sharer/sharer.php?u=https://www.setn.com/News.aspx?NewsID=725085
https://www.setddg.com/CATE00943
https://www.setn.com/News.aspx?NewsID=718934
http://line.naver.jp/R/msg/text/?還活著，不用急送房給小孩「這數字內」免遺產稅！ | 房產 | 三立新聞網  SETN.COM%0D%0Ahttps%3a%2f%2fwww.setn.com%2fNews.aspx%3fNewsID%3d720714
https://www.facebook.com/blackiechen.lovelife4ever/photos/a.10161122585550562/10161873024360562/?type=3
https://www.setddg.com/PM180620000341210
https://www.setn.com/News.aspx?NewsID=718934
http://line.naver.jp/R/msg/text/?哈利、梅根走到哪都被罵！英國陷疫情卻烙跑…她痛批太母湯 | 國際 | 三立新聞網  SETN.COM%0D%0Ahttps://www.setn.com/News.aspx?NewsID=718751
https://www.facebook.com/101505626575597/photos/a.101542416571918/2208339342558871/?type=3
https://www.setddg.com/PV190926003980993
https://www.setn.com/News.aspx?NewsID=722063
http://line.naver.jp/R/msg/text/?發覺妻子有異...警砸40萬抓姦　崩潰發現小王竟是學長 | 社會 | 三立新聞網  SETN.COM%0D%0Ahttps://www.setn.com/News.aspx?NewsID=724022
https://www.facebook.com/taiwanericcheng/videos/447450096068664/
https://www.setddg.com/CATE00986
https://www.setn.com/News.aspx?NewsID=723055
http://line.naver.jp/R/msg/text/?辛酸！「想把白曉燕生回來」　白冰冰試管做到最後一顆卵子 | 娛樂星聞 | 三立新聞網  SETN.COM%0D%0Ahttps%3a%2f%2fwww.setn.com%2fe%2fNews.aspx%3fNewsID%3d724527
https://www.facebook.com/sharer/sharer.php?u=https://www.setn.com/News.aspx?NewsID=724581
https://www.setddg.com/PV200401005205399
https://www.setn.com/News.aspx?NewsID=723895
http://line.naver.jp/R/msg/text/?韓國瑜陣營分兩派　李佳芬遭爆不接受反罷「終極絕招」 | 政治 | 三立新聞網  SETN.COM%0D%0Ahttps://www.setn.com/News.aspx?NewsID=725111
https://www.facebook.com/sharer/sharer.php?u=https://www.setn.com/e/News.aspx?NewsID=725196
https://www.setddg.com/producttag/6739/%E6%BD%94%E6%B7%A8%E9%9C%B2
https://www.setn.com/Klist.aspx?TagID=16370
http://line.naver.jp/R/msg/text/?https://www.setddg.com/PV190318002366517
https://www.facebook.com/sharer/sharer.php?u=https://www.setn.com/e/News.aspx?NewsID=725196
https://www.setddg.com/CATE01349
https://www.setn.com/Klist.aspx?TagID=16370
http://line.naver.jp/R/msg/text/?桃園居家檢疫情侶雙亡　法醫採集檢體「最速件」送驗 | 社會 | 三立新聞網  SETN.COM%0D%0Ahttps://www.setn.com/News.aspx?NewsID=719635
https://www.facebook.com/sharer/sharer.php?u=https://www.setn.com/News.aspx?NewsID=720642
https://www.setddg.com/Cate00105
https://www.setn.com/Klist.aspx?TagID=387810
http://line.naver.jp/R/msg/text/?比獨裁更好！CNN：台灣向世界證明「民主體制仍可抗疫」 | 國際 | 三立新聞網  SETN.COM%0D%0Ahttps://www.setn.com/News.aspx?NewsID=719980
https://www.facebook.com/sharer/sharer.php?u=https://www.setn.com/News.aspx?NewsID=716312
https://www.setddg.com/Cate00434
https://www.setn.com/News.aspx?NewsID=717145
http://line.naver.jp/R/msg/text/?在家躲疫情花費變少？　網曝省錢有感：少花2萬 | 生活 | 三立新聞網  SETN.COM%0D%0Ahttps%3a%2f%2fwww.setn.com%2fNews.aspx%3fNewsID%3d721403
https://www.facebook.com/sharer/sharer.php?u=https://www.setn.com/e/News.aspx?NewsID=717874
https://www.setddg.com/producttag/1697/%E8%8F%AF%E7%A2%A9
https://www.setn.com/News.aspx?NewsID=718600
http://line.naver.jp/R/msg/text/?進銀行比照郵局規定？　沒戴口罩禁止進入 | 生活 | 三立新聞網  SETN.COM%0D%0Ahttps://www.setn.com/News.aspx?NewsID=724729
https://www.facebook.com/sharer/sharer.php?u=https://www.setn.com/News.aspx?NewsID=725007
https://www.setddg.com/PV200305004986889
https://www.setn.com/News.aspx?NewsID=720079
http://line.naver.jp/R/msg/text/?台北市運將看過來　今天中午起可到所屬車行合作社購買口罩 | 生活 | 三立新聞網  SETN.COM%0D%0Ahttps://www.setn.com/News.aspx?NewsID=688725
https://www.facebook.com/lingyuan28/photos/a.1537564889888971/2202649576713829/?type=3
https://www.setddg.com/PV200327005156417
https://www.setn.com/Klist.aspx?TagID=18387
http://line.naver.jp/R/msg/text/?假到變蠟像人了！工藤靜香臉部再進化　網酸：看了不寒而慄 | 娛樂星聞 | 三立新聞網  SETN.COM%0D%0Ahttps://www.setn.com/e/News.aspx?NewsID=339771
https://www.facebook.com/lingyuan28/photos/a.1537564889888971/2202649576713829/?type=3
https://www.setddg.com/https://pse.is/K3D36
https://www.setn.com/Klist.aspx?TagID=2456
http://line.naver.jp/R/msg/text/?將告別王室！哈利梅根「震撼彈後首露面」　最後官方行程曝 | 國際 | 三立新聞網  SETN.COM%0D%0Ahttps%3a%2f%2fwww.setn.com%2fNews.aspx%3fNewsID%3d701749
https://www.facebook.com/sharer/sharer.php?u=https://www.setn.com/News.aspx?NewsID=724986
https://www.setddg.com/CATE00765
https://www.setn.com/Klist.aspx?TagID=385922
http://line.naver.jp/R/msg/text/?陳時中公布電郵嗆爆WHO！登NHK熱門新聞　日網掀熱議 | 國際 | 三立新聞網  SETN.COM%0D%0Ahttps://www.setn.com/News.aspx?NewsID=724093
https://www.facebook.com/sharer/sharer.php?u=https://www.setn.com/News.aspx?NewsID=725044
https://www.setddg.com/Cate00180
https://www.setn.com/Klist.aspx?TagID=97782
http://line.naver.jp/R/msg/text/?消保處查市售釀造醬油　8件總氮量不合格恐賣貴 | 生活 | 三立新聞網  SETN.COM%0D%0Ahttps%3a%2f%2fwww.setn.com%2fNews.aspx%3fNewsID%3d717738
https://www.facebook.com/sharer/sharer.php?u=https://www.setn.com/News.aspx?NewsID=725058
https://www.setddg.com/Cate00224
https://www.setn.com/News.aspx?NewsID=471123
http://line.naver.jp/R/msg/text/?中國「禁吃狗肉？」可吃動物名單曝光…官方：狗是親近伴侶 | 寵物 | 三立新聞網  SETN.COM%0D%0Ahttps://www.setn.com/News.aspx?NewsID=722614
https://www.facebook.com/sharer/sharer.php?u=https://www.setn.com/News.aspx?NewsID=725058
https://www.setddg.com/PV200204004850699
https://www.setn.com/News.aspx?NewsID=725059&p=0
http://line.naver.jp/R/msg/text/?柬埔寨當志工染疫被隔離！謝忻「醫院自拔針頭」逃回台灣 | 娛樂星聞 | 三立新聞網  SETN.COM%0D%0Ahttps://www.setn.com/e/News.aspx?NewsID=724797
https://www.facebook.com/sharer/sharer.php?u=https://www.setn.com/e/News.aspx?NewsID=724395
https://www.setddg.com/PM180413000001584
https://www.setn.com/Klist.aspx?TagID=72631
http://line.naver.jp/R/msg/text/?柬埔寨當志工染疫被隔離！謝忻「醫院自拔針頭」逃回台灣 | 娛樂星聞 | 三立新聞網  SETN.COM%0D%0Ahttps://www.setn.com/e/News.aspx?NewsID=724797
https://www.facebook.com/Alfiehuang.tw/photos/a.809949186028231/892568191099663/?type=3
https://www.setddg.com/CATE01022
https://www.setn.com/Klist.aspx?TagID=77812
http://line.naver.jp/R/msg/text/?獨養公婆8年辦後事　寡嫂領錢後悽慘…她竟遭小叔提告 | 社會 | 三立新聞網  SETN.COM%0D%0Ahttps%3a%2f%2fwww.setn.com%2fNews.aspx%3fNewsID%3d712054
https://www.facebook.com/taiwanericcheng/videos/2284737695101247/
https://www.setddg.com/Cate00166
https://www.setn.com/Klist.aspx?TagID=7975
http://line.naver.jp/R/msg/text/?獨養公婆8年辦後事　寡嫂領錢後悽慘…她竟遭小叔提告 | 社會 | 三立新聞網  SETN.COM%0D%0Ahttps%3a%2f%2fwww.setn.com%2fNews.aspx%3fNewsID%3d712054
https://www.facebook.com/291999857521381/videos/319370348980449/
https://www.setddg.com/PV200331005185192
https://www.setn.com/News.aspx?NewsID=688683
http://line.naver.jp/R/msg/text/?傳喜訊！中研院找到新冠病毒抑制劑　指揮中心：有效就量產 | 生活 | 三立新聞網  SETN.COM%0D%0Ahttps://www.setn.com/News.aspx?NewsID=723261
https://www.facebook.com/sharer/sharer.php?u=https://www.setn.com/e/News.aspx?NewsID=714321
https://www.setddg.com/PV200331005185192
https://www.setn.com/News.aspx?NewsID=707933
http://line.naver.jp/R/msg/text/?東京確診計程車司機行程曝！曾至80人聚會…目前10發燒 | 國際 | 三立新聞網  SETN.COM%0D%0Ahttps://www.setn.com/News.aspx?NewsID=689767
https://www.facebook.com/sharer/sharer.php?u=https://www.setn.com/News.aspx?NewsID=724829
https://www.setddg.com/Cate00383
https://www.setn.com/News.aspx?NewsID=712939
http://line.naver.jp/R/msg/text/?20歲外送員送餐遭「夾殺」追撞慘死　後方轎車駕駛被起訴 | 社會 | 三立新聞網  SETN.COM%0D%0Ahttps://www.setn.com/News.aspx?NewsID=724275
https://www.facebook.com/sharer/sharer.php?u=https://www.setn.com/News.aspx?NewsID=724829
https://www.setddg.com/CATE00838
https://www.setn.com/News.aspx?NewsID=718242
http://line.naver.jp/R/msg/text/?出院點名關鍵3醫護致謝　強生：事情本可能往不同方向發展 | 國際 | 三立新聞網  SETN.COM%0D%0Ahttps%3a%2f%2fwww.setn.com%2fNews.aspx%3fNewsID%3d724536
https://www.facebook.com/sharer/sharer.php?u=https://www.setn.com/News.aspx?NewsID=721302
https://www.setddg.com/CATE00838
https://www.setn.com/News.aspx?NewsID=719991
http://line.naver.jp/R/msg/text/?「天選」風水寶地！揭秘中國最旺祖墳　後代出了16位皇帝 | 生活 | 三立新聞網  SETN.COM%0D%0Ahttps://www.setn.com/News.aspx?NewsID=719067
https://www.facebook.com/sharer/sharer.php?u=https://www.setn.com/News.aspx?NewsID=721302
https://www.setddg.com/PV200324005141821
https://www.setn.com/News.aspx?NewsID=721550
http://line.naver.jp/R/msg/text/?狠斷周揚青！羅志祥爆早有網紅新歡　「迅速扶正」原因曝光 | 娛樂星聞 | 三立新聞網  SETN.COM%0D%0Ahttps://www.setn.com/e/News.aspx?NewsID=721642
https://www.facebook.com/sharer/sharer.php?u=https://www.setn.com/News.aspx?NewsID=724668
https://www.setddg.com/Cate00128
https://www.setn.com/News.aspx?NewsID=723329
http://line.naver.jp/R/msg/text/?彰縣大型就博會不喊卡　因應防疫擇地戶外通風處 | 生活 | 三立新聞網  SETN.COM%0D%0Ahttps%3a%2f%2fwww.setn.com%2fNews.aspx%3fNewsID%3d699776
https://www.facebook.com/sharer/sharer.php?u=https://www.setn.com/News.aspx?NewsID=724595
https://www.setddg.com/PV190403002932934
https://www.setn.com/News.aspx?NewsID=723329
http://line.naver.jp/R/msg/text/?湯姆漢克斯確診隔離2週！發文親曝身體狀況「感覺好點了」 | 電影 | 三立新聞網  SETN.COM%0D%0Ahttps://www.setn.com/News.aspx?NewsID=713144
https://www.facebook.com/sharer/sharer.php?u=https://www.setn.com/News.aspx?NewsID=725135
https://www.setddg.com/PV191203004573959
https://www.setn.com/Klist.aspx?TagID=11312
http://line.naver.jp/R/msg/text/?爆財務問題！哈利、梅根攜子「突遷居加州洛杉磯」王室震驚 | 娛樂星聞 | 三立新聞網  SETN.COM%0D%0Ahttps://www.setn.com/e/News.aspx?NewsID=715827
https://www.facebook.com/sharer/sharer.php?u=https://www.setn.com/News.aspx?NewsID=725149
https://www.setddg.com/PV200225004928516
https://www.setn.com/Klist.aspx?TagID=25576
http://line.naver.jp/R/msg/text/?愛上閨密前男友該在一起嗎？掙扎好久發問竟碰壁：還愛他 | 生活 | 三立新聞網  SETN.COM%0D%0Ahttps%3a%2f%2fwww.setn.com%2fNews.aspx%3fNewsID%3d717466
https://www.facebook.com/sharer/sharer.php?u=https://www.setn.com/News.aspx?NewsID=725138
https://www.setddg.com/PV200225004928516
https://www.setn.com/Klist.aspx?TagID=44991
http://line.naver.jp/R/msg/text/?校隊學童墜樓一度命危家屬疑遭人推落　近期可望出院 | 社會 | 三立新聞網  SETN.COM%0D%0Ahttps://www.setn.com/News.aspx?NewsID=722980
https://www.facebook.com/sharer/sharer.php?u=https://www.setn.com/News.aspx?NewsID=713733
https://www.setddg.com/PV200402005206724
https://www.setn.com/Klist.aspx?TagID=44991
http://line.naver.jp/R/msg/text/?酒店妹吸毒酒駕撞死晨運婦！驚悚畫面曝光⋯車輪飛了才停車 | 社會 | 三立新聞網  SETN.COM%0D%0Ahttps://www.setn.com/News.aspx?NewsID=724058
https://www.facebook.com/sharer/sharer.php?u=https://www.setddg.com/PV190903003800847
https://www.setddg.com/producttag/6308/%E4%BB%A3%E8%AC%9D%E8%86%A0%E5%9B%8A
https://www.setn.com/News.aspx?NewsID=721293
http://line.naver.jp/R/msg/text/?奧迪不爽被按喇叭呼叫雙B支援　國產車越級打怪結果全GG | 社會 | 三立新聞網  SETN.COM%0D%0Ahttps%3a%2f%2fwww.setn.com%2fNews.aspx%3fNewsID%3d725190
https://www.facebook.com/taiwanericcheng/videos/2263597307203866/
https://www.setddg.com/CATE00535
https://www.setn.com/News.aspx?NewsID=722854
http://line.naver.jp/R/msg/text/?https://www.setddg.com/PV190321002405094
https://www.facebook.com/319697858182988/photos/a.323332527819521/1264907846995313/?type=3
https://www.setddg.com/CATE00535
https://www.setn.com/Klist.aspx?TagID=10325
http://line.naver.jp/R/msg/text/?中信兄弟會員權益調整　贈送網路轉播付費會員 | 運動 | 三立新聞網  SETN.COM%0D%0Ahttps%3a%2f%2fwww.setn.com%2fNews.aspx%3fNewsID%3d721474
https://www.facebook.com/setlingyu/photos/a.944852955673677/1320664608092508/?type=3
https://www.setddg.com/P0000100071281
https://www.setn.com/Klist.aspx?TagID=10812
http://line.naver.jp/R/msg/text/?又吸！前183club成員祝釩剛　傳與美女主播吸毒遭逮 | 娛樂星聞 | 三立新聞網  SETN.COM%0D%0Ahttps%3a%2f%2fwww.setn.com%2fe%2fNews.aspx%3fNewsID%3d54172
https://www.facebook.com/sharer/sharer.php?u=https://www.setddg.com/PV200310005020987
https://www.setddg.com/PV180622000348672
https://www.setn.com/News.aspx?NewsID=674352
http://line.naver.jp/R/msg/text/?公車輾斃23歲女…行車紀錄器、車內鏡頭竟「同時故障」 | 社會 | 三立新聞網  SETN.COM%0D%0Ahttps://www.setn.com/News.aspx?NewsID=724964
https://www.facebook.com/sharer/sharer.php?u=https://www.setn.com/News.aspx?NewsID=703588
https://www.setddg.com/Cate00040
https://www.setn.com/News.aspx?NewsID=711927
http://line.naver.jp/R/msg/text/?新加坡總理夫人回「呃」惹議　行政院：兩國友好不評論 | 政治 | 三立新聞網  SETN.COM%0D%0Ahttps://www.setn.com/News.aspx?NewsID=724181
https://www.facebook.com/sharer/sharer.php?u=https://www.setddg.com/P0000100067830
https://www.setddg.com/PV191225004726436
https://www.setn.com/News.aspx?NewsID=713018
http://line.naver.jp/R/msg/text/?老司機快上車！防疫大使Pornhub免費送「高級會員」 | 國際 | 三立新聞網  SETN.COM%0D%0Ahttps://www.setn.com/News.aspx?NewsID=713705
https://www.facebook.com/sharer/sharer.php?u=https://www.setn.com/News.aspx?NewsID=722980
https://www.setddg.com/PV200229004946118
https://www.setn.com/News.aspx?NewsID=714331
http://line.naver.jp/R/msg/text/?徵原住民約會！網紅「歧視用語」被譙爆…修文喊冤：我不懂 | 娛樂星聞 | 三立新聞網  SETN.COM%0D%0Ahttps://www.setn.com/e/News.aspx?NewsID=719239
https://www.facebook.com/123654891063093/photos/a.418364924925420/2295279160567311/?type=3
https://www.setddg.com/CATE00857
https://www.setn.com/News.aspx?NewsID=715238
http://line.naver.jp/R/msg/text/?https://www.setddg.com/PV200224004925364
https://www.facebook.com/sharer/sharer.php?u=https://www.setn.com/News.aspx?NewsID=725200
https://www.setddg.com/CATE01306
https://www.setn.com/News.aspx?NewsID=718861
http://line.naver.jp/R/msg/text/?https://www.setddg.com/PV180911000816311
https://www.facebook.com/sharer/sharer.php?u=https://www.setn.com/News.aspx?NewsID=725049
https://www.setddg.com/CATE01306
https://www.setn.com/News.aspx?NewsID=721798&p=0
http://line.naver.jp/R/msg/text/?無糖在這裡是邪教？全網笑翻曝誇張行徑：一次吃一包 | 生活 | 三立新聞網  SETN.COM%0D%0Ahttps://www.setn.com/News.aspx?NewsID=708565
https://www.facebook.com/sharer/sharer.php?u=https://www.setn.com/News.aspx?NewsID=718122
https://www.setddg.com/PM190523003178771
https://www.setn.com/News.aspx?NewsID=725075&p=0
http://line.naver.jp/R/msg/text/?古代皇帝怎麼玩女人？侍寢道具選山羊助興！妃子焦急搶著用 | 娛樂星聞 | 三立新聞網  SETN.COM%0D%0Ahttps%3a%2f%2fwww.setn.com%2fe%2fNews.aspx%3fNewsID%3d708846
https://www.facebook.com/194703907220622/photos/a.694400153917659/2681265125231142/?type=3
https://www.setddg.com/PV191216004660613
https://www.setn.com/Klist.aspx?TagID=24558
http://line.naver.jp/R/msg/text/?廟口夜市管制人流困難　林右昌：最壞打算該封會封 | 政治 | 三立新聞網  SETN.COM%0D%0Ahttps://www.setn.com/News.aspx?NewsID=724641
https://www.facebook.com/194703907220622/photos/a.694400153917659/2681265125231142/?type=3
https://www.setddg.com/Cate00340
https://www.setn.com/News.aspx?NewsID=627552
http://line.naver.jp/R/msg/text/?出題考國民黨數位諸葛亮　四叉貓：趕快再幫葉毓蘭搞件大事 | 政治 | 三立新聞網  SETN.COM%0D%0Ahttps://www.setn.com/News.aspx?NewsID=724809
https://www.facebook.com/273340963335122/videos/2022026297901269/
https://www.setddg.com/PV190805003581388
https://www.setn.com/News.aspx?NewsID=631104
http://line.naver.jp/R/msg/text/?「 玖」愛港點．「 尹」下午茶　精選人氣豐美套餐 | 生活 | 三立新聞網  SETN.COM%0D%0Ahttps%3a%2f%2fwww.setn.com%2fNews.aspx%3fNewsID%3d696047
https://www.facebook.com/star.iset
https://www.setddg.com/PV200401005194701
https://www.setn.com/News.aspx?NewsID=690501
http://line.naver.jp/R/msg/text/?征戰無數！明朝堂堂抗倭名將　竟然是怕老婆俱樂部一員 | 新奇 | 三立新聞網  SETN.COM%0D%0Ahttps://www.setn.com/News.aspx?NewsID=721484
https://www.facebook.com/star.iset
https://www.setddg.com/CATE01338
https://www.setn.com/News.aspx?NewsID=722279
http://line.naver.jp/R/msg/text/?超窩心！怕警察叔叔沒口罩　8歲女童排隊集70片口罩捐警 | 生活 | 三立新聞網  SETN.COM%0D%0Ahttps://www.setn.com/News.aspx?NewsID=721389
https://www.facebook.com/SETwearefamily/videos/443881339725632/
https://www.setddg.com/Cate00494
https://www.setn.com/News.aspx?NewsID=722279
http://line.naver.jp/R/msg/text/?就是這朵花！她國小這樣做被男友嫌棄　網力挺：小時候吸爆 | 生活 | 三立新聞網  SETN.COM%0D%0Ahttps://www.setn.com/News.aspx?NewsID=725071
https://www.facebook.com/sharer/sharer.php?u=https://www.setn.com/News.aspx?NewsID=697905
https://www.setddg.com/PM180411000000125
https://www.setn.com/News.aspx?NewsID=722940&p=0
http://line.naver.jp/R/msg/text/?疫情衝擊牛奶過剩！美酪農被迫將「數十萬加侖牛奶」倒水溝 | 國際 | 三立新聞網  SETN.COM%0D%0Ahttps%3a%2f%2fwww.setn.com%2fNews.aspx%3fNewsID%3d719175
https://www.facebook.com/sharer/sharer.php?u=https://www.setn.com/News.aspx?NewsID=443147
https://www.setddg.com/PV200407005219346
https://www.setn.com/News.aspx?NewsID=724044
http://line.naver.jp/R/msg/text/?雪隧北上塞爆！掃墓加出遊人潮　時速僅20塞近6公里 | 生活 | 三立新聞網  SETN.COM%0D%0Ahttps%3a%2f%2fwww.setn.com%2fNews.aspx%3fNewsID%3d720155
https://www.facebook.com/sharer/sharer.php?u=https://www.setn.com/News.aspx?NewsID=724842
https://www.setddg.com/Cate00337
https://www.setn.com/News.aspx?NewsID=724044
http://line.naver.jp/R/msg/text/?傳武漢肺炎有「特效藥吃15cc」　網友坦承造假移送法辦 | 社會 | 三立新聞網  SETN.COM%0D%0Ahttps://www.setn.com/News.aspx?NewsID=721960
https://www.facebook.com/193541957838217/photos/a.210485299477216/539470843245325/?type=3
https://www.setddg.com/PV200116004800877
https://www.setn.com/Klist.aspx?TagID=130140
http://line.naver.jp/R/msg/text/?墾丁人潮爆滿！憂武漢肺炎蔓延…徐國勇親自南下：不要大意 | 政治 | 三立新聞網  SETN.COM%0D%0Ahttps://www.setn.com/News.aspx?NewsID=719764
https://www.facebook.com/sharer/sharer.php?u=https://www.setn.com/News.aspx?NewsID=725215
https://www.setddg.com/CATE01346
https://www.setn.com/Klist.aspx?TagID=1455
http://line.naver.jp/R/msg/text/?疫情還在燒！法國禁足令再延一個月　馬克宏坦承：準備不足 | 國際 | 三立新聞網  SETN.COM%0D%0Ahttps://www.setn.com/News.aspx?NewsID=725084
https://www.facebook.com/193541957838217/photos/a.195895817602831/545296892662720/?type=3
https://www.setddg.com/Cate00165
https://www.setn.com/News.aspx?NewsID=666286
http://line.naver.jp/R/msg/text/?男為5萬元債務殺人！母目睹愛兒慘死崩潰、提告求償8百萬 | 社會 | 三立新聞網  SETN.COM%0D%0Ahttps://www.setn.com/News.aspx?NewsID=707270
https://www.facebook.com/taiwanericcheng/videos/301401547406399/
https://www.setddg.com/Cate00199
https://www.setn.com/News.aspx?NewsID=713514
http://line.naver.jp/R/msg/text/?全聯為何結帳堅持不幫裝袋？網揭「背後真相」：幫了還得了 | 生活 | 三立新聞網  SETN.COM%0D%0Ahttps://www.setn.com/News.aspx?NewsID=722003
https://www.facebook.com/pnnpts/photos/a.445004823832/10157488263173833/?type=3
https://www.setddg.com/PV200205004859376
https://www.setn.com/News.aspx?NewsID=716143
http://line.naver.jp/R/msg/text/?沒公德！屁孩淡水捷運站內抽菸　友人不勸還PO網讚：勇者 | 社會 | 三立新聞網  SETN.COM%0D%0Ahttps%3a%2f%2fwww.setn.com%2fNews.aspx%3fNewsID%3d717845
https://www.facebook.com/sharer/sharer.php?u=https://www.setn.com/News.aspx?NewsID=717466
https://www.setddg.com/PV180602000275667
https://www.setn.com/News.aspx?NewsID=720939
http://line.naver.jp/R/msg/text/?海上漂來海洛因磚！警逮捕大毒梟「孝道」　檢方求刑15年 | 社會 | 三立新聞網  SETN.COM%0D%0Ahttps%3a%2f%2fwww.setn.com%2fNews.aspx%3fNewsID%3d707268
https://www.facebook.com/sharer/sharer.php?u=https://www.setn.com/News.aspx?NewsID=718592
https://www.setddg.com/PV180602000275667
https://www.setn.com/News.aspx?NewsID=720939
http://line.naver.jp/R/msg/text/?狼師扯教「認識身體」猥褻3少女　她開庭崩潰：我真的很怕 | 社會 | 三立新聞網  SETN.COM%0D%0Ahttps%3a%2f%2fwww.setn.com%2fNews.aspx%3fNewsID%3d717431
https://www.facebook.com/sharer/sharer.php?u=https://www.setn.com/News.aspx?NewsID=707270
https://www.setddg.com/CATE00606
https://www.setn.com/News.aspx?NewsID=723873
http://line.naver.jp/R/msg/text/?18年驚悚命案1／嫂打破姑頭再溺斃她！水泥「造塚封屍」 | 社會 | 三立新聞網  SETN.COM%0D%0Ahttps://www.setn.com/News.aspx?NewsID=477524
https://www.facebook.com/sharer/sharer.php?u=https://www.setn.com/News.aspx?NewsID=699776
https://www.setddg.com/P0000100068045
https://www.setn.com/News.aspx?NewsID=723873
http://line.naver.jp/R/msg/text/?全台55本土確診…這城市持續「0本土病例」　網讚：超強 | 生活 | 三立新聞網  SETN.COM%0D%0Ahttps://www.setn.com/News.aspx?NewsID=725134
https://www.facebook.com/sharer/sharer.php?u=https://www.setn.com/News.aspx?NewsID=720581
https://www.setddg.com/PV190725003518874
https://www.setn.com/Klist.aspx?TagID=15243
http://line.naver.jp/R/msg/text/?呂秀蓮：第三次世界大戰已開打，WHO是疫情全球化幫兇 | 政治 | 三立新聞網  SETN.COM%0D%0Ahttps://www.setn.com/News.aspx?NewsID=720404
https://www.facebook.com/194703907220622/photos/a.694400153917659/2467048533319470/?type=3
https://www.setddg.com/PV200303004966092
https://www.setn.com/Klist.aspx?TagID=28120
http://line.naver.jp/R/msg/text/?「台灣女孩」嗆爆譚德塞！林薇昔選秀片段曝光…萌搶主持棒 | 政治 | 三立新聞網  SETN.COM%0D%0Ahttps%3a%2f%2fwww.setn.com%2fNews.aspx%3fNewsID%3d723119
https://www.facebook.com/sharer/sharer.php?u=https://www.setn.com/News.aspx?NewsID=721798
https://www.setddg.com/producttag/8171/%E9%96%80%E9%8E%96
https://www.setn.com/News.aspx?NewsID=711369
http://line.naver.jp/R/msg/text/?為了防疫訂立新規定　增加喪禮限制 | 名家 | 三立新聞網  SETN.COM%0D%0Ahttps://www.setn.com/News.aspx?NewsID=720393
https://www.facebook.com/sharer/sharer.php?u=https://www.setn.com/News.aspx?NewsID=718043
