https://www.setddg.com/PM181122001326067
https://www.setn.com/News.aspx?NewsID=710191
http://line.naver.jp/R/msg/text/?全球確診破2百萬　美專家曝「內心隱憂」：目前數據被低估 | 國際 | 三立新聞網  SETN.COM%0D%0Ahttps%3a%2f%2fwww.setn.com%2fNews.aspx%3fNewsID%3d726359
https://www.facebook.com/sharer/sharer.php?u=https://www.setn.com/e/News.aspx?NewsID=725933
https://www.setddg.com/Cate00281
https://www.setn.com/News.aspx?NewsID=726027
http://line.naver.jp/R/msg/text/?老大洩天機／吳德榮：晴朗微熱至週日　下週一鋒面近水氣增 | 生活 | 三立新聞網  SETN.COM%0D%0Ahttps%3a%2f%2fwww.setn.com%2fNews.aspx%3fNewsID%3d725718
https://www.facebook.com/vidol.tv/
https://www.setddg.com/Cate00270
https://www.setn.com/News.aspx?NewsID=713072
http://line.naver.jp/ti/p/%40igood
https://www.facebook.com/SETtheGirlsSay/
https://www.setddg.com/Cate00238
https://www.setn.com/News.aspx?NewsID=724623
http://line.naver.jp/R/msg/text/?今明北部局部暴雨！下週轉乾冷　「這天」低溫恐降到10度 | 生活 | 三立新聞網  SETN.COM%0D%0Ahttps://www.setn.com/News.aspx?NewsID=723867
https://www.facebook.com/setlingyu/videos/484543528963226/
https://www.setddg.com/PV190401002902825
https://www.setn.com/News.aspx?NewsID=722659
http://line.naver.jp/R/msg/text/?烏龍！《花木蘭》票房驚爆僅2萬   片商回應：還沒上映 | 電影 | 三立新聞網  SETN.COM%0D%0Ahttps://www.setn.com/News.aspx?NewsID=726178
https://www.facebook.com/SETN94KTV/
https://www.setddg.com/Cate00163
https://www.setn.com/News.aspx?NewsID=725433
http://line.naver.jp/R/msg/text/?遭渣男騙200萬！資深女星「絕望」輕生…兩腿跛腳險截肢 | 娛樂星聞 | 三立新聞網  SETN.COM%0D%0Ahttps://www.setn.com/e/News.aspx?NewsID=725799
https://www.facebook.com/sharer/sharer.php?u=https://www.setn.com/News.aspx?NewsID=725720
https://www.setddg.com/PV190709003347790
https://www.setn.com/News.aspx?NewsID=726320
http://line.naver.jp/R/msg/text/?台北101冒粉紅泡泡　連2天暖點燈：TWcanHELP | 生活 | 三立新聞網  SETN.COM%0D%0Ahttps://www.setn.com/News.aspx?NewsID=726253
https://www.facebook.com/sharer/sharer.php?u=https://www.setn.com/e/News.aspx?NewsID=725971
https://www.setddg.com/PV191212004641745
https://www.setn.com/News.aspx?NewsID=721231
http://line.naver.jp/R/msg/text/?和陳珮騏含淚相擁　柯淑勤哀戚哭喊：送你最後一程… | 娛樂星聞 | 三立新聞網  SETN.COM%0D%0Ahttps://www.setn.com/e/News.aspx?NewsID=726238
https://www.facebook.com/101505626575597/photos/a.524734824252673/2418230488236421/?type=3
https://www.setddg.com/P0000100054766
https://www.setn.com/News.aspx?NewsID=723391
http://line.naver.jp/R/msg/text/?閃嫁豪門屢傳婚變！小蜜桃姐姐哽咽吐露真相：老公非常失望 | 娛樂星聞 | 三立新聞網  SETN.COM%0D%0Ahttps://www.setn.com/e/News.aspx?NewsID=725933
https://www.facebook.com/sharer/sharer.php?u=https://www.setn.com/e/News.aspx?NewsID=726049
https://www.setddg.com/PV200324005135698
https://www.setn.com/News.aspx?NewsID=724341&p=0
http://line.naver.jp/R/msg/text/?台南意麵憑什麼自己加上台南？　在地耆老曝命名由來 | 生活 | 三立新聞網  SETN.COM%0D%0Ahttps://www.setn.com/News.aspx?NewsID=726357
https://www.facebook.com/165bear/photos/a.826144520778383/2513816258677859/?type=3
https://www.setddg.com/Cate00042
https://www.setn.com/e/News.aspx?NewsID=659580
http://line.naver.jp/R/msg/text/?今晨11縣市低溫特報！晚上水氣增有雨　回暖時間點曝光 | 生活 | 三立新聞網  SETN.COM%0D%0Ahttps%3a%2f%2fwww.setn.com%2fNews.aspx%3fNewsID%3d725082
https://www.facebook.com/JesseTang11/videos/2115198405269947/
https://www.setddg.com/PV190315002344160
https://www.setn.com/Klist.aspx?TagID=137
http://line.naver.jp/R/msg/text/?金鐘視帝李銘順自比「台語新人」　工地小人物求發財翻身 | 娛樂星聞 | 三立新聞網  SETN.COM%0D%0Ahttps%3a%2f%2fwww.setn.com%2fe%2fNews.aspx%3fNewsID%3d726261
https://www.facebook.com/sharer/sharer.php?u=https://www.setn.com/News.aspx?NewsID=724406
https://www.setddg.com/CATE01140
https://www.setn.com/News.aspx?NewsID=706774
http://line.naver.jp/R/msg/text/?韋禮安聽歌會「哭到崩潰」　曝內心糾結…壓力大到失眠數月 | 娛樂星聞 | 三立新聞網  SETN.COM%0D%0Ahttps://www.setn.com/e/News.aspx?NewsID=726057
https://www.facebook.com/sharer/sharer.php?u=https://www.setn.com/News.aspx?NewsID=726366
https://www.setddg.com/PV200323005134891
https://www.setn.com/News.aspx?NewsID=721529
http://line.naver.jp/R/msg/text/?「不能有地理上空白」日本政府表態：支持台灣參加WHA | 國際 | 三立新聞網  SETN.COM%0D%0Ahttps%3a%2f%2fwww.setn.com%2fNews.aspx%3fNewsID%3d726324
https://www.facebook.com/star.iset/
https://www.setddg.com/Cate00138
https://www.setn.com/News.aspx?NewsID=723332
http://line.naver.jp/R/msg/text/?如何抓住飛很快的蚊子？　網私授獨家撇步：馬上變慢 | 生活 | 三立新聞網  SETN.COM%0D%0Ahttps%3a%2f%2fwww.setn.com%2fNews.aspx%3fNewsID%3d726358
https://www.facebook.com/taiwanericcheng/videos/1265686506924227/
https://www.setddg.com/Cate00445
https://www.setn.com/News.aspx?NewsID=713715
http://line.naver.jp/R/msg/text/?殺小燈泡兇嫌逃死　高大成嘆：若再殺人　法官你賠嗎？ | 社會 | 三立新聞網  SETN.COM%0D%0Ahttps://www.setn.com/News.aspx?NewsID=726291
https://www.facebook.com/sharer/sharer.php?u=https://www.setn.com/News.aspx?NewsID=726328
https://www.setddg.com/Cate00043
https://www.setn.com/Klist.aspx?TagID=32247
http://line.naver.jp/R/msg/text/?8年婚姻夢碎！網嗆「妳先生值得更好的」　釣出何妤玟反擊 | 娛樂星聞 | 三立新聞網  SETN.COM%0D%0Ahttps%3a%2f%2fwww.setn.com%2fe%2fNews.aspx%3fNewsID%3d725921
https://www.facebook.com/setlingyu/photos/a.162107043948276/1350097955149173/?type=3
https://www.setddg.com/customer/addresses
https://www.setn.com/News.aspx?NewsID=718566
http://line.naver.jp/R/msg/text/?烏龍！《花木蘭》票房驚爆僅2萬   片商回應：還沒上映 | 電影 | 三立新聞網  SETN.COM%0D%0Ahttps%3a%2f%2fwww.setn.com%2fNews.aspx%3fNewsID%3d726178
https://www.facebook.com/mirandalufanpage/photos/a.379706902294/10157210993242295/?type=3
https://www.setddg.com/PM191121004493095
https://www.setn.com/News.aspx?NewsID=725803
http://line.naver.jp/R/msg/text/?女兒長菜花！她數月後下體「白白爛爛」　醫驚：要整塊切掉 | 娛樂星聞 | 三立新聞網  SETN.COM%0D%0Ahttps%3a%2f%2fwww.setn.com%2fe%2fNews.aspx%3fNewsID%3d726352
https://www.facebook.com/setlingyu/photos/a.237894729702840/1327463770745925/?type=3
https://www.setddg.com/PV190117001861600
https://www.setn.com/News.aspx?NewsID=726101
http://line.naver.jp/R/msg/text/?42歲唐儷曝近況！蓬頭垢面素顏賣雞排…驚得板機指症 | 娛樂星聞 | 三立新聞網  SETN.COM%0D%0Ahttps://www.setn.com/e/News.aspx?NewsID=725311
https://www.facebook.com/123654891063093/photos/a.123657167729532/2291737620921465/?type=3
https://www.setddg.com/CATE00676
https://www.setn.com/News.aspx?NewsID=726217
http://line.naver.jp/R/msg/text/?獨／搭上最毒班機！朱芳君曝「16小時驚魂」…過程像逃難 | 娛樂星聞 | 三立新聞網  SETN.COM%0D%0Ahttps%3a%2f%2fwww.setn.com%2fe%2fNews.aspx%3fNewsID%3d726000
https://www.facebook.com/setlingyu/photos/a.162107043948276/1365022836990018/?type=3
https://www.setddg.com/PV200122004825331
https://www.setn.com/News.aspx?NewsID=725119
http://line.naver.jp/R/msg/text/?紓困有沒有發現金？蔡英文算給你看！疫情緩和再加碼酷碰券 | 政治 | 三立新聞網  SETN.COM%0D%0Ahttps://www.setn.com/News.aspx?NewsID=726309
https://www.facebook.com/0630puffkuo/photos/a.112830745402614/2663534613665535/?type=3
https://www.setddg.com/PV190519003163810
https://www.setn.com/Klist.aspx?TagID=90962
http://line.naver.jp/R/msg/text/?健康亮紅燈！主播張齡予自爆腰關節疼痛動刀　術後報平安 | 娛樂星聞 | 三立新聞網  SETN.COM%0D%0Ahttps%3a%2f%2fwww.setn.com%2fe%2fNews.aspx%3fNewsID%3d723030
https://www.facebook.com/FiFiWang777/photos/a.730105157003810/2749252018422437/?type=3
https://www.setddg.com/Cate00098
https://www.setn.com/News.aspx?NewsID=687026
http://line.naver.jp/R/msg/text/?川普斷金援！譚德塞稱「遺憾」急喊：世衛要救人沒時間浪費 | 國際 | 三立新聞網  SETN.COM%0D%0Ahttps://www.setn.com/News.aspx?NewsID=726364
https://www.facebook.com/godblessbaodao/
https://www.setddg.com/P0000100016513
https://www.setn.com/News.aspx?NewsID=508450
http://line.naver.jp/R/msg/text/?受夠舔共組織！白宮網站出現「1狠手段」反擊世衛與中共 | 國際 | 三立新聞網  SETN.COM%0D%0Ahttps%3a%2f%2fwww.setn.com%2fNews.aspx%3fNewsID%3d726286
https://www.facebook.com/sharer/sharer.php?u=https://www.setn.com/e/News.aspx?NewsID=725195
https://www.setddg.com/PV200320005115437
https://www.setn.com/live/live.aspx?SLVID=2364
https://www.facebook.com/sharer/sharer.php?u=https://www.setn.com/e/News.aspx?NewsID=725152
https://www.setddg.com/wishlist
https://www.setn.com/Klist.aspx?TagID=103889
https://www.facebook.com/sharer/sharer.php?u=https://www.setn.com/e/News.aspx?NewsID=726072
https://www.setddg.com/CATE01324
https://www.setn.com/News.aspx?NewsID=716464
https://www.facebook.com/sharer/sharer.php?u=https://www.setn.com/News.aspx?NewsID=722859
https://www.setddg.com/P0000100059917
https://www.setn.com/Klist.aspx?TagID=1431
https://www.facebook.com/sharer/sharer.php?u=https://www.setn.com/News.aspx?NewsID=725718
https://www.setddg.com/PV200410005263227
https://www.setn.com/News.aspx?NewsID=712438
https://www.facebook.com/blackiechen.lovelife4ever/photos/a.10153164501315562/10161877008235562/?type=3
https://www.setddg.com/PM190104001771119
https://www.setn.com/News.aspx?NewsID=725628
https://www.facebook.com/sharer/sharer.php?u=https://www.setn.com/e/News.aspx?NewsID=726283
https://www.setddg.com/PV191017004120264
https://www.setn.com/Klist.aspx?TagID=15629
https://www.facebook.com/setlingyu/photos/a.944852955673677/1337869919705310/?type=3
https://www.setddg.com/PV200324005138790
https://www.setn.com/News.aspx?NewsID=722048
https://www.facebook.com/193541957838217/photos/a.195895817602831/595940407598368/?type=3
https://www.setddg.com/Cate00356
https://www.setn.com/News.aspx?NewsID=724170
https://www.facebook.com/sharer/sharer.php?u=https://www.setn.com/e/News.aspx?NewsID=726177
https://www.setddg.com/PV200331005183990
https://www.setn.com/Klist.aspx?TagID=208502
https://www.facebook.com/blackiechen.lovelife4ever/photos/a.239195265561/10161881434370562/?type=3
https://www.setddg.com/PV190528003210349
https://www.setn.com/Klist.aspx?TagID=312484
https://www.facebook.com/taiwanericcheng/videos/334167877525743/
https://www.setddg.com/Cate00124
https://www.setn.com/News.aspx?NewsID=723229
https://www.facebook.com/sharer/sharer.php?u=https://live.setn.com/live/691
https://www.setddg.com/CATE00538
https://www.setn.com/News.aspx?NewsID=725553
https://www.facebook.com/wowsight/videos/761674230932146/
https://www.setddg.com/Cate00386
https://www.setn.com/News.aspx?NewsID=713788
https://www.facebook.com/FiFiWang777/photos/a.730105157003810/2841351245879180/?type=3
https://www.setddg.com/CATE00652
https://www.setn.com/News.aspx?NewsID=718425
https://www.facebook.com/SETSportNews/
https://www.setddg.com/PM200323005133840
https://www.setn.com/News.aspx?NewsID=700977
https://www.facebook.com/nappingwhale/photos/a.2654549821239316/2789050344455929/?type=3
https://www.setddg.com/PV200316005065911
https://www.setn.com/News.aspx?NewsID=724997
https://www.facebook.com/setlingyu/photos/a.237894729702840/1326877267471242/?type=3
https://www.setddg.com/PV200401005191632
https://www.setn.com/News.aspx?NewsID=725756
https://www.facebook.com/setmoney.net/
https://www.setddg.com/CATE01191
https://www.setn.com/Klist.aspx?TagID=171482
https://www.facebook.com/wangchiyu/photos/a.776544399076517/2559871984077074/?type=3
https://www.setddg.com/Cate00177
https://www.setn.com/News.aspx?NewsID=722725
https://www.facebook.com/sharer/sharer.php?u=https://acts.setn.com/event/2020netterms
https://www.setddg.com/P0000100064085
https://www.setn.com/News.aspx?NewsID=725750
https://www.facebook.com/sharer/sharer.php?u=https://www.setn.com/e/News.aspx?NewsID=725799
https://www.setddg.com/Cate00479
https://www.setn.com/News.aspx?NewsID=726331
https://www.facebook.com/sharer/sharer.php?u=https://www.setn.com/News.aspx?NewsID=726368
https://www.setddg.com/CATE01137
https://www.setn.com/Klist.aspx?TagID=51670
https://www.facebook.com/setlingyu/videos/671586300022410/
https://www.setddg.com/PV190403002917719
https://www.setn.com/News.aspx?NewsID=725571
https://www.facebook.com/setlingyu/photos/a.944852955673677/1347638198728482/?type=3
https://www.setddg.com/CATE01139
https://www.setn.com/News.aspx?NewsID=722218
https://www.facebook.com/sharer/sharer.php?u=https://www.setn.com/e/News.aspx?NewsID=726256
https://www.setddg.com/shipping-returns
https://www.setn.com/News.aspx?NewsID=726232
https://www.facebook.com/Alfiehuang.tw/photos/a.807526546270495/911119179244564/?type=3
https://www.setddg.com/CATE01262
https://www.setn.com/News.aspx?NewsID=692543
https://www.facebook.com/blackiechen.lovelife4ever/videos/870286076671143/
https://www.setddg.com/PV181214001636112
https://www.setn.com/Klist.aspx?TagID=390286
https://www.facebook.com/sharer/sharer.php?u=https://www.setn.com/News.aspx?NewsID=726324
https://www.setddg.com/CATE00565
https://www.setn.com/News.aspx?NewsID=723982
https://www.facebook.com/NTDChinese/videos/705204089904910/
https://www.setddg.com/Cate00227
https://www.setn.com/News.aspx?NewsID=724786
https://www.facebook.com/blackiechen.lovelife4ever/videos/332197874386592/
https://www.setddg.com/Cate00082
https://www.setn.com/News.aspx?NewsID=725006
https://www.facebook.com/taiwanericcheng/videos/333534270862552/
https://www.setddg.com/CATE01304
https://www.setn.com/News.aspx?NewsID=725067
https://www.setddg.com/Cate00197
https://www.setn.com/News.aspx?NewsID=726165
https://www.setddg.com/Cate00347
https://www.setn.com/News.aspx?NewsID=711251
https://www.setddg.com/PM200324005137784
https://www.setn.com/News.aspx?NewsID=723377
https://www.setddg.com/PV190910003868086
https://www.setn.com/News.aspx?NewsID=725736
https://www.setddg.com/CATE01325
https://www.setn.com/News.aspx?NewsID=718187
https://www.setddg.com/PV191127004532368
https://www.setn.com/News.aspx?NewsID=720571
https://www.setddg.com/Cate00502
https://www.setn.com/News.aspx?NewsID=725556
https://www.setddg.com/P0000100003964
https://www.setn.com/News.aspx?NewsID=726278
https://www.setddg.com/privacy-notice
https://www.setn.com/News.aspx?NewsID=647922
https://www.setddg.com/PV191220004702729
https://www.setn.com/News.aspx?NewsID=722941
https://www.setddg.com/PV200326005156276
https://www.setn.com/Klist.aspx?TagID=6616
https://www.setddg.com/CATE00702
https://www.setn.com/News.aspx?NewsID=725051
https://www.setddg.com/PV181108001250024
https://www.setn.com/News.aspx?NewsID=726018
https://www.setddg.com/conditions-of-use
https://www.setn.com/Klist.aspx?TagID=5902
https://www.setddg.com/CATE00882
https://www.setn.com/news.aspx?newsid=726290
https://www.setddg.com/PV200319005094854
https://www.setn.com/News.aspx?NewsID=719731
https://www.setddg.com/PM190509003131784
https://www.setn.com/News.aspx?NewsID=724030
https://www.setddg.com/CATE01190
https://www.setn.com/News.aspx?NewsID=726123
https://www.setddg.com/CATE01120
https://www.setn.com/News.aspx?NewsID=726290
https://www.setddg.com/PV190225002089201
https://www.setn.com/News.aspx?NewsID=703003
https://www.setddg.com/CATE01206
https://www.setn.com/News.aspx?NewsID=726066
https://www.setddg.com/CATE00871
https://www.setn.com/live/live.aspx?SLVID=2304
https://www.setddg.com/PV190730003546230
https://www.setn.com/News.aspx?NewsID=723787
https://www.setddg.com/Cate00416
https://www.setn.com/Klist.aspx?PageGroupID=47&ProjectID=1250&PageType=6
https://www.setddg.com/PM200325005147807
https://www.setn.com/Klist.aspx?TagID=11921
https://www.setddg.com/PV191024004255802
https://www.setn.com/News.aspx?NewsID=723177
https://www.setddg.com/CATE01218
https://www.setn.com/News.aspx?NewsID=726359&p=0
https://www.setddg.com/Cate00381
https://www.setn.com/ViewAll.aspx?PageGroupID=65
https://www.setddg.com/PV191226004731470
https://www.setn.com/News.aspx?NewsID=721212
https://www.setddg.com/Cate00493
https://www.setn.com/News.aspx?NewsID=725423
https://www.setddg.com/P0000100042428
https://www.setn.com/News.aspx?NewsID=724532
https://www.setddg.com/Cate00269
https://www.setn.com/News.aspx?NewsID=725648
https://www.setddg.com/CATE01323
https://www.setn.com/News.aspx?NewsID=719374
https://www.setddg.com/Cate00411
https://www.setn.com/News.aspx?NewsID=722426
https://www.setddg.com/Cate00168
https://www.setn.com/Catalog.aspx?PageGroupID=45
https://www.setddg.com/customer/info
https://www.setn.com/News.aspx?NewsID=678072
https://www.setddg.com/PM181002001007075
https://www.setn.com/News.aspx?NewsID=691456
https://www.setddg.com/Cate00412
https://www.setn.com/Klist.aspx?PageGroupID=41&ProjectID=6903&PageType=6
https://www.setddg.com/PV190825003713271
https://www.setn.com/News.aspx?NewsID=724977
https://www.setddg.com/PV200310005020987
https://www.setn.com/News.aspx?NewsID=550581
https://www.setddg.com/CATE00677
https://www.setn.com/News.aspx?NewsID=725534&p=0
https://www.setddg.com/CATE01128
https://www.setn.com/News.aspx?NewsID=696950
https://www.setddg.com/Cate00263
https://www.setn.com/News.aspx?NewsID=713950
https://www.setddg.com/Cate00405
https://www.setn.com/News.aspx?NewsID=724998
https://www.setddg.com/CATE01215
https://www.setn.com/Klist.aspx?TagID=1242
https://www.setddg.com/PV200224004925364
https://www.setn.com/News.aspx?NewsID=698775
https://www.setddg.com/Cate00329
https://www.setn.com/News.aspx?NewsID=725878
https://www.setddg.com/CATE00559
https://www.setn.com/News.aspx?NewsID=723801
https://www.setddg.com/PM200225004933932
https://www.setn.com/News.aspx?NewsID=723871
https://www.setddg.com/Cate00221
https://www.setn.com/News.aspx?NewsID=725972
https://www.setddg.com/Cate00090
https://www.setn.com/News.aspx?NewsID=716934
https://www.setddg.com/PV190910003864856
https://www.setn.com/News.aspx?NewsID=725656
https://www.setddg.com/Cate00346
https://www.setn.com/News.aspx?NewsID=726045
https://www.setddg.com/Cate00312
https://www.setn.com/News.aspx?NewsID=726103
https://www.setddg.com/sitemap
https://www.setn.com/Klist.aspx?TagID=12746
https://www.setddg.com/CATE00537
https://www.setn.com/News.aspx?NewsID=706928
https://www.setddg.com/CATE00547
https://www.setn.com/News.aspx?NewsID=720283
https://www.setddg.com/Cate00429
https://www.setn.com/News.aspx?NewsID=724156
https://www.setddg.com/Cate00475
https://www.setn.com/News.aspx?NewsID=706305
https://www.setddg.com/Cate00062
https://www.setn.com/News.aspx?NewsID=725490
https://www.setddg.com/Cate00258
https://www.setn.com/News.aspx?NewsID=726218
https://www.setddg.com/P0000100064099
https://www.setn.com/News.aspx?NewsID=674771
https://www.setddg.com/register
https://www.setn.com/News.aspx?NewsID=715068
https://www.setddg.com/PM200211004873061
https://www.setn.com/News.aspx?NewsID=726302
https://www.setddg.com/applyvendor
https://www.setn.com/Klist.aspx?TagID=24058
https://www.setddg.com/CATE00576
https://www.setn.com/News.aspx?NewsID=725224
https://www.setddg.com/Cate00363
https://www.setn.com/Klist.aspx?TagID=1720
https://www.setddg.com/PV190321002405094
https://www.setn.com/News.aspx?NewsID=707394
https://www.setddg.com/PV190903003800847
https://www.setn.com/News.aspx?NewsID=724938
https://www.setddg.com/CATE00523
https://www.setn.com/News.aspx?NewsID=725899
https://www.setddg.com/Cate00104
https://www.setn.com/News.aspx?NewsID=704384
https://www.setddg.com/CATE00963
https://www.setn.com/News.aspx?NewsID=716082
https://www.setddg.com/PV190411002987768
https://www.setn.com/News.aspx?NewsID=724011
https://www.setddg.com/CATE00918
https://www.setn.com/News.aspx?NewsID=725725
https://www.setddg.com/order/history
https://www.setn.com/Klist.aspx?TagID=101
https://www.setddg.com/Cate00476
https://www.setn.com/Klist.aspx?TagID=40983
https://www.setddg.com/PV191023004236212
https://www.setn.com/News.aspx?NewsID=725945
https://www.setddg.com/PV190815003641298
https://www.setn.com/Klist.aspx?TagID=4431
https://www.setddg.com/CATE00567
https://www.setn.com/news.aspx?newsid=726117
https://www.setddg.com/CATE00581
https://www.setn.com/News.aspx?NewsID=693455
https://www.setn.com/News.aspx?NewsID=725447
https://www.setn.com/News.aspx?NewsID=700175
https://www.setn.com/News.aspx?NewsID=723867&p=0
https://www.setn.com/News.aspx?NewsID=726340
https://www.setn.com/News.aspx?NewsID=705049
https://www.setn.com/News.aspx?NewsID=715593
https://www.setn.com/News.aspx?NewsID=722233
https://www.setn.com/News.aspx?NewsID=724434
https://www.setn.com/Klist.aspx?PageGroupID=7&ProjectID=508&PageType=6
https://www.setn.com/News.aspx?NewsID=674414
https://www.setn.com/News.aspx?NewsID=726043
https://www.setn.com/News.aspx?NewsID=726253&p=0
https://www.setn.com/Klist.aspx?TagID=2901
https://www.setn.com/Klist.aspx?TagID=172194
https://www.setn.com/News.aspx?NewsID=724793
https://www.setn.com/News.aspx?NewsID=726293
https://www.setn.com/News.aspx?NewsID=722171
https://www.setn.com/News.aspx?NewsID=725998
https://www.setn.com/News.aspx?NewsID=726257&p=0
https://www.setn.com/News.aspx?NewsID=719064
https://www.setn.com/News.aspx?NewsID=721138
https://www.setn.com/News.aspx?NewsID=725741
https://www.setn.com/News.aspx?NewsID=726300
https://www.setn.com/News.aspx?NewsID=716679
https://www.setn.com/News.aspx?NewsID=723709
https://www.setn.com/News.aspx?NewsID=725421
https://www.setn.com/News.aspx?NewsID=725569
https://www.setn.com/News.aspx?NewsID=726364&p=0
https://www.setn.com/Klist.aspx?PageGroupID=34&ProjectID=492&PageType=6
https://www.setn.com/News.aspx?NewsID=725587
https://www.setn.com/News.aspx?NewsID=692990
https://www.setn.com/Klist.aspx?TagID=7625
https://www.setn.com/News.aspx?NewsID=721161
https://www.setn.com/News.aspx?NewsID=724979
https://www.setn.com/News.aspx?NewsID=725072
https://www.setn.com/News.aspx?NewsID=714403
https://www.setn.com/News.aspx?NewsID=726210&p=0
https://www.setn.com/News.aspx?NewsID=721472
https://www.setn.com/News.aspx?NewsID=724884
https://www.setn.com/Anchor.aspx?AnchorID=276
https://www.setn.com/Klist.aspx?PageGroupID=42&ProjectID=905&PageType=6
https://www.setn.com/News.aspx?NewsID=703794
https://www.setn.com/News.aspx?NewsID=719125
https://www.setn.com/News.aspx?NewsID=721840
https://www.setn.com/Klist.aspx?TagID=390157
https://www.setn.com/Klist.aspx?PageGroupID=7&ProjectID=5816&PageType=6
https://www.setn.com/Klist.aspx?TagID=340748
https://www.setn.com/News.aspx?NewsID=685974
https://www.setn.com/News.aspx?NewsID=724126
https://www.setn.com/Klist.aspx?PageGroupID=1&ProjectID=789&PageType=6
https://www.setn.com/News.aspx?NewsID=726025
https://www.setn.com/Klist.aspx?TagID=390158
https://www.setn.com/News.aspx?NewsID=522154
https://www.setn.com/News.aspx?NewsID=725488
https://www.setn.com/News.aspx?NewsID=725968
https://www.setn.com/Klist.aspx?TagID=178926
https://www.setn.com/News.aspx?NewsID=725528
https://www.setn.com/News.aspx?NewsID=714931
https://www.setn.com/News.aspx?NewsID=651884
https://www.setn.com/News.aspx?NewsID=719687
https://www.setn.com/News.aspx?NewsID=726291&p=0
https://www.setn.com/News.aspx?NewsID=726346
https://www.setn.com/News.aspx?NewsID=700562
https://www.setn.com/News.aspx?NewsID=724214
https://www.setn.com/News.aspx?NewsID=711379
https://www.setn.com/News.aspx?NewsID=717595
https://www.setn.com/News.aspx?NewsID=720189
https://www.setn.com/News.aspx?NewsID=714497
https://www.setn.com/News.aspx?NewsID=724394
https://www.setn.com/Klist.aspx?PageGroupID=2&ProjectID=7038&PageType=6
https://www.setn.com/Klist.aspx?TagID=109676
https://www.setn.com/News.aspx?NewsID=698489
https://www.setn.com/News.aspx?NewsID=724665
https://www.setn.com/News.aspx?NewsID=725766
https://www.setn.com/News.aspx?NewsID=713025
https://www.setn.com/News.aspx?NewsID=723451
https://www.setn.com/News.aspx?NewsID=725378
https://www.setn.com/News.aspx?NewsID=726064&p=0
https://www.setn.com/Klist.aspx?PageGroupID=41&ProjectID=6953&PageType=6
https://www.setn.com/Klist.aspx?TagID=24873
https://www.setn.com/Klist.aspx?TagID=334492
https://www.setn.com/News.aspx?NewsID=703652
https://www.setn.com/News.aspx?NewsID=725062
https://www.setn.com/News.aspx?NewsID=720638
https://www.setn.com/News.aspx?NewsID=726183
https://www.setn.com/News.aspx?NewsID=725036
https://www.setn.com/News.aspx?NewsID=725273
https://www.setn.com/Klist.aspx?TagID=2166
https://www.setn.com/News.aspx?NewsID=714369
https://www.setn.com/News.aspx?NewsID=725230
https://www.setn.com/News.aspx?NewsID=726079
https://www.setn.com/News.aspx?NewsID=726111
https://www.setn.com/News.aspx?NewsID=726352&p=0
https://www.setn.com/News.aspx?NewsID=702580
https://www.setn.com/News.aspx?NewsID=724736
https://www.setn.com/News.aspx?NewsID=725353
https://www.setn.com/News.aspx?NewsID=125558
https://www.setn.com/News.aspx?NewsID=725455
https://www.setn.com/News.aspx?NewsID=725606
https://www.setn.com/Column.aspx?PageGroupID=9&PageID=498
https://www.setn.com/News.aspx?NewsID=720116
https://www.setn.com/News.aspx?NewsID=721531
https://www.setn.com/News.aspx?NewsID=724012
https://www.setn.com/News.aspx?NewsID=726226
https://www.setn.com/News.aspx?NewsID=701568
https://www.setn.com/News.aspx?NewsID=711194
https://www.setn.com/News.aspx?NewsID=692773
https://www.setn.com/News.aspx?NewsID=722888
https://www.setn.com/News.aspx?NewsID=725568
https://www.setn.com/News.aspx?NewsID=724218
https://www.setn.com/News.aspx?NewsID=654274
https://www.setn.com/News.aspx?NewsID=702153
https://www.setn.com/News.aspx?NewsID=716292
https://www.setn.com/News.aspx?NewsID=725084
https://www.setn.com/News.aspx?NewsID=724943
https://www.setn.com/Klist.aspx?TagID=71072
https://www.setn.com/News.aspx?NewsID=700124
https://www.setn.com/News.aspx?NewsID=723698
https://www.setn.com/News.aspx?NewsID=724502
https://www.setn.com/News.aspx?NewsID=725813
https://www.setn.com/News.aspx?NewsID=726268
https://www.setn.com/Klist.aspx?TagID=99
https://www.setn.com/News.aspx?NewsID=715166
https://www.setn.com/News.aspx?NewsID=726133
https://www.setn.com/News.aspx?NewsID=712544
https://www.setn.com/News.aspx?NewsID=725531
https://www.setn.com/News.aspx?NewsID=725216
https://www.setn.com/News.aspx?NewsID=723070
https://www.setn.com/News.aspx?NewsID=680584
https://www.setn.com/News.aspx?NewsID=711879
https://www.setn.com/News.aspx?NewsID=724321
https://www.setn.com/News.aspx?NewsID=143077
https://www.setn.com/News.aspx?NewsID=723492
https://www.setn.com/News.aspx?NewsID=725111
https://www.setn.com/News.aspx?NewsID=725858
https://www.setn.com/News.aspx?NewsID=689375
https://www.setn.com/News.aspx?NewsID=725927
https://www.setn.com/Klist.aspx?PageGroupID=47&ProjectID=1320&PageType=6
https://www.setn.com/News.aspx?NewsID=693201
https://www.setn.com/News.aspx?NewsID=722802
https://www.setn.com/News.aspx?NewsID=724191
https://www.setn.com/News.aspx?NewsID=724714
https://www.setn.com/News.aspx?NewsID=688379
https://www.setn.com/News.aspx?NewsID=725533
https://www.setn.com/News.aspx?NewsID=726063
https://www.setn.com/News.aspx?NewsID=717658
https://www.setn.com/News.aspx?NewsID=725846
https://www.setn.com/Anchor.aspx?AnchorID=289
https://www.setn.com/News.aspx?NewsID=725947
https://www.setn.com/Klist.aspx?PageGroupID=12&ProjectID=107&PageType=6
https://www.setn.com/Klist.aspx?PageGroupID=34&ProjectID=5698&PageType=6
https://www.setn.com/Klist.aspx?TagID=10416
https://www.setn.com/News.aspx?NewsID=721087
https://www.setn.com/News.aspx?NewsID=722935
https://www.setn.com/News.aspx?NewsID=221175
https://www.setn.com/News.aspx?NewsID=725180
https://www.setn.com/News.aspx?NewsID=725475
https://www.setn.com/News.aspx?NewsID=725963
https://www.setn.com/Klist.aspx?TagID=19670
https://www.setn.com/News.aspx?NewsID=684356
https://www.setn.com/News.aspx?NewsID=691164
https://www.setn.com/News.aspx?NewsID=726181
https://www.setn.com/News.aspx?NewsID=720293
https://www.setn.com/News.aspx?NewsID=720042
https://www.setn.com/News.aspx?NewsID=722508
https://www.setn.com/News.aspx?NewsID=725048
https://www.setn.com/News.aspx?NewsID=725748
https://www.setn.com/News.aspx?NewsID=696655
https://www.setn.com/News.aspx?NewsID=725732
https://www.setn.com/Klist.aspx?TagID=5802
https://www.setn.com/News.aspx?NewsID=718353
https://www.setn.com/News.aspx?NewsID=725712
https://www.setn.com/News.aspx?NewsID=726351
https://www.setn.com/Klist.aspx?TagID=11254
https://www.setn.com/News.aspx?NewsID=715274
https://www.setn.com/Anchor.aspx?AnchorID=299
https://www.setn.com/Klist.aspx?TagID=91
https://www.setn.com/Klist.aspx?TagID=9805
https://www.setn.com/News.aspx?NewsID=721220
https://www.setn.com/News.aspx?NewsID=726180
https://www.setn.com/Klist.aspx?TagID=26040
https://www.setn.com/News.aspx?NewsID=706078
https://www.setn.com/News.aspx?NewsID=726337
https://www.setn.com/News.aspx?NewsID=710791
https://www.setn.com/News.aspx?NewsID=725673
https://www.setn.com/Klist.aspx?PageGroupID=2&ProjectID=5895&PageType=6
https://www.setn.com/Klist.aspx?TagID=3558
https://www.setn.com/News.aspx?NewsID=723870
https://www.setn.com/News.aspx?NewsID=725580
https://www.setn.com/News.aspx?NewsID=725874
https://www.setn.com/News.aspx?NewsID=725482
https://www.setn.com/News.aspx?NewsID=725650
https://www.setn.com/News.aspx?NewsID=724907
https://www.setn.com/News.aspx?NewsID=725599
https://www.setn.com/News.aspx?NewsID=697975
https://www.setn.com/Klist.aspx?TagID=5498
https://www.setn.com/News.aspx?NewsID=724314
https://www.setn.com/News.aspx?NewsID=703217
https://www.setn.com/Klist.aspx?TagID=63601
https://www.setn.com/News.aspx?NewsID=663015
https://www.setn.com/News.aspx?NewsID=697151
https://www.setn.com/News.aspx?NewsID=709295
https://www.setn.com/News.aspx?NewsID=711769
https://www.setn.com/News.aspx?NewsID=725428
https://www.setn.com/News.aspx?NewsID=702541
https://www.setn.com/News.aspx?NewsID=721869
https://www.setn.com/News.aspx?NewsID=725392
https://www.setn.com/News.aspx?NewsID=722925
https://www.setn.com/News.aspx?NewsID=725073
https://www.setn.com/News.aspx?NewsID=723814
https://www.setn.com/News.aspx?NewsID=714262
https://www.setn.com/News.aspx?NewsID=713733
https://www.setn.com/News.aspx?NewsID=725915
https://www.setn.com/Klist.aspx?TagID=14214
https://www.setn.com/News.aspx?NewsID=725349
https://www.setn.com/Klist.aspx?TagID=6138
https://www.setn.com/News.aspx?NewsID=720632
https://www.setn.com/News.aspx?NewsID=721642
https://www.setn.com/News.aspx?NewsID=723804
https://www.setn.com/Klist.aspx?TagID=1162
https://www.setn.com/Klist.aspx?TagID=6589&amp;utm_source=setn.com&amp;utm_medium=dictionary&amp;utm_campaign=wordnews
https://www.setn.com/News.aspx?NewsID=726273
https://www.setn.com/News.aspx?NewsID=711573
https://www.setn.com/News.aspx?NewsID=699238
https://www.setn.com/News.aspx?NewsID=722947
https://www.setn.com/News.aspx?NewsID=703683
https://www.setn.com/News.aspx?NewsID=719295
https://www.setn.com/Klist.aspx?PageGroupID=5&ProjectID=7080&PageType=6
https://www.setn.com/Klist.aspx?TagID=143912
https://www.setn.com/Klist.aspx?TagID=2976
https://www.setn.com/Klist.aspx?PageGroupID=34&ProjectID=1657&PageType=0
https://www.setn.com/News.aspx?NewsID=698612
https://www.setn.com/News.aspx?NewsID=720413
https://www.setn.com/ViewAll.aspx?PageGroupID=2
https://www.setn.com/Klist.aspx?PageGroupID=5&ProjectID=7144&PageType=6
https://www.setn.com/Klist.aspx?TagID=42456
https://www.setn.com/News.aspx?NewsID=674056
https://www.setn.com/News.aspx?NewsID=724718
https://www.setn.com/news.aspx?newsid=726335
https://www.setn.com/News.aspx?NewsID=715752
https://www.setn.com/News.aspx?NewsID=725082&p=0
https://www.setn.com/News.aspx?NewsID=708480
https://www.setn.com/News.aspx?NewsID=718845
https://www.setn.com/News.aspx?NewsID=722236
https://www.setn.com/News.aspx?NewsID=724678
https://www.setn.com/News.aspx?NewsID=721363
https://www.setn.com/News.aspx?NewsID=722406
https://www.setn.com/News.aspx?NewsID=723961
https://www.setn.com/news.aspx?newsid=725936
https://www.setn.com/Klist.aspx?TagID=205706
https://www.setn.com/News.aspx?NewsID=670149
https://www.setn.com/News.aspx?NewsID=694708
https://www.setn.com/News.aspx?NewsID=711455
https://www.setn.com/Klist.aspx?PageGroupID=65&ProjectID=7054&PageType=6
https://www.setn.com/Klist.aspx?PageGroupID=47&ProjectID=48&PageType=6
https://www.setn.com/News.aspx?NewsID=704880
https://www.setn.com/Klist.aspx?TagID=4936
https://www.setn.com/News.aspx?NewsID=702014
https://www.setn.com/News.aspx?NewsID=725148
https://www.setn.com/News.aspx?NewsID=725699
https://www.setn.com/News.aspx?NewsID=724635
https://www.setn.com/News.aspx?NewsID=725774
https://www.setn.com/News.aspx?NewsID=704617
https://www.setn.com/News.aspx?NewsID=715411
https://www.setn.com/News.aspx?NewsID=726067
https://www.setn.com/news.aspx?newsid=726072
https://www.setn.com/News.aspx?NewsID=722614
https://www.setn.com/News.aspx?NewsID=725229
https://www.setn.com/News.aspx?NewsID=725689
https://www.setn.com/News.aspx?NewsID=726159
https://www.setn.com/News.aspx?NewsID=596740
https://www.setn.com/News.aspx?NewsID=723619
https://www.setn.com/News.aspx?NewsID=723712
https://www.setn.com/News.aspx?NewsID=725458
https://www.setn.com/Klist.aspx?TagID=66497
https://www.setn.com/News.aspx?NewsID=214441
https://www.setn.com/News.aspx?NewsID=725524
https://www.setn.com/News.aspx?NewsID=716212
https://www.setn.com/News.aspx?NewsID=725386
https://www.setn.com/Anchor.aspx?AnchorID=14
https://www.setn.com/Column.aspx?PageGroupID=9&PageID=432
https://www.setn.com/News.aspx?NewsID=702995
https://www.setn.com/News.aspx?NewsID=726096
https://www.setn.com/News.aspx?NewsID=717317
https://www.setn.com/News.aspx?NewsID=726173
https://www.setn.com/News.aspx?NewsID=725192
https://www.setn.com/News.aspx?NewsID=725958
https://www.setn.com/Anchor.aspx?AnchorID=302
https://www.setn.com/News.aspx?NewsID=639272
https://www.setn.com/News.aspx?NewsID=691385
https://www.setn.com/News.aspx?NewsID=694785
https://www.setn.com/Klist.aspx?PageGroupID=65&ProjectID=1113&PageType=6
https://www.setn.com/Klist.aspx?TagID=10641
https://www.setn.com/News.aspx?NewsID=726174
https://www.setn.com/News.aspx?NewsID=725986
https://www.setn.com/News.aspx?NewsID=726255&p=0
https://www.setn.com/Klist.aspx?TagID=976
https://www.setn.com/News.aspx?NewsID=725064
https://www.setn.com/News.aspx?NewsID=725140
https://www.setn.com/News.aspx?NewsID=720609
https://www.setn.com/News.aspx?NewsID=723176
https://www.setn.com/News.aspx?NewsID=725077
https://www.setn.com/News.aspx?NewsID=725285
https://www.setn.com/Klist.aspx?TagID=96964
https://www.setn.com/News.aspx?NewsID=696204
https://www.setn.com/News.aspx?NewsID=724848
https://www.setn.com/Klist.aspx?TagID=24289
https://www.setn.com/News.aspx?NewsID=724539
https://www.setn.com/News.aspx?NewsID=725243
https://www.setn.com/News.aspx?NewsID=726258
https://www.setn.com/News.aspx?NewsID=725641
https://www.setn.com/Klist.aspx?TagID=1489
https://www.setn.com/News.aspx?NewsID=720174
https://www.setn.com/Klist.aspx?PageGroupID=1&ProjectID=3839&PageType=6
https://www.setn.com/News.aspx?NewsID=725900
https://www.setn.com/News.aspx?NewsID=726305
https://www.setn.com/Klist.aspx?TagID=27690&amp;utm_source=setn.com&amp;utm_medium=dictionary&amp;utm_campaign=wordnews
https://www.setn.com/News.aspx?NewsID=714833
https://www.setn.com/News.aspx?NewsID=725185
https://www.setn.com/Klist.aspx?TagID=2123
https://www.setn.com/News.aspx?NewsID=726120
https://www.setn.com/News.aspx?NewsID=708524
https://www.setn.com/News.aspx?NewsID=719358
https://www.setn.com/PhotoCatalog.aspx
https://www.setn.com/Klist.aspx?TagID=156489
https://www.setn.com/News.aspx?NewsID=723372
https://www.setn.com/News.aspx?NewsID=725772
https://www.setn.com/News.aspx?NewsID=715592
https://www.setn.com/News.aspx?NewsID=707998
https://www.setn.com/News.aspx?NewsID=725684
https://www.setn.com/Anchor.aspx?AnchorID=307
https://www.setn.com/News.aspx?NewsID=719996
https://www.setn.com/News.aspx?NewsID=720154
https://www.setn.com/News.aspx?NewsID=720903
https://www.setn.com/News.aspx?NewsID=721135
https://www.setn.com/News.aspx?NewsID=723668
https://www.setn.com/Klist.aspx?TagID=5713
https://www.setn.com/News.aspx?NewsID=725089
https://www.setn.com/News.aspx?NewsID=726322
https://www.setn.com/News.aspx?NewsID=709009
https://www.setn.com/News.aspx?NewsID=723849
https://www.setn.com/Project.aspx?ProjectID=107
https://www.setn.com/news.aspx?newsid=726000
https://www.setn.com/Klist.aspx?PageGroupID=5&ProjectID=7176&PageType=6
https://www.setn.com/News.aspx?NewsID=709447
https://www.setn.com/Klist.aspx?TagID=15240
https://www.setn.com/News.aspx?NewsID=718920
https://www.setn.com/Klist.aspx?TagID=33561
https://www.setn.com/News.aspx?NewsID=713719
https://www.setn.com/News.aspx?NewsID=724236
https://www.setn.com/News.aspx?NewsID=724835
https://www.setn.com/News.aspx?NewsID=726316
https://www.setn.com/News.aspx?NewsID=726237
https://www.setn.com/News.aspx?NewsID=722838
https://www.setn.com/News.aspx?NewsID=723559
https://www.setn.com/News.aspx?NewsID=726220
https://www.setn.com/News.aspx?NewsID=659833
https://www.setn.com/News.aspx?NewsID=717757
https://www.setn.com/ViewAll.aspx?PageGroupID=47
https://www.setn.com/Klist.aspx?TagID=144383
https://www.setn.com/Klist.aspx?TagID=65124&amp;utm_source=setn.com&amp;utm_medium=dictionary&amp;utm_campaign=wordnews
https://www.setn.com/News.aspx?NewsID=654120
https://www.setn.com/News.aspx?NewsID=724656
https://www.setn.com/Klist.aspx?TagID=23573
https://www.setn.com/News.aspx?NewsID=716911
https://www.setn.com/News.aspx?NewsID=716965
https://www.setn.com/News.aspx?NewsID=726328&p=0
https://www.setn.com/News.aspx?NewsID=726272
https://www.setn.com/Klist.aspx?PageGroupID=8&ProjectID=7149&PageType=6
https://www.setn.com/News.aspx?NewsID=725358
https://www.setn.com/News.aspx?NewsID=725512
https://www.setn.com/News.aspx?NewsID=690097
https://www.setn.com/News.aspx?NewsID=720758
https://www.setn.com/News.aspx?NewsID=724986
https://www.setn.com/News.aspx?NewsID=725276
https://www.setn.com/News.aspx?NewsID=725558
https://www.setn.com/News.aspx?NewsID=725726
https://www.setn.com/News.aspx?NewsID=720245
https://www.setn.com/News.aspx?NewsID=725759
https://www.setn.com/StarFBP.aspx?FBID=298
https://www.setn.com/News.aspx?NewsID=706866
https://www.setn.com/News.aspx?NewsID=718874
https://www.setn.com/News.aspx?NewsID=723152
https://www.setn.com/News.aspx?NewsID=726254
https://www.setn.com/ViewAll.aspx?PageGroupID=41
https://www.setn.com/News.aspx?NewsID=719067
https://www.setn.com/News.aspx?NewsID=724086
https://www.setn.com/News.aspx?NewsID=726261&p=0
https://www.setn.com/News.aspx?NewsID=721400
https://www.setn.com/News.aspx?NewsID=725396
https://www.setn.com/News.aspx?NewsID=725402
https://www.setn.com/News.aspx?NewsID=724213
https://www.setn.com/News.aspx?NewsID=724376
https://www.setn.com/News.aspx?NewsID=717448
https://www.setn.com/News.aspx?NewsID=725935
https://www.setn.com/News.aspx?NewsID=618658
https://www.setn.com/News.aspx?NewsID=707563
https://www.setn.com/News.aspx?NewsID=719816
https://www.setn.com/News.aspx?NewsID=723691
https://www.setn.com/News.aspx?NewsID=725058
https://www.setn.com/News.aspx?NewsID=726035
https://www.setn.com/News.aspx?NewsID=726259
https://www.setn.com/News.aspx?NewsID=538100
https://www.setn.com/News.aspx?NewsID=713355
https://www.setn.com/News.aspx?NewsID=725978
https://www.setn.com/News.aspx?NewsID=726113
https://www.setn.com/Klist.aspx?TagID=611
https://www.setn.com/News.aspx?NewsID=725834
https://www.setn.com/News.aspx?NewsID=705512
https://www.setn.com/News.aspx?NewsID=699204
https://www.setn.com/News.aspx?NewsID=726208
https://www.setn.com/News.aspx?NewsID=725075
https://www.setn.com/News.aspx?NewsID=725984
https://www.setn.com/Project.aspx?ProjectID=7173
https://www.setn.com/News.aspx?NewsID=725914
https://www.setn.com/News.aspx?NewsID=695670
https://www.setn.com/News.aspx?NewsID=682816
https://www.setn.com/News.aspx?NewsID=691225
https://www.setn.com/News.aspx?NewsID=724994&p=0
https://www.setn.com/News.aspx?NewsID=719724
https://www.setn.com/News.aspx?NewsID=721795
https://www.setn.com/News.aspx?NewsID=725147
https://www.setn.com/News.aspx?NewsID=726241
https://www.setn.com/News.aspx?NewsID=726266
https://www.setn.com/News.aspx?NewsID=726271
https://www.setn.com/Klist.aspx?TagID=12376
https://www.setn.com/News.aspx?NewsID=713548
https://www.setn.com/News.aspx?NewsID=719090
https://www.setn.com/News.aspx?NewsID=719509
https://www.setn.com/News.aspx?NewsID=725629&p=0
https://www.setn.com/Catalog.aspx?PageGroupID=46
https://www.setn.com/Klist.aspx?TagID=21863
https://www.setn.com/plist.aspx
https://www.setn.com/News.aspx?NewsID=681541
https://www.setn.com/News.aspx?NewsID=705685
https://www.setn.com/News.aspx?NewsID=726038
https://www.setn.com/Klist.aspx?TagID=258212
https://www.setn.com/News.aspx?NewsID=725167
https://www.setn.com/Klist.aspx?PageGroupID=6&ProjectID=7152&PageType=6
https://www.setn.com/Klist.aspx?TagID=351602
https://www.setn.com/News.aspx?NewsID=726202
https://www.setn.com/news.aspx?newsid=726261
https://www.setn.com/News.aspx?NewsID=722719
https://www.setn.com/News.aspx?NewsID=726329
https://www.setn.com/News.aspx?NewsID=713648
https://www.setn.com/News.aspx?NewsID=725701
https://www.setn.com/News.aspx?NewsID=722581
https://www.setn.com/News.aspx?NewsID=725172
https://www.setn.com/News.aspx?NewsID=718285
https://www.setn.com/News.aspx?NewsID=724895
https://www.setn.com/News.aspx?NewsID=724991
https://www.setn.com/Klist.aspx?TagID=73146
https://www.setn.com/News.aspx?NewsID=714904
https://www.setn.com/News.aspx?NewsID=718531
https://www.setn.com/News.aspx?NewsID=725987
https://www.setn.com/News.aspx?NewsID=714538
https://www.setn.com/News.aspx?NewsID=723578
https://www.setn.com/live/live.aspx?SLVID=2342
https://www.setn.com/News.aspx?NewsID=710473
https://www.setn.com/News.aspx?NewsID=710495
https://www.setn.com/News.aspx?NewsID=723560
https://www.setn.com/News.aspx?NewsID=726162
https://www.setn.com/News.aspx?NewsID=622893
https://www.setn.com/News.aspx?NewsID=719296
https://www.setn.com/News.aspx?NewsID=708377
https://www.setn.com/News.aspx?NewsID=720403
https://www.setn.com/News.aspx?NewsID=724683
https://www.setn.com/News.aspx?NewsID=690294
https://www.setn.com/News.aspx?NewsID=726138
https://www.setn.com/Klist.aspx?TagID=10297
https://www.setn.com/News.aspx?NewsID=653843
https://www.setn.com/News.aspx?NewsID=725338
https://www.setn.com/News.aspx?NewsID=723069&p=0
https://www.setn.com/Klist.aspx?TagID=328923
https://www.setn.com/News.aspx?NewsID=718299
https://www.setn.com/Klist.aspx?TagID=2975
https://www.setn.com/News.aspx?NewsID=719240
https://www.setn.com/News.aspx?NewsID=684561
https://www.setn.com/News.aspx?NewsID=722973
https://www.setn.com/News.aspx?NewsID=723644
https://www.setn.com/News.aspx?NewsID=723679
https://www.setn.com/News.aspx?NewsID=723842
https://www.setn.com/News.aspx?NewsID=725163
https://www.setn.com/Klist.aspx?TagID=377037
https://www.setn.com/Klist.aspx?TagID=7361
https://www.setn.com/News.aspx?NewsID=715967
https://www.setn.com/News.aspx?NewsID=720754
https://www.setn.com/ViewAll.aspx?PageGroupID=34
https://www.setn.com/News.aspx?NewsID=724550
https://www.setn.com/Klist.aspx?TagID=8114
https://www.setn.com/News.aspx?NewsID=725298
https://www.setn.com/News.aspx?NewsID=726109
https://www.setn.com/Klist.aspx?TagID=6100
https://www.setn.com/News.aspx?NewsID=641905
https://www.setn.com/News.aspx?NewsID=688775
https://www.setn.com/StarVideo.aspx
https://www.setn.com/Klist.aspx?TagID=13291
https://www.setn.com/News.aspx?NewsID=707402
https://www.setn.com/News.aspx?NewsID=718915
https://www.setn.com/News.aspx?NewsID=723581
https://www.setn.com/News.aspx?NewsID=707918
https://www.setn.com/News.aspx?NewsID=715242
https://www.setn.com/News.aspx?NewsID=720674
https://www.setn.com/News.aspx?NewsID=726107
https://www.setn.com/News.aspx?NewsID=726269
https://www.setn.com/Klist.aspx?TagID=99330
https://www.setn.com/News.aspx?NewsID=707528
https://www.setn.com/News.aspx?NewsID=688420
https://www.setn.com/.
https://www.setn.com/Klist.aspx?TagID=28032
https://www.setn.com/live/live.aspx?SLVID=2365
https://www.setn.com/News.aspx?NewsID=715482
https://www.setn.com/News.aspx?NewsID=726060
https://www.setn.com/News.aspx?NewsID=726182
https://www.setn.com/Anchor.aspx?AnchorID=21
https://www.setn.com/Klist.aspx?TagID=1332
https://www.setn.com/News.aspx?NewsID=724415
https://www.setn.com/News.aspx?NewsID=725046
https://www.setn.com/News.aspx?NewsID=725926
https://www.setn.com/News.aspx?NewsID=725249
https://www.setn.com/News.aspx?NewsID=726270
https://www.setn.com/News.aspx?NewsID=635353
https://www.setn.com/News.aspx?NewsID=721782
https://www.setn.com/News.aspx?NewsID=721930
https://www.setn.com/News.aspx?NewsID=700238
https://www.setn.com/News.aspx?NewsID=725080
https://www.setn.com/Klist.aspx?TagID=149505
https://www.setn.com/News.aspx?NewsID=709945
https://www.setn.com/News.aspx?NewsID=721884
https://www.setn.com/News.aspx?NewsID=726039
https://www.setn.com/News.aspx?NewsID=726214
https://www.setn.com/Klist.aspx?PageGroupID=8&ProjectID=7061&PageType=6
https://www.setn.com/News.aspx?NewsID=719956
https://www.setn.com/News.aspx?NewsID=725286
https://www.setn.com/Anchor.aspx?AnchorID=277
https://www.setn.com/News.aspx?NewsID=667454
https://www.setn.com/News.aspx?NewsID=725340
https://www.setn.com/News.aspx?NewsID=697922
https://www.setn.com/News.aspx?NewsID=710893
https://www.setn.com/News.aspx?NewsID=719422
https://www.setn.com/News.aspx?NewsID=715199
https://www.setn.com/News.aspx?NewsID=725667
https://www.setn.com/News.aspx?NewsID=726206
https://www.setn.com/News.aspx?NewsID=722506
https://www.setn.com/News.aspx?NewsID=722777
https://www.setn.com/News.aspx?NewsID=723225
https://www.setn.com/News.aspx?NewsID=726098
https://www.setn.com/Klist.aspx?TagID=2599
https://www.setn.com/News.aspx?NewsID=705749
https://www.setn.com/Klist.aspx?TagID=125872
https://www.setn.com/News.aspx?NewsID=724668
https://www.setn.com/News.aspx?NewsID=725239
https://www.setn.com/News.aspx?NewsID=724691
https://www.setn.com/News.aspx?NewsID=726049&p=0
https://www.setn.com/News.aspx?NewsID=714344
https://www.setn.com/News.aspx?NewsID=717054
https://www.setn.com/News.aspx?NewsID=718576
https://www.setn.com/News.aspx?NewsID=725342
https://www.setn.com/News.aspx?NewsID=667212
https://www.setn.com/News.aspx?NewsID=725538
https://www.setn.com/News.aspx?NewsID=725936&p=0
https://www.setn.com/News.aspx?NewsID=724312
https://www.setn.com/News.aspx?NewsID=716931
https://www.setn.com/News.aspx?NewsID=339771
https://www.setn.com/News.aspx?NewsID=725582
https://www.setn.com/News.aspx?NewsID=725703&p=0
https://www.setn.com/News.aspx?NewsID=707492
https://www.setn.com/News.aspx?NewsID=720957
https://www.setn.com/News.aspx?NewsID=725749
https://www.setn.com/News.aspx?NewsID=726212
https://www.setn.com/News.aspx?NewsID=697089
https://www.setn.com/News.aspx?NewsID=726026
https://www.setn.com/News.aspx?NewsID=528907
https://www.setn.com/News.aspx?NewsID=693432
https://www.setn.com/News.aspx?NewsID=700649
https://www.setn.com/News.aspx?NewsID=724588
https://www.setn.com/News.aspx?NewsID=723413
https://www.setn.com/News.aspx?NewsID=708199
https://www.setn.com/News.aspx?NewsID=715481
https://www.setn.com/News.aspx?NewsID=723996
https://www.setn.com/News.aspx?NewsID=726347
https://www.setn.com/Klist.aspx?TagID=72750
https://www.setn.com/News.aspx?NewsID=690625
https://www.setn.com/News.aspx?NewsID=725969
https://www.setn.com/News.aspx?NewsID=720312
https://www.setn.com/News.aspx?NewsID=725888
https://www.setn.com/News.aspx?NewsID=23832
https://www.setn.com/Project.aspx?ProjectID=120
https://www.setn.com/Klist.aspx?PageGroupID=1&ProjectID=7091&PageType=6
https://www.setn.com/News.aspx?NewsID=723967
https://www.setn.com/News.aspx?NewsID=722019
https://www.setn.com/News.aspx?NewsID=723266
https://www.setn.com/Klist.aspx?TagID=11628
https://www.setn.com/News.aspx?NewsID=719448
https://www.setn.com/News.aspx?NewsID=724403
https://www.setn.com/News.aspx?NewsID=726211
https://www.setn.com/Catalog.aspx?PageGroupID=17
https://www.setn.com/News.aspx?NewsID=676313
https://www.setn.com/News.aspx?NewsID=725079
https://www.setn.com/News.aspx?NewsID=726048
https://www.setn.com/Klist.aspx?TagID=8968
https://www.setn.com/News.aspx?NewsID=725908
https://www.setn.com/News.aspx?NewsID=725432
https://www.setn.com/News.aspx?NewsID=718889
https://www.setn.com/News.aspx?NewsID=725309
https://www.setn.com/Klist.aspx?TagID=19980
https://www.setn.com/News.aspx?NewsID=658917
https://www.setn.com/Klist.aspx?TagID=29351
https://www.setn.com/News.aspx?NewsID=726088
https://www.setn.com/Klist.aspx?TagID=106
https://www.setn.com/News.aspx?NewsID=684229
https://www.setn.com/News.aspx?NewsID=725527
https://www.setn.com/Klist.aspx?TagID=156770
https://www.setn.com/News.aspx?NewsID=725108
https://www.setn.com/News.aspx?NewsID=705573
https://www.setn.com/News.aspx?NewsID=722754
https://www.setn.com/news.aspx?newsid=726064
https://www.setn.com/News.aspx?NewsID=725572
https://www.setn.com/Klist.aspx?TagID=15877
https://www.setn.com/News.aspx?NewsID=721484
https://www.setn.com/News.aspx?NewsID=723048
https://www.setn.com/News.aspx?NewsID=725912
https://www.setn.com/Klist.aspx?TagID=172308
https://www.setn.com/Klist.aspx?TagID=60581
https://www.setn.com/News.aspx?NewsID=725014
https://www.setn.com/News.aspx?NewsID=725143
https://www.setn.com/news.aspx?newsid=726216
https://www.setn.com/News.aspx?NewsID=702398
https://www.setn.com/News.aspx?NewsID=725442
https://www.setn.com/News.aspx?NewsID=240249
https://www.setn.com/News.aspx?NewsID=726368&p=0
https://www.setn.com/News.aspx?NewsID=724955
https://www.setn.com/Klist.aspx?TagID=4005
https://www.setn.com/Klist.aspx?TagID=69454
https://www.setn.com/News.aspx?NewsID=663025
https://www.setn.com/News.aspx?NewsID=724238
https://www.setn.com/News.aspx?NewsID=725158
https://www.setn.com/News.aspx?NewsID=726172&p=0
https://www.setn.com/News.aspx?NewsID=723485
https://www.setn.com/News.aspx?NewsID=673115
https://www.setn.com/News.aspx?NewsID=699409
https://www.setn.com/News.aspx?NewsID=715083
https://www.setn.com/Klist.aspx?PageGroupID=1&ProjectID=2295&PageType=6
https://www.setn.com/Klist.aspx?PageGroupID=4&ProjectID=3839&PageType=6
https://www.setn.com/News.aspx?NewsID=726002
https://www.setn.com/News.aspx?NewsID=717880
https://www.setn.com/News.aspx?NewsID=725800
https://www.setn.com/News.aspx?NewsID=726277
https://www.setn.com/News.aspx?NewsID=699793
https://www.setn.com/News.aspx?NewsID=725955
https://www.setn.com/News.aspx?NewsID=726054
https://www.setn.com/Klist.aspx?TagID=389736
https://www.setn.com/News.aspx?NewsID=726074
https://www.setn.com/News.aspx?NewsID=709795
https://www.setn.com/News.aspx?NewsID=688798
https://www.setn.com/News.aspx?NewsID=724964
https://www.setn.com/Klist.aspx?PageGroupID=1&ProjectID=107&PageType=6
https://www.setn.com/News.aspx?NewsID=699599
https://www.setn.com/News.aspx?NewsID=722698
https://www.setn.com/News.aspx?NewsID=726313
https://www.setn.com/News.aspx?NewsID=726335&p=0
https://www.setn.com/News.aspx?NewsID=725938
https://www.setn.com/News.aspx?NewsID=697898
https://www.setn.com/News.aspx?NewsID=725966
https://www.setn.com/News.aspx?NewsID=690064
https://www.setn.com/News.aspx?NewsID=701937
https://www.setn.com/Anchor.aspx?AnchorID=305
https://www.setn.com/Klist.aspx?TagID=2274
https://www.setn.com/Klist.aspx?TagID=28466
