https://pgw.udn.com.tw/gw/photo.php?u=https://uc.udn.com.tw/photo/2017/11/03/99/4197461.jpg&x=0&y=0&sw=0&sh=0&sl=W&fw=1050
https://www.hpa.gov.tw/Home/Index.aspx
http://www.hhh.com.tw/modules/gs/column.php?hcolumn_id=2567
https://line.me/R/ti/p/%40rvj2074k
https://oops.udn.com
https://running.udn.com/
https://uevent.udnfunlife.com/?utm_source=udn.com&utm_medium=familybar
https://www.vghtpe.gov.tw/News!one.action?nid=4796
https://www.instagram.com/ettodayboba/
https://udncollege.udn.com
https://www.cosmopolitan.com/tw/love/sex/g30957710/8-sex-movies-on-netflix/?utm_source=partner&amp;utm_medium=referral&amp;utm_campaign=ettoday
https://udndata.com/ndapp/Index
https://www.architecturaldigest.com/story/bjarke-ingels-group-completes-spiraling-museum-audemars-piguet
https://www.youtube.com/watch?v=VhZDXhn02sU?fref=ts
https://line.naver.jp/ti/p/%40udnnews
http://www.xsmart4.com/
https://reading.udn.com
https://www.etpet.com.tw/?fbclid=IwAR1dnFq_b0qIxj3ofl1whNrKJwYhaEpnTCRXBi56RtQ3SAC0Qdh537CKeLU
https://youtu.be/sRplz4MO4go
http://bit.ly/2Qkc9xK
https://ulicensing.udnfunlife.com/?utm_source=udn.com&utm_medium=familybar
https://udnfunlife.com/?utm_source=udn.com&utm_medium=familybar
http://itunes.apple.com/il/app/et-rockets7-huo-jian-qi-hao/id561661270?mt=8
https://t.me/ettodayboba
https://zh.wikipedia.org/wiki/%E9%83%AD%E5%8F%B0%E9%8A%98
https://lineit.line.me/share/ui?url=https://newtalk.tw/news/view/2017-11-14/103804
http://NewTalk.Qck.mk/jWsPd
https://twitter.com/hashtag/StopMekongDam?src=hash&amp;ref_src=twsrc%5Etfw
http://chart.apis.google.com/chart?cht=qr&choe=UTF-8&chs=300x300&chl=https://www.ettoday.net/news/20200415/1692356.htm
https://www.fundesign.tv
http://blog.udn.com
https://www.feds.com.tw/
https://t.co/08xlv7HLC4
https://www.etmall.com.tw/member/wishlist
https://shopping.ettoday.net/?sl-ref=news07
https://www.etax.nat.gov.tw/
http://www.emic.com.tw/www/index.php?action=adv&amp;id=209
https://www.dcard.tw/f/2019_ncov/p/233478787?cid=D2DD3182-352E-4262-95FC-346E7520E2A1&amp;fbclid=IwAR0DXvrzd77bxgzoMRWuG0ej8erURCibBs5CwvIYKjix4XMwWMZhnQIpjZE
https://smarturl.it/ettoday-104
https://www.mirrormedia.mg/story/20200414ent005/index.html?utm_source=feed_related&amp;utm_medium=ettoday
https://feeds.feedburner.com/ettoday/family
https://theme.udn.com/theme/index
https://pse.is/CEB8J
http://www.unitas.me/
https://s3.amazonaws.com/com.alexa.toolbar/atbp/jgOv6_/download/index.htm
http://translate.google.com/translate?hl=zh-TW&rurl=translate.google.com&tl=zh-CN&u=http%3A%2F%2Fwww.ettoday.net%2Fsitemap.htm
http://event.udn.com/AD/
http://s.weibo.com/weibo/ETTODAY
https://www.facebook.com/sharer/sharer.php?u=https%3A%2F%2Fwww.ettoday.net%2Fdalemon%2Fpost%2F46212&amp;src=sdkpreparse
http://www.104.com.tw/jobbank/custjob/index.php?r=cust&j=623a43295a5c3e6a40583a1d1d1d1d5f2443a363189j50&jobsource=checkc
https://newtalk.tw/member/
https://udn.com/mypage/slist
http://www.ettoday.net/news/news-list-2012-03-02-0.htm
https://boba.ettoday.net/video/274/610/194536
https://events.ettoday.net/activity/dalemon_Shitpost/article/26263/last
https://movies.yahoo.com.tw/movietime_result.html/id=10595?guccounter=1
http://www.thwu.org/
https://msg.ettoday.net/msg_liveshow.php?redir=https%3A%2F%2Fboba.ettoday.net%2Fvideo%2F1%2F284%2F148871%09%3Ffrom%3Dvodframe_etnews&vid=148871
https://play.google.com/store/apps/details?id=net.ettoday.phone&referrer=utm_source%253Det_default%2526utm_medium%253Det_default_utm_medium%2526utm_campaign%253Det_default_utm_campaign
http://www.xin-stars.com/_event/event_Promotion/20171115_lottery/adv.html?utm_source=newtalk
https://video.udn.com
https://p.udn.com.tw/upf/upeople/index.html
http://agent.hhh.com.tw/forum/forum.html
https://line.me/R/ti/p/g6OWv1nBoC
https://hiking.udn.com/
https://www.instagram.com/newtalktw/?hl=zh-tw
https://udncollege.udn.com/?familybar_show
https://www.cosmopolitan.com/tw/love/sex/g31219717/10-sex-tips-for-couples/?utm_source=partner&amp;utm_medium=referral&amp;utm_campaign=ettoday
https://feedburner.google.com/fb/a/mailverify?uri=ettoday/speed&loc=zh_TW
https://line.naver.jp/R/msg/text/?恩典雲%0D%0Ahttps://events.ettoday.net/grace/
https://youtu.be/EDnjEj1ZnnU
http://bit.ly/2QliQ2T
https://itunes.apple.com/tw/app/et-xin-wen-yunhd/id510547563?mt=8=pc_appdl_iconipad_et&mt=8
https://zh.wikipedia.org/wiki/想見你_(電視劇)
https://today.line.me/tw/pc/comment?articleHash=1+8%E8%90%AC%E7%BD%B0%E5%96%AE%E8%B3%A0250%E8%90%AC%E9%80%8F%E5%A4%A9%E5%8E%9D%E3%80%8C%E6%9C%89%E7%84%A1%E9%81%95%E5%8F%8D%E6%AF%94%E4%BE%8B%E5%8E%9F%E5%89%87%E3%80%8D%E7%9B%A3%E5%A7%94%E8%A6%81%E6%9F%A5-wyG2Za
https://twitter.com/DrTedros/status/1250384946121900032?ref_src=twsrc%5Etfw
http://chart.apis.google.com/chart?cht=qr&choe=UTF-8&chs=300x300&chl=https://www.ettoday.net/news/20200414/1690950.htm
https://www.fundesign.tv/my-account/
https://t.co/z2nMHOW5YH
https://www.etmall.com.tw/Welfare
https://shopping.ettoday.net
http://www.emic.com.tw/www/index.php?action=adv&id=209
http://smarturl.it/ettoday-104
https://www.mirrormedia.mg/story/20200414ent006/index.html?utm_source=feed_related&amp;utm_medium=ettoday
https://feeds.feedburner.com/ettoday/travel
https://money.udn.com
http://translate.google.com/translate?hl=zh-TW&rurl=translate.google.com&tl=zh-CN&u=http%3A%2F%2Fwww.ettoday.net%2Fevents%2Fcampaign%2Fevent-list.php
https://event.udn.com/line/
https://www.facebook.com/ETtodaySHARE/?ref=br_rs
https://www.104.com.tw/jobbank/custjob/index.php?r=cust&amp;j=623a43295a5c3e6a40583a1d1d1d1d5f2443a363189j50&amp;jobsource=checkc
https://newtalk.tw/news/topics/view/585/%E6%AD%A6%E6%BC%A2%E8%82%BA%E7%82%8E
https://udn.com/page/topic/185
http://www.ettoday.net/news/news-list-2012-03-25-0.htm
https://sports.ettoday.net/news/1691642
https://events.ettoday.net/activity/dalemon_Star/rules
https://msg.ettoday.net/msg_liveshow.php?redir=https%3A%2F%2Fboba.ettoday.net%2Fvideo%2F1%2F284%2F209935%09%3Ffrom%3Dvodframe_health&vid=209935
https://play.google.com/store/apps/details?id=net.ettoday.phone
https://pgw.udn.com.tw/gw/photo.php?u=https://uc.udn.com.tw/photo/2017/11/03/99/4197444.jpg&x=0&y=0&sw=0&sh=0&sl=W&fw=1050
http://www.hhh.com.tw/
https://line.me/R/ti/p/%40yoi6531w
https://www.instagram.com/ettodaypets/
https://feedburner.google.com/fb/a/mailverify?uri=ettoday/charity&loc=zh_TW
http://line.naver.jp/R/msg/text/?新冠肺炎對經濟影響調查%0D%0Ahttps://www.ettoday.net/survey/survey.php?id=449
https://youtu.be/kOXjbw0np60
https://itunes.apple.com/app/apple-store/id503783839?pt=857622&ct=pc_appdl_iconiphone_et&mt=8
https://zh.wikipedia.org/wiki/%E6%88%B4%E8%B3%87%E7%A9%8E
https://social-plugins.line.me/lineit/share?url=https://theme.udn.com/theme/story/6774/2796994?utm_source=themelineweb%26utm_medium=share
https://twitter.com/share
http://chart.apis.google.com/chart?cht=qr&choe=UTF-8&chs=300x300&chl=https://www.ettoday.net/news/20200416/1691812.htm
https://www.fundesign.tv/big-musee-atelier-audemars-piguet/
https://www.etmall.com.tw/HelpCenter/PCITLS
https://shopping.ettoday.net/pages/cliniquemoisturesurge
https://www.emic.com.tw
https://www.mirrormedia.mg/story/20200414ent017/index.html?utm_source=feed_related&amp;utm_medium=ettoday
https://feeds.feedburner.com/ettoday/charity
https://theme.udn.com/theme/story/6774/4397698
http://translate.google.com/translate?hl=zh-TW&rurl=translate.google.com&tl=zh-CN&u=http%3A%2F%2Fwww.ettoday.net%2Ffeature%2Findex%2F7
https://www.facebook.com/ETtodayHouse
https://newtalk.tw/citizen/view/56191
https://udn.com/news/index
http://www.ettoday.net/news/news-list-2013-09-20-0.htm
https://fashion.ettoday.net/feature/432
https://events.ettoday.net/activity/dalemon_Yummy/article/31605/last
https://msg.ettoday.net/msg_liveshow.php?redir=https%3A%2F%2Fboba.ettoday.net%2Fvideo%2F1%2F284%2F133748%09%3Ffrom%3Dvodframe_etnews&vid=133748
https://play.google.com/store/apps/details?id=net.ettoday.phone&referrer=utm_source%3Det_pc%26utm_medium%3Dpc_appdl_iconandroid_et
https://pgw.udn.com.tw/gw/photo.php?u=https://uc.udn.com.tw/photo/2017/11/03/99/4197457.jpg&x=0&y=0&sw=0&sh=0&sl=W&fw=1050
https://line.me/R/ti/p/%40kgy3765i
https://www.instagram.com/etdalemon/
https://feedburner.google.com/fb/a/mailverify?uri=ettoday/finance&loc=zh_TW
http://line.naver.jp/R/msg/text/?想記錄毛孩的每一刻！寵物拍攝行為大調查%0D%0Ahttps://www.ettoday.net/survey/survey.php?id=448
https://youtu.be/CPYCsyERNaE
https://itunes.apple.com/tw/app/et-xin-wen-yun/id503783839?mt=8
https://zh.wikipedia.org/wiki/2019%E5%B9%B46%E6%9C%88%E5%8F%8D%E5%B0%8D%E9%80%83%E7%8A%AF%E6%A2%9D%E4%BE%8B%E4%BF%AE%E8%A8%82%E8%8D%89%E6%A1%88%E9%81%8A%E8%A1%8C
https://page.line.me/tln7832e
https://twitter.com/hashtag/MilkTeaAlliance?src=hash&amp;ref_src=twsrc%5Etfw
http://chart.apis.google.com/chart?cht=qr&choe=UTF-8&chs=300x300&chl=https://www.ettoday.net/news/20200415/1691671.htm
https://www.etmall.com.tw/
https://shopping.ettoday.net/?sl-ref=news04
https://www.emic.com.tw/www/index.php?action=adv&id=209
https://www.mirrormedia.mg/story/20200414ent009/index.html?utm_source=feed_related&amp;utm_medium=ettoday
https://feeds.feedburner.com/ettoday/lifestyle
https://stars.udn.com
http://translate.google.com/translate?hl=zh-TW&rurl=translate.google.com&tl=zh-CN&u=http%3A%2F%2Fwww.ettoday.net%2Ffeature%2Findex
https://www.facebook.com/%E7%A4%BE%E7%95%9C%E6%99%82%E4%BB%A3-802410263239598/?fref=ts
https://newtalk.tw/news/view/2020-04-15/391728
https://udn.com/fifa2018/index
http://www.ettoday.net/news/news-list-2014-06-01-0.htm
https://star.ettoday.net/news/1692491
https://events.ettoday.net/activity/dalemon_inlove/article/26731/last
https://msg.ettoday.net/msg_liveshow.php?redir=https%3A%2F%2Fboba.ettoday.net%2Fcategory%2F229%2F209983%3Ffrom%3Dvodframe_sports&vid=209983
https://play.google.com/store/apps/details?id=net.ettoday.rockets7
https://pgw.udn.com.tw/gw/photo.php?u=https://uc.udn.com.tw/photo/2017/11/03/99/4197455.jpg&x=0&y=0&sw=0&sh=0&sl=W&fw=1050
http://line.me/R/msg/text/?https://newtalk.tw/news/view/2017-11-14/103804%0D%0Ahttps://newtalk.tw/news/view/2017-11-14/103804
https://www.instagram.com/et.fashion/
https://feedburner.google.com/fb/a/mailverify?uri=ettoday/sport&loc=zh_TW
http://line.naver.jp/R/msg/text/?膝蓋痛%0D%0Ahttps://www.ettoday.net/feature/膝蓋痛
https://youtu.be/jzfTUjcbCNc
https://itunes.apple.com/app/apple-store/id503783839?pt=857622&ct=pc_about&mt=8
https://zh.wikipedia.org/wiki/%E4%B9%A0%E8%BF%91%E5%B9%B3
https://social-plugins.line.me/lineit/share?url=https://theme.udn.com/theme/story/6774/2796994?utm_source=themelinemobile%26utm_medium=share%26f=lineshare
http://twitter.com/share
http://chart.apis.google.com/chart?cht=qr&choe=UTF-8&chs=300x300&chl=https://www.ettoday.net/news/20190927/1544780.htm
https://www.etmall.com.tw/%E5%84%AA%E9%81%A9%E6%B4%BB-%E6%95%8F%E6%8D%B7%E8%86%A0%E5%8E%9F%E9%8C%A0-30%E9%8C%A0-%E7%9B%92/i/2197029?utm_source=ettoday&utm_medium=knee_pain_htm&utm_campaign=seo_project_by_Wayne
https://shopping.ettoday.net/....../kiehls%E9%87%91%E7......
http://www.emic.com.tw/www/index.php
https://www.mirrormedia.mg/story/20200414ent018/index.html?utm_source=feed_related&amp;utm_medium=ettoday
https://feeds.feedburner.com/ettoday/local
https://fund.udn.com
http://translate.google.com/translate?hl=zh-TW&rurl=translate.google.com&tl=zh-CN&u=http%3A%2F%2Fwww.ettoday.net%2Fevents%2Fnews-express%2Fepaper.php
https://www.facebook.com/ETtodayBEAUTY
https://newtalk.tw/news/tag/%E7%94%9F%E6%B4%BB
https://udn.com/page/topic/871
http://www.ettoday.net/news/news-list-2014-10-10-0.htm
https://boba.ettoday.net/video/274/561/123306
https://events.ettoday.net/activity/dalemon_readbeanQQ?from=lemon_solicit
https://msg.ettoday.net/msg_liveshow.php?redir=https%3A%2F%2Fboba.ettoday.net%2Fvideo%2F1%2F284%2F209990%09%3Ffrom%3Dvodframe_etnews&vid=209990
https://play.google.com/store/apps/details?id=net.ettoday.phone&referrer=utm_source%3Det_pc%26utm_medium%3Dpc_about%26utm_campaign%3Dpc_about
https://pgw.udn.com.tw/gw/photo.php?u=https://uc.udn.com.tw/photo/2017/11/03/99/4197421.jpg&x=0&y=0&sw=0&sh=0&sl=W&fw=1050
https://www.instagram.com/ettodaypets/?hl=zh-tw
https://feedburner.google.com/fb/a/mailverify?uri=ettoday/star&loc=zh_TW
http://line.naver.jp/R/msg/text/?雲論 | ETtoday新聞雲%0D%0Ahttps://forum.ettoday.net
https://youtu.be/WY_S5xyQEf0
https://zh.wikipedia.org/wiki/戴資穎
https://twitter.com/hashtag/COVID19?src=hash&amp;ref_src=twsrc%5Etfw
http://chart.apis.google.com/chart?cht=qr&choe=UTF-8&chs=300x300&chl=https://www.ettoday.net/news/20200416/1692556.htm
https://www.etmall.com.tw/order/basket
https://www.mirrormedia.mg/story/20200414ent016/index.html?utm_source=feed_related&amp;utm_medium=ettoday
https://feeds.feedburner.com/ettoday/commentary
https://theme.udn.com/theme/story/6774/4394966
https://www.facebook.com/readbeanQQ/
https://newtalk.tw/news/category/2/%E6%94%BF%E6%B2%BB
https://udn.com
http://www.ettoday.net/news/news-list-2016-03-28-0.htm
https://star.ettoday.net/news/1689382
https://events.ettoday.net/activity/dalemon_inlove/article/31901/last
https://pgw.udn.com.tw/gw/photo.php?u=https://uc.udn.com.tw/photo/2017/11/03/99/4197423.jpg&x=0&y=0&sw=0&sh=0&sl=W&fw=1050
https://feedburner.google.com/fb/a/mailverify?uri=ettoday/fortune&loc=zh_TW
http://line.naver.jp/R/msg/text/?民眾對監理業務需求調查%0D%0Ahttps://www.ettoday.net/survey/survey.php?id=444
https://youtu.be/1OXgg3iDJoU
https://zh.wikipedia.org/wiki/%E9%9F%93%E5%9C%8B%E7%91%9C
https://twitter.com/WHO?ref_src=twsrc%5Etfw
http://chart.apis.google.com/chart?cht=qr&choe=UTF-8&chs=300x300&chl=https://www.ettoday.net/news/20200415/1692535.htm
https://www.etmall.com.tw/HelpCenter/StandardSecurity
https://feeds.feedburner.com/ettoday/china
https://theme.udn.com/theme/story/6774/4383872
https://www.facebook.com/ETtodaySPEED/
https://newtalk.tw/news/subcategory/16/%E7%BE%8E%E9%A3%9F
https://udn.com/mypage/mynewsFeature
http://www.ettoday.net/news/news-list-2017-01-05-0.htm
https://sports.ettoday.net/news-search.phtml?keywords=中華職棒
https://events.ettoday.net/activity/ghost2018
https://feedburner.google.com/fb/a/mailverify?uri=ettoday/health&loc=zh_TW
http://line.naver.jp/R/msg/text/?寵物雲商店滿意度調查%0D%0Ahttps://www.ettoday.net/survey/survey.php?id=441
https://youtu.be/VmOPyRAP3p4
https://zh.wikipedia.org/wiki/%E7%B5%B1%E4%B8%80%E7%99%BC%E7%A5%A8_(%E8%87%BA%E7%81%A3)
https://twitter.com/nnevvy_19/status/1250064225311080452?ref_src=twsrc%5Etfw
http://chart.apis.google.com/chart?cht=qr&choe=UTF-8&chs=300x300&chl=https://www.ettoday.net/news/20200415/1692322.htm
https://www.etmall.com.tw/tel:0800-057-999
https://feeds.feedburner.com/ettoday/fashion
https://theme.udn.com/theme/story/6774/4396929
https://www.facebook.com/ETtodaySPORTS/
https://newtalk.tw/news/view/2020-04-15/392004
https://udn.com/news/story/7266/2795262?from=udn-referralnews_ch1004artbottom
http://www.ettoday.net/news/news-list-2017-04-19-0.htm
https://sports.ettoday.net/news/1692549
https://events.ettoday.net/activity/dalemon_Shitpost/article/31955/last
https://feedburner.google.com/fb/a/mailverify?uri=ettoday/netsearch&loc=zh_TW
http://line.naver.jp/R/msg/text/?新冠肺炎經濟衝擊調查%0D%0Ahttps://www.ettoday.net/survey/survey.php?id=447
https://youtu.be/w9XlogfRohE
https://zh.wikipedia.org/wiki/%E9%A6%99%E6%B8%AF
https://twitter.com/newtalk_tw
http://chart.apis.google.com/chart?cht=qr&choe=UTF-8&chs=300x300&chl=https://www.ettoday.net/news/20200415/1692441.htm
https://www.etmall.com.tw/HelpCenter/PrivacyStatement
https://feeds.feedburner.com/ettoday/realtime
https://theme.udn.com/theme/story/6774/4356555
https://www.facebook.com/groups/1346565655446474/?source_id=144589512304563
https://newtalk.tw/news/subcategory/2/%E6%94%BF%E6%B2%BB
https://udn.com/page/topic/496
http://www.ettoday.net/news/news-list-2020-03-24-0.htm
https://sports.ettoday.net/news-list/籃球/SBL、WSBL
https://events.ettoday.net/activity/dalemon_inlove/article/26068/last
https://www.youtube.com/channel/UCr-zC57bR8H-IVzfho39zTw
https://youtu.be/mBRO1jxAhy8
https://zh.wikipedia.org/wiki/劉真_(藝人)
http://chart.apis.google.com/chart?cht=qr&choe=UTF-8&chs=300x300&chl=https://www.ettoday.net/news/20200415/1692511.htm
https://feeds.feedburner.com/ettoday/citizen
https://500times.udn.com
https://www.facebook.com/戴資穎-Tai-Tzu-Ying-164965326883996/
https://newtalk.tw/news/subcategory/103/%E6%96%B0%E5%A5%87
https://udn.com/weather/
https://forum.ettoday.net/column/news/廖元豪
https://star.ettoday.net/news/1690373
https://events.ettoday.net/activity/dalemon_horror?from=lemon_solicit
https://feedburner.google.com/fb/a/mailverify?uri=ettoday/local&loc=zh_TW
https://youtu.be/7W7BBYX0iIc
https://zh.wikipedia.org/wiki/%E7%92%B0%E7%8B%80%E7%B7%9A_(%E5%8F%B0%E5%8C%97%E6%8D%B7%E9%81%8B)
http://chart.apis.google.com/chart?cht=qr&choe=UTF-8&chs=300x300&chl=https://www.ettoday.net/news/20200416/1692567.htm
https://feeds.feedburner.com/ettoday/global
https://stars.udn.com/star/index?familybar_hide
https://www.facebook.com/ET.Lemons/?fref=ts
https://newtalk.tw/news/subcategory/3/%E8%B2%A1%E7%B6%93
https://udn.com/umedia
https://www.ettoday.net/news/20200316/1668419.htm?from=pctaglist 
https://sports.ettoday.net/news-list/棒球/MLB/2
https://events.ettoday.net/activity/dalemon_horror/article/30824/last
https://www.youtube.com/watch?v=XbtY5O46uxw&list=PLr8iY2AvgOL2q6wVDpq0JkwF48afm7Z3b
https://youtu.be/6HZ8Mn9_CJQ
http://chart.apis.google.com/chart?cht=qr&choe=UTF-8&chs=300x300&chl=https://www.ettoday.net/news/20200415/1692345.htm
https://feeds.feedburner.com/ettoday/society
https://theme.udn.com/theme/story/6774/4353824
https://www.facebook.com/ETtodaySISTER/?ref=br_rs
https://newtalk.tw/rss/index/
https://udn.com/umedia/?familybar_hide
https://www.ettoday.net/news/20200414/1691086.htm
https://star.ettoday.net/news/1692526
https://events.ettoday.net/activity/dalemon_Yummy/article/26413/last
https://feedburner.google.com/fb/a/mailverify?uri=ettoday/master&loc=zh_TW
https://youtu.be/yPT84AzRVrg
http://chart.apis.google.com/chart?cht=qr&choe=UTF-8&chs=300x300&chl=https://www.ettoday.net/news/20200415/1692467.htm
https://feeds.feedburner.com/ettoday/pet
https://theme.udn.com/theme/cate/11961
https://www.facebook.com/groups/1176828279106223/
https://newtalk.tw/news/view/2020-04-15/391694
https://udn.com/ctba/index
https://www.ettoday.net/news/20200415/1691637.htm
https://boba.ettoday.net/videonews/210087?from=sports_pc_sidebar_bobahot
https://junglevoice.ettoday.net/form.php
https://feedburner.google.com/fb/a/mailverify?uri=ettoday/citizen&loc=zh_TW
https://youtu.be/2vY956jFGe0
http://chart.apis.google.com/chart?cht=qr&choe=UTF-8&chs=300x300&chl=https://www.ettoday.net/news/20200414/1691210.htm
https://feeds.feedburner.com/ettoday/gender
https://theme.udn.com/theme/story/6774/4390092
https://www.facebook.com/ETtodayHealth
https://newtalk.tw/about
https://udn.com/news/story/7323/2544088?from=udn-referralnews_ch1004artbottom
https://www.ettoday.net/news/20200416/1692550.htm
https://boba.ettoday.net/video/274/726/199869
https://events.ettoday.net/?id=3
https://feedburner.google.com/fb/a/mailverify?uri=ettoday/game&loc=zh_TW
https://youtu.be/rVSvkKuoB0k
http://chart.apis.google.com/chart?cht=qr&choe=UTF-8&chs=300x300&chl=https://www.ettoday.net/news/20200413/1689950.htm
https://feeds.feedburner.com/ettoday/fortune
http://paper.udn.com
https://www.facebook.com/sharer.php?u=httpshttps://www.ettoday.net/survey/survey.php?id=449
https://newtalk.tw/citizen/view/56193
http://www.ettoday.net/events/fifa2014/index.php
https://star.ettoday.net/media/229/210148
https://events.ettoday.net/activity/dalemon_work/article/25471/last
https://feedburner.google.com/fb/a/mailverify?uri=ettoday/fashion&loc=zh_TW
https://docs.google.com/forms/d/e/1FAIpQLScZokJcrKEq2G1mjkWWTcdV-Yg4tO1i23hWSzOnB8t4Jy8_dg/viewform?c=0&w=1
http://chart.apis.google.com/chart?cht=qr&choe=UTF-8&chs=300x300&chl=https://www.ettoday.net/news/20200415/1692514.htm
https://feeds.feedburner.com/ettoday/speed
https://theme.udn.com/theme/cate/10033
https://www.facebook.com/ETtodayfun3C
https://newtalk.tw/news/category/11/%E8%97%9D%E6%96%87
http://www.ettoday.net/news/news-list-2012-10-25-0.htm
https://boba.ettoday.net/videonews/209656
https://events.ettoday.net/activity/ettoday88submit/167
https://feedburner.google.com/fb/a/mailverify?uri=ettoday/movies&loc=zh_TW
https://youtu.be/1-Af8gJk-Qc
http://chart.apis.google.com/chart?cht=qr&choe=UTF-8&chs=300x300&chl=https://www.ettoday.net/news/20200416/1692566.htm
https://feeds.feedburner.com/ettoday/star
https://theme.udn.com/theme/story/6774/4383979
http://www.facebook.com/sharer.php?u=https://sports.ettoday.net/news/1512756?from=fb_share_web
https://newtalk.tw/news/subcategory//%E8%AD%B0%E9%A1%8C
http://www.ettoday.net/news/news-list-2018-07-06-0.htm
https://boba.ettoday.net/sub_category/33/118
https://events.ettoday.net/activity/dalemon_readbeanQQ/article/26083/last
https://feedburner.google.com/fb/a/mailverify?uri=ettoday/pet&loc=zh_TW
https://youtu.be/bCqWsS6eqJk
http://chart.apis.google.com/chart?cht=qr&choe=UTF-8&chs=300x300&chl=https://www.ettoday.net/news/20200416/1692552.htm
https://feeds.feedburner.com/ettoday/game
https://vision.udn.com/index.html?familybar_show
https://www.facebook.com/%E7%88%86%E6%96%99%E9%85%B8%E9%A0%AD%E6%AE%BC-1780948205567675/
https://newtalk.tw/news/view/2020-04-14/390994
http://www.ettoday.net/news/news-list-2019-10-28-0.htm
https://boba.ettoday.net/video/266/479/209471
https://events.ettoday.net/activity/dalemon_Yummy/article/25945/last
https://feedburner.google.com/fb/a/mailverify?uri=ettoday/commentary&loc=zh_TW
https://youtu.be/doUUZNp5CPw
http://chart.apis.google.com/chart?cht=qr&choe=UTF-8&chs=300x300&chl=https://www.ettoday.net/news/20200415/1692522.htm
https://feeds.feedburner.com/ettoday/dalemon/
https://theme.udn.com/theme/cate/6772
https://www.facebook.com/Newtalk.Page/
https://newtalk.tw/articles
http://www.ettoday.net/news/news-list-2019-12-13-0.htm
https://movies.ettoday.net/news/1688343
https://events.ettoday.net/activity/dalemon_Star/article/23515/last
https://www.youtube.com/watch?v=XGMX42fWT7U&list=PLr8iY2AvgOL2XDKsLa94EBzttqaPNx4lL
https://youtu.be/MVX3sOTCCkY
http://chart.apis.google.com/chart?cht=qr&choe=UTF-8&chs=300x300&chl=https://www.ettoday.net/news/20200416/1692570.htm
https://feeds.feedburner.com/ettoday/sport
https://theme.udn.com/theme/story/6774/4382185
https://www.facebook.com/ETtodayMOVIE
https://newtalk.tw/news/category/6/%E5%89%B5%E5%A4%A2
https://www.ettoday.net/dalemon/editor-news/197
https://sports.ettoday.net/news-list/棒球/中職
https://events.ettoday.net/app/appCollect/push.phtml?appCollect_id=15
https://feedburner.google.com/fb/a/mailverify?uri=ettoday/china&loc=zh_TW
https://youtu.be/SK0jSsjjY3Y
http://chart.apis.google.com/chart?cht=qr&choe=UTF-8&chs=300x300&chl=https://www.ettoday.net/news/20200415/1692508.htm
https://feeds.feedburner.com/ettoday/master
https://mobile.udn.com/
https://www.facebook.com/shihping.fan/posts/2780996692005336?hc_location=ufi
https://newtalk.tw/news/view/2020-04-15/391663
https://www.ettoday.net/dalemon/post/48897
https://sports.ettoday.net/news-list/競技/技擊、球類/4
https://events.ettoday.net/activity/dalemon_Star/article/24252/last
https://feedburner.google.com/fb/a/mailverify?uri=ettoday/lifestyle&loc=zh_TW
https://youtu.be/eMqn2AF2v6Q
http://chart.apis.google.com/chart?cht=qr&choe=UTF-8&chs=300x300&chl=https://www.ettoday.net/news/20200415/1692257.htm
https://feeds.feedburner.com/ettoday/law
https://theme.udn.com/theme/story/6774/4359817
https://www.facebook.com/ETtodayHEALTH/
https://newtalk.tw/contact
https://www.ettoday.net/feature/daejongfilmawards
https://boba.ettoday.net/videonews/206650
https://events.ettoday.net/activity/dalemon_work/180/last/5
https://feedburner.google.com/fb/a/mailverify?uri=ettoday/consuming&loc=zh_TW
http://chart.apis.google.com/chart?cht=qr&choe=UTF-8&chs=300x300&chl=https://www.ettoday.net/news/20170411/901241.htm
https://feeds.feedburner.com/ettoday/army
https://mobile.udn.com/web/app.html
https://www.facebook.com/ETtoday88/
https://newtalk.tw/news/view/2018-04-20/121587
https://www.ettoday.net/news/20190709/1486240.htm?from=pctaglist 
https://boba.ettoday.net/sub_category/274/561/135575
https://events.ettoday.net/activity/dalemon_horror/article/32075/last
https://www.youtube.com/channel/UCD4Fd_NGg7EmwZqzp_SEZRg/featured
http://chart.apis.google.com/chart?cht=qr&choe=UTF-8&chs=300x300&chl=https://www.ettoday.net/news/20200415/1692538.htm
https://feeds.feedburner.com/ettoday/health
https://theme.udn.com
https://www.facebook.com/taiwan555/
https://newtalk.tw/news/view/2020-04-15/392069
https://www.ettoday.net/news/20200220/1649862.htm?from=pctaglist 
https://boba.ettoday.net/videonews/171541
https://events.ettoday.net/activity/dalemon_inlove/article/26128/last
https://feedburner.google.com/fb/a/mailverify?uri=ettoday/teck3c&loc=zh_TW
http://chart.apis.google.com/chart?cht=qr&choe=UTF-8&chs=300x300&chl=https://www.ettoday.net/news/20200415/1692461.htm
https://feeds.feedburner.com/ettoday/novelty
https://theme.udn.com/theme/story/7490/4450130
https://www.facebook.com/ChaoooTalk/
https://newtalk.tw/news/category//%E7%B8%BD%E8%A6%BD
https://www.ettoday.net/news/20200228/1656278.htm?feature=聲林之王&tab_id=4741
https://movies.ettoday.net/ticket/1
https://events.ettoday.net/activity/dalemon_horror/article/25349/last
https://feedburner.google.com/fb/a/mailverify?uri=ettoday/novelty&loc=zh_TW
http://chart.apis.google.com/chart?cht=qr&choe=UTF-8&chs=300x300&chl=https://www.ettoday.net/news/20200415/1692462.htm
https://feeds.feedburner.com/ettoday/teck3c
https://theme.udn.com/theme/story/11963/4403611
https://www.facebook.com/sharer/sharer.php?u=https%3A%2F%2Fwww.ettoday.net%2Fdalemon%2Fpost%2F46175&amp;src=sdkpreparse
https://newtalk.tw/news/category/102/%E9%AB%94%E8%82%B2
https://www.ettoday.net/news/20200403/1683106.htm?from=feature
https://sports.ettoday.net/news-search.phtml?keywords=大聯盟
https://events.ettoday.net/activity/dalemon_inlove/article/26114/last
https://www.youtube.com/watch?v=rRVUg7tEHjU&feature=youtu.be
http://chart.apis.google.com/chart?cht=qr&choe=UTF-8&chs=300x300&chl=https://www.ettoday.net/news/20200416/1692565.htm
https://feeds.feedburner.com/ettoday/photo
https://theme.udn.com/theme/story/6774/4390188
https://www.facebook.com/ET.Lemons
https://newtalk.tw/debate/list
https://www.ettoday.net/news/20200408/1686372.htm?from=feature
https://sports.ettoday.net/news-list/競技/技擊、球類/3
https://events.ettoday.net/?id=4
https://feedburner.google.com/fb/a/mailverify?uri=ettoday/photo&loc=zh_TW
http://chart.apis.google.com/chart?cht=qr&choe=UTF-8&chs=300x300&chl=https://www.ettoday.net/news/20200415/1692491.htm
https://feeds.feedburner.com/ettoday/finance
https://theme.udn.com/theme/story/6774/4352174
https://www.facebook.com/sharer.php?u=httpshttps://www.ettoday.net/survey/survey.php?id=441
https://newtalk.tw/news/view/2020-04-16/392158
http://www.ettoday.net/news/news-list-2013-06-09-0.htm
https://star.ettoday.net/news/1682808
https://events.ettoday.net/activity/dalemon_inlove/article/27961/last
https://feedburner.google.com/fb/a/mailverify?uri=ettoday/house&loc=zh_TW
http://chart.apis.google.com/chart?cht=qr&choe=UTF-8&chs=300x300&chl=https://www.ettoday.net/news/20200416/1692501.htm
https://feeds.feedburner.com/ettoday/insurance
https://theme.udn.com/theme/story/6774/4392787
https://www.facebook.com/ETtodayTRAVEL
https://newtalk.tw/news/category/9/%E7%92%B0%E4%BF%9D
http://www.ettoday.net/news/news-list-2016-11-20-0.htm
https://boba.ettoday.net/video/274/564/138440
https://events.ettoday.net/activity/dalemon_inlove/article/32032/last
https://feedburner.google.com/fb/a/mailverify?uri=ettoday/news&loc=zh_TW
http://chart.apis.google.com/chart?cht=qr&choe=UTF-8&chs=300x300&chl=https://www.ettoday.net/news/20200415/1692531.htm
https://feeds.feedburner.com/ettoday/house
https://vision.udn.com
https://www.facebook.com/hpagov/
https://newtalk.tw/news/category/10/%E9%9B%BB%E7%AB%B6
https://health.ettoday.net/news/1691391
https://boba.ettoday.net/videonews/204590
https://events.ettoday.net/activity/dalemon_inlove/rules
https://feedburner.google.com/fb/a/mailverify?uri=ettoday/travel&loc=zh_TW
http://chart.apis.google.com/chart?cht=qr&choe=UTF-8&chs=300x300&chl=https://www.ettoday.net/news/20200415/1692533.htm
https://feeds.feedburner.com/ettoday/movies
https://theme.udn.com/theme/story/6774/4370634
https://www.facebook.com/ETtodayBEAUTY/?ref=br_rs
https://newtalk.tw/news/view/2020-04-15/391567
https://www.ettoday.net/news/20161106/806268.htm?from=pctaglist 
https://star.ettoday.net/news/1692529
https://events.ettoday.net/depth-report/Xmas2019/index.html?from=fashion-pc-menu
https://feedburner.google.com/fb/a/mailverify?uri=ettoday/society&loc=zh_TW
http://chart.apis.google.com/chart?cht=qr&choe=UTF-8&chs=300x300&chl=https://www.ettoday.net/news/20200416/1692344.htm
https://feeds.feedburner.com/ettoday/netsearch
https://theme.udn.com/theme/story/6774/4361643
https://www.facebook.com/sharer.php?u=httpshttps://www.ettoday.net/survey/survey.php?id=444
https://newtalk.tw/news/view/2020-04-15/391618
https://www.ettoday.net/news/20200413/1690144.htm
https://boba.ettoday.net/video/274/610/189929
http://events.ettoday.net/tt-music2017/index.php
https://feedburner.google.com/fb/a/mailverify?uri=ettoday/realtime&loc=zh_TW
http://chart.apis.google.com/chart?cht=qr&choe=UTF-8&chs=300x300&chl=https://www.ettoday.net/news/20200415/1692029.htm
https://feeds.feedburner.com/ettoday/success
https://theme.udn.com/theme/story/6774/4379771
https://www.facebook.com/myudn/
https://newtalk.tw/news/view/2020-04-15/392099
https://www.ettoday.net/news/focus/國際/國際政經/
https://fashion.ettoday.net/news/1689836/
https://events.ettoday.net/activity/dalemon_horror/182/last/2
https://feedburner.google.com/fb/a/mailverify?uri=ettoday/law&loc=zh_TW
http://chart.apis.google.com/chart?cht=qr&choe=UTF-8&chs=300x300&chl=https://www.ettoday.net/news/20200415/1691694.htm
https://feeds.feedburner.com/ettoday/consuming
https://theme.udn.com/theme/story/6774/4356682
https://www.facebook.com/Newtalk.Page
https://newtalk.tw/news/subcategory/15/%E6%97%85%E9%81%8A
http://www.ettoday.net/news/news-list-2011-11-26-0.htm
https://boba.ettoday.net/video/33/406/70933
https://events.ettoday.net/activity/dalemon_readbeanQQ/191/last/3
https://feedburner.google.com/fb/a/mailverify?uri=ettoday/success&loc=zh_TW
http://chart.apis.google.com/chart?cht=qr&choe=UTF-8&chs=300x300&chl=https://www.ettoday.net/news/20190622/1473131.htm
https://feeds.feedburner.com/ettoday/news
https://theme.udn.com/theme/story/6774/4399158
https://www.facebook.com/sharer/sharer.php?u=https%3A%2F%2Fwww.ettoday.net%2Fdalemon%2Fpost%2F47849&amp;src=sdkpreparse
https://newtalk.tw/news/subcategory/102/%E9%AB%94%E8%82%B2
http://www.ettoday.net/news/news-list-2013-09-10-0.htm
https://boba.ettoday.net/videonews/204605
https://events.ettoday.net/activity/dalemon_inlove/article/26803/last
https://www.youtube.com/watch?v=9d9QtVICPxk&feature=youtu.be
http://chart.apis.google.com/chart?cht=qr&choe=UTF-8&chs=300x300&chl=https://www.ettoday.net/news/20200415/1692450.htm
https://theme.udn.com/theme/story/6774/4376357
https://www.facebook.com/sharer/sharer.php?u=https%3A%2F%2Fwww.facebook.com%2FETtodayPETS%2F&amp;src=sdkpreparse
https://newtalk.tw/news/subcategory/1/%E5%9C%8B%E9%9A%9B
http://www.ettoday.net/news/news-list-2015-05-16-0.htm
https://boba.ettoday.net/video/274/610/193490
https://junglevoice.ettoday.net/news.php
https://feedburner.google.com/fb/a/mailverify?uri=ettoday/army&loc=zh_TW
http://chart.apis.google.com/chart?cht=qr&choe=UTF-8&chs=300x300&chl=https://www.ettoday.net/news/20200415/1692091.htm
https://theme.udn.com/theme/story/6774/4359926
https://www.facebook.com/sharer/sharer.php?u=https%3A%2F%2Fwww.ettoday.net%2Fdalemon%2Fpost%2F48984&amp;src=sdkpreparse
https://newtalk.tw/news/tag/
http://www.ettoday.net/news/news-list-2016-01-05-0.htm
https://star.ettoday.net/news/1691594
https://events.ettoday.net/activity/dalemon_horror/article/25856/last
https://feedburner.google.com/fb/a/mailverify?uri=ettoday/family&loc=zh_TW
http://chart.apis.google.com/chart?cht=qr&choe=UTF-8&chs=300x300&chl=https://www.ettoday.net/news/20200414/1691525.htm
https://theme.udn.com/theme/story/6774/4364127
https://www.facebook.com/ETtodayPETS/
https://newtalk.tw/news/category/3/%E8%B2%A1%E7%B6%93
http://www.ettoday.net/news/news-list-2018-08-02-0.htm
https://fashion.ettoday.net/focus/奢逸
https://events.ettoday.net/?id=6
https://feedburner.google.com/fb/a/mailverify?uri=ettoday/gender&loc=zh_TW
http://chart.apis.google.com/chart?cht=qr&choe=UTF-8&chs=300x300&chl=https://www.ettoday.net/news/20200415/1691334.htm
https://theme.udn.com/theme/story/6774/4380396
https://www.facebook.com/ETtodayPOLITICS/
https://newtalk.tw/news/view/2020-04-15/391881
https://www.ettoday.net/news/20181213/1330069.htm
https://fashion.ettoday.net/focus/生活/2
https://events.ettoday.net/activity/dalemon_readbeanQQ/article/26127/last
https://feedburner.google.com/fb/a/mailverify?uri=ettoday/global&loc=zh_TW
http://chart.apis.google.com/chart?cht=qr&choe=UTF-8&chs=300x300&chl=https://www.ettoday.net/news/20200416/1692558.htm
https://health.udn.com
https://www.facebook.com/ETtodaySPEED
https://newtalk.tw/news/category/15/%E6%97%85%E9%81%8A
https://www.ettoday.net/news/20200415/1691929.htm?from=feature
https://sports.ettoday.net/news/1689908
https://events.ettoday.net/activity/dalemon_horror/article/31908/last
https://feedburner.google.com/fb/a/mailverify?uri=ettoday/insurance&loc=zh_TW
http://chart.apis.google.com/chart?cht=qr&choe=UTF-8&chs=300x300&chl=https://www.ettoday.net/news/20200415/1692439.htm
https://theme.udn.com/theme/story/6774/4393239
https://www.facebook.com/groups/1346565655446474/
https://newtalk.tw/news/subcategory/5/%E7%94%9F%E6%B4%BB
http://www.ettoday.net/news/news-list-2012-04-26-0.htm
https://star.ettoday.net/news/1692416
https://events.ettoday.net/activity/dalemon_inlove/article/26071/last
https://feedburner.google.com/fb/a/mailverify?uri=ettoday/dalemon&loc=zh_TW
http://chart.apis.google.com/chart?cht=qr&choe=UTF-8&chs=300x300&chl=https://www.ettoday.net/news/20200415/1692518.htm
https://theme.udn.com/rank/newest/1004
https://www.facebook.com/ETtodayHEALTH
https://newtalk.tw/news/view/2020-04-16/392149
http://www.ettoday.net/news/news-list-2016-03-29-0.htm
https://boba.ettoday.net/video/33/174/206510
https://events.ettoday.net/activity/dalemon_Shitpost/article/26798/last
http://chart.apis.google.com/chart?cht=qr&choe=UTF-8&chs=300x300&chl=https://www.ettoday.net/news/20200416/1692542.htm
https://theme.udn.com/theme/story/6774/4397620
https://www.facebook.com/sharer/sharer.php?u=https%3A%2F%2Fwww.ettoday.net%2Fdalemon%2Fpost%2F46823&amp;src=sdkpreparse
https://newtalk.tw/news/subcategory/10/%E9%9B%BB%E7%AB%B6
http://www.ettoday.net/news/news-list-2017-10-19-0.htm
https://star.ettoday.net/news/1687580
https://events.ettoday.net/activity/dalemon_work/180/last/2
http://chart.apis.google.com/chart?cht=qr&choe=UTF-8&chs=300x300&chl=https://www.ettoday.net/news/20200414/1691452.htm
https://theme.udn.com/theme/story/6774/4387313
https://www.facebook.com/ETtodayGAME/
https://newtalk.tw/news/subcategory/14/%E7%A4%BE%E6%9C%83
http://www.ettoday.net/news/news-list-2019-12-21-0.htm
https://fashion.ettoday.net/news/1689378/
https://events.ettoday.net/activity/dalemon_horror/article/25952/last
http://chart.apis.google.com/chart?cht=qr&choe=UTF-8&chs=300x300&chl=https://www.ettoday.net/news/20200416/1692563.htm
https://story.udn.com/dcstore/Index.do?
https://www.facebook.com/sharer/sharer.php?u=https%3A%2F%2Fwww.ettoday.net%2Fdalemon%2Fpost%2F46822&amp;src=sdkpreparse
https://newtalk.tw/howto
https://www.ettoday.net/news/20181206/1312258.htm?from=pctaglist 
https://boba.ettoday.net/video/274/585/135053
https://events.ettoday.net/activity/dalemon_readbeanQQ/article/26115/last
http://chart.apis.google.com/chart?cht=qr&choe=UTF-8&chs=300x300&chl=https://www.ettoday.net/news/20200415/1692336.htm
https://house.udn.com/
https://www.facebook.com/ETFashion.tw/
https://newtalk.tw/news/category/1/%E5%9C%8B%E9%9A%9B
https://www.ettoday.net/news/20200416/1692553.htm?ercamp=sorted_hot_news
https://sports.ettoday.net/news/1691886
https://events.ettoday.net/activity/dalemon_Shitpost/article/26019/last
http://chart.apis.google.com/chart?cht=qr&choe=UTF-8&chs=300x300&chl=https://www.ettoday.net/news/20170304/877306.htm
https://theme.udn.com/theme/story/6774/4356875
https://www.facebook.com/Funnnnntalk/
https://newtalk.tw/citizen/view/56190
http://www.ettoday.net/news/news-list-2019-02-18-0.htm
https://star.ettoday.net/news/1691570
https://events.ettoday.net/activity/dalemon_Star/article/24434/last
https://theme.udn.com/theme/story/6774/4399579
https://www.facebook.com/ETtodaySTAR
https://newtalk.tw/news/view/2020-04-15/392093
https://www.ettoday.net/news/20190404/1415617.htm?from=feature
https://boba.ettoday.net/videonews/206031
https://junglevoice.ettoday.net/record.php
https://theme.udn.com/theme/story/6774/4376783
https://www.facebook.com/ETtodaySHARE
https://newtalk.tw/
http://www.ettoday.net/news/news-list-2013-01-14-0.htm
https://boba.ettoday.net/videonews/209520
https://events.ettoday.net/activity/dalemon_Shitpost/article/26773/last
https://global.udn.com
https://www.facebook.com/ETtodaySISTER
https://newtalk.tw/news/subcategory/11/%E8%97%9D%E6%96%87
http://www.ettoday.net/news/news-list-2014-03-27-0.htm
https://boba.ettoday.net/video/266/478/207628
https://events.ettoday.net/activity/dalemon_inlove/article/26084/last
https://theme.udn.com/theme/story/6774/4365863
https://www.facebook.com/ETtodayPETS
https://newtalk.tw/privacy
http://www.ettoday.net/news/news-list-2015-09-02-0.htm
https://boba.ettoday.net/video_tag/新冠肺炎
https://events.ettoday.net/activity/dalemon_Yummy/article/26003/last
https://theme.udn.com/theme/story/7490/4432189
https://www.facebook.com/ETtodaySPORTS
https://newtalk.tw/news/subcategory/2
https://travel.ettoday.net/album.php?album_id=16306
https://fashion.ettoday.net/news/1692099
https://events.ettoday.net/activity/dalemon_horror/rules
https://theme.udn.com/rank/pv/1004
https://www.facebook.com/ETtoday/videos/2833693403374019/?fref=ts
https://newtalk.tw/member/openid/facebook
https://www.ettoday.net/feature/ufo/940/3
https://star.ettoday.net/news/1692561
https://events.ettoday.net/activity/dalemon_Shitpost/article/26112/last
https://theme.udn.com/theme/story/6774/4362367
https://www.facebook.com/sharer.php?u=httpshttps://www.ettoday.net/survey/survey.php?id=447
https://newtalk.tw/news/tag/%E7%A6%8F%E5%9D%80%E8%BB%8A
https://www.ettoday.net/news/20190401/1412713.htm?from=pctaglist 
https://boba.ettoday.net/video/274/565/190315
https://events.ettoday.net/activity/dalemon_Shitpost/article/26122/last
https://theme.udn.com/theme/story/6774/4368458
https://www.facebook.com/sharer/sharer.php?u=https%3A%2F%2Fwww.ettoday.net%2Fdalemon%2Fpost%2F48514&amp;src=sdkpreparse
https://newtalk.tw/member/singin
https://www.ettoday.net/news/20190412/1419311.htm?from=feature
https://fashion.ettoday.net/news/1688693/
https://events.ettoday.net/activity/dalemon_readbeanQQ/article/25980/last
https://theme.udn.com/theme/story/6774/4338198
https://www.facebook.com/ETtodayBOBA/?fref=ts
https://newtalk.tw/news/view/2020-04-15/392071
https://www.ettoday.net/news/20191106/1574034.htm?from=pctaglist 
http://star.ettoday.net/
https://events.ettoday.net/activity/dalemon_Star/article/24436/last
https://theme.udn.com/theme/story/6774/4368280
https://www.facebook.com/ETtodayGAME
https://newtalk.tw/news/subcategory/18/%E5%A8%9B%E6%A8%82
https://www.ettoday.net/news/20200415/1692494.htm
https://boba.ettoday.net/video/33/118/95033
https://events.ettoday.net/activity/singapore2018upload/178
https://theme.udn.com/theme/story/7490/4484098
https://www.facebook.com/sharer/sharer.php?u=https%3A%2F%2Fwww.ettoday.net%2Fdalemon%2Fpost%2F49163&amp;src=sdkpreparse
https://newtalk.tw/news/category/17/%E9%81%8A%E6%88%B2
http://www.ettoday.net/news/news-list-2013-07-07-0.htm
https://movies.ettoday.net/news/1692563
https://events.ettoday.net/activity/dalemon_horror/article/25690/last
https://theme.udn.com/theme/story/6774/4352067
https://www.facebook.com/ETtodaySTAR/?fref=ts
https://newtalk.tw/news/view/2020-04-15/392146
http://www.ettoday.net/news/news-list-2014-06-26-0.htm
https://boba.ettoday.net/video/266/477/205704
https://events.ettoday.net/activity/dalemon_inlove/article/26857/last
https://theme.udn.com/theme/story/6774/4373982
https://www.facebook.com/sharer.php?u=httpshttps://www.ettoday.net/survey/survey.php?id=448
https://newtalk.tw/news/category/16/%E7%BE%8E%E9%A3%9F
http://www.ettoday.net/news/news-list-2015-06-21-0.htm
https://fashion.ettoday.net/focus/生活/7
https://events.ettoday.net/activity/dalemon_Yummy/article/31861/last
https://opinion.udn.com/opinion/story/11373/2716381?from=udn-referralnews_ch1004artbottom
https://www.facebook.com/KoreaStarNews
https://newtalk.tw/news/view/2020-04-15/392123
http://www.ettoday.net/news/news-list-2017-06-25-0.htm
https://fashion.ettoday.net/news/1687870/
https://events.ettoday.net/activity/dalemon_Star/article/26044/last
https://theme.udn.com/theme/story/6774/4378333
https://www.facebook.com/sharer/sharer.php?u=https%3A%2F%2Fwww.ettoday.net%2Fdalemon%2Fpost%2F47850&amp;src=sdkpreparse
https://newtalk.tw/news/view/2020-04-15/392116
https://health.ettoday.net/news/1681741
https://boba.ettoday.net/video/274/561/134298
https://events.ettoday.net/activity/dalemon_Shitpost/article/28299/last
https://theme.udn.com/theme/story/6774/4354526
https://www.facebook.com/ETtodayTRAVEL/
https://newtalk.tw/faq
https://www.ettoday.net/news/20190704/1481911.htm?feature=ufo&tab_id=939
https://boba.ettoday.net/videonews/200011
https://events.ettoday.net/index.php?id=1&page=2
https://theme.udn.com/theme/story/6774/4358969
https://www.facebook.com/sharer/sharer.php?u=https%3A%2F%2Fwww.ettoday.net%2Fdalemon%2Fpost%2F49426&amp;src=sdkpreparse
https://newtalk.tw/news/view/2020-04-15/392042
https://www.ettoday.net/news/tag/范雲/
https://boba.ettoday.net/video/274/564/138175
https://events.ettoday.net/activity/dalemon_work/article/25185/last
https://theme.udn.com/rss/lists/1004
https://www.facebook.com/share.php?u=<url>
https://newtalk.tw/news/category/7/%E4%B8%AD%E5%9C%8B
http://www.ettoday.net/news/news-list-2018-11-01-0.htm
https://boba.ettoday.net/category/274
https://events.ettoday.net/activity/dalemon_Star/article/26794/last
https://theme.udn.com/theme/story/6774/4368401
https://www.facebook.com/UnderArmourTaiwan/
https://newtalk.tw/videos
https://www.ettoday.net/news/20200304/1659840.htm?from=pctaglist 
https://fashion.ettoday.net/news/1679946
https://events.ettoday.net/activity/dalemon_readbeanQQ/article/29006/last
https://autos.udn.com
https://www.facebook.com/GeeVIDEO/?fref=ts
https://newtalk.tw/news/tag/%E9%BB%83%E5%AF%B6%E6%85%A7
http://www.ettoday.net/album/category-all-114.htm
https://fashion.ettoday.net/feature/433
https://events.ettoday.net/index.php?id=1&page=5
https://nba.udn.com
https://www.facebook.com/sharer/sharer.php?u=https%3A%2F%2Fwww.ettoday.net%2Fdalemon%2Fpost%2F48640&amp;src=sdkpreparse
https://newtalk.tw/news/subcategory/17/%E9%81%8A%E6%88%B2
http://www.ettoday.net/news/news-list-2019-01-03-0.htm
https://sports.ettoday.net/news/1691242
https://events.ettoday.net/activity/dalemon_work/article/31398/last
https://theme.udn.com/theme/story/6774/4365953
https://www.facebook.com/ETtoday/?fref=ts
https://newtalk.tw/news/view/2020-04-13/390853
https://www.ettoday.net/news/20200322/1672934.htm?from=pctaglist 
https://star.ettoday.net/media/13/39558
https://events.ettoday.net/activity/dalemon_work/180/last/3
https://ubrand.udn.com
https://www.facebook.com/sharer/sharer.php?u=https%3A%2F%2Fwww.ettoday.net%2Fdalemon%2Fpost%2F49116&amp;src=sdkpreparse
https://newtalk.tw/news/view/2020-04-15/392105
https://www.ettoday.net/news/20200410/1688351.htm?from=feature
https://boba.ettoday.net/video/274/561/136889
https://events.ettoday.net/activity/dalemon_horror/article/31568/last
https://theme.udn.com/theme/story/7490/4413647
https://newtalk.tw/news/subcategory/8/%E7%A7%91%E6%8A%80
https://www.ettoday.net/news/20200411/1689329.htm?from=feature
https://boba.ettoday.net/video_tag/國際
https://events.ettoday.net/activity/dalemon_Shitpost/article/26853/last
http://mobile.udn.com/re/udnnews.shtml
https://newtalk.tw/news/view/2020-04-15/391848
https://www.ettoday.net/news/20200415/1692164.htm?from=feature
https://boba.ettoday.net/videonews/201331
https://events.ettoday.net/activity/dalemon_work/article/25075/last
https://game.udn.com
https://newtalk.tw/opinion/list
https://www.ettoday.net/news/20200415/1692417.htm
https://movies.ettoday.net/news_list/384/1
https://events.ettoday.net/activity/dalemon_work/article/25446/last
https://theme.udn.com/theme/story/6774/4361990
https://newtalk.tw/news/subcategory/9/%E7%92%B0%E4%BF%9D
http://www.ettoday.net/news/news-list-2015-05-29-0.htm
https://sports.ettoday.net/news-list/棒球/MLB/3
https://events.ettoday.net/bff-music2018/index.php
https://opinion.udn.com
https://newtalk.tw/news/view/2020-04-15/392140
https://speed.ettoday.net/news/1691653
https://boba.ettoday.net/sub_category/229/720
https://events.ettoday.net/activity/dalemon_Yummy/article/32073/last
https://style.udn.com
https://newtalk.tw/news/view/2020-04-16/392157
https://www.ettoday.net/news/20200404/1683764.htm?from=pctaglist 
https://fashion.ettoday.net/video/
https://events.ettoday.net/activity/dalemon_work/180?from=lemon_solicit
https://theme.udn.com/theme/story/6774/4393168
https://newtalk.tw/news/view/2020-04-15/392110
https://www.ettoday.net/news/20200411/1689147.htm?from=pctaglist 
https://boba.ettoday.net/videonews/172097
https://events.ettoday.net/activity/dalemon_Yummy/article/26092/last
https://newtalk.tw/news/topics/
https://www.ettoday.net/news/20200413/1689975.htm?ercamp=sorted_hot_news
https://boba.ettoday.net/sub_category/233/254/187841
https://events.ettoday.net/activity/dalemon_readbeanQQ/article/26070/last
https://newtalk.tw/news/category/3/%E7%94%9F%E6%B4%BB%E8%97%9D%E6%96%87
https://www.ettoday.net/news/20200413/1690157.htm?from=pctaglist 
http://boba.ettoday.net/videonews/164646?from=et-bottom
https://events.ettoday.net/activity/dalemon_Yummy/article/26126/last
https://newtalk.tw/news/category/5/%E7%94%9F%E6%B4%BB
https://www.ettoday.net/news/20200415/1691887.htm
https://fashion.ettoday.net/focus/時尚/2
https://events.ettoday.net/activity/dalemon_Yummy/192/last/4
https://newtalk.tw/news/view/2020-04-15/391558
http://www.ettoday.net/news/news-list-2013-04-03-0.htm
https://sports.ettoday.net/sport-category/籃球
https://events.ettoday.net/app/appCollect/push.phtml?appCollect_id=17
https://newtalk.tw/citizen/list
http://www.ettoday.net/news/news-list-2018-08-06-0.htm
https://sports.ettoday.net/game-list?gameList_year=2020&gameList_month=4&gameList_day=12
https://events.ettoday.net/activity/dalemon_Star/article/26058/last
https://newtalk.tw/news/view//
https://travel.ettoday.net/category/遊輪旅遊/
https://fashion.ettoday.net/news/1692440/
https://events.ettoday.net/activity/dalemon_Yummy/article/32074/last
https://newtalk.tw/news/tag/%E5%BE%A9%E5%BA%B7%E8%BB%8A
https://www.ettoday.net/dalemon/post/48655
https://sports.ettoday.net/news/1692493
https://events.ettoday.net/activity/dalemon_readbeanQQ/article/27912/last
https://newtalk.tw/rss
https://www.ettoday.net/feature/index/0/9
https://sports.ettoday.net/sport-category/新聞
https://events.ettoday.net/picnic2018/index.phtml
https://newtalk.tw/news/view/2020-04-15/391938
https://www.ettoday.net/news/20200401/1681968.htm
https://sports.ettoday.net/news-list/棒球/MLB/4
https://events.ettoday.net/activity/dalemon_work/180/last/4
https://newtalk.tw/premium
https://www.ettoday.net/news/20200414/1690725.htm
https://boba.ettoday.net/videonews/195078
https://events.ettoday.net/activity/dalemon_readbeanQQ/article/31604/last
https://newtalk.tw/news/subcategory//%E7%B8%BD%E8%A6%BD
https://www.ettoday.net/news/tag/暴力/
https://fashion.ettoday.net/focus/潮流/19
https://events.ettoday.net/activity/dalemon_Star/article/25582/last
https://newtalk.tw/news/view/2020-04-15/391715
http://www.ettoday.net/album/category-all-133.htm
https://boba.ettoday.net/video/266/478/206726
https://events.ettoday.net/activity/dalemon_inlove/711/last/3
https://newtalk.tw/citizen/view/56185
http://www.ettoday.net/news/news-list-2016-04-26-0.htm
https://fashion.ettoday.net/focus/名人/7
https://events.ettoday.net/charity/about-us.htm
https://newtalk.tw/news/subcategory/7/%E4%B8%AD%E5%9C%8B
http://www.ettoday.net/news/news-list-2018-09-05-0.htm
https://fashion.ettoday.net/news/1692125
https://events.ettoday.net/activity/dalemon_horror/article/30290/last
https://newtalk.tw/news/view/2020-04-15/392109
http://www.ettoday.net/news/news-list-2019-05-18-0.htm
https://boba.ettoday.net/videonews/209651
https://events.ettoday.net/activity/dalemon_Shitpost/195/last/6
https://newtalk.tw/news/view/2020-04-15/391714
https://www.ettoday.net/news/20200219/1649116.htm?from=feature
https://boba.ettoday.net/videonews/203557
https://events.ettoday.net/activity/dalemon_inlove/article/26089/last
https://newtalk.tw/news/category/4/%E5%8F%B8%E6%B3%95
https://www.ettoday.net/news/20200331/1679733.htm?feature=行銷雲&tab_id=14418
https://movies.ettoday.net/news/1690277
https://events.ettoday.net/activity/ettoday88submit/168
https://newtalk.tw/news/view/2020-04-15/392096
http://www.ettoday.net/news/news-list-2019-06-21-0.htm
https://sports.ettoday.net/sport-category/足球
https://events.ettoday.net/activity/dalemon_inlove/article/26093/last
https://newtalk.tw/news/view/2020-04-14/391428
https://www.ettoday.net/news/20151224/618261.htm?from=pctaglist 
https://boba.ettoday.net/videonews/209942?from=popular
https://events.ettoday.net/activity/dalemon_work/article/25615/last
https://newtalk.tw/news/category/18/%E5%A8%9B%E6%A8%82
https://www.ettoday.net/news/20171130/1058103.htm?feature=膝蓋痛&tab_id=9447
https://fashion.ettoday.net/news/1691649/
https://events.ettoday.net/activity/dalemon_inlove/article/26726/last
https://newtalk.tw/news/author/%E8%94%A1%E5%9D%A4%E9%BE%8D
https://www.ettoday.net/news/20200328/1678743.htm?feature=習近平&tab_id=4458
https://movies.ettoday.net/news/1689339
https://events.ettoday.net/activity/dalemon_work/article/25626/last
https://newtalk.tw/citizen/view/56192
https://www.ettoday.net/news/focus/大陸/華聞快遞/
https://sports.ettoday.net/news/1692142
https://events.ettoday.net/activity/dalemon_readbeanQQ/article/25617/last
https://newtalk.tw/copyright
http://www.ettoday.net/news/news-list-2012-10-23-0.htm
https://star.ettoday.net/news/1691511
https://events.ettoday.net/activity/dalemon_Shitpost/article/26110/last
https://newtalk.tw/news/subcategory/4/%E5%8F%B8%E6%B3%95
http://www.ettoday.net/news/news-list-2013-10-08-0.htm
https://boba.ettoday.net/video/266/466/202615
https://junglevoice.ettoday.net/rules-2.php
https://newtalk.tw/news/category/103/%E6%96%B0%E5%A5%87
http://www.ettoday.net/news/news-list-2016-01-21-0.htm
https://boba.ettoday.net/video_tag/社會
https://events.ettoday.net/activity/dalemon_horror/article/31325/last
https://newtalk.tw/news/category/8/%E7%A7%91%E6%8A%80
http://www.ettoday.net/news/news-list-2018-09-12-0.htm
https://sports.ettoday.net/news-list/競技/技擊、球類/2
http://events.ettoday.net/about-ettoday/index.htm
https://newtalk.tw/download
https://travel.ettoday.net/category/航空動態/
https://sports.ettoday.net/video/278/210002
https://events.ettoday.net/activity/dalemon_horror/article/25547/last
https://newtalk.tw/news/view/2020-04-15/392106
https://www.ettoday.net/news/20161024/798553.htm?ercamp=sorted_hot_news
https://boba.ettoday.net/sub_category/274/726
https://events.ettoday.net/activity/dalemon_readbeanQQ/article/26074/last
https://newtalk.tw/news/view/2020-04-15/392068
https://www.ettoday.net/news/20191227/1611615.htm?feature=ufo&tab_id=943
https://sports.ettoday.net/news-list/足球/台灣足球
https://events.ettoday.net/activity/dalemon_horror/article/32046/last
https://newtalk.tw/citizen/view/56188
https://www.ettoday.net/news/20200323/1674690.htm?feature=戴資穎&tab_id=1236
https://boba.ettoday.net/video_tag/黑人
https://events.ettoday.net/activity/dalemon_work/article/25693/last
https://newtalk.tw/news/view/2020-04-15/392137
https://www.ettoday.net/news/20200405/1684127.htm?from=pctaglist 
https://sports.ettoday.net/news-list/競技/技擊、球類/5
https://events.ettoday.net/activity/dalemon_Yummy/article/26138/last
https://newtalk.tw/news/view/2020-04-15/391970
http://www.ettoday.net/news/news-list-2015-02-19-0.htm
https://sports.ettoday.net/news/1691942
https://events.ettoday.net/activity/dalemon_Star/article/26487/last
https://newtalk.tw/news/view/2020-04-15/392006
http://www.ettoday.net/news/news-list-2015-03-13-0.htm
https://fashion.ettoday.net/news/1691052/
https://events.ettoday.net/poll/vote/79/121
https://newtalk.tw/news/category/14/%E7%A4%BE%E6%9C%83
https://forum.ettoday.net/column/news/鍾文榮
https://boba.ettoday.net/videonews/209981?from=popular
https://events.ettoday.net/activity/dalemon_Shitpost?from=lemon_solicit
https://newtalk.tw/news/view/2020-04-16/392154
https://travel.ettoday.net/article/1446217.htm
https://boba.ettoday.net/videonews/209648
https://events.ettoday.net/activity/dalemon_Shitpost/article/26086/last
https://newtalk.tw/news/summary/today/
https://www.ettoday.net/news/20200415/1691696.htm
https://fashion.ettoday.net/news/1682027/
https://events.ettoday.net/activity/dalemon_Star/article/26796/last
https://newtalk.tw/news/summary/today
https://www.ettoday.net/news/20200416/1692551.htm
https://sports.ettoday.net/news/1691991
https://junglevoice.ettoday.net/player-list.php
https://newtalk.tw/news/category//%E8%AD%B0%E9%A1%8C
https://www.ettoday.net/news/tag/台中第二警分局/
https://fashion.ettoday.net/focus/愛情
https://events.ettoday.net/activity/dalemon_Yummy/article/31750/last
https://newtalk.tw/news/view/2020-04-14/391327
http://www.ettoday.net/album/category-all-8.htm
https://boba.ettoday.net/video/266/466/206591
https://events.ettoday.net/activity/dalemon_Shitpost/195/last/5
https://newtalk.tw/news/subcategory/6/%E5%89%B5%E5%A4%A2
http://www.ettoday.net/news/news-list-2013-08-29-0.htm
https://sports.ettoday.net/news/1692252
https://events.ettoday.net/activity/dalemon_readbeanQQ/rules
https://newtalk.tw/live/ly
http://www.ettoday.net/news/news-list-2018-01-30-0.htm
https://boba.ettoday.net/videonews/208363
https://events.ettoday.net/activity/dalemon_readbeanQQ/article/25706/last
http://www.ettoday.net/news/news-list-2018-07-04-0.htm
https://fashion.ettoday.net/focus/名人
https://events.ettoday.net/activity/dalemon_inlove/article/26072/last
http://www.ettoday.net/news/news-list-2019-06-09-0.htm
https://boba.ettoday.net/category/234
https://events.ettoday.net/activity/dalemon_Yummy/article/26094/last
https://speed.ettoday.net/tag.phtml?tag=ETHummer
https://boba.ettoday.net/video/274/610/188798
https://events.ettoday.net/activity/dalemon_work/rules
https://www.ettoday.net/feature/ufo/944/3
https://sports.ettoday.net/news-list/棒球/中職/9
https://events.ettoday.net/activity/dalemon_Yummy?from=lemon_solicit
https://www.ettoday.net/news/20191017/1558682.htm?from=pctaglist 
https://boba.ettoday.net/video/274/565/190308
https://events.ettoday.net/activity/dalemon_Star/article/24278/last
http://www.ettoday.net/album/category-all-75.htm
https://fashion.ettoday.net/news/1686975/
https://events.ettoday.net/activity/dalemon_Star/article/24682/last
https://www.ettoday.net/news/20190319/1402497.htm?feature=ufo&tab_id=938
https://boba.ettoday.net/videonews/140349
https://events.ettoday.net/activity/dalemon_Yummy/rules
https://www.ettoday.net/news/20200415/1692437.htm
https://boba.ettoday.net/videonews/201785
https://events.ettoday.net/activity/dalemon_readbeanQQ/article/26087/last
https://www.ettoday.net/news/tag/狗/
https://fashion.ettoday.net/focus/美麗
https://events.ettoday.net/?id=1
https://health.ettoday.net/news/1685087
https://star.ettoday.net/news/1692062
https://events.ettoday.net/activity/dalemon_readbeanQQ/article/25619/last
https://www.ettoday.net/news/20200301/1656483.htm?from=pctaglist 
https://boba.ettoday.net/video/33/174/209362
https://events.ettoday.net/activity/dalemon_work/article/25714/last
https://www.ettoday.net/news/20200414/1690844.htm?ercamp=sorted_hot_news
https://star.ettoday.net/news-focus/韓星爆爆/424
https://events.ettoday.net/activity/dalemon_inlove/article/26085/last
http://www.ettoday.net/news/news-list-2017-06-05-0.htm
https://fashion.ettoday.net/news/1686418/
https://events.ettoday.net/activity/dalemon_work/article/25803/last
http://www.ettoday.net/news/news-list-2019-06-07-0.htm
https://boba.ettoday.net/video/266/466/209369
https://events.ettoday.net/activity/dalemon_Yummy/192/last/5
https://www.ettoday.net/feature/covid19/14404?tt=大陸戰疫
https://fashion.ettoday.net/news/1692332
https://events.ettoday.net/activity/dalemon_horror/article/25439/last
https://www.ettoday.net/news/20200302/1657711.htm
https://fashion.ettoday.net/news/1680326/
https://events.ettoday.net/activity/dalemon_horror/article/30300/last
https://www.ettoday.net/news/20200402/1681012.htm?from=pctaglist 
https://movies.ettoday.net/news/1692413
https://events.ettoday.net/activity/dalemon_work/article/31464/last
https://www.ettoday.net/news/20200414/1690720.htm?from=pctaglist 
https://boba.ettoday.net/videonews/209135
https://events.ettoday.net/activity/dalemon_Shitpost/article/26113/last
https://www.ettoday.net/news/20200415/1692311.htm
https://boba.ettoday.net/videonews/172120
https://events.ettoday.net/activity/dalemon_Shitpost/rules
http://www.ettoday.net/news/news-list-2013-10-30-0.htm
https://boba.ettoday.net/video/274/561/136856
https://events.ettoday.net/?id=7
http://www.ettoday.net/news/news-list-2014-05-31-0.htm
https://star.ettoday.net/news-focus/電視/51
https://events.ettoday.net/activity/dalemon_readbeanQQ/article/25821/last
http://www.ettoday.net/news/news-list-2014-12-18-0.htm
https://sports.ettoday.net/news/1691854
https://events.ettoday.net/activity/dalemon_Yummy/article/31718/last
https://travel.ettoday.net/focus/日本旅遊/
https://boba.ettoday.net/sub_category/266/479
https://events.ettoday.net/activity/dalemon_Shitpost/article/26488/last
https://www.ettoday.net/news/20191225/1603555.htm?from=pctaglist 
https://boba.ettoday.net/sub_category/274/561/127640
https://events.ettoday.net/activity/dalemon_Yummy/article/31977/last
https://www.ettoday.net/news/20200312/1666125.htm?from=feature
https://boba.ettoday.net/videonews/128174
https://events.ettoday.net/activity/dalemon_readbeanQQ/article/26133/last
http://www.ettoday.net/album/category-all-62.htm
https://star.ettoday.net/news/1692374
https://events.ettoday.net/activity/dalemon_inlove/711/last/5
http://www.ettoday.net/news/news-list-2013-08-27-0.htm
https://fashion.ettoday.net/focus/潮流/4
https://events.ettoday.net/index.php?id=1&page=3
http://www.ettoday.net/news/news-list-2018-05-31-0.htm
https://sports.ettoday.net/news/1691203
https://junglevoice.ettoday.net/open_audition.php
http://www.ettoday.net/news/news-list-2018-12-08-0.htm
https://boba.ettoday.net/video/33/404/68270
https://events.ettoday.net/activity/dalemon_readbeanQQ/191/last/4
http://www.ettoday.net/news/news-list-2019-01-25-0.htm
https://movies.ettoday.net/video/273/167053
https://events.ettoday.net/activity/dalemon_work/article/25871/last
https://www.ettoday.net/feature/covid19/14406?tt=世界疫情
https://boba.ettoday.net/videonews/210087?from=popular
https://events.ettoday.net/activity/dalemon_Shitpost/article/26111/last
https://www.ettoday.net/news/20200121/1630612.htm?feature=大老闆傳奇-尹衍樑&tab_id=13274
https://boba.ettoday.net/video/274/544/144494
https://events.ettoday.net/activity/dalemon_Star/article/24440/last
https://www.ettoday.net/news/tag/首相/
https://sports.ettoday.net/news/1691688
https://events.ettoday.net/activity/dalemon_inlove/711/last/2
http://www.ettoday.net/news/news-list-2014-02-17-0.htm
https://star.ettoday.net/issue
