https://news.ltn.com.tw/news/life/paper/1346525
https://feedburner.google.com/fb/a/tos?gsessionid=KvpaUkfcYZROc0FPypA9Q_6vDzRNX6sE
http://bit.ly/36beiUH
https://news.tvbs.com.tw/politics/1184205
https://ulicensing.udnfunlife.com/brand.php
https://udnfunlife.com
http://wd.vghtpe.gov.tw/nutr/Fpage.action?muid=4
http://news.xinhuanet.com/video/2009-06/30/content_11629225.htm
https://zh.wikipedia.org/wiki/2016%E5%B9%B4%E5%8D%B0%E5%BA%A6%E5%B0%BC%E8%A5%BF%E4%BA%9E%E7%BE%BD%E6%AF%9B%E7%90%83%E9%A6%96%E8%A6%81%E8%B6%85%E7%B4%9A%E8%B3%BD
https://social-plugins.line.me/lineit/share?url=https://theme.udn.com/theme/story/6774/4362367?utm_source=themelinemobile%26utm_medium=share%26f=lineshare
http://www1.vghtpe.gov.tw/public/nhi/nhi001.htm
https://www6.vghtpe.gov.tw/reg/sectList.do?type=first
https://www.vogue.com.tw/lifestyle/galerie/must-eat-snacks-stay-at-home?utm_source=ettoday.net&amp;utm_medium=referral&amp;utm_campaign=3rd
https://news.mingpao.com/pns/dailynews/web_tc/article/20171025/s00001/1508868284709
https://hiking.biji.co/index.php?q=news&act=info&id=16982
http://cpc.people.com.cn/gbzl/html/121000287.html
https://www.vghtpe.gov.tw/Fpage.action?muid=9971&fid=9654
http://news.mingpao.com/20131023/fac1.htm
http://www.appledaily.com.tw/realtimenews/article/life/20170111/1032810/
https://www.feds.com.tw/tw/1/FashionFocus/Detail/197
https://member.udn.com
http://blog.udn.com/?list_ch2_index
http://news.163.com/12/1117/17/8GHFSBNF00014JB5.html
http://www.chinatimes.com/realtimenews/20150315002782-260409
https://udn.com/news/story/120958/4355212?from=udn-referralnews_ch1004artbottom
https://running.biji.co/index.php?q=topic&act=article&specialid=24&topicid=231&utm_source=UDN&utm_medium=index&utm_campaign=裝備要領
http://finance.sina.com.cn/g/20051014/10262033804.shtml
https://pinterest.com/pin/create/button/?url=//star.ettoday.net/news/1691570&media=https://cdn2.ettoday.net/images/4816/d4816676.jpg&description=新冠肺炎肆虐全球，近期尤以歐美死亡人數攀升快速，怎料，南韓樂壇13日也傳出噩耗，紅遍70年代的南韓國民樂團「Dick Family」鼓手兼隊長成勝元（音譯，서성원）在美國染上新冠肺炎去世，該消息被同期走紅的歌手魏日清（音譯，Wee Ill-Chung，위일청）證實，樂壇失去一位優秀的鼓手。
https://t.co/wIG1COKC8d
https://hk.news.appledaily.com/international/realtime/article/20191221/60402067
https://style.yahoo.com.tw/
http://www.info.gov.hk/gia/general/200406/30/0630091.htm
http://www.chinanews.com/ty/2014/03-30/6008573_2.shtml
https://www.voachinese.com/a/xi-phd-south-africa-china-media-20190413/4874275.html
https://www.mirrormedia.mg/story/20180619inv002/
https://www.dorts.ntpc.gov.tw/home.jsp?id=0e5a1b2e43639bf0
https://goo.gl/forms/oNnegLcbRDbWjA8Y2
http://www.xinhuanet.com/world/2018-07/22/c_1123159287.htm
https://www.commonhealth.com.tw/article/article.action?nid=81285&amp;utm_source=ETtoday&amp;utm_medium=referral&amp;utm_campaign=ETtoday
https://opinion.udn.com/opinion/index
http://news.sohu.com/92/34/news144123492.shtml
https://newtalk.tw/news/tag/%E5%8F%B0%E7%81%A3
http://www.unitas.me/?cat=731
http://www.gov.hk/tc/about/govdirectory/oohk.htm
http://news.ltn.com.tw/news/politics/breakingnews/1945060
https://web.archive.org/web/20181120180248/https://www.cw.com.tw/article/article.action?id=5079596
http://www.udngroup.com/members/udn_privacy
https://www.ctwant.com/search?q=%E9%98%BFBen
https://www.youtube.com/watch?v=72YXDrimi1k&amp;list=PLr8iY2AvgOL2XDKsLa94EBzttqaPNx4lL&amp;index=6
https://udesign.udnfunlife.com/mall/Cc1a00.do?sid=udnfunlife&utm_source=udnfunlife&utm_medium=familybar
https://www.cna.com.tw/news/firstnews/201912060009.aspx
https://www.metro.taipei/cp.aspx?n=EAD981369A065968&amp;s=33FCD1CB6365946F
https://www.facebook.com/opinion.udn/
https://newtalk.tw/news/author/%E9%99%B3%E8%8A%B3%E5%84%80
https://tw.news.yahoo.com/%E8%A8%B1%E5%85%89%E6%BC%A2-%E6%9F%AF%E4%BD%B3%E5%AC%BF%E5%8B%A4%E8%B7%91%E5%AE%A3%E5%82%B3-%E4%B8%8D%E6%9A%B4%E9%9B%B7%E6%B8%85%E5%96%AE-%E9%98%B2%E5%8A%87%E9%80%8F-215940050.html
https://www.ettoday.net/news/20171026/1039304.htm?from=feature
https://sports.ettoday.net/news/1690573
https://events.ettoday.net/activity/ghost2018/157/last/4
https://news.ltn.com.tw/news/politics/breakingnews/2490642
https://tw.tv.yahoo.com/somedayoroneday/yahootv-%E6%83%B3%E8%A6%8B%E4%BD%A0-%E6%9C%80%E7%B5%82%E5%9B%9E-%E6%98%A0%E5%89%8D%E7%8D%A8%E5%AE%B6%E7%9B%B4%E6%92%AD-095140179.html
https://www.nownews.com/news/20190417/3328698/
http://sports.ltn.com.tw/news/breakingnews/1485613
https://msg.ettoday.net/msg_liveshow.php?redir=https%3A%2F%2Fboba.ettoday.net%2Fvideo%2F1%2F284%2F157651%3Ffrom%3Dvodframe_star&vid=157651
https://www.hk01.com/%E7%AA%81%E7%99%BC/339530/%E9%80%83%E7%8A%AF%E6%A2%9D%E4%BE%8B-%E5%86%92%E9%9B%A8%E6%BA%96%E5%82%99%E9%9B%86%E6%9C%83-%E9%87%91%E9%90%98%E7%AB%99%E6%B0%A3%E6%B0%9B%E7%B7%8A%E5%BC%B5-%E5%A4%9A%E5%90%8D%E9%9D%92%E5%B9%B4%E8%A2%AB%E8%AD%A6%E6%90%9C%E8%BA%AB
https://docs.google.com/forms/d/1es1wqWfhwJn2sxDLc-6NRVokGn_fU0_M2YffhKMlcyM/viewform
https://pgw.udn.com.tw/gw/photo.php?u=https://uc.udn.com.tw/photo/2020/03/06/99/7560793.jpg&x=0&y=0&sw=0&sh=0&sl=W&fw=1050
https://www.hpa.gov.tw/Pages/Detail.aspx?nodeid=127&pid=12070
https://news.ltn.com.tw/news/politics/breakingnews/2502987
http://line.me/R/msg/text/?https://newtalk.tw/news/view/2020-04-16/392229%0D%0Ahttps://newtalk.tw/news/view/2020-04-16/392229
http://www.legco.gov.hk/yr05-06/chinese/panels/ed/minutes/ed060710.pdf
http://topick.hket.com/article/541725/%E6%B6%88%E5%A7%94%E6%9C%83%E8%AA%BF%E6%9F%A5%EF%BC%9A%E5%B0%87%E8%BB%8D%E6%BE%B3%E5%8D%80%E5%A5%B6%E7%B2%89%E7%BC%BA%E8%B2%A8%E7%8E%87%E5%81%8F%E9%AB%98
https://video.udn.com/news/1174086
https://uevent.udnfunlife.com/newsdetail.php?id=569
https://news.ltn.com.tw/news/politics/breakingnews/2760441
http://www.storm.mg/article/342964
https://www.instagram.com/p/B-6rfh3hu0J/?utm_source=ig_embed&amp;utm_campaign=loading
https://news.rthk.hk/rthk/ch/component/k2/1461574-20190608.htm?
https://archive.today/20120713021249/http://news.xinhuanet.com/newmedia/2005-08/12/content_3343991_2.htm
https://udncollege.udn.com/4149/
http://www.bbc.com/zhongwen/simp/china/2016/10/161031_cr_cpc_sixth_plenary_session
https://www.setn.com/News.aspx?NewsID=22730
http://udndata.com/policy.html
https://thestandnews.com/politics/%E9%99%B3%E6%B5%A9%E5%A4%A9-%E8%AD%A6%E6%96%87%E4%BB%B6%E8%A9%B3%E5%88%97%E6%B0%91%E6%97%8F%E9%BB%A8%E5%85%A9%E5%B9%B4%E6%B4%BB%E5%8B%95-%E4%BC%B0%E6%88%90%E5%93%A1%E9%80%BE%E5%8D%81%E4%BA%BA/
http://line.naver.jp/R/msg/text/?習近平主持中央政治局會議：提高財政赤字率「發行特別國債」%0D%0Ahttps://www.ettoday.net/news/20200328/1678743.htm
https://twitter.com/UN
http://news.ltn.com.tw/news/politics/breakingnews/2389641
https://feedburner.google.com/fb/a/tos?gsessionid=n_GrgaEMkPU6dJKWvwMdg0BbxB-ebR_4
http://bit.ly/2UbR9x8
https://news.tvbs.com.tw/politics/1233276
https://ulicensing.udnfunlife.com/?utm_source=udnfunlife&utm_medium=familybar
https://udnfunlife.com/./en
http://wd.vghtpe.gov.tw/dep5/files/19.pdf
http://news.xinhuanet.com/newscenter/2002-03/07/content_305603.htm
https://zh.wikipedia.org/wiki/2017%E5%B9%B4%E4%B8%96%E7%95%8C%E7%BE%BD%E6%AF%9B%E7%90%83%E9%8C%A6%E6%A8%99%E8%B3%BD
https://social-plugins.line.me/lineit/share?url=https://theme.udn.com/theme/story/6774/4394966?utm_source=themelineweb%26utm_medium=share
http://www1.vghtpe.gov.tw/public/publicdoc.htm
https://www6.vghtpe.gov.tw/reg/downloadOpdTable.do
https://www.vogue.com.tw/entertainment/article/somedayoroneday-tvsongs
https://hiking.biji.co/index.php?q=news&act=info&id=16833
http://cpc.people.com.cn/xijinping/index.html
https://www.vghtpe.gov.tw/vghtpe/files/PDF/thank/109%E5%B9%B41%E6%9C%88%E6%84%9F%E8%AC%9D%E5%87%BD.pdf
http://www.appledaily.com.tw/realtimenews/article/new/20170312/1074597/
https://www.feds.com.tw/tw/Shop/Detail/2699
https://member.udn.com/member/ShowMember?site=news&redirect=http://udn.com
http://blog.udn.com/
http://news.163.com/photoview/00AN0001/21005.html
http://www.chinatimes.com/realtimenews/20160225003507-260410/
https://udn.com/ctba/story/12960/4467935
https://running.biji.co/index.php?q=news&act=info&id=103373&utm_source=UDN&utm_medium=index&utm_campaign=熱門文章4
http://sports.sina.com.cn/others/badmin/2018-10-21/doc-ihmuuiyv4992660.shtml
https://pinterest.com/pin/create/button/?url=//star.ettoday.net/news/1690373&media=https://cdn2.ettoday.net/images/4813/d4813833.jpg&description=受夠、一步、兩步、三步，「亞洲情歌王子」周興哲這次不讓你錯過！全新創作專輯《小時候的我們》多首主打夯曲《受夠》、《小時候的我們》、《我很快樂》接續釋出MV，以「十秒落淚」的超精湛演技廣受好評，周興哲也難得在《星光好選喆》收起偶包透露未來轉型計畫。
https://t.co/yntEZEDT5P
https://tw.appledaily.com/new/realtime/20180708/1387469/
https://movies.yahoo.com.tw/movieinfo_main/流感-the-flu-10583
http://www.info.gov.hk/gia/general/201111/30/P201111300126.htm
http://news.china.com/zh_cn/domestic/945/20070526/14122482.html
https://www.voachinese.com/a/xi-honorary-doctorate-from-university-of-johannesburg-20190411/4872239.html
https://www.mirrormedia.mg/category/celebrity
http://www.xinhuanet.com/2018-03/17/c_1122550394.htm
https://www.commonhealth.com.tw/article/article.action?nid=81320&amp;utm_source=ETtoday&amp;utm_medium=referral&amp;utm_campaign=ETtoday
https://stars.udn.com/star/story/10091/4349851
http://www.sohu.com/a/278405995_100117412
https://newtalk.tw/news/tag/Google
http://www.unitas.me/?cat=757
http://www.gov.hk/
https://web.archive.org/web/20190509062243/https://www.cna.com.tw/news/firstnews/201905090116.aspx
http://www.udngroup.com/portfolio/education
https://www.ctwant.com/search?q=%E6%A5%8A%E9%8A%98%E5%A8%81
https://www.youtube.com/watch?v=iXolOPinkGA&amp;list=PLr8iY2AvgOL2XDKsLa94EBzttqaPNx4lL&amp;index=4
http://www.cna.com.tw/news/firstnews/201804295005-1.aspx
https://www.dorts.gov.taipei/News_Content.aspx?n=E14C2501B49FA671&amp;s=5587C5085946F543
https://www.facebook.com/dialog/share?app_id=1996449477296165&display=popup&href=http://ulicensing.udnfunlife.com/news.php?i=63&redirect_uri=http://ulicensing.udnfunlife.com/
https://newtalk.tw/news/tag/%E5%9C%8B%E6%B0%91%E9%BB%A8%08
http://hk.news.yahoo.com/%E5%9C%8B%E6%95%99%E6%8C%87%E5%BC%95%E6%93%B1%E7%BD%AE-%E5%A4%A7%E8%81%AF%E7%9B%9F-%E6%94%B6%E8%B2%A8-224624251.html
https://www.ettoday.net/news/20180506/1164103.htm?ercamp=sorted_hot_news
https://boba.ettoday.net/video/233/463/121526
https://events.ettoday.net/activity/singapore2018upload/article/22712/last
http://news.ltn.com.tw/news/local/paper/1026813
https://movies.yahoo.com.tw/movieinfo_main/1-2%E7%9A%84%E9%AD%94%E6%B3%95-onward-10505
https://www.nownews.com/news/20171104/2637994
https://sports.ltn.com.tw/news/breakingnews/3119035
https://msg.ettoday.net/msg_liveshow.php?redir=https%3A%2F%2Fboba.ettoday.net%2Fvideo%2F1%2F284%2F157651%09%3Ffrom%3Dvodframe_star&vid=157651
https://www.hk01.com/%E6%94%BF%E6%83%85/344952/%E9%80%83%E7%8A%AF%E6%A2%9D%E4%BE%8B-1500%E4%BA%BA%E9%A6%AC%E6%8B%89%E6%9D%BE%E5%BC%8F%E8%AB%8B%E9%A1%98-%E4%BF%83%E9%A0%98%E4%BA%8Bg20%E6%96%BD%E5%A3%93-%E7%A8%B1%E7%8D%B216%E5%9C%8B%E6%8E%A5%E4%BF%A1
https://pgw.udn.com.tw/gw/photo.php?u=https://uc.udn.com.tw/photo/2018/03/07/draft/4551328.jpg&amp;x=0&amp;y=0&amp;sw=0&amp;sh=0&amp;sl=W&amp;fw=1050&amp;exp=3600
https://www.hpa.gov.tw/Pages/List.aspx?nodeid=16
https://www.reuters.com/article/us-hongkong-protests-extradition-narrati/special-report-how-murder-kidnappings-and-miscalculation-set-off-hong-kongs-revolt-idUSKBN1YO18Q
http://line.me/R/msg/text/?https://newtalk.tw/news/view/2020-04-16/392226%0D%0Ahttps://newtalk.tw/news/view/2020-04-16/392226
https://uevent.udnfunlife.com/news.php
https://playing.ltn.com.tw/article/19152
https://www.storm.mg/article/184411
https://www.instagram.com/p/BoYVQ9kBwxf/?taken-by=feds_tw
https://news.rthk.hk/rthk/ch/component/k2/1423411-20181017.htm
https://archive.today/20181128154411/https://www.facebook.com/2KidsMommy/posts/1834039180234555?__tn__=-UC-R
https://udncollege.udn.com/4080/
https://www.setn.com/News.aspx?NewsID=666745
http://udndata.com/ndapp/Index
https://thestandnews.com/politics/6-9-%E5%A4%A7%E9%81%8A%E8%A1%8C-%E5%85%A8%E7%90%83%E5%A4%9A%E5%9C%B0%E7%99%BC%E8%B5%B7%E9%9B%86%E6%9C%83%E5%8F%8D%E9%80%81%E4%B8%AD-%E6%82%89%E5%B0%BC-2000-%E4%BA%BA%E8%81%B2%E6%8F%B4%E9%A6%99%E6%B8%AF/
http://line.naver.jp/R/msg/text/?不讓你睡%0D%0Ahttps://events.ettoday.net/activity/dalemon_horror/article/25349
https://twitter.com/?lang=id
https://news.ltn.com.tw/news/politics/breakingnews/2051862
https://feedburner.google.com/fb/a/tos?gsessionid=OOb964ZeVOUApgb6C-jcIooJi5CRTmGf
http://bit.ly/31hyzHi
https://news.tvbs.com.tw/politics/1033584
http://ulicensing.udnfunlife.com/upload/images/LIMA/20180121-1.jpg
https://udnfunlife.com/news.php
https://wd.vghtpe.gov.tw/bmsc/
http://news.xinhuanet.com/politics/2017-07/24/c_1121372319.htm
https://zh.wikipedia.org/wiki/Category:Webarchive%E6%A8%A1%E6%9D%BFwayback%E9%93%BE%E6%8E%A5
https://today.line.me/tw/pc/article/%E8%8A%8B%E9%A0%AD%E6%8E%A7%E5%90%83%E8%B5%B7%E4%BE%86%EF%BC%81%E5%85%AB%E6%9C%88%E5%A0%82%E6%8E%A8%E6%96%B0%E5%93%81%E3%80%8C%E7%B4%AB%E8%8A%8B%E8%A6%8B%E6%84%9B%E3%80%8D%E5%8F%AF%E9%A0%8C%EF%BC%8C%E9%A6%99%E6%BF%83%E8%8A%8B%E6%B3%A5%E5%B0%AC%E5%B8%83%E4%B8%81%E5%A4%AA%E7%BE%8E%E5%91%B3%EF%BC%81-E95PNm
https://www1.vghtpe.gov.tw/conscribe/indexb.htm?openExternalBrowser=1
https://www6.vghtpe.gov.tw/PTSEV/mebApply.do
https://hiking.biji.co/index.php?q=member&act=album&member=542117
http://cpc.people.com.cn/xijinping/
https://www.vghtpe.gov.tw/Fpage.action?muid=12093
http://www.appledaily.com.tw/realtimenews/article/new/20170506/1112126/
https://www.feds.com.tw/tw/Shop/Index/12
https://member.udn.com/member/login.jsp?site=news&redirect=http://udn.com
http://city.udn.com
https://www.chinatimes.com/realtimenews/20190817001560-260407
https://udn.com/news/story/120944/4379590?from=udn-referralnews_ch1004artbottom
https://running.biji.co/?q=buy&utm_source=UDN&utm_medium=index&utm_campaign=購物
http://news.sina.com.cn/c/2015-05-15/114531836415.shtml
https://pinterest.com/pin/create/button/?url=//star.ettoday.net/news/1682808&media=https://cdn2.ettoday.net/images/4765/d4765023.jpg&description=金曲歌王翁立友推出新專輯《眼中淚》，專輯中收錄的歌曲幾乎仍是以情歌為主，唯獨在曲序的最後，卻放進了《繼續聽我唱歌》，風格儼然與其他歌大為不同，出道25年的他，拿過金曲獎、唱過小巨蛋，享盡風光的他卻坦言：「從事演藝界的工作，其實很容易覺得孤單，不紅的時候也孤單，紅的時候高處不勝寒也很孤單，掌聲、尖叫聲都是瞬間就沒了。」更坦言這幾年曾有過職業厭倦。
https://t.co/wVulKuROWG
https://tw.appledaily.com/new/realtime/20180527/1362124/
https://movies.yahoo.com.tw/online_ticket.html
http://www.info.gov.hk/gia/general/200012/13/1213276.htm
http://news.ifeng.com/mainland/detail_2010_06/16/1629260_0.shtml
https://www.voachinese.com/a/voanews-20170901-chinese-propaganda-apparatus/4011487.html
https://www.mirrormedia.mg/story/20200414ent020/
http://www.xinhuanet.com/politics/leaders/2019-06/07/c_1124594166.htm
https://theme.udn.com/theme/story/11963/4021189
http://news.sohu.com/20070324/n248946143.shtml
https://newtalk.tw/news/view/2020-04-15/391622
http://www.unitas.me/?cat=732
http://www.gov.hk/tc/about/abouthk/factsheets/docs/country_parks.pdf
https://web.archive.org/web/20150319130428/http://books.google.com/books?id=Jn4oAQAAIAAJ
http://www.udngroup.com/activies/subscription_info
https://www.ctwant.com/category/生活/健康
https://www.youtube.com/watch?v=2zx7C7Cqccg
https://www.cna.com.tw/news/aipl/201909300172.aspx
https://www.gov.taipei/News_Content.aspx?n=F0DDAF49B89E9413&amp;sms=72544237BBE4C5F6&amp;s=D42EB689D7F46C50
https://www.facebook.com/2KidsMommy/posts/1834039180234555
https://newtalk.tw/news/view/2020-04-14/390966
https://tw.news.yahoo.com/%E6%9C%B1%E7%BF%92%E5%AE%B4%E9%96%A9%E5%8D%97%E8%AA%9E%E7%AC%91%E8%A9%B1-%E7%BF%92%E8%BF%91%E5%B9%B3%E7%AC%91%E7%BF%BB-120144521.html
https://www.ettoday.net/news/20200415/1692284.htm?from=feature
https://movies.ettoday.net/news/1692469
https://junglevoice.ettoday.net/news.php?tag=聲林之王&page=3
http://news.ltn.com.tw/news/focus/paper/1063330
https://tw.youcard.yahoo.com/cardstack/0d2846a0-efe6-11e8-a4bd-c5e1459cb5a5/%E9%99%B3%E5%85%B6%E9%82%81%E5%AE%A3%E5%B8%83%E6%95%97%E9%81%B8%E8%BC%B8%E7%B5%A6%E9%9F%93%E5%9C%8B%E7%91%9C+%E6%B0%91%E9%80%B2%E9%BB%A8%E5%9F%B7%E6%94%BF20%E5%B9%B4%E9%AB%98%E9%9B%84%E7%82%BA%E4%BD%95%E6%85%98%E8%BC%B8%EF%BC%9F
https://www.nownews.com/
http://sports.ltn.com.tw/news/breakingnews/2178214
https://msg.ettoday.net/msg_liveshow.php?redir=https%3A%2F%2Fboba.ettoday.net%2Fsub_category%2F1%2F284%2F60263%3Ffrom%3Dvodframe_star&vid=60263
https://www.hk01.com/%E7%AA%81%E7%99%BC/340020/%E9%80%83%E7%8A%AF%E6%A2%9D%E4%BE%8B-%E8%AA%BF%E6%99%AF%E5%B6%BA%E7%AB%9930%E4%BA%BA%E9%9F%BF%E6%87%89%E4%B8%8D%E5%90%88%E4%BD%9C%E9%81%8B%E5%8B%95-%E5%B0%91%E5%B9%B4%E9%81%AD%E5%88%B6%E6%9C%8D%E4%B9%98%E5%AE%A2%E5%8F%AB%E6%94%BE%E4%BA%BA
https://pgw.udn.com.tw/gw/photo.php?u=https://uc.udn.com.tw/photo/2020/03/07/1/7565648.jpg&x=0&y=0&sw=0&sh=0&sl=W&fw=1050
https://www.hpa.gov.tw/Pages/List.aspx?nodeid=212
http://news.ltn.com.tw/news/focus/paper/617468
http://line.me/R/msg/text/?https://newtalk.tw/news/view/2020-04-15/391645%0D%0Ahttps://newtalk.tw/news/view/2020-04-15/391645
https://uevent.udnfunlife.com/./PompidoukidsinAsia3yrproject/news?id=529
http://news.ltn.com.tw/news/politics/breakingnews/2398415
https://www.instagram.com/p/BnaHO5BH_4J
https://news.rthk.hk/rthk/ch/component/k2/1457356-20190514.htm?
https://archive.is/20120712144041/http://news.sina.com.hk/news/19/1/1/2511573/1.html
https://udncollege.udn.com/%e3%80%8c%e7%ac%ac13%e5%b1%86%e8%81%af%e5%90%88%e7%9b%83%e3%80%8d%e6%b1%ba%e8%b3%bd%e4%bd%9c%e5%93%81/
https://www.setn.com/News.aspx?NewsID=417754
http://udndata.com/udnauthority.html
https://thestandnews.com/politics/%E6%A9%9F%E5%A0%B4%E7%99%BC%E8%B5%B7-%E8%A1%8C%E4%B8%8B%E5%9D%90%E4%B8%8B%E6%8E%A5%E4%B8%8B%E6%A9%9F-%E8%A1%8C%E5%8B%95-%E5%B8%82%E6%B0%91%E9%AB%98%E8%88%89%E5%8F%8D%E9%80%81%E4%B8%AD%E5%A0%B1%E9%81%93-%E6%98%8E%E5%A4%A9%E7%85%A7%E4%B8%8A%E8%A1%97/
http://line.naver.jp/R/msg/text/?台灣第一個推廣柬普寨阿贊道聖物的年輕人%0D%0Ahttps://events.ettoday.net/activity/dalemon_horror/article/31325
https://twitter.com/hashtag/coronavirus?src=hash
https://feedburner.google.com/fb/a/tos?gsessionid=jjqDNsG4cdYvNi96xINkNY9raxwFfFeQ
http://bit.ly/2ZRE9Pv
https://news.tvbs.com.tw/fun/681271
https://ulicensing.udnfunlife.com/project.php
https://wd.vghtpe.gov.tw/ADM/Fpage.action?muid=1314&amp;fid=882
http://news.xinhuanet.com/2010-10/18/c_12672976.htm
https://zh.wikipedia.org/wiki/Template:%E6%B3%9B%E7%8F%A0%E4%B8%89%E8%A7%92%E5%9C%B0%E5%8C%BA
https://today.line.me/tw/pc/article/%E6%8A%B5%E7%A6%A6%E7%B4%AB%E5%A4%96%E7%B7%9A%E7%9A%84%E6%9C%80%E9%AB%98%E8%A6%8F%E6%A0%BC%EF%BC%81%E7%B7%A8%E8%BC%AF%E7%B2%BE%E9%81%B87%E6%AC%BE%E4%BB%8A%E5%A4%8F%E4%B8%80%E5%AE%9A%E8%A6%81%E5%85%A5%E6%89%8B%E7%9A%84%E4%B8%8A%E4%B9%98%E9%98%B2%E6%9B%AC-1EO3O8
http://www1.vghtpe.gov.tw/equality/?openExternalBrowser=1
https://www6.vghtpe.gov.tw/director/
https://hiking.biji.co/index.php?q=trail&act=promote&id=199
https://www.vghtpe.gov.tw/../Fpage.action?muid=1494
http://www.appledaily.com.tw/realtimenews/article/sports/20170409/1094105/
https://www.feds.com.tw/tw/1/Shop/Detail/13405
http://city.udn.com/
https://www.chinatimes.com/realtimenews/20190613002146-260407?chdtv
https://udn.com/search/tagging/2/%E6%96%87%E5%89%B5
https://running.biji.co//index.php?q=topic&act=article&specialid=20&utm_source=UDN&utm_medium=index&utm_campaign=看更多傷害防護
https://pinterest.com/pin/create/button/?url=//star.ettoday.net/news/1692491&media=https://cdn2.ettoday.net/images/4819/d4819324.jpg&description=日本喜劇泰斗志村健因感染新冠肺炎病逝，讓民眾深刻體悟到病毒可怕，娛樂圈因此痛失一位能引領收視熱潮的巨星。他一生未婚，被推估留下10億日幣（約台幣2.8億元）遺產，誰來繼承受到外界關注，網傳過去交往女友曾懷孕，讓私生子是否存在引發好奇，15日日媒挖出了內幕。
https://t.co/G7ttUz5QkH
https://tw.appledaily.com/headline/daily/20170606/37673918/
https://movies.yahoo.com.tw/movieinfo_main/%E6%A5%B5%E5%9C%B0%E5%AE%88%E8%AD%B7%E7%8A%AC-the-call-of-the-wild-10383
http://www.info.gov.hk/hkecon/report/doc/er_c_03q4_b.pdf
http://www.chinanews.com/2000-1-29/26/17163.html
https://www.mirrormedia.mg/story/20200414ent021/
http://www.xinhuanet.com/english/2018-02/25/c_136998770.htm
https://story.udn.com/StoreBook.do?id=184187
https://newtalk.tw/news/tag/%E4%BA%A4%E9%80%9A%E9%83%A8
http://www.unitas.me/?cat=762
http://www.gov.hk/tc/about/abouthk/factsheets/docs/district_admin.pdf
https://web.archive.org/web/20170830032555/http://sports.ltn.com.tw/news/breakingnews/2178214
https://www.udngroup.com/activies/subscription_info
https://www.ctwant.com/search?q=%E7%A2%BA%E8%A8%BA
https://www.youtube.com/watch?v=jCpL3BNQxMA&amp;list=PLr8iY2AvgOL2q6wVDpq0JkwF48afm7Z3b&amp;index=10
https://www.cna.com.tw/news/aipl/201909290195.aspx
https://www.dorts.gov.taipei/cp.aspx?n=B62EFF3676294E7F
https://www.facebook.com/sharer.php?u=https://star.ettoday.net/news/1691570?from=fb_share_web
https://newtalk.tw/news/tag/%E6%95%99%E8%82%B2%E5%B7%A5%E4%BD%9C
http://hk.news.yahoo.com/070608/12/294sc.html
http://travel.ettoday.net/article/1691806.htm
https://fashion.ettoday.net/search.phtml?keywords=母親節
https://events.ettoday.net/activity/dalemon_Yummy/article/23758/last
https://news.ltn.com.tw/news/politics/breakingnews/1888019
https://movies.yahoo.com.tw/movieinfo_main/%E8%A1%80%E8%A1%9B-bloodshot-10469
https://www.nownews.com/news/20200211/3929855/
http://sports.ltn.com.tw/news/paper/1193505
https://msg.ettoday.net/msg_liveshow.php?redir=https%3A%2F%2Fboba.ettoday.net%2Fsub_category%2F1%2F284%2F60263%3Ffrom%3Dvodframe_sports&vid=60263
https://www.hk01.com/%E5%8F%B0%E7%81%A3%E6%96%B0%E8%81%9E/339919/%E9%80%83%E7%8A%AF%E6%A2%9D%E4%BE%8B-%E9%9F%93%E5%9C%8B%E7%91%9Cfb%E4%B8%80%E6%97%A5%E5%85%A9%E7%99%BC%E6%96%87-%E5%91%BC%E7%B1%B2%E6%B8%AF%E5%BA%9C%E6%9A%AB%E7%B7%A9%E7%AB%8B%E6%B3%95%E7%A8%8B%E5%BA%8F
https://pgw.udn.com.tw/gw/photo.php?u=https://uc.udn.com.tw/photo/2018/10/17/draft/5405448.jpeg&amp;x=0&amp;y=0&amp;sw=0&amp;sh=0&amp;exp=3600
https://www.hpa.gov.tw/Pages/ashx/Redirect.ashx?nodeid=3852&url=https%3a%2f%2fwww.hpa.gov.tw%2fPages%2fList.aspx%3fnodeid%3d80
http://line.me/R/msg/text/?https://newtalk.tw/news/view/2020-04-15/391715%0D%0Ahttps://newtalk.tw/news/view/2020-04-15/391715
https://uevent.udnfunlife.com/newsdetail.php?id=516
https://www.instagram.com/p/BnibX26H8gI
https://archive.today/20181125103531/http://a.udn.com/focus/2016/10/22/25337/index.html
https://udncollege.udn.com/2180/
https://www.setn.com/News.aspx?NewsID=458521
http://udndata.com/
https://thestandnews.com/politics/612%E4%BA%BA%E9%81%93%E6%94%AF%E6%8F%B4%E5%9F%BA%E9%87%91-%E6%AD%A3%E5%BC%8F%E6%88%90%E7%AB%8B-%E6%8E%A5%E5%8F%97%E6%8D%90%E6%AC%BE-%E6%94%AF%E6%8F%B4%E5%8F%8D%E9%80%81%E4%B8%AD%E9%81%8B%E5%8B%95%E4%B8%AD%E5%8F%97%E5%82%B7%E8%A2%AB%E6%8D%95%E7%AD%89%E4%BA%BA%E5%A3%AB/
http://line.naver.jp/R/msg/text/?史上最療癒貓咪茶包！不二堂X貓小姐Ms.Cat萌翻你的茶杯！%0D%0Ahttp://ulicensing.udnfunlife.com/news.php?i=74
https://twitter.com/WHO/status/1250446653070417923
https://feedburner.google.com/fb/a/home?gsessionid=7Nl6AIhXFLoMY-ird6nJ1SmBomxMY7Dz
https://news.tvbs.com.tw/politics/1062881
https://ulicensing.udnfunlife.com/index.php
https://wd.vghtpe.gov.tw/peds/Fpage.action?muid=7&amp;fid=355
http://news.xinhuanet.com/misc/2008-03/15/content_7793820.htm
https://kw.wikipedia.org/wiki/Hong_Kong
https://today.line.me/tw/pc/article/%E3%80%90%E8%BB%8D%E5%AE%98%E6%91%A9%E9%90%B5%E5%81%B7%E6%AD%A13%E3%80%91%E6%A9%9F%E8%BB%8A%E4%BB%A3%E6%AD%A5%E8%B6%85%E5%B9%B3%E6%B0%91%E3%80%80%E7%94%9C%E7%BE%8E%E5%A5%B3%E8%BC%94%E5%B0%8E%E9%95%B7%E7%81%AB%E8%BE%A3%E8%BA%AB%E6%9D%90%E5%8C%85%E4%B8%8D%E4%BD%8F-L3L9Wl
http://www1.vghtpe.gov.tw/public/oph/眼科人工水晶體自付差額品項1080711.pdf
https://www6.vghtpe.gov.tw/ERREALIFO/ERREALIFO.jsp
https://hiking.biji.co/index.php?q=news&act=info&id=16578
https://www.vghtpe.gov.tw/Fpage.action?muid=9251&fid=9061
http://www.appledaily.com.tw/realtimenews/article/international/20140918/472064/%E9%81%94%E8%B3%B4%E5%96%87%E5%98%9B%E8%AE%9A%E7%BF%92%E8%BF%91%E5%B9%B3%E3%80%80%E6%AF%94%E8%83%A1%E9%8C%A6%E6%BF%A4%E6%9B%B4%E9%96%8B%E6%98%8E
https://www.feds.com.tw/tw/Search/Keyword?SearchType=firstword&amp;Keyword=V
http://www.chinatimes.com/newspapers/20161128000303-260111
https://udn.com/news/cate/2/6649?list_ch2_index
https://running.biji.co/index.php?q=topic&act=article&specialid=20&topicid=194&utm_source=UDN&utm_medium=index&utm_campaign=防護觀念
https://pinterest.com/pin/create/button/?url=//star.ettoday.net/news/1691594&media=https://cdn2.ettoday.net/images/4816/d4816711.jpg&description=前Wonder Girls成員宥斌與Secret前成員全烋星曾在2007年以一步之差錯過女團「五少女」出道，近年兩人在結束團體活動後，都集中在發展個人事業上，而日前根據韓媒報導，2人正在準備組成限定團發表歌曲，消息一出立即掀起了熱議。
https://t.co/haXuRC6QvR
https://tw.appledaily.com/new/realtime/20181124/1472557/
https://movies.yahoo.com.tw/movieinfo_main/%E6%90%9E%E9%AC%BC-i-see-you-10570
https://www.info.gov.hk/gia/general/201805/24/P2018052400188.htm
http://v.ifeng.com/news/mainland/2014006/01094764-95af-413f-a27c-803e5e553173.shtml
https://www.mirrormedia.mg/category/watchfeature
http://www.xinhuanet.com/world/2018-12/03/c_1123796899.htm
https://story.udn.com/StoreBook.do?id=181366
https://newtalk.tw/news/tag/%E6%A8%B9%E5%9B%B0%E6%8C%AF%E8%88%88%E6%96%B9%E6%A1%88
http://www.unitas.me/?cat=753
http://www.gov.hk/tc/about/abouthk/factsheets/docs/service_economy.pdf
https://web.archive.org/web/20180315123536/http://hk.news.yahoo.com/%E6%B8%AF%E7%BA%8C%E5%B1%85%E6%9C%80%E8%87%AA%E7%94%B1%E7%B6%93%E6%BF%9F%E6%86%82%E6%B3%95%E6%B2%BB%E6%8E%92%E5%90%8D%E8%B7%8C-043900229.html
https://www.ctwant.com/category/生活
https://www.youtube.com/watch?v=kg-X7V0SdDI
https://www.cna.com.tw/news/firstnews/201911205002.aspx
https://www.dorts.gov.taipei/cp.aspx?n=2353836DD875EA15
https://www.facebook.com/sharer/sharer.php?u=http%3A%2F%2Fwww.ettoday.net%2Fdalemon%2Fpost%2F49719&amp;src=sdkpreparse
https://newtalk.tw/news/tag/%E7%BE%8E%E9%A3%9F
https://tw.news.yahoo.com/%E6%9F%AF%E4%BD%B3%E5%AC%BF%E6%89%AE%E9%AB%98%E4%B8%AD%E5%A6%B9%E4%B8%8D%E9%81%95%E5%92%8C-1%E5%A5%B3%E6%88%B03%E5%B8%A5%E8%B6%85%E7%87%92%E8%85%A6-051559402.html
https://www.ettoday.net/news/20200413/1690219.htm?from=pctaglist 
https://boba.ettoday.net/video/229/639/168541
https://events.ettoday.net/activity/dalemon_work/article/24621/last
https://news.ltn.com.tw/news/politics/breakingnews/1003143
https://tw.video.yahoo.com/
http://www.nownews.com/2010/05/04/91-2599188.htm
http://sports.ltn.com.tw/news/paper/1145285
https://msg.ettoday.net/msg_liveshow.php?redir=https%3A%2F%2Fboba.ettoday.net%2Fsub_category%2F1%2F284%2F147435%3Ffrom%3Dvodframe_lemon&vid=147435
https://www.hk01.com/%E7%AA%81%E7%99%BC/339476/%E9%80%83%E7%8A%AF%E6%A2%9D%E4%BE%8B-%E5%A4%A7%E5%9F%94%E4%B8%AD%E5%AD%B8%E7%94%9F%E9%9B%86%E7%89%A9%E8%B3%87-%E5%85%A9%E9%81%AD%E8%AD%A6%E6%88%AA%E6%9F%A5-%E8%AD%A6-%E7%96%91%E6%94%AF%E6%8F%B4%E9%9D%9E%E6%B3%95%E6%B4%BB%E5%8B%95
https://pgw.udn.com.tw/gw/photo.php?u=https://uc.udn.com.tw/photo/2018/03/07/draft/4551332.jpg&amp;x=0&amp;y=0&amp;sw=0&amp;sh=0&amp;sl=W&amp;fw=1050&amp;exp=3600
https://www.hpa.gov.tw/Pages/List.aspx?nodeid=93
http://line.me/R/msg/text/?https://newtalk.tw/news/view/2020-04-16/392262%0D%0Ahttps://newtalk.tw/news/view/2020-04-16/392262
https://uevent.udnfunlife.com/newsdetail.php?id=463
https://www.instagram.com/vegetable.han/
https://archive.today/20190427034402/https://www.wealth.com.tw/home/articles/17568
https://udncollege.udn.com/tag/%e5%af%ab%e4%bd%9c/
https://www.setn.com/News.aspx?NewsID=547507
https://thestandnews.com/politics/%E4%B8%8D%E6%96%B7%E6%9B%B4%E6%96%B0-%E7%B6%B2%E6%B0%91%E7%99%BC%E8%B5%B7%E4%BB%8A%E6%97%A9%E5%88%B0%E5%BE%8B%E6%94%BF%E4%B8%AD%E5%BF%83-%E5%A4%A7%E6%89%B9%E8%AD%A6%E5%93%A1%E6%88%AA%E5%81%9C%E9%80%94%E4%BA%BA-%E6%9C%89%E9%96%98%E5%8F%A3%E9%97%9C%E9%96%89/?fbclid=IwAR3Bo_9HEHr_hpct_zew0Pv8zCpm8b0L-u54veK5gOrAyJUvMLkmW7C7jIc
http://line.naver.jp/R/msg/text/?公司簡介%0D%0Ahttp://ulicensing.udnfunlife.com/index.php?i=1
https://twitter.com/DrTedros/status/1250065251053309954
https://feedburner.google.com/fb/a/tos?gsessionid=FfszFTdf_vb1HE2CmCTxPAW8ddi0in9z
https://news.tvbs.com.tw/entry/16133
http://wd.vghtpe.gov.tw/engineer/Fpage.action?muid=3&amp;fid=3106
http://news.xinhuanet.com/politics/2010-10/28/c_12712309.htm
https://zh.wikipedia.org/wiki/%E4%B8%8A%E5%B1%B1%E4%B8%8B%E9%84%89%E9%81%8B%E5%8B%95
https://today.line.me/tw/pc/article/%E3%80%8C%E5%B0%8F%E7%87%88%E6%B3%A1%E6%A1%88%E3%80%8D%E5%85%87%E5%AB%8C%E4%BB%8A%E5%88%A4%E7%84%A1%E6%9C%9F%E5%BE%92%E5%88%91%E5%AE%9A%E8%AE%9E%EF%BC%81%E5%B0%8F%E7%87%88%E6%B3%A1%E7%88%B6%E6%AF%8D%E6%9C%9F%E6%9C%9B%E8%90%BD%E7%A9%BA%EF%BC%8C%E6%9B%BE%E6%B7%9A%E8%A8%B4%E3%80%8C%E7%9C%8B%E4%B8%8D%E5%88%B0%E6%9C%AA%E4%BE%86%E3%80%8D-rrGX5k
http://www1.vghtpe.gov.tw/business/
https://www6.vghtpe.gov.tw/PTSEV/dgApplyFirstPage.do
https://hiking.biji.co/index.php?q=trail&act=promote&id=322
https://www.vghtpe.gov.tw/Fpage.action?muid=1805&fid=1350
http://www.appledaily.com.tw/appledaily/article/headline/20130720/35163067/
https://www.feds.com.tw/tw/Shop/Index/175
https://www.chinatimes.com/newspapers/20181114000689-260107?chdtv
https://udn.com/news/story/7327/4358934?from=udn-referralnews_ch1004artbottom
https://running.biji.co/index.php?q=news&act=info&id=103384&utm_source=UDN&utm_medium=index&utm_campaign=熱門文章0
https://pinterest.com/pin/create/button/?url=//star.ettoday.net/news/1692702&media=https://cdn2.ettoday.net/images/4819/d4819792.jpg&description=網路節目《漂亮小姐姐》主持人微笑丹尼日前來到桃園中壢啟英高中，這次的推薦人可說是大有來頭，首次由校長本人親自推薦正妹！校長推薦了笑容非常甜美，酷似雞排妹，歌聲也非常棒的蔡羽忻，讓主持人一見到本人就瞪大雙眼直呼：「也太可愛了吧！」
https://t.co/79QclnUT1D
https://fingernews.nextmag.com.tw/50rich_2020/
https://movies.yahoo.com.tw/movieinfo_main/數碼寶貝-LAST-EVOLUTION-絆-digimon-adventure-last-evolution-kizuna-10572
http://www.info.gov.hk/info/sar5/c12.htm
http://news.ifeng.com/mainland/special/2013lianghui/renshi/xijinping.shtml
https://www.mirrormedia.mg/
http://www.xinhuanet.com/world/2019-06/16/c_1124628499.htm
https://story.udn.com/StoreBook.do?id=184805
https://newtalk.tw/news/tag/%E6%96%B0%E5%A5%87
http://www.unitas.me/?cat=3
http://www.gov.hk/tc/about/abouthk/factsheets/docs/highways.pdf
https://web.archive.org/web/20200224064150/https://star.ettoday.net/news/1647371
https://www.ctwant.com/category/政治/焦點
https://www.youtube.com/watch?v=aKt_2HOWeSs
https://www.cna.com.tw/news/ahel/201912210161.aspx
https://www.dorts.gov.taipei/cp.aspx?n=6213240B5A7C3330&amp;s=C8FCD9B3118D2576
https://www.facebook.com/readgoodtw/
https://newtalk.tw/news/tag/%E5%9C%8B%E6%9C%83%E5%B1%B1%E8%8E%8A%E5%A0%B1
https://tw.news.yahoo.com/entertainment
https://www.ettoday.net/news/tag/核試/
https://boba.ettoday.net/video/233/254/76739
https://events.ettoday.net/activity/singapore2018upload/article/22680/last
http://news.ltn.com.tw/news/politics/breakingnews/2627686
https://movies.yahoo.com.tw/
https://www.nownews.com/news/20170804/2596403/
http://sports.ltn.com.tw/news/breakingnews/2317729
https://msg.ettoday.net/msg_liveshow.php?redir=https%3A%2F%2Fboba.ettoday.net%2Fvideo%2F1%2F284%2F152516%09%3Ffrom%3Dvodframe_sports&vid=152516
https://www.hk01.com/%E6%94%BF%E6%83%85/322994/%E9%80%83%E7%8A%AF%E6%A2%9D%E4%BE%8B-%E9%81%8A%E8%A1%8C%E4%BA%BA%E6%95%B8%E5%89%B5%E8%BF%91%E5%B9%B4%E6%96%B0%E9%AB%98-%E8%94%A1%E5%AD%90%E5%BC%B7-%E6%9E%97%E9%84%AD%E6%9C%88%E5%A8%A5%E7%A5%9E%E8%A9%B1%E7%A0%B4%E6%BB%85
https://pgw.udn.com.tw/gw/photo.php?u=https://uc.udn.com.tw/photo/2020/02/18/99/7484048.jpg&x=0&y=0&sw=0&sh=0&sl=W&fw=1050
https://www.hpa.gov.tw/Pages/List.aspx?nodeid=3998
http://line.me/R/msg/text/?https://newtalk.tw/news/view/2020-04-15/391663%0D%0Ahttps://newtalk.tw/news/view/2020-04-15/391663
https://uevent.udnfunlife.com/./
https://www.instagram.com/serenachenliu/
https://archive.today/20190427040024/https://talk.ltn.com.tw/article/breakingnews/2614721
https://udncollege.udn.com/tag/%e8%81%b0%e6%98%8e%e7%9c%8b%e5%aa%92%e9%ab%94/
https://www.setn.com/News.aspx?NewsID=528082
https://line.naver.jp/R/msg/text/?歐美日手工梳都來自台灣？打造在地品牌傳承四十年手藝%0D%0Ahttps://www.udnfunlife.com/news.php?i=401
https://twitter.com/CBCNews/status/1250621676154425345
https://feedburner.google.com/fb/a/home?gsessionid=gp5B-XgPKJanD21DLDfIC4wD9Wpmp7eI
http://wd.vghtpe.gov.tw/osh/Fpage.action?muid=3944&amp;fid=3238
http://news.xinhuanet.com/overseas/2006-11/09/content_5307511.htm
https://zh.wikipedia.org/wiki/%E4%B9%A0%E6%98%8E%E6%B3%BD
https://today.line.me/tw/pc/article/%E6%8F%9B%E5%AD%A3%E9%81%8E%E6%95%8F%E7%9C%BC%E7%9D%9B%E7%99%A2%EF%BC%8C%E4%B8%8D%E8%83%BD%E6%8F%89%E5%A5%BD%E9%9B%A3%E5%8F%97%EF%BC%9F%E4%B8%AD%E9%86%AB%E8%87%AA%E5%89%B5%E3%80%8C%E7%9C%BC%E9%83%A8%E6%BA%AB%E6%B0%A7%E7%99%82%E3%80%8D%EF%BC%8B%E7%95%B6%E6%AD%B8%E8%80%86%E8%8F%8A%E9%A3%B2%E8%88%92%E7%B7%A9-5l525K
http://www1.vghtpe.gov.tw/public/orth/orth.htm
https://www6.vghtpe.gov.tw/PTSEV/bedCount.do
https://hiking.biji.co/index.php?q=trail&act=promote&id=303
https://www.vghtpe.gov.tw/Fpage.action?muid=1501&fid=1344
https://www.feds.com.tw/tw/FashionFocus/Detail/193
https://www.chinatimes.com/realtimenews/20191113000048-260407?chdtv
https://udn.com/news/story/10930/4495609?list_ch2_index
https://running.biji.co//index.php?q=topic&act=article&specialid=24&utm_source=UDN&utm_medium=index&utm_campaign=新手專區
https://pinterest.com/pin/create/button/?url=//star.ettoday.net/news/1691511&media=https://cdn2.ettoday.net/images/4816/d4816564.jpg&description=吳青峰推出首張個人專輯《太空人》，上週釋出《譯夢機》、《回音收集員》之後，又在今天首播與導演談宗藩合作的藝術實驗二部曲MV《水仙花之死》和《男孩莊周》，前者與好友陳珊妮共同打造青峰全新造型，並找來五個演員當分身，相似度高到讓工作人員一度找不到正牌青峰，後者則是募集到近八萬支影片來剪輯成MV，讓歌迷擔任共同導演，挑戰華語樂壇集體創作之舉。
https://t.co/kIb5zsAM7y
https://www.nextmag.com.tw/realtimenews/news/452306
https://movies.yahoo.com.tw/movieinfo_main/吞噬-swallow-10560
http://www.info.gov.hk/gia/general/201802/02/P2018020200479.htm?fontSize=1
http://news.ifeng.com/mainland/special/zhonggong18da/detail_2012_11/15/19205326_0.shtml
https://www.mirrormedia.mg/externals/healthnews
https://story.udn.com/StoreBook.do?id=184179
https://newtalk.tw/videos/3
http://www.unitas.me/?p=13826
https://web.archive.org/web/20181231143819/https://www.mirrormedia.mg/story/20181120inv017/
https://www.ctwant.com/category/漂亮/精品
https://www.youtube.com/watch?v=a3OZVZXnXuU&amp;list=PLr8iY2AvgOL2XDKsLa94EBzttqaPNx4lL&amp;index=19
https://www.cna.com.tw/news/aipl/201905120121.aspx
https://www.gov.taipei/News_Content.aspx?n=F0DDAF49B89E9413&amp;sms=72544237BBE4C5F6&amp;s=2029C4DAD79943B8
https://www.facebook.com/dialog/share?app_id=1996449477296165&display=popup&href=http://ulicensing.udnfunlife.com/news.php?i=59&redirect_uri=http://ulicensing.udnfunlife.com/
https://newtalk.tw/news/author/%E6%96%87%EF%BC%8F%E8%94%A1%E5%98%89%E5%87%8C
http://tw.news.yahoo.com/article/url/d/a/110623/1/2ttyl.html
https://forum.ettoday.net/news/1356691
https://boba.ettoday.net/video/234/649/188404
https://events.ettoday.net/activity/dalemon_work/article/23383/last
http://news.ltn.com.tw/news/local/paper/1052525
https://movies.yahoo.com.tw/movieinfo_main/%E4%BE%9D%E7%84%B6%E7%9B%B8%E4%BF%A1-i-still-believe-10487
https://www.nownews.com/news/20200206/3921769/
https://sports.ltn.com.tw/news/breakingnews/2974661
https://msg.ettoday.net/msg_liveshow.php?redir=https%3A%2F%2Fboba.ettoday.net%2Fvideo%2F1%2F284%2F174912%3Ffrom%3Dvodframe_lemon&vid=174912
https://www.hk01.com/政情/338451/%E9%80%83%E7%8A%AF%E6%A2%9D%E4%BE%8B-%E6%8C%81%E7%BA%8C%E6%9B%B4%E6%96%B0-%E6%B0%91%E9%99%A3-103%E8%90%AC%E4%BA%BA%E9%81%8A%E8%A1%8C-%E8%AD%A6%E6%96%B9-%E9%AB%98%E5%B3%B0%E6%9C%9F24%E8%90%AC
https://pgw.udn.com.tw/gw/photo.php?u=https://uc.udn.com.tw/photo/2019/01/04/draft/5750682.jpg&amp;x=0&amp;y=0&amp;sw=0&amp;sh=0&amp;exp=3600
https://www.hpa.gov.tw/Pages/List.aspx?nodeid=46
http://line.me/R/msg/text/?https://newtalk.tw/news/view/2020-04-16/392243%0D%0Ahttps://newtalk.tw/news/view/2020-04-16/392243
https://uevent.udnfunlife.com/./PompidoukidsinAsia3yrproject/news?id=521
https://www.instagram.com/somedayoroneday/
https://archive.today/20181128154245/http://hk.crntt.com/doc/1050/7/7/0/105077036.html?coluid=7&amp;kindid=0&amp;docid=105077036
https://udncollege.udn.com/grvip/
https://www.setn.com/News.aspx?NewsID=695348
http://line.naver.jp/R/msg/text/?臺灣圖像打進國際授權生態圈，跨域合作商機無限%0D%0Ahttp://ulicensing.udnfunlife.com/news.php?i=51
https://twitter.com/newtalk_tw/status/1131115618659213312
https://feedburner.google.com/fb/a/tos?gsessionid=Ql3ZYStQeF086Kz_GBxJ7wpYGTD4qngm
http://wd.vghtpe.gov.tw/biobank/Index.action
http://news.xinhuanet.com/ziliao/2002-01/16/content_240483.htm
https://zh.wikipedia.org/wiki/%E5%8F%8D%E5%B0%8D%E9%80%83%E7%8A%AF%E6%A2%9D%E4%BE%8B%E4%BF%AE%E8%A8%82%E8%8D%89%E6%A1%88%E9%81%8B%E5%8B%95%E6%9C%9F%E9%96%93%E7%9A%84%E7%9B%B8%E9%97%9C%E8%A1%8C%E5%8B%95
https://today.line.me/TH/pc/main
http://www1.vghtpe.gov.tw/vghemr/
https://www6.vghtpe.gov.tw/reg/realTime.do?type=realtime
https://hiking.biji.co/index.php?q=member&act=album&member=828809
https://www.vghtpe.gov.tw/Fpage.action?muid=1738&fid=1335
https://www.feds.com.tw/tw/FashionFocus/Index/6
http://www.chinatimes.com/realtimenews/20170114002843-260407
https://udn.com/news/story/120944/4336358?from=udn-referralnews_ch1004artbottom
https://running.biji.co/?q=news&utm_source=UDN&utm_medium=index&utm_campaign=文章
https://pinterest.com/pin/create/button/?url=//star.ettoday.net/news/1692416&media=https://cdn2.ettoday.net/images/4819/d4819059.jpg&description=前After School隊長嘉熙與品牌Incase Korea老闆結婚4年，育有2子，婚後宜家移居於印尼峇里島，日前她在Instagram上傳帶2個兒子到沙灘玩的照片，引起網友抨擊，14日更發文表示自己已經回到南韓並隔離了14天，只不過有人便發現，她返韓的時間點與經紀公司說的有出入，恐「違反居家隔離」。
https://t.co/9QYY5TCPVh
https://tw.appledaily.com/headline/daily/20140509/35820541/
https://travel.yahoo.com.tw/
http://www.info.gov.hk/gia/general/200307/05/0705152.htm
http://www.chinanews.com/gn/news/2007/01-29/863655.shtml
https://www.mirrormedia.mg/story/20200414ent006/
https://story.udn.com/StoreBook.do?id=184192
https://newtalk.tw/news/author/%E9%83%9C%E6%95%8F
http://www.unitas.me/?p=13455
https://web.archive.org/web/20170907053515/http://www.news.gov.hk/tc/categories/admin/html/2017/08/20170803_213632.shtml
https://www.ctwant.com/category/生活/星座
https://www.youtube.com/watch?v=ZByep0F69RQ&amp;list=PLr8iY2AvgOL2XDKsLa94EBzttqaPNx4lL&amp;index=20
https://www.cna.com.tw/news/firstnews/201905025002.aspx
https://www.metro.taipei/cp.aspx?n=91974F2B13D997F1
https://www.facebook.com/sharer/sharer.php?u=http%3A%2F%2Fwww.ettoday.net%2Fdalemon%2Fpost%2F49715&amp;src=sdkpreparse
https://newtalk.tw/news/view/2020-04-15/392038
https://tw.news.yahoo.com/%E6%83%B3%E8%A6%8B%E4%BD%A0-90%E5%B9%B4%E4%BB%A3%E9%87%91%E6%9B%B2%E5%A4%AA%E6%B4%97%E8%85%A6-%E6%BB%BE%E7%9F%B3%E6%8E%A8%E7%8F%8D%E8%97%8F%E7%89%88%E9%80%81%E5%BE%A9%E5%88%BB%E5%8D%A1%E5%B8%B6-051421700.html
https://www.ettoday.net/news/20200409/1687689.htm
https://sports.ettoday.net/news/1688713
https://events.ettoday.net/activity/dalemon_horror/article/25720
https://movies.yahoo.com.tw/movieinfo_main/%E4%BE%86%E8%87%AA%E6%B7%B1%E6%B7%B5-%E6%B7%B1%E6%B2%89%E9%9D%88%E9%AD%82%E7%9A%84%E9%BB%8E%E6%98%8E-made-in-abyss-dawn-of-the-deep-soul-10483
https://www.nownews.com/news/20200327/4006844/
http://sports.ltn.com.tw/news/breakingnews/2056176
https://msg.ettoday.net/msg_liveshow.php?redir=https%3A%2F%2Fboba.ettoday.net%2Fvideo%2F1%2F284%2F174912%3Ffrom%3Dvodframe_sports&vid=174912
https://pgw.udn.com.tw/gw/photo.php?u=https://uc.udn.com.tw/photo/2020/02/20/1/7494354.jpg&x=0&y=0&sw=0&sh=0&sl=W&fw=1050
https://www.hpa.gov.tw/Pages/List.aspx?nodeid=665
http://line.me/R/msg/text/?https://newtalk.tw/citizen/view/56193%0D%0Ahttps://newtalk.tw/citizen/view/56193
https://uevent.udnfunlife.com/newsdetail.php?id=551
https://www.instagram.com/tv/B-uLrU_DIzW/?utm_source=ig_embed&amp;utm_campaign=loading
https://archive.is/UgP12
https://udncollege.udn.com/3972/
https://www.setn.com/News.aspx?NewsID=690764
http://line.naver.jp/R/msg/text/?麻吉貓攜手好日子一起賣萌做環保%0D%0Ahttp://ulicensing.udnfunlife.com/project.php?i=53
https://twitter.com/?lang=hu
https://books.google.com.hk/books?id=1uCnDgAAQBAJ&amp;pg=PA67
https://wd.vghtpe.gov.tw/regs/Fpage.action?muid=4270&amp;fid=3634
https://zh.wikipedia.org/wiki/%E6%B0%B8%E6%98%A5%E7%AB%99_(%E5%8F%B0%E5%8C%97%E5%B8%82)
https://today.line.me/TW/pc/main/100261
http://www1.vghtpe.gov.tw/Phone/
https://www6.vghtpe.gov.tw/reg/dayOffList.do
https://hiking.biji.co/index.php?q=member&act=article&member=544911
https://www.vghtpe.gov.tw/Fpage.action?muid=1492&fid=1322
https://www.feds.com.tw/tw/Edm/List?EdmMallId=32
https://www.chinatimes.com/newspapers/20181102000331-260205
https://udn.com/news/cate/1015
https://running.biji.co/index.php?q=topic&act=article&specialid=20&topicid=196&utm_source=UDN&utm_medium=index&utm_campaign=貼紮
https://pinterest.com/pin/create/button/?url=//star.ettoday.net/news/1692561&media=https://cdn2.ettoday.net/images/4819/d4819577.jpg&description=43歲日本型男主播富川悠太感染新冠肺炎，事件越演越烈，15日晚間，該新聞節目的總製作人和導播也確診染疫，所有工作人員全數在家隔離。而他坦承曾經發燒到38度，但是沒有告訴上司和公司，仍持續上主播檯報新聞，為此公開道歉。
https://t.co/6c3G4I8T8o
https://tw.news.appledaily.com/politics/realtime/20181029/1456628/
https://movies.yahoo.com.tw/movieinfo_main/%E9%91%B0%E5%91%BD%E7%9B%A3%E7%8D%84-escape-from-pretoria-10579
http://news.ifeng.com/mainland/special/xijinpingouzhouwuguo/news/200910/1013_8288_1385033.shtml
https://www.mirrormedia.mg/tag/5e94691ba66f9e0f00a03342
http://co.udn.com/co/index
https://newtalk.tw/news/view/2020-04-15/391581
http://www.unitas.me/?cat=755
https://web.archive.org/web/20191020185903/https://www.cna.com.tw/news/aipl/201910180125.aspx
https://www.ctwant.com/search?q=%E5%B7%9D%E6%99%AE
https://www.youtube.com/watch?v=aOYCgJFvRWA
https://www.cna.com.tw/news/firstnews/202003250256.aspx
https://www.facebook.com/dialog/share?app_id=1996449477296165&display=popup&href=http://ulicensing.udnfunlife.com/news.php?i=67&redirect_uri=http://ulicensing.udnfunlife.com/
https://newtalk.tw/news/tag/%E7%AB%8B%E5%A7%94%E9%81%B8%E8%88%89
https://tw.news.yahoo.com/%E9%9F%93%E5%9C%8B%E7%91%9C%E8%B4%8F%E9%AB%98%E9%9B%84%E6%80%8E%E9%BA%BC%E8%BE%A6-%E7%8E%8B%E4%B8%96%E5%A0%85-%E9%82%A3%E6%88%91%E5%8F%88%E8%A6%81%E8%B7%B3%E6%B5%B7-055903160.html
https://speed.ettoday.net/news/1676730
https://star.ettoday.net/media/81/209592/9
https://events.ettoday.net/activity/dalemon_work/article/24923/last
https://movies.yahoo.com.tw/movie_comingsoon.html
https://www.nownews.com/news/20181120/3078022/
https://sports.ltn.com.tw/news/paper/1279560
https://msg.ettoday.net/msg_liveshow.php?redir=https%3A%2F%2Fboba.ettoday.net%2Fvideo%2F1%2F284%2F157651%09%3Ffrom%3Dvodframe_sports&vid=157651
https://pgw.udn.com.tw/gw/photo.php?u=https://uc.udn.com.tw/photo/2020/03/02/1/7542103.png&x=0&y=0&sw=0&sh=0&sl=W&fw=1050
https://www.hpa.gov.tw/Pages/Detail.aspx?nodeid=128&pid=12286
http://line.me/R/msg/text/?https://newtalk.tw/news/view/2020-04-15/391728%0D%0Ahttps://newtalk.tw/news/view/2020-04-15/391728
https://uevent.udnfunlife.com/?utm_source=udnfunlife&utm_medium=familybar
https://www.instagram.com/p/B-8rkzPj0KS/?utm_source=ig_embed&amp;utm_campaign=loading
https://archive.today/20190427022139/https://www.businesstoday.com.tw/article/category/80392/post/201704060013/%E5%BC%B5%E6%A6%AE%E5%91%B3%E8%BE%B2%E6%9C%83%E5%B8%9D%E5%9C%8B%E5%85%A8%E8%A7%A3%E5%AF%86
https://udncollege.udn.com/tag/%e9%96%b1%e8%ae%80/
https://www.setn.com/News.aspx?NewsID=552783
http://line.naver.jp/R/msg/text/?黃色書刊透過創意漫畫 ，募集粉絲的勇氣故事！%0D%0Ahttp://ulicensing.udnfunlife.com/news.php?i=40
https://twitter.com/WHO_Europe_RHN
https://feedburner.google.com/fb/a/home?gsessionid=OOb964ZeVOUApgb6C-jcIooJi5CRTmGf
https://wd.vghtpe.gov.tw/ADM/Fpage.action?muid=6
https://zh.wikipedia.org/wiki/%E6%B4%AA%E6%95%AC%E5%A0%AF
https://today.line.me/tw/pc/article/%E5%AE%8C%E7%BE%8E%E5%AA%BD%E5%AA%BD%E6%9C%80%E5%8F%AF%E8%83%BD%E6%9C%89%E6%81%90%E6%85%8C%E7%97%87%EF%BC%9F%E8%8A%B11%E5%88%86%E9%90%98%E6%AA%A2%E6%B8%AC%E7%9C%8B%E7%9C%8B-xPMJar
http://www1.vghtpe.gov.tw/cpc/
https://www6.vghtpe.gov.tw/reg/examForm.do
https://hiking.biji.co/index.php?q=trail&act=promote&id=321
http://www.vghtpe.gov.tw/vghtpe/files/PDF/opdnote.pdf
https://www.feds.com.tw/tw/1/FashionFocus/Detail/200
https://www.chinatimes.com/newspapers/20180528000595-260107
https://udn.com/news/cate/2/6641?list_ch2_index
https://running.biji.co/?q=record&utm_source=UDN&utm_medium=index&utm_campaign=紀錄
https://pinterest.com/pin/create/button/?url=//star.ettoday.net/news/1692529&media=https://cdn2.ettoday.net/images/4819/d4819439.jpg&description=藝人林舒語育有分別為4歲、1歲的兒子，最近因為防疫考量，跟在海外工作的老公長期分開，自己承擔一打二的辛苦。她15日晚間在家準備晚餐，暫時把哭鬧的小兒子圈圈擋在廚房外，發現小孩哭聲突然中斷，回頭一看，竟目睹兒子倒在地上、臉發白昏倒的模樣，嚇到腦子一片空白！
https://t.co/z1KWyH6AHi
http://s.nextmedia.com/realtime/a.php?i=20190602&amp;s=6996647&amp;a=59668441
https://movies.yahoo.com.tw/movieinfo_main/%E4%BE%8F%E7%BE%85%E7%B4%80%E4%B8%96%E7%95%8C-%E6%AE%9E%E8%90%BD%E5%9C%8B%E5%BA%A6-jurassic-world-fallen-kingdom-10595
https://www.mirrormedia.mg/category/shopping
https://theme.udn.com/theme/story/11963/3556337
https://newtalk.tw/news/tag/iPhone%20SE
http://www.unitas.me/?author=24
https://web.archive.org/web/20170211033513/http://www.friendearth.com/blogsearch/view_32511.html
https://www.ctwant.com/category/漂亮/美容
http://chart.apis.google.com/chart?cht=qr&choe=UTF-8&chs=300x300&chl=https://www.ettoday.net/news/20200312/1666125.htm
https://www.cna.com.tw/news/firstnews/201912235004.aspx
https://www.facebook.com/dialog/share?app_id=1996449477296165&display=popup&href=http://ulicensing.udnfunlife.com/news.php?i=53&redirect_uri=http://ulicensing.udnfunlife.com/
https://newtalk.tw/news/tag/%E5%8D%B0%E5%BA%A6
https://tw.news.yahoo.com/新北捷運環狀線-19日起免費試乘-182608225.html?fbclid=IwAR2YuHbhmn_PU39FXuC24HiwG5shsEeu2dDlyfHvB2EDG05ACoQH74uBLS4
https://www.ettoday.net/news/20200414/1691348.htm?ercamp=sorted_hot_news
https://star.ettoday.net/news/1419281
https://events.ettoday.net/activity/singapore2018upload/article/22683/last
https://tw.youcard.yahoo.com/cardstack/be6a1c10-7eef-11ea-bbbf-43945eb98d61
https://www.nownews.com/?p=4038342&from=newtalk&utm_source=NaturalLink&utm_medium=newtalk&utm_campaign=20200416
http://sports.ltn.com.tw/news/breakingnews/2038085
https://pgw.udn.com.tw/gw/photo.php?u=https://uc.udn.com.tw/photo/2018/03/07/draft/4551327.jpg&amp;x=0&amp;y=0&amp;sw=0&amp;sh=0&amp;sl=W&amp;fw=1050&amp;exp=3600
https://www.hpa.gov.tw/Pages/List.aspx?nodeid=63
http://line.me/R/msg/text/?https://newtalk.tw/news/view/2020-04-16/392193%0D%0Ahttps://newtalk.tw/news/view/2020-04-16/392193
https://uevent.udnfunlife.com/contact.php
https://www.instagram.com/opinion.udn/
https://archive.today/20181128121904/https://www.ettoday.net/news/20180528/1179164.htm
https://udncollege.udn.com/category/news/
https://www.setn.com/News.aspx?NewsID=452242
http://line.naver.jp/R/msg/text/? Fresh Taiwan 原創角色直送日本 小人物情感收服人心%0D%0Ahttp://ulicensing.udnfunlife.com/news.php?i=47
https://twitter.com/UNICEF
https://feedburner.google.com/fb/a/tos?gsessionid=b5hmsZxo15dOET6VVYUtB8NgFd8GitGv
http://wd.vghtpe.gov.tw/irb/
https://zh.wikipedia.org/wiki/%E6%B5%99%E6%B1%9F%E7%9C%81%E4%BA%BA%E6%B0%91%E4%BB%A3%E8%A1%A8%E5%A4%A7%E4%BC%9A
https://today.line.me/tw/pc/article/%E5%B8%B8%E8%A6%8B10%E7%A8%AE%E6%98%93%E5%A2%9E%E7%BD%B9%E7%99%8C%E9%A2%A8%E9%9A%AA%E9%A3%9F%E7%89%A9%EF%BC%8C%E7%87%9F%E9%A4%8A%E5%B8%AB%EF%BC%9A%E7%B4%85%E8%82%89%E6%94%9D%E5%8F%96%E5%BB%BA%E8%AD%B0%E4%B8%80%E9%80%B1%E6%9C%80%E5%A4%9A%EF%BC%93%E6%AC%A1-GLo5QL
https://www6.vghtpe.gov.tw/PTSEV/medApplyForm.do
https://hiking.biji.co/index.php?q=trail&act=promote&id=316
https://www.vghtpe.gov.tw/Fpage.action?muid=1&fid=1295
https://www.feds.com.tw/tw/StoreBrandFlagship
http://www.chinatimes.com/realtimenews/20170617000030-260403
http://udn.com/page/topic/184
https://running.biji.co/index.php?q=video&act=single&vs_id=CFD752E5-ABD5-D15A-BD7A-989080CD1512&video_title=跑步不會使用臀大肌嗎？&utm_source=UDN&utm_medium=index&utm_campaign=跑步好影片-影片標題
https://pinterest.com/pin/create/button/?url=//star.ettoday.net/news/1692062&media=https://cdn2.ettoday.net/images/4818/d4818195.jpg&description=新冠肺炎疫情在全球肆虐，已造成逾198萬人確診，死亡人數更突破12萬，美國NBC、ABC、CBS三大電視台，將於4月18日聯合舉行「同一個世界：共同在家》」(One World: Together at Home)直播慈善音樂會，並由天后Lady Gaga擔任策劃，除了一大票知名歌手、樂團，其中更驚見「歌神」張學友、陳奕迅。
https://t.co/fdXVqjaOHV
https://tw.appledaily.com/headline/daily/20070804/3700691/
https://movies.yahoo.com.tw/movieinfo_main/%E7%B7%A3%E4%BE%86%E6%83%B3%E8%A6%8B%E5%A6%B3-iamhere-10529
https://www.mirrormedia.mg/story/20200223ent010/
https://money.udn.com/money/index?familybar_hide
https://newtalk.tw/news/tag/%E8%82%BA%E7%82%8E
http://www.unitas.me/?p=13525
https://web.archive.org/web/20070519113404/http://flickr.com/photos/tags/hongkong/clusters/
https://www.ctwant.com/article/14376
https://www.youtube.com/watch?v=grxQkbWwiLA
https://www.cna.com.tw/news/firstnews/201912235003.aspx
https://www.facebook.com/dialog/share?app_id=1996449477296165&display=popup&href=http://ulicensing.udnfunlife.com/brand.php?i=1&redirect_uri=http://ulicensing.udnfunlife.com/
https://newtalk.tw/news/tag/%E4%B8%AD%E5%A4%AE%E6%B0%A3%E8%B1%A1%E5%B1%80
http://hk.news.yahoo.com/article/081230/4/9z7i.html
https://forum.ettoday.net/news/1513953
https://boba.ettoday.net/video_tag/周深
https://events.ettoday.net/activity/singapore2018upload/article/22765/last
https://movies.yahoo.com.tw/chart.html
http://www.nownews.com/n/2015/08/13/1781268
http://sports.ltn.com.tw/news/breakingnews/1412513
https://pgw.udn.com.tw/gw/photo.php?u=https://uc.udn.com.tw/photo/2020/03/08/99/7569102.jpg&s=Y&x=10&y=90&sw=1270&sh=870&sl=W&fw=1050
https://www.hpa.gov.tw/Pages/List.aspx?nodeid=127
http://line.me/R/msg/text/?https://newtalk.tw/news/view/2020-04-16/392223%0D%0Ahttps://newtalk.tw/news/view/2020-04-16/392223
https://uevent.udnfunlife.com/./PompidoukidsinAsia3yrproject/news?id=523
https://www.instagram.com/mirror_media/
https://archive.is/20100919165433/http://www.victorsport.com.tw/victor_number.php?id=aOcqZoWkyq3H0jbpYQ9WFyh3H0EbqY
https://udncollege.udn.com/4043/
https://www.setn.com/e/News.aspx?NewsID=635287
http://line.naver.jp/R/msg/text/?星座重要，生存更重要%0D%0Ahttps://events.ettoday.net/activity/dalemon_Star/article/26058
https://twitter.com/ABSCBNNews
https://feedburner.google.com/fb/a/tos?gsessionid=UttdviJI-2vVYkV2_D82jnaSywrNN5Iw
https://wd.vghtpe.gov.tw/ps/Fpage.action?muid=7&amp;fid=927
https://zh.wikipedia.org/wiki/%E7%BD%97%E6%9D%B0%C2%B7%E8%B4%B9%E5%BE%B7%E5%8B%92
https://social-plugins.line.me/lineit/share?url=https://theme.udn.com/theme/story/6774/4393239?utm_source=themelinemobile%26utm_medium=share%26f=lineshare
https://www6.vghtpe.gov.tw/opd/opd_inter/vgh_admb.htm
https://hiking.biji.co/index.php?q=member&act=review&member=1117168
https://www.vghtpe.gov.tw/vghtpe/files/PDF/thank/107年10月感謝函.pdf
https://www.feds.com.tw/tw/1/Shop/Detail/13604
https://www.chinatimes.com/newspapers/20181005000613-260118?chdtv
https://udn.com/page/topic/184
https://running.biji.co/index.php?q=topic&utm_source=UDN&utm_medium=index&utm_campaign=精選主題
https://pinterest.com/pin/create/button/?url=//star.ettoday.net/news/1692640&media=https://cdn2.ettoday.net/images/4819/d4819729.jpg&description=「YouTuber常青樹」蔡阿嘎在影片創作領域深耕超過10年，名聲早已傳遍台灣大街小巷，就連身邊的家人、工作夥伴也廣受粉絲熟悉，先前堂妹「嘎妹」因為上台北念書，和蔡阿嘎一家人住在一起，鄉土劇常見的「姑嫂問題」不但沒有發生，蔡阿嘎老婆「二伯」更把她當做親妹妹，一家人相處融洽。
https://t.co/O6itFVxH3p
http://s.nextmedia.com/realtime/a.php?i=20190614&amp;s=6996647&amp;a=59715928
https://movies.yahoo.com.tw/chart.html?cate=trailer
https://www.mirrormedia.mg/topic/5e422cbd4899a60f00a03c88
https://opinion.udn.com/opinion/story/5769/4492975
https://newtalk.tw/news/view/2020-04-16/392197
http://www.unitas.me/?cat=754
https://web.archive.org/web/20120707214413/http://www.economist.com/blogs/gulliver/2012/07/city-rankings
https://www.ctwant.com/search?q=%E6%85%B6%E7%94%9F
https://www.youtube.com/watch?v=syRbVXIqyU0&amp;t=0h0m0s
https://www.cna.com.tw/news/afe/201905030204.aspx
https://www.facebook.com/dialog/share?app_id=1996449477296165&display=popup&href=http://ulicensing.udnfunlife.com/news.php?i=41&redirect_uri=http://ulicensing.udnfunlife.com/
https://newtalk.tw/news/tag/%E6%8B%92%E5%AD%B8
http://hk.news.yahoo.com/中國最具競爭力城市香港蟬聯榜首-044600072.html
https://www.ettoday.net/news/20190327/1399605.htm
https://sports.ettoday.net/news-list/競技/技擊、球類/1
https://events.ettoday.net/activity/dalemon_inlove/article/25084/last
https://movies.yahoo.com.tw/tagged/slideshow
https://www.nownews.com/?p=4038422&from=newtalk&utm_source=NaturalLink&utm_medium=newtalk&utm_campaign=20200416
http://sports.ltn.com.tw/news/breakingnews/1186916
https://pgw.udn.com.tw/gw/photo.php?u=https://uc.udn.com.tw/photo/2020/02/23/1/7508158.jpg&x=0&y=0&sw=0&sh=0&sl=W&fw=1050
https://www.hpa.gov.tw/Pages/List.aspx?nodeid=105
http://line.me/R/msg/text/?https://newtalk.tw/news/view/2020-04-15/391714%0D%0Ahttps://newtalk.tw/news/view/2020-04-15/391714
https://uevent.udnfunlife.com/events.php
https://www.instagram.com/p/B6fP19LHJL4/
https://archive.today/20190427031318/https://news.ltn.com.tw/news/politics/breakingnews/1944214
https://udncollege.udn.com/collectionlove/
https://www.setn.com/News.aspx?NewsID=633960
http://line.naver.jp/R/msg/text/?職場回憶錄〜我的第一次接客%0D%0Ahttps://events.ettoday.net/activity/dalemon_work/article/25615
https://twitter.com/?lang=nl
https://feedburner.google.com/fb/a/home?gsessionid=jjqDNsG4cdYvNi96xINkNY9raxwFfFeQ
https://wd.vghtpe.gov.tw/ADM/Fpage.action?muid=12047&amp;fid=11172
https://zh.wikipedia.org/wiki/%E9%A6%99%E6%B8%AF%E6%B5%B7%E5%93%A1%E5%A4%A7%E7%BD%B7%E5%B7%A5
https://social-plugins.line.me/lineit/share?url=https://theme.udn.com/theme/story/6774/4380396?utm_source=themelineweb%26utm_medium=share
https://www6.vghtpe.gov.tw/reg/home.do
https://hiking.biji.co/index.php?q=review&act=info&review_id=10790
https://www.vghtpe.gov.tw/Fpage.action?muid=1489&fid=1319
https://www.feds.com.tw/tw/CardEvent/MemberCardDetail/1053
https://www.chinatimes.com/realtimenews/20181016001112-260407
http://udn.com/
https://running.biji.co/index.php?q=album&act=photo&ap_id=30402207&utm_source=UDN&utm_medium=index&utm_campaign=本日主打星-照片1
https://pinterest.com/pin/create/button/?url=//star.ettoday.net/news/1692526&media=https://cdn2.ettoday.net/images/4819/d4819511.jpg&description=泰國男星Bright主演BL劇《因為我們天生一對》（陸譯：假偶天成）爆紅，最近因為女友nnevvy一句自稱「台灣女孩」掀起中泰網路大戰，打從女友名字於11日登上世界熱搜，至今邁入第5天仍未消退。而他近日接受電視台訪問，對於受到國際粉絲關注一事，也表達自己的心情。
https://t.co/TrygOP0YRl
https://tw.appledaily.com/entertainment/20200221/3WZ4BOG2WG5BR6OE3POGBABK4M/
https://movies.yahoo.com.tw/trailer_index.html
https://www.mirrormedia.mg/tag/5e946948a66f9e0f00a03346
https://story.udn.com/StoreBook.do?id=172544
https://newtalk.tw/news/tag/%E7%9B%BE%E7%89%8C%E7%89%99%E9%86%AB%E5%8F%B2%E6%9B%B8%E8%8F%AF
http://www.unitas.me/?cat=751
https://web.archive.org/web/20180430103233/http://sports.ltn.com.tw/news/paper/1193505
https://www.ctwant.com/search?q=%E4%B8%96%E7%95%8C%E8%A1%9B%E7%94%9F%E7%B5%84%E7%B9%94
https://www.youtube.com/watch?v=rRVUg7tEHjU
https://www.cna.com.tw/news/firstnews/201905030007.aspx
https://www.facebook.com/udntickets/
https://newtalk.tw/news/view/2020-04-15/392069
http://hk.news.yahoo.com/全球競爭力排名-香港蟬聯第-174200178.html
https://www.ettoday.net/news/20200414/1691232.htm
https://sports.ettoday.net/news-search.phtml?keywords=土耳其
https://events.ettoday.net/activity/ghost2018/article/21913/last
https://movies.yahoo.com.tw/movieinfo_main/%E6%94%BF%E5%AE%A2%E8%AA%A0%E5%AF%A6%E4%B8%AD-honest-candidate-10563
https://www.nownews.com/?p=4037802&from=newtalk&utm_source=NaturalLink&utm_medium=newtalk&utm_campaign=20200416
http://sports.ltn.com.tw/news/breakingnews/1899580
https://pgw.udn.com.tw/gw/photo.php?u=https://uc.udn.com.tw/photo/2020/02/27/1/7523296.jpg&x=0&y=0&sw=0&sh=0&sl=W&fw=500
https://www.hpa.gov.tw/Pages/ashx/Redirect.ashx?nodeid=22&url=http%3a%2f%2fwww.mohw.gov.tw%2flp-11-1.html
http://line.me/R/msg/text/?https://newtalk.tw/news/view/2020-04-16/374446%0D%0Ahttps://newtalk.tw/news/view/2020-04-16/374446
https://uevent.udnfunlife.com/./PompidoukidsinAsia3yrproject/news?id=524
https://www.instagram.com/p/BwWJtayHwYe/
http://archive.is/diydZ
https://udncollege.udn.com/category/camp/
https://www.setn.com/News.aspx?NewsID=712546
http://line.naver.jp/R/msg/text/?再也不敢去七星潭找螢火蟲了%0D%0Ahttps://events.ettoday.net/activity/dalemon_horror/article/31908
https://twitter.com/Cloud9
https://feedburner.google.com/fb/a/home?gsessionid=F914YBxi8I8D3WKOiZmJ8_OY34w-FIuP
http://wd.vghtpe.gov.tw/pmr/Fpage.action?muid=6
https://zh.wikipedia.org/wiki/%E9%A6%99%E6%B8%AF%E7%A4%BE%E6%9C%83%E6%9C%8D%E5%8B%99%E8%81%AF%E6%9C%83
https://today.line.me/tw/pc/article/NBA%EF%BC%8F%E4%B8%80%E7%9C%89%E5%93%A5%E5%8B%95%E5%90%91%E5%BC%95%E9%97%9C%E6%B3%A8%E3%80%80%E5%9C%88%E5%85%A7%E4%BA%BA%EF%BC%9A%E6%B9%96%E4%BA%BA%E7%82%BA%E4%BA%86%E7%95%99%E4%BB%96%E5%B7%B2%E5%81%9A%E5%A4%A0%E5%A4%9A-2lPJWj
https://hiking.biji.co/index.php?q=member&act=article&member=502239
https://www.vghtpe.gov.tw/Fpage.action?muid=1500&fid=1343
https://www.feds.com.tw/tw/55/Food/Detail/325
https://www.chinatimes.com/amp/realtimenews/20200115004856-260405
http://udn.com/NEWS/SPORTS/SPO2/8087303.shtml
https://running.biji.co/index.php?q=member&member=14299
https://t.co/arDl9EFS2O
https://hk.news.appledaily.com/local/realtime/article/20190620/59737136?utm_campaign=hkad_social_hk.nextmedia&amp;utm_medium=social&amp;utm_source=facebook&amp;utm_content=link_post&amp;fbclid=IwAR2KR-bjiHMIQCxhCe5yaeVJ9_-vlbohptSLh7ikncGDOcIcSgs_nOk-rYw
https://movies.yahoo.com.tw/movie_intheaters.html
https://www.mirrormedia.mg/category/rookie
https://story.udn.com/StoreBook.do?id=177300
https://newtalk.tw/news/tag/%E6%9C%B1%E5%AD%B8%E6%81%92
http://www.unitas.me/?cat=946
https://web.archive.org/web/20190616162611/https://news.ebc.net.tw/News/world/166891
https://www.ctwant.com/article/46156
https://www.youtube.com/watch?v=ZeN007qFHFM
https://www.cna.com.tw/news/firstnews/201911195004.aspx
https://www.facebook.com/dialog/share?app_id=1996449477296165&display=popup&href=http://ulicensing.udnfunlife.com/news.php?i=27&redirect_uri=http://ulicensing.udnfunlife.com/
https://newtalk.tw/news/tag/%E7%96%AB%E6%83%85
http://hk.news.yahoo.com/香港蟬聯全球最自由經濟體-034814827.html
https://www.ettoday.net/news/tag/星座/
https://star.ettoday.net/media/324
https://events.ettoday.net/activity/singapore2018upload/article/22707/last
https://movies.yahoo.com.tw/movieinfo_main/%E8%89%BE%E7%91%AA-emma-10396
https://www.nownews.com/news/20190219/3232360/
http://sports.ltn.com.tw/news/breakingnews/2002230
https://pgw.udn.com.tw/gw/photo.php?u=https://uc.udn.com.tw/photo/2020/02/22/1/7500202.jpg&x=0&y=0&sw=0&sh=0&sl=W&fw=400
https://www.hpa.gov.tw/Pages/List.aspx?nodeid=1383
http://line.me/R/msg/text/?https://newtalk.tw/news/view/2020-04-16/392234%0D%0Ahttps://newtalk.tw/news/view/2020-04-16/392234
https://www.instagram.com/p/BoYBHa_BOSX/?taken-by=feds_tw
https://archive.today/20181128160728/https://www.chinatimes.com/newspapers/20180528000595-260107
https://udncollege.udn.com/tag/%e6%9c%83%e8%80%83/
http://line.naver.jp/R/msg/text/?【兒童節禮物排行榜】孩子們最愛的7大卡通蛋糕造型推薦%0D%0Ahttps://events.ettoday.net/activity/dalemon_Yummy/article/31977
https://twitter.com/foundation_ma
https://feedburner.google.com/fb/a/tos?gsessionid=gp5B-XgPKJanD21DLDfIC4wD9Wpmp7eI
https://wd.vghtpe.gov.tw/dep5/files/1_%E8%87%AA%E8%B2%BB%E7%89%B9%E6%9D%90%E6%94%B6%E8%B2%BB%E6%A8%99%E6%BA%96.pdf
https://zh.wikipedia.org/wiki/Category:%E5%8F%B0%E7%81%A3%E4%BC%81%E6%A5%AD%E5%AE%B6
https://today.line.me/tw/pc/article/%E5%86%92%E5%85%85%E6%8C%87%E6%8F%AE%E5%AE%98%E6%95%A3%E5%B8%83%E5%81%87%E8%A8%8A%E6%81%AF%EF%BC%81%E9%80%AE%E5%88%B02%E5%90%8D%E3%80%8C%E5%81%87%E6%99%82%E4%B8%AD%E3%80%8D-YgyPrW
https://hiking.biji.co/index.php?q=album&act=photo_list&album_id=22428
http://www.vghtpe.gov.tw/vghtpe/Fpage.action?fid=6671
https://www.feds.com.tw/tw/1/Shop/Detail/15961
https://www.chinatimes.com/newspapers/20190224000650-260112?chdtv
https://udn.com/ctba/cate/12852
https://running.biji.co/index.php?q=topic&act=article&specialid=24&topicid=182&utm_source=UDN&utm_medium=index&utm_campaign=基礎訓練
https://t.co/NWH5cYS4os
https://hk.news.appledaily.com/local/daily/article/20190505/20671328
https://movies.yahoo.com.tw/movieinfo_main/%E9%9F%B3%E9%80%9F%E5%B0%8F%E5%AD%90-sonic-the-hedgehog-9246
https://www.mirrormedia.mg/story/20200327insight007/
https://story.udn.com/StoreMore.do?mid=251
https://newtalk.tw/videos/2
http://www.unitas.me/?page_id=17
https://web.archive.org/web/20200331135305/https://tw.news.yahoo.com/%E9%99%B3%E9%9F%BB%E5%A6%82%E5%8F%97%E5%9B%B0%E7%9A%84-%E5%BF%83%E6%88%BF-%E5%B0%8E%E6%BC%94%E6%8F%AD%E5%AF%86%E6%9C%AC%E4%BE%86%E9%82%84%E6%9C%89%E5%85%B6%E4%BB%96%E6%8B%8D%E6%94%9D%E6%96%B9%E6%A1%88-215940431.html
https://www.ctwant.com/search?q=%E9%87%8D%E8%A8%93
https://www.youtube.com/t/terms
https://www.cna.com.tw/news/firstnews/201904175003.aspx
https://www.facebook.com/dialog/share?app_id=1996449477296165&display=popup&href=http://ulicensing.udnfunlife.com/news.php?i=64&redirect_uri=http://ulicensing.udnfunlife.com/
https://newtalk.tw/news/tag/%E8%B6%99%E7%AB%8B%E5%A0%85
http://hk.news.yahoo.com/%E9%A6%99%E6%B8%AF%E8%9F%AC%E8%81%AF%E6%9C%80%E5%85%B7%E7%AB%B6%E7%88%AD%E5%8A%9B%E7%B6%93%E6%BF%9F%E9%AB%94-%E6%B8%AF%E5%BA%9C%E8%A1%A8%E6%AD%A1%E8%BF%8E-030500487.html
https://www.ettoday.net/news/20190316/1401132.htm
https://boba.ettoday.net/sub_category/234/321
https://events.ettoday.net/activity/dalemon_inlove/article/23625/last
https://movies.yahoo.com.tw/movieinfo_main/%E7%B5%95%E5%9C%B0%E6%88%B0%E8%AD%A6FOR-LIFE-bad-boys-for-life-10242
http://www.nownews.com/2010/11/24/320-2667474.htm
https://sports.ltn.com.tw/news/breakingnews/2687435
https://pgw.udn.com.tw/gw/photo.php?u=https://uc.udn.com.tw/photo/2020/02/12/1/7451603.jpg&x=0&y=0&sw=0&sh=0&sl=W&fw=500
https://www.hpa.gov.tw/Pages/List.aspx?nodeid=339
http://line.me/R/msg/text/?https://newtalk.tw/news/view/2020-04-16/392218%0D%0Ahttps://newtalk.tw/news/view/2020-04-16/392218
https://www.instagram.com/p/BnTDkIMH0Yd
https://archive.is/20120716160705/http://www.appledaily.com.tw/appledaily/article/sports/20110623/33479521
https://udncollege.udn.com/4236/
http://line.naver.jp/R/msg/text/?喵星人魅力無法擋！跟著貓小姐一起Fun台灣%0D%0Ahttp://ulicensing.udnfunlife.com/news.php?i=61
https://twitter.com/Geeta_Mohan
https://feedburner.google.com/fb/a/home?gsessionid=71xEGqBtf6n2wPUtseExox2IN9AMa56c
http://wd.vghtpe.gov.tw/tto/Fpage.action?muid=1671&amp;amp;fid=1275
https://ceb.wikipedia.org/wiki/Hong_Kong
https://social-plugins.line.me/lineit/share?url=https://theme.udn.com/theme/story/6774/4359817?utm_source=themelineweb%26utm_medium=share
https://hiking.biji.co/index.php?q=trail&act=promote&id=156
https://www.vghtpe.gov.tw/Fpage.action?muid=3&fid=1303
https://www.feds.com.tw/tw/FashionFocus/Detail/256
https://www.chinatimes.com/realtimenews/20190701002513-260407?chdtv
https://udn.com/news/story/7321/4361735?from=udn-referralnews_ch1004artbottom
https://running.biji.co/index.php?q=competition&act=info&cid=8153&subtitle=慢城詩話路跑賽&utm_source=UDN&utm_medium=index&utm_campaign=本日主打星-照片1
https://t.co/5XR8Y2HcGQ
https://tw.appledaily.com/new/realtime/20170502/1109787/
https://movies.yahoo.com.tw/movieinfo_main/%E5%A5%B3%E8%81%B2%E6%88%91%E6%9C%80%E7%BE%8E-military-wives-10528
https://www.mirrormedia.mg/category/grand-seiko-2018
https://stars.udn.com/star/index
https://newtalk.tw/news/tag/%E6%9D%8E%E5%BF%97%E5%BC%B7
http://www.unitas.me/?p=13586
https://web.archive.org/web/20181125162805/https://www.chinatimes.com/realtimenews/20181115004207-260407
https://www.ctwant.com/article/44279?utm_source=ettoday&amp;utm_medium=rss&amp;utm_campaign=44352
https://www.youtube.com/watch?v=wjnDrlqxnoM
https://www.cna.com.tw/news/firstnews/201707270014.aspx
https://www.facebook.com/dialog/share?app_id=1996449477296165&display=popup&href=http://ulicensing.udnfunlife.com/news.php?i=51&redirect_uri=http://ulicensing.udnfunlife.com/
https://newtalk.tw/news/view/2020-03-26/381108
http://hk.news.yahoo.com/去年日均18宗公衆集會-025017511.html
https://www.ettoday.net/news/20191227/1611859.htm?ercamp=sorted_hot_news
https://boba.ettoday.net/video_tag/了不起的長城
https://events.ettoday.net/activity/dalemon_work/article/24624/last
https://tw.youcard.yahoo.com/cardstack/715efc90-7ef1-11ea-bbbf-43945eb98d61
https://pgw.udn.com.tw/gw/photo.php?u=https://uc.udn.com.tw/photo/2020/03/04/1/7552136.jpg&x=0&y=0&sw=0&sh=0&sl=W&fw=1050
https://www.hpa.gov.tw/../Pages/Detail.aspx?nodeid=92&pid=5139
http://line.me/R/msg/text/?https://newtalk.tw/news/view/2020-04-14/390994%0D%0Ahttps://newtalk.tw/news/view/2020-04-14/390994
https://www.instagram.com/p/Bm96_o_Hkjp
https://archive.is/20130428141946/http://www.worldjournal.com/view/full_news/19630396/article-%E6%88%B4%E8%B3%87%E7%A9%8E%E3%80%81%E9%84%AD%E9%9F%B6%E5%A9%95-%E4%B8%AD%E8%8F%AF%E5%A5%B3%E5%96%AE%E9%96%8B%E7%B4%85%E7%9B%A4?instance=news_pics
https://udncollege.udn.com/4082/
http://line.naver.jp/R/msg/text/?二搞創意無限公司 Buddy Make Studio%0D%0Ahttp://ulicensing.udnfunlife.com/brand.php?i=1
https://twitter.com/DrTedros/status/1250384942657306631
https://feedburner.google.com/fb/a/home?gsessionid=C1K9PCuS9ZPMM4_raNdSnImoCeYmgnIv
https://wd.vghtpe.gov.tw/gcc/
https://fr.wikipedia.org/wiki/Loterie_des_tickets_de_caisse
https://social-plugins.line.me/lineit/share?url=https://theme.udn.com/theme/story/6774/4365953?utm_source=themelinemobile%26utm_medium=share%26f=lineshare
https://hiking.biji.co/index.php?q=news&act=info&id=16776
https://www.vghtpe.gov.tw/Fpage.action?muid=1481&fid=1297
https://www.feds.com.tw/tw/Search/Keyword?SearchType=firstword&amp;Keyword=B
http://www.chinatimes.com/newspapers/20151108000921-260210
https://udn.com/ctba/story/12960/4493883
https://running.biji.co/index.php?q=question&utm_source=UDN&utm_medium=index&utm_campaign=每日一問
https://t.co/knnAuDtz9m
https://tw.appledaily.com/new/realtime/20181225/1489174/
https://www.mirrormedia.mg/section/businessmoney
https://mobile.udn.com/ujob/
https://newtalk.tw/news/view/2020-04-15/391658
http://www.unitas.me/?p=13897
https://web.archive.org/web/20191114200836/https://www.cna.com.tw/news/aipl/201911140390.aspx
https://www.ctwant.com/article/44256?utm_source=ettoday&amp;utm_medium=rss&amp;utm_campaign=44352
https://www.youtube.com/watch?v=_mNRf1zJlX0
https://www.cna.com.tw/news/firstnews/201810210171.aspx
https://www.facebook.com/sharer/sharer.php?u=https%3A%2F%2Fwww.ettoday.net%2Fdalemon%2Fpost%2F48829&amp;src=sdkpreparse
https://newtalk.tw/news/tag/%E4%BA%8C%E6%88%B0
http://hk.news.yahoo.com/%E8%96%9B%E5%81%89%E6%88%90%E6%8C%87%E7%A4%BA%E5%A8%81%E6%AC%A1%E6%95%B8%E5%A2%9E%E6%AA%A2%E6%8E%A7%E4%BB%8D%E5%81%8F%E4%BD%8E-095300313.html
https://www.ettoday.net/news/20200416/1692711.htm?from=feature
https://boba.ettoday.net/videonews/209604
https://events.ettoday.net/activity/dalemon_inlove/article/25086/last
https://movies.yahoo.com.tw/chart.html?cate=us
https://pgw.udn.com.tw/gw/photo.php?u=https://uc.udn.com.tw/photo/2020/02/28/1/7531214.jpeg&x=0&y=0&sw=0&sh=0&sl=W&fw=1050
https://www.hpa.gov.tw/Pages/ashx/Redirect.ashx?nodeid=20&url=%2fPages%2fOpinionMailQuery.aspx
http://line.me/R/msg/text/?https://newtalk.tw/citizen/view/56188%0D%0Ahttps://newtalk.tw/citizen/view/56188
https://www.instagram.com/tai_tzuying/
https://archive.is/20130810101552/http://udn.com/NEWS/SPORTS/SPO2/8087303.shtml
https://udncollege.udn.com/tag/%e5%aa%92%e9%ab%94%e7%b4%a0%e9%a4%8a/
http://line.naver.jp/R/msg/text/? 2018年 LIMA亞洲授權業卓越大獎評審准則%0D%0Ahttp://ulicensing.udnfunlife.com/news.php?i=38
https://twitter.com/?lang=hi
https://feedburner.google.com/fb/a/home?gsessionid=KvpaUkfcYZROc0FPypA9Q_6vDzRNX6sE
https://wd.vghtpe.gov.tw/ecdt/
https://zh.wikipedia.org/wiki/%E7%93%A6%E5%8A%AA%E9%98%BF%E5%9C%96%E8%8F%AF%E4%BA%BA
https://social-plugins.line.me/lineit/share?url=https://theme.udn.com/theme/story/7490/4484098?utm_source=themelineweb%26utm_medium=share
https://hiking.biji.co
https://www.vghtpe.gov.tw/Fpage.action?muid=6466&fid=6819
https://www.feds.com.tw/tw/Shop/Index/9
https://www.chinatimes.com/realtimenews/20161026003812-260407?chdtv
https://udn.com/news/story/7241/4495239?list_ch2_index
https://running.biji.co/index.php?q=video&act=list&utm_source=UDN&utm_medium=index&utm_campaign=跑步好影片-標題
https://t.co/f9adab39Ci
https://tw.appledaily.com/headline/daily/20101106/32941955/
https://www.mirrormedia.mg/category/truth
https://story.udn.com/StoreBook.do?id=184712
https://newtalk.tw/news/view/2020-04-15/392004
http://www.unitas.me/?p=13033
https://web.archive.org/web/20200206031847/https://movie.douban.com/subject/30468961/
https://www.ctwant.com/article/46160
https://www.youtube.com/channel/UCsMREcBGKYKBaSZ1jnoWWiw
https://www.cna.com.tw/news/firstnews/201909125004.aspx
http://www.facebook.com/2389634107742197
https://newtalk.tw/news/view/2020-04-16/392158
http://hk.news.yahoo.com/港蟬聯最具競爭力經濟體-220901468.html
https://forum.ettoday.net/news/1556824
https://boba.ettoday.net/videonews/209795
https://events.ettoday.net/activity/singapore2018upload/article/22732/last
https://tw.youcard.yahoo.com/category/movie
https://pgw.udn.com.tw/gw/photo.php?u=https://uc.udn.com.tw/photo/2020/02/20/1/7494409.jpg&x=0&y=0&sw=0&sh=0&sl=W&fw=1050
https://www.hpa.gov.tw/Pages/ashx/Redirect.ashx?nodeid=120&url=http%3a%2f%2fwww.hpa.gov.tw%2fPages%2fList.aspx%3fnodeid%3d233
http://line.me/R/msg/text/?https://newtalk.tw/news/view/2020-04-16/392206%0D%0Ahttps://newtalk.tw/news/view/2020-04-16/392206
https://www.instagram.com/britishmeow/
https://archive.is/20130418213329/http://iservice.libertytimes.com.tw/liveNews/news.php?no=673958&amp;type=%E5%8D%B3%E6%99%82%E6%96%B0%E8%81%9E
https://udncollege.udn.com/4024/
http://line.naver.jp/R/msg/text/?柬普寨強大黑巫阿贊道的起背聖物奇遇%0D%0Ahttps://events.ettoday.net/activity/dalemon_horror/article/30300
https://twitter.com/newtalk_tw/status/1124152924135927810
https://feedburner.google.com/fb/a/home?gsessionid=pQBrX49wqIkUXFZpeR6Z5Deu8b3wB0uw
https://wd.vghtpe.gov.tw/fm/Fpage.action?muid=10135&amp;fid=9768
https://zh.wikipedia.org/wiki/%E7%99%BD%E9%B7%BA%E9%B7%A5%E7%9A%84%E9%A1%98%E6%9C%9B
https://social-plugins.line.me/lineit/share?url=https://theme.udn.com/theme/story/6774/4390188?utm_source=themelineweb%26utm_medium=share
https://hiking.biji.co/index.php?q=news&act=info&id=16777
https://www.vghtpe.gov.tw/Fpage.action?muid=1476&fid=1296
https://www.feds.com.tw/tw/MyAccount/FavoriteProduct
https://www.chinatimes.com/realtimenews/20160924002220-260405
https://udn.com/news/story/11311/3284227
https://running.biji.co/?q=review&utm_source=UDN&utm_medium=index&utm_campaign=網誌
https://t.co/6BbX3u8kaU
https://tw.appledaily.com/headline/daily/20140610/35883467/
https://www.mirrormedia.mg/section/people
https://opinion.udn.com/opinion/story/11373/3749495
https://newtalk.tw/news/view/2020-04-15/391619
http://www.unitas.me/?p=13530
https://web.archive.org/web/20070403153635/http://www.hko.gov.hk/cis/climahk_c.htm
https://www.ctwant.com/category/政治/人物
https://www.youtube.com/watch?v=uRv983QFLCE
https://www.cna.com.tw/news/aipl/201912280058.aspx
https://www.facebook.com/haulb/posts/1902243326478196/
https://newtalk.tw/news/tag/%E6%97%85%E9%81%8A
http://hk.news.yahoo.com/article/081024/4/8vr5.html
https://www.ettoday.net/news/20170706/960665.htm?feature=ufo&tab_id=944
https://star.ettoday.net/news/1642922
https://events.ettoday.net/activity/dalemon_Star/article/24252
https://tw.youcard.yahoo.com/cardstack/f73d7ea0-3472-11ea-905e-dbb51c05dfb5/
https://pgw.udn.com.tw/gw/photo.php?u=https://uc.udn.com.tw/photo/2020/03/05/1/7556807.jpg&x=0&y=0&sw=0&sh=0&sl=W&fw=1050
https://www.hpa.gov.tw/Pages/List.aspx?nodeid=54
http://line.me/R/msg/text/?https://newtalk.tw/news/view/2020-04-16/392194%0D%0Ahttps://newtalk.tw/news/view/2020-04-16/392194
https://www.instagram.com/p/B8tL2JwF-JS/?utm_source=ig_embed&amp;utm_campaign=loading
https://archive.is/NH8Tw
https://udncollege.udn.com/tag/%e5%a5%bd%e8%ae%80%e5%91%a8%e5%a0%b1/
http://line.naver.jp/R/msg/text/?宿霧CP值超高的百元按摩！位在鬧區的MOA MASSAGE 沒預約按不到%0D%0Ahttps://events.ettoday.net/activity/dalemon_Yummy/article/31861
https://twitter.com/EMPedsDoc/status/1250612112713531392
https://feedburner.google.com/fb/a/tos?gsessionid=TNy3RNU4fNFv0kS2soQOE6fGRpqznO_6
https://wd.vghtpe.gov.tw/doc/Fpage.action?muid=10352&amp;fid=9988
https://zh.wikipedia.org/wiki/%E9%99%88%E5%81%A5%E9%93%AD
https://social-plugins.line.me/lineit/share?text=李世偉／臺俗尚鬼：日治時期反反普度的民俗生命力 | 民俗亂彈 | 鳴人堂&url=https://opinion.udn.com/opinion/story/11373/2716381?utm_source=opinionlineweb%26utm_medium=share
https://hiking.biji.co/index.php?q=album&act=photo_list&album_id=22576
https://www.vghtpe.gov.tw/Fpage.action?muid=1495&fid=7794
https://www.feds.com.tw/tw/Search/Keyword?SearchType=firstword&amp;Keyword=W
https://www.chinatimes.com/realtimenews/20190429002223-260403?chdtv
http://udn.com/NEWS/MAINLAND/MAI3/6782263.shtml
https://running.biji.co/index.php?q=news&act=info&id=103376&utm_source=UDN&utm_medium=index&utm_campaign=熱門文章1
https://t.co/FdSCNorSC9
https://tw.news.appledaily.com/headline/daily/20070808/23711313/
https://www.mirrormedia.mg/story/20200414ent019
https://story.udn.com/StoreBook.do?id=184171
https://newtalk.tw/citizen/author/12293
http://www.unitas.me/?cat=848
https://web.archive.org/web/20181127154156/http://news.ltn.com.tw/news/politics/breakingnews/1891005
https://www.ctwant.com/category/娛樂/即時
http://chart.apis.google.com/chart?cht=qr&choe=UTF-8&chs=300x300&chl=https://www.ettoday.net/news/20200316/1668419.htm
https://www.cna.com.tw/news/amov/202003230100.aspx
https://www.facebook.com/events/1620776841370236/
https://newtalk.tw/news/view/2020-04-15/391585
http://hk.news.yahoo.com/香港蟬聯全球競爭力冠軍-211338063.html
https://www.ettoday.net/dalemon/tag/開酸
https://boba.ettoday.net/videonews/210092
https://events.ettoday.net/activity/dalemon_readbeanQQ/article/23323/last
https://movies.yahoo.com.tw/tagged/moviereview
https://pgw.udn.com.tw/gw/photo.php?u=https://uc.udn.com.tw/photo/2020/02/25/1/7513138.jpg&x=0&y=0&sw=0&sh=0&sl=W&fw=1050
https://www.hpa.gov.tw/Pages/List.aspx?nodeid=4067
https://line.me/download
https://www.instagram.com/p/BoIiUpnBabw/?taken-by=feds_tw
https://archive.today/20181128155548/https://tw.appledaily.com/new/realtime/20180527/1362124/
https://udncollege.udn.com/category/topic/counseling/
http://line.naver.jp/R/msg/text/?餐飲業職場言語霸凌%0D%0Ahttps://events.ettoday.net/activity/dalemon_readbeanQQ/article/25617
https://twitter.com/soutikBBC/status/1250614848284549120
https://feedburner.google.com/fb/a/tos?gsessionid=3ucbjKBhyP32UyvbM5TR3NOvoHj-DJ1F
https://wd.vghtpe.gov.tw/ADM/Fpage.action?muid=12049&amp;fid=11173
https://zh.wikipedia.org/wiki/%E9%A6%99%E6%B8%AF%E6%8E%88%E5%8B%B3%E5%8F%8A%E5%98%89%E7%8D%8E%E5%88%B6%E5%BA%A6
https://today.line.me/TW/pc/main/100607
https://hiking.biji.co/index.php?q=news&act=info&id=16888
https://www.vghtpe.gov.tw/vghtpe/files/PDF/thank/107年11月感謝函.pdf
https://www.feds.com.tw/tw/Shop/Index/173
https://www.chinatimes.com/realtimenews/20181109003427-260404
https://udn.com/umedia/
https://running.biji.co//index.php?q=topic&act=article&specialid=24&utm_source=UDN&utm_medium=index&utm_campaign=看更多新手專區
https://t.co/HRiTS4Plkv
https://tw.appledaily.com/new/realtime/20181129/1475333/
https://www.mirrormedia.mg/category/campaign
https://theme.udn.com/theme/story/11963/4236683
https://newtalk.tw/news/view/2020-04-15/390705
http://www.unitas.me/?cat=861
https://web.archive.org/web/20191001115430/https://www.cna.com.tw/news/firstnews/201910010220.aspx
https://www.ctwant.com/category/漂亮/時尚
https://www.youtube.com/watch?v=SNBgiesEueI
http://www.cna.com.tw/news/aipl/201405280229-1.aspx
https://www.facebook.com/sharer/sharer.php?u=http%3A%2F%2Fwww.ettoday.net%2Fdalemon%2Fpost%2F49721&amp;src=sdkpreparse
https://newtalk.tw/citizen/author/11945
http://hk.news.yahoo.com/兩岸四地競爭力香港第-114616028.html
https://www.ettoday.net/news/tag/抹黑/
https://boba.ettoday.net/video/233/616/193896
https://events.ettoday.net/activity/dalemon_work/article/23555/last
https://movies.yahoo.com.tw/movie_thisweek.html
https://pgw.udn.com.tw/gw/photo.php?u=https://uc.udn.com.tw/photo/2020/02/28/1/7528136.png&x=0&y=0&sw=0&sh=0&sl=W&fw=1050
https://www.hpa.gov.tw/Pages/List.aspx?nodeid=1409
http://line.me/R/msg/text/?https://newtalk.tw/news/view/2020-04-15/392146%0D%0Ahttps://newtalk.tw/news/view/2020-04-15/392146
https://www.instagram.com/p/BwZFlAXHM0F/
https://archive.is/20140901070912/http://udn.com/NEWS/SPORTS/SPO2/8899079.shtml
https://udncollege.udn.com/category/competition/writingcontest/
http://line.naver.jp/R/msg/text/?--東吉好放空---%0D%0Ahttps://events.ettoday.net/activity/dalemon_Yummy/article/26003
https://twitter.com/eliowa/status/1250602919679987714
http://goo.gl/cUWJx7
https://wd.vghtpe.gov.tw/ADM/Fpage.action?muid=11465&amp;fid=10774
https://zh.wikipedia.org/wiki/2017%E5%B9%B4%E6%96%B0%E5%8A%A0%E5%9D%A1%E7%BE%BD%E6%AF%9B%E7%90%83%E8%B6%85%E7%B4%9A%E8%B3%BD
https://today.line.me/tw/pc/article/%E5%A5%B3%E6%98%9F%E6%8E%8F%E7%BD%A9%E9%9C%B8%E6%B0%A3%E9%80%81%EF%BC%81%E7%A7%92%E6%8E%A5%E5%BE%8B%E5%B8%AB%E9%9B%BB%E8%A9%B1%E3%80%80%E5%A5%B9%E5%98%86%EF%BC%9A%E6%83%B3%E7%9B%A1%E4%BB%BD%E5%8A%9B%E4%B9%9F%E6%9C%89%E9%A2%A8%E9%9A%AA%EF%BC%8C%E6%8A%B1%E6%AD%89%E4%BA%86-Bl0Qqz
https://hiking.biji.co/index.php?q=trail&act=promote&id=54
http://www.vghtpe.gov.tw/vghtpe/files/PDF/%E7%BE%8E%E5%AE%B9%E9%86%AB%E5%AD%B8%E6%94%B6%E8%B2%BB%E6%A0%B8%E5%AE%9A1051021.pdf
https://www.feds.com.tw/tw/51
https://www.chinatimes.com/cn/realtimenews/20181125001076-260407
https://udn.com/news/story/7326/4362669?from=udn-referralnews_ch1004artbottom
https://running.biji.co/?q=talk&utm_source=UDN&utm_medium=index&utm_campaign=討論區
https://t.co/WV8IVv5fyb
https://tw.sports.appledaily.com/daily/20141124/36225735/
https://www.mirrormedia.mg/category/video_coverstory
https://story.udn.com/StoreBook.do?id=148288
https://newtalk.tw/news/tag/%E6%81%86%E6%B2%B3
http://www.unitas.me/?p=13503
https://web.archive.org/web/20081218102352/http://homepages.ipact.nl/~egram/skylines.html
https://www.ctwant.com/search?q=WHO
https://www.youtube.com/watch?v=OtLC5SXll7c
https://www.cna.com.tw/news/firstnews/202001215003.aspx
http://www.facebook.com/sharer.php?u=https://sports.ettoday.net/news/1689908?from=fb_share_web
https://newtalk.tw/news/tag/%E8%AC%9D%E9%87%91%E6%B2%B3
http://hk.news.yahoo.com/香港蟬聯金融發展指數榜首-045807448.html
http://travel.ettoday.net/article/1692700.htm
https://star.ettoday.net/news-focus/電視/51/4
https://events.ettoday.net/activity/dalemon_inlove/article/23574/last
