http://chart.apis.google.com/chart?cht=qr&choe=UTF-8&chs=300x300&chl=https://www.ettoday.net/news/20200521/1719685.htm?from=pc-newsshare-wechat-fixed
https://www.facebook.com/marieclaire.tw
https://www.ettoday.net/news/20200609/1733297.htm
http://chart.apis.google.com/chart?cht=qr&choe=UTF-8&chs=300x300&chl=https://www.ettoday.net/news/20200614/1730341.htm?from=pc-newsshare-wechat-fixed
https://www.facebook.com/sharer/sharer.php?u=https%3A%2F%2Fwww.ettoday.net%2Fdalemon%2Fpost%2F50755&amp;src=sdkpreparse
https://www.ettoday.net/news/20200617/1740172.htm?from=pctaglist 
http://chart.apis.google.com/chart?cht=qr&choe=UTF-8&chs=300x300&chl=https://www.ettoday.net/news/20200614/1737645.htm?from=pc-newsshare-wechat-fixed
https://www.facebook.com/sharer/sharer.php?u=https%3A%2F%2Fwww.ettoday.net%2Fdalemon%2Fpost%2F31125&amp;src=sdkpreparse
https://www.ettoday.net/news/tag/詐騙/
http://chart.apis.google.com/chart?cht=qr&choe=UTF-8&chs=300x300&chl=https://www.ettoday.net/news/20200603/1729355.htm?from=pc-newsshare-wechat-fixed
https://www.facebook.com/sharer/sharer.php?u=https%3A%2F%2Fwww.ettoday.net%2Fdalemon%2Fpost%2F48236&amp;src=sdkpreparse
https://speed.ettoday.net/news/1606797
http://chart.apis.google.com/chart?cht=qr&choe=UTF-8&chs=300x300&chl=https://www.ettoday.net/news/20191105/1573113.htm?from=pc-newsshare-wechat-fixed
https://www.facebook.com/sharer/sharer.php?u=https%3A%2F%2Fwww.ettoday.net%2Fdalemon%2Fpost%2F49233&amp;src=sdkpreparse
https://www.ettoday.net/news/20180510/1166575.htm?feature=尹食堂&tab_id=1413
http://chart.apis.google.com/chart?cht=qr&choe=UTF-8&chs=300x300&chl=https://www.ettoday.net/news/20200327/1678368.htm?from=pc-newsshare-wechat-fixed
https://www.facebook.com/sharer/sharer.php?u=https%3A%2F%2Fwww.ettoday.net%2Fdalemon%2Fpost%2F48623&amp;src=sdkpreparse
https://www.ettoday.net/news/20200322/1673506.htm
http://chart.apis.google.com/chart?cht=qr&choe=UTF-8&chs=300x300&chl=https://www.ettoday.net/news/20200615/1732802.htm?from=pc-newsshare-wechat-fixed
https://www.facebook.com/sharer/sharer.php?u=https%3A%2F%2Fwww.ettoday.net%2Fdalemon%2Fpost%2F48804&amp;src=sdkpreparse
https://www.ettoday.net/news/20200610/1734602.htm?from=pctaglist 
http://chart.apis.google.com/chart?cht=qr&choe=UTF-8&chs=300x300&chl=https://www.ettoday.net/news/20200617/1740078.htm?from=pc-newsshare-wechat-fixed
https://www.facebook.com/sharer/sharer.php?u=https://travel.ettoday.net/article/1719898.htm?from=pc-newsshare-fb
https://www.ettoday.net/news/20200611/1735141.htm
http://chart.apis.google.com/chart?cht=qr&choe=UTF-8&chs=300x300&chl=https://www.ettoday.net/news/20190609/1463743.htm?from=pc-newsshare-wechat-fixed
https://www.facebook.com/sharer/sharer.php?u=https%3A%2F%2Fwww.ettoday.net%2Fdalemon%2Fpost%2F30796&amp;src=sdkpreparse
https://www.ettoday.net/news/20200611/1735560.htm?from=pctaglist 
http://chart.apis.google.com/chart?cht=qr&choe=UTF-8&chs=300x300&chl=https://www.ettoday.net/news/20200308/1662349.htm?from=pc-newsshare-wechat-fixed
https://www.facebook.com/sharer/sharer.php?u=https%3A%2F%2Fwww.ettoday.net%2Fdalemon%2Fpost%2F48297&amp;src=sdkpreparse
https://www.ettoday.net/news/20200612/1736408.htm?from=pctaglist 
http://chart.apis.google.com/chart?cht=qr&choe=UTF-8&chs=300x300&chl=https://www.ettoday.net/news/20200617/1739674.htm?from=pc-newsshare-wechat-fixed
https://www.facebook.com/sharer/sharer.php?u=https%3A%2F%2Fwww.ettoday.net%2Fdalemon%2Fpost%2F49190&amp;src=sdkpreparse
https://www.ettoday.net/news/20200617/1739828.htm?from=pctaglist 
http://chart.apis.google.com/chart?cht=qr&choe=UTF-8&chs=300x300&chl=https://www.ettoday.net/news/20191101/1570173.htm?from=pc-newsshare-wechat-fixed
https://www.facebook.com/sharer/sharer.php?u=https%3A%2F%2Fwww.ettoday.net%2Fdalemon%2Fpost%2F50712&amp;src=sdkpreparse
https://www.ettoday.net/news/tag/5G認證/
http://chart.apis.google.com/chart?cht=qr&choe=UTF-8&chs=300x300&chl=https://www.ettoday.net/news/20200507/1709052.htm?from=pc-newsshare-wechat-fixed
https://www.facebook.com/sharer/sharer.php?u=https%3A%2F%2Fwww.ettoday.net%2Fdalemon%2Fpost%2F18469&amp;src=sdkpreparse
https://www.ettoday.net/news/tag/Xperia 1 II/
http://chart.apis.google.com/chart?cht=qr&choe=UTF-8&chs=300x300&chl=https://www.ettoday.net/news/20200605/1731153.htm?from=pc-newsshare-wechat-fixed
https://www.facebook.com/sharer/sharer.php?u=https%3A%2F%2Fwww.ettoday.net%2Fdalemon%2Fpost%2F47588&amp;src=sdkpreparse
https://www.ettoday.net/news/tag/山羌/
http://chart.apis.google.com/chart?cht=qr&choe=UTF-8&chs=300x300&chl=https://www.ettoday.net/news/20190501/1435043.htm?from=pc-newsshare-wechat-fixed
https://www.facebook.com/caramelgreen
https://www.ettoday.net/news/tag/龜山島開放觀光20周年慶/
http://chart.apis.google.com/chart?cht=qr&choe=UTF-8&chs=300x300&chl=https://www.ettoday.net/news/20200430/1703929.htm?from=pc-newsshare-wechat-fixed
https://www.facebook.com/sharer/sharer.php?u=https%3A%2F%2Fwww.ettoday.net%2Fdalemon%2Fpost%2F48579&amp;src=sdkpreparse
https://travel.ettoday.net/focus/日本旅遊/
http://chart.apis.google.com/chart?cht=qr&choe=UTF-8&chs=300x300&chl=https://www.ettoday.net/news/20200525/1722441.htm?from=pc-newsshare-wechat-fixed
https://www.facebook.com/sharer/sharer.php?u=https%3A%2F%2Fwww.ettoday.net%2Fdalemon%2Fpost%2F49424&amp;src=sdkpreparse
https://www.ettoday.net/news/20181006/1275440.htm?feature=ufo&tab_id=940
http://chart.apis.google.com/chart?cht=qr&choe=UTF-8&chs=300x300&chl=https://www.ettoday.net/news/20200615/1738121.htm?from=pc-newsshare-wechat-fixed
https://www.facebook.com/sharer/sharer.php?u=https%3A%2F%2Fwww.ettoday.net%2Fdalemon%2Fpost%2F50725&amp;src=sdkpreparse
https://www.ettoday.net/news/20191019/1560242.htm?feature=大老闆傳奇-尹衍樑&tab_id=13274
http://chart.apis.google.com/chart?cht=qr&choe=UTF-8&chs=300x300&chl=https://www.ettoday.net/news/20200616/1734387.htm?from=pc-newsshare-wechat-fixed
https://www.facebook.com/sharer/sharer.php?u=https%3A%2F%2Fwww.ettoday.net%2Fdalemon%2Fpost%2F5857&amp;src=sdkpreparse
https://www.ettoday.net/news/20200122/1630847.htm?from=feature
http://chart.apis.google.com/chart?cht=qr&choe=UTF-8&chs=300x300&chl=https://www.ettoday.net/news/20200330/1680044.htm?from=pc-newsshare-wechat-fixed
https://www.facebook.com/sharer/sharer.php?u=https%3A%2F%2Fwww.ettoday.net%2Fdalemon%2Fpost%2F50750&amp;src=sdkpreparse
https://www.ettoday.net/news/20200603/1719082.htm?from=pctaglist 
http://chart.apis.google.com/chart?cht=qr&choe=UTF-8&chs=300x300&chl=https://www.ettoday.net/news/20200603/1728804.htm?from=pc-newsshare-wechat-fixed
https://www.facebook.com/sharer/sharer.php?u=https%3A%2F%2Fwww.ettoday.net%2Fdalemon%2Fpost%2F47095&amp;src=sdkpreparse
https://www.ettoday.net/news/20200611/1735778.htm?from=pctaglist 
http://chart.apis.google.com/chart?cht=qr&choe=UTF-8&chs=300x300&chl=https://www.ettoday.net/news/20200617/1736536.htm?from=pc-newsshare-wechat-fixed
https://www.facebook.com/sharer/sharer.php?u=https%3A%2F%2Fwww.ettoday.net%2Fdalemon%2Fpost%2F50731&amp;src=sdkpreparse
https://www.ettoday.net/news/20200617/1739635.htm
http://chart.apis.google.com/chart?cht=qr&choe=UTF-8&chs=300x300&chl=https://www.ettoday.net/news/20180314/1130140.htm?from=pc-newsshare-wechat-fixed
https://www.facebook.com/sharer/sharer.php?u=https%3A%2F%2Fwww.ettoday.net%2Fdalemon%2Fpost%2F48198&amp;src=sdkpreparse
https://house.ettoday.net/news/1448718
http://chart.apis.google.com/chart?cht=qr&choe=UTF-8&chs=300x300&chl=https://www.ettoday.net/news/20191030/1568026.htm?from=pc-newsshare-wechat-fixed
https://www.facebook.com/sharer/sharer.php?u=https%3A%2F%2Fwww.ettoday.net%2Fdalemon%2Fpost%2F49223&amp;src=sdkpreparse
https://speed.ettoday.net/news/1726294
http://chart.apis.google.com/chart?cht=qr&choe=UTF-8&chs=300x300&chl=https://www.ettoday.net/news/20200613/1737138.htm?from=pc-newsshare-wechat-fixed
https://www.facebook.com/sharer/sharer.php?u=https%3A%2F%2Fwww.ettoday.net%2Fdalemon%2Fpost%2F50718&amp;src=sdkpreparse
https://www.ettoday.net/https://t.co/QFoICeOJfX
http://chart.apis.google.com/chart?cht=qr&choe=UTF-8&chs=300x300&chl=https://www.ettoday.net/news/20180204/1107101.htm?from=pc-newsshare-wechat-fixed
https://www.facebook.com/sharer/sharer.php?u=https%3A%2F%2Fwww.ettoday.net%2Fdalemon%2Fpost%2F50576&amp;src=sdkpreparse
https://www.ettoday.net/news/20170628/954738.htm?feature=ufo&tab_id=942
http://chart.apis.google.com/chart?cht=qr&choe=UTF-8&chs=300x300&chl=https://www.ettoday.net/news/20200330/1679907.htm?from=pc-newsshare-wechat-fixed
https://www.facebook.com/sharer/sharer.php?u=https%3A%2F%2Fwww.ettoday.net%2Fdalemon%2Fpost%2F50771&amp;src=sdkpreparse
https://www.ettoday.net/news/20191202/1592539.htm?from=pctaglist 
http://chart.apis.google.com/chart?cht=qr&choe=UTF-8&chs=300x300&chl=https://www.ettoday.net/news/20190430/1433755.htm?from=pc-newsshare-wechat-fixed
https://www.facebook.com/sharer/sharer.php?u=https%3A%2F%2Fwww.ettoday.net%2Fdalemon%2Fpost%2F47529&amp;src=sdkpreparse
https://www.ettoday.net/news/20200601/1726866.htm
http://chart.apis.google.com/chart?cht=qr&choe=UTF-8&chs=300x300&chl=https://www.ettoday.net/news/20200617/1738817.htm?from=pc-newsshare-wechat-fixed
https://www.facebook.com/sharer/sharer.php?u=https%3A%2F%2Fwww.ettoday.net%2Fdalemon%2Fpost%2F48669&amp;src=sdkpreparse
https://www.ettoday.net/news/tag/張世賢/
http://chart.apis.google.com/chart?cht=qr&choe=UTF-8&chs=300x300&chl=https://www.ettoday.net/news/20170424/903596.htm?from=pc-newsshare-wechat-fixed
https://www.facebook.com/sharer/sharer.php?u=https%3A%2F%2Fwww.ettoday.net%2Fdalemon%2Fpost%2F50043&amp;src=sdkpreparse
https://house.ettoday.net/focus/投資新據點/
http://chart.apis.google.com/chart?cht=qr&choe=UTF-8&chs=300x300&chl=https://www.ettoday.net/news/20200617/1739423.htm?from=pc-newsshare-wechat-fixed
https://www.facebook.com/sharer/sharer.php?u=https%3A%2F%2Fwww.ettoday.net%2Fdalemon%2Fpost%2F50644&amp;src=sdkpreparse
https://www.ettoday.net/dalemon/editor-news/142/6
http://chart.apis.google.com/chart?cht=qr&choe=UTF-8&chs=300x300&chl=https://www.ettoday.net/news/20200615/1738023.htm?from=pc-newsshare-wechat-fixed
https://www.facebook.com/sharer/sharer.php?u=https%3A%2F%2Fwww.ettoday.net%2Fdalemon%2Fpost%2F50645&amp;src=sdkpreparse
https://www.ettoday.net/dalemon/post/48805
http://chart.apis.google.com/chart?cht=qr&choe=UTF-8&chs=300x300&chl=https://www.ettoday.net/news/20200521/1719578.htm?from=pc-newsshare-wechat-fixed
https://www.facebook.com/sharer/sharer.php?u=https%3A%2F%2Fwww.ettoday.net%2Fdalemon%2Fpost%2F50729&amp;src=sdkpreparse
https://www.ettoday.net/news/20181112/1303855.htm?feature=ufo&tab_id=942
http://chart.apis.google.com/chart?cht=qr&choe=UTF-8&chs=300x300&chl=https://www.ettoday.net/news/20200504/1703797.htm?from=pc-newsshare-wechat-fixed
https://www.facebook.com/sharer/sharer.php?u=https%3A%2F%2Fwww.ettoday.net%2Fdalemon%2Fpost%2F50734&amp;src=sdkpreparse
https://www.ettoday.net/news/20200418/1693468.htm
http://chart.apis.google.com/chart?cht=qr&choe=UTF-8&chs=300x300&chl=https://www.ettoday.net/news/20200617/1740074.htm?from=pc-newsshare-wechat-fixed
https://www.facebook.com/sharer/sharer.php?u=https%3A%2F%2Fwww.ettoday.net%2Fdalemon%2Fpost%2F50739&amp;src=sdkpreparse
https://www.ettoday.net/news/20200517/1716126.htm
http://chart.apis.google.com/chart?cht=qr&choe=UTF-8&chs=300x300&chl=https://www.ettoday.net/news/20200615/1737855.htm?from=pc-newsshare-wechat-fixed
https://www.facebook.com/sharer/sharer.php?u=https%3A%2F%2Fwww.ettoday.net%2Fdalemon%2Fpost%2F47212&amp;src=sdkpreparse
https://www.ettoday.net/news/20200605/1730740.htm?from=pctaglist 
http://chart.apis.google.com/chart?cht=qr&choe=UTF-8&chs=300x300&chl=https://www.ettoday.net/news/20190906/1528675.htm?from=pc-newsshare-wechat-fixed
https://www.facebook.com/Boniubabylookstar/
https://www.ettoday.net/news/tag/watchOS 7/
http://chart.apis.google.com/chart?cht=qr&choe=UTF-8&chs=300x300&chl=https://www.ettoday.net/news/20200615/1738174.htm?from=pc-newsshare-wechat-fixed
https://www.facebook.com/sharer/sharer.php?u=https%3A%2F%2Fwww.ettoday.net%2Fdalemon%2Fpost%2F50591&amp;src=sdkpreparse
https://www.ettoday.net/news/tag/屍戰朝鮮/
http://chart.apis.google.com/chart?cht=qr&choe=UTF-8&chs=300x300&chl=https://www.ettoday.net/news/20190323/1405884.htm?from=pc-newsshare-wechat-fixed
https://www.facebook.com/ClaireWu827
https://www.ettoday.net/news/tag/日本富士通/
http://chart.apis.google.com/chart?cht=qr&choe=UTF-8&chs=300x300&chl=https://www.ettoday.net/news/20200617/1739978.htm?from=pc-newsshare-wechat-fixed
https://www.facebook.com/sharer/sharer.php?u=https%3A%2F%2Fwww.ettoday.net%2Fdalemon%2Fpost%2F45787&amp;src=sdkpreparse
https://www.ettoday.net/news/tag/林修銘/
http://chart.apis.google.com/chart?cht=qr&choe=UTF-8&chs=300x300&chl=https://www.ettoday.net/news/20200617/1734077.htm?from=pc-newsshare-wechat-fixed
https://www.facebook.com/sharer/sharer.php?u=https%3A%2F%2Fwww.ettoday.net%2Fdalemon%2Fpost%2F46844&amp;src=sdkpreparse
https://house.ettoday.net/news/1728442
http://chart.apis.google.com/chart?cht=qr&choe=UTF-8&chs=300x300&chl=https://www.ettoday.net/news/20200508/1709862.htm?from=pc-newsshare-wechat-fixed
https://www.facebook.com/sharer/sharer.php?u=https%3A%2F%2Fwww.ettoday.net%2Fdalemon%2Fpost%2F49288&amp;src=sdkpreparse
https://speed.ettoday.net/news/1735311?from=fb_extd
http://chart.apis.google.com/chart?cht=qr&choe=UTF-8&chs=300x300&chl=https://www.ettoday.net/news/20200616/1738637.htm?from=pc-newsshare-wechat-fixed
https://www.facebook.com/cofit.me/
https://www.ettoday.net/news/20190822/1518587.htm
http://chart.apis.google.com/chart?cht=qr&choe=UTF-8&chs=300x300&chl=https://www.ettoday.net/news/20190907/1528821.htm?from=pc-newsshare-wechat-fixed
https://www.facebook.com/sharer/sharer.php?u=https%3A%2F%2Fwww.ettoday.net%2Fdalemon%2Fpost%2F47773&amp;src=sdkpreparse
https://www.ettoday.net/news/20190905/1527567.htm
http://chart.apis.google.com/chart?cht=qr&choe=UTF-8&chs=300x300&chl=https://www.ettoday.net/news/20200519/1716620.htm?from=pc-newsshare-wechat-fixed
https://www.facebook.com/sharer/sharer.php?u=https%3A%2F%2Fwww.ettoday.net%2Fdalemon%2Fpost%2F50534&amp;src=sdkpreparse
https://www.ettoday.net/news/20191130/1579563.htm?from=pctaglist 
http://chart.apis.google.com/chart?cht=qr&choe=UTF-8&chs=300x300&chl=https://www.ettoday.net/news/20200617/1739730.htm?from=pc-newsshare-wechat-fixed
https://www.facebook.com/ET.Lemons
https://www.ettoday.net/news/20200423/1698723.htm?from=pctaglist 
http://chart.apis.google.com/chart?cht=qr&choe=UTF-8&chs=300x300&chl=https://www.ettoday.net/news/20200617/1740340.htm?from=pc-newsshare-wechat-fixed
https://www.facebook.com/NMgo.tw/
https://www.ettoday.net/news/20200524/1721251.htm
http://chart.apis.google.com/chart?cht=qr&choe=UTF-8&chs=300x300&chl=https://www.ettoday.net/news/20200611/1735651.htm?from=pc-newsshare-wechat-fixed
https://www.facebook.com/sharer/sharer.php?u=https%3A%2F%2Fwww.ettoday.net%2Fdalemon%2Fpost%2F30056&amp;src=sdkpreparse
https://www.ettoday.net/news/20200610/1734065.htm
http://chart.apis.google.com/chart?cht=qr&choe=UTF-8&chs=300x300&chl=https://www.ettoday.net/news/20200615/1738441.htm?from=pc-newsshare-wechat-fixed
https://www.facebook.com/sharer/sharer.php?u=https%3A%2F%2Fwww.ettoday.net%2Fdalemon%2Fpost%2F48163&amp;src=sdkpreparse
https://www.ettoday.net/news/20200617/1734077.htm?from=pctaglist 
http://chart.apis.google.com/chart?cht=qr&choe=UTF-8&chs=300x300&chl=https://www.ettoday.net/news/20200320/1671817.htm?from=pc-newsshare-wechat-fixed
https://www.facebook.com/sharer/sharer.php?u=https%3A%2F%2Fwww.ettoday.net%2Fdalemon%2Fpost%2F47131&amp;src=sdkpreparse
https://www.ettoday.net/news/tag/SOD/
http://chart.apis.google.com/chart?cht=qr&choe=UTF-8&chs=300x300&chl=https://www.ettoday.net/news/20190924/1541217.htm?from=pc-newsshare-wechat-fixed
https://www.facebook.com/sharer/sharer.php?u=https%3A%2F%2Fwww.ettoday.net%2Fdalemon%2Fpost%2F33313&amp;src=sdkpreparse
https://www.ettoday.net/news/tag/花郎/
http://chart.apis.google.com/chart?cht=qr&choe=UTF-8&chs=300x300&chl=https://www.ettoday.net/news/20191202/1590862.htm?from=pc-newsshare-wechat-fixed
https://www.facebook.com/sharer/sharer.php?u=https%3A%2F%2Fwww.ettoday.net%2Fdalemon%2Fpost%2F44589&amp;src=sdkpreparse
https://health.ettoday.net/news/1011941
http://chart.apis.google.com/chart?cht=qr&choe=UTF-8&chs=300x300&chl=https://www.ettoday.net/news/20200615/1737934.htm?from=pc-newsshare-wechat-fixed
https://www.facebook.com/sharer/sharer.php?u=https%3A%2F%2Fwww.ettoday.net%2Fdalemon%2Fpost%2F50720&amp;src=sdkpreparse
https://www.ettoday.net/news/20191203/1593193.htm
http://chart.apis.google.com/chart?cht=qr&choe=UTF-8&chs=300x300&chl=https://www.ettoday.net/news/20200614/1736271.htm?from=pc-newsshare-wechat-fixed
https://www.facebook.com/sharer/sharer.php?u=https%3A%2F%2Fwww.ettoday.net%2Fdalemon%2Fpost%2F50514&amp;src=sdkpreparse
https://www.ettoday.net/news/20200318/1670590.htm?from=pctaglist 
http://chart.apis.google.com/chart?cht=qr&choe=UTF-8&chs=300x300&chl=https://www.ettoday.net/news/20200611/1735678.htm?from=pc-newsshare-wechat-fixed
https://www.facebook.com/sharer/sharer.php?u=https%3A%2F%2Fwww.ettoday.net%2Fdalemon%2Fpost%2F47033&amp;src=sdkpreparse
https://www.ettoday.net/news/20200401/1682023.htm?from=pctaglist 
http://chart.apis.google.com/chart?cht=qr&choe=UTF-8&chs=300x300&chl=https://www.ettoday.net/news/20180321/1134502.htm?from=pc-newsshare-wechat-fixed
https://www.facebook.com/sharer/sharer.php?u=https%3A%2F%2Fwww.ettoday.net%2Fdalemon%2Fpost%2F49083&amp;src=sdkpreparse
https://www.ettoday.net/news/20200610/1734704.htm
http://chart.apis.google.com/chart?cht=qr&choe=UTF-8&chs=300x300&chl=https://www.ettoday.net/news/20180203/1106184.htm?from=pc-newsshare-wechat-fixed
https://www.facebook.com/WaMrsTrooper/
https://www.ettoday.net/news/20200616/1738771.htm?from=pctaglist 
http://chart.apis.google.com/chart?cht=qr&choe=UTF-8&chs=300x300&chl=https://www.ettoday.net/news/20200616/1738339.htm?from=pc-newsshare-wechat-fixed
https://www.facebook.com/sharer/sharer.php?u=https%3A%2F%2Fwww.ettoday.net%2Fdalemon%2Fpost%2F46288&amp;src=sdkpreparse
https://www.ettoday.net/news/tag/張宏陸/
http://chart.apis.google.com/chart?cht=qr&choe=UTF-8&chs=300x300&chl=https://www.ettoday.net/news/20200617/1740119.htm?from=pc-newsshare-wechat-fixed
https://www.facebook.com/sharer/sharer.php?u=https%3A%2F%2Fwww.ettoday.net%2Fdalemon%2Fpost%2F44896&amp;src=sdkpreparse
https://www.ettoday.net/news/tag/示威/
http://chart.apis.google.com/chart?cht=qr&choe=UTF-8&chs=300x300&chl=https://www.ettoday.net/news/20171006/1026185.htm?from=pc-newsshare-wechat-fixed
https://www.facebook.com/sharer/sharer.php?u=https%3A%2F%2Fwww.ettoday.net%2Fdalemon%2Fpost%2F50601&amp;src=sdkpreparse
https://www.ettoday.net/news/tag/總經理/
http://chart.apis.google.com/chart?cht=qr&choe=UTF-8&chs=300x300&chl=https://www.ettoday.net/news/20200616/1739018.htm?from=pc-newsshare-wechat-fixed
https://www.facebook.com/sharer/sharer.php?u=https%3A%2F%2Fwww.ettoday.net%2Fdalemon%2Fpost%2F50625&amp;src=sdkpreparse
https://health.ettoday.net/news/671397
http://chart.apis.google.com/chart?cht=qr&choe=UTF-8&chs=300x300&chl=https://www.ettoday.net/news/20200617/1739494.htm?from=pc-newsshare-wechat-fixed
https://www.facebook.com/sharer/sharer.php?u=https%3A%2F%2Fwww.ettoday.net%2Fdalemon%2Fpost%2F50415&amp;src=sdkpreparse
https://www.ettoday.net/dalemon/post/	50019	?from=pb_	ter	
http://chart.apis.google.com/chart?cht=qr&choe=UTF-8&chs=300x300&chl=https://www.ettoday.net/news/20200526/1723202.htm?from=pc-newsshare-wechat-fixed
https://www.facebook.com/sharer/sharer.php?u=https%3A%2F%2Fwww.ettoday.net%2Fdalemon%2Fpost%2F48950&amp;src=sdkpreparse
https://www.ettoday.net/news/20160305/657615.htm?feature=ufo&tab_id=944
http://chart.apis.google.com/chart?cht=qr&choe=UTF-8&chs=300x300&chl=https://www.ettoday.net/news/20200316/1668888.htm?from=pc-newsshare-wechat-fixed
https://www.facebook.com/sharer/sharer.php?u=http%3A%2F%2Fwww.ettoday.net%2Fdalemon%2Fpost%2F50776&amp;src=sdkpreparse
https://www.ettoday.net/news/20181211/1328299.htm?feature=ufo&tab_id=938
http://chart.apis.google.com/chart?cht=qr&choe=UTF-8&chs=300x300&chl=https://www.ettoday.net/news/20200613/1737298.htm?from=pc-newsshare-wechat-fixed
https://www.facebook.com/sharer/sharer.php?u=https%3A%2F%2Fwww.ettoday.net%2Fdalemon%2Fpost%2F48945&amp;src=sdkpreparse
https://www.ettoday.net/news/20200114/1625479.htm?from=pctaglist 
http://chart.apis.google.com/chart?cht=qr&choe=UTF-8&chs=300x300&chl=https://www.ettoday.net/news/20200427/1697328.htm?from=pc-newsshare-wechat-fixed
https://www.facebook.com/ETtodayHouse/
https://www.ettoday.net/news/20200522/1720195.htm?from=pctaglist 
http://chart.apis.google.com/chart?cht=qr&choe=UTF-8&chs=300x300&chl=https://www.ettoday.net/news/20200501/1701915.htm?from=pc-newsshare-wechat-fixed
https://www.facebook.com/liebecologni/
https://www.ettoday.net/news/20200601/1725975.htm?from=pctaglist 
http://chart.apis.google.com/chart?cht=qr&choe=UTF-8&chs=300x300&chl=https://www.ettoday.net/news/20200616/1738816.htm?from=pc-newsshare-wechat-fixed
https://www.facebook.com/sharer/sharer.php?u=https%3A%2F%2Fwww.ettoday.net%2Fdalemon%2Fpost%2F32168&amp;src=sdkpreparse
https://www.ettoday.net/news/20200613/1736984.htm?from=pctaglist 
http://chart.apis.google.com/chart?cht=qr&choe=UTF-8&chs=300x300&chl=https://www.ettoday.net/news/20190510/1446192.htm?from=pc-newsshare-wechat-fixed
https://www.facebook.com/sharer/sharer.php?u=https%3A%2F%2Fwww.ettoday.net%2Fdalemon%2Fpost%2F49029&amp;src=sdkpreparse
https://www.ettoday.net/news/tag/PlayStation 5/
http://chart.apis.google.com/chart?cht=qr&choe=UTF-8&chs=300x300&chl=https://www.ettoday.net/news/20170112/848119.htm?from=pc-newsshare-wechat-fixed
https://www.facebook.com/sharer/sharer.php?u=https%3A%2F%2Fwww.ettoday.net%2Fdalemon%2Fpost%2F50742&amp;src=sdkpreparse
https://www.ettoday.net/news/tag/到對岸走走/
http://chart.apis.google.com/chart?cht=qr&choe=UTF-8&chs=300x300&chl=https://www.ettoday.net/news/20200518/1713301.htm?from=pc-newsshare-wechat-fixed
https://www.facebook.com/sharer/sharer.php?u=https%3A%2F%2Fwww.ettoday.net%2Fdalemon%2Fpost%2F50670&amp;src=sdkpreparse
https://www.ettoday.net/news/tag/少棒/
http://chart.apis.google.com/chart?cht=qr&choe=UTF-8&chs=300x300&chl=https://www.ettoday.net/news/20200614/1736423.htm?from=pc-newsshare-wechat-fixed
https://www.facebook.com/sharer/sharer.php?u=http%3A%2F%2Fwww.ettoday.net%2Fdalemon%2Fpost%2F50772&amp;src=sdkpreparse
https://travel.ettoday.net/category/台南美食/?&page=7
http://chart.apis.google.com/chart?cht=qr&choe=UTF-8&chs=300x300&chl=https://www.ettoday.net/news/20200616/1738718.htm?from=pc-newsshare-wechat-fixed
https://www.facebook.com/sharer/sharer.php?u=https%3A%2F%2Fwww.ettoday.net%2Fdalemon%2Fpost%2F50735&amp;src=sdkpreparse
https://www.ettoday.net/feature/2020%E4%B8%96%E7%95%8C%E6%96%B0%E8%BB%8A%E5%A4%A7%E5%B1%95
http://chart.apis.google.com/chart?cht=qr&choe=UTF-8&chs=300x300&chl=https://www.ettoday.net/news/20190430/1434159.htm?from=pc-newsshare-wechat-fixed
https://www.facebook.com/ETtodayTRAVEL
https://www.ettoday.net/news/20180824/1243481.htm?feature=颱風&tab_id=1269
http://chart.apis.google.com/chart?cht=qr&choe=UTF-8&chs=300x300&chl=https://www.ettoday.net/news/20200507/1708749.htm?from=pc-newsshare-wechat-fixed
https://www.facebook.com/sharer/sharer.php?u=https%3A%2F%2Fwww.ettoday.net%2Fdalemon%2Fpost%2F29659&amp;src=sdkpreparse
https://www.ettoday.net/news/20181007/1275444.htm?feature=ufo&tab_id=940
http://chart.apis.google.com/chart?cht=qr&choe=UTF-8&chs=300x300&chl=https://www.ettoday.net/news/20200610/1734606.htm?from=pc-newsshare-wechat-fixed
https://www.facebook.com/sharer/sharer.php?u=https%3A%2F%2Fwww.ettoday.net%2Fdalemon%2Fpost%2F36318&amp;src=sdkpreparse
https://www.ettoday.net/news/20200602/1727610.htm?from=pctaglist 
http://chart.apis.google.com/chart?cht=qr&choe=UTF-8&chs=300x300&chl=https://www.ettoday.net/news/20161004/1542731.htm?from=pc-newsshare-wechat-fixed
https://www.facebook.com/todd.cameron.921
https://www.ettoday.net/news/20200617/1739474.htm?ercamp=sorted_hot_news
http://chart.apis.google.com/chart?cht=qr&choe=UTF-8&chs=300x300&chl=https://www.ettoday.net/news/20200603/1729306.htm?from=pc-newsshare-wechat-fixed
https://www.facebook.com/sharer/sharer.php?u=https%3A%2F%2Fwww.ettoday.net%2Fdalemon%2Fpost%2F49768&amp;src=sdkpreparse
https://speed.ettoday.net/news/1719153
http://chart.apis.google.com/chart?cht=qr&choe=UTF-8&chs=300x300&chl=https://www.ettoday.net/news/20200617/1739577.htm?from=pc-newsshare-wechat-fixed
https://www.facebook.com/sharer/sharer.php?u=https://travel.ettoday.net/article/1720079.htm?from=pc-newsshare-fb
https://www.ettoday.net/dalemon/post/50730
http://chart.apis.google.com/chart?cht=qr&choe=UTF-8&chs=300x300&chl=https://www.ettoday.net/news/20200229/1656834.htm?from=pc-newsshare-wechat-fixed
https://www.facebook.com/sharer/sharer.php?u=https%3A%2F%2Fwww.ettoday.net%2Fdalemon%2Fpost%2F50613&amp;src=sdkpreparse
https://www.ettoday.net/dalemon/tag/厲陰宅
http://chart.apis.google.com/chart?cht=qr&choe=UTF-8&chs=300x300&chl=https://www.ettoday.net/news/20200204/1637664.htm?from=pc-newsshare-wechat-fixed
https://www.facebook.com/sharer/sharer.php?u=https%3A%2F%2Fwww.ettoday.net%2Fdalemon%2Fpost%2F49778&amp;src=sdkpreparse
https://www.ettoday.net/news/20180823/1242711.htm?feature=颱風&tab_id=1269
http://chart.apis.google.com/chart?cht=qr&choe=UTF-8&chs=300x300&chl=https://www.ettoday.net/news/20191027/1566438.htm?from=pc-newsshare-wechat-fixed
https://www.facebook.com/sharer/sharer.php?u=https%3A%2F%2Fwww.ettoday.net%2Fdalemon%2Fpost%2F50574&amp;src=sdkpreparse
https://www.ettoday.net/news/20191203/1593261.htm?from=feature
http://chart.apis.google.com/chart?cht=qr&choe=UTF-8&chs=300x300&chl=https://www.ettoday.net/news/20200616/1739102.htm?from=pc-newsshare-wechat-fixed
https://www.facebook.com/sharer/sharer.php?u=https%3A%2F%2Fwww.ettoday.net%2Fdalemon%2Fpost%2F50692&amp;src=sdkpreparse
https://www.ettoday.net/news/20200401/1682076.htm
http://chart.apis.google.com/chart?cht=qr&choe=UTF-8&chs=300x300&chl=https://www.ettoday.net/news/20200608/1733193.htm?from=pc-newsshare-wechat-fixed
https://www.facebook.com/sharer/sharer.php?u=https%3A%2F%2Fwww.ettoday.net%2Fdalemon%2Fpost%2F50747&amp;src=sdkpreparse
https://www.ettoday.net/news/20200615/1737875.htm?ercamp=sorted_hot_news
http://chart.apis.google.com/chart?cht=qr&choe=UTF-8&chs=300x300&chl=https://www.ettoday.net/news/20200615/1738203.htm?from=pc-newsshare-wechat-fixed
https://www.facebook.com/sharer/sharer.php?u=https%3A%2F%2Fwww.ettoday.net%2Fdalemon%2Fpost%2F23997&amp;src=sdkpreparse
https://www.ettoday.net/news/tag/六龜/
http://chart.apis.google.com/chart?cht=qr&choe=UTF-8&chs=300x300&chl=https://www.ettoday.net/news/20200610/1734172.htm?from=pc-newsshare-wechat-fixed
https://www.facebook.com/sharer/sharer.php?u=https%3A%2F%2Fwww.ettoday.net%2Fdalemon%2Fpost%2F50575&amp;src=sdkpreparse
https://www.ettoday.net/news/tag/契爾氏/
http://chart.apis.google.com/chart?cht=qr&choe=UTF-8&chs=300x300&chl=https://www.ettoday.net/news/20200617/1739868.htm?from=pc-newsshare-wechat-fixed
https://www.facebook.com/sharer/sharer.php?u=https%3A%2F%2Fwww.ettoday.net%2Fdalemon%2Fpost%2F50616&amp;src=sdkpreparse
https://www.ettoday.net/news/tag/補貼/
http://chart.apis.google.com/chart?cht=qr&choe=UTF-8&chs=300x300&chl=https://www.ettoday.net/news/20200615/1738018.htm?from=pc-newsshare-wechat-fixed
https://www.facebook.com/sharer/sharer.php?u=https%3A%2F%2Fwww.ettoday.net%2Fdalemon%2Fpost%2F50723&amp;src=sdkpreparse
https://health.ettoday.net/category/醫藥新聞/2
http://chart.apis.google.com/chart?cht=qr&choe=UTF-8&chs=300x300&chl=https://www.ettoday.net/news/20200611/1735201.htm?from=pc-newsshare-wechat-fixed
https://www.facebook.com/sharer/sharer.php?u=http%3A%2F%2Fwww.ettoday.net%2Fdalemon%2Fpost%2F48989&amp;src=sdkpreparse
https://www.ettoday.net/dalemon/post/48742
http://chart.apis.google.com/chart?cht=qr&choe=UTF-8&chs=300x300&chl=https://www.ettoday.net/news/20200615/1737637.htm?from=pc-newsshare-wechat-fixed
https://www.facebook.com/sharer/sharer.php?u=https%3A%2F%2Fwww.ettoday.net%2Fdalemon%2Fpost%2F50732&amp;src=sdkpreparse
https://www.ettoday.net/news/20190421/1426972.htm?from=pctaglist 
http://chart.apis.google.com/chart?cht=qr&choe=UTF-8&chs=300x300&chl=https://www.ettoday.net/news/20200617/1739431.htm?from=pc-newsshare-wechat-fixed
https://www.facebook.com/ETBNS?fref=nf
https://www.ettoday.net/news/20200617/1734078.htm
http://chart.apis.google.com/chart?cht=qr&choe=UTF-8&chs=300x300&chl=https://www.ettoday.net/news/20180219/1092808.htm?from=pc-newsshare-wechat-fixed
https://www.facebook.com/sharer/sharer.php?u=https%3A%2F%2Fwww.ettoday.net%2Fdalemon%2Fpost%2F50584&amp;src=sdkpreparse
https://forum.ettoday.net/news/1733547
http://chart.apis.google.com/chart?cht=qr&choe=UTF-8&chs=300x300&chl=https://www.ettoday.net/news/20200617/1740194.htm?from=pc-newsshare-wechat-fixed
https://www.facebook.com/sharer/sharer.php?u=https%3A%2F%2Fwww.ettoday.net%2Fdalemon%2Fpost%2F50631&amp;src=sdkpreparse
https://health.ettoday.net/news/1247533
http://chart.apis.google.com/chart?cht=qr&choe=UTF-8&chs=300x300&chl=https://www.ettoday.net/news/20200615/1736486.htm?from=pc-newsshare-wechat-fixed
https://www.facebook.com/ETBaseball/?fref=ts
https://www.ettoday.net/feature/ufo/944/2
http://chart.apis.google.com/chart?cht=qr&choe=UTF-8&chs=300x300&chl=https://www.ettoday.net/news/20200611/1735470.htm?from=pc-newsshare-wechat-fixed
https://www.facebook.com/sharer/sharer.php?u=https%3A%2F%2Fwww.ettoday.net%2Fdalemon%2Fpost%2F47980&amp;src=sdkpreparse
https://www.ettoday.net/news/20160815/755979.htm?feature=ufo&tab_id=945
http://chart.apis.google.com/chart?cht=qr&choe=UTF-8&chs=300x300&chl=https://www.ettoday.net/news/20200609/1733918.htm?from=pc-newsshare-wechat-fixed
https://www.facebook.com/sharer/sharer.php?u=http%3A%2F%2Fwww.ettoday.net%2Fdalemon%2Fpost%2F47979&amp;src=sdkpreparse
https://www.ettoday.net/news/20181030/1290371.htm?from=feature
http://chart.apis.google.com/chart?cht=qr&choe=UTF-8&chs=300x300&chl=https://www.ettoday.net/news/20200609/1733352.htm?from=pc-newsshare-wechat-fixed
https://www.facebook.com/sharer/sharer.php?u=https%3A%2F%2Fwww.ettoday.net%2Fdalemon%2Fpost%2F50744&amp;src=sdkpreparse
https://www.ettoday.net/news/20190430/1434099.htm
http://chart.apis.google.com/chart?cht=qr&choe=UTF-8&chs=300x300&chl=https://www.ettoday.net/news/20200317/1669951.htm?from=pc-newsshare-wechat-fixed
https://www.facebook.com/sharer/sharer.php?u=https%3A%2F%2Fwww.ettoday.net%2Fdalemon%2Fpost%2F50532&amp;src=sdkpreparse
https://www.ettoday.net/news/20190730/1501563.htm
http://chart.apis.google.com/chart?cht=qr&choe=UTF-8&chs=300x300&chl=https://www.ettoday.net/news/20200301/1657090.htm?from=pc-newsshare-wechat-fixed
https://www.facebook.com/sharer/sharer.php?u=https://travel.ettoday.net/article/1427623.htm?from=pc-newsshare-fb
https://www.ettoday.net/news/20191126/1587794.htm
http://chart.apis.google.com/chart?cht=qr&choe=UTF-8&chs=300x300&chl=https://www.ettoday.net/news/20200617/1739953.htm?from=pc-newsshare-wechat-fixed
https://www.facebook.com/sharer/sharer.php?u=http%3A%2F%2Fwww.ettoday.net%2Fdalemon%2Fpost%2F34673&amp;src=sdkpreparse
https://www.ettoday.net/news/20200120/1629897.htm
http://chart.apis.google.com/chart?cht=qr&choe=UTF-8&chs=300x300&chl=https://www.ettoday.net/news/20200602/1728491.htm?from=pc-newsshare-wechat-fixed
https://www.facebook.com/sharer/sharer.php?u=https%3A%2F%2Fwww.ettoday.net%2Fdalemon%2Fpost%2F50761&amp;src=sdkpreparse
https://www.ettoday.net/news/20200316/1668914.htm
http://chart.apis.google.com/chart?cht=qr&choe=UTF-8&chs=300x300&chl=https://www.ettoday.net/news/20200206/1639476.htm?from=pc-newsshare-wechat-fixed
https://www.facebook.com/sharer/sharer.php?u=https%3A%2F%2Fwww.ettoday.net%2Fdalemon%2Fpost%2F45448&amp;src=sdkpreparse
https://www.ettoday.net/news/20200531/1726738.htm?from=pctaglist 
http://chart.apis.google.com/chart?cht=qr&choe=UTF-8&chs=300x300&chl=https://www.ettoday.net/news/20200409/1687850.htm?from=pc-newsshare-wechat-fixed
https://www.facebook.com/sharer/sharer.php?u=https%3A%2F%2Fwww.ettoday.net%2Fdalemon%2Fpost%2F47032&amp;src=sdkpreparse
https://www.ettoday.net/news/20200607/1732047.htm?from=pctaglist 
http://chart.apis.google.com/chart?cht=qr&choe=UTF-8&chs=300x300&chl=https://www.ettoday.net/news/20200616/1739007.htm?from=pc-newsshare-wechat-fixed
https://www.facebook.com/sharer/sharer.php?u=https%3A%2F%2Fwww.ettoday.net%2Fdalemon%2Fpost%2F48182&amp;src=sdkpreparse
https://www.ettoday.net/news/20200617/1740259.htm
http://chart.apis.google.com/chart?cht=qr&choe=UTF-8&chs=300x300&chl=https://www.ettoday.net/news/20200609/1733719.htm?from=pc-newsshare-wechat-fixed
https://www.facebook.com/sharer/sharer.php?u=http%3A%2F%2Fwww.ettoday.net%2Fdalemon%2Fpost%2F50655&amp;src=sdkpreparse
https://www.ettoday.net/news/20200617/1740306.htm
http://chart.apis.google.com/chart?cht=qr&choe=UTF-8&chs=300x300&chl=https://www.ettoday.net/news/20190502/1435721.htm?from=pc-newsshare-wechat-fixed
https://www.facebook.com/sharer/sharer.php?u=https%3A%2F%2Fwww.ettoday.net%2Fdalemon%2Fpost%2F48770&amp;src=sdkpreparse
https://www.ettoday.net/news/tag/新聞/
http://chart.apis.google.com/chart?cht=qr&choe=UTF-8&chs=300x300&chl=https://www.ettoday.net/news/20200529/1725789.htm?from=pc-newsshare-wechat-fixed
https://www.facebook.com/sharer/sharer.php?u=https%3A%2F%2Fwww.ettoday.net%2Fdalemon%2Fpost%2F28936&amp;src=sdkpreparse
http://www.ettoday.net/changeReadType.php?rtype=0&rurl=http%3A%2F%2Fwww.ettoday.net%2Fnews%2F20191125%2F1587459.htm%3Ffeature%3D%E6%88%B4%E8%B3%87%E7%A9%8E%26tab_id%3D1236
http://chart.apis.google.com/chart?cht=qr&choe=UTF-8&chs=300x300&chl=https://www.ettoday.net/news/20200331/1680932.htm?from=pc-newsshare-wechat-fixed
https://www.facebook.com/sharer/sharer.php?u=https%3A%2F%2Fwww.ettoday.net%2Fdalemon%2Fpost%2F48536&amp;src=sdkpreparse
https://travel.ettoday.net/category/高雄美食/
http://chart.apis.google.com/chart?cht=qr&choe=UTF-8&chs=300x300&chl=https://www.ettoday.net/news/20200609/1733496.htm?from=pc-newsshare-wechat-fixed
https://www.facebook.com/sharer/sharer.php?u=https%3A%2F%2Fwww.ettoday.net%2Fdalemon%2Fpost%2F48889&amp;src=sdkpreparse
https://www.ettoday.net/dalemon/tag/假面/4
http://chart.apis.google.com/chart?cht=qr&choe=UTF-8&chs=300x300&chl=https://www.ettoday.net/news/20200615/1737950.htm?from=pc-newsshare-wechat-fixed
https://www.facebook.com/sharer/sharer.php?u=https://travel.ettoday.net/article/1677805.htm?from=pc-newsshare-fb
https://www.ettoday.net/feature/%E6%96%87%E9%87%91%E6%9C%83
http://chart.apis.google.com/chart?cht=qr&choe=UTF-8&chs=300x300&chl=https://www.ettoday.net/news/20200214/1644133.htm?from=pc-newsshare-wechat-fixed
https://www.facebook.com/iwcraptor/
https://www.ettoday.net/news/20190708/1485154.htm
http://chart.apis.google.com/chart?cht=qr&choe=UTF-8&chs=300x300&chl=https://www.ettoday.net/news/20200610/1734195.htm?from=pc-newsshare-wechat-fixed
https://www.facebook.com/sharer/sharer.php?u=https://travel.ettoday.net/article/1677461.htm?from=pc-newsshare-fb
https://www.ettoday.net/news/20191129/1591001.htm?from=feature
http://chart.apis.google.com/chart?cht=qr&choe=UTF-8&chs=300x300&chl=https://www.ettoday.net/news/20200617/1739939.htm?from=pc-newsshare-wechat-fixed
https://www.facebook.com/sharer/sharer.php?u=https%3A%2F%2Fwww.ettoday.net%2Fdalemon%2Fpost%2F48067&amp;src=sdkpreparse
https://www.ettoday.net/news/20200605/1730918.htm?from=pctaglist 
http://chart.apis.google.com/chart?cht=qr&choe=UTF-8&chs=300x300&chl=https://www.ettoday.net/news/20200617/1739748.htm?from=pc-newsshare-wechat-fixed
https://www.facebook.com/sharer/sharer.php?u=https%3A%2F%2Fwww.ettoday.net%2Fdalemon%2Fpost%2F50579&amp;src=sdkpreparse
https://www.ettoday.net/news/20200611/1735504.htm?from=pctaglist 
http://chart.apis.google.com/chart?cht=qr&choe=UTF-8&chs=300x300&chl=https://www.ettoday.net/news/20200617/1740255.htm?from=pc-newsshare-wechat-fixed
https://www.facebook.com/sharer/sharer.php?u=https%3A%2F%2Fwww.ettoday.net%2Fdalemon%2Fpost%2F43229&amp;src=sdkpreparse
https://www.ettoday.net/news/focus/3C家電/家電/
http://chart.apis.google.com/chart?cht=qr&choe=UTF-8&chs=300x300&chl=https://www.ettoday.net/news/20181206/1324499.htm?from=pc-newsshare-wechat-fixed
https://www.facebook.com/sharer/sharer.php?u=https%3A%2F%2Fwww.ettoday.net%2Fdalemon%2Fpost%2F50059&amp;src=sdkpreparse
https://www.ettoday.net/news/tag/Kiehl’s/
http://chart.apis.google.com/chart?cht=qr&choe=UTF-8&chs=300x300&chl=https://www.ettoday.net/news/20200616/1738704.htm?from=pc-newsshare-wechat-fixed
https://www.facebook.com/sharer/sharer.php?u=https%3A%2F%2Fwww.ettoday.net%2Fdalemon%2Fpost%2F45884&amp;src=sdkpreparse
https://www.ettoday.net/news/tag/TWICE/
http://chart.apis.google.com/chart?cht=qr&choe=UTF-8&chs=300x300&chl=https://www.ettoday.net/news/20151218/615209.htm?from=pc-newsshare-wechat-fixed
https://www.facebook.com/sharer/sharer.php?u=https%3A%2F%2Fwww.ettoday.net%2Fdalemon%2Fpost%2F50590&amp;src=sdkpreparse
https://speed.ettoday.net/focus/國內車市
http://chart.apis.google.com/chart?cht=qr&choe=UTF-8&chs=300x300&chl=https://www.ettoday.net/news/20200608/1733032.htm?from=pc-newsshare-wechat-fixed
https://www.facebook.com/sharer/sharer.php?u=https%3A%2F%2Fwww.ettoday.net%2Fdalemon%2Fpost%2F50609&amp;src=sdkpreparse
https://www.ettoday.net/dalemon/post/47924
http://chart.apis.google.com/chart?cht=qr&choe=UTF-8&chs=300x300&chl=https://www.ettoday.net/news/20190621/1470563.htm?from=pc-newsshare-wechat-fixed
https://www.facebook.com/sharer/sharer.php?u=https%3A%2F%2Fwww.ettoday.net%2Fdalemon%2Fpost%2F48805&amp;src=sdkpreparse
https://www.ettoday.net/dalemon/post/48493
http://chart.apis.google.com/chart?cht=qr&choe=UTF-8&chs=300x300&chl=https://www.ettoday.net/news/20180116/1094277.htm?from=pc-newsshare-wechat-fixed
https://www.facebook.com/sharer/sharer.php?u=https%3A%2F%2Fwww.ettoday.net%2Fdalemon%2Fpost%2F50186&amp;src=sdkpreparse
https://www.ettoday.net/news/20191009/1553617.htm?from=pctaglist 
http://chart.apis.google.com/chart?cht=qr&choe=UTF-8&chs=300x300&chl=https://www.ettoday.net/news/20180311/1128158.htm?from=pc-newsshare-wechat-fixed
https://www.facebook.com/sharer/sharer.php?u=https%3A%2F%2Fwww.ettoday.net%2Fdalemon%2Fpost%2F49209&amp;src=sdkpreparse
https://www.ettoday.net/news/20200211/1642788.htm?from=pctaglist 
http://chart.apis.google.com/chart?cht=qr&choe=UTF-8&chs=300x300&chl=https://www.ettoday.net/news/20200613/1736994.htm?from=pc-newsshare-wechat-fixed
https://www.facebook.com/sharer/sharer.php?u=https%3A%2F%2Fwww.facebook.com%2FETtodayPETS%2F&amp;src=sdkpreparse
https://www.ettoday.net/news/20200605/1731060.htm
http://chart.apis.google.com/chart?cht=qr&choe=UTF-8&chs=300x300&chl=https://www.ettoday.net/news/20200616/1739184.htm?from=pc-newsshare-wechat-fixed
https://www.facebook.com/sharer/sharer.php?u=https%3A%2F%2Fwww.ettoday.net%2Fdalemon%2Fpost%2F48200&amp;src=sdkpreparse
https://www.ettoday.net/news/20200609/1733373.htm?from=pctaglist 
http://chart.apis.google.com/chart?cht=qr&choe=UTF-8&chs=300x300&chl=https://www.ettoday.net/news/20200604/1729781.htm?from=pc-newsshare-wechat-fixed
https://www.facebook.com/sharer/sharer.php?u=https%3A%2F%2Fwww.ettoday.net%2Fdalemon%2Fpost%2F47116&amp;src=sdkpreparse
https://www.ettoday.net/news/20200610/1734364.htm?from=pctaglist 
http://chart.apis.google.com/chart?cht=qr&choe=UTF-8&chs=300x300&chl=https://www.ettoday.net/news/20190823/1516537.htm?from=pc-newsshare-wechat-fixed
https://www.facebook.com/sharer/sharer.php?u=https%3A%2F%2Fwww.ettoday.net%2Fdalemon%2Fpost%2F49287&amp;src=sdkpreparse
https://www.ettoday.net/news/20200616/1739409.htm?ercamp=sorted_hot_news
http://chart.apis.google.com/chart?cht=qr&choe=UTF-8&chs=300x300&chl=https://www.ettoday.net/news/20200602/1728324.htm?from=pc-newsshare-wechat-fixed
https://www.facebook.com/tsaichengyuan/
https://www.ettoday.net/news/20200617/1739522.htm?ercamp=sorted_hot_news
http://chart.apis.google.com/chart?cht=qr&choe=UTF-8&chs=300x300&chl=https://www.ettoday.net/news/20200617/1739821.htm?from=pc-newsshare-wechat-fixed
https://www.facebook.com/ETtodayPETS/
https://www.ettoday.net/news/tag/iPhone SE/
http://chart.apis.google.com/chart?cht=qr&choe=UTF-8&chs=300x300&chl=https://www.ettoday.net/news/20200616/1739232.htm?from=pc-newsshare-wechat-fixed
https://www.facebook.com/sharer/sharer.php?u=https%3A%2F%2Fwww.ettoday.net%2Fdalemon%2Fpost%2F50622&amp;src=sdkpreparse
https://www.ettoday.net/news/tag/台灣萊雅/
http://chart.apis.google.com/chart?cht=qr&choe=UTF-8&chs=300x300&chl=https://www.ettoday.net/news/20200616/1739350.htm?from=pc-newsshare-wechat-fixed
https://www.facebook.com/sharer/sharer.php?u=https%3A%2F%2Fwww.ettoday.net%2Fdalemon%2Fpost%2F48294&amp;src=sdkpreparse
https://www.ettoday.net/news/tag/大樓/
http://chart.apis.google.com/chart?cht=qr&choe=UTF-8&chs=300x300&chl=https://www.ettoday.net/news/20200525/1721933.htm?from=pc-newsshare-wechat-fixed
https://www.facebook.com/sharer/sharer.php?u=https%3A%2F%2Fwww.ettoday.net%2Fdalemon%2Fpost%2F50660&amp;src=sdkpreparse
https://www.ettoday.net/news/tag/彩妝/
http://chart.apis.google.com/chart?cht=qr&choe=UTF-8&chs=300x300&chl=https://www.ettoday.net/news/20200617/1740061.htm?from=pc-newsshare-wechat-fixed
https://www.facebook.com/sharer/sharer.php?u=https%3A%2F%2Fwww.ettoday.net%2Fdalemon%2Fpost%2F50649&amp;src=sdkpreparse
https://www.ettoday.net/news/tag/王晉禮/
http://chart.apis.google.com/chart?cht=qr&choe=UTF-8&chs=300x300&chl=https://www.ettoday.net/news/20200429/1702517.htm?from=pc-newsshare-wechat-fixed
https://www.facebook.com/sharer/sharer.php?u=https%3A%2F%2Fwww.ettoday.net%2Fdalemon%2Fpost%2F48213&amp;src=sdkpreparse
https://forum.ettoday.net/column/news/錢世傑
http://chart.apis.google.com/chart?cht=qr&choe=UTF-8&chs=300x300&chl=https://www.ettoday.net/news/20200614/1737550.htm?from=pc-newsshare-wechat-fixed
https://www.facebook.com/sharer/sharer.php?u=https%3A%2F%2Fwww.ettoday.net%2Fdalemon%2Fpost%2F48742&amp;src=sdkpreparse
https://forum.ettoday.net/news/1734470
http://chart.apis.google.com/chart?cht=qr&choe=UTF-8&chs=300x300&chl=https://www.ettoday.net/news/20200617/1740289.htm?from=pc-newsshare-wechat-fixed
https://www.facebook.com/sharer/sharer.php?u=https%3A%2F%2Fwww.ettoday.net%2Fdalemon%2Fpost%2F50456&amp;src=sdkpreparse
https://forum.ettoday.net/news/1735546
http://chart.apis.google.com/chart?cht=qr&choe=UTF-8&chs=300x300&chl=https://www.ettoday.net/news/20200401/1681063.htm?from=pc-newsshare-wechat-fixed
https://www.facebook.com/sharer/sharer.php?u=https%3A%2F%2Fwww.ettoday.net%2Fdalemon%2Fpost%2F48892&amp;src=sdkpreparse
https://forum.ettoday.net/news/1738723
http://chart.apis.google.com/chart?cht=qr&choe=UTF-8&chs=300x300&chl=https://www.ettoday.net/news/20200212/1643855.htm?from=pc-newsshare-wechat-fixed
https://www.facebook.com/sharer/sharer.php?u=https%3A%2F%2Fwww.ettoday.net%2Fdalemon%2Fpost%2F48653&amp;src=sdkpreparse
https://www.ettoday.net/news/20190318/1401721.htm?from=pctaglist 
http://chart.apis.google.com/chart?cht=qr&choe=UTF-8&chs=300x300&chl=https://www.ettoday.net/news/20200521/1719349.htm?from=pc-newsshare-wechat-fixed
https://www.facebook.com/sharer/sharer.php?u=https%3A%2F%2Fwww.ettoday.net%2Fdalemon%2Fpost%2F49181&amp;src=sdkpreparse
https://www.ettoday.net/news/20190425/1430495.htm?from=pctaglist 
http://chart.apis.google.com/chart?cht=qr&choe=UTF-8&chs=300x300&chl=https://www.ettoday.net/news/20200617/1739832.htm?from=pc-newsshare-wechat-fixed
https://www.facebook.com/sharer/sharer.php?u=https%3A%2F%2Fwww.ettoday.net%2Fdalemon%2Fpost%2F49185&amp;src=sdkpreparse
https://www.ettoday.net/news/20200611/1733797.htm
http://chart.apis.google.com/chart?cht=qr&choe=UTF-8&chs=300x300&chl=https://www.ettoday.net/news/20200617/1739892.htm?from=pc-newsshare-wechat-fixed
https://www.facebook.com/sharer/sharer.php?u=https%3A%2F%2Fwww.ettoday.net%2Fdalemon%2Fpost%2F50529&amp;src=sdkpreparse
https://www.ettoday.net/news/20200614/1737567.htm
http://chart.apis.google.com/chart?cht=qr&choe=UTF-8&chs=300x300&chl=https://www.ettoday.net/news/20200615/1738232.htm?from=pc-newsshare-wechat-fixed
https://www.facebook.com/sharer/sharer.php?u=https%3A%2F%2Fwww.ettoday.net%2Fdalemon%2Fpost%2F49192&amp;src=sdkpreparse
https://www.ettoday.net/news/20200617/1739795.htm
http://chart.apis.google.com/chart?cht=qr&choe=UTF-8&chs=300x300&chl=https://www.ettoday.net/news/20200617/1739592.htm?from=pc-newsshare-wechat-fixed
https://www.facebook.com/ETtoday88
https://www.ettoday.net/news/20200617/1740037.htm
http://chart.apis.google.com/chart?cht=qr&choe=UTF-8&chs=300x300&chl=https://www.ettoday.net/news/20161204/823426.htm?from=pc-newsshare-wechat-fixed
https://www.facebook.com/sharer/sharer.php?u=https%3A%2F%2Fwww.ettoday.net%2Fdalemon%2Fpost%2F33575&amp;src=sdkpreparse
https://forum.ettoday.net/search.phtml?keyword=美國
http://chart.apis.google.com/chart?cht=qr&choe=UTF-8&chs=300x300&chl=https://www.ettoday.net/news/20200616/1739030.htm?from=pc-newsshare-wechat-fixed
https://www.facebook.com/sharer/sharer.php?u=https%3A%2F%2Fwww.ettoday.net%2Fdalemon%2Fpost%2F50659&amp;src=sdkpreparse
https://www.ettoday.net/news/20160702/727397.htm?feature=ufo&tab_id=942
http://chart.apis.google.com/chart?cht=qr&choe=UTF-8&chs=300x300&chl=https://www.ettoday.net/news/20200615/1736631.htm?from=pc-newsshare-wechat-fixed
https://www.facebook.com/ETtodaySPEED
https://www.ettoday.net/news/20180612/1189169.htm
http://chart.apis.google.com/chart?cht=qr&choe=UTF-8&chs=300x300&chl=https://www.ettoday.net/news/20191022/1562407.htm?from=pc-newsshare-wechat-fixed
https://www.facebook.com/sharer/sharer.php?u=https%3A%2F%2Fwww.ettoday.net%2Fdalemon%2Fpost%2F48699&amp;src=sdkpreparse
https://www.ettoday.net/news/20181115/1306822.htm?from=pctaglist 
http://chart.apis.google.com/chart?cht=qr&choe=UTF-8&chs=300x300&chl=https://www.ettoday.net/news/20200219/1649365.htm?from=pc-newsshare-wechat-fixed
https://www.facebook.com/sharer/sharer.php?u=https%3A%2F%2Fwww.ettoday.net%2Fdalemon%2Fpost%2F49925&amp;src=sdkpreparse
https://www.ettoday.net/news/20190913/1534782.htm
http://chart.apis.google.com/chart?cht=qr&choe=UTF-8&chs=300x300&chl=https://www.ettoday.net/news/20200517/1716250.htm?from=pc-newsshare-wechat-fixed
https://www.facebook.com/sharer/sharer.php?u=https%3A%2F%2Fwww.ettoday.net%2Fdalemon%2Fpost%2F50617&amp;src=sdkpreparse
https://www.ettoday.net/news/20191020/1560825.htm
http://chart.apis.google.com/chart?cht=qr&choe=UTF-8&chs=300x300&chl=https://www.ettoday.net/news/20190707/1484341.htm?from=pc-newsshare-wechat-fixed
https://www.facebook.com/sharer/sharer.php?u=https%3A%2F%2Fwww.ettoday.net%2Fdalemon%2Fpost%2F47002&amp;src=sdkpreparse
https://www.ettoday.net/news/20191029/1567875.htm?feature=大老闆傳奇-尹衍樑&tab_id=13274
http://chart.apis.google.com/chart?cht=qr&choe=UTF-8&chs=300x300&chl=https://www.ettoday.net/news/20200326/1674710.htm?from=pc-newsshare-wechat-fixed
https://www.facebook.com/sharer/sharer.php?u=https%3A%2F%2Fwww.ettoday.net%2Fdalemon%2Fpost%2F7330&amp;src=sdkpreparse
https://www.ettoday.net/news/20200412/1689430.htm?from=pctaglist 
http://chart.apis.google.com/chart?cht=qr&choe=UTF-8&chs=300x300&chl=https://www.ettoday.net/news/20200612/1736177.htm?from=pc-newsshare-wechat-fixed
https://www.facebook.com/sharer/sharer.php?u=https%3A%2F%2Fwww.ettoday.net%2Fdalemon%2Fpost%2F28682&amp;src=sdkpreparse
https://www.ettoday.net/news/20200615/1737771.htm?from=pctaglist 
http://chart.apis.google.com/chart?cht=qr&choe=UTF-8&chs=300x300&chl=https://www.ettoday.net/news/20200616/1739110.htm?from=pc-newsshare-wechat-fixed
https://www.facebook.com/sharer/sharer.php?u=https%3A%2F%2Fwww.ettoday.net%2Fdalemon%2Fpost%2F50778&amp;src=sdkpreparse
https://www.ettoday.net/news/20200616/1739225.htm?ercamp=sorted_hot_news
http://chart.apis.google.com/chart?cht=qr&choe=UTF-8&chs=300x300&chl=https://www.ettoday.net/news/20200610/1734283.htm?from=pc-newsshare-wechat-fixed
https://www.facebook.com/sharer/sharer.php?u=https%3A%2F%2Fwww.ettoday.net%2Fdalemon%2Fpost%2F6350&amp;src=sdkpreparse
https://www.ettoday.net/news/tag/NANA I/
http://chart.apis.google.com/chart?cht=qr&choe=UTF-8&chs=300x300&chl=https://www.ettoday.net/news/20191231/1614560.htm?from=pc-newsshare-wechat-fixed
https://www.facebook.com/profile.php?id=100000415925071
https://house.ettoday.net/news/1711606
http://chart.apis.google.com/chart?cht=qr&choe=UTF-8&chs=300x300&chl=https://www.ettoday.net/news/20191228/1612174.htm?from=pc-newsshare-wechat-fixed
https://www.facebook.com/sharer/sharer.php?u=https%3A%2F%2Fwww.ettoday.net%2Fdalemon%2Fpost%2F50714&amp;src=sdkpreparse
https://house.ettoday.net/search.php?keywords=拍定
http://chart.apis.google.com/chart?cht=qr&choe=UTF-8&chs=300x300&chl=https://www.ettoday.net/news/20200428/1701487.htm?from=pc-newsshare-wechat-fixed
https://www.facebook.com/sharer/sharer.php?u=https%3A%2F%2Fwww.ettoday.net%2Fdalemon%2Fpost%2F49115&amp;src=sdkpreparse
https://travel.ettoday.net/category/彩繪村/
http://chart.apis.google.com/chart?cht=qr&choe=UTF-8&chs=300x300&chl=https://www.ettoday.net/news/20181121/1312136.htm?from=pc-newsshare-wechat-fixed
https://www.facebook.com/About.Aylin/?ref=page_internal
https://www.ettoday.net/feature/ufo/939?tt=外星人
http://chart.apis.google.com/chart?cht=qr&choe=UTF-8&chs=300x300&chl=https://www.ettoday.net/news/20191020/1560923.htm?from=pc-newsshare-wechat-fixed
https://www.facebook.com/sharer/sharer.php?u=https%3A%2F%2Fwww.ettoday.net%2Fdalemon%2Fpost%2F47672&amp;src=sdkpreparse
https://www.ettoday.net/news/20180516/1170046.htm?feature=尹食堂&tab_id=1413
http://chart.apis.google.com/chart?cht=qr&choe=UTF-8&chs=300x300&chl=https://www.ettoday.net/news/20200425/1698902.htm?from=pc-newsshare-wechat-fixed
https://www.facebook.com/sharer/sharer.php?u=https%3A%2F%2Fwww.ettoday.net%2Fdalemon%2Fpost%2F42505&amp;src=sdkpreparse
https://www.ettoday.net/news/20200118/1628503.htm
http://chart.apis.google.com/chart?cht=qr&choe=UTF-8&chs=300x300&chl=https://www.ettoday.net/news/20191127/1589415.htm?from=pc-newsshare-wechat-fixed
https://www.facebook.com/ETtodayHEALTH
https://www.ettoday.net/news/20200519/1717325.htm
http://chart.apis.google.com/chart?cht=qr&choe=UTF-8&chs=300x300&chl=https://www.ettoday.net/news/20200226/1654802.htm?from=pc-newsshare-wechat-fixed
https://www.facebook.com/sharer/sharer.php?u=https%3A%2F%2Fwww.ettoday.net%2Fdalemon%2Fpost%2F50716&amp;src=sdkpreparse
https://www.ettoday.net/news/20200602/1728468.htm?from=pctaglist 
http://chart.apis.google.com/chart?cht=qr&choe=UTF-8&chs=300x300&chl=https://www.ettoday.net/news/20200610/1734155.htm?from=pc-newsshare-wechat-fixed
https://www.facebook.com/sharer/sharer.php?u=https%3A%2F%2Fwww.ettoday.net%2Fdalemon%2Fpost%2F50740&amp;src=sdkpreparse
https://www.ettoday.net/news/20200615/1737847.htm
http://chart.apis.google.com/chart?cht=qr&choe=UTF-8&chs=300x300&chl=https://www.ettoday.net/news/20200122/1631515.htm?from=pc-newsshare-wechat-fixed
https://www.facebook.com/sharer/sharer.php?u=https%3A%2F%2Fwww.ettoday.net%2Fdalemon%2Fpost%2F47832&amp;src=sdkpreparse
https://www.ettoday.net/news/20200617/1740003.htm
http://chart.apis.google.com/chart?cht=qr&choe=UTF-8&chs=300x300&chl=https://www.ettoday.net/news/20200403/1683375.htm?from=pc-newsshare-wechat-fixed
https://www.facebook.com/twtybbs/
https://www.ettoday.net/news/20180615/1191718.htm?ercamp=sorted_hot_news
http://chart.apis.google.com/chart?cht=qr&choe=UTF-8&chs=300x300&chl=https://www.ettoday.net/news/20200617/1740054.htm?from=pc-newsshare-wechat-fixed
https://www.facebook.com/thetimerover/posts/3205912366189844
https://www.ettoday.net/news/20190912/1534467.htm
http://chart.apis.google.com/chart?cht=qr&choe=UTF-8&chs=300x300&chl=https://www.ettoday.net/news/20190915/1535251.htm?from=pc-newsshare-wechat-fixed
https://www.facebook.com/sharer/sharer.php?u=https%3A%2F%2Fwww.ettoday.net%2Fdalemon%2Fpost%2F47009&amp;src=sdkpreparse
https://www.ettoday.net/news/20191105/1572985.htm
http://chart.apis.google.com/chart?cht=qr&choe=UTF-8&chs=300x300&chl=https://www.ettoday.net/news/20200612/1736598.htm?from=pc-newsshare-wechat-fixed
https://www.facebook.com/sharer/sharer.php?u=https%3A%2F%2Fwww.ettoday.net%2Fdalemon%2Fpost%2F47340&amp;src=sdkpreparse
https://www.ettoday.net/news/20200328/1678738.htm?from=pctaglist 
http://chart.apis.google.com/chart?cht=qr&choe=UTF-8&chs=300x300&chl=https://www.ettoday.net/news/20200610/1734771.htm?from=pc-newsshare-wechat-fixed
https://www.facebook.com/sharer/sharer.php?u=https%3A%2F%2Fwww.ettoday.net%2Fdalemon%2Fpost%2F46066&amp;src=sdkpreparse
https://www.ettoday.net/news/20200413/1690235.htm
http://chart.apis.google.com/chart?cht=qr&choe=UTF-8&chs=300x300&chl=https://www.ettoday.net/news/20181213/1329772.htm?from=pc-newsshare-wechat-fixed
https://www.facebook.com/sharer/sharer.php?u=https%3A%2F%2Fwww.ettoday.net%2Fdalemon%2Fpost%2F50490&amp;src=sdkpreparse
https://www.ettoday.net/news/20200531/1726787.htm
http://chart.apis.google.com/chart?cht=qr&choe=UTF-8&chs=300x300&chl=https://www.ettoday.net/news/20200604/1729841.htm?from=pc-newsshare-wechat-fixed
https://www.facebook.com/sharer/sharer.php?u=https%3A%2F%2Fwww.ettoday.net%2Fdalemon%2Fpost%2F46704&amp;src=sdkpreparse
https://www.ettoday.net/news/20200610/1734058.htm?ercamp=sorted_hot_news
http://chart.apis.google.com/chart?cht=qr&choe=UTF-8&chs=300x300&chl=https://www.ettoday.net/news/20200615/1738417.htm?from=pc-newsshare-wechat-fixed
https://www.facebook.com/sharer/sharer.php?u=https%3A%2F%2Fwww.ettoday.net%2Fdalemon%2Fpost%2F50443&amp;src=sdkpreparse
https://www.ettoday.net/news/20200615/1738451.htm
http://chart.apis.google.com/chart?cht=qr&choe=UTF-8&chs=300x300&chl=https://www.ettoday.net/news/20200609/1733391.htm?from=pc-newsshare-wechat-fixed
https://www.facebook.com/sharer/sharer.php?u=https%3A%2F%2Fwww.ettoday.net%2Fdalemon%2Fpost%2F50538&amp;src=sdkpreparse
https://www.ettoday.net/news/tag/靈異公社/
http://chart.apis.google.com/chart?cht=qr&choe=UTF-8&chs=300x300&chl=https://www.ettoday.net/news/20191121/1584611.htm?from=pc-newsshare-wechat-fixed
https://www.facebook.com/sharer/sharer.php?u=https%3A%2F%2Fwww.ettoday.net%2Fdalemon%2Fpost%2F33888&amp;src=sdkpreparse
https://www.ettoday.net/news/20180625/1198991.htm?from=pctaglist 
https://www.facebook.com/sharer/sharer.php?u=https%3A%2F%2Fwww.ettoday.net%2Fdalemon%2Fpost%2F48952&amp;src=sdkpreparse
https://www.ettoday.net/news/20190426/1431042.htm
https://www.facebook.com/%E8%B2%A1%E5%9C%98%E6%B3%95%E4%BA%BA%E5%A4%A9%E4%B8%BB%E6%95%99%E6%9C%83%E8%8A%B1%E8%93%AE%E6%95%99%E5%8D%80%E5%AF%8C%E9%87%8C%E9%84%89%E5%8E%9F%E4%BD%8F%E6%B0%91%E6%97%8F%E5%AE%B6%E5%BA%AD%E6%9C%8D%E5%8B%99%E4%B8%AD%E5%BF%83-431344840404036/
https://www.ettoday.net/news/20200110/1621857.htm?from=pctaglist 
https://www.facebook.com/sharer/sharer.php?u=https%3A%2F%2Fwww.ettoday.net%2Fdalemon%2Fpost%2F47023&amp;src=sdkpreparse
https://www.ettoday.net/news/20200317/1669992.htm
https://www.facebook.com/sharer/sharer.php?u=https%3A%2F%2Fwww.ettoday.net%2Fdalemon%2Fpost%2F50655&amp;src=sdkpreparse
https://www.ettoday.net/news/20200617/1739796.htm?ercamp=sorted_hot_news
https://www.facebook.com/sharer/sharer.php?u=https%3A%2F%2Fwww.ettoday.net%2Fdalemon%2Fpost%2F50603&amp;src=sdkpreparse
https://www.ettoday.net/news/tag/大陸/
https://www.facebook.com/sharer/sharer.php?u=https%3A%2F%2Fwww.ettoday.net%2Fdalemon%2Fpost%2F50722&amp;src=sdkpreparse
https://house.ettoday.net/news/1448487
https://www.facebook.com/profile.php?id=100008421126648
https://www.ettoday.net/dalemon/post/50673
https://www.facebook.com/sharer/sharer.php?u=https%3A%2F%2Fwww.ettoday.net%2Fdalemon%2Fpost%2F47598&amp;src=sdkpreparse
https://www.ettoday.net/news/20191129/1591177.htm?from=feature
https://www.facebook.com/sharer/sharer.php?u=https%3A%2F%2Fwww.ettoday.net%2Fdalemon%2Fpost%2F50598&amp;src=sdkpreparse
https://www.ettoday.net/news/20200519/1717376.htm?feature=ufo&tab_id=939
https://www.facebook.com/sharer/sharer.php?u=https%3A%2F%2Fwww.ettoday.net%2Fdalemon%2Fpost%2F48610&amp;src=sdkpreparse
https://www.ettoday.net/news/20200614/1737537.htm
https://www.facebook.com/sharer/sharer.php?u=https%3A%2F%2Fwww.ettoday.net%2Fdalemon%2Fpost%2F50568&amp;src=sdkpreparse
https://health.ettoday.net/news/1515125
https://www.facebook.com/sharer/sharer.php?u=https%3A%2F%2Fwww.ettoday.net%2Fdalemon%2Fpost%2F50581&amp;src=sdkpreparse
https://www.ettoday.net/dalemon/post/50025
https://www.facebook.com/sharer/sharer.php?u=https%3A%2F%2Fwww.ettoday.net%2Fdalemon%2Fpost%2F33519&amp;src=sdkpreparse
https://www.ettoday.net/news/20180320/1133760.htm
https://www.facebook.com/sharer/sharer.php?u=https%3A%2F%2Fwww.ettoday.net%2Fdalemon%2Fpost%2F50196&amp;src=sdkpreparse
https://www.ettoday.net/news/20200130/1634532.htm?from=pctaglist 
https://www.facebook.com/sharer/sharer.php?u=https%3A%2F%2Fwww.ettoday.net%2Fdalemon%2Fpost%2F47742&amp;src=sdkpreparse
https://www.ettoday.net/news/20200206/1639021.htm?feature=習近平&tab_id=4458
https://www.facebook.com/sharer/sharer.php?u=https%3A%2F%2Fwww.ettoday.net%2Fdalemon%2Fpost%2F50724&amp;src=sdkpreparse
https://www.ettoday.net/news/20200529/1725382.htm
https://www.facebook.com/sharer/sharer.php?u=https%3A%2F%2Fwww.ettoday.net%2Fdalemon%2Fpost%2F49396&amp;src=sdkpreparse
https://www.ettoday.net/news/20200611/1734773.htm
https://www.facebook.com/sharer/sharer.php?u=https%3A%2F%2Fwww.ettoday.net%2Fdalemon%2Fpost%2F48140&amp;src=sdkpreparse
https://www.ettoday.net/news/20200615/1738145.htm
https://www.facebook.com/sharer/sharer.php?u=https://travel.ettoday.net/article/1436549.htm?from=pc-newsshare-fb
https://www.ettoday.net/news/20200615/1738166.htm
https://www.facebook.com/sharer/sharer.php?u=https%3A%2F%2Fwww.ettoday.net%2Fdalemon%2Fpost%2F50640&amp;src=sdkpreparse
https://www.ettoday.net/news/20200617/1739464.htm?ercamp=sorted_hot_news
https://www.facebook.com/sharer/sharer.php?u=https%3A%2F%2Fwww.ettoday.net%2Fdalemon%2Fpost%2F50779&amp;src=sdkpreparse
https://www.ettoday.net/news/tag/收編/
https://www.facebook.com/%E6%9D%B1%E6%A3%AE%E8%87%AA%E7%84%B6%E7%BE%8E%E7%BE%8E%E9%BA%97%E5%B3%B6%E6%97%97%E8%89%A6spa%E9%A4%A8-101301638169556/
https://www.ettoday.net/news/tag/李敏鎬/
https://www.facebook.com/sharer/sharer.php?u=https%3A%2F%2Fwww.ettoday.net%2Fdalemon%2Fpost%2F49200&amp;src=sdkpreparse
https://www.ettoday.net/news/tag/補選/
https://www.facebook.com/sharer/sharer.php?u=https%3A%2F%2Fwww.ettoday.net%2Fdalemon%2Fpost%2F47049&amp;src=sdkpreparse
https://health.ettoday.net/news/1622406
https://www.facebook.com/sharer/sharer.php?u=https%3A%2F%2Fwww.ettoday.net%2Fdalemon%2Fpost%2F50662&amp;src=sdkpreparse
https://pets.ettoday.net/video/313
https://www.facebook.com/sharer/sharer.php?u=https%3A%2F%2Fwww.ettoday.net%2Fdalemon%2Fpost%2F50745&amp;src=sdkpreparse
https://www.ettoday.net/news/20180210/1111693.htm?feature=尹食堂&tab_id=1413
https://www.facebook.com/lanlan0207/
https://www.ettoday.net/news/20181208/1324490.htm?from=feature
https://www.facebook.com/1850620125/posts/10213693023760449/?d=n
https://www.ettoday.net/news/20190301/1389652.htm?from=pctaglist 
https://www.facebook.com/ETtodaySTAR
https://www.ettoday.net/news/20200512/1712064.htm?from=pctaglist 
https://www.facebook.com/ETtodaySHARE
https://www.ettoday.net/news/focus/軍武/軍聞社/
https://www.facebook.com/sharer/sharer.php?u=https%3A%2F%2Fwww.ettoday.net%2Fdalemon%2Fpost%2F30415&amp;src=sdkpreparse
https://www.ettoday.net/news/news-list-2020-06-17-39.htm
https://www.facebook.com/sharer/sharer.php?u=http%3A%2F%2Fwww.ettoday.net%2Fdalemon%2Fpost%2F50660&amp;src=sdkpreparse
https://forum.ettoday.net/search.phtml?keyword=經濟
https://www.facebook.com/sharer/sharer.php?u=https%3A%2F%2Fwww.ettoday.net%2Fdalemon%2Fpost%2F48531&amp;src=sdkpreparse
https://www.ettoday.net/dalemon/post/50648
https://www.facebook.com/ETtodaySISTER
https://www.ettoday.net/news/20190118/1358665.htm?from=pctaglist 
https://www.facebook.com/sharer/sharer.php?u=https%3A%2F%2Fwww.ettoday.net%2Fdalemon%2Fpost%2F49455&amp;src=sdkpreparse
https://www.ettoday.net/news/20190904/1528332.htm?from=pctaglist 
https://www.facebook.com/sharer/sharer.php?u=https%3A%2F%2Fwww.ettoday.net%2Fdalemon%2Fpost%2F50620&amp;src=sdkpreparse
https://www.ettoday.net/news/20200617/1740111.htm?from=pctaglist 
https://www.facebook.com/sharer/sharer.php?u=https%3A%2F%2Fwww.ettoday.net%2Fdalemon%2Fpost%2F48199&amp;src=sdkpreparse
https://house.ettoday.net/news/1738814
https://www.facebook.com/cancelbow79/
https://www.ettoday.net/dalemon/editor-news/147/49
https://www.facebook.com/sharer/sharer.php?u=http%3A%2F%2Fwww.ettoday.net%2Fdalemon%2Fpost%2F12033&amp;src=sdkpreparse
https://www.ettoday.net/https://youtu.be/ElqJH3lULAE?t=5
https://www.facebook.com/sharer/sharer.php?u=https%3A%2F%2Fwww.ettoday.net%2Fdalemon%2Fpost%2F42159&amp;src=sdkpreparse
https://www.ettoday.net/news/20170907/1005884.htm?feature=ufo&tab_id=942
https://www.facebook.com/ETtodayPETS
https://www.ettoday.net/news/20180124/1099486.htm?from=feature
https://www.facebook.com/sharer/sharer.php?u=https%3A%2F%2Fwww.ettoday.net%2Fdalemon%2Fpost%2F49095&amp;src=sdkpreparse
https://www.ettoday.net/news/20180614/1190608.htm?ercamp=sorted_hot_news
https://www.facebook.com/sharer/sharer.php?u=https%3A%2F%2Fwww.ettoday.net%2Fdalemon%2Fpost%2F50618&amp;src=sdkpreparse
https://www.ettoday.net/news/20181203/1321427.htm
https://www.facebook.com/blackpanthercup/
https://www.ettoday.net/news/20190506/1437921.htm
https://www.facebook.com/sharer/sharer.php?u=http%3A%2F%2Fwww.ettoday.net%2Fdalemon%2Fpost%2F50779&amp;src=sdkpreparse
https://www.ettoday.net/news/20200324/1675418.htm?from=feature
https://www.facebook.com/sharer/sharer.php?u=https%3A%2F%2Fwww.ettoday.net%2Fdalemon%2Fpost%2F49556&amp;src=sdkpreparse
https://www.ettoday.net/news/20200605/1730465.htm?from=pctaglist 
https://www.facebook.com/love.shareESF/?__tn__=kC-R&amp;eid=ARD8OGCo2fn-41SHCD-lrAFCKJt1PS_SvONALxCwG61bIi7LO8st_t916-deZInvCwwIBQVQU9P3AJXz&amp;hc_ref=ARRc4J5JUfxZJjsQz3DhdSkl2S3Q8vDXwhcINr5qEarkMTVpk3p1aDpTVJtQ54iQ_cU&amp;fref=nf&amp;__xts__[0]=68.ARCVldJxnbEm6Ejsg2wl-hYPQ_g1wdc6-h4zHbv7O-qPKCSExZp6o8hwFz5F0Yu3gm1fza-VMw2zXv7Zv0O_ZYLrh0F2DXPaAuY0aw-55S0b9E96gLtPawhPFYGJBqyF4Gkw7uENSqVpxVEF6pY2lJNjOan1Gn-1K1cp506vax5-RMZyUNDJ-u4JJuk8zGy1vtY6vh4tZaHx2qucUommpYulgVQ5Is5eqgZLuTPU87sH0k9561sflALl5r67VSAlMlTWNgG-J-JN4hz67BEyqFRNyyQxv6kgzrCnfH3ZkYr1y-1zNLDHq-8WVytt7LASMNxFXLpwzHZmsV40P-y9pes
https://www.ettoday.net/news/20200607/1731067.htm?from=pctaglist 
https://www.facebook.com/peterkjpan/posts/3045001948872075
https://www.ettoday.net/news/20200616/1739047.htm
https://www.facebook.com/sharer/sharer.php?u=https%3A%2F%2Fwww.ettoday.net%2Fdalemon%2Fpost%2F50084&amp;src=sdkpreparse
https://www.ettoday.net/news/focus/公益/溫馨/
https://www.facebook.com/sharer/sharer.php?u=https%3A%2F%2Fwww.ettoday.net%2Fdalemon%2Fpost%2F48197&amp;src=sdkpreparse
https://www.ettoday.net/news/tag/鏡週刊/
https://www.facebook.com/sharer/sharer.php?u=http%3A%2F%2Fwww.ettoday.net%2Fdalemon%2Fpost%2F50778&amp;src=sdkpreparse
https://forum.ettoday.net/search.phtml?keyword=年輕人
https://www.facebook.com/sharer/sharer.php?u=https%3A%2F%2Fwww.ettoday.net%2Fdalemon%2Fpost%2F47416&amp;src=sdkpreparse
https://www.ettoday.net/feature/ufo/944?tt=火星
https://www.facebook.com/sharer/sharer.php?u=https%3A%2F%2Fwww.ettoday.net%2Fdalemon%2Fpost%2F50587&amp;src=sdkpreparse
https://www.ettoday.net/news/20190705/1481863.htm?from=pctaglist 
https://www.facebook.com/sharer/sharer.php?u=https%3A%2F%2Fwww.ettoday.net%2Fdalemon%2Fpost%2F50774&amp;src=sdkpreparse
https://www.ettoday.net/news/20200325/1676466.htm?from=pctaglist 
https://www.facebook.com/sharer/sharer.php?u=https%3A%2F%2Fwww.ettoday.net%2Fdalemon%2Fpost%2F48030&amp;src=sdkpreparse
https://www.ettoday.net/news/20200526/1722663.htm?from=pctaglist 
https://www.facebook.com/ETFashion.tw
https://www.ettoday.net/news/20200609/1734073.htm
https://www.facebook.com/%E5%84%AA%E9%81%A9%E6%B4%BB%E7%9A%84%E5%81%A5%E5%BA%B7%E5%88%86%E4%BA%AB%E7%AB%99-355739255190881/
https://www.ettoday.net/news/tag/執法過當/
https://www.facebook.com/sharer/sharer.php?u=https%3A%2F%2Fwww.ettoday.net%2Fdalemon%2Fpost%2F50727&amp;src=sdkpreparse
https://www.ettoday.net/news/tag/楊岳昇/
https://www.facebook.com/sharer/sharer.php?u=https%3A%2F%2Fwww.ettoday.net%2Fdalemon%2Fpost%2F49383&amp;src=sdkpreparse
https://www.ettoday.net/news/tag/瑞典/
https://www.facebook.com/sharer/sharer.php?u=https%3A%2F%2Fwww.ettoday.net%2Fdalemon%2Fpost%2F47335&amp;src=sdkpreparse
https://www.ettoday.net/news/tag/陳時中/
https://www.facebook.com/sharer/sharer.php?u=https%3A%2F%2Fwww.ettoday.net%2Fdalemon%2Fpost%2F50523&amp;src=sdkpreparse
https://health.ettoday.net/category_tag/狗健康/9
https://www.facebook.com/sharer/sharer.php?u=https%3A%2F%2Fwww.ettoday.net%2Fdalemon%2Fpost%2F50674&amp;src=sdkpreparse
https://www.ettoday.net/dalemon/editor-news/131/
https://www.facebook.com/sharer/sharer.php?u=https%3A%2F%2Fwww.ettoday.net%2Fdalemon%2Fpost%2F49462&amp;src=sdkpreparse
https://www.ettoday.net/feature/大老闆傳奇-尹衍樑/13274/
https://www.facebook.com/sharer/sharer.php?u=https%3A%2F%2Fwww.ettoday.net%2Fdalemon%2Fpost%2F50719&amp;src=sdkpreparse
https://www.ettoday.net/news/20170421/907769.htm?from=pctaglist 
https://www.facebook.com/sharer/sharer.php?u=https://travel.ettoday.net/article/1738594.htm?from=pc-newsshare-fb
https://www.ettoday.net/news/20181130/1319939.htm
https://www.facebook.com/ETtodaySPORTS
https://www.ettoday.net/news/20200326/1677363.htm?from=pctaglist 
https://www.facebook.com/sharer/sharer.php?u=https%3A%2F%2Fwww.ettoday.net%2Fdalemon%2Fpost%2F49777&amp;src=sdkpreparse
https://www.ettoday.net/news/20200330/1679927.htm
https://www.facebook.com/niniandblue
https://www.ettoday.net/news/20200519/1717765.htm
https://www.facebook.com/sharer/sharer.php?u=https%3A%2F%2Fwww.ettoday.net%2Fdalemon%2Fpost%2F50696&amp;src=sdkpreparse
https://www.ettoday.net/news/20200615/1738060.htm
https://www.facebook.com/sharer/sharer.php?u=https%3A%2F%2Fwww.ettoday.net%2Fdalemon%2Fpost%2F50726&amp;src=sdkpreparse
https://www.ettoday.net/news/20200617/1739710.htm?ercamp=sorted_hot_news
https://www.facebook.com/sharer/sharer.php?u=https%3A%2F%2Fwww.ettoday.net%2Fdalemon%2Fpost%2F40077&amp;src=sdkpreparse
https://www.ettoday.net/news/tag/空調/
https://www.facebook.com/sharer/sharer.php?u=https%3A%2F%2Fwww.ettoday.net%2Fdalemon%2Fpost%2F47224&amp;src=sdkpreparse
https://speed.ettoday.net/search.phtml?keyword=CR-V&page=9
https://www.facebook.com/sharer/sharer.php?u=https%3A%2F%2Fwww.ettoday.net%2Fdalemon%2Fpost%2F47465&amp;src=sdkpreparse
https://www.ettoday.net/dalemon/post/	49870	?from=pb_	ter	
https://www.facebook.com/sharer/sharer.php?u=https%3A%2F%2Fwww.ettoday.net%2Fdalemon%2Fpost%2F48955&amp;src=sdkpreparse
https://www.ettoday.net/dalemon/post/47742
https://www.facebook.com/sharer/sharer.php?u=https%3A%2F%2Fwww.ettoday.net%2Fdalemon%2Fpost%2F38439&amp;src=sdkpreparse
https://www.ettoday.net/feature/春晚
https://www.facebook.com/sharer/sharer.php?u=https%3A%2F%2Fwww.ettoday.net%2Fdalemon%2Fpost%2F48045&amp;src=sdkpreparse
https://www.ettoday.net/news/20180223/1118515.htm?from=feature
https://www.facebook.com/sharer/sharer.php?u=https%3A%2F%2Fwww.ettoday.net%2Fdalemon%2Fpost%2F48060&amp;src=sdkpreparse
https://www.ettoday.net/news/20190516/1444254.htm
https://www.facebook.com/sharer/sharer.php?u=https%3A%2F%2Fwww.ettoday.net%2Fdalemon%2Fpost%2F29194&amp;src=sdkpreparse
https://www.ettoday.net/news/20190926/1544007.htm?from=pctaglist 
https://www.facebook.com/sharer/sharer.php?u=https%3A%2F%2Fwww.ettoday.net%2Fdalemon%2Fpost%2F49555&amp;src=sdkpreparse
https://www.ettoday.net/news/20191223/1608463.htm
https://www.facebook.com/sharer/sharer.php?u=https%3A%2F%2Fwww.ettoday.net%2Fdalemon%2Fpost%2F50083&amp;src=sdkpreparse
https://www.ettoday.net/news/20200602/1727763.htm
https://www.facebook.com/sharer/sharer.php?u=http%3A%2F%2Fwww.ettoday.net%2Fdalemon%2Fpost%2F50646&amp;src=sdkpreparse
https://www.ettoday.net/news/20200603/1729451.htm
https://www.facebook.com/sharer/sharer.php?u=https%3A%2F%2Fwww.ettoday.net%2Fdalemon%2Fpost%2F32977&amp;src=sdkpreparse
https://www.ettoday.net/news/20200608/1732787.htm
https://www.facebook.com/ETtodayBOBA/?fref=ts
https://www.ettoday.net/news/20200614/1737552.htm
https://www.facebook.com/sharer/sharer.php?u=https%3A%2F%2Fwww.ettoday.net%2Fdalemon%2Fpost%2F48107&amp;src=sdkpreparse
https://www.ettoday.net/news/20200615/1738004.htm?from=pctaglist 
https://www.facebook.com/sharer/sharer.php?u=https%3A%2F%2Fwww.ettoday.net%2Fdalemon%2Fpost%2F50773&amp;src=sdkpreparse
https://www.ettoday.net/news/20200616/1739187.htm
https://www.facebook.com/sharer/sharer.php?u=https%3A%2F%2Fwww.ettoday.net%2Fdalemon%2Fpost%2F49153&amp;src=sdkpreparse
 https://www.ettoday.net/feature/%E6%88%BF%E7%94%A2%E6%96%B0%E5%8B%A2%E5%8A%9B?from=pcmenu
https://www.facebook.com/sharer/sharer.php?u=https%3A%2F%2Fwww.ettoday.net%2Fdalemon%2Fpost%2F50467&amp;src=sdkpreparse
https://www.ettoday.net/news/20190704/1481647.htm
https://www.facebook.com/sinyifans/ 
https://www.ettoday.net/news/20191210/1588528.htm?feature=聲林之王&tab_id=4741
https://www.facebook.com/sharer/sharer.php?u=https%3A%2F%2Fwww.ettoday.net%2Fdalemon%2Fpost%2F50647&amp;src=sdkpreparse
https://www.ettoday.net/news/20191217/1603970.htm?from=pctaglist 
https://www.facebook.com/groups/2457165584551249/permalink/2616345998633206/
https://www.ettoday.net/news/20200219/1647523.htm
https://www.facebook.com/sharer/sharer.php?u=https%3A%2F%2Fwww.ettoday.net%2Fdalemon%2Fpost%2F50326&amp;src=sdkpreparse
https://www.ettoday.net/news/20200519/1717563.htm?from=pctaglist 
https://www.facebook.com/sharer/sharer.php?u=https%3A%2F%2Fwww.ettoday.net%2Fdalemon%2Fpost%2F50414&amp;src=sdkpreparse
https://www.ettoday.net/news/20200612/1736147.htm?from=pctaglist 
https://www.facebook.com/sharer/sharer.php?u=https%3A%2F%2Fwww.ettoday.net%2Fdalemon%2Fpost%2F31817&amp;src=sdkpreparse
https://www.ettoday.net/news/20200617/1739860.htm
https://www.facebook.com/CWBSC.TW/
https://www.ettoday.net/news/20200617/1740268.htm?from=pctaglist 
https://www.facebook.com/sharer/sharer.php?u=https://travel.ettoday.net/article/1397430.htm?from=pc-newsshare-fb
https://www.ettoday.net/news/focus/生活/藝文/
https://www.facebook.com/sharer/sharer.php?u=https%3A%2F%2Fwww.ettoday.net%2Fdalemon%2Fpost%2F36522&amp;src=sdkpreparse
https://www.ettoday.net/news/tag/警察/
https://www.facebook.com/sharer/sharer.php?u=https%3A%2F%2Fwww.ettoday.net%2Fdalemon%2Fpost%2F48966&amp;src=sdkpreparse
https://www.ettoday.net/dalemon/collection/15/23
https://www.facebook.com/sharer/sharer.php?u=https%3A%2F%2Fwww.ettoday.net%2Fdalemon%2Fpost%2F47787&amp;src=sdkpreparse
https://www.ettoday.net/dalemon/post/49223
https://www.facebook.com/sharer/sharer.php?u=https%3A%2F%2Fwww.ettoday.net%2Fdalemon%2Fpost%2F25078&amp;src=sdkpreparse
https://www.ettoday.net/dalemon/tag/妮妮小宅女
https://www.facebook.com/sharer/sharer.php?u=https%3A%2F%2Fwww.ettoday.net%2Fdalemon%2Fpost%2F50592&amp;src=sdkpreparse
https://www.ettoday.net/news/20190904/1526489.htm
https://www.facebook.com/sharer/sharer.php?u=https%3A%2F%2Fwww.ettoday.net%2Fdalemon%2Fpost%2F6153&amp;src=sdkpreparse
https://www.ettoday.net/news/20200417/1693711.htm
https://www.facebook.com/sharer/sharer.php?u=https%3A%2F%2Fwww.ettoday.net%2Fdalemon%2Fpost%2F48181&amp;src=sdkpreparse
https://www.ettoday.net/news/20200512/1711651.htm?from=pctaglist 
https://www.facebook.com/ETtoday/videos/273527350712649/?fref=ts
https://www.ettoday.net/news/20200602/1727940.htm?from=pctaglist 
https://www.facebook.com/sharer/sharer.php?u=http%3A%2F%2Fwww.ettoday.net%2Fdalemon%2Fpost%2F50774&amp;src=sdkpreparse
https://www.ettoday.net/news/tag/賈永婕/
https://www.facebook.com/sharer/sharer.php?u=https%3A%2F%2Fwww.ettoday.net%2Fdalemon%2Fpost%2F50595&amp;src=sdkpreparse
https://travel.ettoday.net/article/1728214.htm
https://www.facebook.com/sharer/sharer.php?u=https%3A%2F%2Fwww.ettoday.net%2Fdalemon%2Fpost%2F49897&amp;src=sdkpreparse
https://www.ettoday.net/dalemon/post/50626
https://www.facebook.com/sharer/sharer.php?u=https%3A%2F%2Fwww.ettoday.net%2Fdalemon%2Fpost%2F50717&amp;src=sdkpreparse
https://www.ettoday.net/news/20190830/1524848.htm
https://www.facebook.com/sharer/sharer.php?u=https://travel.ettoday.net/article/1393988.htm?from=pc-newsshare-fb
https://www.ettoday.net/news/20200125/1625517.htm
https://www.facebook.com/sharer/sharer.php?u=https%3A%2F%2Fwww.ettoday.net%2Fdalemon%2Fpost%2F48989&amp;src=sdkpreparse
https://www.ettoday.net/news/20200407/1684965.htm
https://www.facebook.com/sharer/sharer.php?u=https%3A%2F%2Fwww.ettoday.net%2Fdalemon%2Fpost%2F50738&amp;src=sdkpreparse
https://www.ettoday.net/news/20200501/1703990.htm?from=pctaglist 
https://www.facebook.com/sharer/sharer.php?u=https%3A%2F%2Fwww.ettoday.net%2Fdalemon%2Fpost%2F49493&amp;src=sdkpreparse
https://www.ettoday.net/news/20200512/1712125.htm
https://www.facebook.com/sharer/sharer.php?u=https%3A%2F%2Fwww.ettoday.net%2Fdalemon%2Fpost%2F50673&amp;src=sdkpreparse
https://www.ettoday.net/news/20200616/1739038.htm?ercamp=sorted_hot_news
https://www.facebook.com/sharer/sharer.php?u=https%3A%2F%2Fwww.ettoday.net%2Fdalemon%2Fpost%2F50053&amp;src=sdkpreparse
http://www.ettoday.net/events/goddess2013/index.php
https://www.facebook.com/sharer/sharer.php?u=https%3A%2F%2Fwww.ettoday.net%2Fdalemon%2Fpost%2F29539&amp;src=sdkpreparse
https://speed.ettoday.net/news/1732911
https://www.facebook.com/sharer/sharer.php?u=https%3A%2F%2Fwww.ettoday.net%2Fdalemon%2Fpost%2F46545&amp;src=sdkpreparse
https://www.ettoday.net/feature/HsiaoMingMing
https://www.facebook.com/sharer/sharer.php?u=https%3A%2F%2Fwww.ettoday.net%2Fdalemon%2Fpost%2F50646&amp;src=sdkpreparse
https://www.ettoday.net/news/20171006/1026188.htm
https://www.facebook.com/sharer/sharer.php?u=http%3A%2F%2Fwww.ettoday.net%2Fdalemon%2Fpost%2F50719&amp;src=sdkpreparse
https://www.ettoday.net/news/20180812/1233689.htm?from=pctaglist 
https://www.facebook.com/sharer/sharer.php?u=https%3A%2F%2Fwww.ettoday.net%2Fdalemon%2Fpost%2F50766&amp;src=sdkpreparse
https://www.ettoday.net/news/20190822/1518439.htm
https://www.facebook.com/sharer/sharer.php?u=https%3A%2F%2Fwww.ettoday.net%2Fdalemon%2Fpost%2F49997&amp;src=sdkpreparse
https://www.ettoday.net/news/20200326/1677019.htm
https://www.facebook.com/paperwindmilltheatre/photos/pb.320740307949240.-2207520000.1450362858./1040379402651990/?type=3&amp;src=https%3A%2F%2Fscontent-tpe1-1.xx.fbcdn.net%2Fhphotos-xft1%2Fv%2Ft1.0-9%2F12239969_1040379402651990_5227432288556962951_n.jpg%3Foh%3Db9a8ab6d147cf5cc629ccd417ec23031%26oe%3D56D6BB35&amp;size=960%2C540&amp;fbid=1040379402651990
https://www.ettoday.net/news/20200401/1681670.htm?from=pctaglist 
https://www.facebook.com/sharer/sharer.php?u=https%3A%2F%2Fwww.ettoday.net%2Fdalemon%2Fpost%2F50594&amp;src=sdkpreparse
https://www.ettoday.net/news/20200508/1708381.htm
https://www.facebook.com/sharer/sharer.php?u=https%3A%2F%2Fwww.ettoday.net%2Fdalemon%2Fpost%2F32456&amp;src=sdkpreparse
https://www.ettoday.net/news/20200528/1724562.htm?from=pctaglist 
https://www.facebook.com/sharer/sharer.php?u=https%3A%2F%2Fwww.ettoday.net%2Fdalemon%2Fpost%2F50573&amp;src=sdkpreparse
https://www.ettoday.net/news/20200611/1735836.htm
https://www.facebook.com/sharer/sharer.php?u=https://travel.ettoday.net/article/1738519.htm?from=pc-newsshare-fb
https://www.ettoday.net/news/news-list-2020-06-17-8.htm
https://www.facebook.com/sharer/sharer.php?u=https%3A%2F%2Fwww.ettoday.net%2Fdalemon%2Fpost%2F20898&amp;src=sdkpreparse
https://www.ettoday.net/news/tag/冷氣/
https://www.facebook.com/sharer/sharer.php?u=https%3A%2F%2Fwww.ettoday.net%2Fdalemon%2Fpost%2F29753&amp;src=sdkpreparse
https://www.ettoday.net/news/tag/花蓮五子命案/
https://www.facebook.com/sharer/sharer.php?u=https%3A%2F%2Fwww.ettoday.net%2Fdalemon%2Fpost%2F48774&amp;src=sdkpreparse
https://health.ettoday.net/category/親子
https://www.facebook.com/LawyerGuitar/
https://www.ettoday.net/dalemon/editor-list
https://www.facebook.com/sharer/sharer.php?u=http%3A%2F%2Fwww.ettoday.net%2Fdalemon%2Fpost%2F50777&amp;src=sdkpreparse
https://www.ettoday.net/news/20181212/1327987.htm
https://www.facebook.com/sharer/sharer.php?u=https%3A%2F%2Fwww.ettoday.net%2Fdalemon%2Fpost%2F29030&amp;src=sdkpreparse
https://www.ettoday.net/news/20200410/1685024.htm
https://www.facebook.com/tagbeauty/
https://www.ettoday.net/news/20200614/1736216.htm
https://www.facebook.com/sharer/sharer.php?u=https%3A%2F%2Fwww.ettoday.net%2Fdalemon%2Fpost%2F49464&amp;src=sdkpreparse
https://travel.ettoday.net/article/1164553.htm
https://www.facebook.com/sharer/sharer.php?u=https%3A%2F%2Fwww.ettoday.net%2Fdalemon%2Fpost%2F47988&amp;src=sdkpreparse
https://travel.ettoday.net/category/台灣小吃/?&page=23
https://www.facebook.com/ETtodayPOLITICS/?fref=ts
https://www.ettoday.net/feature/習近平/4458/3
https://www.facebook.com/sharer/sharer.php?u=https%3A%2F%2Fwww.ettoday.net%2Fdalemon%2Fpost%2F45864&amp;src=sdkpreparse
https://www.ettoday.net/news/20161030/802268.htm
https://www.facebook.com/sharer/sharer.php?u=https%3A%2F%2Fwww.ettoday.net%2Fdalemon%2Fpost%2F50425&amp;src=sdkpreparse
https://www.ettoday.net/news/20190201/1371227.htm
https://www.facebook.com/sharer/sharer.php?u=https%3A%2F%2Fwww.ettoday.net%2Fdalemon%2Fpost%2F34039&amp;src=sdkpreparse
https://www.ettoday.net/news/20190419/1425865.htm
https://www.facebook.com/sharer/sharer.php?u=https%3A%2F%2Fwww.ettoday.net%2Fdalemon%2Fpost%2F50652&amp;src=sdkpreparse
https://www.ettoday.net/news/20191022/1562276.htm?from=pctaglist 
https://www.facebook.com/sharer/sharer.php?u=https%3A%2F%2Fwww.ettoday.net%2Fdalemon%2Fpost%2F50085&amp;src=sdkpreparse
https://www.ettoday.net/news/20191219/1606097.htm
https://www.facebook.com/sharer/sharer.php?u=https%3A%2F%2Fwww.ettoday.net%2Fdalemon%2Fpost%2F49033&amp;src=sdkpreparse
https://www.ettoday.net/news/20200319/1671184.htm?from=pctaglist 
https://www.facebook.com/sharer/sharer.php?u=https://travel.ettoday.net/article/1570282.htm?from=pc-newsshare-fb
https://www.ettoday.net/news/20200417/1694202.htm?from=pctaglist 
https://www.facebook.com/chenlingvet/
https://www.ettoday.net/news/20200616/1738825.htm?ercamp=sorted_hot_news
https://www.facebook.com/sharer/sharer.php?u=https%3A%2F%2Fwww.ettoday.net%2Fdalemon%2Fpost%2F47417&amp;src=sdkpreparse
https://www.ettoday.net/news/tag/溫泉/
https://www.facebook.com/sharer/sharer.php?u=https%3A%2F%2Fwww.ettoday.net%2Fdalemon%2Fpost%2F48756&amp;src=sdkpreparse
https://forum.ettoday.net/news/1733951
https://www.facebook.com/sharer/sharer.php?u=https%3A%2F%2Fwww.ettoday.net%2Fdalemon%2Fpost%2F48216&amp;src=sdkpreparse
https://health.ettoday.net/news/1514830
https://www.facebook.com/sharer/sharer.php?u=https%3A%2F%2Fwww.ettoday.net%2Fdalemon%2Fpost%2F50082&amp;src=sdkpreparse
https://speed.ettoday.net/news/1711928
https://www.facebook.com/sharer/sharer.php?u=https%3A%2F%2Fwww.ettoday.net%2Fdalemon%2Fpost%2F48180&amp;src=sdkpreparse
https://travel.ettoday.net/article/1740342.htm
https://www.facebook.com/sharer/sharer.php?u=https%3A%2F%2Fwww.ettoday.net%2Fdalemon%2Fpost%2F50570&amp;src=sdkpreparse
https://www.ettoday.net/news/20181115/1306783.htm
https://www.facebook.com/sharer/sharer.php?u=https%3A%2F%2Fwww.ettoday.net%2Fdalemon%2Fpost%2F48515&amp;src=sdkpreparse
https://www.ettoday.net/news/20191029/1567874.htm
https://www.facebook.com/sharer/sharer.php?u=https%3A%2F%2Fwww.ettoday.net%2Fdalemon%2Fpost%2F50709&amp;src=sdkpreparse
https://www.ettoday.net/news/20191106/1573439.htm?from=pctaglist 
https://www.facebook.com/sharer/sharer.php?u=https%3A%2F%2Fwww.ettoday.net%2Fdalemon%2Fpost%2F48582&amp;src=sdkpreparse
https://www.ettoday.net/news/20191118/1582795.htm?from=pctaglist 
https://www.facebook.com/sharer/sharer.php?u=https%3A%2F%2Fwww.ettoday.net%2Fdalemon%2Fpost%2F50737&amp;src=sdkpreparse
https://www.ettoday.net/news/20200213/1644313.htm
https://www.facebook.com/sharer/sharer.php?u=https%3A%2F%2Fwww.ettoday.net%2Fdalemon%2Fpost%2F50656&amp;src=sdkpreparse
https://www.ettoday.net/news/20200327/1678027.htm
https://www.facebook.com/sharer/sharer.php?u=https%3A%2F%2Fwww.ettoday.net%2Fdalemon%2Fpost%2F45723&amp;src=sdkpreparse
https://www.ettoday.net/news/20200409/1687431.htm?redirect=1
https://www.facebook.com/sharer/sharer.php?u=https%3A%2F%2Fwww.ettoday.net%2Fdalemon%2Fpost%2F48027&amp;src=sdkpreparse
https://www.ettoday.net/news/20200616/1738276.htm
https://www.facebook.com/sharer/sharer.php?u=https%3A%2F%2Fwww.ettoday.net%2Fdalemon%2Fpost%2F49552&amp;src=sdkpreparse
https://www.ettoday.net/news/tag/冠軍吐司/
https://www.facebook.com/sharer/sharer.php?u=https%3A%2F%2Fwww.ettoday.net%2Fdalemon%2Fpost%2F50733&amp;src=sdkpreparse
https://www.ettoday.net/news/tag/工廠/
https://www.facebook.com/sharer/sharer.php?u=https%3A%2F%2Fwww.ettoday.net%2Fdalemon%2Fpost%2F48769&amp;src=sdkpreparse
https://travel.ettoday.net/category/遊樂園/
https://www.facebook.com/sharer/sharer.php?u=https%3A%2F%2Fwww.ettoday.net%2Fdalemon%2Fpost%2F50756&amp;src=sdkpreparse
https://www.ettoday.net/dalemon/tag/工作運
https://www.facebook.com/sharer/sharer.php?u=https%3A%2F%2Fwww.ettoday.net%2Fdalemon%2Fpost%2F48596&amp;src=sdkpreparse
https://www.ettoday.net/news/20180501/1160985.htm?feature=尹食堂&tab_id=1413
https://www.facebook.com/sharer/sharer.php?u=https%3A%2F%2Fwww.ettoday.net%2Fdalemon%2Fpost%2F50751&amp;src=sdkpreparse
https://www.ettoday.net/news/20200401/1682174.htm?from=pctaglist 
https://www.facebook.com/sharer/sharer.php?u=https%3A%2F%2Fwww.ettoday.net%2Fdalemon%2Fpost%2F22097&amp;src=sdkpreparse
https://www.ettoday.net/news/tag/網連通/
https://www.facebook.com/sharer/sharer.php?u=https%3A%2F%2Fwww.ettoday.net%2Fdalemon%2Fpost%2F48349&amp;src=sdkpreparse
https://house.ettoday.net/news/1740071
https://www.facebook.com/sharer/sharer.php?u=https%3A%2F%2Fwww.ettoday.net%2Fdalemon%2Fpost%2F49395&amp;src=sdkpreparse
https://www.ettoday.net/dalemon/post/	50707	?from=pb_	funny	_pc	
https://www.facebook.com/sharer/sharer.php?u=https%3A%2F%2Fwww.ettoday.net%2Fdalemon%2Fpost%2F47507&amp;src=sdkpreparse
https://www.ettoday.net/news/20180903/1250609.htm?from=pctaglist 
https://www.facebook.com/MaoUp/
https://www.ettoday.net/news/20181206/1324751.htm?from=pctaglist 
https://www.facebook.com/SisyWorldNews/posts/2863272167083776?__tn__=-R
https://www.ettoday.net/news/20190129/1367391.htm?from=pctaglist 
https://www.facebook.com/sharer/sharer.php?u=https%3A%2F%2Fwww.ettoday.net%2Fdalemon%2Fpost%2F22633&amp;src=sdkpreparse
https://www.ettoday.net/news/20190904/1528022.htm
https://www.facebook.com/sharer/sharer.php?u=https://travel.ettoday.net/article/1738970.htm?from=pc-newsshare-fb
https://www.ettoday.net/news/20200305/1660744.htm
https://www.facebook.com/sharer/sharer.php?u=https%3A%2F%2Fwww.ettoday.net%2Fdalemon%2Fpost%2F50442&amp;src=sdkpreparse
https://www.ettoday.net/news/20200326/1677088.htm
https://www.facebook.com/sharer/sharer.php?u=https%3A%2F%2Fwww.ettoday.net%2Fdalemon%2Fpost%2F50588&amp;src=sdkpreparse
https://www.ettoday.net/news/20200504/1706403.htm?from=pctaglist 
https://www.facebook.com/hsuan1216/
https://www.ettoday.net/news/20200518/1716677.htm?from=pctaglist 
https://www.facebook.com/sharer/sharer.php?u=https%3A%2F%2Fwww.ettoday.net%2Fdalemon%2Fpost%2F49016&amp;src=sdkpreparse
https://www.ettoday.net/news/20200602/1728475.htm
https://www.facebook.com/sharer/sharer.php?u=https%3A%2F%2Fwww.ettoday.net%2Fdalemon%2Fpost%2F49289&amp;src=sdkpreparse
https://www.ettoday.net/news/20200615/1737779.htm
https://www.facebook.com/ETtoday/?fref=ts
https://www.ettoday.net/news/20200615/1738161.htm
https://www.facebook.com/groups/373594433011704/
https://www.ettoday.net/news/20200616/1739024.htm
https://www.facebook.com/sharer/sharer.php?u=https%3A%2F%2Fwww.ettoday.net%2Fdalemon%2Fpost%2F49110&amp;src=sdkpreparse
https://speed.ettoday.net/news/1739184
https://www.facebook.com/sharer/sharer.php?u=https%3A%2F%2Fwww.ettoday.net%2Fdalemon%2Fpost%2F45451&amp;src=sdkpreparse
https://www.ettoday.net/news/20160904/768638.htm?feature=ufo&tab_id=944
https://www.facebook.com/sharer/sharer.php?u=https%3A%2F%2Fwww.ettoday.net%2Fdalemon%2Fpost%2F48621&amp;src=sdkpreparse
https://www.ettoday.net/news/20190704/1482024.htm?from=pctaglist 
https://www.facebook.com/sharer/sharer.php?u=https%3A%2F%2Fwww.ettoday.net%2Fdalemon%2Fpost%2F50648&amp;src=sdkpreparse
https://www.ettoday.net/news/20191203/1593184.htm?from=pctaglist 
https://www.facebook.com/sharer/sharer.php?u=https%3A%2F%2Fwww.ettoday.net%2Fdalemon%2Fpost%2F47631&amp;src=sdkpreparse
https://www.ettoday.net/news/20200523/1721187.htm?from=pctaglist 
https://www.facebook.com/sharer/sharer.php?u=https%3A%2F%2Fwww.ettoday.net%2Fdalemon%2Fpost%2F50663&amp;src=sdkpreparse
https://www.ettoday.net/news/20200616/1738725.htm
https://www.facebook.com/sharer/sharer.php?u=https%3A%2F%2Fwww.ettoday.net%2Fdalemon%2Fpost%2F50606&amp;src=sdkpreparse
https://www.ettoday.net/news/tag/東京/
https://www.facebook.com/sharer/sharer.php?u=https%3A%2F%2Fwww.ettoday.net%2Fdalemon%2Fpost%2F47028&amp;src=sdkpreparse
https://health.ettoday.net/search.phtml?keyword=恙蟲
https://www.facebook.com/sharer/sharer.php?u=https%3A%2F%2Fwww.ettoday.net%2Fdalemon%2Fpost%2F27865&amp;src=sdkpreparse
https://www.ettoday.net/dalemon/post/48966
https://www.facebook.com/fanny.doan1
https://www.ettoday.net/dalemon/post/50754
https://www.facebook.com/sharer/sharer.php?u=https%3A%2F%2Fwww.ettoday.net%2Fdalemon%2Fpost%2F50758&amp;src=sdkpreparse
https://www.ettoday.net/dalemon/tag/運勢/3
https://www.facebook.com/sharer/sharer.php?u=http%3A%2F%2Fwww.ettoday.net%2Fdalemon%2Fpost%2F50759&amp;src=sdkpreparse
https://www.ettoday.net/news/20180106/1087371.htm?from=feature
https://www.facebook.com/sharer/sharer.php?u=https%3A%2F%2Fwww.ettoday.net%2Fdalemon%2Fpost%2F3615&amp;src=sdkpreparse
https://www.ettoday.net/news/20180205/1108163.htm?from=feature
https://www.facebook.com/sharer/sharer.php?u=https%3A%2F%2Fwww.ettoday.net%2Fdalemon%2Fpost%2F50629&amp;src=sdkpreparse
https://www.ettoday.net/news/20190806/1507219.htm?from=pctaglist 
https://www.facebook.com/irenesblog/
https://www.ettoday.net/news/20200127/1633182.htm?feature=習近平&tab_id=4458
https://www.ettoday.net/news/20200603/1729164.htm
http://www.ettoday.net/dalemon/post/50778
https://travel.ettoday.net/article/1739427.htm
https://travel.ettoday.net/category/台南美食/?&page=10
https://www.ettoday.net/dalemon/collection/15/
https://www.ettoday.net/dalemon/editor-news/53
https://www.ettoday.net/dalemon/tag/中風
https://www.ettoday.net/news/20181203/1321641.htm?feature=ufo&tab_id=942
https://www.ettoday.net/news/20200510/1710810.htm?from=pctaglist 
https://www.ettoday.net/news/20200612/1736570.htm
https://www.ettoday.net/news/20200617/1740026.htm
https://www.ettoday.net/news/tag/臺北市立動物園/
https://www.ettoday.net/news/tag/黃鴻升/
https://health.ettoday.net/news/1232178
https://travel.ettoday.net/focus/優惠快訊/?&page=6
https://www.ettoday.net/dalemon/post/48027
https://www.ettoday.net/news/20180511/1167420.htm?feature=ufo&tab_id=941
https://www.ettoday.net/news/20200613/1734106.htm
https://www.ettoday.net/news/20200614/1737297.htm?ercamp=sorted_hot_news
https://www.ettoday.net/news/20200616/1739326.htm
https://www.ettoday.net/news/tag/無薪假/
https://health.ettoday.net/category_tag/禽流感健康
https://travel.ettoday.net/column/news/Lydia
https://www.ettoday.net/dalemon/post/46066
https://www.ettoday.net/dalemon/tag/波妞
https://www.ettoday.net/news/20181213/1329930.htm
https://www.ettoday.net/news/20190313/1398714.htm
https://www.ettoday.net/news/20191022/1562429.htm
https://www.ettoday.net/news/20200602/1728016.htm
https://www.ettoday.net/news/20200616/1739012.htm
https://www.ettoday.net/news/tag/東森慈善基金會/
https://www.ettoday.net/news/20181212/1328891.htm?from=feature
https://www.ettoday.net/news/20200403/1683463.htm?from=feature
https://www.ettoday.net/news/20200611/1735302.htm
https://www.ettoday.net/news/20200617/1739739.htm
https://speed.ettoday.net/tag.phtml?tag=ETBMW
https://www.ettoday.net/dalemon/post/48774
https://www.ettoday.net/news/20180812/1233657.htm?from=pctaglist 
https://www.ettoday.net/news/20181212/1329408.htm
https://www.ettoday.net/news/20191225/1610282.htm?from=pctaglist 
https://www.ettoday.net/news/20200107/1618715.htm?from=pctaglist 
https://www.ettoday.net/news/20200507/1708600.htm
https://www.ettoday.net/news/20200521/1719827.htm?from=feature
https://www.ettoday.net/news/20200526/1722574.htm
https://www.ettoday.net/news/20200615/1738182.htm
https://www.ettoday.net/news/20200617/1740236.htm?ercamp=sorted_hot_news
https://www.ettoday.net/news/focus/音樂/音樂專訪/
https://www.ettoday.net/news/tag/姜河那/
https://www.ettoday.net/news/20180203/1106971.htm
https://www.ettoday.net/news/20200317/1669993.htm
https://www.ettoday.net/news/20200405/1684183.htm?from=pctaglist 
https://www.ettoday.net/news/20200617/1740103.htm?from=pctaglist 
https://www.ettoday.net/news/20200617/1740109.htm
http://travel.ettoday.net/article/1740199.htm
https://forum.ettoday.net/search.phtml?keyword=州警夫人克萊兒
https://health.ettoday.net/search.phtml?keyword=兩性關係
https://travel.ettoday.net/category/台灣小吃/?&page=5
https://travel.ettoday.net/category/星級飯店/?&page=7
https://www.ettoday.net/news/20191130/1591625.htm?from=feature
https://www.ettoday.net/news/20191130/1591703.htm?from=feature
https://www.ettoday.net/news/20191203/1593509.htm?from=pctaglist 
https://www.ettoday.net/news/20200102/1615762.htm?from=feature
https://www.ettoday.net/news/20200615/1738017.htm
https://www.ettoday.net/news/20200617/1739557.htm?from=pctaglist 
https://www.ettoday.net/news/20200617/1740022.htm
https://www.ettoday.net/news/tag/2020高雄市長罷免/
http://discovery.ettoday.net/http://healthylives.tw/Article/V8LsJBUH3SX.html?uid=2208
https://forum.ettoday.net/news/1682942
https://health.ettoday.net/news/1138917
https://health.ettoday.net/news/1553014
https://health.ettoday.net/news/769846
https://speed.ettoday.net/news/1734675?from=fb_extd
https://travel.ettoday.net/article/1708988.htm
https://travel.ettoday.net/category/京都旅遊/
https://travel.ettoday.net/category/台灣小吃/?&page=7
https://www.ettoday.net/dalemon/collection/2
https://www.ettoday.net/news/20180207/1109220.htm?feature=地震&tab_id=1496
https://www.ettoday.net/news/20181030/1290166.htm?from=feature
https://www.ettoday.net/news/20190906/1529797.htm
https://www.ettoday.net/news/20191003/1548918.htm?from=pctaglist 
https://www.ettoday.net/news/20191015/1557083.htm
https://www.ettoday.net/news/20200525/1722401.htm
https://www.ettoday.net/news/20200528/1724251.htm?from=pctaglist 
https://www.ettoday.net/news/20200609/1734012.htm
https://www.ettoday.net/news/20200610/1734094.htm
https://pets.ettoday.net/video/125/219156?autopage
https://www.ettoday.net/dalemon/tag/運勢/7
https://www.ettoday.net/feature/ufo/942?tt=金字塔
https://www.ettoday.net/news/20190717/1492417.htm?from=pctaglist 
https://www.ettoday.net/news/20200121/1630429.htm
https://www.ettoday.net/news/tag/卓越成功/
http://www.ettoday.net/dalemon/post/48032
https://forum.ettoday.net/news/1681557
https://health.ettoday.net/category_tag/失智海嘯來襲
https://travel.ettoday.net/category/台灣小吃/?&page=13
https://www.ettoday.net/dalemon/post/50737
https://www.ettoday.net/news/20180116/1093939.htm
https://www.ettoday.net/news/20190614/1467672.htm?from=pctaglist 
https://www.ettoday.net/news/20191127/1589150.htm
https://www.ettoday.net/news/20200320/1672605.htm
https://www.ettoday.net/news/20200602/1728135.htm?from=pctaglist 
https://www.ettoday.net/news/20200604/1729790.htm?from=pctaglist 
https://www.ettoday.net/news/tag/希爾思/
https://www.ettoday.net/news/tag/神仙水/
https://www.ettoday.net/news/tag/罷免/
https://www.ettoday.net/dalemon/post/48213
https://www.ettoday.net/news/20180202/1105736.htm?from=feature
https://www.ettoday.net/news/20180916/1260037.htm?from=pctaglist 
https://www.ettoday.net/news/20181101/1295321.htm?feature=ufo&tab_id=939
https://www.ettoday.net/news/20200211/1638265.htm
https://www.ettoday.net/news/20200615/1738168.htm
https://www.ettoday.net/news/20200616/1739362.htm
https://www.ettoday.net/news/20200617/1740117.htm
https://www.ettoday.net/news/tag/4驅/
https://www.ettoday.net/news/tag/稍息立正我愛你/
http://forum.ettoday.net/http://line.naver.jp/R/msg/text/?雲論 | ETtoday新聞雲%0D%0Ahttps://forum.ettoday.net
https://travel.ettoday.net/category/台北美食/
https://www.ettoday.net/news/20130708/237643.htm?from=pctaglist 
https://www.ettoday.net/news/20180509/1166241.htm?feature=ufo&tab_id=941
https://www.ettoday.net/news/20180810/1232492.htm?from=feature
https://www.ettoday.net/news/20191114/1580160.htm?from=pctaglist 
https://www.ettoday.net/news/20191212/1600738.htm?from=pctaglist 
https://www.ettoday.net/news/20200319/1671162.htm?from=pctaglist 
