https://pgw.udn.com.tw/gw/photo.php?u=https://uc.udn.com.tw/photo/2018/10/17/draft/5405450.jpeg&amp;x=0&amp;y=0&amp;sw=0&amp;sh=0&amp;exp=3600
https://tw.global.nba.com/playerindex/
http://www.eslite.com/
https://pse.is/CEB8J
http://www.wjlaevent.com
https://line.me/ti/p/%40qgu5998g
https://mp.weixin.qq.com/s/4YeU6Wceg78LFPftIcaliA
https://oops.udn.com
https://topic.udn.com/event/2020_election_legislator
https://tickets.udn.com/application/utk01/utk0101_.aspx
https://video.udn.com/nba/1169496
https://uevent.udnfunlife.com/about.php
http://www.nbastore.tw
https://www.instagram.com/udnstyle/
http://psce.pw/BX5AW
https://www.apple.com/tw/ios/app-store/
https://www.wjlife.com
https://tickets.udnfunlife.com/application/UTK01/UTK0101_08.aspx
http://expo.udn.com/?familybar_hide
https://www.google.com/policies/technologies/ads/
http://www.typl.gov.tw/ct.asp?xItem=249095&amp;ctNode=1459&amp;mp=1
https://support.apple.com/zh-tw
https://udncollege.udn.com/785/
https://store.readmoo.com/search/publisher/328
http://www.cafenihao.com/
https://en.red-dot.org/?kdid=DA07
https://www.linkedin.com/company/china-economic-news-service-cens-com-
http://metrojoker.com/upaper
https://udndata.com/udnauthority.html
https://stock.udn.com/asp/market/ranktop.asp?m=jpbuysell&d=1&align=v
http://line.naver.jp/R/msg/text/? 台灣原創角色首次組團新南向 共拓新商機%0D%0Ahttp://ulicensing.udnfunlife.com/news.php?i=36
https://twitter.com/intent/tweet?text=賣愈慢賠愈多？這社區頂樓戶認賠2,100萬元出場&url=https://money.udn.com/money/story/5930/4493253
http://reading.udn.com/bookMain.do
http://hyperurl.co/udnstar
https://www.juming.org.tw/main/modules/MySpace/index.php?kdid=DA07
http://browsehappy.com/
http://globalpass.cens.com
http://bit.ly/1URs85x
http://on.fb.me/1pHAeeG
http://www.taaze.tw/sing.html?pid=11100732963
http://www.wj411.com/portal/worldyellow/index.jsp
http://www.legogreen.com
https://ulicensing.udnfunlife.com/?sid=uevent&utm_source=uevent&utm_medium=familybar
https://udnfunlife.com/?utm_source=uT&utm_medium=familybar
https://apps.apple.com/tw/app/ettoday%E6%96%B0%E8%81%9E%E9%9B%B2/id503783839
https://www.google.com.tw/intl/zh-TW/policies/privacy/
https://www.accupass.com/go/107FreshTaiwan
http://awards.licensinginternational.org.cn/jq/44655621.aspx
https://page.line.me/xat.0000174890.0hy
http://edn.udn.com/ACT/expo/2019/equipauto/
https://s3.amazonaws.com/wjad/ratecard/RateCard_e.html
https://www.fundesign.tv/?kdid=DA07
https://hiking.biji.co/index.php?q=member&act=article&member=507213
https://www.iii.org.tw/Default.aspx?kdid=DA07
https://www.cens.com/cens/html/zh/category/cate_list_V14.html
https://www.mvdis.gov.tw/m3-emv-mk3/agent/webAgentFactory
https://www.ctba.org.tw/
https://member.udn.com/member/center.jsp?hold=y
http://blog.udn.com/pollyprayer
https://www.wjbookny.com/?utm_source=wjbookny_icon&utm_medium=referral
https://running.biji.co/?q=competition&utm_source=UDN&utm_medium=index&utm_campaign=賽事活動
https://www.dfunmag.com.tw/?kdid=DA07
https://cas.udn.com/cas/meb/Ca1e01.do
https://www.wowlavie.com/?kdid=DA07
https://circlezine.cashier.ecpay.com.tw/?kdid=DA07
https://www.dcard.tw/f/funny/p/233474140
https://www.accuweather.com/en/us/new-york-ny/10007/weather-forecast/349727
https://flipermag.com/?kdid=DA07
https://story.worldjournal.com/%E7%BE%8E%E9%A3%9F%E7%84%A1%E5%9C%8B%E7%95%8C/?utm_source=2019delicious&utm_medium=referral
http://www.adatalighting.com/news_1.php?id=163&web=tw
http://www.udngroup.com/login
http://www.designersweek.tw/twdw/index.php/zh/about/?kdid=DA07
http://www.books.com.tw/products/0010624766
http://www.unitas.me/?cat=816
https://money.udn.com/money/story/5607/4495266
https://ppt.cc/fbNugx
https://utravel.udn.com/activities/travel_intro.jsp?type=record&cate=11&aid=659
http://www.linkingbooks.com.tw/
https://shop.kbro.tv/product_detail.php?name=%E4%B8%BB%E6%9C%8D%E5%8B%99&type=3&key=%E3%80%90Google%20Nest%20Mini%E6%99%BA%E6%85%A7%E9%9F%B3%E7%AE%B1%E3%80%91%E5%85%89%E7%BA%96%E4%B8%8A%E7%B6%B2%2BHD99%E9%AB%98%E7%95%AB%E8%B3%AA%E5%A5%97%E9%A4%90&utm_source=udn&utm_medium=text&utm_campaign=estore_nestmini_2020Apr&utm_content=t
https://ggc.hkxf.com.tw/course/8H10A8030/overview?utm_source=udn&amp;utm_medium=newsrelease_orientation&amp;utm_campaign=IP
https://www.worldjournal.com/6881578/article-%e4%b8%80%e8%b5%b7%e5%81%9a-%e7%96%ab%e5%a4%96%e5%a2%9e%e9%80%b2%e8%a6%aa%e5%ad%90%e6%83%85/?ref=洛杉磯
https://www.youtube.com/watch?v=hFEZPTGiHSE
https://event.udn.com/donate/
https://udesign.udnfunlife.com/mall/cus/gbr/Cc1g03.do?dc_newcate_0=D_001
http://www.kingstone.com.tw/book/book_page.asp?kmcode=2018551658326&amp;actid=monthlynew
https://www.facebook.com/dialog/share?app_id=1996449477296165&display=popup&href=http://ulicensing.udnfunlife.com/news.php?i=82&redirect_uri=http://ulicensing.udnfunlife.com/
https://locate.apple.com/tw/zh/
https://www.104.com.tw/jobbank/custjob/index.php?r=cust&j=684048713a3c446d363840693e443c1f22f2f2f714772442624j56&jobsource=checkc
https://www.ntcri.gov.tw/content_292.html?kdid=DA07
https://udn.com/news/story/120887/4486397?from=udn-catelistnews_ch2
http://watch.nba.com/packages?ls=leaguepass:localsite:taiwan:generic:banner
http://www.plurk.com/?status=https://money.udn.com/money/story/12040/4493881&nbsp;(&nbsp;中鋼 vs.統一股票各放10年，投報率多少？存錯股差很大，這類個股不適合「存」！&nbsp;)
https://lihi1.com/l0Sk4
https://wjad.s3.amazonaws.com/pr/2020weichuan/NY00220124001.htm?utm_source=wjhome_icon&utm_campaign=2020weichuan_icon
http://www.nba.com/bobcats/
https://s3.amazonaws.com/wjad/ratecard/index.htm
https://taicca.tw/news/25
https://goo.gl/NmGKyo
http://unitas.udngroup.com.tw/camp/camp2013/index.html
https://pgw.udn.com.tw/gw/photo.php?u=https://uc.udn.com.tw/photo/2018/03/07/draft/4551328.jpg&amp;x=0&amp;y=0&amp;sw=0&amp;sh=0&amp;sl=W&amp;fw=1050&amp;exp=3600
https://tw.global.nba.com/standings/
https://pse.is/PZ88K
https://line.me/R/ti/p/%40nba_taiwan
https://oops.udn.com/
https://topic.udn.com/event/2020_0413
https://tickets.udn.com/
https://video.udn.com/nba/1169447
https://uevent.udnfunlife.com/review.php
https://www.instagram.com/udnstars/
https://www.apple.com/tw/shop/goto/bag
http://www.wjlife.com/
https://tickets.udnfunlife.com/../UTK01/UTK0101_051.aspx?NEWS=N0658BJ1
https://udncollege.udn.com/category/goodreads/
https://www.linkedin.com/company/2224361/
https://udndata.com/
https://funddata.udn.com/Base/FundNavOverview/A01570
http://line.naver.jp/R/msg/text/?療癒暖心「麻吉貓」，商品合作吸引粉絲收藏%0D%0Ahttp://ulicensing.udnfunlife.com/news.php?i=27
https://twitter.com/intent/tweet?text=史上最便宜iPhone來了 台幣14,500元起跳&url=https://money.udn.com/money/story/5599/4495238
http://reading.udn.com/bookDesc.do?id=153114
http://bit.ly/2bzT5cm
http://on.fb.me/1Sygue5
http://www.taaze.tw/sell_used_books.html
https://ulicensing.udnfunlife.com
https://udnfunlife.com/investors.php
https://itunes.apple.com/hk/app/udn-shou-piao-wang/id999285134?l=zh&mt=8
http://edn.udn.com/ACT/expo/global/
https://hiking.biji.co/index.php?q=member&act=album&member=505162
https://www.cens.com/censv1/zh/search_list.jsp?TYPE=prd&QRY=Metal+Pin
https://www.mvdis.gov.tw/m3-emv-car/fee/fuelFee
https://member.udn.com/member/ShowMember?site=uTravel&redirect=https://utravel.udn.com/
http://blog.udn.com/gloomybear/84064356?list_ch2_index
https://running.biji.co/index.php?q=question&act=detail&q_id=417&utm_source=UDN&utm_medium=index&utm_campaign=每日一問答題
http://syzstudio.com/
https://story.worldjournal.com/lawyer/
http://www.udngroup.com/articles/25576a5c-3841-452c-9eac-a5bbb428dfcc
http://www.books.com.tw/products/0010654382
http://www.unitas.me/?cat=871
https://shopping.udn.com/mall/cus/cat/Cc1c01.do?dc_cateid_0=Y_004_006_012&kdid=NC06
https://utravel.udn.com
http://www.linkingbooks.com.tw
https://ggc.hkxf.com.tw/course/8H10A8030/overview?utm_source=udn&amp;utm_medium=newsrelease_course&amp;utm_campaign=IP
https://www.worldjournal.com/6881570/article-%e5%ae%85%e5%9c%a8%e5%ae%b6-%e6%b4%97%e6%96%b0%e9%9d%a9%e9%9d%a2%e5%a5%bd%e6%99%82%e6%a9%9f/?ref=洛杉磯
https://www.youtube.com/watch?v=wjxzGuwr6cM&t=8s
http://event.udn.com/line/
https://udesign.udnfunlife.com/mall/Cc1a00.do?sid=uevent&utm_source=uevent&utm_medium=familybar
http://www.kingstone.com.tw/event/1409_a227/227.asp?
https://www.facebook.com/dialog/share?app_id=1996449477296165&display=popup&href=http://ulicensing.udnfunlife.com/news.php?i=73&redirect_uri=http://ulicensing.udnfunlife.com/
https://www.104.com.tw/jobbank/custjob/index.php?r=cust&j=3860426b5a46402552683a1d1d1d1d5f24437323189j56
https://udn.com/news/story/6809/4495237?from=udn-catelistnews_ch2
http://watch.nba.com/packages?ls=leaguepass:localsite:tw:udn:topnav
http://www.plurk.com/?status=https://money.udn.com/money/story/5599/4495238&nbsp;(&nbsp;史上最便宜iPhone來了 台幣14,500元起跳&nbsp;)
https://lihi.cc/2GwX0
https://wjad.s3.amazonaws.com/pr/2020health/index.htm?utm_source=wjhome_icon&utm_campaign=2020_health
http://www.nba.com/pacers/
https://goo.gl/Uyf8h5
http://unitas.udngroup.com.tw/index-2.html
https://pgw.udn.com.tw/gw/photo.php?u=https://uc.udn.com.tw/photo/2018/10/17/draft/5405448.jpeg&amp;x=0&amp;y=0&amp;sw=0&amp;sh=0&amp;exp=3600
https://tw.global.nba.com/statistics/
https://oops.udn.com/oops/index?familybar_hide
https://topic.udn.com/event/2019news_review_06
https://video.udn.com/nba/1171497
https://uevent.udnfunlife.com/
https://www.instagram.com/opinion.udn/
https://www.apple.com/choose-country-region/
https://tickets.udnfunlife.com/application/UTK02/UTK0201_.aspx?PRODUCT_ID=N019S9G4&kdid=A01
https://udncollege.udn.com/3955/
https://udndata.com/ndapp/upoint/udntag/Index
https://udn.megatime.com.tw/asp/hot/DailyQuote.asp?lcount=20&m=puplim
http://line.naver.jp/R/msg/text/?史上最療癒貓咪茶包！不二堂X貓小姐Ms.Cat萌翻你的茶杯！%0D%0Ahttp://ulicensing.udnfunlife.com/news.php?i=74
https://twitter.com/intent/tweet?text=性價比之王iPhone SE 正式發表 台幣14,500元起跳&url=https://money.udn.com/money/story/5599/4495100
http://reading.udn.com/bookDesc.do?id=159995
http://bit.ly/2bKWWpC
http://on.fb.me/1rqm0OX
https://ulicensing.udnfunlife.com/?utm_source=uT&utm_medium=familybar
https://www.udnfunlife.com
https://apps.apple.com/tw/app/%E6%97%BA%E6%97%BA%E4%B8%AD%E6%99%82/id393077337
http://edn.udn.com/ACT/fashion/2019/CENTRESTAGE
https://hiking.biji.co/index.php?q=trail&act=promote&id=320
https://www.cens.com/cens/html/zh/category/cate_list_H85.html
https://www.mvdis.gov.tw/m3-emv/vil/index
https://member.udn.com/member/login.jsp?site=news&redirect='+$('meta[property=
http://blog.udn.com/?familybar_hide
https://running.biji.co/index.php?q=news&act=info&id=103361&utm_source=UDN&utm_medium=index&utm_campaign=熱門文章3
https://story.worldjournal.com/tips/
http://www.udngroup.com/portfolio/cis_events
http://www.books.com.tw/exep/prod/booksfile.php?item=0010594535
http://www.unitas.me/?cat=197
https://shopping.udn.com/mall/cus/cat/Cc1c01.do?dc_cateid_0=B_004_005_025&kdid=NC06
https://utravel.udn.com/activities/travel_intro.jsp?type=new&cate=11&aid=794
http://www.linkingbooks.com.tw/LNB/book/Book.aspx?ID=1S01426
https://www.worldjournal.com/6891351/article-%e7%96%ab%e6%83%85%e8%a1%9d%e6%93%8a%e7%b6%93%e6%bf%9f-%e7%94%b3%e8%ab%8b%e7%b4%93%e5%9b%b0%e5%89%8d-3%e5%95%8f%e9%a1%8c%e5%85%88%e6%83%b3%e6%b8%85%e6%a5%9a/?ref=武漢肺炎影響
https://www.youtube.com/watch?v=0MOzlRCKekw
http://event.udn.com/AD/
https://udesign.udnfunlife.com/mall/cus/inf/ShoppingGuide.do
http://www.kingstone.com.tw/book/book_page.asp?kmcode=2018578823639&amp;show=freeread
https://www.facebook.com/dialog/share?app_id=1996449477296165&display=popup&href=http://ulicensing.udnfunlife.com/news.php?i=57&redirect_uri=http://ulicensing.udnfunlife.com/
https://udn.com/news/story/7320/4442386?from=udn-referralnews_ch2artbottom
http://www.plurk.com/?status=https://money.udn.com/money/story/5930/4493253&nbsp;(&nbsp;賣愈慢賠愈多？這社區頂樓戶認賠2,100萬元出場&nbsp;)
http://www.nba.com/hornets/
https://goo.gl/VTwHvw
http://unitas.udngroup.com.tw/all/all.html
https://pgw.udn.com.tw/gw/photo.php?u=https://uc.udn.com.tw/photo/2018/03/07/draft/4551332.jpg&amp;x=0&amp;y=0&amp;sw=0&amp;sh=0&amp;sl=W&amp;fw=1050&amp;exp=3600
https://tw.global.nba.com/playoffpicture/
http://ipost.udn.com/ipost/index.do
https://topic.udn.com/event/2020_0330
https://video.udn.com/nba/1173532
https://uevent.udnfunlife.com/./PompidoukidsinAsia3yrproject/news?id=522
https://www.apple.com/tw/legal/terms/site.html
https://tickets.udnfunlife.com/application/UTK01/UTK0101_.aspx
https://udncollege.udn.com/category/competition/workshop/
https://udndata.com/ndapp/Index
https://udn.megatime.com.tw/asp/realquote/quote.asp?m=HTML
http://line.naver.jp/R/msg/text/?公司簡介%0D%0Ahttp://ulicensing.udnfunlife.com/index.php?i=1
https://twitter.com/intent/tweet?text=躋身天龍國有捷徑 十大親民路段2字頭可買到&url=https://money.udn.com/money/story/5621/4492983
http://reading.udn.com/bookCate.do?mcate=30
http://bit.ly/1OjPtqf
http://on.fb.me/1Hh9Pi0
https://ulicensing.udnfunlife.com/news.php
https://udnfunlife.com/./
https://apps.apple.com/tw/app/%E6%AF%8F%E6%97%A5%E6%96%B0%E9%97%BB-%E5%A4%9A%E6%BA%90%E6%96%B0%E9%97%BB%E9%98%85%E8%AF%BB%E5%99%A8/id576210200
http://edn.udn.com/
https://hiking.biji.co/index.php?q=album&act=photo_list&album_id=22681
https://www.cens.com/censv1/zh/webselectsuppliers.jsp
https://www.mvdis.gov.tw/
https://member.udn.com/member/privacy.htm
http://blog.udn.com/yueyuewenren
https://running.biji.co/index.php?q=album&act=photo&ap_id=30402232&utm_source=UDN&utm_medium=index&utm_campaign=本日主打星-照片2
https://story.worldjournal.com/2020_lantern/?utm_source=wj2020_icon&utm_campaign=2020_Lantern
http://www.udngroup.com/articles/b77c3c32-fae1-4c37-a5dc-e857fdeb0f83
https://www.books.com.tw/products/0010834078
http://www.unitas.me/?author=272
https://shopping.udn.com/mall/cus/cat/Cc1c01.do?dc_cateid_0=N_006_012&kdid=NC06
https://utravel.udn.com/activities/travel_intro.jsp?type=record&cate=4&aid=577
http://www.worldjournal.com/category/eva/
https://www.youtube.com/watch?v=lk0EyeKNIkY
https://event.udn.com/udnsubscribe
https://udesign.udnfunlife.com/mall/cus/cat/Cc1c01.do?dc_cateid_0=A_053&kdid=AH02
http://www.kingstone.com.tw/book/book_page.asp?kmcode=2018578823509
https://www.facebook.com/opinion.udn/
https://udn.com/news/cate/2/7225?list_ch2_index
http://www.plurk.com/?status=https://money.udn.com/money/story/5621/4492983&nbsp;(&nbsp;躋身天龍國有捷徑 十大親民路段2字頭可買到&nbsp;)
http://www.nba.com/thunder/
https://goo.gl/VbaZ6j
http://unitas.udngroup.com.tw/camp/camp2011/index.html
https://pgw.udn.com.tw/gw/photo.php?u=https://uc.udn.com.tw/photo/2019/01/04/draft/5750682.jpg&amp;x=0&amp;y=0&amp;sw=0&amp;sh=0&amp;exp=3600
https://tw.global.nba.com/teamindex/
https://topic.udn.com/event/2019news_review_03
https://video.udn.com/nba/1173893
https://uevent.udnfunlife.com/./PompidoukidsinAsia3yrproject/news?id=552
https://www.apple.com/tw/sitemap/
https://tickets.udnfunlife.com/application/UTK01/UTK0101_07.aspx
https://udncollege.udn.com/4149/
https://udndata.com/ndapp/Index?familybar_hide
https://stock.udn.com/asp/market/ranktop.asp?m=selfbuysell&d=1&align=v
https://line.naver.jp/R/msg/text/?歐美日手工梳都來自台灣？打造在地品牌傳承四十年手藝%0D%0Ahttps://www.udnfunlife.com/news.php?i=401
https://twitter.com/intent/tweet?text=中鋼 vs.統一股票各放10年，投報率多少？存錯股差很大，這類個股不適合「存」！&url=https://money.udn.com/money/story/12040/4493881
http://reading.udn.com/bookDesc.do?id=160603
https://bit.ly/2XsoFmh
https://ulicensing.udnfunlife.com/
https://udnfunlife.com/CSR.php
https://apps.apple.com/tw/app/%E8%8B%B9%E6%9E%9C%E6%96%B0%E9%97%BB%E7%BD%91/id410176673
http://edn.udn.com/ACT/fashion/2019/fashionweekss/
https://hiking.biji.co/index.php?q=member&act=album&member=542117
https://www.cens.com/censv1/zh/search_list.jsp?TYPE=prd&QRY=Solar+Window+Film
https://member.udn.com/member/login.jsp?site=money&again=y&redirect=' + $('meta[property=
http://blog.udn.com/jadechen123
https://running.biji.co/index.php?q=topic&act=article&specialid=24&topicid=231&utm_source=UDN&utm_medium=index&utm_campaign=裝備要領
https://story.worldjournal.com/doctor/
http://www.udngroup.com/activies/ad
https://www.books.com.tw/products/0010795656?loc=P_007_004
http://www.unitas.me/?cat=731
https://ubrand.udn.com/rss/lists/8006
https://utravel.udn.com/activities/travel_intro.jsp?type=record&cate=4&aid=653
https://www.worldjournal.com/6274766/article-3步驟-教你把世界新聞網加到手機主畫面/?ref=首頁icon
https://www.youtube.com/watch?v=vVO61aziixc&t=25s
https://event.udn.com/index/index.html
https://udesign.udnfunlife.com/mall/cus/gbr/Cc1g03.do?dc_newcate_0=B_008
http://www.kingstone.com.tw/book/book_page.asp?kmcode=2018578823639
https://www.facebook.com/dialog/share?app_id=1996449477296165&display=popup&href=http://ulicensing.udnfunlife.com/news.php?i=63&redirect_uri=http://ulicensing.udnfunlife.com/
https://udn.com/news/story/121067/4495395?list_ch2_index
http://www.plurk.com/?status=https://money.udn.com/money/story/5599/4495100&nbsp;(&nbsp;性價比之王iPhone SE 正式發表 台幣14,500元起跳&nbsp;)
http://www.nba.com/australia
https://goo.gl/ZSdpC4
http://unitas.udngroup.com.tw/camp/camp2010/index.html
https://pgw.udn.com.tw/gw/photo.php?u=https://uc.udn.com.tw/photo/2018/03/07/draft/4551327.jpg&amp;x=0&amp;y=0&amp;sw=0&amp;sh=0&amp;sl=W&amp;fw=1050&amp;exp=3600
https://tw.global.nba.com/statistics/leagueleaders/
https://topic.udn.com/wuhanvirus/news?form=udn_ch2_common3_index
https://video.udn.com/nba/1173757
https://uevent.udnfunlife.com/?utm_source=uT&utm_medium=familybar
https://www.apple.com/tw/iphone/
https://tickets.udnfunlife.com/application/UTK02/UTK0206_.aspx
https://udncollege.udn.com/4080/
http://udndata.com/udnauthority.html
https://udn.megatime.com.tw/asp/realquote/quote.asp?menu=tse&marketindex=2&kindindex=0&m=HTML
http://line.naver.jp/R/msg/text/?臺灣圖像打進國際授權生態圈，跨域合作商機無限%0D%0Ahttp://ulicensing.udnfunlife.com/news.php?i=51
http://reading.udn.com/bookDesc.do?id=160608
http://bit.ly/1IZy8ia
https://ulicensing.udnfunlife.com/brand.php
https://udnfunlife.com/memagr.php
https://apps.apple.com/tw/app/%E5%A4%A9%E4%B8%8B%E9%9B%9C%E8%AA%8C%E6%AF%8F%E6%97%A5%E5%A0%B1/id756182893
https://hiking.biji.co/index.php?q=trail&act=promote&id=199
https://www.cens.com/cens/html/gb/
https://member.udn.com/member/ShowMember?site=money&redirect=' + $('meta[property=
http://city.udn.com/12
https://running.biji.co/index.php?q=news&act=info&id=103373&utm_source=UDN&utm_medium=index&utm_campaign=熱門文章4
https://story.worldjournal.com/evaair/?utm_source=WJhome&utm_medium=referral&utm_campaign=2019_evaair
http://www.udngroup.com/information/map
https://www.books.com.tw/products/0010847022
http://www.unitas.me/?cat=757
https://money.udn.com/money/story/8853/4466014
https://utravel.udn.com/activities/index.jsp?type=new&cate=10
https://www.worldjournal.com/page-contact_us-e/
https://www.youtube.com/channel/UC2M61YK4ntt9iK-23XhDwcw
https://udesign.udnfunlife.com/mall/cus/cat/Cc1c01.do?dc_cateid_0=B_027&kdid=AH02
http://www.kingstone.com.tw/book/book_page.asp?kmcode=2018578823509&amp;show=freeread
https://www.facebook.com/readgoodtw/
https://udn.com/news/story/7320/4490619?from=udn-referralnews_ch2artbottom
http://www.nba.com/ukraine
https://play.google.com/store/apps/details?id=com.udn.udntickets
http://unitas.udngroup.com.tw/camp/camp2008/index.html
https://pgw.udn.com.tw/gw/photo.php?u=https://uc.udn.com.tw/photo/2018/07/25/draft/5047759.jpg&amp;x=0&amp;y=0&amp;sw=0&amp;sh=0&amp;sl=W&amp;fw=1050&amp;exp=3600
https://tw.global.nba.com/draft/
https://topic.udn.com/event/marcobelli
https://video.udn.com/nba/1171487
https://uevent.udnfunlife.com/newsdetail.php?id=569
https://www.apple.com/tw/mac/
https://tickets.udnfunlife.com/application/UTK13/UTK1300_000.aspx
https://udncollege.udn.com/%e3%80%8c%e7%ac%ac13%e5%b1%86%e8%81%af%e5%90%88%e7%9b%83%e3%80%8d%e6%b1%ba%e8%b3%bd%e4%bd%9c%e5%93%81/
https://udndata.com/promo/LiterDB/unitas.html
https://stock.udn.com/asp/market/ranktwf.asp?m=buysell&d=1&align=v
http://line.naver.jp/R/msg/text/?麻吉貓攜手好日子一起賣萌做環保%0D%0Ahttp://ulicensing.udnfunlife.com/project.php?i=53
http://reading.udn.com/series.do?t=B
http://bit.ly/1FtrhfI
https://ulicensing.udnfunlife.com/?utm_source=udnfunlife&utm_medium=familybar
https://udnfunlife.com
https://itunes.apple.com/tw/genre/id6009
https://hiking.biji.co/index.php?q=news&act=info&id=16578
https://www.cens.com/censv1/zh/search_list.jsp?TYPE=prd&QRY=Electronic+Counting
https://member.udn.com/member/login.jsp?site=m_money&again=y&redirect=' + $('meta[property=
http://blog.udn.com/marrie
https://running.biji.co/?q=buy&utm_source=UDN&utm_medium=index&utm_campaign=購物
https://story.worldjournal.com/nylife/?utm_source=nylife_icon&utm_medium=referral
http://www.udngroup.com/activies/uen_ad
http://www.books.com.tw/exep/prod/booksfile.php?item=0010652352
http://www.unitas.me/?cat=732
https://shopping.udn.com/mall/cus/cat/Cc1c01.do?dc_cateid_0=D_015_002&kdid=NC06
https://utravel.udn.com/activities/index.jsp?type=new&cate=8
https://www.worldjournal.com/6891313/article-%e6%b4%9b%e7%b8%a3%e7%a2%ba%e8%a8%ba%e7%a0%b4%e8%90%ac-%e5%96%ae%e6%97%a5%e6%ad%bb%e4%ba%a1%e6%96%b0%e9%ab%98/?ref=大首頁_洛杉磯
https://drive.google.com/drive/folders/1070Umq0A9yRZy5RMW3aIfY6xC2lfLSfc
http://udesign.udnfunlife.com/mall/cus/event/eventPage.do?header=false&type=UD&url=http://img.udnfunlife.com/art/UDesign/FreshTaiwan2017/shanghai/index.html
https://www.facebook.com/dialog/share?app_id=1996449477296165&display=popup&href=http://ulicensing.udnfunlife.com/news.php?i=59&redirect_uri=http://ulicensing.udnfunlife.com/
https://udn.com/news/story/7251/4495157?from=udn-catelistnews_ch2
http://www.nba.com/japan
https://goo.gl/Z3kGnc
http://unitas.udngroup.com.tw/monthly/monthly.html
https://pgw.udn.com.tw/gw/photo.php?u=https://uc.udn.com.tw/photo/2019/07/01/draft/6507735.jpg&amp;x=0&amp;y=0&amp;sw=0&amp;sh=0&amp;exp=3600
https://tw.global.nba.com/scores/
https://topic.udn.com/wuhanvirus
https://video.udn.com/nba/1171498
https://uevent.udnfunlife.com/news.php
https://www.apple.com/tw/privacy/privacy-policy/
https://tickets.udnfunlife.com/application/UTK02/UTK0201_.aspx?PRODUCT_ID=N0A4XTIY&kdid=A01
https://udncollege.udn.com/2180/
http://udndata.com/
https://udn.megatime.com.tw/asp/tfe/tfe_quote_new.asp?m=HTML
http://line.naver.jp/R/msg/text/?黃色書刊透過創意漫畫 ，募集粉絲的勇氣故事！%0D%0Ahttp://ulicensing.udnfunlife.com/news.php?i=40
https://reading.udn.com/v2/bookDesc.do?id=159460&amp;utm_source=readingbook_PC&amp;utm_medium=980x380
http://bit.ly/1BtARym
http://ulicensing.udnfunlife.com/upload/images/LIMA/20180121-1.jpg
https://udnfunlife.com/./en
https://apps.apple.com/tw/app/%E6%9D%B1%E6%A3%AE%E6%96%B0%E8%81%9E/id453387591
https://hiking.biji.co/index.php?q=trail&act=promote&id=322
https://www.cens.com/cens/html/zh/category/cate_list_G40.html
https://member.udn.com/member/login.jsp?site=uTravel&redirect=https://utravel.udn.com/
http://blog.udn.com/chihyun
https://running.biji.co//index.php?q=topic&act=article&specialid=20&utm_source=UDN&utm_medium=index&utm_campaign=看更多傷害防護
https://story.worldjournal.com/chinesefood/
http://www.udngroup.com/articles/b48dbd1b-7cdc-4a2f-9796-df741b171080
http://www.books.com.tw/products/0010611281
http://www.unitas.me/?cat=762
https://shopping.udn.com/mall/cus/cat/Cc1c01.do?dc_cateid_0=E_002&kdid=AH02
https://utravel.udn.com/service/index.jsp?type=contact
https://www.worldjournal.com/6892864/article-%e5%8a%a0%e5%b7%9e%e5%ae%a3%e5%b8%83%ef%bc%9a15%e8%90%ac%e7%84%a1%e8%ad%89%e5%ae%a2-%e6%af%8f%e4%ba%ba%e7%99%bc500%e5%85%83%e7%b4%93%e5%9b%b0%e7%8f%be%e9%87%91/?ref=首頁_今日重點
https://www.youtube.com/channel/UC7ns2VXylNbcak-Yj6nQzNA
https://udesign.udnfunlife.com/mall/cus/cat/Cc1c01.do?dc_cateid_0=0_059_058_613&kdid=DA08
https://www.facebook.com/dialog/share?app_id=1996449477296165&display=popup&href=http://ulicensing.udnfunlife.com/news.php?i=67&redirect_uri=http://ulicensing.udnfunlife.com/
https://udn.com/news/story/7320/4495070?list_ch2_index
http://www.nba.com/timberwolves/
https://goo.gl/6LaogF
http://unitas.udngroup.com.tw/camp/camp2009/index.html
https://pgw.udn.com.tw/gw/photo.php?u=https://uc.udn.com.tw/photo/2019/01/25/draft/5845079.jpg&amp;x=0&amp;y=0&amp;sw=0&amp;sh=0&amp;exp=3600
https://tw.global.nba.com/statistics/teamstats/
https://topic.udn.com/wuhanvirus/news
https://video.udn.com/nba/1171484
https://uevent.udnfunlife.com/./PompidoukidsinAsia3yrproject/news?id=529
https://www.apple.com/tw/tv/
https://tickets.udnfunlife.com/application/UTK13/UTK1307_.aspx
https://udncollege.udn.com/tag/%e5%af%ab%e4%bd%9c/
https://udndata.com
http://udn.megatime.com.tw/asp/realquote/weight_mcs.asp
http://line.naver.jp/R/msg/text/? Fresh Taiwan 原創角色直送日本 小人物情感收服人心%0D%0Ahttp://ulicensing.udnfunlife.com/news.php?i=47
http://reading.udn.com/libnew/udnlib_promote/
http://bit.ly/1WAo5LF
https://ulicensing.udnfunlife.com/project.php
https://udnfunlife.com/news.php
https://itunes.apple.com/hk/app/udn-shou-piao-wang/id999285134?l=zh&amp;mt=8
https://hiking.biji.co/index.php?q=trail&act=promote&id=303
https://www.cens.com/cens/html/zh/exhibition/exh_home.html
https://member.udn.com/member/login.jsp?site=m&redirect=https://ubrand.udn.com&again=y
http://blog.udn.com/HungGee
https://running.biji.co/index.php?q=topic&act=article&specialid=20&topicid=194&utm_source=UDN&utm_medium=index&utm_campaign=防護觀念
https://story.worldjournal.com/christmas/?utm_source=WJhome&utm_medium=referral&utm_campaign=2019_christmas
http://www.udngroup.com/portfolio
https://www.books.com.tw/products/0010814026
http://www.unitas.me/?cat=753
https://shopping.udn.com/mall/cus/cat/Cc1c01.do?dc_cateid_0=I_012_005&kdid=NC06
https://utravel.udn.com/activities/index.jsp?type=new&cate=4
https://www.worldjournal.com/6893054/article-%e7%be%85%e6%96%af%e7%a6%8f%e8%99%9f%e7%bf%bb%e7%89%88%ef%bc%81%e6%b3%95%e8%88%aa%e6%af%8d%e6%88%b4%e9%ab%98%e6%a8%82%e8%99%9f%e6%89%93%e6%93%8a%e7%be%a4668%e5%90%8d%e5%ae%98%e5%85%b5%e6%9f%93/?ref=首頁_即時NOW
https://www.youtube.com/channel/UCvH0sPinHZ1inKg3djm6UqA
https://udesign.udnfunlife.com/mall/cus/cat/Cc1c01.do?dc_cateid_0=D_035&kdid=AH02
https://www.facebook.com/dialog/share?app_id=1996449477296165&display=popup&href=http://ulicensing.udnfunlife.com/news.php?i=53&redirect_uri=http://ulicensing.udnfunlife.com/
https://udn.com/news/story/7331/4495726?from=udn-catebreaknews_ch2
http://www.nba.com/lithuania
https://goo.gl/kuM1Vw
http://unitas.udngroup.com.tw/foundation.html
https://pgw.udn.com.tw/gw/photo.php?u=https://uc.udn.com.tw/photo/2019/01/25/draft/5845083.jpg&amp;x=0&amp;y=0&amp;sw=0&amp;sh=0&amp;exp=3600
https://topic.udn.com/udnwineacademy/index
https://video.udn.com/news/1174059
https://uevent.udnfunlife.com/newsdetail.php?id=516
https://www.apple.com/tw/retail/
https://tickets.udnfunlife.com/application/UTK02/UTK0201_.aspx?PRODUCT_ID=N09GIM5C&kdid=A01
https://udncollege.udn.com/tag/%e8%81%b0%e6%98%8e%e7%9c%8b%e5%aa%92%e9%ab%94/
http://udndata.com
https://udn.megatime.com.tw/asp/hot/ShortOperate.asp?lcount=20&m=puplim&align=v
http://line.naver.jp/R/msg/text/?喵星人魅力無法擋！跟著貓小姐一起Fun台灣%0D%0Ahttp://ulicensing.udnfunlife.com/news.php?i=61
http://reading.udn.com/discount.do?k=0
http://bit.ly/1N5aGT9
https://ulicensing.udnfunlife.com/index.php
https://apps.apple.com/tw/app/1campus/id1273657906
https://hiking.biji.co/index.php?q=member&act=album&member=828809
https://www.cens.com/cens/html/zh/category/cate_list_V.html
https://member.udn.com/member/login.jsp?site=style&redirect=https://style.udn.com&again=y
http://blog.udn.com/wuiwai
https://running.biji.co/index.php?q=news&act=info&id=103384&utm_source=UDN&utm_medium=index&utm_campaign=熱門文章0
https://story.worldjournal.com/deliverytakeout-2020/?utm_source=wjhome_icon&utm_campaign=2020_deliverytakeout_168x72
http://www.udngroup.com/portfolio/udn_films
https://www.books.com.tw/products/0010822132
http://www.unitas.me/?cat=3
https://shopping.udn.com/mall/cus/cat/Cc1c01.do?dc_cateid_0=Q_002_016_060&kdid=NC06
https://utravel.udn.com/mytravel/index.jsp
https://www.worldjournal.com/6892988/article-%e5%8f%b2%e7%84%a1%e5%89%8d%e4%be%8b%ef%bc%81%e5%b7%9d%e6%99%ae%e8%84%85%e8%bf%ab%e5%9c%8b%e6%9c%83%e4%bc%91%e6%9c%83-%e6%83%b3%e7%9b%b4%e6%8e%a5%e4%bb%bb%e5%91%bd%e5%ae%98%e5%93%a1/?ref=美國即時
https://www.youtube.com/watch?v=xwaBlRiXyvw
https://udesign.udnfunlife.com/mall/cus/cat/Cc1c01.do?dc_cateid_0=E_028&kdid=AH02
https://www.facebook.com/dialog/share?app_id=1996449477296165&display=popup&href=http://ulicensing.udnfunlife.com/brand.php?i=1&redirect_uri=http://ulicensing.udnfunlife.com/
https://udn.com/news/story/7266/4495743
http://www.nba.com/heat/
https://goo.gl/WZ9WkD
http://unitas.udngroup.com.tw/history/history.html
https://pgw.udn.com.tw/gw/photo.php?u=https://uc.udn.com.tw/photo/2018/06/28/draft/4927624.jpg&amp;x=0&amp;y=0&amp;sw=0&amp;sh=0&amp;sl=W&amp;fw=1050&amp;exp=3600
https://topic.udn.com/event/2019news_review_05
https://video.udn.com/nba/1171398
https://uevent.udnfunlife.com/newsdetail.php?id=463
https://www.apple.com/tw/music/
https://tickets.udnfunlife.com/application/UTK01/UTK0101_.aspx?&amp;SID=90&amp;utm_source=udn.com&amp;utm_medium=news&amp;utm_campaign=1712_color&amp;utm_term=backuT_180307
https://udncollege.udn.com/grvip/
http://line.naver.jp/R/msg/text/?二搞創意無限公司 Buddy Make Studio%0D%0Ahttp://ulicensing.udnfunlife.com/brand.php?i=1
http://reading.udn.com/bookDesc.do?id=156750
http://bit.ly/1PlT9H1
https://apps.apple.com/tw/developer/udn-com/id370132216
https://hiking.biji.co/index.php?q=member&act=article&member=544911
https://www.cens.com/cens/html/zh/category/cate_list_A2211.html
https://member.udn.com/member/ShowMember?site=news&redirect='+$('meta[property=
http://blog.udn.com/lohas1765
https://running.biji.co//index.php?q=topic&act=article&specialid=24&utm_source=UDN&utm_medium=index&utm_campaign=新手專區
https://story.worldjournal.com/
http://www.udngroup.com/2c/index.jsp
http://www.books.com.tw/products/0010668918
http://www.unitas.me/?p=13826
https://money.udn.com/money/story/5607/4494487
https://utravel.udn.com/activities/index.jsp?type=new
https://www.worldjournal.com/6891916/article-%e6%97%85%e7%be%8e%e5%a4%ab%e5%a9%a6%e7%a2%ba%e8%a8%ba-%e7%84%a1%e5%81%a5%e4%bf%9d%e6%83%b9%e8%ad%b0-%e8%98%87%e8%b2%9e%e6%98%8c%ef%bc%9a%e4%ba%ba%e6%83%85%e4%b9%8b%e5%b8%b8%e5%88%a5%e8%a8%88%e8%bc%83/?ref=武漢肺炎襲台
https://drive.google.com/drive/u/2/folders/1rJPALHzAdV3GzQho2EC_R40ibQFFgOhY
https://udesign.udnfunlife.com/mall/cus/cat/Cc1c01.do?dc_cateid_0=G_048&kdid=AH02
https://www.facebook.com/udesign.udnfunlife
https://udn.com/news/story/7266/4494296?from=udn-catehotnews_ch2
http://www.nba.com/lakers/
https://goo.gl/w3egeQ
http://unitas.udngroup.com.tw/books/a/a617/a617.html
https://pgw.udn.com.tw/gw/photo.php?u=https://uc.udn.com.tw/photo/2018/03/07/draft/4551326.jpg&amp;x=0&amp;y=0&amp;sw=0&amp;sh=0&amp;sl=W&amp;fw=1050&amp;exp=3600
https://topic.udn.com/event/2020_0406
https://video.udn.com/nba/1171458
https://uevent.udnfunlife.com/./
https://www.apple.com/tw/shop/goto/help/sales_refunds
https://tickets.udnfunlife.com/application/UTK02/UTK0201_.aspx?PRODUCT_ID=N09UUWZ4&kdid=A01
https://udncollege.udn.com/3972/
http://line.naver.jp/R/msg/text/? 2018年 LIMA亞洲授權業卓越大獎評審准則%0D%0Ahttp://ulicensing.udnfunlife.com/news.php?i=38
https://reading.udn.com/v2/bookDesc.do?id=157309&amp;utm_source=readingbook_PC&amp;utm_medium=240x80
http://bit.ly/1MXyM6l
https://hiking.biji.co/index.php?q=trail&act=promote&id=321
https://www.cens.com/cens/html/zh/category/cate_list_M0111.html
https://member.udn.com/member/ShowMember?site=news&redirect=http://udn.com
http://blog.udn.com/paulawang
https://running.biji.co/?q=news&utm_source=UDN&utm_medium=index&utm_campaign=文章
http://www.udngroup.com/articles/4465c93d-33f9-4318-bbc7-857892a3b9e5
http://www.books.com.tw/products/0010630908
http://www.unitas.me/?p=13455
https://shopping.udn.com/mall/cus/cat/Cc1c01.do?dc_cateid_0=D_003_020_002&kdid=NC06
https://utravel.udn.com/service/index.jsp?type=about
https://www.worldjournal.com/6892300/article-%e9%80%9a%e5%a0%b1%e4%b8%96%e8%a1%9b%e7%a4%ba%e8%ad%a6%e6%96%b0%e5%86%a0%e8%82%ba%e7%82%8e-%e7%ab%9f%e6%98%af%e5%9b%a0%e4%bb%96%e7%9d%a1%e4%b8%8d%e8%91%97%e4%b8%8aptt/?ref=武漢肺炎襲台
https://www.youtube.com/watch?v=fltqt3bFiY0
https://udesign.udnfunlife.com/mall/cus/gbr/Cc1g03.do?dc_btn_0=Func_Read_Design_Article&dc_xuid_0=1736
https://www.facebook.com/sharer/sharer.php?u=https://money.udn.com/money/story/5599/4495238
https://udn.com/news/story/7270/4444369
http://www.nba.com/nuggets/
https://goo.gl/WUY3N3
http://unitas.udngroup.com.tw/activity/activity.html
https://p.udn.com.tw/upf/upeople/index.html
https://topic.udn.com/event/2020_0323
https://video.udn.com/nba/1169497
https://uevent.udnfunlife.com/./PompidoukidsinAsia3yrproject/news?id=521
https://www.apple.com/tw/search
https://tickets.udnfunlife.com/application/UTK02/UTK0201_.aspx?PRODUCT_ID=N08WRB88&kdid=A04
https://udncollege.udn.com
http://line.naver.jp/R/msg/text/?貓小姐Ms.Cat聖誕貼圖應景登場！聖誕節交換禮物就是要「貓」一下%0D%0Ahttp://ulicensing.udnfunlife.com/news.php?i=72
http://reading.udn.com/bookDesc.do?id=160735
http://bit.ly/1HEfAa0
https://hiking.biji.co/index.php?q=trail&act=promote&id=316
https://www.cens.com/cens/html/zh/category/cate_list_H48.html
https://member.udn.com/member/login.jsp
http://blog.udn.com/reading/91895862
https://running.biji.co/index.php?q=topic&act=article&specialid=20&topicid=196&utm_source=UDN&utm_medium=index&utm_campaign=貼紮
http://www.udngroup.com/articles/8b26f8c5-cac7-409f-957c-a41cd49641a2
https://www.books.com.tw/products/0010808179?loc=P_007_001
http://www.unitas.me/?cat=755
https://stars.udn.com/star/story/10091/4494758
http://utravel.udn.com
https://www.worldjournal.com/6893026/article-%e3%80%8c%e6%88%91%e5%89%9b%e6%ae%ba%e6%ad%bb%e7%88%b6%e8%a6%aa%e3%80%8d26%e6%ad%b2%e5%b8%83%e7%a2%8c%e5%b4%99%e4%ba%9e%e8%a3%94%e5%a4%b1%e6%a5%ad%e7%94%b7%e5%ad%90%e5%bc%92%e7%88%b6%e5%be%8c%e8%87%aa/?ref=大首頁_紐約
https://udesign.udnfunlife.com/mall/cus/cat/Cc1c01.do?dc_cateid_0=G_042&kdid=AH02
https://www.facebook.com/dialog/share?app_id=1996449477296165&display=popup&href=http://ulicensing.udnfunlife.com/news.php?i=41&redirect_uri=http://ulicensing.udnfunlife.com/
https://udn.com/search/tagging/2/停車場
http://www.nba.com/greece
https://goo.gl/aDX9z8
http://unitas.udngroup.com.tw/index.html
https://pgw.udn.com.tw/gw/photo.php?u=https://uc.udn.com.tw/photo/2018/10/17/draft/5405449.jpeg&amp;x=0&amp;y=0&amp;sw=0&amp;sh=0&amp;exp=3600
https://topic.udn.com/event/2019news_review_02
https://video.udn.com/nba/1171465
https://uevent.udnfunlife.com/newsdetail.php?id=551
https://www.apple.com/tw/
https://tickets.udnfunlife.com/Application/UTK02/UTK0201_.aspx?PRODUCT_ID=N09UUWZ4&utm_source=udnshopping&utm_medium=100display&utm_campaign=2003_playgames&utm_term=2020413_2020419&utm_content=100x100&kdid=NA11-2
https://udncollege.udn.com/tag/%e9%96%b1%e8%ae%80/
http://line.naver.jp/R/msg/text/?貓奴必備！貓小姐聯名行李箱限量預購 帶喵旅行超療癒%0D%0Ahttp://ulicensing.udnfunlife.com/news.php?i=48
https://reading.udn.com/act/20200413/?utm_source=readingbook_PC&amp;utm_medium=240x80
http://bit.ly/1RQEcB5
https://hiking.biji.co/index.php?q=member&act=review&member=1117168
https://www.cens.com/cens/html/zh/category/cate_list_H6207.html
https://member.udn.com/member/login.jsp?site=news&redirect=http://udn.com
http://blog.udn.com/chengshin
https://running.biji.co/?q=record&utm_source=UDN&utm_medium=index&utm_campaign=紀錄
http://www.udngroup.com/portfolio/shopping
http://www.books.com.tw/exep/prod/booksfile.php?item=0010581171
http://www.unitas.me/?author=24
https://global.udn.com/global_vision/story/8664/4427726?from=udn-referralnews_ch2artbottom
https://utravel.udn.com/activities/travel_intro.jsp?type=record&cate=4&aid=588
https://www.worldjournal.com/topic/%e9%86%ab%e8%97%a5%e6%96%b0%e8%81%9e-3/
https://udesign.udnfunlife.com/mall/cus/cat/Cc1c01.do?dc_cateid_0=M&kdid=AH02
https://www.facebook.com/udntickets/
https://udn.com/search/tagging/2/人民幣
http://www.nba.com/mavericks/
https://goo.gl/qbKXjp
http://unitas.udngroup.com.tw/publisher.html
https://pgw.udn.com.tw/gw/photo.php?u=https://uc.udn.com.tw/photo/2018/04/13/draft/4649245.jpg&amp;x=0&amp;y=0&amp;sw=0&amp;sh=0&amp;sl=W&amp;fw=1050&amp;exp=3600
https://video.udn.com/news/1174079
https://uevent.udnfunlife.com/?utm_source=udnfunlife&utm_medium=familybar
https://www.apple.com/tw/ipad/
https://tickets.udnfunlife.com/application/UTK13/UTK1301_.aspx?type=f
https://udncollege.udn.com/category/news/
http://line.naver.jp/R/msg/text/?黃色書刊 Yellow Book%0D%0Ahttp://ulicensing.udnfunlife.com/brand.php?i=9
https://reading.udn.com/v2/bookDesc.do?id=159460&amp;utm_source=readingbook_PC&amp;utm_medium=240x80
http://bit.ly/1DFRlTT
https://hiking.biji.co/index.php?q=review&act=info&review_id=10790
https://www.cens.com/censv1/zh/contactus.jsp
https://member.udn.com/member/login.jsp?site=m&redirect=https://global.udn.com&again=y
http://city.udn.com/7093
https://running.biji.co/index.php?q=video&act=single&vs_id=CFD752E5-ABD5-D15A-BD7A-989080CD1512&video_title=跑步不會使用臀大肌嗎？&utm_source=UDN&utm_medium=index&utm_campaign=跑步好影片-影片標題
https://www.udngroup.com/
https://www.books.com.tw/products/0010821983
http://www.unitas.me/?p=13525
https://shopping.udn.com/mall/cus/cat/Cc1c01.do?dc_cateid_0=S_004_004_001&kdid=NC06
https://utravel.udn.com/activities/travel_intro.jsp?type=record&cate=8&aid=709
https://www.worldjournal.com/6892583/article-%e8%91%9b%e8%ac%a8%e7%b0%bd%e7%bd%b2%e8%a1%8c%e6%94%bf%e4%bb%a4-%e9%80%b2%e5%85%a5%e5%85%ac%e5%85%b1%e5%a0%b4%e6%89%80%e8%a6%81%e6%88%b4%e5%8f%a3%e7%bd%a9%e6%88%96%e8%a1%a3%e7%89%a9%e9%81%ae%e6%93%8b/?ref=美防疫新訊
https://udesign.udnfunlife.com/' + strProdUrl + '
https://www.facebook.com/dialog/share?app_id=1996449477296165&display=popup&href=http://ulicensing.udnfunlife.com/news.php?i=27&redirect_uri=http://ulicensing.udnfunlife.com/
https://udn.com/news/story/6929/4491186?from=udn-catelistnews_ch2
http://www.nba.com/argentina
https://goo.gl/rQhJsp
http://unitas.udngroup.com.tw/camp/camp2012/index.html
https://pgw.udn.com.tw/gw/photo.php?u=https://uc.udn.com.tw/photo/2020/04/14/99/7737232.jpg&x=0&y=0&sw=0&sh=0&sl=W&fw=1050
https://video.udn.com/nba/1171488
https://uevent.udnfunlife.com/contact.php
https://www.apple.com/legal/
https://tickets.udnfunlife.com/application/UTK02/UTK0201_.aspx?PRODUCT_ID=N09GIM5C&utm_source=udnshopping&utm_medium=100display&utm_campaign=2002_vivianmaier&utm_term=2020413_2020419&utm_content=100x100&kdid=NA11-2
https://udncollege.udn.com/4043/
http://line.naver.jp/R/msg/text/?不屑精神當道！台灣新銳圖文作家不屑貓首本新書《不屑是種正能量》來囉%0D%0Ahttp://ulicensing.udnfunlife.com/news.php?i=81
http://reading.udn.com/bookCate.do?mcate=172
http://bit.ly/1St05Jg
https://hiking.biji.co/index.php?q=member&act=article&member=502239
https://www.cens.com/censv1/zh/search_list.jsp?TYPE=prd&QRY=%E9%8A%91%E5%88%80
http://blog.udn.com/nicobaby7/detail
https://running.biji.co/index.php?q=topic&utm_source=UDN&utm_medium=index&utm_campaign=精選主題
http://www.udngroup.com/portfolio/video_news
https://www.books.com.tw/products/0010845670
http://www.unitas.me/?cat=754
https://shopping.udn.com/mall/cus/cat/Cc1c01.do?dc_cateid_0=S_006&kdid=AH02
https://utravel.udn.com/activities/travel_intro.jsp?type=new&cate=11&aid=806
https://www.worldjournal.com/category/%e8%ab%96%e5%a3%87/
https://udesign.udnfunlife.com/mall/cus/adv/Cc1d01.do?dc_btn_0=Func_GetNetAdvList
https://www.facebook.com/ChineseDailyNews
https://udn.com/news/story/7016/4491133?from=udn-catelistnews_ch2
http://www.nba.com/grizzlies/
https://goo.gl/bMHDdZ
https://pgw.udn.com.tw/gw/photo.php?u=https://uc.udn.com.tw/photo/2018/03/07/draft/4551330.jpg&amp;x=0&amp;y=0&amp;sw=0&amp;sh=0&amp;sl=W&amp;fw=1050&amp;exp=3600
https://video.udn.com/nba/1169504
https://uevent.udnfunlife.com/./PompidoukidsinAsia3yrproject/news?id=523
https://www.apple.com/tw/watch/
https://tickets.udnfunlife.com/Application/UTK02/UTK0201_.aspx?PRODUCT_ID=N019S9G4&utm_source=udnshopping&utm_medium=100display&utm_campaign=1812_THINKBIG&utm_term=2020413_2020419&utm_content=100x100&kdid=NA11-2
https://udncollege.udn.com/collectionlove/
http://line.naver.jp/R/msg/text/?文策院首次徵集臺灣圖像角色進軍上海授權展 徵展報名最後倒數%0D%0Ahttp://ulicensing.udnfunlife.com/news.php?i=59
http://reading.udn.com/act/20130301/
http://bit.ly/1ObqUBB
https://hiking.biji.co/index.php?q=album&act=photo_list&album_id=22428
https://www.cens.com/cens/html/zh/category/cate_list_L12.html
http://blog.udn.com/lusfen
https://running.biji.co/index.php?q=album&act=photo&ap_id=30402207&utm_source=UDN&utm_medium=index&utm_campaign=本日主打星-照片1
http://www.udngroup.com/articles/ef71a319-d88b-4ac2-8ec9-2cf2158b49fb
http://www.books.com.tw/exep/prod/booksfile.php?item=0010637863
http://www.unitas.me/?cat=751
https://shopping.udn.com/mall/cus/event/eventPage.do?header=true&UrlRefXuid=202608312nGawabWYC2
https://utravel.udn.com/activities/travel_intro.jsp?type=record&cate=11&aid=652
https://www.worldjournal.com/6892988/article-%e5%8f%b2%e7%84%a1%e5%89%8d%e4%be%8b%ef%bc%81%e5%b7%9d%e6%99%ae%e8%84%85%e8%bf%ab%e5%9c%8b%e6%9c%83%e4%bc%91%e6%9c%83-%e6%83%b3%e7%9b%b4%e6%8e%a5%e4%bb%bb%e5%91%bd%e5%ae%98%e5%93%a1/?ref=首頁_即時NOW
https://udesign.udnfunlife.com/mall/cus/cat/Cc1c01.do?dc_cateid_0=F_039&kdid=AH02
https://www.facebook.com/dialog/share?app_id=1996449477296165&display=popup&href=http://ulicensing.udnfunlife.com/news.php?i=64&redirect_uri=http://ulicensing.udnfunlife.com/
https://udn.com/ctba/story/12960/4467935
http://www.nba.com/jazz/
https://goo.gl/2R1Dpy
https://pgw.udn.com.tw/gw/photo.php?u=https://uc.udn.com.tw/photo/2019/01/25/draft/5845084.jpg&amp;x=0&amp;y=0&amp;sw=0&amp;sh=0&amp;exp=3600
https://video.udn.com/nba/1169480
https://uevent.udnfunlife.com/events.php
https://tickets.udnfunlife.com/application/UTK13/UTK1301_.aspx
https://udncollege.udn.com/category/camp/
http://line.naver.jp/R/msg/text/?聖誕禮物就買這個！貓小姐Ms.Cat聯名銀飾優雅上市%0D%0Ahttp://ulicensing.udnfunlife.com/news.php?i=73
http://reading.udn.com/bookDesc.do?id=160525
http://bit.ly/1JQqnkb
https://hiking.biji.co/index.php?q=trail&act=promote&id=156
https://www.cens.com/cens/html/zh/category/cate_list_H71.html
http://blog.udn.com/wenwings
https://running.biji.co/index.php?q=member&member=14299
http://www.udngroup.com/articles/4aa5bb9e-0a1f-4e58-b4b1-fb03a2b486af
http://www.books.com.tw/products/0010623498
http://www.unitas.me/?cat=946
https://autos.udn.com/autos/cate/10136
http://utravel.udn.com/
https://www.worldjournal.com/category/h1b/
https://udesign.udnfunlife.com/mall/cus/cat/Cc1c01.do?dc_cateid_0=0_059_049_600&sid=udnshopping&utm_source=udnshopping&utm_medium=100display&utm_campaign=FERN%20ONLY&utm_term=20200413_20200419&utm_content=100x100&kdid=NA11-4
https://www.facebook.com/dialog/share?app_id=1996449477296165&display=popup&href=http://ulicensing.udnfunlife.com/news.php?i=51&redirect_uri=http://ulicensing.udnfunlife.com/
https://udn.com/news/story/120912/4486413?from=udn-relatednews_ch2
http://www.nba.com/belarus
https://goo.gl/z4X7tE
https://pgw.udn.com.tw/gw/photo.php?u=https://uc.udn.com.tw/photo/2019/01/04/draft/5750684.jpg&amp;x=0&amp;y=0&amp;sw=0&amp;sh=0&amp;exp=3600
https://video.udn.com/nba/1171483
https://uevent.udnfunlife.com/./PompidoukidsinAsia3yrproject/news?id=524
https://tickets.udnfunlife.com/application/utk01/utk0101_.aspx?sid=91_udn&amp;utm_source=udn.com&amp;utm_medium=referral_familybar_udn&amp;utm_term=familybar_udn&amp;utm_campaign=20170118_UDN
https://udncollege.udn.com/tag/%e6%9c%83%e8%80%83/
http://line.naver.jp/R/msg/text/?黃色書刊 x drippp滴牌 首次聯名合作%0D%0Ahttp://ulicensing.udnfunlife.com/project.php?i=57
http://reading.udn.com/bookDesc.do?id=157010
http://bit.ly/1dYCXAx
https://hiking.biji.co/index.php?q=news&act=info&id=16776
https://www.cens.com/cens/html/zh/category/cate_list_H90.html
http://blog.udn.com/blogs/unitas
https://running.biji.co/index.php?q=topic&act=article&specialid=24&topicid=182&utm_source=UDN&utm_medium=index&utm_campaign=基礎訓練
http://www.udngroup.com/activies/edn_ad
http://www.books.com.tw/products/0010658010
http://www.unitas.me/?page_id=17
https://paper.udn.com/papers.php?pname=PID0009
https://utravel.udn.com/activities/travel_intro.jsp?type=record&cate=11&aid=531
https://www.worldjournal.com/6891850/article-%e8%bc%89180%e4%b8%ad%e5%9c%8b%e5%b0%8f%e7%95%99%e5%ad%b8%e7%94%9f-%e9%87%91%e5%b1%b1%e5%8c%85%e6%a9%9f%e6%8a%b5%e4%b8%8a%e6%b5%b7/?ref=大首頁_舊金山
https://udesign.udnfunlife.com/mall/cus/cat/Cc1c01.do?dc_cateid_0=D_030&kdid=AH02
http://www.facebook.com/CENS.com.Buyerservice
https://udn.com/news/story/7317/4492330?from=udn-catelistnews_ch2
http://www.nba.com/nets/
https://support.google.com/analytics/answer/6004245?hl=zh-Hant
https://pgw.udn.com.tw/gw/photo.php?u=https://uc.udn.com.tw/photo/2020/04/14/99/7736946.jpg&x=0&y=0&sw=0&sh=0&sl=W&fw=1050
https://video.udn.com/nba/1169494
https://tickets.udnfunlife.com/application/UTK01/UTK0101_05.aspx
https://udncollege.udn.com/4236/
http://line.naver.jp/R/msg/text/?網路人氣漫畫家黃色書刊首次與drippp滴牌聯名合作%0D%0Ahttp://ulicensing.udnfunlife.com/news.php?i=83
http://reading.udn.com/bookDesc.do?id=160791
http://bit.ly/1Gdc8j3
https://hiking.biji.co
https://www.cens.com/cens/html/zh/category/cate_list_E20.html
http://blog.udn.com/ushopping/article
https://running.biji.co/index.php?q=competition&act=info&cid=8153&subtitle=慢城詩話路跑賽&utm_source=UDN&utm_medium=index&utm_campaign=本日主打星-照片1
http://www.udngroup.com/activies/udncom_ad
http://www.books.com.tw/products/0010637863
http://www.unitas.me/?p=13586
https://shopping.udn.com/mall/cus/cat/Cc1c01.do?dc_cateid_0=C_003_018_015&kdid=NC06
https://utravel.udn.com/activities/index.jsp?type=new&cate=17
https://www.worldjournal.com/6892712/article-%e4%b8%96%e7%95%8c%e7%84%a6%e9%bb%9e-%e7%b4%90%e7%b4%84%e5%b7%9e%e7%a2%ba%e8%a8%ba%e7%a0%b49%e8%90%ac-%e5%91%bc%e5%90%b8%e5%99%a8%e5%ba%ab%e5%ad%98%e5%83%85%e6%92%90%e5%85%ad%e5%a4%a9-%e7%9c%bc-2-2-8/?ref=大首頁_洛杉磯
https://udesign.udnfunlife.com/mall/cus/cat/Cc1c01.do?dc_cateid_0=A_026_142&kdid=DA03
https://www.facebook.com/dialog/share?app_id=1996449477296165&display=popup&href=http://ulicensing.udnfunlife.com/news.php?i=61&redirect_uri=http://ulicensing.udnfunlife.com/
https://udn.com/news/story/120940/4495207?from=udn-catelistnews_ch2
http://www.nba.com/bulls/
https://goo.gl/vYsoXd
https://pgw.udn.com.tw/gw/photo.php?u=https://uc.udn.com.tw/photo/2018/04/09/draft/4636025.jpg&amp;x=0&amp;y=0&amp;sw=0&amp;sh=0&amp;sl=W&amp;fw=1050&amp;exp=3600
https://video.udn.com/nba/1173533
https://tickets.udnfunlife.com/application/UTK13/UTK1311_.aspx
https://udncollege.udn.com/?familybar_show
http://line.naver.jp/R/msg/text/?臺灣原創圖像IP設計力蓬勃，接軌東南亞授權市場%0D%0Ahttp://ulicensing.udnfunlife.com/news.php?i=50
http://reading.udn.com/bookDesc.do?id=160526
http://bit.ly/29poIpQ
https://hiking.biji.co/index.php?q=news&act=info&id=16777
https://www.cens.com/cens/html/zh/category/cate_list_A3209.html
http://blog.udn.com/eggnana
https://running.biji.co/index.php?q=question&utm_source=UDN&utm_medium=index&utm_campaign=每日一問
http://www.udngroup.com/portfolio/readersclub
http://www.books.com.tw/products/0010640610
http://www.unitas.me/?p=13897
https://shopping.udn.com/mall/cus/cat/Cc1c01.do?dc_cateid_0=H_001_007_006&kdid=NB04
https://utravel.udn.com/activities/travel_intro.jsp?type=record&cate=4&aid=604
https://www.worldjournal.com/6892532/article-%e6%96%b0%e5%86%a0%e7%97%8a%e6%84%88%e5%93%88%e4%bd%9b%e6%a0%a1%e9%95%b7%e5%a4%ab%e5%a9%a6%e7%8d%bb%e8%a1%80-%e6%94%af%e6%8c%81%e6%b2%bb%e7%99%82%e6%88%96%e7%96%ab%e8%8b%97%e7%a0%94%e7%99%bc/?ref=美東_焦點新聞
https://udesign.udnfunlife.com/mall/cus/meb/Cc1m01.do
https://www.facebook.com/sharer/sharer.php?u=https://money.udn.com/money/story/5621/4492983
https://udn.com/search/tagging/2/%E6%96%87%E5%89%B5
http://www.nba.com/italy
https://goo.gl/7qTM8A
https://pgw.udn.com.tw/gw/photo.php?u=https://uc.udn.com.tw/photo/2019/04/03/draft/6130548.jpg&amp;x=0&amp;y=0&amp;sw=0&amp;sh=0&amp;exp=3600
https://video.udn.com/nba/1169498
https://tickets.udnfunlife.com/application/UTK02/UTK0201_.aspx?PRODUCT_ID=N08WRB88&kdid=A05
https://udncollege.udn.com/4082/
http://line.naver.jp/R/msg/text/?二搞創意無限公司 復古臺灣街景變身成為悠遊卡%0D%0Ahttp://ulicensing.udnfunlife.com/project.php?i=55
http://reading.udn.com/bookCate.do?mcate=33
http://bit.ly/1HAT9pb
https://hiking.biji.co/index.php?q=album&act=photo_list&album_id=22576
https://www.cens.com/censv1/zh/register.jsp
http://blog.udn.com/SophingHung
https://running.biji.co/index.php?q=video&act=list&utm_source=UDN&utm_medium=index&utm_campaign=跑步好影片-標題
http://www.udngroup.com/articles/da164010-09dd-4c7b-b3e4-1aa8b0134cc1
http://www.books.com.tw/products/0010639963
http://www.unitas.me/?p=13033
https://shopping.udn.com/mall/cus/meb/Cc1m16.do
https://utravel.udn.com/activities/index.jsp?type=record
https://www.worldjournal.com/6881402/article-%e7%99%bd%e5%ae%ae%e6%96%b0%e8%81%9e%e7%99%bc%e5%b8%83%e6%9c%83%ef%bc%81%e5%8d%b3%e6%99%82%e4%b8%ad%e6%96%87%e7%bf%bb%e8%ad%af/?ref=大首頁_洛杉磯
https://udesign.udnfunlife.com/mall/cus/cat/Cc1c01.do?dc_cateid_0=0_059_058_698&sid=udnshopping&utm_source=udnshopping&utm_medium=100display&utm_campaign=Foaming&utm_term=20200413_20200419&utm_content=100x100&kdid=NA11-4
https://www.facebook.com/dialog/share?app_id=1996449477296165&display=popup&href=http://ulicensing.udnfunlife.com/news.php?i=52&redirect_uri=http://ulicensing.udnfunlife.com/
https://udn.com/news/story/120884/4486464?from=udn-cateviphotnews_ch2
http://www.nba.com/magic/
https://goo.gl/kjuYYL
https://pgw.udn.com.tw/gw/photo.php?u=https://uc.udn.com.tw/photo/2018/03/07/draft/4551331.jpg&amp;x=0&amp;y=0&amp;sw=0&amp;sh=0&amp;sl=W&amp;fw=1050&amp;exp=3600
https://video.udn.com/nba/1171461
https://tickets.udnfunlife.com/application/utk01/utk0101_.aspx?sid=uevent&utm_source=uevent&utm_medium=familybar
https://udncollege.udn.com/tag/%e5%aa%92%e9%ab%94%e7%b4%a0%e9%a4%8a/
http://line.naver.jp/R/msg/text/?專訪小黃間插畫家Barry 熊抱生活的美好%0D%0Ahttp://ulicensing.udnfunlife.com/news.php?i=26
http://reading.udn.com/bookCate.do?mcate=591
http://bit.ly/1A2Ib2G
https://hiking.biji.co/index.php?q=news&act=info&id=16975
https://www.cens.com/cens/html/zh/category/cate_list_A2802.html
http://blog.udn.com/pangmf
https://running.biji.co/?q=review&utm_source=UDN&utm_medium=index&utm_campaign=網誌
http://www.udngroup.com/portfolio/edn_news
https://www.books.com.tw/products/0010847022?loc=P_0005_015
http://www.unitas.me/?p=13530
https://ubrand.udn.com/ubrand/issue_index
https://utravel.udn.com/activities/travel_intro.jsp?type=new&cate=11&aid=793
https://www.worldjournal.com/6892770/article-%e9%a4%8a%e5%ad%90%e8%bf%94%e7%be%8e%e5%b1%85%e5%ae%b6%e9%98%b2%e7%96%ab-%e7%88%b6%e5%ad%90%e5%bf%83%e7%b5%90%e5%be%85%e5%8c%96%e8%a7%a3-%e5%b8%83%e8%a3%98%e9%97%9c%e4%bf%82%e5%8f%88%e8%a6%81%e7%94%9f/?ref=影藝_新聞總覽
https://udesign.udnfunlife.com/mall/cus/gbr/Cc1g03.do?dc_newcate_0=C_001
https://www.facebook.com/dialog/share?app_id=1996449477296165&display=popup&href=http://ulicensing.udnfunlife.com/news.php?i=14&redirect_uri=http://ulicensing.udnfunlife.com/
https://udn.com/news/story/121067/4495114?from=udn-catelistnews_ch2
http://www.nba.com/taiwan
https://goo.gl/LWKRVj
https://pgw.udn.com.tw/gw/photo.php?u=https://uc.udn.com.tw/photo/2018/03/07/draft/4551329.jpg&amp;x=0&amp;y=0&amp;sw=0&amp;sh=0&amp;sl=W&amp;fw=1050&amp;exp=3600
https://video.udn.com/nba/1171400
https://tickets.udnfunlife.com/application/UTK02/UTK0201_.aspx?PRODUCT_ID=N019S9G4&kdid=A03
https://udncollege.udn.com/4024/
http://line.naver.jp/R/msg/text/?二搞創意插畫，帶您感受一杯茶的迪化半日時光！%0D%0Ahttp://ulicensing.udnfunlife.com/news.php?i=44
http://reading.udn.com/seriesDesc.do?id=689
http://bit.ly/1eCqWBB
https://hiking.biji.co/index.php?q=news&act=info&id=16888
https://www.cens.com/cens/html/zh/category/cate_list_H8305.html
http://blog.udn.com/berryberry
https://running.biji.co/index.php?q=news&act=info&id=103376&utm_source=UDN&utm_medium=index&utm_campaign=熱門文章1
http://www.udngroup.com/articles/f2bc7610-0be4-4baa-a1ac-2a84f7d1a45b
http://www.books.com.tw/products/0010628848
http://www.unitas.me/?cat=848
https://shopping.udn.com/mall/cus/cat/Cc1c01.do?dc_cateid_0=F_004&kdid=AH02
https://utravel.udn.com/activities/index.jsp?type=new&cate=7
https://www.worldjournal.com/6891565/article-%e3%80%8cwho%e6%a0%b9%e6%9c%ac%e5%b7%b2%e7%b6%93%e5%b4%a9%e5%a3%9e%e4%ba%86%e3%80%8d-%e5%ad%b8%e8%80%85%e9%99%b3%e4%bb%81%e5%ae%9c%ef%bc%9a%e7%be%8e%e6%87%89%e6%9b%b4%e5%a4%a7%e8%86%bd%e8%a1%8c/?ref=大首頁_舊金山
https://udesign.udnfunlife.com/mall/cus/cat/Cc1c02.do?dc_cargxuid_0=DU00054908&dc_cateid_0=0_059_049_693&kdid=DA03
https://www.facebook.com/dialog/share?app_id=1996449477296165&display=popup&href=http://ulicensing.udnfunlife.com/news.php?i=21&redirect_uri=http://ulicensing.udnfunlife.com/
https://udn.com/news/story/7268/4489033?from=udn-catelistnews_ch2
http://www.nba.com/africa
https://goo.gl/shGcLQ
https://pgw.udn.com.tw/gw/photo.php?u=https://uc.udn.com.tw/photo/2018/04/13/draft/4649247.jpg&amp;x=0&amp;y=0&amp;sw=0&amp;sh=0&amp;sl=W&amp;fw=1050&amp;exp=3600
https://video.udn.com/nba/1171413
https://tickets.udnfunlife.com/tel:0277216958
https://udncollege.udn.com/tag/%e5%a5%bd%e8%ae%80%e5%91%a8%e5%a0%b1/
http://line.naver.jp/R/msg/text/? FRESH TAIWAN 徵展出擊上海國際品牌授權展暨日本授權展，首次增額補助「品牌經紀人」參展！%0D%0Ahttp://ulicensing.udnfunlife.com/news.php?i=35
http://reading.udn.com/v2/policy.jsp
http://bit.ly/1JzSBwn
https://hiking.biji.co/index.php?q=trail&act=promote&id=54
https://www.cens.com/cens/html/zh/category/cate_list_A34.html
http://blog.udn.com/annie68
https://running.biji.co//index.php?q=topic&act=article&specialid=24&utm_source=UDN&utm_medium=index&utm_campaign=看更多新手專區
https://www.udngroup.com/members/udn_privacy
http://www.books.com.tw/exep/prod/booksfile.php?item=0010663100
http://www.unitas.me/?cat=861
https://shopping.udn.com/mall/cus/cat/Cc1c01.do?dc_cateid_0=R_001_003_011&kdid=NC06
https://utravel.udn.com/index.jsp
https://www.worldjournal.com/6893134/article-mlb%ef%bc%8f%e7%8f%be%e5%9c%a8%e6%94%be%e6%a3%84%e9%82%84%e5%a4%aa%e6%97%a9-%e4%b8%bb%e5%b8%ad%ef%bc%9a%e6%83%b3%e7%9b%a1%e8%be%a6%e6%b3%95%e8%ae%93%e7%90%83%e5%ad%a3%e9%96%8b%e6%89%93/?ref=美國即時
https://udesign.udnfunlife.com/mall/cus/cat/Cc1c01.do?dc_cateid_0=0_059_058_467&kdid=DA08
https://www.facebook.com/dialog/share?app_id=1996449477296165&display=popup&href=http://ulicensing.udnfunlife.com/news.php?i=33&redirect_uri=http://ulicensing.udnfunlife.com/
https://udn.com/news/cate/2/6649?list_ch2_index
http://www.nba.com/china
https://goo.gl/euV2bt
https://pgw.udn.com.tw/gw/photo.php?u=https://uc.udn.com.tw/photo/2018/06/28/draft/4927623.jpg&amp;x=0&amp;y=0&amp;sw=0&amp;sh=0&amp;sl=W&amp;fw=1050&amp;exp=3600
https://video.udn.com/nba/1169476
https://tickets.udnfunlife.com/application/utk01/utk0101_.aspx
https://udncollege.udn.com/category/topic/counseling/
http://line.naver.jp/R/msg/text/?肥貓吻吻到色廊展 示範網美漂漂拳！%0D%0Ahttp://ulicensing.udnfunlife.com/news.php?i=18
http://reading.udn.com/bookDesc.do?id=141514
http://bit.ly/2bTGCRE
https://www.cens.com/cens/html/zh/category/cate_list_V10.html
http://blog.udn.com/huangpaolien
https://running.biji.co/?q=talk&utm_source=UDN&utm_medium=index&utm_campaign=討論區
http://www.udngroup.com/portfolio/shanghaibooks
http://www.books.com.tw/exep/assp.php/unitas/products/0010734497?loc=P_009_036&amp;utm_source=unitas&amp;utm_medium=ap-books&amp;utm_content=recommend&amp;utm_campaign=ap-201707
http://www.unitas.me/?p=13503
https://shopping.udn.com/mall/cus/cat/Cc1c01.do?dc_cateid_0=R_003_001_001&kdid=NC06
https://utravel.udn.com/activities/index.jsp?type=new&cate=2
https://www.worldjournal.com/6889071/article-%e9%86%ab%e8%ad%b7%e7%a4%ba%e8%ad%a6%ef%bc%9a%e6%96%b0%e5%86%a0%e8%bc%95%e7%97%87%e8%80%85-%e5%a4%9a%e5%87%ba%e7%8f%be%e3%80%8c%e7%ac%ac%e4%ba%8c%e5%91%a8%e6%80%a5%e8%bd%89%e7%9b%b4%e4%b8%8b%e3%80%8d/?ref=超人氣七天榜
https://udesign.udnfunlife.com/mall/cus/cat/Cc1c01.do?dc_cateid_0=0_059_049_396&kdid=DA04
https://www.facebook.com/worldjournalnews
https://udn.com/news/story/11091/4495717?from=udn-catelistnews_ch2
http://www.nba.com/pistons/
https://goo.gl/41729A
https://pgw.udn.com.tw/gw/photo.php?u=https://uc.udn.com.tw/photo/2019/04/03/draft/6130549.jpg&amp;x=0&amp;y=0&amp;sw=0&amp;sh=0&amp;exp=3600
https://video.udn.com/nba/1171485
https://tickets.udnfunlife.com/application/UTK02/UTK0201_.aspx?PRODUCT_ID=N019S9G4&kdid=A05
https://udncollege.udn.com/category/competition/writingcontest/
http://line.naver.jp/R/msg/text/?Fresh Taiwan台灣原創館 前進亞洲最大授權展！%0D%0Ahttp://ulicensing.udnfunlife.com/news.php?i=14
http://reading.udn.com/bookDesc.do?id=160717
http://bit.ly/2bEqv8P
https://www.cens.com/censv1/zh/search_list.jsp?TYPE=prd&QRY=Automatic+Film
http://blog.udn.com/hanguang
https://running.biji.co/index.php?q=topic&act=article&specialid=20&topicid=195&utm_source=UDN&utm_medium=index&utm_campaign=膝蓋與髖部症狀
http://www.udngroup.com/portfolio/cis
https://www.books.com.tw/products/0010832023
http://www.unitas.me/?p=13972
https://shopping.udn.com/mall/cus/cat/Cc1c01.do?dc_cateid_0=F_004_013_002&kdid=NC06
https://utravel.udn.com/activities/travel_intro.jsp?type=new&cate=11&aid=806&utm_source=economic&utm_medium=display&utm_campaign=hoshinoya
https://www.worldjournal.com/6890729/article-%e3%80%88%e5%9c%96%e8%bc%af%e3%80%89%e3%80%8c%e4%b8%96%e7%95%8c%e4%b8%ad%e5%bf%83%e3%80%8d%e9%97%9c%e9%96%80%e4%b8%89%e5%91%a8-%e9%b4%bf%e5%ad%90%e5%9c%a8%e4%b8%ad%e5%a4%ae%e8%bb%8a%e7%ab%99%e8%87%aa/?ref=疫區手記
https://udesign.udnfunlife.com/mall/cus/cat/Cc1c01.do?dc_cateid_0=A_041&kdid=AH02
https://www.facebook.com/dialog/share?app_id=138082903693496&display=popup&href=https://www.udnfunlife.com/news.php?i=401&redirect_uri=https://www.udnfunlife.com/
https://udn.com/news/story/121064/4495732?from=udn-catebreaknews_ch2
http://www.nba.com/israel
https://goo.gl/pRNyed
https://pgw.udn.com.tw/gw/photo.php?u=https://uc.udn.com.tw/photo/2019/07/01/draft/6507732.jpg&amp;x=0&amp;y=0&amp;sw=0&amp;sh=0&amp;exp=3600
https://video.udn.com/nba/1171399
https://tickets.udnfunlife.com/application/UTK02/UTK0201_.aspx?PRODUCT_ID=N09GIM5C&kdid=A03
https://udncollege.udn.com/tag/%e4%bd%9c%e6%96%87/
http://line.naver.jp/R/msg/text/?貓奴們必收！Queen Shop與貓小姐 Ms. Cat首次聯名新登場，一起登入喵星球吧！%0D%0Ahttp://ulicensing.udnfunlife.com/news.php?i=82
http://reading.udn.com/bookDesc.do?id=150299
http://bit.ly/1JvWNi6
https://www.cens.com/cens/html/zh/category/cate_list_H18.html
http://blog.udn.com/scat26
https://running.biji.co
http://www.udngroup.com/articles/50ed67f5-525e-40a5-b4b8-2fe3752e800d
https://www.books.com.tw/products/0010795741
http://www.unitas.me/?cat=748
https://shopping.udn.com/mall/cus/cat/Cc1c01.do?dc_cateid_0=Q_004_012_006_007&kdid=NC06
https://utravel.udn.com/activities/travel_intro.jsp?type=new&cate=11&aid=804
https://www.worldjournal.com/6881553/article-%e5%8d%a1%e9%82%81%e5%88%a9%e6%b4%9b%e5%b8%82-%e9%ac%b1%e9%87%91%e9%a6%99%e4%b9%8b%e5%9f%8e%e8%bf%b7%e4%ba%ba/?ref=洛杉磯
https://udesign.udnfunlife.com/mall/cus/cat/Cc1c01.do?dc_cateid_0=0_059_049_071&sid=udnshopping&utm_source=udnshopping&utm_medium=100display&utm_campaign=TZULA%C3%AF&utm_term=20200413_20200419&utm_content=100x100&kdid=NA11-4
https://www.facebook.com/dialog/share?app_id=1996449477296165&display=popup&href=http://ulicensing.udnfunlife.com/news.php?i=69&redirect_uri=http://ulicensing.udnfunlife.com/
https://udn.com/news/story/7320/4493132?from=udn-referralnews_ch2artbottom
http://www.nba.com/knicks/
https://goo.gl/4gfDBj
https://pgw.udn.com.tw/gw/photo.php?u=https://uc.udn.com.tw/photo/2018/03/07/draft/4551336.jpg&amp;x=0&amp;y=0&amp;sw=0&amp;sh=0&amp;sl=W&amp;fw=1050&amp;exp=3600
https://video.udn.com/?familybar_hide
https://tickets.udnfunlife.com/page-card.html
https://udncollege.udn.com/category/topic/popularscience/
http://line.naver.jp/R/msg/text/?夏目潄石《我是貓》主角現身「貓村藝術季」推2020「喵眼人間」桌曆%0D%0Ahttp://ulicensing.udnfunlife.com/news.php?i=63
https://reading.udn.com/v2/bookDesc.do?id=159459
http://bit.ly/1POx4qe
https://www.cens.com/cens/html/zh/category/cate_list_G60.html
http://blog.udn.com/shauchimai
https://running.biji.co/index.php?q=news&act=info&id=103363&utm_source=UDN&utm_medium=index&utm_campaign=熱門文章2
http://www.udngroup.com/articles/1da01a0a-a13b-4a9a-8856-14f2759861cc
http://www.books.com.tw/exep/prod/booksfile.php?item=0010598571
http://www.unitas.me/?cat=733
https://shopping.udn.com/mall/cus/cat/Cc1c01.do?dc_cateid_0=Y_002_011_007&kdid=NC06
https://utravel.udn.com/activities/travel_intro.jsp?type=new&cate=8&aid=691
https://www.worldjournal.com/6891447/article-%e4%ba%9e%e5%b8%82%e9%81%b8%e6%b0%91%e7%84%a1%e6%87%bc%e7%96%ab%e6%83%85%e6%8a%95%e7%a5%a8-%e4%b8%8d%e4%b9%8f%e8%8f%af%e8%a3%94/?ref=大首頁_洛杉磯
https://udesign.udnfunlife.com/mall/cus/cat/Cc1c01.do?dc_cateid_0=0_059_058_613&kdid=DA02
https://www.facebook.com/dialog/share?app_id=1996449477296165&display=popup&href=http://ulicensing.udnfunlife.com/news.php?i=50&redirect_uri=http://ulicensing.udnfunlife.com/
https://udn.com/news/story/7315/4494454?from=udn-referralnews_ch2artbottom
http://www.nba.com/uk
https://goo.gl/5e7dkX
https://pgw.udn.com.tw/gw/photo.php?u=https://uc.udn.com.tw/photo/2019/10/04/draft/6900462.jpg&amp;x=0&amp;y=0&amp;sw=0&amp;sh=0&amp;exp=3600
http://video.udn.com/
https://tickets.udnfunlife.com/application/utk01/utk0101_.aspx?sid=udnshopping&utm_source=udnshopping&utm_medium=100display
https://udncollege.udn.com/author/edusupertw/
http://line.naver.jp/R/msg/text/?麻吉貓MajiMeow攜手好日子AGOODAY一起賣萌做環保%0D%0Ahttp://ulicensing.udnfunlife.com/news.php?i=80
http://reading.udn.com/bookDesc.do?id=157395
http://bit.ly/1TzbYuE
https://www.cens.com/cens/html/zh/category/cate_list_S.html?utm_source=udn&utm_medium=ref_footer_edn&utm_term=footer_edn
http://blog.udn.com/chanyshu
https://running.biji.co/index.php?q=topic&act=article&specialid=24&topicid=230&utm_source=UDN&utm_medium=index&utm_campaign=跑步迷思
http://www.udngroup.com/portfolio/utravel
https://www.books.com.tw/products/0010818757
http://www.unitas.me/?cat=763
https://shopping.udn.com/mall/cus/cat/Cc1c01.do?dc_cateid_0=E_027_004_003&kdid=NC06
https://utravel.udn.com/activities/index.jsp?type=new&cate=11
https://www.worldjournal.com/6891884/article-%e7%9f%a5%e6%83%85%e4%ba%ba%e5%a3%ab%ef%bc%9a%e6%ad%90%e5%b7%b4%e9%a6%ac%e5%8a%aa%e5%8a%9b%e5%8b%b8%e9%80%80-%e6%98%af%e6%a1%91%e5%be%b7%e6%96%af%e9%80%80%e9%81%b8%e9%97%9c%e9%8d%b5/?ref=美國_美期中選舉
https://udesign.udnfunlife.com/mall/cus/gbr/Cc1g03.do?dc_newcate_0=A_005
https://www.facebook.com/udnautos/
https://udn.com/news/story/7320/4493091?from=udn-referralnews_ch2artbottom
http://www.nba.com/blazers/
https://goo.gl/2uBUoQ
https://pgw.udn.com.tw/gw/photo.php?u=https://uc.udn.com.tw/photo/2018/05/30/draft/4808928.jpg&amp;x=0&amp;y=0&amp;sw=0&amp;sh=0&amp;sl=W&amp;fw=1050&amp;exp=3600
https://video.udn.com/nba/1173691
https://tickets.udnfunlife.com/application/UTK01/UTK0107_.aspx
https://udncollege.udn.com/tag/%e8%81%af%e5%90%88%e5%a0%b1%e5%af%ab%e4%bd%9c%e6%95%99%e5%ae%a4/
http://line.naver.jp/R/msg/text/? 二搞首款授權拼圖「懷舊好時光」在 Pintoo Taiwan全新上架%0D%0Ahttp://ulicensing.udnfunlife.com/news.php?i=21
http://reading.udn.com/bookCate.do?mcate=222
http://bit.ly/28SbvVg
https://www.cens.com/cens/html/zh/category/cate_list_T.html
http://blog.udn.com/nuonuo
https://running.biji.co/index.php?q=competition&act=info&cid=8153&subtitle=慢城詩話路跑賽&utm_source=UDN&utm_medium=index&utm_campaign=本日主打星-照片2
http://www.udngroup.com/articles/ca181f3f-ffc3-4d04-8118-7cc25b3752b5
https://www.books.com.tw/products/0010828195
http://www.unitas.me/?p=13610
https://shopping.udn.com/mall/cus/cat/Cc1c01.do?dc_cateid_0=G_007_003_040&kdid=NC06
https://utravel.udn.com/activities/travel_intro.jsp?type=record&cate=11&aid=702
https://www.worldjournal.com/category/%e5%9c%8b%e9%9a%9b/
https://udesign.udnfunlife.com/mall/cus/cat/Cc1c01.do?dc_cateid_0=A_059&kdid=AH02
https://www.facebook.com/nba.taiwan
https://udn.com/news/story/7321/4495735?from=udn-ch1_breaknews-1-0-news
http://www.nba.com/spurs/
https://goo.gl/7n5oYi
https://pgw.udn.com.tw/gw/photo.php?u=https://uc.udn.com.tw/photo/2018/03/07/draft/4551335.jpg&amp;x=0&amp;y=0&amp;sw=0&amp;sh=0&amp;sl=W&amp;fw=1050&amp;exp=3600
https://video.udn.com/nba/1169499
https://tickets.udnfunlife.com/application/UTK01/UTK0101_.aspx?sid=udnfunlife&utm_source=udnfunlife&utm_medium=familybar
https://udncollege.udn.com/hand-drawn/
http://line.naver.jp/R/msg/text/?2018LIMA亞洲授權業卓越大獎，重磅揭曉！%0D%0Ahttp://ulicensing.udnfunlife.com/news.php?i=45
http://reading.udn.com/bookDesc.do?id=160678
http://bit.ly/20irwqH
https://www.cens.com/cens/html/zh/category/cate_list_H4610.html
http://blog.udn.com/bobay13
https://running.biji.co/index.php?q=topic&act=article&specialid=20&utm_source=UDN&utm_medium=index&utm_campaign=傷害防護
http://www.udngroup.com/about_us/introduction
https://www.books.com.tw/products/0010822490
http://www.unitas.me/?p=13636
https://stars.udn.com/star/story/10093/4491771
https://utravel.udn.com/activities/travel_intro.jsp?type=new&cate=11&aid=790
https://www.worldjournal.com/6870736/article-%e7%a7%bb%e6%b0%91%e4%bf%a1%e7%ae%b1%e2%94%82%e6%8f%90%e5%87%ba%e8%bd%89%e6%8f%9b%e8%ba%ab%e5%88%86%e7%94%b3%e8%ab%8b%e5%be%8c-%e6%87%89%e9%81%bf%e9%96%8b%e9%82%8a%e5%a2%83%e5%9c%b0%e5%8d%80%e6%97%85/?ref=法律移民_法律移民新聞總覽
https://udesign.udnfunlife.com/mall/cus/cat/Cc1c01.do?dc_cateid_0=C_044&kdid=AH02
https://www.facebook.com/dialog/share?app_id=1996449477296165&display=popup&href=http://ulicensing.udnfunlife.com/news.php?i=55&redirect_uri=http://ulicensing.udnfunlife.com/
https://udn.com/news/story/7324/4494747?from=udn-catelistnews_ch2
http://www.nba.com/arabic
https://goo.gl/YjbrMV
https://pgw.udn.com.tw/gw/photo.php?u=https://uc.udn.com.tw/photo/2018/08/09/draft/5108835.jpg&amp;x=0&amp;y=0&amp;sw=0&amp;sh=0&amp;exp=3600
https://video.udn.com/nba/1171486
https://tickets.udnfunlife.com/application/utk01/utk0101_.aspx?sid=udnshopping&amp;utm_source=udnshopping&amp;utm_medium=familybar
https://udncollege.udn.com/category/topic/
http://line.naver.jp/R/msg/text/?貓小姐Ms.Cat與台灣品牌Sunny Bag首度聯名 一起把貓「袋」著走%0D%0Ahttp://ulicensing.udnfunlife.com/news.php?i=75
http://reading.udn.com/bookDesc.do?id=160763
http://bit.ly/1BTDHlm
https://www.cens.com/censv1/zh/search_list.jsp?TYPE=prd&QRY=Super+mini+booster
http://blog.udn.com/age3778
https://running.biji.co/?q=question&utm_source=UDN&utm_medium=index&utm_campaign=每日系列
http://www.udngroup.com/articles/9482dd67-d1c5-4b29-9526-4e891e712694
http://www.books.com.tw/exep/assp.php/unitas/products/0010746516?loc=P_007_012&amp;utm_source=unitas&amp;utm_medium=ap-books&amp;utm_content=recommend&amp;utm_campaign=ap-201705
http://www.unitas.me/?author=342
https://health.udn.com/health/story/120951/4495211
https://www.worldjournal.com/6892246/article-%e4%b8%8d%e5%8f%aazoom-%e9%80%a3%e9%80%99%e5%ae%b6%e7%a7%91%e6%8a%80%e5%b7%a8%e6%93%98%e7%9a%84%e8%a6%96%e8%a8%8a%e8%bb%9f%e9%ab%94%e4%b9%9f%e6%9c%89%e7%96%91%e6%85%ae/?ref=個人隱私勝利
https://udesign.udnfunlife.com/mall/cus/gbr/Cc1g01.do?dc_btn_0=Func_Detail&dc_gbid_0=5IWF25WQZ9M&kdid=DA03
https://www.facebook.com/dialog/share?app_id=1996449477296165&display=popup&href=http://ulicensing.udnfunlife.com/news.php?i=48&redirect_uri=http://ulicensing.udnfunlife.com/
https://udn.com/news/story/7328/4495627?from=udn-catelistnews_ch2
http://www.nba.com/turkey
https://goo.gl/11jEPq
https://pgw.udn.com.tw/gw/photo.php?u=https://uc.udn.com.tw/photo/2020/04/14/99/7737235.jpg&x=0&y=0&sw=0&sh=0&sl=W&fw=1050
https://video.udn.com/nba/1173891
https://tickets.udnfunlife.com/application/UTK02/UTK0201_.aspx?PRODUCT_ID=N09SBAAH&utm_source=udnshopping&utm_medium=100display&utm_campaign=2003_thenewone&utm_term=2020413_2020419&utm_content=100x100&kdid=NA11-2
https://udncollege.udn.com/4145/
http://line.naver.jp/R/msg/text/? LIMA與聯合數位文創共同宣布台灣代表處成立%0D%0Ahttp://ulicensing.udnfunlife.com/news.php?i=34
http://reading.udn.com/bookCate.do?mcate=22
http://bit.ly/1S7BE0W
https://www.cens.com/cens/html/zh/category/cate_list_M0108.html
https://blog.udn.com
https://running.biji.co/?q=album&utm_source=UDN&utm_medium=index&utm_campaign=賽事相簿
http://www.udngroup.com/articles/4c1e7079-f301-4af2-8ccd-86da523e07d7
http://www.books.com.tw/products/0010654701
http://www.unitas.me/?cat=787
https://shopping.udn.com/mall/cus/cat/Cc1c01.do?dc_cateid_0=1_026_001&kdid=NC06
https://www.worldjournal.com/6881432/article-%e3%80%8818-30%e9%a6%96%e6%92%ad%e3%80%89%e4%b8%80%e6%b4%b2%e7%84%a6%e9%bb%9e%ef%bc%8f%e6%a1%91%e5%be%b7%e6%96%af%e7%b5%82%e9%80%80%e9%81%b8%e3%80%81%e5%b7%9d%e6%99%ae%e8%a6%81%e5%9a%b4%e6%87%b2who/?ref=一洲焦點
https://udesign.udnfunlife.com/mall/cus/gbr/Cc1g01.do?dc_btn_0=Func_Detail&dc_gbid_0=5IWF27AIQPZ&sid=udnshopping&utm_source=udnshopping&utm_medium=100display&utm_campaign=%E9%87%8E%E7%8D%B8%E5%9C%8B&utm_term=20200413_20200419&utm_content=100x100&kdid=NA11-4
https://www.facebook.com/dialog/share?app_id=1996449477296165&display=popup&href=http://ulicensing.udnfunlife.com/news.php?i=60&redirect_uri=http://ulicensing.udnfunlife.com/
https://udn.com/news/story/120915/4411103?from=udn-catelistnews_ch2
http://www.nba.com/newzealand 
https://goo.gl/xsM2mt
https://pgw.udn.com.tw/gw/photo.php?u=https://uc.udn.com.tw/photo/2019/07/01/draft/6507734.jpg&amp;x=0&amp;y=0&amp;sw=0&amp;sh=0&amp;exp=3600
https://video.udn.com/nba/1171496
https://tickets.udnfunlife.com/application/UTK02/UTK0201_.aspx?PRODUCT_ID=N08WRB88&kdid=A01
https://udncollege.udn.com/category/camp/campuscamp/
http://line.naver.jp/R/msg/text/? 2018年 LIMA亞洲授權業卓越大獎現正接受提名%0D%0Ahttp://ulicensing.udnfunlife.com/news.php?i=37
http://reading.udn.com/bookDesc.do?id=160696
http://bit.ly/2UbR9x8
https://www.cens.com/censv1/zh/aboutus.jsp
http://blog.udn.com/LouisTao
http://www.udngroup.com/activies/actives_new
http://www.books.com.tw/exep/assp.php/unitas/products/0010730664?loc=P_009_042&amp;utm_source=unitas&amp;utm_medium=ap-books&amp;utm_content=recommend&amp;utm_campaign=ap-201707
http://www.unitas.me/?author=344
https://shopping.udn.com/mall/cus/cat/Cc1c01.do?dc_cateid_0=T_005_012_002&kdid=NB05
https://www.worldjournal.com/6867368/article-%e9%83%9d%e6%9f%8f%e6%9d%91%e8%be%ad%e4%b8%96-%e4%ba%ab%e5%a3%bd101%e6%ad%b2-%e9%81%ba%e9%a1%98%ef%bc%9a%e7%b6%ad%e6%8c%81%e5%8f%b0%e7%81%a3%e5%92%8c%e5%b9%b3%e5%8f%8a%e5%ae%89%e5%85%a8/?ref=一張圖看時事
https://udesign.udnfunlife.com/mall/cus/cat/Cc1c01.do?dc_cateid_0=G_047&kdid=AH02
