https://www.ettoday.net/news/tag/峮峮/
https://health.ettoday.net/category_tag/狗健康/4
https://speed.ettoday.net/tag.phtml?tag=ETDodge
https://travel.ettoday.net/focus/優惠快訊/
https://www.ettoday.net/news/20161004/1542731.htm?from=feature
https://www.ettoday.net/news/20200610/1734771.htm
https://www.ettoday.net/news/20200611/1735678.htm
https://www.ettoday.net/news/20200617/1739892.htm
https://www.ettoday.net/news/20200617/1740039.htm
https://www.ettoday.net/news/tag/經貿園區/
https://www.ettoday.net/news/20190411/1410177.htm
https://www.ettoday.net/news/20191101/1570173.htm
https://www.ettoday.net/news/tag/判例/
https://discovery.ettoday.net/news/1725223
https://www.ettoday.net/dalemon/editor-news/257
https://www.ettoday.net/news/20200330/1679907.htm?from=feature
https://www.ettoday.net/news/20200610/1734402.htm
http://www.ettoday.net/changeReadType.php?rtype=0&rurl=http%3A%2F%2Fwww.ettoday.net%2Ffeature%2FTDCC
https://house.ettoday.net/news/1739225
https://pets.ettoday.net/news/1668093
https://www.ettoday.net/dalemon/tag/運勢
https://www.ettoday.net/https://smarturl.it/ettoday-104
https://www.ettoday.net/news/20191202/1590862.htm?from=feature
https://www.ettoday.net/news/tag/Warren Edward Buffett/
http://speed.ettoday.net/tag.phtml?tag=ETMercedesBenz
https://www.ettoday.net/news/20200615/1738232.htm?ercamp=sorted_hot_news
https://www.ettoday.net/news/20200617/1739900.htm
https://www.ettoday.net/news/tag/家電/
https://discovery.ettoday.net/news/1733305
https://house.ettoday.net/search.php?keywords=成家立業
https://www.ettoday.net/news/20180207/1109564.htm?feature=地震&tab_id=1496
https://www.ettoday.net/news/20200402/1682877.htm
https://www.ettoday.net/news/20200606/1731865.htm?from=pctaglist 
https://www.ettoday.net/news/20200617/1739978.htm
https://www.ettoday.net/news/20200617/1739989.htm
https://www.ettoday.net/feature/index/5
https://www.ettoday.net/news/20200615/1737802.htm
https://discovery.ettoday.net/news/1476265
https://speed.ettoday.net/feature-list
https://www.ettoday.net/news/tag/黑松茶尋味/
https://www.ettoday.net/news/20200326/1674710.htm?ercamp=sorted_hot_news
https://www.ettoday.net/news/tag/少龍/
https://discovery.ettoday.net/news/1578594
https://www.ettoday.net/news/tag/年輕人/
https://health.ettoday.net/category/兩性/2
https://travel.ettoday.net/category/星級飯店/
https://www.ettoday.net/feature/劉真/12646/
https://www.ettoday.net/news/20180207/1109320.htm?feature=地震&tab_id=1496
https://www.ettoday.net/news/20200617/1739958.htm?ercamp=sorted_hot_news
https://www.ettoday.net/dalemon/collection-hot/15/
https://www.ettoday.net/news/20200521/1719578.htm
https://www.ettoday.net/news/20200617/1740102.htm
https://www.ettoday.net/dalemon/tag/假面
https://www.ettoday.net/news/20150125/457672.htm?feature=ufo&tab_id=944
https://www.ettoday.net/news/20200616/1738718.htm
https://www.ettoday.net/news/tag/世貿三館/
https://www.ettoday.net/dalemon/editor-news/147
https://www.ettoday.net/news/20150812/548894.htm?feature=ufo&tab_id=944
https://www.ettoday.net/news/20200617/1740054.htm?from=pctaglist 
https://www.ettoday.net/news/tag/千萬/
http://www.ettoday.net/dalemon/post/49108
https://discovery.ettoday.net/category_tag/台灣復健醫學會
https://travel.ettoday.net/category/台南美食/?&page=9
https://www.ettoday.net/dalemon/hot-news/5
https://www.ettoday.net/news/20191221/1607472.htm
https://www.ettoday.net/news/focus/3C家電/手機平板/
https://www.ettoday.net/news/tag/性能/
https://www.ettoday.net/news/tag/泰拳/
https://www.ettoday.net/news/tag/長榮航空/
https://www.ettoday.net/feature/尹食堂/1413?tt=鄭有美
https://www.ettoday.net/news/20200508/1709593.htm?ercamp=sorted_hot_news
https://www.ettoday.net/news/20200617/1739592.htm?ercamp=sorted_hot_news
https://forum.ettoday.net/news/1738782
https://www.ettoday.net/news/20200616/1739184.htm
https://www.ettoday.net/news/20200617/1739672.htm
https://health.ettoday.net//health.ettoday.net
https://www.ettoday.net/news/20191212/1600721.htm?feature=大老闆傳奇-尹衍樑&tab_id=13274
https://www.ettoday.net/news/20200317/1669951.htm
https://www.ettoday.net/news/20190430/1433755.htm
https://www.ettoday.net/news/20200427/1697328.htm?ercamp=sorted_hot_news
https://www.ettoday.net/news/tag/最高法院/
http://speed.ettoday.net/tag.phtml?tag=ETSYM
https://www.ettoday.net/news/20190302/1389925.htm?ercamp=sorted_hot_news
https://www.ettoday.net/news/20200427/1701002.htm
https://www.ettoday.net/news/20200601/1727570.htm
https://www.ettoday.net/news/tag/中華中正黨/
https://travel.ettoday.net/category/大陸旅遊/
https://www.ettoday.net/news/20200229/1656834.htm
https://www.ettoday.net/news/20200527/1723983.htm
https://www.ettoday.net/news/20200615/1738026.htm
https://www.ettoday.net/news/news-list-2020-06-17-18.htm
https://www.ettoday.net/news/tag/公開信/
https://www.ettoday.net/news/tag/吳朋奉/
https://speed.ettoday.net/news/1671996?redirect=1&amp;from=fb_extd
https://www.ettoday.net/news/20191122/1585730.htm
https://www.ettoday.net/dalemon/latest-news/10
https://www.ettoday.net/dalemon/post/48738
https://www.ettoday.net/news/tag/王令麟公益/
https://discovery.ettoday.net/news/1466129
https://www.ettoday.net/news/20200611/1735647.htm?from=pctaglist 
https://www.ettoday.net/news/20200617/1740194.htm
https://www.ettoday.net/news/tag/國產車/
https://travel.ettoday.net/category/台南美食/?&page=5
https://www.ettoday.net/feature/koohara
https://www.ettoday.net/news/20191221/1606832.htm
http://www.ettoday.net/changeReadType.php?rtype=0&rurl=http%3A%2F%2Fwww.ettoday.net%2Fnews%2F20200611%2F1735322.htm%3Ffeature%3D%E8%A8%B1%E5%B4%91%E6%BA%90%26tab_id%3D6197
https://www.ettoday.net/news/20191204/1593970.htm?feature=地震&tab_id=1232
https://www.ettoday.net/news/20200617/1740074.htm?from=pctaglist 
https://www.ettoday.net/news/20200617/1739713.htm
https://www.ettoday.net/news/20200302/1657586.htm?from=feature
https://www.ettoday.net/news/20200617/1740119.htm
https://www.ettoday.net/news/tag/文書處理/
https://health.ettoday.net/category_tag/狗健康/6
https://speed.ettoday.net/news/1718673
https://www.ettoday.net/feature/index/0/12
https://www.ettoday.net/news/20191107/1574571.htm?feature=聲林之王&tab_id=4741
https://www.ettoday.net/news/20200606/1731900.htm?from=pctaglist 
https://www.ettoday.net/news/20200615/1738417.htm
https://www.ettoday.net/news/tag/全教總/
https://www.ettoday.net/news/tag/台灣虎航/
https://www.ettoday.net/news/tag/司法改革/
http://www.ettoday.net/events/app/et_dalemon.htm?from=lemon-pcnews
https://www.ettoday.net/news/20200617/1740041.htm
https://www.ettoday.net/news/tag/業務員/
https://www.ettoday.net/https://www.ptt.cc/bbs/C_Chat/M.1592201596.A.918.html
https://www.ettoday.net/news/20170916/1009806.htm?feature=ufo&tab_id=942
https://www.ettoday.net/news/20200612/1736264.htm
https://www.ettoday.net/news/20200614/1737569.htm
https://www.ettoday.net/news/tag/名單/
https://www.ettoday.net/news/20181010/1277770.htm?feature=ufo&tab_id=940
https://www.ettoday.net/news/20191121/1584611.htm?from=pctaglist 
https://www.ettoday.net/news/20200331/1681191.htm?feature=王令麟&tab_id=1016
https://www.ettoday.net/news/20200616/1734387.htm
https://health.ettoday.net/news/1729840
https://www.ettoday.net/news/20190930/1546201.htm?feature=颱風&tab_id=1269
https://health.ettoday.net/category_tag/狗健康/8
https://travel.ettoday.net/article/1720079.htm
https://www.ettoday.net/news/20200615/1736486.htm?ercamp=sorted_hot_news
https://health.ettoday.net/news/1718024
https://www.ettoday.net/news/20180914/1259215.htm?feature=ufo&tab_id=939
https://www.ettoday.net/news/20190724/1496837.htm
https://www.ettoday.net/news/20200614/1736423.htm
https://www.ettoday.net/news/20200616/1736451.htm
https://www.ettoday.net/news/tag/房子/
https://www.ettoday.net/news/20191029/1567913.htm?feature=戴資穎&tab_id=1236
https://www.ettoday.net/news/20200507/1708749.htm?from=pctaglist 
https://www.ettoday.net/news/tag/債務/
https://www.ettoday.net/dalemon/post/50760
https://www.ettoday.net/news/20200430/1703528.htm?feature=金正恩&tab_id=1597
https://www.ettoday.net/news/20200612/1735793.htm
https://www.ettoday.net/news/20200614/1736440.htm
https://www.ettoday.net/news/20200614/1737714.htm
https://www.ettoday.net/news/20200609/1733352.htm
https://www.ettoday.net/news/20200616/1739018.htm
https://health.ettoday.net/news/1517765
http://www.ettoday.net/changeReadType.php?rtype=0&rurl=http%3A%2F%2Fwww.ettoday.net%2Fnews%2F20181220%2F1336219.htm%3Ffeature%3Dufo%26tab_id%3D942
https://www.ettoday.net/news/20180530/1180110.htm?feature=ufo&tab_id=941
https://www.ettoday.net/news/20190916/1536070.htm
https://www.ettoday.net/https://ppt.cc/fl3ONx
https://www.ettoday.net/news/tag/統一發票/
https://discovery.ettoday.net/news/1728755
https://www.ettoday.net/news/20170609/941346.htm?feature=ufo&tab_id=942
https://www.ettoday.net/dalemon/latest-news/2
https://www.ettoday.net/news/20190916/1536179.htm
https://www.ettoday.net/news/20191112/1577787.htm?feature=聲林之王&tab_id=4741
http://www.ettoday.net/changeReadType.php?rtype=0&rurl=http%3A%2F%2Fwww.ettoday.net%2Ffeature%2F%E5%88%B0%E5%B0%8D%E5%B2%B8%E8%B5%B0%E8%B5%B0
https://health.ettoday.net/category_tag/狗健康/2
https://www.ettoday.net/news/20200331/1681035.htm?ercamp=sorted_hot_news
https://www.ettoday.net/news/tag/台新金/
https://health.ettoday.net/news/1014048
https://www.ettoday.net/news/20180314/1130140.htm
https://www.ettoday.net/news/20200122/1583526.htm?feature=聲林之王&tab_id=4741
https://www.ettoday.net/news/20200616/1738704.htm
https://www.ettoday.net/dalemon/post/49426
https://www.ettoday.net/news/20180311/1128158.htm?from=feature
https://www.ettoday.net/news/20181008/1276802.htm?feature=ufo&tab_id=940
https://www.ettoday.net/news/20200226/1654802.htm
https://www.ettoday.net/news/20200616/1739171.htm
https://www.ettoday.net/news/20200616/1739176.htm
https://www.ettoday.net/news/tag/歐弟/
http://www.ettoday.net/changeReadType.php?rtype=0&rurl=http%3A%2F%2Fwww.ettoday.net%2Fnews%2F20200614%2F1737517.htm%3Ffeature%3D%E8%A8%B1%E5%B4%91%E6%BA%90%26tab_id%3D6197
https://health.ettoday.net/search.phtml?keyword=健康百科
https://www.ettoday.net/news/20200330/1680273.htm
https://www.ettoday.net/news/tag/台壽保/
https://www.ettoday.net/news/tag/匿名貼文/
https://www.ettoday.net/news/tag/蕭美琴/
https://www.ettoday.net/news/20200608/1732920.htm
https://www.ettoday.net/news/20200615/1737987.htm
https://www.ettoday.net/news/20200617/1739832.htm
https://www.ettoday.net/news/20191231/1614560.htm?from=pctaglist 
https://www.ettoday.net/news/20200615/1737855.htm?from=pctaglist 
https://www.ettoday.net/news/20200617/1739920.htm
http://www.ettoday.net/dalemon/post/50779
https://www.ettoday.net/dalemon/post/50776
https://www.ettoday.net/dalemon/tag/被跟
https://www.ettoday.net/news/20200505/1706953.htm
https://www.ettoday.net/news/20200602/1728491.htm
https://www.ettoday.net/news/20200603/1728804.htm
https://www.ettoday.net/news/20180207/1109316.htm?feature=地震&tab_id=1496
https://www.ettoday.net/news/20190930/1546634.htm?feature=颱風&tab_id=1269
https://www.ettoday.net/news/20191030/1568026.htm
https://www.ettoday.net/report.php
http://www.ettoday.net/changeReadType.php?rtype=0&rurl=http%3A%2F%2Fwww.ettoday.net%2Fnews%2F20200610%2F1734700.htm%3Ffeature%3D%E8%A8%B1%E5%B4%91%E6%BA%90%26tab_id%3D6197
https://discovery.ettoday.net/news/1601018
https://forum.ettoday.net/news/1730581
https://www.ettoday.net/dalemon/latest-news/3
https://www.ettoday.net/news/20200608/1733158.htm
https://www.ettoday.net/news/20200616/1738805.htm
https://www.ettoday.net/news/20200617/1739472.htm?from=pctaglist 
https://forum.ettoday.net/news/1730056
https://www.ettoday.net/news/20200617/1740028.htm
https://www.ettoday.net/news/tag/怪物沙灘/
https://health.ettoday.net/news/1422613
https://www.ettoday.net/dalemon/collection/15/10
https://www.ettoday.net/news/20181213/1329756.htm
https://www.ettoday.net/news/20200525/1721738.htm
https://www.ettoday.net/news/20200617/1740000.htm
https://www.ettoday.net/news/tag/Lucy/
https://www.ettoday.net/news/tag/台灣博物館/
https://www.ettoday.net/news/20200403/1683375.htm?from=feature
https://www.ettoday.net/news/tag/保釣/
https://www.ettoday.net/news/tag/街貓/
https://travel.ettoday.net/category/台灣小吃/?&page=10
https://www.ettoday.net/feature/panther2019
https://www.ettoday.net/news/20180409/1146403.htm
https://www.ettoday.net/news/20181121/1312136.htm?from=feature
https://www.ettoday.net/news/20200615/1738121.htm
https://discovery.ettoday.net/news/1474863
https://health.ettoday.net/news/1638736
https://www.ettoday.net/news/20180204/1107101.htm?from=feature
https://www.ettoday.net/news/20190501/1435043.htm?from=feature
https://www.ettoday.net/news/20191022/1562407.htm?ercamp=sorted_hot_news
https://www.ettoday.net/news/tag/釣魚台/
https://www.ettoday.net/dalemon/post/	50734	?from=pb_	family	_pc	
https://www.ettoday.net/news/20161204/823426.htm
https://www.ettoday.net/news/20181207/1325601.htm
https://www.ettoday.net/news/20190930/1546556.htm
https://www.ettoday.net/news/20200320/1671817.htm
https://www.ettoday.net/news/20191123/1581961.htm?from=pctaglist 
https://www.ettoday.net/news/20200326/1676869.htm?from=feature
https://www.ettoday.net/news/20200331/1680932.htm
https://www.ettoday.net/news/20200504/1703797.htm?from=feature
https://www.ettoday.net/news/20200617/1739953.htm
https://www.ettoday.net/news/tag/國際護師節/
http://www.ettoday.net/dalemon/post/50770
https://www.ettoday.net/news/20190531/1457122.htm
https://www.ettoday.net/news/20200615/1738203.htm?ercamp=sorted_hot_news
https://health.ettoday.net/category/兩性/1
https://health.ettoday.net/https://line.me/R/ti/p/%40kgy3765i
https://www.ettoday.net/news/tag/醫藥新聞/
https://www.ettoday.net/news/20200219/1649365.htm
https://www.ettoday.net/news/tag/司改人權/
https://forum.ettoday.net/search.phtml?keyword=院際調解權
https://www.ettoday.net/news/20191107/1574254.htm?feature=戴資穎&tab_id=1236
https://www.ettoday.net/news/20200429/1702517.htm
https://www.ettoday.net/news/20200430/1703440.htm?feature=金正恩&tab_id=1597
https://www.ettoday.net/news/20200507/1709052.htm?from=feature
https://www.ettoday.net/news/20200517/1716148.htm?from=pctaglist 
https://discovery.ettoday.net/news/1564366
https://www.ettoday.net/news/20200617/1739420.htm?ercamp=sorted_hot_news
https://www.ettoday.net/news/20200617/1740078.htm?from=feature
https://www.ettoday.net/news/tag/保德信人壽/
https://www.ettoday.net/news/20200615/1736631.htm
https://travel.ettoday.net/article/1436549.htm
https://www.ettoday.net/news/20200613/1736824.htm
https://www.ettoday.net/news/20180321/1134502.htm?from=feature
https://www.ettoday.net/news/20191228/1612174.htm?from=feature
https://www.ettoday.net/news/20200612/1736172.htm
https://www.ettoday.net/news/20200616/1739232.htm
https://discovery.ettoday.net/news/1643550
https://www.ettoday.net/news/20200612/1735917.htm
https://www.ettoday.net/news/20200214/1644133.htm?ercamp=sorted_hot_news
https://www.ettoday.net/news/20200603/1728940.htm?from=pctaglist 
https://www.ettoday.net/news/20200610/1734195.htm
https://www.ettoday.net/news/tag/WHO/
https://discovery.ettoday.net/news/1601016
https://www.ettoday.net/news/20191020/1560923.htm?from=feature
https://www.ettoday.net/news/20191206/1596159.htm?from=pctaglist 
https://www.ettoday.net/news/20190906/1528675.htm
https://www.ettoday.net/news/20191123/1586654.htm?feature=聲林之王&tab_id=4741
https://www.ettoday.net/news/20200327/1678368.htm?from=feature
https://pets.ettoday.net/news/1625546
https://travel.ettoday.net/category/新竹/?&page=6
https://www.ettoday.net/news/20200614/1736271.htm?ercamp=sorted_hot_news
https://www.ettoday.net/news/20200616/1739127.htm
https://www.ettoday.net/news/tag/統一超商統一發票/
https://www.ettoday.net/dalemon/post/50761
https://www.ettoday.net/news/20200122/1631515.htm
https://forum.ettoday.net/news/1733134
https://www.ettoday.net/news/20200326/1676862.htm?from=feature
https://www.ettoday.net/news/20200521/1719824.htm?feature=颱風&tab_id=1269
https://www.ettoday.net/news/tag/換屋族/
https://www.ettoday.net/news/20200526/1723202.htm
https://www.ettoday.net/news/20200612/1736177.htm
https://www.ettoday.net/news/20200616/1739369.htm?ercamp=sorted_hot_news
https://www.ettoday.net/news/tag/雲端最前線/
https://house.ettoday.net/latestnews.php?&page=2
https://www.ettoday.net/dalemon/editor-news/167
https://www.ettoday.net/news/20161004/786710.htm?from=feature
https://www.ettoday.net/news/20190502/1435591.htm
https://www.ettoday.net/news/20200609/1733985.htm
https://www.ettoday.net/news/tag/雷擊/
https://www.ettoday.net/news/tag/魏應充/
https://www.ettoday.net/dalemon/post/50779
https://www.ettoday.net/news/20190708/1485309.htm
https://www.ettoday.net/news/20200225/1653974.htm?feature=地震&tab_id=1232
https://discovery.ettoday.net/news/1465416
https://discovery.ettoday.net/news/1588823
https://www.ettoday.net/news/tag/花旗/
https://www.ettoday.net/news/focus/健康/兩性/
https://www.ettoday.net/news/tag/毛小孩/
https://www.ettoday.net/https://www.mirrormedia.mg/story/20200614soc003/index.html?utm_source=feed_related&amp;utm_medium=ettoday
https://www.ettoday.net/news/20180127/1101799.htm?from=feature
https://www.ettoday.net/news/20190719/1493472.htm?feature=ufo&tab_id=945
https://www.ettoday.net/news/20200615/1737934.htm
https://discovery.ettoday.net/news/1477076
https://www.ettoday.net/news/20180116/1094277.htm?from=feature
https://www.ettoday.net/news/20200429/1702432.htm?feature=金正恩&tab_id=1597
https://www.ettoday.net/news/20200615/1737950.htm
https://house.ettoday.net/search.php?keywords=荷造場
https://www.ettoday.net/news/focus/ET車雲/
https://discovery.ettoday.net/news/1471214
https://discovery.ettoday.net/news/1730477
https://www.ettoday.net/news/20200614/1734927.htm
https://www.ettoday.net/news/20200617/1739882.htm
https://www.ettoday.net/news/20180219/1092808.htm?from=feature
https://www.ettoday.net/news/20200325/1676023.htm?feature=地震&tab_id=1232
https://www.ettoday.net/news/20200331/1675516.htm
https://www.ettoday.net/news/tag/LC 500h/
http://www.ettoday.net/dalemon/post/50775
https://www.ettoday.net/news/20190930/1546567.htm?feature=颱風&tab_id=1269
https://www.ettoday.net/news/20200614/1737645.htm?from=pctaglist 
https://www.ettoday.net/news/tag/傑克戴普/
https://www.ettoday.net/news/20191229/1613003.htm?feature=聲林之王&tab_id=4741
https://www.ettoday.net/news/20200609/1733918.htm?from=pctaglist 
https://discovery.ettoday.net/news/1619348
https://www.ettoday.net/news/20191127/1589415.htm
https://www.ettoday.net/news/20200605/1731095.htm?from=feature
https://www.ettoday.net/news/tag/病毒/
https://discovery.ettoday.net/news/1739168
https://www.ettoday.net/news/20161209/827015.htm?feature=ufo&tab_id=942
https://www.ettoday.net/news/20200611/1735782.htm?from=pctaglist 
https://www.ettoday.net/news/20200615/1736752.htm
https://www.ettoday.net/news/20200608/1733193.htm?from=pctaglist 
https://www.ettoday.net/news/20200617/1739386.htm
https://discovery.ettoday.net/news/1466128
https://www.ettoday.net/news/20200529/1725789.htm?from=pctaglist 
https://www.ettoday.net/news/tag/Bob/
https://www.ettoday.net/news/tag/真菌/
https://www.ettoday.net/news/20150512/505321.htm?feature=ufo&tab_id=944
https://www.ettoday.net/news/tag/吳宗憲/
https://www.ettoday.net/news/20190907/1528821.htm
https://www.ettoday.net/news/20200203/1620628.htm?feature=聲林之王&tab_id=4741
https://health.ettoday.net/news/770095
https://www.ettoday.net/dalemon/tag/火影
https://www.ettoday.net/news/20190323/1405884.htm
https://www.ettoday.net/news/20200526/1723279.htm
https://www.ettoday.net/news/20200617/1740235.htm?from=pctaglist 
https://health.ettoday.net/news/1695263
https://www.ettoday.net/feature/偏鄉送愛20年
https://www.ettoday.net/news/20191123/1586647.htm?feature=地震&tab_id=1232
https://www.ettoday.net/news/20200125/1632736.htm
https://www.ettoday.net/news/20200409/1687850.htm?from=feature
https://www.ettoday.net/dalemon/post/50059
https://www.ettoday.net/dalemon/tag/每周
https://www.ettoday.net/news/20200615/1732802.htm
https://www.ettoday.net/news/20181228/1342831.htm?feature=ufo&tab_id=939
https://www.ettoday.net/news/20190430/1434159.htm
https://www.ettoday.net/news/tag/阿拉斯加團隊/
https://www.ettoday.net/news/20200521/1718949.htm?ercamp=sorted_hot_news
https://www.ettoday.net/news/20200518/1713301.htm
https://www.ettoday.net/news/tag/休旅車/
https://discovery.ettoday.net/news/1492234
https://www.ettoday.net/news/20190930/1546158.htm?feature=颱風&tab_id=1269
https://discovery.ettoday.net/news/1592272
https://www.ettoday.net/news/20200512/1712170.htm
https://www.ettoday.net/news/tag/台積電/
https://www.ettoday.net/news/20200611/1735470.htm
https://www.ettoday.net/news/20200615/1738176.htm?from=pctaglist 
https://www.ettoday.net/news/tag/雙12/
https://forum.ettoday.net/news/1734850
https://www.ettoday.net/news/tag/東森新連鎖/
http://www.ettoday.net/changeReadType.php?rtype=0&rurl=http%3A%2F%2Fwww.ettoday.net%2Fnews%2F20200216%2F1646940.htm%3Ffeature%3D%E5%A4%A7%E8%80%81%E9%97%86%E5%82%B3%E5%A5%87-%E5%B0%B9%E8%A1%8D%E6%A8%91%26tab_id%3D13274
https://www.ettoday.net/dalemon/post/48160
https://www.ettoday.net/news/20200529/1725601.htm
https://www.ettoday.net/news/20200617/1740142.htm
https://speed.ettoday.net/news/1739211
https://www.ettoday.net/dalemon/tag/撞鬼
https://www.ettoday.net/dalemon/tag/靈異
https://www.ettoday.net/news/20200206/1639476.htm?from=feature
https://www.ettoday.net/news/20200430/1703842.htm?feature=金正恩&tab_id=1597
https://www.ettoday.net/news/tag/轉機/
https://travel.ettoday.net/article/1719898.htm
https://www.ettoday.net/news/20191107/1574563.htm?feature=聲林之王&tab_id=4741
https://www.ettoday.net/news/20191207/1596330.htm?feature=地震&tab_id=1232
https://www.ettoday.net/news/20200401/1681063.htm
https://www.ettoday.net/news/20200519/1711808.htm?ercamp=sorted_hot_news
https://www.ettoday.net/news/20200602/1728445.htm
https://www.ettoday.net/news/20200611/1735172.htm?ercamp=sorted_hot_news
https://discovery.ettoday.net/news/1470353
https://health.ettoday.net/news/1729367
https://www.ettoday.net/dalemon/latest-news/8
https://www.ettoday.net/news/20191027/1566438.htm
https://www.ettoday.net/news/20200317/1669953.htm
https://www.ettoday.net/news/20200323/1673989.htm
https://health.ettoday.net/news/1614607
https://discovery.ettoday.net/news/1474564
https://www.ettoday.net/news/20181204/1322838.htm?feature=ufo&tab_id=942
https://www.ettoday.net/news/20191228/1612640.htm?feature=聲林之王&tab_id=4741
https://www.ettoday.net/news/20200427/1700692.htm
https://www.ettoday.net/news/20200617/1739604.htm
https://www.ettoday.net/news/tag/和泰公益夢想家/
https://www.ettoday.net/dalemon/hot-news/3
https://www.ettoday.net/news/20190930/1546162.htm?feature=颱風&tab_id=1269
https://www.ettoday.net/news/20200428/1701487.htm
https://discovery.ettoday.net/news/1516405
https://www.ettoday.net/dalemon/post/50769
https://www.ettoday.net/news/20200315/1667047.htm
https://www.ettoday.net/news/20200616/1738726.htm
https://www.ettoday.net/news/tag/楊寶楨/
https://www.ettoday.net/news/20200410/1687490.htm
https://www.ettoday.net/news/tag/租金/
https://www.ettoday.net/dalemon/post/	49893	?from=pb_	ter	
https://www.ettoday.net/news/20190915/1535251.htm
https://www.ettoday.net/news/20200316/1668888.htm
https://www.ettoday.net/news/20200508/1709862.htm?from=feature
https://www.ettoday.net/news/20200525/1722441.htm
https://www.ettoday.net/news/20200610/1734155.htm
https://www.ettoday.net/news/tag/愛心雲/
https://www.ettoday.net/dalemon/tag/海賊王
https://www.ettoday.net/news/20200403/1682987.htm
https://www.ettoday.net/news/20200605/1730451.htm
https://www.ettoday.net/news/20200608/1733032.htm?from=feature
https://travel.ettoday.net/article/1738970.htm
https://www.ettoday.net/news/20151130/605409.htm?from=pctaglist 
https://www.ettoday.net/news/20191109/1575711.htm?feature=戴資穎&tab_id=1236
https://www.ettoday.net/news/tag/鬼怪/
https://forum.ettoday.net/news/1734739
https://forum.ettoday.net/newslist/681/5
https://www.ettoday.net/news/20170112/848119.htm
https://www.ettoday.net/news/tag/來回機票/
https://discovery.ettoday.net/news/1731357
https://www.ettoday.net/news/20171006/1026185.htm?from=pctaglist 
https://www.ettoday.net/news/20200614/1737367.htm
https://www.ettoday.net/news/20200614/1737550.htm
https://www.ettoday.net/news/tag/鼻病毒/
https://www.ettoday.net/https://t.co/pMz90zRtyJ
https://www.ettoday.net/news/20191125/1587699.htm?feature=戴資穎&tab_id=1236
https://www.ettoday.net/news/20200220/1650341.htm
https://www.ettoday.net/news/20190826/1521197.htm?from=feature
https://discovery.ettoday.net/news/1738570
https://www.ettoday.net/news/20200617/1740061.htm?from=pctaglist 
https://health.ettoday.net/news/1730119
https://speed.ettoday.net/search.phtml?keyword=CR-V
https://www.ettoday.net/news/20191216/1601658.htm?feature=大老闆傳奇-尹衍樑&tab_id=13274
https://www.ettoday.net/news/tag/偏鄉/
https://www.ettoday.net/news/20200604/1729841.htm?from=pctaglist 
https://discovery.ettoday.net/news/1485134
https://www.ettoday.net/news/20200617/1739577.htm
https://www.ettoday.net/news/tag/屏大/
https://discovery.ettoday.net/news/1488039
https://www.ettoday.net/news/20181204/1322684.htm
https://www.ettoday.net/news/20191125/1587379.htm?feature=地震&tab_id=1232
https://www.ettoday.net/news/20200428/1701164.htm
https://forum.ettoday.net/search.phtml?keyword=張升星
https://www.ettoday.net/news/20181015/1281337.htm?feature=ufo&tab_id=939
https://www.ettoday.net/news/tag/Kuga/
https://www.ettoday.net/news/20200326/1677019.htm?from=feature
https://www.ettoday.net/news/tag/施瓊華/
https://health.ettoday.net/news/1714124
https://www.ettoday.net/feature/颱風/1269/5
https://www.ettoday.net/news/20160702/727725.htm?feature=ufo&tab_id=942
https://www.ettoday.net/news/20191123/1586254.htm?feature=大老闆傳奇-尹衍樑&tab_id=13274
https://www.ettoday.net/news/20200521/1719349.htm?from=feature
https://www.ettoday.net/news/focus/時尚/
https://discovery.ettoday.net/news/1465413
https://travel.ettoday.net/category/台南美食/?&page=2
https://www.ettoday.net/news/20181213/1329772.htm
https://www.ettoday.net/news/20191125/1587459.htm?feature=戴資穎&tab_id=1236
https://www.ettoday.net/news/20200219/1649534.htm?feature=地震&tab_id=1232
https://www.ettoday.net/news/20200504/1706324.htm?from=feature
https://www.ettoday.net/news/20181009/1277357.htm?feature=ufo&tab_id=939
https://www.ettoday.net/news/20200616/1738816.htm?ercamp=sorted_hot_news
https://www.ettoday.net/news/20191109/1576066.htm?feature=戴資穎&tab_id=1236
https://www.ettoday.net/news/20200616/1738765.htm?ercamp=sorted_hot_news
https://www.ettoday.net/news/tag/東森自然美/
https://www.ettoday.net/news/tag/自然美/
https://www.ettoday.net/news/tag/藤浪晉太郎/
https://www.ettoday.net/news/20180113/1092187.htm?from=feature
https://www.ettoday.net/news/20200522/1720640.htm
https://www.ettoday.net/news/20200605/1731153.htm?from=pctaglist 
https://www.ettoday.net/news/20200617/1740019.htm?from=pctaglist 
https://www.ettoday.net/news/tag/第一金/
https://www.ettoday.net/news/tag/隔離14天/
https://www.ettoday.net/dalemon/tag/靈機
https://www.ettoday.net/news/20190429/1433031.htm
https://www.ettoday.net/news/20191107/1574017.htm?from=feature
https://www.ettoday.net/news/20191213/1601215.htm?feature=大老闆傳奇-尹衍樑&tab_id=13274
https://www.ettoday.net/news/20200117/1627751.htm
https://www.ettoday.net/news/20200225/1654047.htm?feature=地震&tab_id=1232
https://www.ettoday.net/news/tag/有尾巴的柯基噗卡與嘎魯喵/
https://www.ettoday.net/news/20191203/1592455.htm?from=feature
https://www.ettoday.net/news/20200131/1635361.htm?from=feature
https://www.ettoday.net/news/20200609/1733391.htm
https://www.ettoday.net/news/20200613/1737138.htm
https://www.ettoday.net/news/20200616/1738459.htm?ercamp=sorted_hot_news
https://discovery.ettoday.net/news/1468837
https://discovery.ettoday.net/news/1475075
https://www.ettoday.net/news/20200616/1739350.htm
https://www.ettoday.net/news/tag/卡通/
https://discovery.ettoday.net/news/1541085
https://www.ettoday.net/news/20181101/1295727.htm?feature=ufo&tab_id=939
https://www.ettoday.net/news/20181206/1324499.htm
https://www.ettoday.net/news/20200613/1737298.htm?from=pctaglist 
https://discovery.ettoday.net/news/1490450
https://www.ettoday.net/news/tag/詐欺/
https://www.ettoday.net/news/20200404/1683510.htm
https://www.ettoday.net/news/20200609/1733719.htm
https://www.ettoday.net/news/tag/顧立雄/
https://forum.ettoday.net/news/1630555
https://www.ettoday.net/news/20181205/1323211.htm?feature=ufo&tab_id=942
https://www.ettoday.net/news/20200614/1736524.htm
https://www.ettoday.net/news/20200616/1739007.htm
https://www.ettoday.net/news/tag/網購回饋/
http://house.ettoday.net/news/1740206
https://www.ettoday.net/news/20191129/1590861.htm?feature=大老闆傳奇-尹衍樑&tab_id=13274
https://www.ettoday.net/news/20200603/1728791.htm
https://www.ettoday.net/news/tag/ET直播/
https://travel.ettoday.net/article/1397430.htm
https://www.ettoday.net/news/20160613/713616.htm?from=pctaglist 
https://www.ettoday.net/news/20190502/1435193.htm
https://www.ettoday.net/dalemon/post/50766
https://www.ettoday.net/news/20200615/1738441.htm?ercamp=sorted_hot_news
https://www.ettoday.net/news/20200616/1739096.htm
https://www.ettoday.net/news/tag/ps嘟唇修修豐嫩顯色唇筆/
https://www.ettoday.net/dalemon/editor-news/234
https://www.ettoday.net/feature/信義專區
https://www.ettoday.net/news/20180203/1106184.htm?from=feature
https://www.ettoday.net/news/20190924/1541217.htm?from=feature
https://forum.ettoday.net/search.phtml?keyword=約詢法官
https://www.ettoday.net/https://youtu.be/g-ceoKqY2-8?t=1107
https://speed.ettoday.net/search.phtml?keyword=豐田
https://www.ettoday.net/dalemon/latest-news/9
https://www.ettoday.net/news/20180331/1141175.htm?feature=todaysforum&amp;tab_id=960
http://www.ettoday.net/changeReadType.php?rtype=0&rurl=http%3A%2F%2Fwww.ettoday.net%2Ffeature%2F%E9%87%91%E6%AD%A3%E6%81%A9%2F1597%2F6
https://speed.ettoday.net/tag/ETFerrari/6
https://www.ettoday.net/news/20200616/1739110.htm?ercamp=sorted_hot_news
https://www.ettoday.net/news/tag/特力/
https://www.ettoday.net/news/20200614/1737347.htm?from=pctaglist 
https://www.ettoday.net/news/20200617/1734078.htm?ercamp=sorted_hot_news
https://www.ettoday.net/news/tag/Outlander/
https://www.ettoday.net/dalemon/editor-news/156
https://www.ettoday.net/news/20200611/1735201.htm?from=pctaglist 
https://www.ettoday.net/news/20200313/1666438.htm?feature=地震&tab_id=1232
https://www.ettoday.net/news/20200529/1725381.htm
https://www.ettoday.net/news/20160329/671430.htm?from=pctaglist 
https://www.ettoday.net/news/20180829/1246726.htm?feature=ufo&tab_id=942
https://www.ettoday.net/news/20190707/1483702.htm
https://www.ettoday.net/news/20191228/1612622.htm?feature=聲林之王&tab_id=4741
https://www.ettoday.net/news/20200308/1662349.htm?ercamp=sorted_hot_news
https://www.ettoday.net/news/20200308/1662349.htm?ercamp=sorted_hot_news
https://www.ettoday.net/news/20200417/1693720.htm
https://www.ettoday.net/news/20200611/1735651.htm?from=pctaglist 
https://www.ettoday.net/news/20200617/1736536.htm
https://www.ettoday.net/news/20200617/1736536.htm
https://www.ettoday.net/news/20200617/1739939.htm
https://www.ettoday.net/news/20200617/1740289.htm?ercamp=sorted_hot_news
https://www.ettoday.net/news/20200617/1740289.htm?ercamp=sorted_hot_news
http://www.ettoday.net/news/news-list-2014-01-22-0.htm
http://www.ettoday.net/news/news-list-2014-09-16-0.htm
http://www.ettoday.net/news/news-list-2016-07-20-0.htm
http://www.ettoday.net/news/news-list-2018-03-05-0.htm
http://www.ettoday.net/news/news-list-2019-03-18-0.htm
https://speed.ettoday.net/tag/ETFerrari/3
https://travel.ettoday.net/article/1393988.htm
https://www.ettoday.net/dalemon/editor-news/142
https://www.ettoday.net/feature/許崑源/6197/7
https://www.ettoday.net/news/20200521/1719685.htm
https://www.ettoday.net/news/20200602/1728324.htm?from=pctaglist 
https://www.ettoday.net/news/20200611/1735050.htm
https://www.ettoday.net/news/20200614/1730341.htm?ercamp=sorted_hot_news
https://www.ettoday.net/news/20200614/1730341.htm?ercamp=sorted_hot_news
https://www.ettoday.net/news/20200616/1739030.htm
https://www.ettoday.net/news/tag/中印邊界/
https://house.ettoday.net/search.php?keywords=台北美食
https://www.ettoday.net/news/20181031/1294904.htm?from=knee_pain_htm&feature=膝蓋痛&tab_id=9447
https://www.ettoday.net/news/20190930/1546535.htm?feature=颱風&tab_id=1269
https://www.ettoday.net/news/20191223/1608217.htm?from=feature
https://www.ettoday.net/news/20200420/1694702.htm?ercamp=sorted_hot_news
https://www.ettoday.net/news/20200614/1736524.htm?from=pctaglist 
https://www.ettoday.net/news/tag/信用卡/
https://www.ettoday.net/news/tag/信用卡/
http://www.ettoday.net/news/news-list-2012-02-14-0.htm
http://www.ettoday.net/news/news-list-2014-09-24-0.htm
http://www.ettoday.net/news/news-list-2019-01-17-0.htm
https://www.ettoday.net/changeReadType.php?rtype=0&rurl=https%3A%2F%2Fhealth.ettoday.net%2Fcategory_tag%2F%E6%81%99%E8%9F%B2%E7%97%85%E5%81%A5%E5%BA%B7
https://www.ettoday.net/dalemon/post/48045
https://www.ettoday.net/news/20121228/146060.htm?ercamp=sorted_hot_news
https://www.ettoday.net/news/20191228/1612629.htm?feature=聲林之王&tab_id=4741
https://www.ettoday.net/news/20200611/1735075.htm
https://www.ettoday.net/news/20200616/1739102.htm
https://www.ettoday.net/news/tag/醫次搞定/
http://www.ettoday.net/news/news-list-2014-11-08-0.htm
https://www.ettoday.net/dalemon/tag/驚悚
https://www.ettoday.net/feature/習近平/4458/6
https://www.ettoday.net/news/20150421/492371.htm?from=pctaglist 
https://www.ettoday.net/news/20160818/758425.htm?feature=ufo&tab_id=945
https://www.ettoday.net/news/20191126/1588466.htm?feature=地震&tab_id=1232
https://www.ettoday.net/news/20200524/1721663.htm?from=feature
https://www.ettoday.net/news/20200609/1733617.htm
https://www.ettoday.net/news/20200609/1733986.htm
https://www.ettoday.net/news/20200611/1735396.htm
https://www.ettoday.net/news/20200612/1736598.htm?from=pctaglist 
https://www.ettoday.net/news/20200617/1739431.htm
https://www.ettoday.net/news/tag/世界疫情/
http://www.ettoday.net/album/category-all-9.htm
http://www.ettoday.net/news/news-list-2015-04-30-0.htm
http://www.ettoday.net/news/news-list-2016-09-07-0.htm
http://www.ettoday.net/news/news-list-2017-07-21-0.htm
http://www.ettoday.net/news/news-list-2018-06-17-0.htm
http://www.ettoday.net/news/news-list-2019-12-04-0.htm
http://www.ettoday.net/news/news-list-2020-04-13-0.htm
https://travel.ettoday.net/article/1570282.htm?from=index
https://www.ettoday.net/dalemon/post/50223
https://www.ettoday.net/news/20200425/1698902.htm?from=pctaglist 
https://www.ettoday.net/news/20200510/1710157.htm?from=pctaglist 
https://www.ettoday.net/news/tag/訴訟/
http://www.ettoday.net/news/news-list-2012-09-28-0.htm
http://www.ettoday.net/news/news-list-2016-04-29-0.htm
http://www.ettoday.net/news/news-list-2016-05-12-0.htm
http://www.ettoday.net/news/news-list-2016-06-15-0.htm
http://www.ettoday.net/news/news-list-2016-10-21-0.htm
https://www.ettoday.net/news/20200527/1724014.htm
https://www.ettoday.net/news/20200603/1728804.htm?from=pctaglist 
https://www.ettoday.net/news/20200615/1738171.htm
https://www.ettoday.net/news/20200615/1738171.htm
https://www.ettoday.net/news/20200617/1739980.htm
https://www.ettoday.net/news/news-list-2020-06-17-6.htm
https://www.ettoday.net/news/news-list-2020-06-17-6.htm
https://www.ettoday.net/news/tag/工作/
http://www.ettoday.net/news/news-list-2012-04-22-0.htm
http://www.ettoday.net/news/news-list-2017-01-20-0.htm
http://www.ettoday.net/news/news-list-2018-11-12-0.htm
http://www.ettoday.net/news/news-list-2019-08-10-0.htm
http://www.ettoday.net/news/news-list-2020-05-31-0.htm
https://forum.ettoday.net/news/1738383
https://house.ettoday.net/search.php?keywords=1915荷造場
https://www.ettoday.net/news/20200326/1677587.htm?from=feature
https://www.ettoday.net/news/20200606/1731864.htm?feature=戴資穎&tab_id=1236
https://www.ettoday.net/news/tag/烏魚子/
http://www.ettoday.net/news/news-list-2013-04-20-0.htm
http://www.ettoday.net/news/news-list-2015-12-22-0.htm
http://www.ettoday.net/news/news-list-2018-02-15-0.htm
http://www.ettoday.net/news/news-list-2019-05-23-0.htm
http://www.ettoday.net/news/news-list-2019-06-06-0.htm
https://health.ettoday.net/news/713842
https://www.ettoday.net/dalemon/tag/羋紜
https://www.ettoday.net/news/20200501/1701915.htm?from=pctaglist 
https://www.ettoday.net/news/20200603/1728791.htm?from=pctaglist 
http://www.ettoday.net/news/news-list-2016-11-30-0.htm
http://www.ettoday.net/news/news-list-2017-12-12-0.htm
https://forum.ettoday.net/news/1740040
https://forum.ettoday.net/news/1740040
https://forum.ettoday.net/search.phtml?keyword=法律
https://health.ettoday.net/news/1740209
https://health.ettoday.net/news/1740209
https://travel.ettoday.net/article/1427623.htm
https://www.ettoday.net/feature/index/14
https://www.ettoday.net/feature/index/14
https://www.ettoday.net/feature/劉真/12646?tt=劉真相關新聞
https://www.ettoday.net/feature/劉真/12646?tt=劉真相關新聞
https://www.ettoday.net/news/20180326/1137532.htm?from=feature
https://www.ettoday.net/news/20191108/1575229.htm?feature=戴資穎&tab_id=1236
https://www.ettoday.net/news/tag/股利/
http://www.ettoday.net/news/news-list-2013-02-03-0.htm
http://www.ettoday.net/news/news-list-2013-12-09-0.htm
http://www.ettoday.net/news/news-list-2014-01-13-0.htm
http://www.ettoday.net/news/news-list-2017-09-06-0.htm
http://www.ettoday.net/news/news-list-2020-05-04-0.htm
https://discovery.ettoday.net/news/1482022
https://forum.ettoday.net/search.phtml?keyword=洩密案
https://health.ettoday.net/search.phtml?keyword=纖維
https://speed.ettoday.net/news/1717556
https://www.ettoday.net/news/20200617/1739821.htm
http://www.ettoday.net/news/news-list-2012-07-24-0.htm
http://www.ettoday.net/news/news-list-2012-10-08-0.htm
http://www.ettoday.net/news/news-list-2014-12-28-0.htm
https://speed.ettoday.net/news/1739490
https://www.ettoday.net/feature/王瞳馬俊麟爆婚外情
https://www.ettoday.net/news/20200603/1729306.htm
https://www.ettoday.net/news/20200615/1738174.htm?from=feature
https://www.ettoday.net/news/20200617/1738817.htm
https://www.ettoday.net/news/20200617/1739790.htm?from=pctaglist 
http://www.ettoday.net/news/news-list-2018-07-02-0.htm
http://www.ettoday.net/news/news-list-2019-11-08-0.htm
https://travel.ettoday.net/article/1738594.htm
https://www.ettoday.net/news/20151218/615209.htm?from=pctaglist 
https://www.ettoday.net/news/20181002/1271141.htm?feature=ufo&tab_id=939
https://www.ettoday.net/news/tag/零/
https://www.ettoday.net/news/tag/黨產會/
http://www.ettoday.net/news/news-list-2012-01-02-0.htm
http://www.ettoday.net/news/news-list-2012-03-21-0.htm
http://www.ettoday.net/news/news-list-2012-04-06-0.htm
http://www.ettoday.net/news/news-list-2012-12-21-0.htm
http://www.ettoday.net/news/news-list-2014-09-01-0.htm
http://www.ettoday.net/news/news-list-2019-07-09-0.htm
http://www.ettoday.net/news/news-list-2019-08-09-0.htm
http://www.ettoday.net/news/news-list-2019-10-04-0.htm
https://travel.ettoday.net/article/1352276.htm
https://travel.ettoday.net/article/1677461.htm?from=index
https://www.ettoday.net/news/20190609/1463749.htm?from=pctaglist 
https://www.ettoday.net/news/20191108/1575469.htm?feature=聲林之王&tab_id=4741
https://www.ettoday.net/news/20200301/1657090.htm
https://www.ettoday.net/news/20200514/1712873.htm?from=pctaglist 
https://www.ettoday.net/news/20200613/1736815.htm
https://www.ettoday.net/news/tag/台中金典/
https://www.ettoday.net/news/tag/慧眼看天下/
http://www.ettoday.net/news/news-list-2013-04-29-0.htm
http://www.ettoday.net/news/news-list-2016-03-16-0.htm
http://www.ettoday.net/news/news-list-2016-07-23-0.htm
https://health.ettoday.net/lastnews
https://health.ettoday.net/lastnews
https://travel.ettoday.net/article/1738519.htm
https://www.ettoday.net/dalemon/editor-news/131/5
https://www.ettoday.net/feature/ufo/938/3
https://www.ettoday.net/news/20120403/36297.htm?feature=ufo&tab_id=943
https://www.ettoday.net/news/20200402/1682786.htm
https://www.ettoday.net/news/20200519/1716620.htm?from=pctaglist 
https://www.ettoday.net/news/20200521/1719904.htm?feature=停班停課&tab_id=1270
https://www.ettoday.net/news/20200615/1737637.htm?ercamp=sorted_hot_news
https://www.ettoday.net/news/20200617/1739444.htm?ercamp=sorted_hot_news
https://www.ettoday.net/news/20200617/1740340.htm?from=pctaglist 
https://www.ettoday.net/news/tag/教育部/
http://www.ettoday.net/news/news-list-2011-12-20-0.htm
http://www.ettoday.net/news/news-list-2013-10-10-0.htm
http://www.ettoday.net/news/news-list-2014-09-22-0.htm
http://www.ettoday.net/news/news-list-2015-11-24-0.htm
http://www.ettoday.net/news/news-list-2018-08-21-0.htm
https://forum.ettoday.net/index.phtml
https://forum.ettoday.net/index.phtml
https://www.ettoday.net/news/20200607/1731924.htm?from=feature
https://www.ettoday.net/news/20200614/1735354.htm
https://www.ettoday.net/news/20200615/1738023.htm
https://www.ettoday.net/news/20200615/1738023.htm
http://www.ettoday.net/news/news-list-2016-05-29-0.htm
http://www.ettoday.net/news/news-list-2018-01-14-0.htm
http://www.ettoday.net/news/news-list-2019-04-02-0.htm
http://www.ettoday.net/news/news-list-2019-07-18-0.htm
http://www.ettoday.net/news/news-list-2019-08-25-0.htm
http://www.ettoday.net/news/news-list-2020-06-16-0.htm
https://www.ettoday.net/news/20190502/1435120.htm?from=feature
https://www.ettoday.net/news/20200609/1733496.htm?from=pctaglist 
https://www.ettoday.net/news/20200613/1737124.htm
https://www.ettoday.net/news/20200615/1738018.htm?ercamp=sorted_hot_news
https://www.ettoday.net/news/20200615/1738018.htm?ercamp=sorted_hot_news
https://www.ettoday.net/news/20200616/1738292.htm
https://www.ettoday.net/news/20200617/1739524.htm?ercamp=sorted_hot_news
https://www.ettoday.net/news/20200617/1739524.htm?ercamp=sorted_hot_news
https://www.ettoday.net/news/20200617/1739674.htm
https://www.ettoday.net/news/20200617/1740255.htm
https://www.ettoday.net/news/tag/生日/
http://www.ettoday.net/news/news-list-2014-01-28-0.htm
http://www.ettoday.net/news/news-list-2017-03-24-0.htm
http://www.ettoday.net/news/news-list-2019-09-22-0.htm
https://travel.ettoday.net/article/1677805.htm?from=index
https://www.ettoday.net/news/20190513/1443737.htm?from=pctaglist 
https://www.ettoday.net/news/20200611/1735136.htm?feature=金正恩&tab_id=1597
https://www.ettoday.net/news/20200613/1736994.htm
https://www.ettoday.net/news/20200616/1738339.htm
https://www.ettoday.net/news/tag/0/
https://www.ettoday.net/news/tag/瓣膜/
http://www.ettoday.net/news/news-list-2011-11-09-0.htm
http://www.ettoday.net/news/news-list-2012-09-15-0.htm
http://www.ettoday.net/news/news-list-2014-06-25-0.htm
https://health.ettoday.net/news/1579944
https://www.ettoday.net/news/20190930/1546162.htm?feature=停班停課&tab_id=1270
https://www.ettoday.net/news/tag/徐國勇/
http://www.ettoday.net/news/news-list-2013-08-28-0.htm
http://www.ettoday.net/news/news-list-2013-09-26-0.htm
http://www.ettoday.net/news/news-list-2017-05-11-0.htm
https://discovery.ettoday.net/news/1479906
https://discovery.ettoday.net/news/1585336
https://www.ettoday.net/news/20191204/1594133.htm?from=pctaglist 
https://www.ettoday.net/news/20200616/1738637.htm
https://www.ettoday.net/news/20200616/1738637.htm
https://www.ettoday.net/news/20200617/1734077.htm?ercamp=sorted_hot_news
http://www.ettoday.net/news/news-list-2015-08-18-0.htm
http://www.ettoday.net/news/news-list-2016-04-24-0.htm
http://www.ettoday.net/news/news-list-2017-03-17-0.htm
https://health.ettoday.net/news/1739865
https://house.ettoday.net/search.php?keywords=中正紀念堂
https://www.ettoday.net/feature/ufo/939/4
https://www.ettoday.net/feature/ufo/939/4
https://www.ettoday.net/news/20181105/1297950.htm?feature=膝蓋痛&tab_id=9447
https://www.ettoday.net/news/20200612/1736505.htm
https://www.ettoday.net/news/20200617/1739493.htm?ercamp=sorted_hot_news
https://www.ettoday.net/news/20200617/1739493.htm?ercamp=sorted_hot_news
http://www.ettoday.net/album/category-all-139.htm
http://www.ettoday.net/news/news-list-2016-05-14-0.htm
http://www.ettoday.net/news/news-list-2020-05-19-0.htm
https://health.ettoday.net/news/1730180
https://house.ettoday.net/sinyi-pc.php
https://house.ettoday.net/sinyi-pc.php
https://travel.ettoday.net/category/泰國旅遊/
https://travel.ettoday.net/category/泰國旅遊/
https://www.ettoday.net/dalemon/tag/
https://www.ettoday.net/feature/尹食堂/1412?tt=尹食堂
https://www.ettoday.net/news/20160721/739983.htm?from=pctaglist 
https://www.ettoday.net/news/20180117/1095103.htm?from=feature
https://www.ettoday.net/news/20200330/1680044.htm
https://www.ettoday.net/news/20200422/1697107.htm?feature=戴資穎&tab_id=1236
https://www.ettoday.net/news/20200603/1729204.htm?from=pctaglist 
https://www.ettoday.net/news/20200617/1739852.htm?from=feature
http://www.ettoday.net/news/news-list-2016-08-22-0.htm
http://www.ettoday.net/news/news-list-2018-08-07-0.htm
https://forum.ettoday.net/news/1740082
https://forum.ettoday.net/news/1740082
https://www.ettoday.net/news/20190707/1484341.htm?from=feature
https://www.ettoday.net/news/20200430/1703929.htm?from=pctaglist 
https://www.ettoday.net/news/20200525/1722271.htm?feature=ufo&tab_id=939
https://www.ettoday.net/news/20200603/1729355.htm
https://www.ettoday.net/news/20200617/1739839.htm
https://www.ettoday.net/news/20200617/1739839.htm
http://www.ettoday.net/album/category-all-85.htm
http://www.ettoday.net/news/news-list-2012-02-09-0.htm
http://www.ettoday.net/news/news-list-2016-12-17-0.htm
http://www.ettoday.net/news/news-list-2017-01-03-0.htm
https://discovery.ettoday.net/news/1580358
https://health.ettoday.net/news/1739919
https://speed.ettoday.net/tag.phtml?tag=ETBentley
https://speed.ettoday.net/tag.phtml?tag=ETBentley
https://www.ettoday.net/https://t.co/6WHc2cidRO
https://www.ettoday.net/https://t.co/6WHc2cidRO
https://www.ettoday.net/news/20200611/1735044.htm?feature=金正恩&tab_id=1597
https://www.ettoday.net/news/focus/民生消費/品味家居/
https://www.ettoday.net/news/focus/民生消費/品味家居/
http://www.ettoday.net/news/news-list-2011-12-13-0.htm
http://www.ettoday.net/news/news-list-2015-07-11-0.htm
http://www.ettoday.net/news/news-list-2015-10-22-0.htm
http://www.ettoday.net/news/news-list-2018-09-19-0.htm
https://discovery.ettoday.net/news/1539312
https://pets.ettoday.net/video/125/219182
https://www.ettoday.net/feature/2019年南投燈會
https://www.ettoday.net/news/20170424/903596.htm?from=pctaglist 
https://www.ettoday.net/news/20200604/1730321.htm?from=pctaglist 
http://www.ettoday.net/news/news-list-2012-06-07-0.htm
http://www.ettoday.net/news/news-list-2016-03-01-0.htm
http://www.ettoday.net/news/news-list-2019-11-24-0.htm
https://www.ettoday.net/feature/ufo/942/
https://www.ettoday.net/news/20180524/1176243.htm?feature=ufo&tab_id=941
https://www.ettoday.net/news/20180816/1237103.htm?from=pctaglist 
https://www.ettoday.net/news/20181213/1330028.htm
https://www.ettoday.net/news/20190910/1532750.htm
https://www.ettoday.net/news/20191109/1575717.htm?feature=聲林之王&tab_id=4741
https://www.ettoday.net/news/20200610/1734606.htm?from=feature
https://www.ettoday.net/news/20200617/1739569.htm
http://www.ettoday.net/news/news-list-2011-12-07-0.htm
http://www.ettoday.net/news/news-list-2012-09-06-0.htm
http://www.ettoday.net/news/news-list-2017-10-05-0.htm
http://www.ettoday.net/news/news-list-2018-11-29-0.htm
http://www.ettoday.net/news/news-list-2019-03-13-0.htm
https://speed.ettoday.net/https://etu.tw/qqywmO
https://speed.ettoday.net/https://etu.tw/qqywmO
https://www.ettoday.net/news/20200516/1715838.htm?feature=颱風&tab_id=1265
https://www.ettoday.net/news/20200525/1721933.htm
https://www.ettoday.net/news/20200605/1730984.htm?from=pctaglist 
https://www.ettoday.net/news/20200607/1732257.htm?from=pctaglist 
https://www.ettoday.net/news/20200614/1736524.htm?feature=周揚青&tab_id=2347
https://www.ettoday.net/news/20200617/1740146.htm
http://www.ettoday.net/news/news-list-2014-03-28-0.htm
http://www.ettoday.net/news/news-list-2017-11-29-0.htm
http://www.ettoday.net/news/news-list-2018-08-20-0.htm
https://www.ettoday.net/feature/ufo/944/5
https://www.ettoday.net/feature/ufo/944/5
https://www.ettoday.net/news/20190717/1491800.htm?feature=ufo&tab_id=940
https://www.ettoday.net/news/20200606/1731566.htm
https://www.ettoday.net/news/tag/徐永明/
https://www.ettoday.net/news/tag/徐永明/
http://www.ettoday.net/news/news-list-2017-09-25-0.htm
http://www.ettoday.net/news/news-list-2018-09-14-0.htm
http://www.ettoday.net/news/news-list-2018-10-16-0.htm
https://forum.ettoday.net/news/1738084
https://forum.ettoday.net/news/1738084
https://travel.ettoday.net/category/日本料理/
https://travel.ettoday.net/category/日本料理/
https://www.ettoday.net/news/20190622/1473010.htm?feature=ufo&tab_id=943
https://www.ettoday.net/news/20200610/1734172.htm
https://www.ettoday.net/news/20200616/1738907.htm?feature=ufo&tab_id=939
https://www.ettoday.net/news/20200617/1739855.htm
https://www.ettoday.net/news/20200617/1740176.htm?ercamp=sorted_hot_news
http://www.ettoday.net/news/news-list-2011-10-29-0.htm
http://www.ettoday.net/news/news-list-2013-10-01-0.htm
http://www.ettoday.net/news/news-list-2017-05-27-0.htm
http://www.ettoday.net/news/news-list-2017-08-25-0.htm
http://www.ettoday.net/news/news-list-2020-05-02-0.htm
https://speed.ettoday.net/news/1730766
https://speed.ettoday.net/news/1739140
https://speed.ettoday.net/news/1739140
https://travel.ettoday.net/category/桐花飛雪/
https://travel.ettoday.net/category/桐花飛雪/
https://www.ettoday.net/news/20190510/1446192.htm?from=pctaglist 
https://www.ettoday.net/news/20200204/1637664.htm?from=pctaglist 
https://www.ettoday.net/news/20200429/1702870.htm?feature=金正恩&tab_id=1597
https://www.ettoday.net/news/20200608/1732524.htm?feature=金正恩&tab_id=1597
http://www.ettoday.net/news/news-list-2013-10-13-0.htm
http://www.ettoday.net/news/news-list-2015-10-27-0.htm
http://www.ettoday.net/news/news-list-2015-12-13-0.htm
https://health.ettoday.net/news/1717192
https://speed.ettoday.net/search.phtml?keyword=新車
https://www.ettoday.net/feature/大老闆傳奇-尹衍樑/13274/3
https://www.ettoday.net/feature/大老闆傳奇-尹衍樑/13274/3
https://www.ettoday.net/news/20200616/1738353.htm
https://www.ettoday.net/news/20200616/1738364.htm
https://www.ettoday.net/news/tag/司法院/
http://www.ettoday.net/changeReadType.php?rtype=0&rurl=http%3A%2F%2Fwww.ettoday.net%2Fnews%2F20200523%2F1720866.htm%3Ffeature%3D%E5%91%A8%E6%8F%9A%E9%9D%92%26tab_id%3D2347
http://www.ettoday.net/news/news-list-2014-07-15-0.htm
http://www.ettoday.net/news/news-list-2016-02-01-0.htm
http://www.ettoday.net/news/news-list-2016-03-19-0.htm
https://forum.ettoday.net/newslist/678
https://forum.ettoday.net/newslist/678
https://travel.ettoday.net/category/新竹/?&page=8
https://www.ettoday.net/feature/陽明山彩虹季
https://www.ettoday.net/news/20200215/1646483.htm?feature=大老闆傳奇-尹衍樑&tab_id=13274
http://www.ettoday.net/album/photo-2-4962.htm
http://www.ettoday.net/album/photo-2-4962.htm
http://www.ettoday.net/news/news-list-2017-03-10-0.htm
http://www.ettoday.net/news/news-list-2020-02-19-0.htm
https://www.ettoday.net/news/20181115/1306240.htm?from=pctaglist 
https://www.ettoday.net/news/20190823/1516537.htm
https://www.ettoday.net/news/20200617/1739494.htm?ercamp=sorted_hot_news
https://www.ettoday.net/news/20200617/1739494.htm?ercamp=sorted_hot_news
https://www.ettoday.net/news/20200617/1739868.htm?from=pctaglist 
https://www.ettoday.net/news/tag/林俊憲/
http://www.ettoday.net/changeReadType.php?rtype=0&rurl=http%3A%2F%2Fwww.ettoday.net%2Fnews%2F20191011%2F1554813.htm%3Ffeature%3Dufo%26tab_id%3D939
http://www.ettoday.net/changeReadType.php?rtype=0&rurl=http%3A%2F%2Fwww.ettoday.net%2Fnews%2F20200424%2F1698897.htm%3Ffeature%3D%E7%8E%8B%E4%BB%A4%E9%BA%9F%26tab_id%3D1016
http://www.ettoday.net/news/news-list-2015-01-15-0.htm
http://www.ettoday.net/news/news-list-2015-07-04-0.htm
https://health.ettoday.net/news/671765
https://www.ettoday.net/feature/地震/1232/7
https://www.ettoday.net/feature/地震/1232/7
https://www.ettoday.net/news/20181126/1316477.htm?feature=ufo&tab_id=942
https://www.ettoday.net/news/20190609/1463743.htm?from=pctaglist 
https://www.ettoday.net/news/20200303/1658863.htm?from=pctaglist 
http://www.ettoday.net/album/category-all-72.htm
http://www.ettoday.net/news/news-list-2012-11-08-0.htm
http://www.ettoday.net/news/news-list-2013-06-17-0.htm
http://www.ettoday.net/news/news-list-2016-11-14-0.htm
https://discovery.ettoday.net/news/1551611
https://www.ettoday.net/news/20160122/635509.htm?feature=ufo&tab_id=942
https://www.ettoday.net/news/20190913/1533473.htm
https://www.ettoday.net/news/20190930/1546609.htm?feature=颱風&tab_id=1269
https://www.ettoday.net/news/20191125/1587572.htm
https://www.ettoday.net/news/20200604/1729781.htm?from=pctaglist 
https://www.ettoday.net/news/20200617/1739730.htm
https://www.ettoday.net/news/20200617/1739730.htm
https://www.ettoday.net/news/focus/體育/棒球/
https://www.ettoday.net/news/focus/體育/棒球/
https://www.ettoday.net/news/tag/一級棒讚火鍋/
http://www.ettoday.net/news/news-list-2013-04-30-0.htm
http://www.ettoday.net/news/news-list-2013-08-15-0.htm
http://www.ettoday.net/news/news-list-2014-11-19-0.htm
http://www.ettoday.net/news/news-list-2018-03-15-0.htm
http://www.ettoday.net/news/news-list-2020-04-09-0.htm
https://www.ettoday.net/dalemon/post/49095
https://www.ettoday.net/feature/kerwenduetourop
https://www.ettoday.net/news/20181127/1317069.htm?from=feature
https://www.ettoday.net/news/20191105/1573113.htm?from=pctaglist 
https://www.ettoday.net/news/20200603/1728859.htm
https://www.ettoday.net/news/20200617/1739748.htm
https://www.ettoday.net/news/20200617/1739748.htm
https://www.ettoday.net/news/20200617/1740023.htm?ercamp=sorted_hot_news
https://www.ettoday.net/news/20200617/1740023.htm?ercamp=sorted_hot_news
http://speed.ettoday.net/tag.phtml?tag=ETPGO
http://speed.ettoday.net/tag.phtml?tag=ETPGO
http://speed.ettoday.net/tag.phtml?tag=ETVespa
http://speed.ettoday.net/tag.phtml?tag=ETVespa
http://www.ettoday.net/album/category-all-59.htm
http://www.ettoday.net/news/news-list-2013-03-06-0.htm
http://www.ettoday.net/news/news-list-2014-02-13-0.htm
http://www.ettoday.net/news/news-list-2014-08-04-0.htm
http://www.ettoday.net/news/news-list-2016-06-25-0.htm
http://www.ettoday.net/news/news-list-2019-08-13-0.htm
https://health.ettoday.net/news/1735961
https://www.ettoday.net/feature/2018votetobegin
https://www.ettoday.net/feature/TDCC/14365/2
https://www.ettoday.net/news/20190502/1435721.htm
https://www.ettoday.net/news/20190916/1536269.htm
https://www.ettoday.net/news/20200615/1738013.htm
https://www.ettoday.net/news/20200615/1738013.htm
https://www.ettoday.net/news/20200617/1739745.htm
http://www.ettoday.net/news/news-list-2014-02-10-0.htm
http://www.ettoday.net/news/news-list-2015-09-07-0.htm
http://www.ettoday.net/news/news-list-2016-11-13-0.htm
http://www.ettoday.net/news/news-list-2017-02-14-0.htm
http://www.ettoday.net/news/news-list-2019-02-05-0.htm
https://health.ettoday.net/news/1739882
https://www.ettoday.net/news/20170210/864063.htm
https://www.ettoday.net/news/20200610/1734283.htm
https://www.ettoday.net/news/20200612/1736598.htm
http://www.ettoday.net/news/news-list-2014-04-17-0.htm
http://www.ettoday.net/news/news-list-2018-01-23-0.htm
http://www.ettoday.net/news/news-list-2019-02-20-0.htm
http://www.ettoday.net/news/news-list-2019-05-21-0.htm
https://health.ettoday.net/category/醫藥新聞/5
https://www.ettoday.net/changeReadType.php?rtype=0&rurl=https%3A%2F%2Fhealth.ettoday.net%2Fcategory%2F%E5%85%A9%E6%80%A7%2F3
https://www.ettoday.net/news/20190621/1470563.htm
https://www.ettoday.net/news/20200617/1739423.htm?ercamp=sorted_hot_news
https://www.ettoday.net/news/20200617/1739423.htm?ercamp=sorted_hot_news
https://www.ettoday.net/news/tag/孫安佐/
https://www.ettoday.net/news/tag/民法/
https://www.ettoday.net/news/tag/網紅尼/
https://www.ettoday.net/news/tag/財政部/
http://www.ettoday.net/news/news-list-2015-09-22-0.htm
http://www.ettoday.net/news/news-list-2017-10-11-0.htm
http://www.ettoday.net/news/news-list-2018-01-20-0.htm
https://health.ettoday.net/news/1739049
https://www.ettoday.net/dalemon/editor-news/238
https://www.ettoday.net/news/20200212/1643855.htm?from=pctaglist 
https://www.ettoday.net/news/20200517/1716250.htm?from=feature
https://www.ettoday.net/news/20200517/1716250.htm?from=feature
https://www.ettoday.net/news/20200612/1736342.htm
https://www.ettoday.net/news/20200617/1739921.htm
https://www.ettoday.net/news/focus/3C科技/
https://www.ettoday.net/news/focus/3C科技/
