https://s3.amazonaws.com/com.alexa.toolbar/atbp/jgOv6_/download/index.htm
http://www.etipets.com/index.phtml?from=ettoday404
https://www.instagram.com/ettodayboba/
http://www.nblife.com.tw/m/
http://chart.apis.google.com/chart?cht=qr&choe=UTF-8&chs=300x300&chl=https://www.ettoday.net/news/20200616/1739073.htm?from=pc-newsshare-wechat-fixed
https://line.naver.jp/R/msg/text/?恩典雲%0D%0Ahttps://events.ettoday.net/grace/
https://www.etpet.com.tw/?sl-ref=news04
https://docs.google.com/forms/d/e/1FAIpQLScZokJcrKEq2G1mjkWWTcdV-Yg4tO1i23hWSzOnB8t4Jy8_dg/viewform?c=0&w=1
https://shopping.ettoday.net/pages/curel%E7%8F%82%E6%BD%A4%E6%BD%A4%E6%B5%B8%E4%BF%9D%E6%BF%95%E6%B3%A1%E6%B3%A1%E6%B4%97%E9%A1%8F%E6%85%95%E6%96%AF
https://www.reddit.com/r/tifu/comments/db8712/tifu_by_pranking_my_girlfriend/
http://itunes.apple.com/il/app/et-rockets7-huo-jian-qi-hao/id561661270?mt=8
https://zh.wikipedia.org/zh-tw/颱風
https://www.etfoundation.org.tw/index00.asp
https://www.ctwant.com/article/56341?utm_source=ettoday&amp;utm_medium=rss&amp;utm_campaign=56391
https://baike.baidu.com/item/%E5%91%A8%E6%89%AC%E9%9D%92/7048467
https://twitter.com/susantananda3/status/1272032405843439617?ref_src=twsrc%5Etfw
https://feeds.feedburner.com/ettoday/family
https://m.etmall.com.tw/Login?url=%2Fmember%2FMExchangeECoin%3Fsource%3Dettoday8
https://www.etmall.com/order/basket
https://www.etmall.com.tw/XML/content/DMSetting/Final/202005/SP_1115548/w/index.html?utm_source=ettoday13&amp;utm_medium=rb_cpa&amp;fbclid=IwAR0tvvcKU_iES2wE0OLMavL0dUGiMLSk3J-7MIbZtm9p2TErq6xLV6beBuc
http://www.emic.com.tw/www/index.php?action=adv&amp;id=209
https://feedburner.google.com/fb/a/mailverify?uri=ettoday/speed&loc=zh_TW
https://www.youtube.com/user/ettoday/
http://s.weibo.com/weibo/ETTODAY
https://www.facebook.com/ETtodaySHARE/?ref=br_rs
http://www.104.com.tw/jobbank/custjob/index.php?r=cust&j=623a43295a5c3e6a40583a1d1d1d1d5f2443a363189j50&jobsource=checkc
http://www.ettoday.net/news/news-list-2012-03-02-0.htm
https://boba.ettoday.net/video/274/610/194536
https://events.ettoday.net/activity/dalemon_inlove/article/26731/last
http://www.hhh.com.tw/modules/gs/column.php?hcolumn_id=2567
https://msg.ettoday.net/msg_liveshow.php?redir=https%3A%2F%2Fboba.ettoday.net%2Fsub_category%2F228%2F125%2F218825%3Ffrom%3Dvodframe_etnews&vid=218825
https://www.instagram.com/p/CBc0bG_pQoQ/
http://chart.apis.google.com/chart?cht=qr&choe=UTF-8&chs=300x300&chl=https://www.ettoday.net/news/20200617/1740324.htm?from=pc-newsshare-wechat-fixed
http://line.naver.jp/R/msg/text/?新冠肺炎對經濟影響調查%0D%0Ahttps://www.ettoday.net/survey/survey.php?id=449
http://shopping.ettoday.net/?sl-ref=news07
https://itunes.apple.com/tw/app/et-xin-wen-yunhd/id510547563?mt=8=pc_appdl_iconipad_et&mt=8
https://zh.wikipedia.org/wiki/%E7%BE%85%E5%BF%97%E7%A5%A5
https://www.ctwant.com/article/56962?utm_source=ettoday&amp;utm_medium=rss&amp;utm_campaign=53047
https://twitter.com/intent/tweet?text=足球協會攜手國立體大　建立國家隊足球訓練基地&url=https://sports.ettoday.net/news/1512756?from=pc-newsshare-twitter
https://feeds.feedburner.com/ettoday/travel
https://www.etmall.com/HelpCenter/PCITLS
https://www.etmall.com.tw/
http://www.emic.com.tw/www/index.php?action=adv&id=209
https://feedburner.google.com/fb/a/mailverify?uri=ettoday/charity&loc=zh_TW
https://www.youtube.com/channel/UCr-zC57bR8H-IVzfho39zTw
https://www.facebook.com/IsShow/
https://www.104.com.tw/jobbank/custjob/index.php?r=cust&amp;j=623a43295a5c3e6a40583a1d1d1d1d5f2443a363189j50&amp;jobsource=checkc
http://www.ettoday.net/news/news-list-2012-03-25-0.htm
https://sports.ettoday.net/news/1740051
https://events.ettoday.net/activity/dalemon_readbeanQQ?from=lemon_solicit
http://agent.hhh.com.tw/forum/forum.html
https://msg.ettoday.net/msg_liveshow.php?redir=https%3A%2F%2Fboba.ettoday.net%2Fsub_category%2F1%2F284%2F184171%3Ffrom%3Dvodframe_etnews&vid=184171
https://www.instagram.com/ettodaypets/
http://chart.apis.google.com/chart?cht=qr&choe=UTF-8&chs=300x300&chl=https://www.ettoday.net/news/20200616/1738691.htm?from=pc-newsshare-wechat-fixed
http://line.naver.jp/R/msg/text/?寵物雲商店消費者意願調查%0D%0Ahttps://www.ettoday.net/survey/survey.php?id=456
https://shopping.ettoday.net//pages/bioderma貝膚黛瑪高效潔膚液
https://itunes.apple.com/app/apple-store/id503783839?pt=857622&ct=pc_appdl_iconiphone_et&mt=8
https://zh.wikipedia.org/wiki/%E6%88%B4%E8%B3%87%E7%A9%8E
https://www.ctwant.com/article/56877?utm_source=ettoday&amp;utm_medium=rss&amp;utm_campaign=56892
https://twitter.com/share
https://feeds.feedburner.com/ettoday/charity
https://www.etmall.com/tel:0800-057-999
https://www.etmall.com.tw/XML/content/DMSetting/Final/202005/SP_1115548/w/index.html?https://shopping.ettoday.net/pages/borghese%E8%B2%9D%E4%BD%B3%E6%96%AF%E7%BE%8E%E8%86%9A%E6%B3%A5%E6%BC%BF%E9%9D%A2%E8%86%9C?fbclid=IwAR2UuoS-JLOb2CA1_EXeVQJGdCMk38rDim7dBjcH8I7BeTfEPbl4cc5vHKEutm_source=ettoday7&amp;utm_medium=rb_cpa&amp;fbclid=IwAR0V0DdXMTRL6_Xa1fhyz_S49PSwu5LvB2GebYBQL363dk9aIJvBb-HVrnk
https://www.emic.com.tw
https://feedburner.google.com/fb/a/mailverify?uri=ettoday/finance&loc=zh_TW
https://www.youtube.com/watch?v=XbtY5O46uxw&list=PLr8iY2AvgOL2q6wVDpq0JkwF48afm7Z3b
https://www.facebook.com/ETtodayHouse
http://www.ettoday.net/news/news-list-2013-09-20-0.htm
https://fashion.ettoday.net/feature/432
https://events.ettoday.net/activity/2020ehsartcontest/article/32439/last
http://www.hhh.com.tw/
https://msg.ettoday.net/msg_liveshow.php?redir=https%3A%2F%2Fboba.ettoday.net%2Fsub_category%2F1%2F284%2F137382%3Ffrom%3Dvodframe_etnews&vid=137382
https://www.instagram.com/ettodaytravel/
http://chart.apis.google.com/chart?cht=qr&choe=UTF-8&chs=300x300&chl=https://www.ettoday.net/news/20200617/1739704.htm?from=pc-newsshare-wechat-fixed
http://line.naver.jp/R/msg/text/?想記錄毛孩的每一刻！寵物拍攝行為大調查%0D%0Ahttps://www.ettoday.net/survey/survey.php?id=448
https://shopping.ettoday.net/?sl-ref=news07
https://itunes.apple.com/tw/app/et-xin-wen-yun/id503783839?mt=8
https://zh.wikipedia.org/wiki/吳朋奉
https://www.ctwant.com/article/57091?utm_source=ettoday&amp;utm_medium=rss&amp;utm_campaign=57123
http://twitter.com/share
https://feeds.feedburner.com/ettoday/lifestyle
https://www.etmall.com/
https://www.etmall.com.tw/%E5%84%AA%E9%81%A9%E6%B4%BB-%E6%95%8F%E6%8D%B7%E8%86%A0%E5%8E%9F%E9%8C%A0-30%E9%8C%A0-%E7%9B%92/i/2197029?utm_source=ettoday&utm_medium=knee_pain_htm&utm_campaign=seo_project_by_Wayne
https://www.emic.com.tw/www/index.php?action=adv&id=209
https://feedburner.google.com/fb/a/mailverify?uri=ettoday/sport&loc=zh_TW
https://www.youtube.com/watch?v=XGMX42fWT7U&list=PLr8iY2AvgOL2XDKsLa94EBzttqaPNx4lL
https://www.facebook.com/%E7%A4%BE%E7%95%9C%E6%99%82%E4%BB%A3-802410263239598/?fref=ts
http://www.ettoday.net/news/news-list-2014-06-01-0.htm
https://boba.ettoday.net/video/274/561/123306
https://events.ettoday.net/activity/dalemon_inlove/article/31901/last
https://msg.ettoday.net/msg_liveshow.php?redir=https%3A%2F%2Fboba.ettoday.net%2Fsub_category%2F1%2F284%2F176618%3Ffrom%3Dvodframe_etnews&vid=176618
https://www.instagram.com/etdalemon/
http://chart.apis.google.com/chart?cht=qr&choe=UTF-8&chs=300x300&chl=https://www.ettoday.net/news/20200617/1740342.htm?from=pc-newsshare-wechat-fixed
http://line.naver.jp/R/msg/text/?膝蓋痛%0D%0Ahttps://www.ettoday.net/feature/膝蓋痛
https://shopping.ettoday.net/pages/borghese貝佳斯美膚泥漿面膜
https://itunes.apple.com/app/apple-store/id503783839?pt=857622&ct=pc_about&mt=8
https://zh.wikipedia.org/wiki/2019%E5%B9%B46%E6%9C%88%E5%8F%8D%E5%B0%8D%E9%80%83%E7%8A%AF%E6%A2%9D%E4%BE%8B%E4%BF%AE%E8%A8%82%E8%8D%89%E6%A1%88%E9%81%8A%E8%A1%8C
https://www.ctwant.com/article/56888?utm_source=ettoday&amp;utm_medium=rss&amp;utm_campaign=56892
https://feeds.feedburner.com/ettoday/local
https://www.etmall.com/HelpCenter/StandardSecurity
http://www.etmall.com.tw/XML/content/DMSetting/Final/202005/SP_1115548/w/index.html?utm_source=ettoday13&amp;utm_medium=rb_cpa&amp;fbclid=IwAR0tvvcKU_iES2wE0OLMavL0dUGiMLSk3J-7MIbZtm9p2TErq6xLV6beBuc
http://www.emic.com.tw/www/index.php
http://translate.google.com/translate?hl=zh-TW&rurl=translate.google.com&tl=zh-CN&u=http%3A%2F%2Fwww.ettoday.net%2Fsitemap.htm
https://www.youtube.com/watch?v=rRVUg7tEHjU&feature=youtu.be
https://www.facebook.com/sharer/sharer.php?u=https%3A%2F%2Fwww.ettoday.net%2Fdalemon%2Fpost%2F50453&amp;src=sdkpreparse
http://www.ettoday.net/news/news-list-2014-10-10-0.htm
https://fashion.ettoday.net/news/1740234/
https://events.ettoday.net/activity/ghost2018
https://msg.ettoday.net/msg_liveshow.php?redir=https%3A%2F%2Fboba.ettoday.net%2Fvideo%2F1%2F284%2F188472%09%3Ffrom%3Dvodframe_etnews&vid=188472
https://www.instagram.com/et.fashion/
http://chart.apis.google.com/chart?cht=qr&choe=UTF-8&chs=300x300&chl=https://www.ettoday.net/news/20200617/1740346.htm?from=pc-newsshare-wechat-fixed
http://line.naver.jp/R/msg/text/?韓劇《夫婦的世界》喜好大調查%0D%0Ahttps://www.ettoday.net/survey/survey.php?id=454
https://shopping.ettoday.net/pages/bioderma%E8%B2%9D%E8%86%9A%E9%BB%9B%E7%91%AA%E9%AB%98%E6%95%88%E6%BD%94%E8%86%9A%E6%B6%B2
https://zh.wikipedia.org/wiki/%E4%B9%A0%E8%BF%91%E5%B9%B3
https://www.ctwant.com/article/57105?utm_source=ettoday&amp;utm_medium=rss&amp;utm_campaign=57123
https://feeds.feedburner.com/ettoday/commentary
https://www.etmall.com/Welfare
https://www.etmall.com.tw/XML/content/DMSetting/Final/202005/SP_1115548/w/index.html?utm_source=ettoday10&amp;utm_medium=rb_cpa&amp;fbclid=IwAR0rPNtgESEiwna3BzMouGq0HAobEWDKBxWXysOwAMXRKUXhdf-q8tsbARs
https://feedburner.google.com/fb/a/mailverify?uri=ettoday/star&loc=zh_TW
https://www.youtube.com/watch?v=9d9QtVICPxk&feature=youtu.be
https://www.facebook.com/ETtodaySPEED/
http://www.ettoday.net/news/news-list-2016-03-28-0.htm
https://fashion.ettoday.net/news/1738917/
https://events.ettoday.net/activity/dalemon_horror?from=lemon_solicit
https://msg.ettoday.net/msg_liveshow.php?redir=https%3A%2F%2Fboba.ettoday.net%2Fsub_category%2F1%2F284%2F151245%3Ffrom%3Dvodframe_etnews&vid=151245
https://www.instagram.com/ettodaypets/?hl=zh-tw
http://chart.apis.google.com/chart?cht=qr&choe=UTF-8&chs=300x300&chl=https://www.ettoday.net/news/20200616/1739051.htm?from=pc-newsshare-wechat-fixed
http://line.naver.jp/R/msg/text/?民眾對監理業務需求調查%0D%0Ahttps://www.ettoday.net/survey/survey.php?id=444
https://shopping.ettoday.net/?sl-ref=news04
https://zh.wikipedia.org/wiki/戴資穎
https://www.ctwant.com/article/56885?utm_source=ettoday&amp;utm_medium=rss&amp;utm_campaign=56892
https://feeds.feedburner.com/ettoday/china
https://www.etmall.com/member/wishlist
https://www.etmall.com.tw/XML/content/DMSetting/Final/202005/SP_1115548/w/index.html?utm_source=ettoday10&amp;utm_medium=rb_cpa&amp;fbclid=IwAR34eTeXSwgXfT4rCbNnSOVebaIaalmT7-oGNjnsXVGb5B9uU8Sg-5loSP4
https://feedburner.google.com/fb/a/mailverify?uri=ettoday/fortune&loc=zh_TW
https://www.facebook.com/ETtodaySPORTS/
http://www.ettoday.net/news/news-list-2017-01-05-0.htm
https://sports.ettoday.net/news-search.phtml?keywords=中華職棒
https://junglevoice.ettoday.net/form.php
https://msg.ettoday.net/msg_liveshow.php?redir=https%3A%2F%2Fboba.ettoday.net%2Fsub_category%2F228%2F125%2F174473%3Ffrom%3Dvodframe_etnews&vid=174473
http://chart.apis.google.com/chart?cht=qr&choe=UTF-8&chs=300x300&chl=https://www.ettoday.net/news/20200617/1739770.htm?from=pc-newsshare-wechat-fixed
http://line.naver.jp/R/msg/text/?新冠肺炎經濟衝擊調查%0D%0Ahttps://www.ettoday.net/survey/survey.php?id=447
https://shopping.ettoday.net/?sl-ref=news03
https://zh.wikipedia.org/wiki/%E9%9F%93%E5%9C%8B%E7%91%9C
https://www.ctwant.com/article/56922?utm_source=ettoday&amp;utm_medium=rss&amp;utm_campaign=53047
https://feeds.feedburner.com/ettoday/fashion
https://www.etmall.com/HelpCenter/PrivacyStatement
https://play.google.com/store/apps/details?id=net.ettoday.phone&referrer=utm_source%253Det_default%2526utm_medium%253Det_default_utm_medium%2526utm_campaign%253Det_default_utm_campaign
https://www.facebook.com/sharer.php?u=https://www.ettoday.net/survey/survey.php?id=456
http://www.ettoday.net/news/news-list-2017-04-19-0.htm
https://sports.ettoday.net/news/1740108
https://events.ettoday.net/?id=3
https://msg.ettoday.net/msg_liveshow.php?redir=https%3A%2F%2Fboba.ettoday.net%2Fcategory%2F228%2F153253%3Ffrom%3Dvodframe_etnews&vid=153253
http://chart.apis.google.com/chart?cht=qr&choe=UTF-8&chs=300x300&chl=https://www.ettoday.net/news/20200616/1738512.htm?from=pc-newsshare-wechat-fixed
https://zh.wikipedia.org/wiki/%E9%A2%B1%E9%A2%A8
https://www.ctwant.com/article/56772?utm_source=ettoday&amp;utm_medium=rss&amp;utm_campaign=53047
https://feeds.feedburner.com/ettoday/realtime
https://feedburner.google.com/fb/a/mailverify?uri=ettoday/health&loc=zh_TW
https://www.facebook.com/sharer/sharer.php?u=https%3A%2F%2Fwww.ettoday.net%2Fdalemon%2Fpost%2F48734&amp;src=sdkpreparse
http://www.ettoday.net/news/news-list-2020-03-24-0.htm
https://sports.ettoday.net/news-list/籃球/SBL、WSBL
https://events.ettoday.net/activity/ettoday88submit/167
https://msg.ettoday.net/msg_liveshow.php?redir=https%3A%2F%2Fboba.ettoday.net%2Fcategory%2F271%2F217121%3Ffrom%3Dvodframe_sports&vid=217121
http://chart.apis.google.com/chart?cht=qr&choe=UTF-8&chs=300x300&chl=https://www.ettoday.net/news/20200617/1740349.htm?from=pc-newsshare-wechat-fixed
https://zh.wikipedia.org/wiki/%E7%B5%B1%E4%B8%80%E7%99%BC%E7%A5%A8_(%E8%87%BA%E7%81%A3)
https://www.ctwant.com/article/56383?utm_source=ettoday&amp;utm_medium=rss&amp;utm_campaign=56391
https://feeds.feedburner.com/ettoday/citizen
http://translate.google.com/translate?hl=zh-TW&rurl=translate.google.com&tl=zh-CN&u=http%3A%2F%2Fwww.ettoday.net%2Fevents%2Fcampaign%2Fevent-list.php
https://www.facebook.com/chen6452310/posts/3194455887243077
https://www.ettoday.net/news/20200316/1668419.htm?from=pctaglist 
https://sports.ettoday.net/news-list/棒球/MLB/2
https://events.ettoday.net/app/appCollect/push.phtml?appCollect_id=15
https://msg.ettoday.net/rd.php?id=1059
http://chart.apis.google.com/chart?cht=qr&choe=UTF-8&chs=300x300&chl=https://www.ettoday.net/news/20200617/1740284.htm?from=pc-newsshare-wechat-fixed
https://zh.wikipedia.org/wiki/%E9%87%91%E6%AD%A3%E6%81%A9
https://www.ctwant.com/article/56385?utm_source=ettoday&amp;utm_medium=rss&amp;utm_campaign=56391
https://feeds.feedburner.com/ettoday/global
https://feedburner.google.com/fb/a/mailverify?uri=ettoday/netsearch&loc=zh_TW
https://www.facebook.com/sharer/sharer.php?u=https%3A%2F%2Fwww.ettoday.net%2Fdalemon%2Fpost%2F49364&amp;src=sdkpreparse
https://www.ettoday.net/news/20200611/1735220.htm?feature=許崑源&tab_id=6197
https://boba.ettoday.net/videonews/218999?from=popular
https://events.ettoday.net/activity/dalemon_inlove/article/26128/last
http://chart.apis.google.com/chart?cht=qr&choe=UTF-8&chs=300x300&chl=https://www.ettoday.net/news/20200617/1740224.htm?from=pc-newsshare-wechat-fixed
https://zh.wikipedia.org/wiki/%E8%A8%B1%E5%B4%91%E6%BA%90
https://www.ctwant.com/article/57092?utm_source=ettoday&amp;utm_medium=rss&amp;utm_campaign=57123
https://feeds.feedburner.com/ettoday/society
https://feedburner.google.com/fb/a/mailverify?uri=ettoday/local&loc=zh_TW
https://www.facebook.com/groups/1346565655446474/?source_id=144589512304563
http://www.ettoday.net/events/fifa2014/index.php
https://movies.ettoday.net/video/91/219021
https://events.ettoday.net/activity/dalemon_inlove/article/26114/last
http://chart.apis.google.com/chart?cht=qr&choe=UTF-8&chs=300x300&chl=https://www.ettoday.net/news/20200617/1740341.htm?from=pc-newsshare-wechat-fixed
https://zh.wikipedia.org/wiki/劉真_(藝人)
https://feeds.feedburner.com/ettoday/pet
http://translate.google.com/translate?hl=zh-TW&rurl=translate.google.com&tl=zh-CN&u=http%3A%2F%2Fwww.ettoday.net%2Ffeature%2Findex%2F7
https://www.facebook.com/share.php?u=
http://www.ettoday.net/news/news-list-2012-10-25-0.htm
https://star.ettoday.net/news/1740265
https://events.ettoday.net/?id=4
http://chart.apis.google.com/chart?cht=qr&choe=UTF-8&chs=300x300&chl=https://www.ettoday.net/news/20200614/1737683.htm?from=pc-newsshare-wechat-fixed
https://zh.wikipedia.org/wiki/%E7%92%B0%E7%8B%80%E7%B7%9A_(%E5%8F%B0%E5%8C%97%E6%8D%B7%E9%81%8B)
https://feeds.feedburner.com/ettoday/gender
https://feedburner.google.com/fb/a/mailverify?uri=ettoday/master&loc=zh_TW
https://www.facebook.com/戴資穎-Tai-Tzu-Ying-164965326883996/
http://www.ettoday.net/news/news-list-2018-07-06-0.htm
https://boba.ettoday.net/video/274/726/199869
https://events.ettoday.net/activity/dalemon_inlove/article/27961/last
http://chart.apis.google.com/chart?cht=qr&choe=UTF-8&chs=300x300&chl=https://www.ettoday.net/news/20200616/1738547.htm?from=pc-newsshare-wechat-fixed
https://feeds.feedburner.com/ettoday/fortune
https://play.google.com/store/apps/details?id=net.ettoday.phone
https://www.facebook.com/ET.Lemons/?fref=ts
http://www.ettoday.net/news/news-list-2019-10-28-0.htm
https://sports.ettoday.net/news/1739507
https://events.ettoday.net/activity/dalemon_inlove/article/32032/last
http://chart.apis.google.com/chart?cht=qr&choe=UTF-8&chs=300x300&chl=https://www.ettoday.net/news/20200616/1738736.htm?from=pc-newsshare-wechat-fixed
https://feeds.feedburner.com/ettoday/speed
http://translate.google.com/translate?hl=zh-TW&rurl=translate.google.com&tl=zh-CN&u=http%3A%2F%2Fwww.ettoday.net%2Ffeature%2Findex
https://www.facebook.com/ETtodaySISTER/?ref=br_rs
http://www.ettoday.net/news/news-list-2019-12-13-0.htm
https://star.ettoday.net/news/1740170
https://events.ettoday.net/activity/dalemon_inlove/rules
http://chart.apis.google.com/chart?cht=qr&choe=UTF-8&chs=300x300&chl=https://www.ettoday.net/news/20200617/1740287.htm?from=pc-newsshare-wechat-fixed
https://feeds.feedburner.com/ettoday/star
https://feedburner.google.com/fb/a/mailverify?uri=ettoday/citizen&loc=zh_TW
https://www.facebook.com/sharer/sharer.php?u=https%3A%2F%2Fwww.ettoday.net%2Fdalemon%2Fpost%2F48993&amp;src=sdkpreparse
https://www.ettoday.net/dalemon/editor-news/197
https://boba.ettoday.net/sub_category/33/118
https://events.ettoday.net/activity/2020ehsartcontest/gift
http://chart.apis.google.com/chart?cht=qr&choe=UTF-8&chs=300x300&chl=https://www.ettoday.net/news/20200617/1740304.htm?from=pc-newsshare-wechat-fixed
https://feeds.feedburner.com/ettoday/game
https://feedburner.google.com/fb/a/mailverify?uri=ettoday/game&loc=zh_TW
https://www.facebook.com/typhoon.tw/
https://www.ettoday.net/feature/daejongfilmawards
https://sports.ettoday.net/news-list/棒球/中職
http://events.ettoday.net/tt-music2017/index.php
http://chart.apis.google.com/chart?cht=qr&choe=UTF-8&chs=300x300&chl=https://www.ettoday.net/news/20200615/1738185.htm?from=pc-newsshare-wechat-fixed
https://feeds.feedburner.com/ettoday/dalemon/
https://feedburner.google.com/fb/a/mailverify?uri=ettoday/fashion&loc=zh_TW
https://www.facebook.com/sharer.php?u=httpshttps://www.ettoday.net/survey/survey.php?id=449
https://www.ettoday.net/news/20190709/1486240.htm?from=pctaglist 
https://sports.ettoday.net/news-list/競技/技擊、球類/4
https://events.ettoday.net/https://youtu.be/2vY956jFGe0
http://chart.apis.google.com/chart?cht=qr&choe=UTF-8&chs=300x300&chl=https://www.ettoday.net/news/20200617/1739839.htm?from=pc-newsshare-wechat-fixed
https://feeds.feedburner.com/ettoday/sport
https://feedburner.google.com/fb/a/mailverify?uri=ettoday/movies&loc=zh_TW
https://www.facebook.com/ETtodayfun3C
https://www.ettoday.net/news/20200220/1649862.htm?from=pctaglist 
https://sports.ettoday.net/news/1739422
https://events.ettoday.net/activity/dalemon_inlove/article/26803/last
http://chart.apis.google.com/chart?cht=qr&choe=UTF-8&chs=300x300&chl=https://www.ettoday.net/news/20200616/1738502.htm?from=pc-newsshare-wechat-fixed
https://feeds.feedburner.com/ettoday/master
https://feedburner.google.com/fb/a/mailverify?uri=ettoday/pet&loc=zh_TW
https://www.facebook.com/ETtodayMOVIE
https://www.ettoday.net/news/20200228/1656278.htm?feature=聲林之王&tab_id=4741
https://boba.ettoday.net/sub_category/274/561/135575
https://junglevoice.ettoday.net/news.php
http://chart.apis.google.com/chart?cht=qr&choe=UTF-8&chs=300x300&chl=https://www.ettoday.net/news/20170411/901241.htm?from=pc-newsshare-wechat-fixed
https://feeds.feedburner.com/ettoday/law
https://feedburner.google.com/fb/a/mailverify?uri=ettoday/commentary&loc=zh_TW
https://www.facebook.com/sharer/sharer.php?u=https%3A%2F%2Fwww.ettoday.net%2Fdalemon%2Fpost%2F49139&amp;src=sdkpreparse
https://www.ettoday.net/news/20200514/1714245.htm?from=pctaglist 
https://boba.ettoday.net/videonews/171541
https://events.ettoday.net/https://youtu.be/doUUZNp5CPw
http://chart.apis.google.com/chart?cht=qr&choe=UTF-8&chs=300x300&chl=https://www.ettoday.net/news/20200617/1740203.htm?from=pc-newsshare-wechat-fixed
https://feeds.feedburner.com/ettoday/army
https://feedburner.google.com/fb/a/mailverify?uri=ettoday/china&loc=zh_TW
https://www.facebook.com/ETtoday88/
http://www.ettoday.net/news/news-list-2013-06-09-0.htm
https://star.ettoday.net/https://smarturl.it/ettoday-104
https://events.ettoday.net/?id=6
http://chart.apis.google.com/chart?cht=qr&choe=UTF-8&chs=300x300&chl=https://www.ettoday.net/news/20200616/1738948.htm?from=pc-newsshare-wechat-fixed
https://feeds.feedburner.com/ettoday/health
https://feedburner.google.com/fb/a/mailverify?uri=ettoday/lifestyle&loc=zh_TW
https://www.facebook.com/555089297837415/posts/3263555300324121/
http://www.ettoday.net/news/news-list-2016-11-20-0.htm
https://movies.ettoday.net/ticket/1
https://events.ettoday.net/activity/dalemon_inlove/article/26071/last
http://chart.apis.google.com/chart?cht=qr&choe=UTF-8&chs=300x300&chl=https://www.ettoday.net/news/20200616/1738825.htm?from=pc-newsshare-wechat-fixed
https://feeds.feedburner.com/ettoday/novelty
https://feedburner.google.com/fb/a/mailverify?uri=ettoday/consuming&loc=zh_TW
https://www.facebook.com/ET.Lemons
https://www.ettoday.net/news/20161106/806268.htm?from=pctaglist 
https://sports.ettoday.net/news-search.phtml?keywords=大聯盟
https://events.ettoday.net/activity/2020ehsartcontest/743
http://chart.apis.google.com/chart?cht=qr&choe=UTF-8&chs=300x300&chl=https://www.ettoday.net/news/20200611/1735053.htm?from=pc-newsshare-wechat-fixed
https://feeds.feedburner.com/ettoday/teck3c
https://feedburner.google.com/fb/a/mailverify?uri=ettoday/teck3c&loc=zh_TW
https://www.facebook.com/ETtodayTRAVEL
https://www.ettoday.net/news/20200609/1730655.htm?from=pctaglist 
https://star.ettoday.net/news/1739336
https://junglevoice.ettoday.net/record.php
http://chart.apis.google.com/chart?cht=qr&choe=UTF-8&chs=300x300&chl=https://www.ettoday.net/news/20191020/1561057.htm?from=pc-newsshare-wechat-fixed
https://feeds.feedburner.com/ettoday/photo
http://translate.google.com/translate?hl=zh-TW&rurl=translate.google.com&tl=zh-CN&u=http%3A%2F%2Fwww.ettoday.net%2Fevents%2Fnews-express%2Fepaper.php
https://www.facebook.com/hpagov/
https://www.ettoday.net/news/focus/國際/國際政經/
https://sports.ettoday.net/news-list/競技/技擊、球類/3
https://events.ettoday.net/activity/dalemon_inlove/article/26084/last
http://chart.apis.google.com/chart?cht=qr&choe=UTF-8&chs=300x300&chl=https://www.ettoday.net/news/20200616/1738980.htm?from=pc-newsshare-wechat-fixed
https://feeds.feedburner.com/ettoday/finance
https://feedburner.google.com/fb/a/mailverify?uri=ettoday/novelty&loc=zh_TW
https://www.facebook.com/ETtodayBEAUTY/?ref=br_rs
http://www.ettoday.net/news/news-list-2011-11-26-0.htm
https://boba.ettoday.net/category/275/211720
https://events.ettoday.net/activity/dalemon_inlove/article/32184/last
http://chart.apis.google.com/chart?cht=qr&choe=UTF-8&chs=300x300&chl=https://www.ettoday.net/news/20200617/1740275.htm?from=pc-newsshare-wechat-fixed
https://feeds.feedburner.com/ettoday/insurance
https://play.google.com/store/apps/details?id=net.ettoday.phone&referrer=utm_source%3Det_pc%26utm_medium%3Dpc_appdl_iconandroid_et
https://www.facebook.com/sharer.php?u=httpshttps://www.ettoday.net/survey/survey.php?id=444
http://www.ettoday.net/news/news-list-2013-09-10-0.htm
https://boba.ettoday.net/video/274/564/138440
https://events.ettoday.net/activity/2020ehsartcontest/740
http://chart.apis.google.com/chart?cht=qr&choe=UTF-8&chs=300x300&chl=https://www.ettoday.net/news/20200617/1740198.htm?from=pc-newsshare-wechat-fixed
https://feeds.feedburner.com/ettoday/house
https://feedburner.google.com/fb/a/mailverify?uri=ettoday/photo&loc=zh_TW
https://www.facebook.com/sharer.php?u=httpshttps://www.ettoday.net/survey/survey.php?id=454
http://www.ettoday.net/news/news-list-2015-05-16-0.htm
https://star.ettoday.net/news/1739452
https://events.ettoday.net/activity/singapore2018upload/178
http://chart.apis.google.com/chart?cht=qr&choe=UTF-8&chs=300x300&chl=https://www.ettoday.net/news/20200613/1737054.htm?from=pc-newsshare-wechat-fixed
https://feeds.feedburner.com/ettoday/movies
https://feedburner.google.com/fb/a/mailverify?uri=ettoday/house&loc=zh_TW
https://www.facebook.com/sharer/sharer.php?u=https%3A%2F%2Fwww.ettoday.net%2Fdalemon%2Fpost%2F47849&amp;src=sdkpreparse
http://www.ettoday.net/news/news-list-2016-01-05-0.htm
https://sports.ettoday.net/news-search.phtml?keywords=潘政琮
https://events.ettoday.net/activity/2020ehsartcontest/rules
http://chart.apis.google.com/chart?cht=qr&choe=UTF-8&chs=300x300&chl=https://www.ettoday.net/news/20200617/1740256.htm?from=pc-newsshare-wechat-fixed
https://feeds.feedburner.com/ettoday/netsearch
https://feedburner.google.com/fb/a/mailverify?uri=ettoday/news&loc=zh_TW
https://www.facebook.com/sharer/sharer.php?u=https%3A%2F%2Fwww.facebook.com%2FETtodayPETS%2F&amp;src=sdkpreparse
http://www.ettoday.net/news/news-list-2018-08-02-0.htm
https://fashion.ettoday.net/news/1739154/
https://events.ettoday.net/activity/dalemon_inlove/article/26857/last
http://chart.apis.google.com/chart?cht=qr&choe=UTF-8&chs=300x300&chl=https://www.ettoday.net/news/20200617/1740343.htm?from=pc-newsshare-wechat-fixed
https://feeds.feedburner.com/ettoday/success
https://feedburner.google.com/fb/a/mailverify?uri=ettoday/travel&loc=zh_TW
https://www.facebook.com/ETtodayPETS/
https://www.ettoday.net/news/20181213/1330069.htm
https://boba.ettoday.net/video/274/610/189929
https://events.ettoday.net/index.php?id=1&page=2
http://chart.apis.google.com/chart?cht=qr&choe=UTF-8&chs=300x300&chl=https://www.ettoday.net/news/20200617/1740268.htm?from=pc-newsshare-wechat-fixed
https://feeds.feedburner.com/ettoday/consuming
https://feedburner.google.com/fb/a/mailverify?uri=ettoday/society&loc=zh_TW
https://www.facebook.com/sharer/sharer.php?u=https%3A%2F%2Fwww.ettoday.net%2Fdalemon%2Fpost%2F48959&amp;src=sdkpreparse
http://www.ettoday.net/news/news-list-2012-04-26-0.htm
https://star.ettoday.net/news/1739910
https://events.ettoday.net/https://youtu.be/VmOPyRAP3p4
http://chart.apis.google.com/chart?cht=qr&choe=UTF-8&chs=300x300&chl=https://www.ettoday.net/news/20200616/1738867.htm?from=pc-newsshare-wechat-fixed
https://feeds.feedburner.com/ettoday/news
https://play.google.com/store/apps/details?id=net.ettoday.rockets7
https://www.facebook.com/ETtodayPOLITICS/
http://www.ettoday.net/news/news-list-2016-03-29-0.htm
https://boba.ettoday.net/video/33/406/70933
https://events.ettoday.net/index.php?id=1&page=5
http://chart.apis.google.com/chart?cht=qr&choe=UTF-8&chs=300x300&chl=https://www.ettoday.net/news/20170304/877306.htm?from=pc-newsshare-wechat-fixed
https://feedburner.google.com/fb/a/mailverify?uri=ettoday/realtime&loc=zh_TW
https://www.facebook.com/ETtodaySPEED
http://www.ettoday.net/news/news-list-2017-10-19-0.htm
https://sports.ettoday.net/news/1739639
https://events.ettoday.net/bff-music2018/index.php
http://chart.apis.google.com/chart?cht=qr&choe=UTF-8&chs=300x300&chl=https://www.ettoday.net/news/20200617/1740314.htm?from=pc-newsshare-wechat-fixed
https://feedburner.google.com/fb/a/mailverify?uri=ettoday/law&loc=zh_TW
https://www.facebook.com/groups/1346565655446474/
http://www.ettoday.net/news/news-list-2019-12-21-0.htm
https://boba.ettoday.net/video/274/610/193490
https://events.ettoday.net/activity/2020ehsartcontest/article/32438/last
http://chart.apis.google.com/chart?cht=qr&choe=UTF-8&chs=300x300&chl=https://www.ettoday.net/news/20200617/1739614.htm?from=pc-newsshare-wechat-fixed
https://feedburner.google.com/fb/a/mailverify?uri=ettoday/success&loc=zh_TW
https://www.facebook.com/sharer/sharer.php?u=https%3A%2F%2Fwww.ettoday.net%2Fdalemon%2Fpost%2F49115&amp;src=sdkpreparse
http://www.ettoday.net/news/news-list-2020-06-08-0.htm
https://sports.ettoday.net/news-search.phtml?keywords=姜正浩
https://events.ettoday.net/https://www.ettoday.net
http://chart.apis.google.com/chart?cht=qr&choe=UTF-8&chs=300x300&chl=https://www.ettoday.net/news/20200617/1739522.htm?from=pc-newsshare-wechat-fixed
https://feedburner.google.com/fb/a/mailverify?uri=ettoday/army&loc=zh_TW
https://www.facebook.com/ETtodayHEALTH
https://www.ettoday.net/feature/羅志祥/8504?tt=羅志祥相關新聞
https://boba.ettoday.net/video/266/477/217277
https://events.ettoday.net/https://youtu.be/SK0jSsjjY3Y
http://chart.apis.google.com/chart?cht=qr&choe=UTF-8&chs=300x300&chl=https://www.ettoday.net/news/20200617/1739384.htm?from=pc-newsshare-wechat-fixed
https://feedburner.google.com/fb/a/mailverify?uri=ettoday/family&loc=zh_TW
https://www.facebook.com/twtybbs/
https://www.ettoday.net/news/20181206/1312258.htm?from=pctaglist 
https://boba.ettoday.net/video/275/566/211720
https://events.ettoday.net/activity/dalemon_work/180?from=lemon_solicit
http://chart.apis.google.com/chart?cht=qr&choe=UTF-8&chs=300x300&chl=https://www.ettoday.net/news/20200617/1739473.htm?from=pc-newsshare-wechat-fixed
https://feedburner.google.com/fb/a/mailverify?uri=ettoday/gender&loc=zh_TW
https://www.facebook.com/ETFashion.tw/
http://www.ettoday.net/news/news-list-2019-02-18-0.htm
https://fashion.ettoday.net/focus/奢逸
https://events.ettoday.net/https://youtu.be/MVX3sOTCCkY
http://chart.apis.google.com/chart?cht=qr&choe=UTF-8&chs=300x300&chl=https://www.ettoday.net/news/20200617/1739903.htm?from=pc-newsshare-wechat-fixed
https://feedburner.google.com/fb/a/mailverify?uri=ettoday/global&loc=zh_TW
https://www.facebook.com/ETtodaySTAR
https://health.ettoday.net/news/1738295
https://boba.ettoday.net/videonews/216378
https://events.ettoday.net/activity/2020ehsartcontest/article/32444/last
http://chart.apis.google.com/chart?cht=qr&choe=UTF-8&chs=300x300&chl=https://www.ettoday.net/news/20200617/1740347.htm?from=pc-newsshare-wechat-fixed
https://play.google.com/store/apps/details?id=net.ettoday.phone&referrer=utm_source%3Det_pc%26utm_medium%3Dpc_about%26utm_campaign%3Dpc_about
https://www.facebook.com/ETtodaySHARE
http://www.ettoday.net/news/news-list-2013-01-14-0.htm
https://fashion.ettoday.net/focus/生活/2
https://events.ettoday.net/app/appCollect/push.phtml?appCollect_id=17
http://chart.apis.google.com/chart?cht=qr&choe=UTF-8&chs=300x300&chl=https://www.ettoday.net/news/20200616/1739100.htm?from=pc-newsshare-wechat-fixed
https://feedburner.google.com/fb/a/mailverify?uri=ettoday/insurance&loc=zh_TW
https://www.facebook.com/ETtodaySISTER
http://www.ettoday.net/news/news-list-2014-03-27-0.htm
https://star.ettoday.net/news/1739403
https://events.ettoday.net/https://youtu.be/kOXjbw0np60
http://chart.apis.google.com/chart?cht=qr&choe=UTF-8&chs=300x300&chl=https://www.ettoday.net/news/20200617/1739464.htm?from=pc-newsshare-wechat-fixed
https://feedburner.google.com/fb/a/mailverify?uri=ettoday/dalemon&loc=zh_TW
https://www.facebook.com/ETtodayPETS
http://www.ettoday.net/news/news-list-2015-09-02-0.htm
https://boba.ettoday.net/video/266/466/216084
https://events.ettoday.net/picnic2018/index.phtml
http://chart.apis.google.com/chart?cht=qr&choe=UTF-8&chs=300x300&chl=https://www.ettoday.net/news/20190622/1473131.htm?from=pc-newsshare-wechat-fixed
https://www.facebook.com/sharer/sharer.php?u=https%3A%2F%2Fwww.ettoday.net%2Fdalemon%2Fpost%2F49095&amp;src=sdkpreparse
https://travel.ettoday.net/album.php?album_id=16306
https://boba.ettoday.net/video/274/585/135053
https://events.ettoday.net/activity/dalemon_inlove/711/last/3
http://chart.apis.google.com/chart?cht=qr&choe=UTF-8&chs=300x300&chl=https://www.ettoday.net/news/20200617/1739627.htm?from=pc-newsshare-wechat-fixed
https://www.facebook.com/ETtodaySPORTS
https://www.ettoday.net/feature/ufo/940/3
https://fashion.ettoday.net/news/1738268/
https://events.ettoday.net/depth-report/bagunbox/index.html?from=fashion-pc-menu
http://chart.apis.google.com/chart?cht=qr&choe=UTF-8&chs=300x300&chl=https://www.ettoday.net/news/20200617/1740061.htm?from=pc-newsshare-wechat-fixed
https://www.facebook.com/sharer.php?u=httpshttps://www.ettoday.net/survey/survey.php?id=447
https://www.ettoday.net/news/20190401/1412713.htm?from=pctaglist 
https://movies.ettoday.net/tag.phtml?keyword=
https://events.ettoday.net/charity/about-us.htm
http://chart.apis.google.com/chart?cht=qr&choe=UTF-8&chs=300x300&chl=https://www.ettoday.net/news/20200617/1740345.htm?from=pc-newsshare-wechat-fixed
https://www.facebook.com/ETtodayBOBA/?fref=ts
https://www.ettoday.net/news/20191106/1574034.htm?from=pctaglist 
https://boba.ettoday.net/videonews/208318
https://events.ettoday.net/activity/dalemon_inlove/article/26089/last
http://chart.apis.google.com/chart?cht=qr&choe=UTF-8&chs=300x300&chl=https://www.ettoday.net/news/20200616/1739375.htm?from=pc-newsshare-wechat-fixed
https://www.facebook.com/sharer/sharer.php?u=https%3A%2F%2Fwww.ettoday.net%2Fdalemon%2Fpost%2F48277&amp;src=sdkpreparse
https://www.ettoday.net/news/20200430/1704067.htm?from=pctaglist 
https://boba.ettoday.net/video/266/466/218225
http://events.ettoday.net/http://www.ettoday.net
http://chart.apis.google.com/chart?cht=qr&choe=UTF-8&chs=300x300&chl=https://www.ettoday.net/news/20200608/1732810.htm?from=pc-newsshare-wechat-fixed
https://www.facebook.com/ETtodaySTAR/?fref=ts
https://www.ettoday.net/news/20200508/1710096.htm?from=pctaglist 
https://movies.ettoday.net/news/1740288
https://events.ettoday.net/activity/ettoday88submit/168
http://chart.apis.google.com/chart?cht=qr&choe=UTF-8&chs=300x300&chl=https://www.ettoday.net/news/20200617/1740329.htm?from=pc-newsshare-wechat-fixed
https://www.facebook.com/sharer.php?u=httpshttps://www.ettoday.net/survey/survey.php?id=448
https://www.ettoday.net/news/20200612/1736161.htm
https://sports.ettoday.net/https://smarturl.it/ettoday-104
https://events.ettoday.net/https://youtu.be/EDnjEj1ZnnU
http://chart.apis.google.com/chart?cht=qr&choe=UTF-8&chs=300x300&chl=https://www.ettoday.net/news/20200617/1739717.htm?from=pc-newsshare-wechat-fixed
https://www.facebook.com/KoreaStarNews
https://www.ettoday.net/news/20200615/1737995.htm?ercamp=sorted_hot_news
https://sports.ettoday.net/news/1740248
https://events.ettoday.net/activity/dalemon_inlove/article/26093/last
http://chart.apis.google.com/chart?cht=qr&choe=UTF-8&chs=300x300&chl=https://www.ettoday.net/news/20200617/1740344.htm?from=pc-newsshare-wechat-fixed
https://www.facebook.com/sharer/sharer.php?u=https%3A%2F%2Fwww.ettoday.net%2Fdalemon%2Fpost%2F47850&amp;src=sdkpreparse
http://www.ettoday.net/news/news-list-2013-07-07-0.htm
https://star.ettoday.net/news/1740086
https://events.ettoday.net/activity/dalemon_inlove/article/26726/last
http://chart.apis.google.com/chart?cht=qr&choe=UTF-8&chs=300x300&chl=https://www.ettoday.net/news/20200617/1740311.htm?from=pc-newsshare-wechat-fixed
https://www.facebook.com/ETtodayTRAVEL/
http://www.ettoday.net/news/news-list-2014-06-26-0.htm
https://boba.ettoday.net/video/274/565/190315
https://junglevoice.ettoday.net/rules-2.php
http://chart.apis.google.com/chart?cht=qr&choe=UTF-8&chs=300x300&chl=https://www.ettoday.net/news/20200617/1740154.htm?from=pc-newsshare-wechat-fixed
https://www.facebook.com/GeeVIDEO/?fref=ts
http://www.ettoday.net/news/news-list-2015-06-21-0.htm
https://star.ettoday.net/news/1740120
http://events.ettoday.net/about-ettoday/index.htm
http://chart.apis.google.com/chart?cht=qr&choe=UTF-8&chs=300x300&chl=https://www.ettoday.net/news/20200617/1739747.htm?from=pc-newsshare-wechat-fixed
https://www.facebook.com/ETtoday/?fref=ts
http://www.ettoday.net/news/news-list-2017-06-25-0.htm
https://boba.ettoday.net/category/33/216048
http://events.ettoday.net/http://smarturl.it/ettoday-104
http://chart.apis.google.com/chart?cht=qr&choe=UTF-8&chs=300x300&chl=https://www.ettoday.net/news/20200617/1739463.htm?from=pc-newsshare-wechat-fixed
https://www.facebook.com/sharer/sharer.php?u=https%3A%2F%2Fwww.ettoday.net%2Fdalemon%2Fpost%2F50663&amp;src=sdkpreparse
https://forum.ettoday.net/news/1739748
https://movies.ettoday.net/news/1729613
https://events.ettoday.net/https://youtu.be/eMqn2AF2v6Q
https://www.ettoday.net/news/20190704/1481911.htm?feature=ufo&tab_id=939
https://sports.ettoday.net/news/1740343
https://junglevoice.ettoday.net/player-list.php
http://www.ettoday.net/news/news-list-2018-11-01-0.htm
http://star.ettoday.net/
https://events.ettoday.net/https://youtu.be/6HZ8Mn9_CJQ
https://house.ettoday.net//smarturl.it/ettoday-104
https://boba.ettoday.net/video/33/118/95033
https://events.ettoday.net/activity/2020ehsartcontest/article/32436/last
https://www.ettoday.net/news/20200304/1659840.htm?from=pctaglist 
https://fashion.ettoday.net/focus/生活/7
https://events.ettoday.net/activity/dalemon_inlove/article/26072/last
http://www.ettoday.net/album/category-all-114.htm
https://boba.ettoday.net/video/266/479/216220
https://events.ettoday.net/activity/dalemon_Yummy?from=lemon_solicit
http://www.ettoday.net/news/news-list-2019-01-03-0.htm
https://boba.ettoday.net/video/274/561/134298
https://events.ettoday.net/activity/dalemon_Shitpost
http://www.ettoday.net/news/news-list-2015-05-29-0.htm
https://boba.ettoday.net/video/274/564/138175
https://events.ettoday.net/activity/2020ehsartcontest/article/32440/last
https://house.ettoday.net/news/1738691
https://boba.ettoday.net/category/274
https://events.ettoday.net/?id=1
https://www.ettoday.net/news/20200614/1737329.htm?from=feature
https://fashion.ettoday.net/feature/433
https://events.ettoday.net/activity/dalemon_inlove/article/26085/last
http://www.ettoday.net/news/news-list-2013-04-03-0.htm
https://boba.ettoday.net/video_tag/花蓮
https://events.ettoday.net/https://youtu.be/CPYCsyERNaE
http://www.ettoday.net/news/news-list-2018-08-06-0.htm
https://star.ettoday.net/media/13/39558
https://events.ettoday.net/?id=7
https://travel.ettoday.net/category/遊輪旅遊/
https://boba.ettoday.net/video/274/561/136889
https://events.ettoday.net/activity/dalemon_inlove/711/last/5
https://www.ettoday.net/feature/index/0/9
https://boba.ettoday.net/videonews/201331
https://events.ettoday.net/index.php?id=1&page=3
https://www.ettoday.net/news/20200617/1739888.htm
https://movies.ettoday.net/news_list/384/1
https://junglevoice.ettoday.net/open_audition.php
https://www.ettoday.net/news/tag/黃國昌/
https://sports.ettoday.net/news-list/棒球/MLB/3
https://events.ettoday.net/https://youtu.be/bCqWsS6eqJk
http://www.ettoday.net/album/category-all-133.htm
https://boba.ettoday.net/sub_category/229/720
https://events.ettoday.net/activity/2020ehsartcontest/article/32437/last
http://www.ettoday.net/news/news-list-2016-04-26-0.htm
https://fashion.ettoday.net/video/
https://events.ettoday.net/activity/dalemon_inlove/711/last/2
http://www.ettoday.net/news/news-list-2018-09-05-0.htm
https://boba.ettoday.net/videonews/172097
https://events.ettoday.net/https://youtu.be/jzfTUjcbCNc
http://www.ettoday.net/news/news-list-2019-05-18-0.htm
https://boba.ettoday.net/sub_category/233/254/187841
https://events.ettoday.net/app/appCollect/push.phtml?appCollect_id=16
http://www.ettoday.net/news/news-list-2020-06-13-0.htm
http://boba.ettoday.net/videonews/164646?from=et-bottom
https://events.ettoday.net/activity/dalemon_inlove/article/26795/last
https://www.ettoday.net/feature/周揚青/2347/5
https://fashion.ettoday.net/focus/時尚/2
https://events.ettoday.net/activity/2020ehsartcontest/article/32441/last
https://www.ettoday.net/news/20200428/1701817.htm?from=pctaglist 
https://sports.ettoday.net/sport-category/籃球
https://events.ettoday.net/activity/dalemon_inlove/article/26165/last
http://www.ettoday.net/news/news-list-2019-06-21-0.htm
https://star.ettoday.net/news/1740194
https://events.ettoday.net/https://youtu.be/7W7BBYX0iIc
https://www.ettoday.net/news/20151224/618261.htm?from=pctaglist 
https://star.ettoday.net/news/1731305
https://events.ettoday.net/https://youtu.be/yPT84AzRVrg
https://www.ettoday.net/news/20171130/1058103.htm?feature=膝蓋痛&tab_id=9447
https://sports.ettoday.net/sport-category/新聞
https://junglevoice.ettoday.net/../s1/index.php
https://www.ettoday.net/news/focus/大陸/華聞快遞/
https://sports.ettoday.net/news-list/棒球/MLB/4
https://events.ettoday.net/https://youtu.be/rVSvkKuoB0k
http://www.ettoday.net/news/news-list-2012-10-23-0.htm
https://boba.ettoday.net/videonews/195078
https://events.ettoday.net/https://youtu.be/1OXgg3iDJoU
http://www.ettoday.net/news/news-list-2013-10-08-0.htm
https://fashion.ettoday.net/focus/潮流/19
https://events.ettoday.net/activity/dalemon_inlove/article/26734/last
http://www.ettoday.net/news/news-list-2016-01-21-0.htm
https://fashion.ettoday.net/news/1739171/
https://events.ettoday.net/index.php?id=1&page=4
http://www.ettoday.net/news/news-list-2018-09-12-0.htm
https://star.ettoday.net/news/1740344
https://events.ettoday.net/activity/dalemon_inlove/article/26787/last
https://travel.ettoday.net/article/1737538.htm
https://fashion.ettoday.net/news/1740059/
https://events.ettoday.net/picnic2019/index.phtml
https://travel.ettoday.net/category/航空動態/
https://star.ettoday.net/news/1740229
https://events.ettoday.net/https://youtu.be/1-Af8gJk-Qc
https://www.ettoday.net/news/20191227/1611615.htm?feature=ufo&tab_id=943
https://fashion.ettoday.net/focus/名人/7
https://events.ettoday.net/https://youtu.be/WY_S5xyQEf0
https://www.ettoday.net/news/20200405/1684127.htm?from=pctaglist 
https://sports.ettoday.net/news/1739098
https://events.ettoday.net/index.php
https://www.ettoday.net/news/20200605/1731094.htm?from=pctaglist 
https://sports.ettoday.net/sport-category/足球
https://events.ettoday.net/activity/2020ehsartcontest/742
https://www.ettoday.net/news/20200617/1740052.htm
https://sports.ettoday.net/video/278/218418
https://events.ettoday.net/https://youtu.be/w9XlogfRohE
http://www.ettoday.net/news/news-list-2015-02-19-0.htm
https://fashion.ettoday.net/news/1740234
https://events.ettoday.net/activity/2020ehsartcontest/741
http://www.ettoday.net/news/news-list-2015-03-13-0.htm
https://sports.ettoday.net/news-list/競技/技擊、球類/2
https://events.ettoday.net/poll/vote/84/139
https://travel.ettoday.net/article/1446217.htm
https://fashion.ettoday.net/news/1739794/
https://events.ettoday.net/app/appCollect/push.phtml?appCollect_id=40
https://www.ettoday.net/news/20190410/1418998.htm?ercamp=sorted_hot_news
https://boba.ettoday.net/sub_category/274/726
https://events.ettoday.net/https://youtu.be/sRplz4MO4go
http://www.ettoday.net/album/category-all-8.htm
https://sports.ettoday.net/news-list/足球/台灣足球
https://events.ettoday.net/activity/dalemon_inlove/711/last/4
http://www.ettoday.net/news/news-list-2013-08-29-0.htm
https://movies.ettoday.net/news/1737243
https://events.ettoday.net/?id=5
http://www.ettoday.net/news/news-list-2018-01-30-0.htm
https://fashion.ettoday.net/news/1740089
https://events.ettoday.net/poll/rules/84
http://www.ettoday.net/news/news-list-2018-07-04-0.htm
https://sports.ettoday.net/news-list/競技/技擊、球類/5
https://events.ettoday.net/activity/2020ehsartcontest/article/32434/last
http://www.ettoday.net/news/news-list-2019-06-09-0.htm
https://boba.ettoday.net/video_tag/國際關鍵
https://events.ettoday.net/?id=2
https://health.ettoday.net/news/1740287
https://boba.ettoday.net/video/275/566/216931
https://speed.ettoday.net/tag.phtml?tag=ETHummer
https://fashion.ettoday.net/focus/愛情
https://www.ettoday.net/feature/ufo/944/3
https://sports.ettoday.net/news/1740013
https://www.ettoday.net/news/20200617/1740286.htm
https://fashion.ettoday.net/focus/名人
http://www.ettoday.net/album/category-all-75.htm
https://sports.ettoday.net/news/1737767
https://www.ettoday.net/news/20190319/1402497.htm?feature=ufo&tab_id=938
https://boba.ettoday.net/category/234
https://www.ettoday.net/news/20200615/1737813.htm
https://boba.ettoday.net/video/274/610/188798
https://www.ettoday.net/news/20200617/1739887.htm?ercamp=sorted_hot_news
https://sports.ettoday.net/news/1739771
https://www.ettoday.net/news/20200601/1719931.htm?from=pctaglist 
https://sports.ettoday.net/news-list/棒球/中職/9
https://www.ettoday.net/news/20200617/1739910.htm
https://star.ettoday.net/news/1739977
http://www.ettoday.net/news/news-list-2017-06-05-0.htm
https://boba.ettoday.net/video/274/565/190308
http://www.ettoday.net/news/news-list-2019-06-07-0.htm
https://sports.ettoday.net/news/1739928
https://www.ettoday.net/feature/covid19/14404?tt=大陸戰疫
https://boba.ettoday.net/sub_category/275/536
https://www.ettoday.net/news/20200302/1657711.htm
https://boba.ettoday.net/videonews/140349
https://www.ettoday.net/news/20200402/1681012.htm?from=pctaglist 
https://boba.ettoday.net/videonews/196876
https://www.ettoday.net/news/20200613/1736629.htm
https://fashion.ettoday.net/focus/美麗
https://www.ettoday.net/news/20200614/1737624.htm?from=feature
https://fashion.ettoday.net/news/1738460/
https://www.ettoday.net/news/tag/仙女/
https://star.ettoday.net/news/1740188
http://www.ettoday.net/news/news-list-2013-10-30-0.htm
https://sports.ettoday.net/news/1737200
http://www.ettoday.net/news/news-list-2014-05-31-0.htm
https://star.ettoday.net/news-focus/韓星爆爆/424
http://www.ettoday.net/news/news-list-2014-12-18-0.htm
https://boba.ettoday.net/videonews/218564
https://travel.ettoday.net/focus/日本旅遊/
https://boba.ettoday.net/sub_category/275/576
https://www.ettoday.net/news/20191225/1603555.htm?from=pctaglist 
https://boba.ettoday.net/videonews/218161
https://www.ettoday.net/news/20200617/1739635.htm
https://boba.ettoday.net/category/275/188206
https://www.ettoday.net/news/tag/勞工局/
https://fashion.ettoday.net/news/1733157/
http://www.ettoday.net/album/category-all-62.htm
https://boba.ettoday.net/video/275/576/119207
http://www.ettoday.net/news/news-list-2013-08-27-0.htm
https://boba.ettoday.net/videonews/172120
http://www.ettoday.net/news/news-list-2018-05-31-0.htm
https://fashion.ettoday.net/news/1735534/
http://www.ettoday.net/news/news-list-2018-12-08-0.htm
https://boba.ettoday.net/video/275/566/153116
http://www.ettoday.net/news/news-list-2019-01-25-0.htm
https://boba.ettoday.net/video/274/561/136856
https://www.ettoday.net/feature/covid19/14406?tt=世界疫情
https://star.ettoday.net/news/1740253
http://www.ettoday.net/news/news-list-2014-02-17-0.htm
https://boba.ettoday.net/video/266/479/218435
http://www.ettoday.net/news/news-list-2015-06-03-0.htm
https://star.ettoday.net/news-focus/電視/51
http://www.ettoday.net/news/news-list-2016-12-26-0.htm
https://boba.ettoday.net/sub_category/266/479
https://house.ettoday.net/focus/投資新據點/
https://boba.ettoday.net/sub_category/274/561/127640
https://www.ettoday.net/news/20181112/1303855.htm?feature=ufo&tab_id=942
https://star.ettoday.net/news/1739759
https://www.ettoday.net/news/20200604/1729654.htm
https://fashion.ettoday.net/focus/潮流/4
http://www.ettoday.net/news/news-list-2012-01-13-0.htm
https://boba.ettoday.net/video/33/404/68270
http://www.ettoday.net/news/news-list-2012-01-28-0.htm
https://movies.ettoday.net/video/273/167053
http://www.ettoday.net/news/news-list-2016-04-03-0.htm
https://star.ettoday.net/news/1737318
https://house.ettoday.net/news/1728442
https://boba.ettoday.net/video/266/478/214313
https://www.ettoday.net/news/20200602/1728579.htm?from=feature
https://movies.ettoday.net/news/1717948
https://www.ettoday.net/news/20200610/1734065.htm
https://boba.ettoday.net/video/274/544/144494
http://www.ettoday.net/news/news-list-2012-02-08-0.htm
https://sports.ettoday.net/news/1740349
http://www.ettoday.net/news/news-list-2012-10-12-0.htm
https://star.ettoday.net/issue
http://www.ettoday.net/news/news-list-2014-02-20-0.htm
https://boba.ettoday.net/category/288
http://www.ettoday.net/news/news-list-2020-01-25-0.htm
https://fashion.ettoday.net/news/1739386/
https://www.ettoday.net/news/20190528/1454695.htm?from=pctaglist 
https://sports.ettoday.net/news-list.htm
https://www.ettoday.net/news/20200401/1681166.htm?from=pctaglist 
https://boba.ettoday.net/video/266/477/214316
https://www.ettoday.net/news/20200605/1730847.htm
https://sports.ettoday.net/news/1739700
http://www.ettoday.net/news/news-list-2015-10-14-0.htm
https://boba.ettoday.net/video/275/536/146495
http://www.ettoday.net/news/news-list-2019-02-22-0.htm
https://sports.ettoday.net/news/1739306
http://www.ettoday.net/news/news-list-2020-03-06-0.htm
https://sports.ettoday.net/news/1740169
http://www.ettoday.net/album/category-all-116.htm
https://boba.ettoday.net/search.phtml?keyword=%E8%BE%B2%E5%A0%B4
http://www.ettoday.net/news/news-list-2015-10-23-0.htm
https://boba.ettoday.net/videonews/126106
http://www.ettoday.net/news/news-list-2018-10-10-0.htm
https://star.ettoday.net/media
https://www.ettoday.net/feature/2020%E4%B8%96%E7%95%8C%E6%96%B0%E8%BB%8A%E5%A4%A7%E5%B1%95
https://boba.ettoday.net/video/274/726/198935
https://www.ettoday.net/news/20200617/1739474.htm?ercamp=sorted_hot_news
https://sports.ettoday.net/news-search.phtml?keywords=波力羽球
https://www.ettoday.net/news/20200617/1739867.htm
https://boba.ettoday.net/sub_category/274/561/136856
http://www.ettoday.net/news/news-list-2012-07-08-0.htm
https://fashion.ettoday.net/focus/生活/4
http://www.ettoday.net/news/news-list-2016-12-01-0.htm
https://boba.ettoday.net/video/33/174/215625
http://www.ettoday.net/news/news-list-2017-03-08-0.htm
https://fashion.ettoday.net/news/1739202/
https://www.ettoday.net/news/20200407/1685835.htm?from=pctaglist 
https://fashion.ettoday.net/focus/奢逸/19
https://www.ettoday.net/news/20200615/1737875.htm?ercamp=sorted_hot_news
https://boba.ettoday.net/sub_category/274/561/130379
https://www.ettoday.net/news/20200616/1739331.htm
https://boba.ettoday.net/video/274/563/137875
http://www.ettoday.net/news/news-list-2015-04-29-0.htm
https://boba.ettoday.net/sub_category/274/561/129252
http://www.ettoday.net/news/news-list-2018-09-27-0.htm
https://star.ettoday.net/news/1739189
https://health.ettoday.net/category/醫藥新聞/2
https://fashion.ettoday.net/focus/時尚/10
https://www.ettoday.net/news/20200505/1702651.htm?from=pctaglist 
https://star.ettoday.net/news/1738086
https://www.ettoday.net/news/20200528/1724491.htm?from=feature
https://sports.ettoday.net/news-search.phtml?keywords=NFL
https://www.ettoday.net/news/20200617/1734078.htm
https://sports.ettoday.net/sport-category/運動潮流
http://www.ettoday.net/news/news-list-2013-05-09-0.htm
https://star.ettoday.net/news-focus/音樂/426
http://www.ettoday.net/news/news-list-2013-08-11-0.htm
https://boba.ettoday.net/sub_category/231/216
http://www.ettoday.net/news/news-list-2013-09-28-0.htm
https://boba.ettoday.net/video/274/585/131608
http://www.ettoday.net/news/news-list-2013-12-27-0.htm
https://boba.ettoday.net/category/255/218071?from=sports_pc_sidebar_sportshot
http://www.ettoday.net/news/news-list-2014-02-26-0.htm
https://boba.ettoday.net/videonews/140191
http://www.ettoday.net/news/news-list-2014-03-03-0.htm
https://movies.ettoday.net/news_list/642/1
https://www.ettoday.net/feature/ufo/944/2
https://star.ettoday.net/news/1740091
https://www.ettoday.net/news/20190507/1438720.htm?from=pctaglist 
https://sports.ettoday.net/news-list/棒球/中職/4
https://www.ettoday.net/news/20200617/1740049.htm
https://boba.ettoday.net/video/274/561/135504
https://www.ettoday.net/news/20200617/1740259.htm
https://boba.ettoday.net/video/33/174/217030
https://www.ettoday.net/news/20200617/1740306.htm
https://movies.ettoday.net/news/1737755
https://www.ettoday.net/news/tag/新聞/
https://boba.ettoday.net/video_tag/葉益豪
http://www.ettoday.net/news/news-list-2012-03-12-0.htm
https://boba.ettoday.net/videonews/216889
http://www.ettoday.net/news/news-list-2014-12-13-0.htm
https://boba.ettoday.net/videonews/171543
http://www.ettoday.net/news/news-list-2017-11-14-0.htm
https://boba.ettoday.net/category/33/217030
https://travel.ettoday.net/category/高雄美食/
https://fashion.ettoday.net/focus/潮流/5
https://www.ettoday.net/feature/%E6%96%87%E9%87%91%E6%9C%83
https://star.ettoday.net/news/1739543
https://www.ettoday.net/feature/颱風/1265/5
https://star.ettoday.net/news/1740162
https://www.ettoday.net/news/20200525/1721865.htm?feature=地震&tab_id=1232
https://fashion.ettoday.net/focus/美麗/7
https://www.ettoday.net/news/20200616/1739019.htm?feature=金正恩&tab_id=1597
https://fashion.ettoday.net/focus/名人/6
https://www.ettoday.net/news/focus/3C家電/家電/
https://fashion.ettoday.net/news/1739246/
http://www.ettoday.net/news/news-list-2012-06-27-0.htm
https://fashion.ettoday.net/focus/奢逸/5
http://www.ettoday.net/news/news-list-2013-08-24-0.htm
https://boba.ettoday.net/video/266/466/217091
http://www.ettoday.net/news/news-list-2019-03-28-0.htm
http://boba.ettoday.net/
https://discovery.ettoday.net/news/1739952
https://boba.ettoday.net/video/274/565/199717
https://speed.ettoday.net/focus/國內車市
https://boba.ettoday.net/category/261
https://www.ettoday.net/news/20200617/1739522.htm?ercamp=sorted_hot_news
https://sports.ettoday.net/news/1739823
http://www.ettoday.net/news/news-list-2011-12-14-0.htm
https://star.ettoday.net/news-focus/即時/9
http://www.ettoday.net/news/news-list-2012-07-21-0.htm
https://fashion.ettoday.net/news/1724021
http://www.ettoday.net/news/news-list-2012-10-29-0.htm
https://fashion.ettoday.net/news/1734084/
http://www.ettoday.net/news/news-list-2013-07-19-0.htm
https://boba.ettoday.net/sub_category/33/406
http://www.ettoday.net/news/news-list-2015-02-01-0.htm
https://boba.ettoday.net/sub_category/274/561/131520
https://forum.ettoday.net/column/news/錢世傑
https://boba.ettoday.net/videonews/171545
https://forum.ettoday.net/news/1738723
https://fashion.ettoday.net/focus/美麗/8
https://www.ettoday.net/news/20160125/637111.htm?from=pctaglist 
https://sports.ettoday.net/news-list/籃球/ABL
https://www.ettoday.net/news/20200516/1715747.htm?from=pctaglist 
https://boba.ettoday.net/sub_category/232/718?from=boba_issue
https://www.ettoday.net/news/20200612/1736147.htm?from=feature
https://movies.ettoday.net/video/273
https://www.ettoday.net/news/20200617/1740037.htm
https://boba.ettoday.net/category/255/218418?from=sports_pc_sidebar_sportshot
http://www.ettoday.net/news/news-list-2018-02-11-0.htm
https://sports.ettoday.net/news-search.phtml?keywords=統一獅
https://www.ettoday.net/news/20200515/1715286.htm
https://boba.ettoday.net/category/275/216931
https://www.ettoday.net/news/20200616/1739225.htm?ercamp=sorted_hot_news
https://sports.ettoday.net/news/1739848
http://www.ettoday.net/news/news-list-2014-07-14-0.htm
https://star.ettoday.net/star-category/電視
http://www.ettoday.net/news/news-list-2015-05-11-0.htm
https://boba.ettoday.net/category/243
http://www.ettoday.net/news/news-list-2019-12-31-0.htm
https://fashion.ettoday.net/focus/生活/8
http://www.ettoday.net/news/news-list-2020-05-20-0.htm
https://boba.ettoday.net/category/239
http://www.ettoday.net/news/news-list-2020-06-09-0.htm
https://sports.ettoday.net/news-search.phtml?keywords=中信兄弟
https://travel.ettoday.net/category/彩繪村/
https://boba.ettoday.net/videonews/126034
https://www.ettoday.net/feature/englishgohappy
https://sports.ettoday.net/news/1740318
https://www.ettoday.net/feature/ufo/939?tt=外星人
https://boba.ettoday.net/videonews/201329
https://www.ettoday.net/news/20200502/1705211.htm
https://fashion.ettoday.net/focus/潮流/9
https://www.ettoday.net/news/20200505/1707347.htm?from=pctaglist 
https://star.ettoday.net/news/1737755
https://www.ettoday.net/news/20200615/1737845.htm
https://boba.ettoday.net/videonews/184426
https://www.ettoday.net/news/20200617/1740003.htm
https://star.ettoday.net/news/1740213
http://www.ettoday.net/news/news-list-2013-09-17-0.htm
https://boba.ettoday.net/video/274/585/131606
http://www.ettoday.net/news/news-list-2014-08-19-0.htm
https://fashion.ettoday.net/news/1732977/
http://www.ettoday.net/news/news-list-2019-05-24-0.htm
https://fashion.ettoday.net/focus/時尚/4
http://www.ettoday.net/news/news-list-2019-09-17-0.htm
https://boba.ettoday.net/videonews/218628
https://www.ettoday.net/news/20180615/1191718.htm?ercamp=sorted_hot_news
https://boba.ettoday.net/video/0/602/218686
https://www.ettoday.net/news/tag/江啟臣/
https://boba.ettoday.net/video/275/536/145163
http://www.ettoday.net/news/news-list-2011-10-20-0.htm
https://sports.ettoday.net/news-search.phtml?keywords=吳昇桓
http://www.ettoday.net/news/news-list-2014-03-31-0.htm
https://star.ettoday.net/news/1737548
http://www.ettoday.net/news/news-list-2015-09-08-0.htm
https://boba.ettoday.net/videonews/197635
http://www.ettoday.net/news/news-list-2017-07-11-0.htm
https://boba.ettoday.net/video/274/561/135542
http://www.ettoday.net/news/news-list-2017-07-24-0.htm
https://star.ettoday.net/news/1740174
https://www.ettoday.net/feature/小女花不棄
https://boba.ettoday.net/video/274/726/198941
https://www.ettoday.net/news/20200616/1738691.htm
https://fashion.ettoday.net/news/1436979
https://www.ettoday.net/news/20200617/1739796.htm?ercamp=sorted_hot_news
https://sports.ettoday.net/news-list/棒球/中職/10
https://www.ettoday.net/news/tag/美食情報/
https://sports.ettoday.net/news/1740116
http://www.ettoday.net/news/news-list-2013-01-13-0.htm
https://boba.ettoday.net/video/274/564/138162
http://www.ettoday.net/news/news-list-2017-04-05-0.htm
https://boba.ettoday.net/sub_category/274/564
https://www.ettoday.net/dalemon/post/49364
https://boba.ettoday.net/video/33/174/216577
http://www.ettoday.net/news/news-list-2013-05-22-0.htm
https://boba.ettoday.net/video_tag/黃寶慧
http://www.ettoday.net/news/news-list-2015-04-18-0.htm
https://boba.ettoday.net/category/273
http://www.ettoday.net/news/news-list-2017-06-17-0.htm
https://fashion.ettoday.net/news/1740047
http://www.ettoday.net/news/news-list-2019-01-06-0.htm
https://star.ettoday.net/news/1739170
https://travel.ettoday.net/article/1348219.htm?from=index
https://boba.ettoday.net/video/33/118/69348
https://www.ettoday.net/dalemon/post/50025
https://fashion.ettoday.net/news/1739447/
https://www.ettoday.net/news/20200617/1739464.htm?ercamp=sorted_hot_news
https://star.ettoday.net/news/1740147
https://www.ettoday.net/news/tag/補選/
https://fashion.ettoday.net/news/1739406/
https://www.ettoday.net/feature/颱風/1265/7
https://star.ettoday.net/news/1739990
https://www.ettoday.net/news/20200515/1715347.htm
https://fashion.ettoday.net/focus/生活/9
https://www.ettoday.net/news/focus/軍武/軍聞社/
https://boba.ettoday.net/videonews/209093
https://www.ettoday.net/news/news-list-2020-06-17-39.htm
https://fashion.ettoday.net/news/1740081/
http://www.ettoday.net/news/news-list-2011-12-28-0.htm
https://boba.ettoday.net/video/274/561/135528
http://www.ettoday.net/news/news-list-2012-09-01-0.htm
https://boba.ettoday.net/videonews/158762
http://www.ettoday.net/news/news-list-2015-05-27-0.htm
https://fashion.ettoday.net/focus/生活/6
http://www.ettoday.net/news/news-list-2015-08-08-0.htm
https://sports.ettoday.net/news-search.phtml?keywords=麥格克米克
http://www.ettoday.net/news/news-list-2019-02-25-0.htm
https://sports.ettoday.net/news-search.phtml?keywords=陳偉殷
http://www.ettoday.net/news/news-list-2020-01-26-0.htm
https://fashion.ettoday.net/news/1738339/
http://www.ettoday.net/news/news-list-2017-03-03-0.htm
https://boba.ettoday.net/video/274/561/135629
http://www.ettoday.net/news/news-list-2019-09-10-0.htm
https://movies.ettoday.net/news/1738408
https://www.ettoday.net/news/20180614/1190608.htm?ercamp=sorted_hot_news
https://boba.ettoday.net/video/274/561/135512
https://www.ettoday.net/news/20200610/1733241.htm?from=pctaglist 
https://movies.ettoday.net/news_list/641/1
https://www.ettoday.net/news/tag/鏡週刊/
https://fashion.ettoday.net/news/1736213
http://www.ettoday.net/news/news-list-2012-07-04-0.htm
https://sports.ettoday.net/news-list/籃球/CBA
http://www.ettoday.net/news/news-list-2017-01-28-0.htm
https://star.ettoday.net/news/1739722
http://www.ettoday.net/news/news-list-2018-06-15-0.htm
https://sports.ettoday.net/news/1739680
https://discovery.ettoday.net/news/1739897
https://boba.ettoday.net/video/0/558/159568
https://www.ettoday.net/feature/ufo/944?tt=火星
https://movies.ettoday.net/news/1737318
https://www.ettoday.net/news/20200325/1676466.htm?from=pctaglist 
https://star.ettoday.net/news/1734990
https://www.ettoday.net/news/tag/陳時中/
https://boba.ettoday.net/videonews/218659
https://www.ettoday.net/news/20200326/1677363.htm?from=pctaglist 
https://fashion.ettoday.net/news/1728192/
https://www.ettoday.net/news/20200415/1691887.htm?feature=大老闆傳奇-尹衍樑&tab_id=13274
https://boba.ettoday.net/sub_category/274/562
https://www.ettoday.net/news/20200512/1712435.htm?feature=ufo&tab_id=944
https://star.ettoday.net/https://reurl.cc/vney11
https://www.ettoday.net/news/20180927/1268199.htm?feature=ufo&tab_id=940
https://boba.ettoday.net/video/274/561/132826
https://www.ettoday.net/news/20200515/1714590.htm?feature=ufo&tab_id=939
https://movies.ettoday.net/news/1740180
 https://www.ettoday.net/feature/%E6%88%BF%E7%94%A2%E6%96%B0%E5%8B%A2%E5%8A%9B?from=pcmenu
https://movies.ettoday.net/news/1722830
http://www.ettoday.net/news/news-list-2014-12-10-0.htm
https://fashion.ettoday.net/news/1735702/
https://www.ettoday.net/feature/戴資穎/1236/3
https://fashion.ettoday.net/news/1739625/
https://www.ettoday.net/news/20200617/1739860.htm
https://star.ettoday.net/album
https://www.ettoday.net/news/focus/生活/藝文/
https://sports.ettoday.net/news-search.phtml?keywords=泰森
http://www.ettoday.net/news/news-list-2011-11-04-0.htm
https://boba.ettoday.net/videonews/218810?from=popular
http://www.ettoday.net/news/news-list-2014-02-12-0.htm
https://movies.ettoday.net/news/1739378
http://www.ettoday.net/news/news-list-2016-01-07-0.htm
https://boba.ettoday.net/video/274/561/135558
http://www.ettoday.net/news/news-list-2020-02-06-0.htm
https://movies.ettoday.net/video/273/165697
https://www.ettoday.net/news/20200617/1739746.htm
https://boba.ettoday.net/sub_category/274/610
http://www.ettoday.net/news/news-list-2012-03-22-0.htm
https://fashion.ettoday.net/focus/奢逸/10
http://www.ettoday.net/news/news-list-2012-11-20-0.htm
https://boba.ettoday.net/videonews/217489
http://www.ettoday.net/news/news-list-2015-09-09-0.htm
https://sports.ettoday.net/news-list/籃球/SBL/WSBL
http://www.ettoday.net/news/news-list-2017-12-25-0.htm
https://fashion.ettoday.net/focus/美麗/3
https://www.ettoday.net/feature/反送中/11539?tt=反送中 相關新聞
https://sports.ettoday.net/video/278/219033
https://www.ettoday.net/news/20181104/1296436.htm?from=pctaglist 
https://boba.ettoday.net/video/33/209/34927
https://www.ettoday.net/news/20200525/1722313.htm?from=feature
https://sports.ettoday.net/news/1739278
https://www.ettoday.net/news/20200616/1738398.htm
https://star.ettoday.net/news/1740273
https://www.ettoday.net/news/20200616/1739038.htm?ercamp=sorted_hot_news
https://boba.ettoday.net/video/275/536/144871
http://www.ettoday.net/events/goddess2013/index.php
https://boba.ettoday.net/category/240
http://www.ettoday.net/news/news-list-2011-12-24-0.htm
https://star.ettoday.net/news/1740227
http://www.ettoday.net/news/news-list-2012-07-14-0.htm
https://star.ettoday.net/news/1740249
http://www.ettoday.net/news/news-list-2020-03-17-0.htm
https://boba.ettoday.net/video/274/585/134337
https://house.ettoday.net/news/1736536
https://fashion.ettoday.net/news/1736524/
https://www.ettoday.net/news/20200515/1714166.htm?feature=台北電影節&tab_id=4352
https://sports.ettoday.net/news-list/運動潮流/新品資訊
https://www.ettoday.net/news/news-list-2020-06-17-8.htm
https://star.ettoday.net/news/1740324
https://www.ettoday.net/news/tag/冷氣/
https://star.ettoday.net/news/1739186
http://www.ettoday.net/news/news-list-2020-06-11-0.htm
https://star.ettoday.net/news/1704221
