http://www.ettoday.net/news/news-list-2016-09-29-0.htm
http://www.ettoday.net/news/news-list-2017-02-01-0.htm
http://www.ettoday.net/news/news-list-2017-11-22-0.htm
https://house.ettoday.net/latestnews.php
https://www.ettoday.net/news/20200329/1679062.htm?from=feature
https://www.ettoday.net/news/20200617/1739543.htm?ercamp=sorted_hot_news
https://www.ettoday.net/news/news-list-2020-06-17-30.htm
http://www.ettoday.net/news/news-list-2012-05-27-0.htm
http://www.ettoday.net/news/news-list-2013-09-24-0.htm
http://www.ettoday.net/news/news-list-2019-07-19-0.htm
https://www.ettoday.net/news/20200330/1679983.htm?from=pctaglist 
https://www.ettoday.net/news/20200523/1720866.htm?feature=周揚青&tab_id=2347
https://www.ettoday.net/news/20200611/1735778.htm
https://www.ettoday.net/news/20200612/1736476.htm?from=feature
https://www.ettoday.net/news/20200616/1739019.htm?ercamp=sorted_hot_news
https://www.ettoday.net/news/20200617/1740089.htm
http://www.ettoday.net/news/news-list-2012-10-01-0.htm
http://www.ettoday.net/news/news-list-2015-04-12-0.htm
http://www.ettoday.net/news/news-list-2016-03-22-0.htm
https://health.ettoday.net/category/百科/5
https://www.ettoday.net/news/20200516/1715352.htm
https://www.ettoday.net/news/20200617/1740172.htm
http://www.ettoday.net/news/news-list-2011-11-19-0.htm
http://www.ettoday.net/news/news-list-2012-06-20-0.htm
https://www.ettoday.net/feature/到對岸走走
https://www.ettoday.net/news/20200422/1697579.htm?feature=王令麟&tab_id=1016
https://www.ettoday.net/news/20200616/1739262.htm
http://www.ettoday.net/news/news-list-2013-09-21-0.htm
http://www.ettoday.net/news/news-list-2013-10-04-0.htm
http://www.ettoday.net/news/news-list-2016-12-02-0.htm
http://www.ettoday.net/news/news-list-2019-03-19-0.htm
http://www.ettoday.net/news/news-list-2019-12-02-0.htm
http://www.ettoday.net/news/news-list-2020-04-26-0.htm
https://www.ettoday.net/news/20190912/1533822.htm?from=pctaglist 
https://www.ettoday.net/news/20200416/1692482.htm
http://www.ettoday.net/news/news-list-2012-09-17-0.htm
http://www.ettoday.net/news/news-list-2012-12-18-0.htm
http://www.ettoday.net/news/news-list-2016-04-16-0.htm
https://www.ettoday.net/feature/大老闆傳奇-尹衍樑/13282?tt=潤泰新
https://www.ettoday.net/news/20181031/1294904.htm?feature=膝蓋痛&tab_id=9447
https://www.ettoday.net/news/20190915/1535729.htm?feature=ufo&tab_id=941
https://www.ettoday.net/news/20200611/1735501.htm?feature=許崑源&tab_id=6197
http://www.ettoday.net/news/news-list-2013-03-07-0.htm
http://www.ettoday.net/news/news-list-2015-04-21-0.htm
https://www.ettoday.net/feature/attentionlove
https://www.ettoday.net/news/20191015/1556684.htm?from=pctaglist 
https://www.ettoday.net/news/20200330/1679621.htm?from=feature
https://www.ettoday.net/news/20200617/1739557.htm?ercamp=sorted_hot_news
https://www.ettoday.net/news/20200617/1739567.htm?ercamp=sorted_hot_news
https://www.ettoday.net/news/tag/小鬼/
http://www.ettoday.net/album/category-all-121.htm
http://www.ettoday.net/album/category-all-76.htm
http://www.ettoday.net/news/news-list-2013-09-14-0.htm
http://www.ettoday.net/news/news-list-2013-12-13-0.htm
http://www.ettoday.net/news/news-list-2014-06-23-0.htm
https://www.ettoday.net/feature/大老闆傳奇-尹衍樑/13275?tt=兆豐金
https://www.ettoday.net/news/20200614/1737428.htm
https://www.ettoday.net/news/20200616/1738573.htm?ercamp=sorted_hot_news
https://www.ettoday.net/news/20200616/1738816.htm
https://www.ettoday.net/news/20200617/1739828.htm
http://www.ettoday.net/news/news-list-2014-08-05-0.htm
https://www.ettoday.net/news/20181220/1336219.htm?feature=ufo&tab_id=942
http://www.ettoday.net/news/news-list-2014-02-28-0.htm
http://www.ettoday.net/news/news-list-2017-03-22-0.htm
https://house.ettoday.net/news/1729309
https://www.ettoday.net/feature/聲林之王/4741/5
https://www.ettoday.net/news/20190608/1462976.htm?from=pctaglist 
https://www.ettoday.net/news/20200325/1676434.htm?from=feature
http://www.ettoday.net/news/news-list-2013-02-17-0.htm
http://www.ettoday.net/news/news-list-2014-09-05-0.htm
http://www.ettoday.net/news/news-list-2018-03-22-0.htm
http://www.ettoday.net/news/news-list-2019-03-14-0.htm
https://health.ettoday.net/category_tag/茲卡病毒健康
https://health.ettoday.net/news/1728636
https://house.ettoday.net/news/1739845
https://www.ettoday.net/news/20200402/1682927.htm?from=pctaglist 
http://www.ettoday.net/news/news-list-2012-10-19-0.htm
http://www.ettoday.net/news/news-list-2018-10-25-0.htm
https://forum.ettoday.net/column/news/李克聰
https://www.ettoday.net/dalemon/collection/15
https://www.ettoday.net/feature/地震/1232/3
https://www.ettoday.net/feature/颱風/1269?tt=停班停課
https://www.ettoday.net/news/20120926/107094.htm?feature=ufo&tab_id=943
https://www.ettoday.net/news/20200508/1709602.htm?feature=行銷雲&tab_id=14418
https://www.ettoday.net/news/focus/房產雲/中部/
http://www.ettoday.net/news/news-list-2013-05-10-0.htm
http://www.ettoday.net/news/news-list-2014-06-15-0.htm
http://www.ettoday.net/news/news-list-2017-02-08-0.htm
http://www.ettoday.net/news/news-list-2017-03-20-0.htm
http://www.ettoday.net/news/news-list-2020-02-01-0.htm
http://www.ettoday.net/news/news-list-2020-04-06-0.htm
https://forum.ettoday.net/news/1739878
https://www.ettoday.net/news/20200330/1680044.htm?feature=大老闆傳奇-尹衍樑&tab_id=13274
https://www.ettoday.net/news/20200611/1735007.htm?feature=颱風&tab_id=1265
https://www.ettoday.net/news/20200612/1736417.htm?from=feature
http://www.ettoday.net/news/news-list-2012-05-25-0.htm
http://www.ettoday.net/news/news-list-2015-03-20-0.htm
https://www.ettoday.net/news/20190918/1538243.htm?feature=ufo&tab_id=942
https://www.ettoday.net/news/20200605/1738226.htm?feature=行銷雲&tab_id=14418
https://www.ettoday.net/news/20200616/1739013.htm
https://www.ettoday.net/news/20200617/1739845.htm
http://www.ettoday.net/news/news-list-2014-01-18-0.htm
http://www.ettoday.net/news/news-list-2015-10-31-0.htm
http://www.ettoday.net/news/news-list-2016-01-20-0.htm
http://www.ettoday.net/news/news-list-2018-01-08-0.htm
https://www.ettoday.net/dalemon/hot-news
https://www.ettoday.net/feature/尹食堂
https://www.ettoday.net/news/20120622/63346.htm?feature=ufo&tab_id=943
https://www.ettoday.net/news/20200516/1714724.htm?from=pctaglist 
https://www.ettoday.net/news/20200616/1738871.htm
http://www.ettoday.net/news/news-list-2013-06-07-0.htm
http://www.ettoday.net/news/news-list-2018-07-11-0.htm
http://www.ettoday.net/news/news-list-2019-12-20-0.htm
https://speed.ettoday.net/news/1739261
https://www.ettoday.net/feature/地震/1232/6
https://www.ettoday.net/news/20200216/1646940.htm?feature=大老闆傳奇-尹衍樑&tab_id=13274
https://www.ettoday.net/news/20200410/1688018.htm?from=pctaglist 
https://www.ettoday.net/news/20200424/1698897.htm?feature=王令麟&tab_id=1016
https://www.ettoday.net/news/20200527/1724146.htm?from=pctaglist 
https://www.ettoday.net/news/20200604/1729677.htm
https://www.ettoday.net/news/20200610/1734700.htm?feature=許崑源&tab_id=6197
http://www.ettoday.net/news/news-list-2013-09-27-0.htm
http://www.ettoday.net/news/news-list-2016-01-16-0.htm
http://www.ettoday.net/news/news-list-2017-07-15-0.htm
http://www.ettoday.net/news/news-list-2017-08-24-0.htm
http://www.ettoday.net/news/news-list-2019-12-29-0.htm
https://health.ettoday.net/news/1735324
https://www.ettoday.net/news/20190503/1433855.htm?from=pctaglist 
https://www.ettoday.net/news/focus/房產雲/生活美學/
http://www.ettoday.net/album/category-all-34.htm
http://www.ettoday.net/news/news-list-2012-01-18-0.htm
http://www.ettoday.net/news/news-list-2012-02-03-0.htm
http://www.ettoday.net/news/news-list-2012-03-05-0.htm
http://www.ettoday.net/news/news-list-2013-11-20-0.htm
http://www.ettoday.net/news/news-list-2016-02-08-0.htm
http://www.ettoday.net/news/news-list-2019-06-08-0.htm
https://www.ettoday.net/feature/聲林之王/4741/3
http://www.ettoday.net/news/news-list-2012-02-11-0.htm
http://www.ettoday.net/news/news-list-2012-04-21-0.htm
http://www.ettoday.net/news/news-list-2016-09-20-0.htm
http://www.ettoday.net/news/news-list-2019-08-12-0.htm
https://www.ettoday.net/news/20200403/1682987.htm?from=feature
https://www.ettoday.net/news/20200419/1693905.htm?feature=行銷雲&tab_id=14418
https://www.ettoday.net/news/tag/行政院/
http://www.ettoday.net/news/news-list-2012-01-31-0.htm
http://www.ettoday.net/news/news-list-2012-03-17-0.htm
http://www.ettoday.net/news/news-list-2017-01-19-0.htm
http://www.ettoday.net/news/news-list-2017-10-21-0.htm
https://www.ettoday.net/news/20200615/1737894.htm
https://www.ettoday.net/news/focus/國際/
http://www.ettoday.net/news/news-list-2015-04-17-0.htm
http://www.ettoday.net/news/news-list-2017-07-09-0.htm
https://www.ettoday.net/feature/地震/1496?tt=地震包相關報導
https://www.ettoday.net/news/20190824/1504424.htm?from=pctaglist 
https://www.ettoday.net/news/20191126/1588414.htm?from=pctaglist 
https://www.ettoday.net/news/20200616/1739344.htm
https://www.ettoday.net/news/tag/新冠肺炎/
http://www.ettoday.net/news/news-list-2012-10-11-0.htm
https://health.ettoday.net/news/1737590
https://www.ettoday.net/feature/劉真/12646/3
https://www.ettoday.net/news/20200529/1725648.htm?from=pctaglist 
https://www.ettoday.net/news/20200617/1739410.htm?ercamp=sorted_hot_news
http://www.ettoday.net/album/category-all-13.htm
http://www.ettoday.net/news/news-list-2012-06-03-0.htm
https://speed.ettoday.net/tag.phtml?tag=ETFerrari
https://www.ettoday.net/news/20200512/1712170.htm?from=pctaglist 
http://www.ettoday.net/changeReadType.php?rtype=0&rurl=http%3A%2F%2Fwww.ettoday.net%2Ffeature%2Fufo%2F943%3Ftt%3D%25E9%25BA%25A5%25E7%2594%25B0%25E5%259C%2588
http://www.ettoday.net/news/news-list-2018-01-12-0.htm
https://www.ettoday.net/news/20200415/1691592.htm?from=pctaglist 
https://www.ettoday.net/news/20200613/1737054.htm?from=pctaglist 
https://www.ettoday.net/news/20200617/1739852.htm?feature=周揚青&tab_id=2347
https://www.ettoday.net/news/focus/財經/電商/
http://www.ettoday.net/news/news-list-2012-12-02-0.htm
https://www.ettoday.net/news/20160910/772489.htm?feature=ufo&tab_id=941
https://www.ettoday.net/news/20200317/1668964.htm?from=pctaglist 
https://www.ettoday.net/news/focus/新奇/
https://www.ettoday.net/news/tag/時代力量/
http://www.ettoday.net/news/news-list-2012-02-02-0.htm
http://www.ettoday.net/news/news-list-2012-06-28-0.htm
http://www.ettoday.net/video/category-0-7.htm
https://house.ettoday.net/news/1730711
https://www.ettoday.net/feature/ufo/944/7
https://www.ettoday.net/news/20200617/1740299.htm
http://www.ettoday.net/album/category-all-89.htm
http://www.ettoday.net/news/news-list-2012-09-09-0.htm
http://www.ettoday.net/news/news-list-2018-08-19-0.htm
http://www.ettoday.net/news/news-list-2020-05-15-0.htm
https://www.ettoday.net/dalemon/post/49111
https://www.ettoday.net/news/20130223/166812.htm?feature=ufo&tab_id=945
https://www.ettoday.net/news/20181211/1328503.htm
http://www.ettoday.net/news/201911011203/1570110.htm
http://www.ettoday.net/news/news-list-2011-11-24-0.htm
http://www.ettoday.net/news/news-list-2016-01-09-0.htm
http://www.ettoday.net/news/news-list-2018-03-20-0.htm
https://health.ettoday.net/category_tag/恙蟲病健康
https://www.ettoday.net/dalemon/post/49288
https://www.ettoday.net/news/20190426/1430825.htm?feature=ufo&tab_id=940
https://www.ettoday.net/news/20200525/1722040.htm
https://www.ettoday.net/news/20200531/1726742.htm?from=feature
https://www.ettoday.net/news/20200617/1740189.htm
http://www.ettoday.net/news/news-list-2012-02-27-0.htm
http://www.ettoday.net/news/news-list-2012-05-21-0.htm
http://www.ettoday.net/news/news-list-2016-09-09-0.htm
http://www.ettoday.net/news/news-list-2018-06-16-0.htm
http://www.ettoday.net/news/news-list-2019-03-05-0.htm
http://www.ettoday.net/news/news-list-2019-05-07-0.htm
http://www.ettoday.net/news/news-list-2020-02-18-0.htm
https://travel.ettoday.net/focus/放眼海外/
https://www.ettoday.net/news/20181207/1325410.htm
https://www.ettoday.net/news/20191018/1559818.htm?from=pctaglist 
https://www.ettoday.net/news/20200615/1737793.htm
https://www.ettoday.net/news/20200617/1739854.htm
http://www.ettoday.net/news/news-list-2019-03-25-0.htm
https://www.ettoday.net/feature/劉真
https://www.ettoday.net/list.php?kind=1
https://www.ettoday.net/news/20190731/1502769.htm?feature=ufo&tab_id=945
https://www.ettoday.net/news/20200616/1739073.htm?ercamp=sorted_hot_news
https://www.ettoday.net/news/tag/赤尾青竹絲/
http://www.ettoday.net/news/news-list-2019-10-20-0.htm
http://www.ettoday.net/news/news-list-2019-11-02-0.htm
https://www.ettoday.net/news/20200616/1739232.htm?feature=金正恩&tab_id=1597
http://www.ettoday.net/news/news-list-2015-10-05-0.htm
http://www.ettoday.net/news/news-list-2016-11-28-0.htm
http://www.ettoday.net/news/news-list-2018-05-08-0.htm
https://forum.ettoday.net/newslist/681
https://www.ettoday.net/feature/ufo/942/2
https://www.ettoday.net/news/20190917/1536892.htm?from=feature
https://www.ettoday.net/news/20200612/1735935.htm?feature=金正恩&tab_id=1597
http://www.ettoday.net/news/news-list-2014-12-19-0.htm
http://www.ettoday.net/news/news-list-2015-12-11-0.htm
http://www.ettoday.net/news/news-list-2019-08-31-0.htm
https://www.ettoday.net/dalemon/post/50742
https://www.ettoday.net/news/20191229/1493385.htm?feature=ufo&tab_id=942
https://www.ettoday.net/news/20200609/1731070.htm?from=pctaglist 
http://www.ettoday.net/news/news-list-2013-09-02-0.htm
http://www.ettoday.net/news/news-list-2015-07-01-0.htm
http://www.ettoday.net/news/news-list-2016-05-21-0.htm
http://www.ettoday.net/news/news-list-2018-01-02-0.htm
https://www.ettoday.net/events/typhoon/report.php
https://www.ettoday.net/feature/戴資穎/1236/5
https://www.ettoday.net/news/20190222/1382589.htm?feature=ufo&tab_id=944
https://www.ettoday.net/news/20191223/1608529.htm?from=pctaglist 
https://www.ettoday.net/news/20200617/1739747.htm
https://www.ettoday.net/news/20200617/1739803.htm?feature=金正恩&tab_id=1597
https://www.ettoday.net/news/20200617/1740090.htm
http://www.ettoday.net/news/news-list-2014-09-06-0.htm
http://www.ettoday.net/news/news-list-2018-12-18-0.htm
https://www.ettoday.net/feature/index/0/3
https://www.ettoday.net/news/20190628/1470862.htm?from=pctaglist 
https://www.ettoday.net/news/20200608/1732864.htm
https://www.ettoday.net/news/20200610/1734156.htm?from=feature
https://www.ettoday.net/news/20200615/1738057.htm
https://www.ettoday.net/news/news-list-2020-06-17-9.htm
http://www.ettoday.net/news/news-list-2013-05-23-0.htm
http://www.ettoday.net/news/news-list-2017-05-16-0.htm
http://www.ettoday.net/news/news-list-2018-04-16-0.htm
http://www.ettoday.net/news/news-list-2019-01-29-0.htm
http://www.ettoday.net/news/news-list-2020-01-22-0.htm
https://www.ettoday.net/news/20181229/1343372.htm?feature=ufo&tab_id=942
https://www.ettoday.net/news/20200323/1665719.htm?from=pctaglist 
https://www.ettoday.net/news/20200603/1728785.htm?feature=大老闆傳奇-尹衍樑&tab_id=13274
https://www.ettoday.net/news/20200614/1737576.htm
https://www.ettoday.net/news/tag/變頻/
http://www.ettoday.net/news/news-list-2014-12-11-0.htm
https://www.ettoday.net/dalemon/editor-news/131
https://www.ettoday.net/news/20180904/1251028.htm?feature=ufo&tab_id=942
https://www.ettoday.net/news/20200130/1634432.htm?from=feature
https://www.ettoday.net/news/20200614/1737517.htm?feature=許崑源&tab_id=6197
https://www.ettoday.net/news/20200617/1739627.htm?ercamp=sorted_hot_news
http://www.ettoday.net/news/news-list-2014-11-03-0.htm
http://www.ettoday.net/news/news-list-2016-11-07-0.htm
https://health.ettoday.net/news/1739875
https://www.ettoday.net/news/20200616/1739349.htm
https://www.ettoday.net/news/20200617/1739800.htm
http://www.ettoday.net/changeReadType.php?rtype=0&rurl=http%3A%2F%2Fwww.ettoday.net%2Ffeature%2F%25E8%25A8%25B1%25E5%25B4%2591%25E6%25BA%2590
http://www.ettoday.net/changeReadType.php?rtype=0&rurl=http%3A%2F%2Fwww.ettoday.net%2Ffeature%2Fufo%2F940%3Ftt%3D%25E9%25A3%259B%25E7%25A2%259F%2520UFO
http://www.ettoday.net/news/news-list-2012-06-24-0.htm
http://www.ettoday.net/news/news-list-2014-03-13-0.htm
http://www.ettoday.net/news/news-list-2015-01-14-0.htm
http://www.ettoday.net/news/news-list-2018-06-29-0.htm
http://www.ettoday.net/news/news-list-2020-03-16-0.htm
https://www.ettoday.net//pets.ettoday.net
https://www.ettoday.net/feature/theyearof5g
https://www.ettoday.net/news/20200607/1732238.htm?from=pctaglist 
https://www.ettoday.net/news/20200613/1737093.htm
https://www.ettoday.net/news/20200617/1740111.htm
http://www.ettoday.net/news/news-list-2013-08-13-0.htm
http://www.ettoday.net/news/news-list-2013-10-18-0.htm
https://health.ettoday.net/news/1739706
https://www.ettoday.net/news/20190222/1383811.htm?feature=ufo&tab_id=940
https://www.ettoday.net/news/20200403/1683347.htm?from=feature
https://www.ettoday.net/news/20200616/1738840.htm
http://www.ettoday.net/album/category-all-129.htm
http://www.ettoday.net/news/news-list-2013-08-30-0.htm
http://www.ettoday.net/news/news-list-2015-08-02-0.htm
http://www.ettoday.net/news/news-list-2016-09-22-0.htm
https://www.ettoday.net/news/20180411/1147280.htm?ercamp=sorted_hot_news
https://www.ettoday.net/news/20200526/1723279.htm?from=feature
https://www.ettoday.net/news/20200617/1739433.htm
http://www.ettoday.net/news/news-list-2012-12-24-0.htm
http://www.ettoday.net/news/news-list-2015-11-15-0.htm
http://www.ettoday.net/news/news-list-2017-09-26-0.htm
https://www.ettoday.net/feature/金正恩/1597/6
https://www.ettoday.net/news/20190930/1546609.htm?feature=停班停課&tab_id=1270
https://www.ettoday.net/news/20200616/1739375.htm?from=feature
https://www.ettoday.net/news/tag/低薪/
http://www.ettoday.net/news/news-list-2014-03-11-0.htm
http://www.ettoday.net/news/news-list-2014-05-20-0.htm
http://www.ettoday.net/news/news-list-2015-08-23-0.htm
http://www.ettoday.net/news/news-list-2017-02-20-0.htm
http://www.ettoday.net/news/news-list-2017-10-22-0.htm
http://www.ettoday.net/news/news-list-2017-12-03-0.htm
http://www.ettoday.net/news/news-list-2019-08-21-0.htm
https://health.ettoday.net/news/1735690
https://www.ettoday.net/dalemon/latest-news
https://www.ettoday.net/feature/TDCC
https://www.ettoday.net/news/20200224/1651033.htm?from=pctaglist 
https://www.ettoday.net/news/20200613/1736844.htm?from=feature
http://www.ettoday.net/news/news-list-2016-10-18-0.htm
http://www.ettoday.net/news/news-list-2018-11-09-0.htm
https://www.ettoday.net/news/20200227/1652887.htm?feature=聲林之王&tab_id=4741
https://www.ettoday.net/news/20200402/1682786.htm?from=pctaglist 
http://www.ettoday.net/news/news-list-2012-08-14-0.htm
http://www.ettoday.net/news/news-list-2014-12-17-0.htm
https://www.ettoday.net/news/20200117/1614487.htm?from=pctaglist 
https://www.ettoday.net/news/20200526/1722253.htm
http://www.ettoday.net/news/news-list-2013-02-22-0.htm
http://www.ettoday.net/news/news-list-2013-04-22-0.htm
http://www.ettoday.net/news/news-list-2018-11-16-0.htm
http://www.ettoday.net/news/news-list-2019-09-15-0.htm
https://www.ettoday.net/feature/ufo/939/2
https://www.ettoday.net/news/20181011/1279324.htm?feature=ufo&tab_id=940
https://www.ettoday.net/news/20200301/1657058.htm
http://www.ettoday.net/album/category-all-152.htm
http://www.ettoday.net/news/news-list-2012-08-10-0.htm
http://www.ettoday.net/news/news-list-2014-08-28-0.htm
http://www.ettoday.net/news/news-list-2015-12-25-0.htm
http://www.ettoday.net/news/news-list-2020-01-27-0.htm
https://www.ettoday.net/news/20200519/1717526.htm?feature=王令麟&tab_id=1016
https://www.ettoday.net/news/20200617/1739960.htm
http://www.ettoday.net/changeReadType.php?rtype=1&rurl=http%3A%2F%2Fwww.ettoday.net%2Ffeature%2F%25E8%2586%259D%25E8%2593%258B%25E7%2597%259B%2F9447%3Ftt%3D%25E8%2586%259D%25E8%2593%258B%25E7%2597%259B
http://www.ettoday.net/news/news-list-2016-02-13-0.htm
https://discovery.ettoday.net/news/1734687
https://travel.ettoday.net/category/台灣小吃/
https://www.ettoday.net/dalemon/post/49980
https://www.ettoday.net/feature/covid19/14409?tt=新冠肺炎疫情數據
https://www.ettoday.net/news/20200525/1721778.htm?from=feature
https://www.ettoday.net/news/20200526/1723275.htm?from=feature
https://www.ettoday.net/news/tag/周刊王/
http://www.ettoday.net/album/category-all-94.htm
http://www.ettoday.net/news/news-list-2012-07-07-0.htm
http://www.ettoday.net/news/news-list-2013-07-21-0.htm
http://www.ettoday.net/news/news-list-2014-02-14-0.htm
http://www.ettoday.net/news/news-list-2017-01-23-0.htm
http://www.ettoday.net/news/news-list-2019-07-10-0.htm
https://health.ettoday.net/category_tag/照護健康
https://travel.ettoday.net/category/新竹/
https://www.ettoday.net/news/20200227/1654992.htm
https://www.ettoday.net/news/20200614/1737491.htm
https://www.ettoday.net/news/20200616/1738613.htm
https://www.ettoday.net/news/20200617/1739489.htm?ercamp=sorted_hot_news
https://www.ettoday.net/news/focus/民生消費/
http://www.ettoday.net/news/news-list-2013-09-22-0.htm
http://www.ettoday.net/news/news-list-2016-12-10-0.htm
https://forum.ettoday.net/news/1738780
https://travel.ettoday.net/category/台南美食/
https://www.ettoday.net/events/app/apk/ettoday/ETtoday_50503.apk
https://www.ettoday.net/news/20200617/1739384.htm
https://www.ettoday.net/news/20200617/1740050.htm
http://www.ettoday.net/album/category-all-142.htm
http://www.ettoday.net/news/news-list-2013-11-02-0.htm
http://www.ettoday.net/news/news-list-2014-07-24-0.htm
http://www.ettoday.net/news/news-list-2016-08-21-0.htm
https://discovery.ettoday.net/penname-newslist/296
https://www.ettoday.net/feature/index/0/8
https://www.ettoday.net/news/20200613/1737277.htm?from=feature
https://www.ettoday.net/news/20200616/1739106.htm
http://www.ettoday.net/news/news-list-2012-11-01-0.htm
http://www.ettoday.net/news/news-list-2013-03-21-0.htm
http://www.ettoday.net/news/news-list-2013-04-05-0.htm
http://www.ettoday.net/news/news-list-2013-04-28-0.htm
http://www.ettoday.net/news/news-list-2016-02-15-0.htm
http://www.ettoday.net/news/news-list-2017-11-24-0.htm
http://www.ettoday.net/news/news-list-2019-03-20-0.htm
https://health.ettoday.net/category_tag/狗健康
https://www.ettoday.net/news/20191218/1604782.htm?ercamp=sorted_hot_news
https://www.ettoday.net/news/20200330/1679983.htm?feature=大老闆傳奇-尹衍樑&tab_id=13274
http://www.ettoday.net/news/news-list-2013-01-18-0.htm
http://www.ettoday.net/news/news-list-2017-08-05-0.htm
https://www.ettoday.net/news/20190330/1411326.htm?feature=ufo&tab_id=939
https://www.ettoday.net/news/20200316/1668781.htm
https://www.ettoday.net/news/20200407/1685876.htm?from=pctaglist 
http://www.ettoday.net/news/news-list-2015-01-27-0.htm
https://www.ettoday.net/news/20200402/1674737.htm?from=pctaglist 
https://www.ettoday.net/news/20200516/1715389.htm
https://www.ettoday.net/news/20200617/1739886.htm?ercamp=sorted_hot_news
https://www.ettoday.net/news/tag/黃捷/
http://www.ettoday.net/news/news-list-2012-02-15-0.htm
http://www.ettoday.net/news/news-list-2013-06-29-0.htm
http://www.ettoday.net/news/news-list-2016-01-23-0.htm
http://www.ettoday.net/news/news-list-2017-08-07-0.htm
https://www.ettoday.net/news/20200604/1729678.htm
https://www.ettoday.net/news/20200617/1739797.htm
http://www.ettoday.net/news/news-list-2012-04-02-0.htm
http://www.ettoday.net/news/news-list-2018-03-14-0.htm
https://www.ettoday.net/news/20190916/1536631.htm?from=pctaglist 
http://www.ettoday.net/news/news-list-2012-02-05-0.htm
http://www.ettoday.net/news/news-list-2017-07-03-0.htm
http://www.ettoday.net/news/news-list-2017-07-07-0.htm
http://www.ettoday.net/news/news-list-2018-12-11-0.htm
https://www.ettoday.net/news/20200512/1712636.htm?feature=戴資穎&tab_id=1236
https://www.ettoday.net/news/20200611/1735504.htm
http://www.ettoday.net/about-ettoday.htm
http://www.ettoday.net/news/news-list-2012-12-04-0.htm
http://www.ettoday.net/news/news-list-2017-03-06-0.htm
http://www.ettoday.net/news/news-list-2018-01-19-0.htm
https://www.ettoday.net/dalemon/post/50043
https://www.ettoday.net/feature/Got7
https://www.ettoday.net/list.php?kind=7
https://www.ettoday.net/news/20200610/1734450.htm?feature=颱風&tab_id=1265
http://www.ettoday.net/album/category-all-136.htm
http://www.ettoday.net/news/news-list-2012-07-23-0.htm
http://www.ettoday.net/news/news-list-2014-08-01-0.htm
http://www.ettoday.net/news/news-list-2014-11-05-0.htm
http://www.ettoday.net/news/news-list-2017-10-06-0.htm
http://www.ettoday.net/news/news-list-2018-01-25-0.htm
http://www.ettoday.net/news/news-list-2018-04-08-0.htm
http://www.ettoday.net/news/news-list-2018-04-21-0.htm
http://www.ettoday.net/news/news-list-2019-10-09-0.htm
https://www.ettoday.net/feature/大老闆傳奇-尹衍樑/13274/2
https://www.ettoday.net/news/20200520/1718133.htm?feature=習近平&tab_id=4458
https://www.ettoday.net/news/20200610/1734878.htm?from=pctaglist 
https://www.ettoday.net/news/20200617/1740200.htm
http://www.ettoday.net/news/news-list-2014-04-29-0.htm
http://www.ettoday.net/news/news-list-2019-03-29-0.htm
https://www.ettoday.net//house.ettoday.net
https://www.ettoday.net/news/20200611/1735322.htm?feature=許崑源&tab_id=6197
http://www.ettoday.net/news/news-list-2017-12-05-0.htm
https://www.ettoday.net/news/20190712/1485685.htm?from=pctaglist 
https://www.ettoday.net/news/20190921/1540265.htm?feature=ufo&tab_id=939
https://www.ettoday.net/news/20200604/1730161.htm?from=pctaglist 
https://www.ettoday.net/news/20200617/1739685.htm
http://speed.ettoday.net/tag.phtml?tag=ETVolkswagen
http://www.ettoday.net/news/news-list-2011-11-29-0.htm
http://www.ettoday.net/news/news-list-2014-01-09-0.htm
https://www.ettoday.net/news/20200130/1634558.htm?from=pctaglist 
https://www.ettoday.net/news/news-list-2020-06-17-17.htm
https://www.ettoday.net/news/tag/陳致中/
http://www.ettoday.net/news/news-list-2015-06-04-0.htm
http://www.ettoday.net/news/news-list-2016-03-15-0.htm
https://www.ettoday.net/https://www.mirrormedia.mg/story/20200616ent016/
https://www.ettoday.net/news/20190503/1436245.htm?from=pctaglist 
https://www.ettoday.net/news/20200617/1739994.htm
http://www.ettoday.net/news/news-list-2013-11-23-0.htm
http://www.ettoday.net/news/news-list-2015-04-16-0.htm
http://www.ettoday.net/news/news-list-2015-12-09-0.htm
http://www.ettoday.net/news/news-list-2016-09-30-0.htm
https://www.ettoday.net/news/20180603/1182884.htm?feature=ufo&tab_id=941
https://www.ettoday.net/news/20200617/1739419.htm?ercamp=sorted_hot_news
https://www.ettoday.net/news/focus/體育/新品資訊/
http://www.ettoday.net/news/news-list-2012-06-10-0.htm
http://www.ettoday.net/news/news-list-2012-11-28-0.htm
http://www.ettoday.net/news/news-list-2014-05-18-0.htm
http://www.ettoday.net/news/news-list-2016-09-28-0.htm
http://www.ettoday.net/news/news-list-2017-02-03-0.htm
http://www.ettoday.net/news/news-list-2018-09-01-0.htm
http://www.ettoday.net/news/news-list-2018-09-11-0.htm
https://www.ettoday.net/news/20190330/1410784.htm?ercamp=sorted_hot_news
https://www.ettoday.net/news/20200612/1736434.htm?from=feature
https://www.ettoday.net/news/20200617/1739568.htm
https://www.ettoday.net/news/focus/體育/
http://www.ettoday.net/news/news-list-2012-06-13-0.htm
http://www.ettoday.net/news/news-list-2013-09-29-0.htm
http://www.ettoday.net/news/news-list-2014-09-15-0.htm
https://www.ettoday.net/feature/index/0/4
https://www.ettoday.net/news/20190614/1467317.htm?from=pctaglist 
https://www.ettoday.net/news/20200614/1737370.htm
https://www.ettoday.net/news/20200617/1739613.htm
http://www.ettoday.net/album/category-all-53.htm
http://www.ettoday.net/news/news-list-2011-11-13-0.htm
http://www.ettoday.net/news/news-list-2016-06-11-0.htm
http://www.ettoday.net/news/news-list-2017-02-21-0.htm
https://health.ettoday.net/category/兩性/3
https://www.ettoday.net/news/20200428/1701843.htm?from=pctaglist 
https://www.ettoday.net/news/20200603/1728772.htm?from=pctaglist 
https://www.ettoday.net/news/20200610/1734423.htm?from=pctaglist 
http://speed.ettoday.net/tag.phtml?tag=ETGogoro
http://speed.ettoday.net/tag.phtml?tag=ETKTM
http://www.ettoday.net/album/category-all-54.htm
http://www.ettoday.net/news/news-list-2013-11-25-0.htm
http://www.ettoday.net/news/news-list-2014-08-29-0.htm
http://www.ettoday.net/news/news-list-2016-06-22-0.htm
http://www.ettoday.net/news/news-list-2016-08-27-0.htm
http://www.ettoday.net/news/news-list-2017-02-24-0.htm
http://www.ettoday.net/news/news-list-2019-05-09-0.htm
https://health.ettoday.net/news/1739812
https://www.ettoday.net/dalemon
https://www.ettoday.net/feature/paeksangartsawards
https://www.ettoday.net/news/20190418/1425342.htm?feature=ufo&tab_id=940
http://www.ettoday.net/news/news-list-2012-09-25-0.htm
http://www.ettoday.net/news/news-list-2013-12-05-0.htm
http://www.ettoday.net/news/news-list-2019-10-26-0.htm
https://www.ettoday.net/dalemon/post/49974
https://www.ettoday.net/news/20191011/1554813.htm?feature=ufo&tab_id=939
https://www.ettoday.net/news/20200603/1728678.htm?from=feature
https://www.ettoday.net/news/20200612/1736644.htm?feature=許崑源&tab_id=6197
https://www.ettoday.net/news/20200617/1739802.htm
http://www.ettoday.net/news/news-list-2015-10-28-0.htm
http://www.ettoday.net/news/news-list-2017-07-16-0.htm
http://www.ettoday.net/news/news-list-2019-04-13-0.htm
http://www.ettoday.net/news/news-list-2019-10-08-0.htm
https://speed.ettoday.net//www.ettoday.net
https://www.ettoday.net/feature/韓國瑜/1682/4
https://www.ettoday.net/news/20200430/1703766.htm?feature=戴資穎&tab_id=1236
https://www.ettoday.net/news/20200617/1740206.htm
http://www.ettoday.net/member/clause_duty.php
http://www.ettoday.net/news/news-list-2013-09-16-0.htm
http://www.ettoday.net/news/news-list-2014-03-19-0.htm
http://www.ettoday.net/news/news-list-2016-04-04-0.htm
http://www.ettoday.net/news/news-list-2017-12-01-0.htm
https://travel.ettoday.net/category/七夕特輯/
https://www.ettoday.net/dalemon/post/50018
https://www.ettoday.net/news/20180801/1224336.htm?from=pctaglist 
http://www.ettoday.net/news/news-list-2013-06-19-0.htm
http://www.ettoday.net/news/news-list-2018-08-04-0.htm
http://www.ettoday.net/video/category-0-4.htm
http://www.ettoday.net/changeReadType.php?rtype=0&rurl=http%3A%2F%2Fwww.ettoday.net%2Ffeature%2Fufo%2F938%3Ftt%3DX%25E6%25AA%2594%25E6%25A1%2588
http://www.ettoday.net/news/news-list-2014-07-03-0.htm
https://www.ettoday.net/news/20200405/1684418.htm?from=pctaglist 
https://www.ettoday.net/news/20200514/1713516.htm?from=pctaglist 
https://www.ettoday.net/news/20200524/1721344.htm?feature=戴資穎&tab_id=1236
https://www.ettoday.net/news/20200616/1739413.htm
https://www.ettoday.net/news/focus/3C家電/科技生活/
http://speed.ettoday.net/tag.phtml?tag=ETBugatti
http://www.ettoday.net/news/news-list-2018-08-23-0.htm
https://www.ettoday.net/feature/我的大叔
https://www.ettoday.net/news/20181223/1338088.htm?from=pctaglist 
https://www.ettoday.net/news/20200615/1738413.htm
http://www.ettoday.net/news/news-list-2012-10-14-0.htm
http://www.ettoday.net/news/news-list-2015-06-19-0.htm
http://www.ettoday.net/news/news-list-2016-05-18-0.htm
https://health.ettoday.net/news/1738765
https://www.ettoday.net/news/20200422/1697757.htm?from=pctaglist 
https://discovery.ettoday.net/news/1740046
https://www.ettoday.net/feature/ufo/940/7
https://www.ettoday.net/news/20190808/1509141.htm?from=pctaglist 
https://www.ettoday.net/news/20200617/1739447.htm?from=pctaglist 
https://www.ettoday.net/news/20200617/1739546.htm
https://www.ettoday.net/news/tag/英駐台辦/
http://www.ettoday.net/album/category-all-135.htm
http://www.ettoday.net/news/news-list-2018-01-22-0.htm
https://travel.ettoday.net/category/熱血行腳/
https://www.ettoday.net/feature/index/10
https://www.ettoday.net/news/20200125/1632736.htm?from=feature
https://www.ettoday.net/news/20200616/1739235.htm
https://www.ettoday.net/news/20200617/1739602.htm?ercamp=sorted_hot_news
https://www.ettoday.net/news/focus/大陸/
http://www.ettoday.net/news/news-list-2013-03-29-0.htm
http://www.ettoday.net/news/news-list-2013-04-14-0.htm
http://www.ettoday.net/news/news-list-2015-08-27-0.htm
http://www.ettoday.net/news/news-list-2017-08-02-0.htm
http://www.ettoday.net/news/news-list-2019-08-22-0.htm
http://www.ettoday.net/news/news-list-2019-12-25-0.htm
https://health.ettoday.net/news/1739072
https://travel.ettoday.net/article/1739052.htm
https://www.ettoday.net/news/20190823/1519853.htm?from=pctaglist 
https://www.ettoday.net/news/20200608/1732410.htm?feature=台北電影節&tab_id=4352
http://www.ettoday.net/news/news-list-2013-05-05-0.htm
http://www.ettoday.net/news/news-list-2013-08-12-0.htm
https://www.ettoday.net/news/20191121/1585160.htm?from=pctaglist 
https://www.ettoday.net/news/20200616/1739136.htm?ercamp=sorted_hot_news
http://www.ettoday.net/album/category-all-88.htm
http://www.ettoday.net/news/news-list-2014-05-22-0.htm
http://www.ettoday.net/news/news-list-2014-10-22-0.htm
http://www.ettoday.net/news/news-list-2015-03-25-0.htm
http://www.ettoday.net/news/news-list-2020-04-24-0.htm
https://www.ettoday.net/news/20200415/1690203.htm?from=pctaglist 
http://www.ettoday.net/album/category-all-44.htm
http://www.ettoday.net/news/news-list-2015-06-13-0.htm
http://www.ettoday.net/news/news-list-2016-02-03-0.htm
http://www.ettoday.net/news/news-list-2016-05-16-0.htm
https://forum.ettoday.net/column/news/趙春山
https://health.ettoday.net/category_tag/進口食品攻防戰
https://www.ettoday.net/news/20190628/1476897.htm?feature=ufo&tab_id=941
https://www.ettoday.net/news/20190814/1512390.htm?from=pctaglist 
https://www.ettoday.net/news/20200427/1699660.htm
https://www.ettoday.net/news/20200527/1723908.htm?from=feature
https://www.ettoday.net/news/20200609/1733458.htm
https://www.ettoday.net/news/20200616/1738542.htm
http://www.ettoday.net/news/news-list-2014-07-02-0.htm
http://www.ettoday.net/news/news-list-2016-10-11-0.htm
http://www.ettoday.net/news/news-list-2017-08-31-0.htm
https://www.ettoday.net/feature/babaqunaer
https://www.ettoday.net/news/20200617/1740269.htm
http://www.ettoday.net/news/news-list-2017-12-24-0.htm
http://www.ettoday.net/news/news-list-2019-07-12-0.htm
https://health.ettoday.net/news/1732755
https://www.ettoday.net/news/20200301/1657161.htm
https://www.ettoday.net/news/20200324/1675172.htm?from=pctaglist 
http://www.ettoday.net/news/news-list-2014-04-19-0.htm
http://www.ettoday.net/news/news-list-2018-12-17-0.htm
https://forum.ettoday.net/news/1739597
https://www.ettoday.net/news/20130717/242613.htm?from=pctaglist 
https://www.ettoday.net/news/20191205/1595116.htm?from=pctaglist 
http://www.ettoday.net/news/news-list-2014-09-19-0.htm
http://www.ettoday.net/news/news-list-2015-04-13-0.htm
http://www.ettoday.net/news/news-list-2018-03-29-0.htm
https://www.ettoday.net/feature/韓國瑜/1682/7
https://www.ettoday.net/news/20191024/1563957.htm?from=pctaglist 
https://www.ettoday.net/news/20200519/1718039.htm?feature=地震&tab_id=1232
https://www.ettoday.net/news/20200616/1739169.htm?ercamp=sorted_hot_news
http://www.ettoday.net/news/news-list-2013-08-08-0.htm
http://www.ettoday.net/news/news-list-2018-04-28-0.htm
http://www.ettoday.net/news/news-list-2018-09-29-0.htm
https://www.ettoday.net/news/20191017/1558516.htm?from=pctaglist 
https://www.ettoday.net/news/20200413/1690352.htm?from=pctaglist 
https://www.ettoday.net/news/20200615/1738094.htm?feature=金正恩&tab_id=1597
https://www.ettoday.net/news/20200617/1739897.htm
https://www.ettoday.net/news/20200617/1740269.htm?ercamp=sorted_hot_news
https://www.ettoday.net/news/20200617/1740270.htm
http://www.ettoday.net/changeReadType.php?rtype=0&rurl=http%3A%2F%2Fwww.ettoday.net%2Ffeature%2Fufo%2F945%3Ftt%3D%25E5%258D%2593%25E6%259F%258F%25E5%258D%25A1%25E5%25B8%2583%25E6%258B%2589
http://www.ettoday.net/news/news-list-2012-12-01-0.htm
http://www.ettoday.net/news/news-list-2015-02-10-0.htm
http://www.ettoday.net/news/news-list-2017-05-08-0.htm
http://www.ettoday.net/news/news-list-2018-08-18-0.htm
http://www.ettoday.net/news/news-list-2018-11-04-0.htm
https://house.ettoday.net/focus/社區故事/
https://www.ettoday.net/news/20200520/1718380.htm?from=pctaglist 
https://www.ettoday.net/news/20200525/1722271.htm?feature=ufo&tab_id=943
https://www.ettoday.net/news/20200617/1740061.htm
https://www.ettoday.net/news/20200617/1740067.htm?ercamp=sorted_hot_news
http://www.ettoday.net/news/news-list-2016-01-03-0.htm
http://www.ettoday.net/news/news-list-2017-03-01-0.htm
http://www.ettoday.net/news/news-list-2018-12-09-0.htm
http://www.ettoday.net/news/news-list-2019-03-23-0.htm
http://www.ettoday.net/news/news-list-2019-04-27-0.htm
http://www.ettoday.net/news/news-list-2020-06-06-0.htm
https://health.ettoday.net/category/中醫
https://www.ettoday.net/news/20200527/1723686.htm?from=feature
https://www.ettoday.net/news/20200601/1727629.htm?from=pctaglist 
https://www.ettoday.net/news/20200614/1737340.htm
https://www.ettoday.net/news/20200617/1740191.htm
http://www.ettoday.net/news/news-list-2018-04-07-0.htm
http://www.ettoday.net/news/news-list-2018-05-06-0.htm
http://www.ettoday.net/news/news-list-2018-08-31-0.htm
http://www.ettoday.net/news/news-list-2020-06-12-0.htm
https://pets.ettoday.net/video/125/219028
https://www.ettoday.net/dalemon/post/49068
https://www.ettoday.net/feature/index/13
https://www.ettoday.net/news/20191018/1559708.htm?from=pctaglist 
https://www.ettoday.net/news/20200227/1655568.htm
https://www.ettoday.net/news/20200516/1714724.htm
https://www.ettoday.net/news/20200611/1735651.htm
http://www.ettoday.net/news/news-list-2015-12-02-0.htm
http://www.ettoday.net/news/news-list-2017-02-12-0.htm
http://www.ettoday.net/news/news-list-2018-08-01-0.htm
http://www.ettoday.net/news/news-list-2018-08-17-0.htm
https://www.ettoday.net/news/20200613/1737170.htm
https://www.ettoday.net/news/20200617/1740319.htm
http://www.ettoday.net/news/news-list-2016-10-24-0.htm
https://travel.ettoday.net/category/達人旅遊/
https://www.ettoday.net/news/20200612/1736635.htm?from=pctaglist 
https://www.ettoday.net/news/20200617/1740326.htm
http://www.ettoday.net/album/category-all-82.htm
https://www.ettoday.net/dalemon/post/50721
https://www.ettoday.net/news/20200525/1721844.htm?feature=習近平&tab_id=4458
https://www.ettoday.net/news/20200617/1739493.htm?feature=地震&tab_id=1232
http://www.ettoday.net/changeReadType.php?rtype=0&rurl=http%3A%2F%2Fwww.ettoday.net%2Ffeature%2Fdoh
http://www.ettoday.net/news/news-list-2012-05-05-0.htm
http://www.ettoday.net/news/news-list-2015-04-01-0.htm
http://www.ettoday.net/news/news-list-2015-12-31-0.htm
https://pets.ettoday.net/news/1729678
https://travel.ettoday.net/article/1737664.htm
https://www.ettoday.net/news/20200415/1692356.htm?from=pctaglist 
https://www.ettoday.net/news/tag/竊盜/
http://www.ettoday.net/news/news-list-2011-12-06-0.htm
http://www.ettoday.net/news/news-list-2016-01-24-0.htm
http://www.ettoday.net/news/news-list-2016-08-12-0.htm
http://www.ettoday.net/news/news-list-2016-09-12-0.htm
https://www.ettoday.net/news/20180819/1238832.htm?feature=ufo&tab_id=943
https://www.ettoday.net/news/20200307/1662186.htm
http://www.ettoday.net/album/photo-2-3322.htm
http://www.ettoday.net/news/news-list-2012-11-26-0.htm
http://www.ettoday.net/news/news-list-2014-01-24-0.htm
http://www.ettoday.net/news/news-list-2020-05-18-0.htm
https://health.ettoday.net/news/1726092
https://www.ettoday.net/news/20140301/329802.htm?from=feature
https://www.ettoday.net/news/20181223/1338089.htm?from=pctaglist 
https://www.ettoday.net/news/tag/青蛇/
http://www.ettoday.net/album/category-all-147.htm
http://www.ettoday.net/news/news-list-2014-07-30-0.htm
http://www.ettoday.net/news/news-list-2015-10-16-0.htm
https://health.ettoday.net/news/1732286
https://www.ettoday.net/feature/bighead2019
https://www.ettoday.net/news/20200616/1739295.htm?ercamp=sorted_hot_news
http://www.ettoday.net/news/news-list-2011-10-18-0.htm
http://www.ettoday.net/news/news-list-2018-03-28-0.htm
http://www.ettoday.net/video/category-0-2.htm
https://www.ettoday.net/news/20190604/1459492.htm?feature=ufo&tab_id=938
https://www.ettoday.net/news/20200520/1718633.htm?feature=習近平&tab_id=4458
https://www.ettoday.net/news/tag/回饋/
http://www.ettoday.net/news/news-list-2013-05-18-0.htm
http://www.ettoday.net/news/news-list-2014-05-27-0.htm
http://www.ettoday.net/news/news-list-2015-03-21-0.htm
https://health.ettoday.net/news/1736481
https://pets.ettoday.net/video
https://travel.ettoday.net/category/屏東/
https://www.ettoday.net/news/20200405/1684035.htm?from=feature
https://www.ettoday.net/news/20200617/1739966.htm?ercamp=sorted_hot_news
http://www.ettoday.net/news/news-list-2013-09-01-0.htm
http://www.ettoday.net/news/news-list-2014-10-28-0.htm
http://www.ettoday.net/news/news-list-2016-03-14-0.htm
https://forum.ettoday.net/news/1739093
https://www.ettoday.net/news/20171030/1041829.htm?from=pctaglist 
https://www.ettoday.net/news/20180108/1088278.htm?feature=膝蓋痛&tab_id=9447
https://www.ettoday.net/news/20190418/1425342.htm?feature=ufo&tab_id=939
https://www.ettoday.net/news/20200605/1730707.htm
https://www.ettoday.net/news/20200613/1737186.htm?from=feature
http://www.ettoday.net/news/news-list-2013-12-25-0.htm
http://www.ettoday.net/news/news-list-2016-11-06-0.htm
http://www.ettoday.net/news/news-list-2018-07-09-0.htm
http://www.ettoday.net/news/news-list-2020-05-11-0.htm
https://forum.ettoday.net/newslist/282
https://www.ettoday.net/news/20141221/438968.htm?feature=ufo&tab_id=943
https://www.ettoday.net/news/20200617/1739298.htm
https://www.ettoday.net/news/20200617/1740018.htm?from=feature
http://www.ettoday.net/album/category-all-2.htm
http://www.ettoday.net/news/news-list-2014-06-30-0.htm
http://www.ettoday.net/news/news-list-2016-08-01-0.htm
https://www.ettoday.net/news/20200429/1702427.htm?feature=ufo&tab_id=941
https://www.ettoday.net/news/20200528/1724805.htm?from=pctaglist 
http://www.ettoday.net/news/news-list-2016-07-14-0.htm
http://www.ettoday.net/news/news-list-2017-05-10-0.htm
http://www.ettoday.net/news/news-list-2017-12-13-0.htm
http://www.ettoday.net/news/news-list-2018-04-05-0.htm
https://www.ettoday.net/news/tag/花蓮慈濟醫院/
https://www.ettoday.net/news/tag/雨彈/
https://www.ettoday.net/news/tag/高雄科技大學/
https://www.ettoday.net/survey.php?id=454
http://www.ettoday.net/news/news-list-2017-10-28-0.htm
http://www.ettoday.net/news/news-list-2018-02-01-0.htm
https://www.ettoday.net/news/20181224/1335301.htm?ercamp=sorted_hot_news
https://www.ettoday.net/news/20190622/1473149.htm?feature=ufo&tab_id=939
https://www.ettoday.net/news/20200614/1737347.htm
https://www.ettoday.net/news/focus/社會/保障人權/
http://www.ettoday.net/album/photo-1-3243.htm
http://www.ettoday.net/news/news-list-2015-03-16-0.htm
http://www.ettoday.net/news/news-list-2016-04-19-0.htm
http://www.ettoday.net/news/news-list-2019-02-15-0.htm
http://www.ettoday.net/news/news-list-2020-05-29-0.htm
https://www.ettoday.net/news/20190731/1502467.htm?from=pctaglist 
https://www.ettoday.net/news/20200515/1715281.htm?feature=台北電影節&tab_id=4352
http://www.ettoday.net/news/news-list-2012-12-03-0.htm
http://www.ettoday.net/news/news-list-2015-02-02-0.htm
http://www.ettoday.net/news/news-list-2015-10-10-0.htm
http://www.ettoday.net/news/news-list-2019-01-15-0.htm
http://www.ettoday.net/news/news-list-2019-07-01-0.htm
http://www.ettoday.net/news/news-list-2019-11-03-0.htm
https://www.ettoday.net/news/20200303/1658009.htm
https://www.ettoday.net/news/20200615/1738172.htm?ercamp=sorted_hot_news
http://www.ettoday.net/news/news-list-2016-03-03-0.htm
http://www.ettoday.net/news/news-list-2017-11-27-0.htm
http://www.ettoday.net/news/news-list-2019-10-19-0.htm
https://forum.ettoday.net/news/1727095
https://www.ettoday.net/news/20200504/1706153.htm?from=pctaglist 
https://www.ettoday.net/news/20200612/1736262.htm?from=pctaglist 
https://www.ettoday.net/news/20200617/1739881.htm
http://www.ettoday.net/news/news-list-2012-08-13-0.htm
http://www.ettoday.net/news/news-list-2015-03-01-0.htm
http://www.ettoday.net/news/news-list-2019-08-16-0.htm
https://discovery.ettoday.net/news/1733080
https://www.ettoday.net/news/20200617/1739014.htm
https://www.ettoday.net/news/20200617/1740163.htm
http://www.ettoday.net/news/news-list-2012-06-02-0.htm
http://www.ettoday.net/news/news-list-2014-04-16-0.htm
http://www.ettoday.net/news/news-list-2014-08-06-0.htm
http://www.ettoday.net/news/news-list-2014-08-12-0.htm
http://www.ettoday.net/news/news-list-2014-12-04-0.htm
http://www.ettoday.net/news/news-list-2017-04-24-0.htm
https://www.ettoday.net/news/20190506/1437921.htm?from=pctaglist 
http://www.ettoday.net/news/news-list-2012-11-30-0.htm
http://www.ettoday.net/news/news-list-2014-05-02-0.htm
http://www.ettoday.net/news/news-list-2015-01-13-0.htm
http://www.ettoday.net/news/news-list-2015-01-18-0.htm
http://www.ettoday.net/news/news-list-2017-03-16-0.htm
http://www.ettoday.net/news/news-list-2017-07-06-0.htm
http://www.ettoday.net/news/news-list-2018-05-04-0.htm
http://www.ettoday.net/news/news-list-2019-09-14-0.htm
http://www.ettoday.net/news/news-list-2020-01-11-0.htm
https://www.ettoday.net/dalemon/submission
https://www.ettoday.net/feature/停班停課/1270/3
https://www.ettoday.net/news/20200114/1625450.htm?from=pctaglist 
https://www.ettoday.net/news/20200615/1738378.htm
http://www.ettoday.net/news/news-list-2012-02-23-0.htm
http://www.ettoday.net/news/news-list-2012-03-06-0.htm
http://www.ettoday.net/news/news-list-2013-05-19-0.htm
https://www.ettoday.net/news/20200617/1739987.htm
http://www.ettoday.net/news/news-list-2016-12-18-0.htm
https://speed.ettoday.net/news/1739294
https://www.ettoday.net/news/20180614/1190736.htm?from=pctaglist 
https://www.ettoday.net/news/20200313/1667000.htm
https://www.ettoday.net/news/20200613/1736290.htm?from=pctaglist 
https://www.ettoday.net/news/20200617/1739671.htm
http://www.ettoday.net/news/news-list-2014-12-05-0.htm
http://www.ettoday.net/news/news-list-2015-04-08-0.htm
http://www.ettoday.net/news/news-list-2017-12-30-0.htm
http://www.ettoday.net/news/news-list-2020-03-31-0.htm
http://www.ettoday.net/news/news-list-2020-05-03-0.htm
https://travel.ettoday.net/category/四國旅遊/
https://travel.ettoday.net/category/美食好康分享/
https://www.ettoday.net/news/20200603/1729204.htm?feature=大老闆傳奇-尹衍樑&tab_id=13274
http://www.ettoday.net/album/category-all-134.htm
http://www.ettoday.net/album/category-all-36.htm
http://www.ettoday.net/news/news-list-2012-02-21-0.htm
http://www.ettoday.net/news/news-list-2012-04-19-0.htm
https://www.ettoday.net/news/20191220/1606422.htm?from=pctaglist 
http://www.ettoday.net/news/news-list-2014-08-30-0.htm
https://house.ettoday.net/news/1739953
https://www.ettoday.net/news/20200103/1616518.htm?from=pctaglist 
https://www.ettoday.net/news/20200315/1668168.htm
http://www.ettoday.net/album/category-all-127.htm
http://www.ettoday.net/news/news-list-2017-04-27-0.htm
http://www.ettoday.net/news/news-list-2018-11-28-0.htm
http://www.ettoday.net/news/news-list-2020-01-16-0.htm
https://www.ettoday.net/news/20200616/1734409.htm?from=pctaglist 
https://www.ettoday.net/news/20200616/1739188.htm
https://www.ettoday.net/news/20200617/1739688.htm
http://www.ettoday.net/album/photo-3-2510.htm
http://www.ettoday.net/news/news-list-2015-03-05-0.htm
http://www.ettoday.net/news/news-list-2017-06-18-0.htm
http://www.ettoday.net/news/news-list-2017-09-03-0.htm
http://www.ettoday.net/news/news-list-2018-02-07-0.htm
https://www.ettoday.net/news/20190618/1469766.htm
https://www.ettoday.net/news/20200611/1735248.htm?feature=颱風&tab_id=1265
https://www.ettoday.net/news/tag/蘇貞昌/
http://www.ettoday.net/news/news-list-2013-04-27-0.htm
http://www.ettoday.net/news/news-list-2014-03-30-0.htm
http://www.ettoday.net/news/news-list-2015-06-11-0.htm
http://www.ettoday.net/news/news-list-2018-03-04-0.htm
http://www.ettoday.net/news/news-list-2015-12-03-0.htm
http://www.ettoday.net/news/news-list-2016-05-04-0.htm
http://www.ettoday.net/news/news-list-2016-09-17-0.htm
http://www.ettoday.net/news/news-list-2020-02-08-0.htm
https://www.ettoday.net/category.php?type=1
https://www.ettoday.net/changeReadType.php?rtype=0&rurl=https%3A%2F%2Fforum.ettoday.net%2F
https://www.ettoday.net/news/20200617/1739495.htm
http://www.ettoday.net/news/news-list-2013-07-06-0.htm
http://www.ettoday.net/news/news-list-2016-03-12-0.htm
http://www.ettoday.net/news/news-list-2017-08-28-0.htm
http://www.ettoday.net/news/news-list-2019-02-10-0.htm
http://www.ettoday.net/news/news-list-2019-06-26-0.htm
https://www.ettoday.net/news/20190214/1378071.htm?feature=ufo&tab_id=942
https://www.ettoday.net/news/20200521/1719512.htm
https://www.ettoday.net/news/20200617/1740167.htm
http://www.ettoday.net/news/news-list-2012-12-25-0.htm
http://www.ettoday.net/news/news-list-2017-08-18-0.htm
https://www.ettoday.net/news/20190411/1410177.htm?ercamp=sorted_hot_news
https://www.ettoday.net/news/20200528/1727589.htm?feature=行銷雲&tab_id=14418
https://www.ettoday.net/news/20200611/1735300.htm
https://www.ettoday.net/news/20200616/1739297.htm?ercamp=sorted_hot_news
https://www.ettoday.net/news/20200617/1740209.htm?ercamp=sorted_hot_news
https://www.ettoday.net/news/20200617/1740257.htm
https://www.ettoday.net/news/focus/國際/國際社會/
http://www.ettoday.net/news/news-list-2012-10-30-0.htm
http://www.ettoday.net/news/news-list-2018-08-24-0.htm
https://forum.ettoday.net/column/news/黃奎博
https://www.ettoday.net/feature/王令麟/1016/6
https://www.ettoday.net/news/20200606/1731532.htm?from=pctaglist 
http://speed.ettoday.net/tag.phtml?tag=ETSubaru
http://www.ettoday.net/news/news-list-2013-04-18-0.htm
http://www.ettoday.net/news/news-list-2014-12-29-0.htm
http://www.ettoday.net/news/news-list-2015-07-30-0.htm
http://www.ettoday.net/news/news-list-2015-10-04-0.htm
http://www.ettoday.net/news/news-list-2017-10-07-0.htm
http://www.ettoday.net/news/news-list-2018-05-15-0.htm
http://www.ettoday.net/news/news-list-2018-11-05-0.htm
https://health.ettoday.net/category_tag/孕婦健康
https://health.ettoday.net/news/1732934
https://www.ettoday.net/dalemon/post/50365
https://www.ettoday.net/news/20200401/1682081.htm?from=feature
https://www.ettoday.net/news/20200420/1696046.htm?from=pctaglist 
https://www.ettoday.net/news/20200514/1713935.htm?feature=ufo&tab_id=938
https://www.ettoday.net/news/20200613/1737217.htm?from=feature
https://www.ettoday.net/news/20200617/1739670.htm
https://www.ettoday.net/news/20200617/1740277.htm
https://www.ettoday.net/news/20200617/1740317.htm
http://www.ettoday.net/album/category-all-65.htm
http://www.ettoday.net/news/news-list-2017-06-20-0.htm
http://www.ettoday.net/news/news-list-2017-06-24-0.htm
https://www.ettoday.net//boba.ettoday.net
https://www.ettoday.net/news/20190210/1350540.htm?feature=ufo&tab_id=940
https://www.ettoday.net/news/20200606/1731649.htm?feature=習近平&tab_id=4458
http://www.ettoday.net/album/category-all-124.htm
http://www.ettoday.net/news/201911011147/1570072.htm
http://www.ettoday.net/news/news-list-2012-01-05-0.htm
http://www.ettoday.net/news/news-list-2015-02-17-0.htm
http://www.ettoday.net/news/news-list-2015-05-07-0.htm
http://www.ettoday.net/news/news-list-2019-03-27-0.htm
https://www.ettoday.net/news/20200612/1736543.htm?feature=颱風&tab_id=1265
https://www.ettoday.net/news/20200614/1737351.htm?from=pctaglist 
https://www.ettoday.net/news/20200615/1737787.htm
https://www.ettoday.net/news/20200616/1739413.htm?ercamp=sorted_hot_news
https://www.ettoday.net/news/tag/嘉嘉南/
http://www.ettoday.net/news/news-list-2018-07-05-0.htm
http://www.ettoday.net/news/news-list-2020-05-25-0.htm
https://www.ettoday.net/news/20200211/1643354.htm?from=pctaglist 
https://www.ettoday.net/news/20200528/1719921.htm?from=pctaglist 
https://www.ettoday.net/news/20200616/1739218.htm
http://www.ettoday.net/news/news-list-2013-12-04-0.htm
http://www.ettoday.net/news/news-list-2016-06-06-0.htm
http://www.ettoday.net/news/news-list-2016-12-27-0.htm
https://www.ettoday.net/news/20190906/1529641.htm?feature=ufo&tab_id=938
https://www.ettoday.net/news/20200310/1664317.htm?feature=王令麟&tab_id=1016
https://www.ettoday.net/news/20200612/1736042.htm
http://www.ettoday.net/news/news-list-2012-09-30-0.htm
http://www.ettoday.net/news/news-list-2014-12-16-0.htm
https://discovery.ettoday.net/news/1730918
http://www.ettoday.net/news/news-list-2013-06-13-0.htm
http://www.ettoday.net/news/news-list-2014-02-24-0.htm
http://www.ettoday.net/news/news-list-2015-04-24-0.htm
http://www.ettoday.net/news/news-list-2015-04-28-0.htm
https://speed.ettoday.net/https://speed.ettoday.net
https://www.ettoday.net/get-express-2.php
https://www.ettoday.net/news/20200616/1738274.htm?ercamp=sorted_hot_news
https://www.ettoday.net/news/20200616/1738727.htm?ercamp=sorted_hot_news
https://www.ettoday.net/news/20200617/1739609.htm
https://www.ettoday.net/news/20200617/1740021.htm
http://www.ettoday.net/news/news-list-2018-02-16-0.htm
http://www.ettoday.net/news/news-list-2018-07-20-0.htm
https://discovery.ettoday.net/focus/職場甘苦
https://travel.ettoday.net/category/台灣特色/
https://www.ettoday.net/https://www.mirrormedia.mg/story/20200615inv011/index.html?utm_source=feed_related&amp;utm_medium=ettoday
https://www.ettoday.net/news/20191120/1584196.htm?from=pctaglist 
https://www.ettoday.net/news/20200305/1660141.htm?feature=聲林之王&tab_id=4741
https://www.ettoday.net/news/20200609/1733957.htm?feature=周揚青&tab_id=2347
https://www.ettoday.net/news/20200617/1740265.htm
http://www.ettoday.net/news/news-list-2012-02-04-0.htm
http://www.ettoday.net/news/news-list-2019-10-23-0.htm
https://health.ettoday.net/category_tag/牙齒健康
https://health.ettoday.net/news/1738806
https://www.ettoday.net/news/20200617/1739538.htm?ercamp=sorted_hot_news
http://www.ettoday.net/album/category-all-113.htm
http://www.ettoday.net/news/news-list-2013-03-17-0.htm
http://www.ettoday.net/news/news-list-2013-04-01-0.htm
http://www.ettoday.net/news/news-list-2013-10-07-0.htm
http://www.ettoday.net/news/news-list-2015-10-09-0.htm
http://www.ettoday.net/news/news-list-2017-01-18-0.htm
https://travel.ettoday.net/article/1733550.htm
https://www.ettoday.net/news/20190906/1529641.htm?feature=ufo&tab_id=941
http://www.ettoday.net/news/news-list-2013-03-02-0.htm
http://www.ettoday.net/news/news-list-2014-08-11-0.htm
https://www.ettoday.net/feature/柯文哲/1595/5
http://www.ettoday.net/news/news-list-2017-01-10-0.htm
http://www.ettoday.net/news/news-list-2017-10-18-0.htm
http://www.ettoday.net/news/news-list-2018-03-13-0.htm
http://www.ettoday.net/news/news-list-2020-06-05-0.htm
https://health.ettoday.net/category/醫藥新聞/4
https://house.ettoday.net/news/1737676
https://www.ettoday.net/feature/WHO/14401/2
https://www.ettoday.net/news/20200615/1738136.htm
http://www.ettoday.net/news/news-list-2016-02-20-0.htm
http://www.ettoday.net/news/news-list-2018-08-08-0.htm
http://www.ettoday.net/news/news-list-2019-11-01-0.htm
https://house.ettoday.net/focus/房產搜奇/
https://www.ettoday.net/et_star.htm
https://www.ettoday.net/news/20200406/1685039.htm?from=pctaglist 
https://www.ettoday.net/news/20200615/1738142.htm?from=feature
https://www.ettoday.net/news/20200617/1740308.htm
http://www.ettoday.net/album/category-all-7.htm
http://www.ettoday.net/news/news-list-2012-04-12-0.htm
http://www.ettoday.net/news/news-list-2014-10-12-0.htm
http://www.ettoday.net/news/news-list-2017-01-16-0.htm
https://www.ettoday.net/news/20200408/1686436.htm?from=pctaglist 
http://www.ettoday.net/news/news-list-2012-02-25-0.htm
http://www.ettoday.net/news/news-list-2013-02-25-0.htm
http://www.ettoday.net/news/news-list-2013-04-12-0.htm
http://www.ettoday.net/news/news-list-2014-07-09-0.htm
http://www.ettoday.net/news/news-list-2017-09-21-0.htm
http://www.ettoday.net/news/news-list-2019-01-16-0.htm
https://travel.ettoday.net/category/單車旅遊/
https://www.ettoday.net/news/20200330/1679836.htm?from=feature
https://www.ettoday.net/news/20200509/1709590.htm
https://www.ettoday.net/news/20200617/1739698.htm
https://www.ettoday.net/news/tag/綠光/
http://www.ettoday.net/news/news-list-2012-02-16-0.htm
http://www.ettoday.net/news/news-list-2014-06-12-0.htm
http://www.ettoday.net/news/news-list-2014-10-19-0.htm
http://www.ettoday.net/news/news-list-2017-10-03-0.htm
http://www.ettoday.net/news/news-list-2018-08-14-0.htm
https://www.ettoday.net/news/20181002/1271852.htm?feature=ufo&tab_id=941
https://www.ettoday.net/news/20200218/1648562.htm?feature=大老闆傳奇-尹衍樑&tab_id=13274
https://www.ettoday.net/news/20200331/1680363.htm?from=feature
https://www.ettoday.net/news/20200601/1727323.htm?from=pctaglist 
https://www.ettoday.net/news/20200616/1739103.htm?from=feature
http://www.ettoday.net/news/news-list-2012-04-29-0.htm
http://www.ettoday.net/news/news-list-2015-10-29-0.htm
http://www.ettoday.net/news/news-list-2015-12-21-0.htm
http://www.ettoday.net/news/news-list-2016-05-07-0.htm
https://www.ettoday.net/news/20200612/1736692.htm
https://www.ettoday.net/news/20200617/1740237.htm
http://www.ettoday.net/news/news-list-2015-02-26-0.htm
http://www.ettoday.net/news/news-list-2015-11-26-0.htm
http://www.ettoday.net/news/news-list-2017-03-13-0.htm
https://www.ettoday.net/news/20150316/479472.htm?from=pctaglist 
https://www.ettoday.net/news/20200611/1735544.htm
http://www.ettoday.net/news/news-list-2013-01-11-0.htm
http://www.ettoday.net/news/news-list-2014-05-16-0.htm
http://www.ettoday.net/news/news-list-2016-10-25-0.htm
http://www.ettoday.net/news/news-list-2018-02-28-0.htm
http://www.ettoday.net/news/news-list-2019-06-29-0.htm
https://www.ettoday.net/feature/2019MAMA
https://www.ettoday.net/news/20200608/1732844.htm
http://www.ettoday.net/news/news-list-2012-02-06-0.htm
http://www.ettoday.net/news/news-list-2014-10-18-0.htm
http://www.ettoday.net/news/news-list-2018-11-26-0.htm
https://www.ettoday.net/feature/行銷雲/14418/2
https://www.ettoday.net/news/20200409/1687908.htm?from=pctaglist 
https://www.ettoday.net/news/20200617/1740340.htm
http://www.ettoday.net/news/news-list-2014-10-08-0.htm
http://www.ettoday.net/news/news-list-2015-08-26-0.htm
http://www.ettoday.net/news/news-list-2016-06-27-0.htm
http://www.ettoday.net/news/news-list-2019-12-27-0.htm
https://www.ettoday.net/dalemon/post/49966
https://www.ettoday.net/feature/統一發票/2913/6
