http://www.bbc.co.uk/zhongwen/trad/indepth/cluster_ccp_18th_congress
https://www.bbc.com/wales
http://service.weibo.com/share/share.php?url=https%3A%2F%2Fwww.bbc.com%2Fzhongwen%2Ftrad%2Finstitutional%2F2014%2F01%2F000001_about_sharing&title=BBC%20News%20%E4%B8%AD%E6%96%87%20-%20%E3%80%8C%E5%88%86%E4%BA%AB%E3%80%8D%E6%9C%8D%E5%8B%99%E6%98%AF%E4%BB%80%E9%BA%BC%EF%BC%9F
https://www.bbc.com/zhongwen/trad/indepth/cppcc_npc_2013_new
https://www.bbc.com/zhongwen/trad/world-48951763
https://www.bbc.com/zhongwen/trad/world-52260004
https://www.bbc.com/news/world-us-canada-52272652
https://www.bbc.com/zhongwen/trad/science-51975251
https://www.bbc.com/news/business-38507481
http://widget.renren.com/dialog/share?resourceUrl=https%3A%2F%2Fwww.bbc.com%2Fzhongwen%2Ftrad%2Finstitutional%2F2015%2F08%2F000000_advertising_faq.shtml
http://widget.renren.com/dialog/share?resourceUrl=https%3A%2F%2Fwww.bbc.com%2Fzhongwen%2Ftrad%2Fworld-52250824
http://www.bbc.co.uk/zhongwen/trad/indepth/cluster_chenguangcheng
https://www.bbc.com/zhongwen/simp/topics/fe536195-d9a5-40ff-89c4-f216213cfd9e
https://twitter.com/intent/tweet?text=BBC%20News%20%E4%B8%AD%E6%96%87%20-%20%E8%82%BA%E7%82%8E%E7%96%AB%E6%83%85%EF%BC%9AIMF%E9%A2%84%E6%B5%8B%E5%85%A8%E7%90%83%E7%BB%8F%E6%B5%8E%E8%90%8E%E7%BC%A9%E5%A0%AA%E6%AF%94%E5%A4%A7%E8%90%A7%E6%9D%A1%E6%97%B6%E6%9C%9F&url=https%3A%2F%2Fwww.bbc.com%2Fzhongwen%2Fsimp%2Fbusiness-52294805
https://www.bbc.com/zhongwen/trad/world-52029934
http://www.plurk.com?status=https%3A%2F%2Fwww.bbc.com%2Fzhongwen%2Fsimp%2Fbusiness-52294805&qualifier=shares
https://www.bbc.co.uk/iplayer/episode/m000hbp5
https://account.bbc.com/account?lang=zh-Hant-CN&ptrt=https://www.bbc.com/zhongwen/trad/world-52279565
http://www.kaixin001.com/rest/records.php?url=https%3A%2F%2Fwww.bbc.com%2Fzhongwen%2Ftrad%2Finstitutional%2F2015%2F08%2F000000_advertising_faq.shtml&style=11
http://widget.renren.com/dialog/share?resourceUrl=https%3A%2F%2Fwww.bbc.com%2Fzhongwen%2Ftrad%2Fbusiness-52120296
https://www.bbc.com/news/newsbeat
https://www.bbc.com/sport/africa/52296876
https://www.bbc.com/weather/3621849
https://www.bbc.com/zhongwen/trad/business-48556039
http://www.plurk.com?status=https%3A%2F%2Fwww.bbc.com%2Fzhongwen%2Ftrad%2Fworld-52273257&qualifier=shares
https://www.bbc.com/zhongwen/trad/uk-51206234
https://www.bbc.co.uk/iplayer/episode/m000hb4m/sacred-songs-the-secrets-of-our-hearts
https://www.bbc.co.uk/programmes/articles/9JzWg92Gwwn0nqLPndsC5c/latest-results
https://www.douban.com/share/service?href=https%3A%2F%2Fwww.bbc.com%2Fzhongwen%2Ftrad%2Finstitutional-38652843&name=BBC%20News%20%E4%B8%AD%E6%96%87%20-%20%E4%BF%9D%E5%AF%86%E6%94%BF%E7%AD%96
https://www.bbc.com/news/health-52287761
https://www.bbc.com/news/world-us-canada-52303739
https://www.bbc.com/sport/basketball
https://www.bbc.com/usingthebbc/cookies/how-can-i-change-my-bbc-cookie-settings/
https://www.bbc.com/zhongwen/trad/world-50348082
https://www.bbc.co.uk/sport/football/52302094
http://www.facebook.com/dialog/feed?app_id=58567469885&redirect_uri=https%3A%2F%2Fwww.bbc.com%2Fzhongwen%2Ftrad%2Fworld-52279565&link=https%3A%2F%2Fwww.bbc.com%2Fzhongwen%2Ftrad%2Fworld-52279565%3FSThisFB&display=popup
https://www.bbc.com/weather/3469058
http://widget.renren.com/dialog/share?resourceUrl=https%3A%2F%2Fwww.bbc.com%2Fzhongwen%2Ftrad%2Finstitutional-38652837
https://www.bbc.com/news/uk-england-manchester-52297848
https://www.bbc.com/sport/rugby-union
https://www.bbc.com/ukchina/trad/42537367
http://www.bbc.com/ukchina/trad/cool_britannia/uk_time_out
https://www.bbc.co.uk/food
https://www.bbc.com/sport/swimming
http://www.kaixin001.com/rest/records.php?url=https%3A%2F%2Fwww.bbc.com%2Fzhongwen%2Ftrad%2Finstitutional-38652843&style=11
https://www.bbc.com/zhongwen/trad/business-52032628
http://www.bbc.co.uk/sport/0/
https://www.bbc.co.uk/news/uk-england-beds-bucks-herts-52301870
https://www.bbc.com/news/world-middle-east-52223193
https://www.bbc.co.uk/programmes/m000bvp9/episodes/player
https://www.bbc.com/zhongwen/simp
https://www.bbc.com/ukchina/trad/vert-tra-41737617
https://www.bbc.co.uk/iplayer/episode/p087gkct
https://www.bbc.co.uk/aboutthebbc
https://www.bbc.com/zhongwen/trad/world-52171644
https://search.bbc.co.uk/search
https://www.bbc.co.uk/programmes/articles/2LtS2qKgXf737QdhRkt6h2N/carlos-breathes-new-life-into-dying-swan
https://www.bbc.com/sport/av/football/52298377
https://www.bbc.com/news/world-africa-52126563
http://www.bbc.com/travel/story/20200405-covid-19-how-global-economies-will-recover-from-coronavirus
https://twitter.com/intent/tweet?text=BBC%20News%20%E4%B8%AD%E6%96%87%20-%20%E8%81%AF%E7%B5%A1%E6%88%91%E5%80%91&url=https%3A%2F%2Fwww.bbc.com%2Fzhongwen%2Ftrad%2Finstitutional-38664417
https://www.bbc.com/zhongwen/simp/world-52276294
https://www.bbc.com/news/world/europe
https://www.bbc.co.uk/news/business-52300054
http://www.plurk.com?status=https%3A%2F%2Fwww.bbc.com%2Fzhongwen%2Ftrad%2Fworld-52267386&qualifier=shares
https://www.bbc.com/sport/52291612
https://www.bbc.com/zhongwen/trad/uk-49596940
https://www.bbc.com/zhongwen/trad/world-51930349
https://www.bbc.com/zhongwen/trad/media-45238232
https://www.bbc.com/zhongwen/simp/topics/cfb8bd8c-0638-4383-9dec-8d1703c8b4b8
https://www.bbc.com/zhongwen/trad/chinese-news-52229707
https://www.bbc.com/zhongwen/trad/world-52252387
whatsapp://send?text=BBC%20News%20%E4%B8%AD%E6%96%87%20%7C%20%E8%82%BA%E7%82%8E%E7%96%AB%E6%83%85%EF%BC%9AIMF%E9%A2%84%E6%B5%8B%E5%85%A8%E7%90%83%E7%BB%8F%E6%B5%8E%E8%90%8E%E7%BC%A9%E5%A0%AA%E6%AF%94%E5%A4%A7%E8%90%A7%E6%9D%A1%E6%97%B6%E6%9C%9F%20-%20https%3A%2F%2Fwww.bbc.com%2Fzhongwen%2Fsimp%2Fbusiness-52294805%3Focid%3Dwszhongwen.chat-apps.in-app-msg.whatsapp.trial.link1_.auin
https://www.bbc.com/sport/northern-ireland
https://www.linkedin.com/shareArticle?mini=true&url=https%3A%2F%2Fwww.bbc.com%2Fzhongwen%2Ftrad%2Fworld-52268741&title=%E8%82%BA%E7%82%8E%E7%96%AB%E6%83%85%EF%BC%9A%E4%BA%BA%E9%A1%9E%E7%96%BE%E7%97%85%E5%A4%A7%E6%B5%81%E8%A1%8C%20%EF%BC%8C%E5%9C%B0%E7%90%83%E7%9C%9F%E7%9A%84%E8%AE%8A%E5%AE%89%E9%9D%9C%E4%BA%86&summary=%E9%A6%AC%E8%B7%AF%E4%B8%8A%E7%9A%84%E8%BB%8A%E5%B0%91%E4%BA%86%EF%BC%8C%E5%B7%A5%E5%BB%A0%E5%81%9C%E5%B7%A5%E4%BA%86%EF%BC%8C%E6%95%B8%E5%8D%81%E5%84%84%E4%BA%BA%E9%A1%9E%E9%83%BD%E5%A4%A7%E5%B9%85%E6%B8%9B%E5%B0%91%E4%BA%86%E9%80%99%E9%A1%9E%E6%B4%BB%E5%8B%95%E6%99%82%EF%BC%8C%E5%9C%B0%E7%90%83%E9%81%8B%E5%8B%95%E7%9A%84%E6%96%B9%E5%BC%8F%E4%B9%9F%E7%A2%BA%E5%AF%A6%E7%99%BC%E7%94%9F%E4%BA%86%E6%94%B9%E8%AE%8A%E3%80%82&source=BBC
https://www.bbc.co.uk/sport/av/52258338
https://www.bbc.com/zhongwen/trad/indepth/cluster_china_maritime_neighbours
http://www.bbc.com/earth
https://www.bbc.co.uk/sounds/play/m000h6t9
https://www.bbc.com/weather/search
https://www.bbc.com/sport/get-inspired
https://www.bbc.com/zhongwen/simp/topics/20c1dc62-185a-46ca-b549-2f8aa162abc0
https://www.bbc.co.uk/programmes/articles/dv58fGlBnBrX7m5c1z6fxJ/your-essential-guide-to-the-arts-in-one-handy-place
https://www.bbc.com/news/world-middle-east-52184733
https://www.bbc.co.uk/news/extra/Od4dL9Lip2/tunnel_29
https://www.bbc.co.uk/news/disability-47064773
https://www.linkedin.com/shareArticle?mini=true&url=https%3A%2F%2Fwww.bbc.com%2Fzhongwen%2Ftrad%2Finstitutional-38652839&title=BBC%E4%B8%AD%E6%96%87%E7%B6%B2%E7%B0%A1%E4%BB%8B&summary=BBC%E4%B8%AD%E6%96%87%E7%B6%B2%E7%B0%A1%E4%BB%8B&source=BBC
http://sns.qzone.qq.com/cgi-bin/qzshare/cgi_qzshare_onekey?url=https%3A%2F%2Fwww.bbc.com%2Fzhongwen%2Ftrad%2Finstitutional-38652839
https://www.bbc.co.uk/blogs/5live/entries/6dad7dcb-e707-4497-8350-0c161df377bd
https://www.bbc.com/zhongwen/trad/business-52167623
https://www.bbc.com/news/world-africa-52268320
whatsapp://send?text=BBC%20News%20%E4%B8%AD%E6%96%87%20%7C%20%E8%82%BA%E7%82%8E%E7%96%AB%E6%83%85%EF%BC%9A%E5%93%AA%E4%BA%9B%E5%9C%8B%E5%AE%B6%E7%B6%93%E6%BF%9F%E8%83%BD%E6%81%A2%E5%BE%A9%E5%BE%97%E6%9C%80%E5%BF%AB%E6%9C%80%E5%A5%BD%20-%20https%3A%2F%2Fwww.bbc.com%2Fzhongwen%2Ftrad%2Fworld-52206418%3Focid%3Dwszhongwen.chat-apps.in-app-msg.whatsapp.trial.link1_.auin
https://www.bbc.com/zhongwen/simp/business-52120296
http://www.plurk.com?status=https%3A%2F%2Fwww.bbc.com%2Fzhongwen%2Ftrad%2Finstitutional%2F2014%2F01%2F000001_about_sharing&qualifier=shares
https://www.bbc.co.uk/news/business-52289657
https://www.bbc.co.uk/sounds/play/m000gvn1
https://www.bbc.com/news/uk
https://www.bbc.com/zhongwen/trad/world-45404757
https://www.bbc.com/news/health
https://www.bbc.com/zhongwen/trad/indepth/cluster_wenchuan_5thanniversary
https://www.bbc.com/zhongwen/trad/science-52092742
https://www.bbc.co.uk/news/uk-52281785
https://www.bbc.com/weather/611717
https://www.bbc.com/zhongwen/trad/business-49318380
https://www.bbc.com/zhongwen/trad/47090644
http://service.weibo.com/share/share.php?url=https%3A%2F%2Fwww.bbc.com%2Fzhongwen%2Ftrad%2Fworld-52206418&title=BBC%20News%20%E4%B8%AD%E6%96%87%20-%20%E8%82%BA%E7%82%8E%E7%96%AB%E6%83%85%EF%BC%9A%E5%93%AA%E4%BA%9B%E5%9C%8B%E5%AE%B6%E7%B6%93%E6%BF%9F%E8%83%BD%E6%81%A2%E5%BE%A9%E5%BE%97%E6%9C%80%E5%BF%AB%E6%9C%80%E5%A5%BD
https://www.bbc.co.uk/blogs/aboutthebbc/entries/9dbbed94-6966-43cd-8826-7875940b5015
https://www.bbc.com/zhongwen/simp/topics/4f8a2256-38aa-413c-a4dc-83f30ed51881
https://www.douban.com/share/service?href=https%3A%2F%2Fwww.bbc.com%2Fzhongwen%2Ftrad%2Fworld-52206418&name=BBC%20News%20%E4%B8%AD%E6%96%87%20-%20%E8%82%BA%E7%82%8E%E7%96%AB%E6%83%85%EF%BC%9A%E5%93%AA%E4%BA%9B%E5%9C%8B%E5%AE%B6%E7%B6%93%E6%BF%9F%E8%83%BD%E6%81%A2%E5%BE%A9%E5%BE%97%E6%9C%80%E5%BF%AB%E6%9C%80%E5%A5%BD
http://service.weibo.com/share/share.php?url=https%3A%2F%2Fwww.bbc.com%2Fzhongwen%2Ftrad%2Fworld-52273257&title=BBC%20News%20%E4%B8%AD%E6%96%87%20-%20%E8%82%BA%E7%82%8E%E7%96%AB%E6%83%85%EF%BC%9A%E7%B4%90%E7%B4%84%E4%B8%80%E4%BD%8D%E6%95%91%E8%AD%B7%E5%93%A1%E3%80%8C%E8%81%B7%E6%A5%AD%E7%94%9F%E6%B6%AF%E4%B8%AD%E6%9C%80%E8%89%B1%E9%9B%A3%E7%9A%84%E4%B8%80%E5%A4%A9%E3%80%8D
https://www.bbc.co.uk/iplayer/episodes/m000h3g5/titian-behind-closed-doors
https://www.bbc.com/travel
http://www.bbc.com/zhongwen/trad/institutional-38664421
http://www.bbc.co.uk/zhongwen/trad/indepth/cluster_hk_15th_anniv
http://www.facebook.com/dialog/feed?app_id=58567469885&redirect_uri=https%3A%2F%2Fwww.bbc.com%2Fzhongwen%2Ftrad%2Finstitutional-38652843&link=https%3A%2F%2Fwww.bbc.com%2Fzhongwen%2Ftrad%2Finstitutional-38652843%3FSThisFB&display=popup
https://www.bbc.com/zhongwen/simp/world-52268741
http://www.facebook.com/dialog/send?app_id=58567469885&redirect_uri=https%3A%2F%2Fwww.bbc.com%2Fzhongwen%2Ftrad%2Fworld-52273257&link=https%3A%2F%2Fwww.bbc.com%2Fzhongwen%2Ftrad%2Fworld-52273257%3FSThisFB&display=popup
https://www.bbc.co.uk/programmes/b007ght1
https://www.bbc.co.uk/news/resources/idt-sh/moving_to_Chernobyl
https://www.bbc.com/zhongwen/trad/world-52228792
https://www.bbc.com/ukchina/trad/51676461
https://www.bbc.com/worklife/article/20200402-how-lockdown-redefines-our-weekends
https://www.instagram.com/bbcsport/
http://www.facebook.com/dialog/send?app_id=58567469885&redirect_uri=https%3A%2F%2Fwww.bbc.com%2Fzhongwen%2Ftrad%2Finstitutional%2F2015%2F08%2F000000_advertising_faq.shtml&link=https%3A%2F%2Fwww.bbc.com%2Fzhongwen%2Ftrad%2Finstitutional%2F2015%2F08%2F000000_advertising_faq.shtml%3FSThisFB&display=popup
https://www.bbc.co.uk/news/localnews
http://www.facebook.com/dialog/send?app_id=58567469885&redirect_uri=https%3A%2F%2Fwww.bbc.com%2Fzhongwen%2Fsimp%2Fbusiness-52294805&link=https%3A%2F%2Fwww.bbc.com%2Fzhongwen%2Fsimp%2Fbusiness-52294805%3FSThisFB&display=popup
https://twitter.com/bbcarts
https://www.bbc.co.uk/news/uk-52298016
https://www.linkedin.com/shareArticle?mini=true&url=https%3A%2F%2Fwww.bbc.com%2Fzhongwen%2Ftrad%2Fworld-52273257&title=%E8%82%BA%E7%82%8E%E7%96%AB%E6%83%85%EF%BC%9A%E7%B4%90%E7%B4%84%E4%B8%80%E4%BD%8D%E6%95%91%E8%AD%B7%E5%93%A1%E3%80%8C%E8%81%B7%E6%A5%AD%E7%94%9F%E6%B6%AF%E4%B8%AD%E6%9C%80%E8%89%B1%E9%9B%A3%E7%9A%84%E4%B8%80%E5%A4%A9%E3%80%8D&summary=%E7%B4%90%E7%B4%84%E6%80%A5%E6%95%91%E5%93%A1%E5%AE%89%E6%9D%B1%E5%B0%BC%E7%9A%84%E6%97%A5%E8%A8%98%E8%A8%98%E9%8C%84%E4%BA%86%E4%B8%80%E5%A4%A9%E5%85%A7%E7%9B%AE%E7%9D%B9%E5%8D%81%E5%B9%BE%E5%90%8D%E6%82%A3%E8%80%85%E6%AD%BB%E4%BA%A1%E7%9A%84%E6%83%85%E5%BD%A2%EF%BC%8C%E8%80%8C%E4%BB%96%E5%80%91%E9%83%BD%E4%B8%8D%E5%9C%A8%E7%95%B6%E5%A4%A9%E7%B4%90%E7%B4%84%E5%AE%98%E6%96%B9%E6%96%B0%E5%86%A0%E6%AD%BB%E4%BA%A1%E5%90%8D%E5%96%AE%E4%B8%8A%E3%80%82&source=BBC
http://www.facebook.com/dialog/feed?app_id=58567469885&redirect_uri=https%3A%2F%2Fwww.bbc.com%2Fzhongwen%2Ftrad%2Fworld-52206418&link=https%3A%2F%2Fwww.bbc.com%2Fzhongwen%2Ftrad%2Fworld-52206418%3FSThisFB&display=popup
https://www.bbc.com/sport/horse-racing
https://www.bbc.com/zhongwen/trad/uk-51378711
https://www.linkedin.com/shareArticle?mini=true&url=https%3A%2F%2Fwww.bbc.com%2Fzhongwen%2Ftrad%2Fworld-52206418&title=%E8%82%BA%E7%82%8E%E7%96%AB%E6%83%85%EF%BC%9A%E5%93%AA%E4%BA%9B%E5%9C%8B%E5%AE%B6%E7%B6%93%E6%BF%9F%E8%83%BD%E6%81%A2%E5%BE%A9%E5%BE%97%E6%9C%80%E5%BF%AB%E6%9C%80%E5%A5%BD&summary=%E6%96%B0%E5%9E%8B%E5%86%A0%E7%8B%80%E7%97%85%E6%AF%92%E7%96%AB%E6%83%85%E7%82%BA%E5%85%A8%E4%B8%96%E7%95%8C%E7%B6%93%E6%BF%9F%E5%B8%B6%E4%BE%86%E9%87%8D%E5%A4%A7%E5%BD%B1%E9%9F%BF%EF%BC%8C%E4%B8%80%E4%BA%9B%E5%B0%88%E5%AE%B6%E5%B7%B2%E7%B6%93%E9%96%8B%E5%A7%8B%E8%A9%95%E4%BC%B0%EF%BC%8C%E5%9C%A8%E7%96%AB%E6%83%85%E7%8D%B2%E5%BE%97%E6%8E%A7%E5%88%B6%E4%B9%8B%E5%BE%8C%EF%BC%8C%E5%93%AA%E4%BA%9B%E5%9C%8B%E5%AE%B6%E7%9A%84%E7%B6%93%E6%BF%9F%E8%83%BD%E6%81%A2%E5%BE%A9%E7%9A%84%E6%9C%80%E5%BF%AB%E6%9C%80%E5%A5%BD%EF%BC%9F&source=BBC
https://www.bbc.com/news/reality_check
https://firstsite.uk/art-is-where-the-home-is/
https://www.bbc.co.uk/mediacentre/latestnews/2020/tom-hardy-bedtime-stories?fbclid=IwAR0JtFaicMiZ8XwafegnReSCx7WFfrqyqKAE95t0mK413fwC9oPSenqBMgk
https://account.bbc.com/account?lang=zh-Hant-CN&ptrt=https://www.bbc.com/zhongwen/trad/world-52268741
https://www.bbc.com/sms:+447624800100
https://www.bbc.com/zhongwen/trad/world-48673843
https://www.bbc.com/worklife/article/20200401-covid-19-why-we-wont-run-out-of-food-during-coronavirus
http://www.bbc.com/culture
http://www.facebook.com/dialog/feed?app_id=58567469885&redirect_uri=https%3A%2F%2Fwww.bbc.com%2Fzhongwen%2Ftrad%2Fworld-52250824&link=https%3A%2F%2Fwww.bbc.com%2Fzhongwen%2Ftrad%2Fworld-52250824%3FSThisFB&display=popup
https://www.bbc.com/weather/4887398
https://www.bbc.com/weather/features/52297136
https://www.bbc.com/zhongwen/trad/institutional-51359584
http://widget.renren.com/dialog/share?resourceUrl=https%3A%2F%2Fwww.bbc.com%2Fzhongwen%2Ftrad%2Fworld-52279565
https://www.bbc.com/sport/15561348
https://www.bbc.com/future/article/20200415-covid-19-could-bluetooth-contact-tracing-end-lockdown-early
https://www.bbc.com/zhongwen/trad/fooc-48743834
https://www.bbc.co.uk/food/collections/best_curry_recipes
https://www.bbc.com/ukchina/trad/40526739
https://www.bbc.com/zhongwen/trad/world-46072859
https://www.bbc.com/zhongwen/trad/chinese-news-52164127
https://artuk.org/discover/stories/rethinking-the-rococo-painter-flora-yukhnovich-adds-a-contemporary-twist 
https://www.bbc.com/sport/darts/52295262
https://www.bbc.com/zhongwen/trad/world-49879937
http://widget.renren.com/dialog/share?resourceUrl=https%3A%2F%2Fwww.bbc.com%2Fzhongwen%2Ftrad%2Finstitutional-38664417
https://www.bbc.com/zhongwen/trad/world-52132644
http://www.facebook.com/dialog/send?app_id=58567469885&redirect_uri=https%3A%2F%2Fwww.bbc.com%2Fzhongwen%2Ftrad%2Fworld-52276294&link=https%3A%2F%2Fwww.bbc.com%2Fzhongwen%2Ftrad%2Fworld-52276294%3FSThisFB&display=popup
https://www.bbc.com/zhongwen/trad/world-50813666
https://www.douban.com/share/service?href=https%3A%2F%2Fwww.bbc.com%2Fzhongwen%2Ftrad%2Fworld-52273257&name=BBC%20News%20%E4%B8%AD%E6%96%87%20-%20%E8%82%BA%E7%82%8E%E7%96%AB%E6%83%85%EF%BC%9A%E7%B4%90%E7%B4%84%E4%B8%80%E4%BD%8D%E6%95%91%E8%AD%B7%E5%93%A1%E3%80%8C%E8%81%B7%E6%A5%AD%E7%94%9F%E6%B6%AF%E4%B8%AD%E6%9C%80%E8%89%B1%E9%9B%A3%E7%9A%84%E4%B8%80%E5%A4%A9%E3%80%8D
https://www.bbc.co.uk/iplayer/episode/m000csnj
https://www.bbc.com/zhongwen/trad/science-50430013
https://www.bbc.com/zhongwen/trad/chinese-news-52194959
https://www.bbc.com/zhongwen/trad/uk-51612565
https://www.bbc.co.uk/newsround/52267816
https://www.bbc.com/ukchina/trad/52051889
https://www.bbc.com/sport/football/52285857
http://sns.qzone.qq.com/cgi-bin/qzshare/cgi_qzshare_onekey?url=https%3A%2F%2Fwww.bbc.com%2Fzhongwen%2Ftrad%2Fworld-52279565
https://www.bbc.com/zhongwen/trad/science-52133480
https://www.bbc.com/zhongwen/simp/topics/2f2db234-3c2d-40a4-b4ac-eea661faadd0
https://www.bbc.com/news/world-us-canada-52272651
https://www.bbc.com/zhongwen/trad/chinese-news-52210928
https://www.bbc.com/zhongwen/trad/business-51798917
https://www.linkedin.com/shareArticle?mini=true&url=https%3A%2F%2Fwww.bbc.com%2Fzhongwen%2Fsimp%2Fbusiness-52294805&title=%E8%82%BA%E7%82%8E%E7%96%AB%E6%83%85%EF%BC%9AIMF%E9%A2%84%E6%B5%8B%E5%85%A8%E7%90%83%E7%BB%8F%E6%B5%8E%E8%90%8E%E7%BC%A9%E5%A0%AA%E6%AF%94%E5%A4%A7%E8%90%A7%E6%9D%A1%E6%97%B6%E6%9C%9F&summary=IMF%20%E9%A2%84%E6%B5%8B%E4%BB%8A%E5%B9%B4%E5%85%A8%E7%90%83%E7%BB%8F%E6%B5%8E%E5%B0%86%E8%90%8E%E7%BC%A93.0%25%E3%80%82%E4%B8%8A%E4%B8%80%E6%AC%A1%E9%87%91%E8%9E%8D%E5%8D%B1%E6%9C%BA%E9%80%A0%E6%88%902009%E5%B9%B4%E5%85%A8%E7%90%83%E7%BB%8F%E6%B5%8E%E8%90%8E%E7%BC%A90.7%25%E3%80%82&source=BBC
https://www.bbc.com/ukchina/trad/52172630
https://www.bbc.com/zhongwen/trad/topics/0f469e6a-d4a6-46f2-b727-2bd039cb6b53
http://widget.renren.com/dialog/share?resourceUrl=https%3A%2F%2Fwww.bbc.com%2Fzhongwen%2Fsimp%2Fbusiness-52294805
http://www.facebook.com/dialog/feed?app_id=58567469885&redirect_uri=https%3A%2F%2Fwww.bbc.com%2Fzhongwen%2Ftrad%2Finstitutional%2F2015%2F08%2F000000_advertising_faq.shtml&link=https%3A%2F%2Fwww.bbc.com%2Fzhongwen%2Ftrad%2Finstitutional%2F2015%2F08%2F000000_advertising_faq.shtml%3FSThisFB&display=popup
https://twitter.com/intent/tweet?text=BBC%20News%20%E4%B8%AD%E6%96%87%20-%20FAQs%20-%20%E5%B8%B8%E8%A6%8B%E5%95%8F%E9%A1%8C&url=https%3A%2F%2Fwww.bbc.com%2Fzhongwen%2Ftrad%2Finstitutional%2F2015%2F08%2F000000_advertising_faq.shtml
https://www.bbc.com/sport/football/52302094
https://www.bbc.com/zhongwen/trad/world-49728051
https://www.bbc.com/zhongwen/trad/world-51928581
https://www.bbc.com/zhongwen/trad/chinese-news-44598438
https://www.bbc.com/zhongwen/trad/science-52215002
https://www.bbc.com/zhongwen/trad/uk-52269793
https://www.bbc.com/ukchina/trad/vert-tra-44817106
https://www.bbc.com/sport/motorsport
https://www.bbc.com/zhongwen/simp/business
http://widget.renren.com/dialog/share?resourceUrl=https%3A%2F%2Fwww.bbc.com%2Fzhongwen%2Ftrad%2Fworld-52276294
https://www.bbc.com/zhongwen/trad/world-50344544
https://www.bbc.com/zhongwen/trad/chinese-news-50010488
https://www.bbc.com/zhongwen/trad/world-52054491
https://www.bbc.co.uk/sounds/play/p089k7w0
https://www.bbc.com/sport/golf/52287050
https://account.bbc.com/account?lang=zh-Hant-CN&ptrt=https://www.bbc.com/zhongwen/trad/uk
https://www.bbc.com/fb-messenger://share?app_id=58567469885&redirect_uri=https%3A%2F%2Fwww.bbc.com%2Fzhongwen%2Ftrad%2Fworld-52279565&link=https%3A%2F%2Fwww.bbc.com%2Fzhongwen%2Ftrad%2Fworld-52279565%3FCMP%3Dshare_btn_me
https://www.bbc.com/zhongwen/simp/institutional/2014/01/000001_about_sharing
https://www.bbc.com/zhongwen/trad/world-49595300
https://www.bbc.com/news/health-52182658
https://www.bbc.com/zhongwen/trad/world-51734938
https://www.bbc.com/zhongwen/trad/chinese-news-52196359
https://www.bbc.com/news/world/middle_east
https://public.wmo.int/en
https://www.bbc.com/zhongwen/trad/science-49756110
http://www.bbc.co.uk/zhongwen/trad/indepth/cluster_podcasts.shtml
https://www.bbc.com/ukchina/trad/vert-tra-45074337
https://www.bbc.com/zhongwen/trad/world-50562893
https://www.bbc.co.uk/zhongwen/simp/institutional-38652845
http://www.kaixin001.com/rest/records.php?url=https%3A%2F%2Fwww.bbc.com%2Fzhongwen%2Fsimp%2Fbusiness-52294805&style=11
https://www.youtube.com/watch?time_continue=16&amp;v=cdPqu598m68&amp;feature=emb_logo
https://www.bbc.com/zhongwen/trad/sports-47195866
https://www.bbc.com/scotland
https://www.bbc.com/zhongwen/trad/world-52181443
https://www.bbc.com/zhongwen/trad/world-52037451
https://www.bbc.com/fb-messenger://share?app_id=58567469885&redirect_uri=https%3A%2F%2Fwww.bbc.com%2Fzhongwen%2Ftrad%2Finstitutional%2F2015%2F08%2F000000_advertising_faq.shtml&link=https%3A%2F%2Fwww.bbc.com%2Fzhongwen%2Ftrad%2Finstitutional%2F2015%2F08%2F000000_advertising_faq.shtml%3FCMP%3Dshare_btn_me
https://www.bbc.com/zhongwen/simp/business-52148560
http://www.bbc.co.uk/privacy
https://www.meteogroup.com/
https://www.bbc.com/zhongwen/trad/chinese-news-52278008
https://www.bbc.com/news/stories
https://www.bbc.com/zhongwen/trad/science-52143162
https://www.wave-network.org/wave-members/
https://www.bbc.com/news/world-asia-52304781
https://www.bbc.com/zhongwen/trad/uk-52235728
https://www.bbc.com/fb-messenger://share?app_id=58567469885&redirect_uri=https%3A%2F%2Fwww.bbc.com%2Fzhongwen%2Fsimp%2Fbusiness-52294805&link=https%3A%2F%2Fwww.bbc.com%2Fzhongwen%2Fsimp%2Fbusiness-52294805%3FCMP%3Dshare_btn_me
https://www.bbc.com/zhongwen/trad/chinese-news-50402678
http://sns.qzone.qq.com/cgi-bin/qzshare/cgi_qzshare_onekey?url=https%3A%2F%2Fwww.bbc.com%2Fzhongwen%2Ftrad%2Fworld-52268741
https://www.bbc.com/worklife
https://www.bbc.com/cymru
https://www.bbc.com/news/technology
https://www.bbc.com/sport/football/52283194
http://www.facebook.com/dialog/feed?app_id=58567469885&redirect_uri=https%3A%2F%2Fwww.bbc.com%2Fzhongwen%2Ftrad%2Finstitutional%2F2014%2F01%2F000001_about_sharing&link=https%3A%2F%2Fwww.bbc.com%2Fzhongwen%2Ftrad%2Finstitutional%2F2014%2F01%2F000001_about_sharing%3FSThisFB&display=popup
https://www.bbc.com/sport/av/football/46840751
https://www.bbc.com/weather/warnings/weather
http://www.kaixin001.com/rest/records.php?url=https%3A%2F%2Fwww.bbc.com%2Fzhongwen%2Ftrad%2Fbusiness-52120296&style=11
https://www.bbc.com/zhongwen/trad/chinese-news-45005289
https://www.bbc.com/zhongwen/trad/uk-52286534
https://www.bbc.com/zhongwen/trad/world-52270594
whatsapp://send?text=BBC%20News%20%E4%B8%AD%E6%96%87%20%7C%20%E4%BF%9D%E5%AF%86%E6%94%BF%E7%AD%96%20-%20https%3A%2F%2Fwww.bbc.com%2Fzhongwen%2Ftrad%2Finstitutional-38652843%3Focid%3Dwszhongwen.chat-apps.in-app-msg.whatsapp.trial.link1_.auin
http://www.bbc.co.uk/zhongwen/trad/indepth/cluster_xinhai_100th
http://www.kaixin001.com/rest/records.php?url=https%3A%2F%2Fwww.bbc.com%2Fzhongwen%2Ftrad%2Finstitutional-38664417&style=11
https://www.bbc.co.uk/weather
https://www.bbc.co.uk/sounds/play/p088xs1f
http://service.weibo.com/share/share.php?url=https%3A%2F%2Fwww.bbc.com%2Fzhongwen%2Ftrad%2Fworld-52267386&title=BBC%20News%20%E4%B8%AD%E6%96%87%20-%20%E8%82%BA%E7%82%8E%E7%96%AB%E6%83%85%EF%BC%9A%E6%AD%90%E6%B4%B2%E5%B0%81%E5%9F%8E%E4%BB%A4%E4%B9%8B%E4%B8%8B%E7%9A%84%E9%9A%B1%E7%A7%98%E5%95%8F%E9%A1%8C%E2%80%94%E2%80%94%E5%AE%B6%E5%BA%AD%E6%9A%B4%E5%8A%9B
https://www.bbc.com/zhongwen/trad/world-50987406
https://www.bbc.com/zhongwen/trad/topics/11fb095a-2e8a-4eac-9448-6fd52664c627
https://www.douban.com/share/service?href=https%3A%2F%2Fwww.bbc.com%2Fzhongwen%2Ftrad%2Finstitutional-38664417&name=BBC%20News%20%E4%B8%AD%E6%96%87%20-%20%E8%81%AF%E7%B5%A1%E6%88%91%E5%80%91
https://www.bbc.co.uk/programmes/articles/1zTVpfrsrZb84NQB0Ksj6CV/six-ways-for-all-ages-to-get-creative-at-home-this-weekend
https://www.bbc.co.uk/programmes/m000h26v
https://www.bbc.com/news/52299689
https://www.bbc.com/zhongwen/trad/indepth/cluster_wanglinxiong_iv
http://www.plurk.com?status=https%3A%2F%2Fwww.bbc.com%2Fzhongwen%2Ftrad%2Finstitutional-38652839&qualifier=shares
https://www.bbc.co.uk/news/world-us-canada-52304993
https://www.bbc.com/zhongwen/trad/chinese-news-52201992
https://www.bbc.com/sport/wales
https://www.bbc.com/zhongwen/trad/world-52118454
https://www.youtube.com/bbczhongwen
https://www.bbc.co.uk/usingthebbc/privacy/
http://www.bbc.com/ukchina/trad/horizon
https://www.bbc.com/sport/formula1/52260896
https://www.bbc.com/news/uk-england-beds-bucks-herts-52301870
https://www.bbc.com/news/wales
https://www.bbc.com/news/in-pictures-52292618
https://www.bbc.com/zhongwen/trad/business-50163516
http://www.facebook.com/dialog/feed?app_id=58567469885&redirect_uri=https%3A%2F%2Fwww.bbc.com%2Fzhongwen%2Ftrad%2Finstitutional-38652839&link=https%3A%2F%2Fwww.bbc.com%2Fzhongwen%2Ftrad%2Finstitutional-38652839%3FSThisFB&display=popup
https://twitter.com/intent/tweet?text=BBC%20News%20%E4%B8%AD%E6%96%87%20-%20%E4%BD%BF%E7%94%A8%E6%A2%9D%E6%AC%BE%EF%BC%88%E8%8B%B1%E8%AA%9E%EF%BC%89&url=https%3A%2F%2Fwww.bbc.com%2Fzhongwen%2Ftrad%2Finstitutional-38652837
https://www.bbc.co.uk/programmes/articles/3PnXsxbTjKHCVCc7ZVYPNlV/bbc-sso-in-isolation-musicliftsthespirit
https://www.bbc.com/zhongwen/trad/business-51925435
https://www.bbc.com/zhongwen/trad/indepth/2015/07/150702_hao_intv_script_for_yt
http://www.kaixin001.com/rest/records.php?url=https%3A%2F%2Fwww.bbc.com%2Fzhongwen%2Ftrad%2Fworld-52268741&style=11
http://www.facebook.com/dialog/send?app_id=58567469885&redirect_uri=https%3A%2F%2Fwww.bbc.com%2Fzhongwen%2Ftrad%2Finstitutional-38652837&link=https%3A%2F%2Fwww.bbc.com%2Fzhongwen%2Ftrad%2Finstitutional-38652837%3FSThisFB&display=popup
https://www.bbc.com/sport/all-sports
https://www.bbc.com/news/in_pictures
https://www.bbc.com/weather/coast_and_sea
https://www.bbc.com/fb-messenger://share?app_id=58567469885&redirect_uri=https%3A%2F%2Fwww.bbc.com%2Fzhongwen%2Ftrad%2Fbusiness-52148560&link=https%3A%2F%2Fwww.bbc.com%2Fzhongwen%2Ftrad%2Fbusiness-52148560%3FCMP%3Dshare_btn_me
http://www.bbc.co.uk/zhongwen/trad/indepth/cluster_koreas_crisis
https://www.bbc.com/zhongwen/trad/world-46787810
https://account.bbc.com/account?lang=zh-Hant-CN&ptrt=https://www.bbc.com/zhongwen/trad/world-52267386
https://www.bbc.com/fb-messenger://share?app_id=58567469885&redirect_uri=https%3A%2F%2Fwww.bbc.com%2Fzhongwen%2Ftrad%2Finstitutional-38652843&link=https%3A%2F%2Fwww.bbc.com%2Fzhongwen%2Ftrad%2Finstitutional-38652843%3FCMP%3Dshare_btn_me
https://account.bbc.com/account
https://www.bbc.com/fb-messenger://share?app_id=58567469885&redirect_uri=https%3A%2F%2Fwww.bbc.com%2Fzhongwen%2Ftrad%2Fworld-52273257&link=https%3A%2F%2Fwww.bbc.com%2Fzhongwen%2Ftrad%2Fworld-52273257%3FCMP%3Dshare_btn_me
https://www.bbc.com/news/business-52289303
https://account.bbc.com/account?lang=zh-Hant-CN&ptrt=https://www.bbc.com/zhongwen/trad/institutional-38652839
https://www.bbc.com/zhongwen/trad/world-51527521
https://www.bbc.co.uk/bitesize/articles/zb92mfr
https://www.bbc.com/zhongwen/trad/science-49945850
https://www.bbc.com/weather/2643743
https://www.bbc.com/weather/features/52292498
http://widget.renren.com/dialog/share?resourceUrl=https%3A%2F%2Fwww.bbc.com%2Fzhongwen%2Ftrad%2Fworld-52206418
http://www.plurk.com?status=https%3A%2F%2Fwww.bbc.com%2Fzhongwen%2Ftrad%2Fworld-52268741&qualifier=shares
https://www.bbc.com/zhongwen/trad/chinese-news-50909392
https://www.bbc.com/zhongwen/trad/indepth/cluster_hk_political_reform
https://www.bbc.com/zhongwen/trad/world-52229776
https://www.bbc.co.uk/iplayer/episode/p088slj5/inside-games-shorts-1-horror-games
https://www.bbc.com/zhongwen/trad/uk-47323461
https://www.bbc.com/zhongwen/trad/chinese-news-52200327
https://www.bbc.com/zhongwen/trad/indepth/cluster_twnelx_taiwan_election2014
https://www.bbc.com/news/uk-england-52292528
https://twitter.com/intent/tweet?text=BBC%20News%20%E4%B8%AD%E6%96%87%20-%20%E8%82%BA%E7%82%8E%E7%96%AB%E6%83%85%EF%BC%9A%E6%AD%90%E6%B4%B2%E5%B0%81%E5%9F%8E%E4%BB%A4%E4%B9%8B%E4%B8%8B%E7%9A%84%E9%9A%B1%E7%A7%98%E5%95%8F%E9%A1%8C%E2%80%94%E2%80%94%E5%AE%B6%E5%BA%AD%E6%9A%B4%E5%8A%9B&url=https%3A%2F%2Fwww.bbc.com%2Fzhongwen%2Ftrad%2Fworld-52267386
https://www.bbc.co.uk/programmes/p0778tx6
https://www.bbc.com/sport/av/52287608
https://www.bbc.co.uk/contact/complaints
http://www.facebook.com/dialog/feed?app_id=58567469885&redirect_uri=https%3A%2F%2Fwww.bbc.com%2Fzhongwen%2Ftrad%2Fbusiness-52148560&link=https%3A%2F%2Fwww.bbc.com%2Fzhongwen%2Ftrad%2Fbusiness-52148560%3FSThisFB&display=popup
https://www.bbc.com/zhongwen/trad/world-52270514
https://www.bbc.com/zhongwen/trad/world-51853395
https://www.bbc.com/zhongwen/trad/world-50978389
https://www.bbc.co.uk/sport/football/52282984
https://www.bbc.com/zhongwen/trad/uk-52094163
https://www.bbc.com/news/world-us-canada-52291654
https://www.bbc.co.uk/news/av/world-us-canada-52272649/do-celebrities-still-matter-in-a-crisis
https://www.bbc.com/ukchina/trad/vert-tra-42580824
http://www.plurk.com?status=https%3A%2F%2Fwww.bbc.com%2Fzhongwen%2Ftrad%2Finstitutional-38652837&qualifier=shares
https://www.bbc.co.uk/contact
https://www.bbc.com/zhongwen/simp/institutional-38652839
https://www.bbc.com/zhongwen/trad/chinese-news-52103506
https://www.bbc.com/weather/3369157
http://www.facebook.com/dialog/send?app_id=58567469885&redirect_uri=https%3A%2F%2Fwww.bbc.com%2Fzhongwen%2Ftrad%2Fworld-52267386&link=https%3A%2F%2Fwww.bbc.com%2Fzhongwen%2Ftrad%2Fworld-52267386%3FSThisFB&display=popup
https://www.bbc.co.uk/sounds/play/p089jnyk
https://www.bbc.com/usingthebbc/cookies/
https://account.bbc.com/account?lang=zh-Hant-CN&ptrt=https://www.bbc.com/zhongwen/trad/world-52273257
https://account.bbc.com/account?lang=zh-Hant-CN&ptrt=https://www.bbc.com/zhongwen/trad/science
https://www.bbc.com/news/science-environment-52294991
http://www.bbc.co.uk/zhongwen/trad/indepth/cluster_hkce_elect_2012
https://www.bbc.com/zhongwen/trad/topics/82857f8e-8134-462a-bb32-b7b14f4eab75
https://www.bbc.com/zhongwen/trad/topics/8a4af51f-02ed-4473-a7cd-4fabfb8c5ad8
https://www.bbc.com/news/special_reports
https://www.bbc.com/zhongwen/trad/business-51924895
https://www.bbc.com/sport/gymnastics
https://www.bbc.com/weather/features/52297139
https://www.bbc.com/zhongwen/trad/indepth/2013/12/131220_mao_120_special
https://twitter.com/intent/tweet?text=BBC%20News%20%E4%B8%AD%E6%96%87%20-%20%E8%82%BA%E7%82%8E%E7%96%AB%E6%83%85%E4%B8%8B%E7%B6%93%E6%BF%9F%E3%80%8C%E6%80%A5%E6%95%91%E5%8C%85%E3%80%8D%20%E4%B8%AD%E5%9C%8B%E4%BF%9D%E5%AE%88%E7%BE%8E%E5%9C%8B%E6%BF%80%E9%80%B2%E7%9A%84%E8%83%8C%E5%BE%8C%E8%80%83%E9%87%8F&url=https%3A%2F%2Fwww.bbc.com%2Fzhongwen%2Ftrad%2Fbusiness-52120296
https://twitter.com/intent/tweet?text=BBC%20News%20%E4%B8%AD%E6%96%87%20-%20%E4%BF%9D%E5%AF%86%E6%94%BF%E7%AD%96&url=https%3A%2F%2Fwww.bbc.com%2Fzhongwen%2Ftrad%2Finstitutional-38652843
https://www.bbc.com/zhongwen/trad/topics/ba90754a-9033-4e9c-990b-d1139e5070a3
https://www.bbc.com/news/business-12686570
https://www.bbc.com/zhongwen/trad/world-52212318
https://www.linkedin.com/shareArticle?mini=true&url=https%3A%2F%2Fwww.bbc.com%2Fzhongwen%2Ftrad%2Finstitutional-38652843&title=%E4%BF%9D%E5%AF%86%E6%94%BF%E7%AD%96&summary=%E4%BF%9D%E5%AF%86%E6%94%BF%E7%AD%96&source=BBC
http://www.bbc.com/future
https://www.bbc.com/zhongwen/trad/chinese-news-52291968
https://www.bbc.co.uk/programmes/articles/1DxlgF5xbDW7FYdjG6mb9Dm/seven-cultural-trips-you-can-take-while-staying-in-this-weekend
https://www.bbc.com/sport/africa/52280553
https://www.bbc.com/travel/story/20200415-how-can-we-be-sustainable-post-covid-19
https://www.bbc.com/zhongwen/trad/business-51906250
https://www.bbc.com/zhongwen/trad/uk-45941365
https://www.bbc.com/zhongwen/trad/world-52267526
https://www.bbc.com/zhongwen/trad/world-47854728
https://www.linkedin.com/shareArticle?mini=true&url=https%3A%2F%2Fwww.bbc.com%2Fzhongwen%2Ftrad%2Finstitutional%2F2015%2F08%2F000000_advertising_faq.shtml&title=FAQs%20-%20%E5%B8%B8%E8%A6%8B%E5%95%8F%E9%A1%8C&summary=FAQs%20-%20%E5%B8%B8%E8%A6%8B%E5%95%8F%E9%A1%8C&source=BBC
https://www.bbc.com/weather/language/ga?redirect_location=%2Fweather
https://www.bbc.com/sport/netball
whatsapp://send?text=BBC%20News%20%E4%B8%AD%E6%96%87%20%7C%20%E8%82%BA%E7%82%8E%E7%96%AB%E6%83%85%EF%BC%9AIMF%E9%A0%90%E6%B8%AC%E5%85%A8%E7%90%83%E7%B6%93%E6%BF%9F%E8%90%8E%E7%B8%AE%E5%A0%AA%E6%AF%94%E5%A4%A7%E8%95%AD%E6%A2%9D%E6%99%82%E6%9C%9F%20-%20https%3A%2F%2Fwww.bbc.com%2Fzhongwen%2Ftrad%2Fbusiness-52294805%3Focid%3Dwszhongwen.chat-apps.in-app-msg.whatsapp.trial.link1_.auin
https://www.bbc.com/culture/music
https://www.bbc.com/zhongwen/trad/chinese-news-50634140
http://service.weibo.com/share/share.php?url=https%3A%2F%2Fwww.bbc.com%2Fzhongwen%2Ftrad%2Fworld-52268741&title=BBC%20News%20%E4%B8%AD%E6%96%87%20-%20%E8%82%BA%E7%82%8E%E7%96%AB%E6%83%85%EF%BC%9A%E4%BA%BA%E9%A1%9E%E7%96%BE%E7%97%85%E5%A4%A7%E6%B5%81%E8%A1%8C%20%EF%BC%8C%E5%9C%B0%E7%90%83%E7%9C%9F%E7%9A%84%E8%AE%8A%E5%AE%89%E9%9D%9C%E4%BA%86
http://www.plurk.com?status=https%3A%2F%2Fwww.bbc.com%2Fzhongwen%2Ftrad%2Fbusiness-52148560&qualifier=shares
https://www.bbc.com/zhongwen/simp/topics/d1383ec4-791c-410f-974e-95864e50bde7
https://www.bbc.com/zhongwen/trad/world-52082393
https://www.bbc.com/news/business/global_car_industry
http://service.weibo.com/share/share.php?url=https%3A%2F%2Fwww.bbc.com%2Fzhongwen%2Ftrad%2Fworld-52279565&title=BBC%20News%20%E4%B8%AD%E6%96%87%20-%20%E8%82%BA%E7%82%8E%E7%96%AB%E6%83%85%EF%BC%9A%E5%8D%B0%E5%B0%BC%E6%9D%91%E8%8E%8A%E3%80%8C%E5%8C%85%E9%A0%AD%E6%AE%AD%E5%B1%8D%E3%80%8D%E5%A4%9C%E9%96%93%E5%B7%A1%E9%82%8F%E9%98%BB%E6%AD%A2%E5%A4%96%E5%87%BA
https://twitter.com/intent/tweet?text=BBC%20News%20%E4%B8%AD%E6%96%87%20-%20%E8%82%BA%E7%82%8E%E7%96%AB%E6%83%85%EF%BC%9A%E4%BA%BA%E9%A1%9E%E7%96%BE%E7%97%85%E5%A4%A7%E6%B5%81%E8%A1%8C%20%EF%BC%8C%E5%9C%B0%E7%90%83%E7%9C%9F%E7%9A%84%E8%AE%8A%E5%AE%89%E9%9D%9C%E4%BA%86&url=https%3A%2F%2Fwww.bbc.com%2Fzhongwen%2Ftrad%2Fworld-52268741
https://www.bbc.com/zhongwen/trad/business-52289687
https://twitter.com/intent/tweet?text=BBC%20News%20%E4%B8%AD%E6%96%87%20-%20%E8%82%BA%E7%82%8E%E7%96%AB%E6%83%85%E5%9C%A8%E7%B4%90%E7%B4%84%EF%BC%9A%E6%8A%97%E7%96%AB%E5%89%8D%E7%B7%9A%E7%9A%8424%E5%B0%8F%E6%99%82&url=https%3A%2F%2Fwww.bbc.com%2Fzhongwen%2Ftrad%2Fworld-52276294
http://service.weibo.com/share/share.php?url=https%3A%2F%2Fwww.bbc.com%2Fzhongwen%2Ftrad%2Fbusiness-52148560&title=BBC%20News%20%E4%B8%AD%E6%96%87%20-%20%E8%82%BA%E7%82%8E%E7%96%AB%E6%83%85%EF%BC%9A%E6%96%B0%E5%86%A0%E7%97%85%E6%AF%92%E6%9C%83%E4%BB%A4%E5%85%A8%E7%90%83%E5%8C%96%E5%80%92%E9%80%80%E5%97%8E%EF%BC%9F
https://www.bbc.co.uk/news/uk-51768274
http://www.facebook.com/dialog/send?app_id=58567469885&redirect_uri=https%3A%2F%2Fwww.bbc.com%2Fzhongwen%2Ftrad%2Fbusiness-52148560&link=https%3A%2F%2Fwww.bbc.com%2Fzhongwen%2Ftrad%2Fbusiness-52148560%3FSThisFB&display=popup
http://www.plurk.com?status=https%3A%2F%2Fwww.bbc.com%2Fzhongwen%2Ftrad%2Fworld-52250824&qualifier=shares
https://account.bbc.com/account?lang=zh-Hant-CN
https://www.bbc.co.uk/cbbc/games/almost-never-dreamer-to-superstar-game
https://www.bbc.com/sport/52303829
http://www.bbc.co.uk/news/topics/cxqvep8kqext/long-reads
https://www.bbc.com/sport/boxing
http://www.facebook.com/dialog/send?app_id=58567469885&redirect_uri=https%3A%2F%2Fwww.bbc.com%2Fzhongwen%2Ftrad%2Finstitutional-38652843&link=https%3A%2F%2Fwww.bbc.com%2Fzhongwen%2Ftrad%2Finstitutional-38652843%3FSThisFB&display=popup
https://www.bbc.co.uk/programmes/articles/5w3zWw4kT6xRkSS72v2QGzv/ten-cooking-hacks-you-need-in-your-life
https://www.bbc.com/zhongwen/simp/world-52279565
https://www.bbc.com/zhongwen/trad/world-49691790
https://www.bbc.co.uk/iplayer/episode/m000fzm7/female-filmmakers-bbc-introducing-arts
http://weibo.com/login
https://www.bbc.co.uk/iplayer/episode/p088wzsg
https://www.bbc.com/fb-messenger://share?app_id=58567469885&redirect_uri=https%3A%2F%2Fwww.bbc.com%2Fzhongwen%2Ftrad%2Fworld-52206418&link=https%3A%2F%2Fwww.bbc.com%2Fzhongwen%2Ftrad%2Fworld-52206418%3FCMP%3Dshare_btn_me
https://www.bbc.com/zhongwen/trad/science-50312900
https://www.bbc.com/fb-messenger://share?app_id=58567469885&redirect_uri=https%3A%2F%2Fwww.bbc.com%2Fzhongwen%2Ftrad%2Fbusiness-52120296&link=https%3A%2F%2Fwww.bbc.com%2Fzhongwen%2Ftrad%2Fbusiness-52120296%3FCMP%3Dshare_btn_me
https://www.bbc.com/zhongwen/simp/topics/84bab5a3-426e-4051-86a3-00f0b085ef8e
https://www.bbc.com/sport/football/52287403
https://www.bbc.com/zhongwen/trad/uk-52296586
https://www.bbc.co.uk/blogs/5live/entries/ceb5bce7-5e9e-4f16-ac81-1bdea1939d8d
https://www.bbc.com/zhongwen/trad/business-50460631
https://www.bbc.co.uk/news/stories-43702764
https://www.bbc.com/zhongwen/trad/business-45359653
http://www.bbc.co.uk/privacy/cookies/about/?source_url=/privacy/bbc-cookies-policy.shtml%20
https://account.bbc.com/account?lang=zh-Hant-CN&ptrt=https://www.bbc.com/zhongwen/trad/business
http://sns.qzone.qq.com/cgi-bin/qzshare/cgi_qzshare_onekey?url=https%3A%2F%2Fwww.bbc.com%2Fzhongwen%2Ftrad%2Finstitutional%2F2014%2F01%2F000001_about_sharing
https://www.bbc.com/news/world-us-canada-52299468
https://www.bbc.com/zhongwen/trad/chinese-news-52292438
https://www.bbc.co.uk/iplayer/episode/p083bl3l/new-creatives-dingding-next
https://www.bbc.co.uk/books
https://www.bbc.co.uk/sport/football/52291542
https://www.douban.com/share/service?href=https%3A%2F%2Fwww.bbc.com%2Fzhongwen%2Ftrad%2Fworld-52268741&name=BBC%20News%20%E4%B8%AD%E6%96%87%20-%20%E8%82%BA%E7%82%8E%E7%96%AB%E6%83%85%EF%BC%9A%E4%BA%BA%E9%A1%9E%E7%96%BE%E7%97%85%E5%A4%A7%E6%B5%81%E8%A1%8C%20%EF%BC%8C%E5%9C%B0%E7%90%83%E7%9C%9F%E7%9A%84%E8%AE%8A%E5%AE%89%E9%9D%9C%E4%BA%86
https://www.bbc.co.uk/iplayer/episode/m000gwzj/mark-kermodes-secrets-of-cinema-series-2-3-spies
https://www.bbc.com/zhongwen/trad/business-48496982
http://sns.qzone.qq.com/cgi-bin/qzshare/cgi_qzshare_onekey?url=https%3A%2F%2Fwww.bbc.com%2Fzhongwen%2Ftrad%2Fworld-52206418
https://www.bbc.com/zhongwen/trad/world-52247098
https://www.bbc.com/ukchina/trad/vert-cap-51023025
https://www.bbc.com/zhongwen/simp/institutional-38652843
https://www.bbc.co.uk/iplayer/episode/m000hb75/your-home-made-perfect-series-2-2-punam-and-anuj
https://www.bbc.co.uk/sport/cycling/52283598
https://www.bbc.com/ukchina/trad/vert-tra-43560571
https://www.bbc.com/zhongwen/trad/47071544
https://www.bbc.com/zhongwen/trad/science-52126595
https://www.bbc.com/zhongwen/trad/chinese-news-49267305
https://www.bbc.com/sport/american-football
https://www.youtube.com/watch?time_continue=1&amp;v=di1H8IJtkxY&amp;feature=emb_logo
https://www.bbc.com/zhongwen/trad/world-44859907
https://www.bbc.com/zhongwen/trad/world-52088277
https://www.bbc.com/ukchina/trad/vert-cap-42324864
https://www.bbc.com/sport/football/52263959
https://www.facebook.com/bbctrad
http://www.bbc.co.uk/academy/zh-hans
https://www.bbc.co.uk/arts/arts-books
http://sns.qzone.qq.com/cgi-bin/qzshare/cgi_qzshare_onekey?url=https%3A%2F%2Fwww.bbc.com%2Fzhongwen%2Ftrad%2Finstitutional-38652843
http://www.meteogroup.com/
https://www.bbc.com/fb-messenger://share?app_id=58567469885&redirect_uri=https%3A%2F%2Fwww.bbc.com%2Fzhongwen%2Ftrad%2Finstitutional-38664417&link=https%3A%2F%2Fwww.bbc.com%2Fzhongwen%2Ftrad%2Finstitutional-38664417%3FCMP%3Dshare_btn_me
https://www.bbc.com/fb-messenger://share?app_id=58567469885&redirect_uri=https%3A%2F%2Fwww.bbc.com%2Fzhongwen%2Ftrad%2Finstitutional-38652837&link=https%3A%2F%2Fwww.bbc.com%2Fzhongwen%2Ftrad%2Finstitutional-38652837%3FCMP%3Dshare_btn_me
https://www.bbc.com/news/business-22434141
https://www.bbc.com/news/have_your_say
https://www.bbc.com/news/world_radio_and_tv
https://www.douban.com/share/service?href=https%3A%2F%2Fwww.bbc.com%2Fzhongwen%2Fsimp%2Fbusiness-52294805&name=BBC%20News%20%E4%B8%AD%E6%96%87%20-%20%E8%82%BA%E7%82%8E%E7%96%AB%E6%83%85%EF%BC%9AIMF%E9%A2%84%E6%B5%8B%E5%85%A8%E7%90%83%E7%BB%8F%E6%B5%8E%E8%90%8E%E7%BC%A9%E5%A0%AA%E6%AF%94%E5%A4%A7%E8%90%A7%E6%9D%A1%E6%97%B6%E6%9C%9F
http://www.plurk.com?status=https%3A%2F%2Fwww.bbc.com%2Fzhongwen%2Ftrad%2Finstitutional%2F2015%2F08%2F000000_advertising_faq.shtml&qualifier=shares
https://www.bbc.co.uk/cbbc
https://www.bbc.com/sport/africa
https://www.bbc.com/zhongwen/trad/chinese-news-52208183
https://www.bbc.com/sport/av/52287606
whatsapp://send?text=BBC%20News%20%E4%B8%AD%E6%96%87%20%7C%20%E8%82%BA%E7%82%8E%E7%96%AB%E6%83%85%E8%88%87%E5%A4%96%E4%BA%A4%E7%B7%8A%E5%BC%B5%EF%BC%9A%E6%96%B0%E5%86%A0%E7%97%85%E6%AF%92%E9%99%B0%E5%BD%B1%E4%B8%8B%E7%9A%84%E6%98%8E%E7%88%AD%E8%88%87%E6%9A%97%E9%AC%A5%20-%20https%3A%2F%2Fwww.bbc.com%2Fzhongwen%2Ftrad%2Fworld-52250824%3Focid%3Dwszhongwen.chat-apps.in-app-msg.whatsapp.trial.link1_.auin
https://www.bbc.com/news/world
https://www.bbc.co.uk/news/coronavirus
https://www.bbc.com/zhongwen/trad/world-51780863
https://www.bbc.co.uk/sounds/play/p089m0q5
https://www.bbc.com/earth/story/the-making-of-me-and-you
https://www.bbc.com/weather/outlook
https://www.bbc.co.uk/iplayer/episode/p084lz39/fierce-women-2-greta-thunberg
https://www.bbc.com/zhongwen/trad/chinese-news-52213196
https://www.bbc.com/news/coronavirus
https://www.bbc.com/zhongwen/trad/science-52001839
https://www.bbc.com/zhongwen/trad/science-51847910
https://www.bbc.com/zhongwen/trad/world-48680313
https://www.bbc.com/sport/football/52224708
https://www.bbc.com/zhongwen/trad/indepth/cluster_boxilai
https://www.bbc.co.uk/iplayer/episode/p084lv79/fierce-women-1-bjork
http://www.kaixin001.com/rest/records.php?url=https%3A%2F%2Fwww.bbc.com%2Fzhongwen%2Ftrad%2Fworld-52276294&style=11
https://twitter.com/intent/tweet?text=BBC%20News%20%E4%B8%AD%E6%96%87%20-%20%E8%82%BA%E7%82%8E%E7%96%AB%E6%83%85%EF%BC%9A%E7%B4%90%E7%B4%84%E4%B8%80%E4%BD%8D%E6%95%91%E8%AD%B7%E5%93%A1%E3%80%8C%E8%81%B7%E6%A5%AD%E7%94%9F%E6%B6%AF%E4%B8%AD%E6%9C%80%E8%89%B1%E9%9B%A3%E7%9A%84%E4%B8%80%E5%A4%A9%E3%80%8D&url=https%3A%2F%2Fwww.bbc.com%2Fzhongwen%2Ftrad%2Fworld-52273257
https://www.bbc.com/zhongwen/trad/world-46400437
https://www.linkedin.com/shareArticle?mini=true&url=https%3A%2F%2Fwww.bbc.com%2Fzhongwen%2Ftrad%2Fworld-52250824&title=%E8%82%BA%E7%82%8E%E7%96%AB%E6%83%85%E8%88%87%E5%A4%96%E4%BA%A4%E7%B7%8A%E5%BC%B5%EF%BC%9A%E6%96%B0%E5%86%A0%E7%97%85%E6%AF%92%E9%99%B0%E5%BD%B1%E4%B8%8B%E7%9A%84%E6%98%8E%E7%88%AD%E8%88%87%E6%9A%97%E9%AC%A5&summary=%E7%97%85%E6%AF%92%E4%BE%B5%E8%A5%B2%E4%B8%8D%E5%B0%91%E5%9C%8B%E5%AE%B6%E7%9A%84%E5%A4%96%E4%BA%A4%E9%97%9C%E4%BF%82%EF%BC%8C%E6%90%B6%E7%A9%BA%E9%96%93%E7%9A%84%E3%80%81%E7%88%AD%E7%89%A9%E8%B3%87%E7%9A%84%E3%80%81%E5%94%87%E6%A7%8D%E8%88%8C%E5%8A%8D%E7%9A%84%E3%80%81%E3%80%8C%E6%96%B0%E4%BB%87%E8%88%8A%E6%81%A8%E3%80%8D%E4%B8%80%E8%B5%B7%E6%B9%A7%E4%B8%8A%E5%BF%83%E9%A0%AD%E7%9A%84%E2%80%A6%E2%80%A6%E4%BD%86%E4%B9%9F%E6%9C%89%E5%B0%88%E5%AE%B6%E8%AA%8D%E7%82%BA%EF%BC%8C%E7%96%AB%E6%83%85%E6%97%A2%E6%98%AF%E5%8D%B1%E3%80%81%E4%B9%9F%E6%98%AF%E6%A9%9F%E3%80%82&source=BBC
https://www.bbc.com/zhongwen/trad/world-49852408
https://www.linkedin.com/shareArticle?mini=true&url=https%3A%2F%2Fwww.bbc.com%2Fzhongwen%2Ftrad%2Fbusiness-52148560&title=%E8%82%BA%E7%82%8E%E7%96%AB%E6%83%85%EF%BC%9A%E6%96%B0%E5%86%A0%E7%97%85%E6%AF%92%E6%9C%83%E4%BB%A4%E5%85%A8%E7%90%83%E5%8C%96%E5%80%92%E9%80%80%E5%97%8E%EF%BC%9F&summary=2019%E6%96%B0%E5%9E%8B%E5%86%A0%E7%8B%80%E7%97%85%E6%AF%92%E7%96%AB%E6%83%85%E6%9C%83%E4%B8%8D%E6%9C%83%E6%B0%B8%E9%81%A0%E6%94%B9%E8%AE%8A%E5%85%A8%E7%90%83%E7%B6%93%E6%BF%9F%E7%9A%84%E9%81%8B%E8%A1%8C%E6%A8%A1%E5%BC%8F%EF%BC%9F&source=BBC
https://www.bbc.com/zhongwen/trad/world-49451975
https://www.bbc.com/fb-messenger://share?app_id=58567469885&redirect_uri=https%3A%2F%2Fwww.bbc.com%2Fzhongwen%2Ftrad%2Fworld-52276294&link=https%3A%2F%2Fwww.bbc.com%2Fzhongwen%2Ftrad%2Fworld-52276294%3FCMP%3Dshare_btn_me
https://account.bbc.com/account?lang=zh-Hant-CN&ptrt=https://www.bbc.com/zhongwen/trad/world-52250824
https://www.bbc.com/sport/football/52279932
https://www.bbc.com/weather/language/gd?redirect_location=%2Fweather
http://www.bbc.co.uk/zhongwen/trad/indepth/cluster_south_sea_tension
https://www.bbc.com/ukchina/trad/51835478
https://www.bbc.co.uk/sport/football/51815586
https://www.bbc.com/sounds/play/live:bbc_world_service
whatsapp://send?text=BBC%20News%20%E4%B8%AD%E6%96%87%20%7C%20%E8%81%AF%E7%B5%A1%E6%88%91%E5%80%91%20-%20https%3A%2F%2Fwww.bbc.com%2Fzhongwen%2Ftrad%2Finstitutional-38664417%3Focid%3Dwszhongwen.chat-apps.in-app-msg.whatsapp.trial.link1_.auin
https://www.bbc.co.uk/schedules/p00fzl9m
https://www.bbc.co.uk/sounds/play/m000gt7y
http://weibo.com/signup/signup.php?from=zw&vsrc=app_sharepop&backurl=http%3A%2F%2Fservice.t.sina.com.cn%2Fshare%2Fshare.php%3Furl%3Dhttps%253A%252F%252Fwww.bbc.com%252Fzhongwen%252Ftrad%252Fbusiness-52294805%26title%3DBBC%2520News%2520%25E4%25B8%25AD%25E6%2596%2587%2520-%2520%25E8%2582%25BA%25E7%2582%258E%25E7%2596%25AB%25E6%2583%2585%25EF%25BC%259AIMF%25E9%25A0%2590%25E6%25B8%25AC%25E5%2585%25A8%25E7%2590%2583%25E7%25B6%2593%25E6%25BF%259F%25E8%2590%258E%25E7%25B8%25AE%25E5%25A0%25AA%25E6%25AF%2594%25E5%25A4%25A7%25E8%2595%25AD%25E6%25A2%259D%25E6%2599%2582%25E6%259C%259F&showlogo=0&appsrc=cUcI1A
https://www.bbc.com/zhongwen/trad/business-52000775
https://www.bbc.com/news/entertainment_and_arts
https://www.bbc.com/news/world-europe-52281902
https://www.bbc.co.uk/sounds/play/b06db5tv
https://www.bbc.com/ukchina/trad/40706543
http://www.bbc.co.uk/privacy/cookies/international/
http://www.bbc.com/travel
https://www.bbc.com/news/health-52279391
https://www.bbc.com/fb-messenger://share?app_id=58567469885&redirect_uri=https%3A%2F%2Fwww.bbc.com%2Fzhongwen%2Ftrad%2Finstitutional%2F2014%2F01%2F000001_about_sharing&link=https%3A%2F%2Fwww.bbc.com%2Fzhongwen%2Ftrad%2Finstitutional%2F2014%2F01%2F000001_about_sharing%3FCMP%3Dshare_btn_me
https://www.bbc.com/zhongwen/trad/world-50306233
https://www.bbc.com/zhongwen/trad/science-52146377
https://www.bbc.com/zhongwen/simp/institutional-38652837
https://www.bbc.com/zhongwen/trad/business-52229356
https://www.bbc.com/zhongwen/trad/world-49447605
https://www.bbc.com/news/the_reporters
https://www.bbc.com/sport/football/european
http://widget.renren.com/dialog/share?resourceUrl=https%3A%2F%2Fwww.bbc.com%2Fzhongwen%2Ftrad%2Fworld-52268741
https://www.linkedin.com/shareArticle?mini=true&url=https%3A%2F%2Fwww.bbc.com%2Fzhongwen%2Ftrad%2Finstitutional%2F2014%2F01%2F000001_about_sharing&title=%E3%80%8C%E5%88%86%E4%BA%AB%E3%80%8D%E6%9C%8D%E5%8B%99%E6%98%AF%E4%BB%80%E9%BA%BC%EF%BC%9F&summary=%E6%9C%89%E9%97%9C%E5%9C%A8%E6%89%8B%E6%A9%9F%E5%B9%B3%E5%8F%B0%E4%B8%8A%E5%88%86%E4%BA%ABBBC%E6%9D%90%E6%96%99%E7%9A%84%E7%B0%A1%E4%BB%8B&source=BBC
https://www.bbc.com/zhongwen/trad/world-51655479
https://www.bbc.co.uk/sport/cycling/52275648
https://www.bbc.com/zhongwen/simp/chinese_news
https://www.bbc.co.uk/sport/athletics/51800436
https://www.bbc.com/zhongwen/trad/uk-52198744
https://www.bbc.com/sport/cycling
https://www.bbc.com/zhongwen/trad/media-51478051
https://www.bbc.com/zhongwen/trad/topics/9a18805c-fb88-40ba-9763-bcc121d5d55c
https://www.bbc.com/sport/av/football/52233917
https://www.bbc.com/zhongwen/trad/uk-52269792
https://www.bbc.com/news/business-52292249
https://www.bbc.com/zhongwen/trad/world-51913970
http://www.bbc.com/news/10628994
https://www.bbc.com/zhongwen/trad/science-52199529
https://www.bbc.com/zhongwen/trad/world-52001708
https://www.bbc.com/zhongwen/trad/world-46582757
https://www.bbc.co.uk/arts/bbc-introducing-arts
https://www.bbc.com/sport/cycling/52275648
https://www.bbc.com/sport/formula1
https://www.bbc.com/zhongwen/simp/science
https://www.bbc.com/sport/cricket
whatsapp://send?text=BBC%20News%20%E4%B8%AD%E6%96%87%20%7C%20%E8%82%BA%E7%82%8E%E7%96%AB%E6%83%85%E4%B8%8B%E7%B6%93%E6%BF%9F%E3%80%8C%E6%80%A5%E6%95%91%E5%8C%85%E3%80%8D%20%E4%B8%AD%E5%9C%8B%E4%BF%9D%E5%AE%88%E7%BE%8E%E5%9C%8B%E6%BF%80%E9%80%B2%E7%9A%84%E8%83%8C%E5%BE%8C%E8%80%83%E9%87%8F%20-%20https%3A%2F%2Fwww.bbc.com%2Fzhongwen%2Ftrad%2Fbusiness-52120296%3Focid%3Dwszhongwen.chat-apps.in-app-msg.whatsapp.trial.link1_.auin
https://www.bbc.com/zhongwen/trad/chinese-news-50717706
https://www.bbc.com/ukchina/trad/vert-fut-42666125
https://www.bbc.com/zhongwen/trad/topics/dc27493c-d8e8-4fe2-9fbd-150564b5b959
http://www.bbc.com/worklife
https://www.bbc.com/ukchina/trad/vert-cap-43631399
https://www.bbc.co.uk/archive/richard-dimbleby-describes-belsen/zvw7cqt
https://www.bbc.com/zhongwen/trad/indepth/cluster_taiwan_election_2016
http://advertising.bbcworldwide.com/
http://widget.renren.com/dialog/share?resourceUrl=https%3A%2F%2Fwww.bbc.com%2Fzhongwen%2Ftrad%2Finstitutional-38652843
http://widget.renren.com/dialog/share?resourceUrl=https%3A%2F%2Fwww.bbc.com%2Fzhongwen%2Ftrad%2Finstitutional-38652839
https://www.bbc.com/zhongwen/trad/business-52240445
https://www.bbc.com/news/science_and_environment
https://www.bbc.com/zhongwen/trad/science-50972780
https://www.bbc.com/ukchina/trad/vert-cap-43656526
https://www.douban.com/share/service?href=https%3A%2F%2Fwww.bbc.com%2Fzhongwen%2Ftrad%2Finstitutional%2F2014%2F01%2F000001_about_sharing&name=BBC%20News%20%E4%B8%AD%E6%96%87%20-%20%E3%80%8C%E5%88%86%E4%BA%AB%E3%80%8D%E6%9C%8D%E5%8B%99%E6%98%AF%E4%BB%80%E9%BA%BC%EF%BC%9F
https://www.bbc.com/news/world/asia
https://www.bbc.com/zhongwen/trad/business-49598467
https://www.bbc.com/zhongwen/trad/world-47924884
http://www.plurk.com?status=https%3A%2F%2Fwww.bbc.com%2Fzhongwen%2Ftrad%2Finstitutional-38652843&qualifier=shares
https://www.bbc.com/zhongwen/trad/world-52301897
https://www.bbc.co.uk/sport/football/51800444
https://www.bbc.com/zhongwen/trad/science-49130425
http://www.bbc.co.uk/programmes/b0144txn
https://www.bbc.co.uk/programmes/p089061q
https://www.bbc.com/weather/features/52279545
https://www.bbc.co.uk/programmes/articles/34xrqlsgFMnkcqDrpdzwkH7/revealed-bbc-s-classical-music-during-culture-in-quarantine
https://www.bbc.com/zhongwen/trad/topics/e0d04166-b92f-468e-9e68-d5f9330e6ae7
https://account.bbc.com/account?lang=zh-Hant-CN&ptrt=https://www.bbc.com/zhongwen/trad/world-52206418
https://www.bbc.com/news/world-asia-52227735
http://service.weibo.com/share/share.php?url=https%3A%2F%2Fwww.bbc.com%2Fzhongwen%2Ftrad%2Fworld-52276294&title=BBC%20News%20%E4%B8%AD%E6%96%87%20-%20%E8%82%BA%E7%82%8E%E7%96%AB%E6%83%85%E5%9C%A8%E7%B4%90%E7%B4%84%EF%BC%9A%E6%8A%97%E7%96%AB%E5%89%8D%E7%B7%9A%E7%9A%8424%E5%B0%8F%E6%99%82
http://www.kaixin001.com/rest/records.php?url=https%3A%2F%2Fwww.bbc.com%2Fzhongwen%2Ftrad%2Fworld-52279565&style=11
https://twitter.com/home
https://www.bbc.com/zhongwen/trad/world-51643457
https://www.bbc.com/zhongwen/trad/world-51767745
https://www.bbc.com/zhongwen/trad/world-52152573
http://www.bbc.co.uk/terms/
https://www.bbc.com/ukchina/trad/vert-tra-48229997
https://www.bbc.com/zhongwen/trad/science-48773349
https://www.bbc.co.uk/cbbc/quizzes/top-class-map-master-quiz
https://www.bbc.com/zhongwen/simp/world-52267386
https://www.bbc.com/zhongwen/trad/world-50506639
https://www.bbc.com/zhongwen/trad/world-50903666
https://www.bbc.com/zhongwen/trad/indepth/cluster_zhu_xi_meeting
https://www.bbc.com/zhongwen/trad/world-52195064
https://twitter.com/intent/tweet?text=BBC%20News%20%E4%B8%AD%E6%96%87%20-%20BBC%E4%B8%AD%E6%96%87%E7%B6%B2%E7%B0%A1%E4%BB%8B&url=https%3A%2F%2Fwww.bbc.com%2Fzhongwen%2Ftrad%2Finstitutional-38652839
https://www.bbc.com/zhongwen/trad/chinese-news-52268661
https://www.bbc.co.uk/food/articles/nutrition_calculator
https://www.bbc.com/zhongwen/trad/world-49406641
https://www.bbc.co.uk/iplayer/episode/m000g6nt
https://www.bbc.com/zhongwen/trad/science-52267365
https://www.facebook.com/BBCArtsOnline
https://www.bbc.com/zhongwen/trad/chinese-news-52074912
https://account.bbc.com/account?lang=zh-Hant-CN&ptrt=https://www.bbc.com/zhongwen/trad/indepth
https://www.bbc.co.uk/academy/zh-hans/collections/television-zh-hans
https://twitter.com/BBCWorld
https://www.bbc.co.uk/iplayer/episodes/p0260ych/our-girl?seriesId=m000gpkx
https://www.bbc.com/sport/disability-sport
https://www.bbc.com/zhongwen/trad/topics/5307a8d9-f620-40f5-92d4-f99c919a6ffa
https://www.bbc.com/zhongwen/trad/world-51560540
https://www.bbc.com/culture
http://sns.qzone.qq.com/cgi-bin/qzshare/cgi_qzshare_onekey?url=https%3A%2F%2Fwww.bbc.com%2Fzhongwen%2Ftrad%2Fbusiness-52120296
http://www.facebook.com/dialog/feed?app_id=58567469885&redirect_uri=https%3A%2F%2Fwww.bbc.com%2Fzhongwen%2Ftrad%2Fworld-52268741&link=https%3A%2F%2Fwww.bbc.com%2Fzhongwen%2Ftrad%2Fworld-52268741%3FSThisFB&display=popup
https://www.bbc.co.uk/iplayer/episode/m000hb4r/the-great-mountain-sheep-gather
https://www.bbc.com/ukchina/trad/vert-cap-39804773
https://www.bbc.com/zhongwen/trad/world-52290542
https://www.bbc.co.uk/academy/zh-hans/collections/economic-vocabulary-zh-hans
https://www.bbc.com/zhongwen/trad/business-50915704
https://www.bbc.com/zhongwen/trad/science-52031589
https://www.douban.com/share/service?href=https%3A%2F%2Fwww.bbc.com%2Fzhongwen%2Ftrad%2Fworld-52276294&name=BBC%20News%20%E4%B8%AD%E6%96%87%20-%20%E8%82%BA%E7%82%8E%E7%96%AB%E6%83%85%E5%9C%A8%E7%B4%90%E7%B4%84%EF%BC%9A%E6%8A%97%E7%96%AB%E5%89%8D%E7%B7%9A%E7%9A%8424%E5%B0%8F%E6%99%82
https://www.bbc.com/sport/northern-ireland/gaelic-games
https://www.bbc.com/zhongwen/trad/world-51867084
http://www.facebook.com/dialog/feed?app_id=58567469885&redirect_uri=https%3A%2F%2Fwww.bbc.com%2Fzhongwen%2Ftrad%2Finstitutional-38652837&link=https%3A%2F%2Fwww.bbc.com%2Fzhongwen%2Ftrad%2Finstitutional-38652837%3FSThisFB&display=popup
http://www.bbc.co.uk/zhongwen/trad/indepth/cluster_thatcher_2013
https://www.bbc.com/alba
https://www.bbc.com/sport/av/football/52292110
whatsapp://send?text=BBC%20News%20%E4%B8%AD%E6%96%87%20%7C%20%E8%82%BA%E7%82%8E%E7%96%AB%E6%83%85%EF%BC%9A%E6%96%B0%E5%86%A0%E7%97%85%E6%AF%92%E6%9C%83%E4%BB%A4%E5%85%A8%E7%90%83%E5%8C%96%E5%80%92%E9%80%80%E5%97%8E%EF%BC%9F%20-%20https%3A%2F%2Fwww.bbc.com%2Fzhongwen%2Ftrad%2Fbusiness-52148560%3Focid%3Dwszhongwen.chat-apps.in-app-msg.whatsapp.trial.link1_.auin
http://sns.qzone.qq.com/cgi-bin/qzshare/cgi_qzshare_onekey?url=https%3A%2F%2Fwww.bbc.com%2Fzhongwen%2Ftrad%2Finstitutional%2F2015%2F08%2F000000_advertising_faq.shtml
whatsapp://send?text=BBC%20News%20%E4%B8%AD%E6%96%87%20%7C%20%E8%82%BA%E7%82%8E%E7%96%AB%E6%83%85%EF%BC%9A%E4%BA%BA%E9%A1%9E%E7%96%BE%E7%97%85%E5%A4%A7%E6%B5%81%E8%A1%8C%20%EF%BC%8C%E5%9C%B0%E7%90%83%E7%9C%9F%E7%9A%84%E8%AE%8A%E5%AE%89%E9%9D%9C%E4%BA%86%20-%20https%3A%2F%2Fwww.bbc.com%2Fzhongwen%2Ftrad%2Fworld-52268741%3Focid%3Dwszhongwen.chat-apps.in-app-msg.whatsapp.trial.link1_.auin
https://www.bbc.com/zhongwen/trad/chinese-news-50136810
https://account.bbc.com/account?lang=zh-Hant-CN&ptrt=https://www.bbc.com/zhongwen/trad/business-52120296
https://www.bbc.com/zhongwen/trad/science-51221775
https://www.bbc.com/news/localnews
https://www.bbc.com/news/world-asia-52305447
https://www.douban.com/share/service?href=https%3A%2F%2Fwww.bbc.com%2Fzhongwen%2Ftrad%2Fworld-52267386&name=BBC%20News%20%E4%B8%AD%E6%96%87%20-%20%E8%82%BA%E7%82%8E%E7%96%AB%E6%83%85%EF%BC%9A%E6%AD%90%E6%B4%B2%E5%B0%81%E5%9F%8E%E4%BB%A4%E4%B9%8B%E4%B8%8B%E7%9A%84%E9%9A%B1%E7%A7%98%E5%95%8F%E9%A1%8C%E2%80%94%E2%80%94%E5%AE%B6%E5%BA%AD%E6%9A%B4%E5%8A%9B
https://www.bbc.co.uk/news/technology-52289375
https://www.bbc.com/news/northern_ireland
https://www.bbc.com/weather/186301
https://www.bbc.com/zhongwen/trad/world-52287555
http://www.facebook.com/dialog/send?app_id=58567469885&redirect_uri=https%3A%2F%2Fwww.bbc.com%2Fzhongwen%2Ftrad%2Fworld-52206418&link=https%3A%2F%2Fwww.bbc.com%2Fzhongwen%2Ftrad%2Fworld-52206418%3FSThisFB&display=popup
https://twitter.com/BBC_HaveYourSay
https://www.bbc.co.uk/food/collections/4-ingredient_soups
http://www.bbc.com/ukchina/trad/cool_britannia/uk_qa
https://www.bbc.co.uk/iplayer/episode/m0008z3f
https://www.bbc.com/zhongwen/trad/business-51869074
http://widget.renren.com/dialog/share?resourceUrl=https%3A%2F%2Fwww.bbc.com%2Fzhongwen%2Ftrad%2Fworld-52267386
https://www.bbc.com/zhongwen/trad/world-52031770
https://www.bbc.com/sport/winter-sports
https://twitter.com/BBCSport
https://www.bbc.co.uk/programmes/articles/2vnfCsYz4rHKq7Yd0NK5fc0/the-theatre-designer-recreating-famous-paintings
https://www.bbc.com/ukchina/trad/uk-qa-40274203
https://www.bbc.com/zhongwen/trad/science-52213915
https://www.bbc.co.uk/programmes/articles/33zFD8cCX4jJQ6ZLlxQLp4f/the-surprising-cinematic-origins-of-superheroes-and-villains
whatsapp://send?text=BBC%20News%20%E4%B8%AD%E6%96%87%20%7C%20FAQs%20-%20%E5%B8%B8%E8%A6%8B%E5%95%8F%E9%A1%8C%20-%20https%3A%2F%2Fwww.bbc.com%2Fzhongwen%2Ftrad%2Finstitutional%2F2015%2F08%2F000000_advertising_faq.shtml%3Focid%3Dwszhongwen.chat-apps.in-app-msg.whatsapp.trial.link1_.auin
https://account.bbc.com/account?lang=zh-Hant-CN&ptrt=https://www.bbc.com/zhongwen/trad/business-52148560
https://www.bbc.com/news/world/us_and_canada
https://www.bbc.com/zhongwen/trad/business-49658526
https://www.bbc.com/zhongwen/trad/business-51499203
whatsapp://send?text=BBC%20News%20%E4%B8%AD%E6%96%87%20%7C%20%E8%82%BA%E7%82%8E%E7%96%AB%E6%83%85%EF%BC%9A%E7%B4%90%E7%B4%84%E4%B8%80%E4%BD%8D%E6%95%91%E8%AD%B7%E5%93%A1%E3%80%8C%E8%81%B7%E6%A5%AD%E7%94%9F%E6%B6%AF%E4%B8%AD%E6%9C%80%E8%89%B1%E9%9B%A3%E7%9A%84%E4%B8%80%E5%A4%A9%E3%80%8D%20-%20https%3A%2F%2Fwww.bbc.com%2Fzhongwen%2Ftrad%2Fworld-52273257%3Focid%3Dwszhongwen.chat-apps.in-app-msg.whatsapp.trial.link1_.auin
http://www.facebook.com/dialog/feed?app_id=58567469885&redirect_uri=https%3A%2F%2Fwww.bbc.com%2Fzhongwen%2Ftrad%2Finstitutional-38664417&link=https%3A%2F%2Fwww.bbc.com%2Fzhongwen%2Ftrad%2Finstitutional-38664417%3FSThisFB&display=popup
http://www.facebook.com/dialog/feed?app_id=58567469885&redirect_uri=https%3A%2F%2Fwww.bbc.com%2Fzhongwen%2Fsimp%2Fbusiness-52294805&link=https%3A%2F%2Fwww.bbc.com%2Fzhongwen%2Fsimp%2Fbusiness-52294805%3FSThisFB&display=popup
http://www.facebook.com/dialog/send?app_id=58567469885&redirect_uri=https%3A%2F%2Fwww.bbc.com%2Fzhongwen%2Ftrad%2Fbusiness-52120296&link=https%3A%2F%2Fwww.bbc.com%2Fzhongwen%2Ftrad%2Fbusiness-52120296%3FSThisFB&display=popup
https://account.bbc.com/account?lang=zh-Hant-CN&ptrt=https://www.bbc.com/zhongwen/trad/chinese_news
http://www.plurk.com?status=https%3A%2F%2Fwww.bbc.com%2Fzhongwen%2Ftrad%2Fworld-52279565&qualifier=shares
https://www.bbc.co.uk/programmes/p07f7m9q
https://www.bbc.co.uk/sounds
https://www.bbc.com/sport/golf/52272639
https://www.bbc.com/zhongwen/trad/science-51557630
http://www.bbc.com/ukchina/trad/cool_britannia/people_in_uk
http://service.weibo.com/share/share.php?url=https%3A%2F%2Fwww.bbc.com%2Fzhongwen%2Ftrad%2Finstitutional-38652839&title=BBC%20News%20%E4%B8%AD%E6%96%87%20-%20BBC%E4%B8%AD%E6%96%87%E7%B6%B2%E7%B0%A1%E4%BB%8B
https://www.bbc.co.uk/bbcthree
https://www.bbc.com/zhongwen/trad/uk-51720384
https://www.bbc.com/zhongwen/trad/topics/20111747-026a-4687-a5a7-0a0499746ac6
http://widget.renren.com/dialog/share?resourceUrl=https%3A%2F%2Fwww.bbc.com%2Fzhongwen%2Ftrad%2Finstitutional%2F2014%2F01%2F000001_about_sharing
https://www.bbc.com/zhongwen/trad/indepth/cluster_paris_serial_attacks
https://www.bbc.com/zhongwen/trad/science-52223173
https://www.bbc.com/news/world-asia-india-52293326
https://www.bbc.com/zhongwen/trad/chinese-news-52205058
https://www.bbc.com/sport/africa/52231689
https://www.bbc.com/zhongwen/trad/51222586
https://www.bbc.co.uk/cbeebies
https://www.bbc.com/zhongwen/trad/business-48667671
https://www.bbc.com/zhongwen/trad/chinese-news-49499922
https://www.bbc.co.uk/news/business-52152606
https://www.linkedin.com/shareArticle?mini=true&url=https%3A%2F%2Fwww.bbc.com%2Fzhongwen%2Ftrad%2Fworld-52279565&title=%E8%82%BA%E7%82%8E%E7%96%AB%E6%83%85%EF%BC%9A%E5%8D%B0%E5%B0%BC%E6%9D%91%E8%8E%8A%E3%80%8C%E5%8C%85%E9%A0%AD%E6%AE%AD%E5%B1%8D%E3%80%8D%E5%A4%9C%E9%96%93%E5%B7%A1%E9%82%8F%E9%98%BB%E6%AD%A2%E5%A4%96%E5%87%BA&summary=%E5%8D%B0%E5%B0%BC%E5%BE%9E%E4%B8%8A%E5%80%8B%E6%9C%88%E9%96%8B%E5%A7%8B%EF%BC%8C%E5%A4%9C%E9%96%93%E6%9C%89%E3%80%8C%E9%AC%BC%E3%80%8D%E5%B7%A1%E9%82%8F%E3%80%82&source=BBC
https://www.bbc.com/fb-messenger://share?app_id=58567469885&redirect_uri=https%3A%2F%2Fwww.bbc.com%2Fzhongwen%2Ftrad%2Fworld-52267386&link=https%3A%2F%2Fwww.bbc.com%2Fzhongwen%2Ftrad%2Fworld-52267386%3FCMP%3Dshare_btn_me
https://www.bbc.com/zhongwen/trad/world-52103102
http://www.facebook.com/dialog/send?app_id=58567469885&redirect_uri=https%3A%2F%2Fwww.bbc.com%2Fzhongwen%2Ftrad%2Finstitutional%2F2014%2F01%2F000001_about_sharing&link=https%3A%2F%2Fwww.bbc.com%2Fzhongwen%2Ftrad%2Finstitutional%2F2014%2F01%2F000001_about_sharing%3FSThisFB&display=popup
https://www.bbc.com/zhongwen/trad/business-45119923
https://twitter.com/account/begin_password_reset
whatsapp://send?text=BBC%20News%20%E4%B8%AD%E6%96%87%20%7C%20BBC%E4%B8%AD%E6%96%87%E7%B6%B2%E7%B0%A1%E4%BB%8B%20-%20https%3A%2F%2Fwww.bbc.com%2Fzhongwen%2Ftrad%2Finstitutional-38652839%3Focid%3Dwszhongwen.chat-apps.in-app-msg.whatsapp.trial.link1_.auin
https://www.bbc.com/news/business/market-data
https://www.bbc.com/zhongwen/trad/world-49395318
https://www.bbc.co.uk/sport/35176037
https://www.bbc.com/zhongwen/trad/world-52283114
https://www.bbc.com/ukchina/trad/vert-cap-43626266
https://www.bbc.com/news/world/latin_america
https://www.bbc.com/zhongwen/trad/world-52278414
https://www.bbc.com/news/world/asia/china
http://www.kaixin001.com/rest/records.php?url=https%3A%2F%2Fwww.bbc.com%2Fzhongwen%2Ftrad%2Finstitutional-38652839&style=11
https://www.bbc.com/news/business-11428889
http://www.bbc.com/zhongwen/trad/institutional/2013/02/130215_proxy_notice.shtml
https://www.bbc.com/sport/scotland
https://www.bbc.com/zhongwen/trad/world-48413060
http://www.bbc.co.uk/news/help-41670342
https://www.douban.com/share/service?href=https%3A%2F%2Fwww.bbc.com%2Fzhongwen%2Ftrad%2Fworld-52250824&name=BBC%20News%20%E4%B8%AD%E6%96%87%20-%20%E8%82%BA%E7%82%8E%E7%96%AB%E6%83%85%E8%88%87%E5%A4%96%E4%BA%A4%E7%B7%8A%E5%BC%B5%EF%BC%9A%E6%96%B0%E5%86%A0%E7%97%85%E6%AF%92%E9%99%B0%E5%BD%B1%E4%B8%8B%E7%9A%84%E6%98%8E%E7%88%AD%E8%88%87%E6%9A%97%E9%AC%A5
https://account.bbc.com/account?lang=zh-Hant-CN&ptrt=https://www.bbc.com/zhongwen/trad/world
https://www.bbc.com/zhongwen/trad/indepth/cluster_wwii_70th_anniversary
https://www.bbc.com/news/world/africa
https://www.bbc.com/zhongwen/trad/world-49800202
http://sns.qzone.qq.com/cgi-bin/qzshare/cgi_qzshare_onekey?url=https%3A%2F%2Fwww.bbc.com%2Fzhongwen%2Ftrad%2Finstitutional-38652837
http://feeds.bbci.co.uk/zhongwen/trad/indepth/rss.xml
https://www.bbc.com/news/world-us-canada-52304832
https://www.bbc.com/zhongwen/trad/world-46538072
https://www.douban.com/share/service?href=https%3A%2F%2Fwww.bbc.com%2Fzhongwen%2Ftrad%2Finstitutional%2F2015%2F08%2F000000_advertising_faq.shtml&name=BBC%20News%20%E4%B8%AD%E6%96%87%20-%20FAQs%20-%20%E5%B8%B8%E8%A6%8B%E5%95%8F%E9%A1%8C
https://www.bbc.com/sport/darts/
https://www.bbc.com/zhongwen/trad/world-52243369
https://www.facebook.com/bbcnews
https://www.bbc.com/zhongwen/trad/chinese-news-52276295
http://service.weibo.com/share/share.php?url=https%3A%2F%2Fwww.bbc.com%2Fzhongwen%2Ftrad%2Fworld-52250824&title=BBC%20News%20%E4%B8%AD%E6%96%87%20-%20%E8%82%BA%E7%82%8E%E7%96%AB%E6%83%85%E8%88%87%E5%A4%96%E4%BA%A4%E7%B7%8A%E5%BC%B5%EF%BC%9A%E6%96%B0%E5%86%A0%E7%97%85%E6%AF%92%E9%99%B0%E5%BD%B1%E4%B8%8B%E7%9A%84%E6%98%8E%E7%88%AD%E8%88%87%E6%9A%97%E9%AC%A5
https://www.bbc.com/news/england/beds_bucks_and_herts
https://www.bbc.com/zhongwen/trad/chinese-news-52197004
https://www.bbc.com/sport/football/52291542
https://www.bbc.com/northernireland
https://www.bbc.co.uk/taster
http://www.facebook.com/dialog/feed?app_id=58567469885&redirect_uri=https%3A%2F%2Fwww.bbc.com%2Fzhongwen%2Ftrad%2Fworld-52267386&link=https%3A%2F%2Fwww.bbc.com%2Fzhongwen%2Ftrad%2Fworld-52267386%3FSThisFB&display=popup
https://www.bbc.com/zhongwen/trad/chinese-news-52242087
https://account.bbc.com/account?lang=zh-Hans-CN&ptrt=https://www.bbc.com/zhongwen/simp/business-52294805
https://www.bbc.co.uk/sounds/play/p089hhmf
https://www.bbc.com/news/business/business_of_sport
https://www.bbc.com/news/world-australia-52131939
http://sns.qzone.qq.com/cgi-bin/qzshare/cgi_qzshare_onekey?url=https%3A%2F%2Fwww.bbc.com%2Fzhongwen%2Ftrad%2Fworld-52250824
https://www.bbc.com/zhongwen/trad/world-52214989
http://sns.qzone.qq.com/cgi-bin/qzshare/cgi_qzshare_onekey?url=https%3A%2F%2Fwww.bbc.com%2Fzhongwen%2Ftrad%2Fworld-52276294
https://www.bbc.com/news/business/companies
https://www.bbc.com/zhongwen/trad/indepth/cluster_russia_elect_2012
https://www.bbc.com/zhongwen/simp/media/video
https://www.bbc.com/zhongwen/trad/world-52016078
https://www.bbc.com/zhongwen/simp/world-52206418
https://support.twitter.com/groups/31-twitter-basics/topics/104-welcome-to-twitter-support/articles/215585-twitter-101-how-should-i-get-started-using-twitter
https://www.bbc.com/news/world-asia-india-52283748
https://www.bbc.com/zhongwen/trad/topics/8f65a9ca-5584-464b-9810-e681ce3fe95e
https://www.bbc.com/sport/mixed-martial-arts
http://www.metoffice.gov.uk/
https://twitter.com/intent/tweet?text=BBC%20News%20%E4%B8%AD%E6%96%87%20-%20%E3%80%8C%E5%88%86%E4%BA%AB%E3%80%8D%E6%9C%8D%E5%8B%99%E6%98%AF%E4%BB%80%E9%BA%BC%EF%BC%9F&url=https%3A%2F%2Fwww.bbc.com%2Fzhongwen%2Ftrad%2Finstitutional%2F2014%2F01%2F000001_about_sharing
https://www.bbc.com/zhongwen/trad/science-51770794
https://twitter.com/intent/tweet?text=BBC%20News%20%E4%B8%AD%E6%96%87%20-%20%E8%82%BA%E7%82%8E%E7%96%AB%E6%83%85%EF%BC%9A%E5%93%AA%E4%BA%9B%E5%9C%8B%E5%AE%B6%E7%B6%93%E6%BF%9F%E8%83%BD%E6%81%A2%E5%BE%A9%E5%BE%97%E6%9C%80%E5%BF%AB%E6%9C%80%E5%A5%BD&url=https%3A%2F%2Fwww.bbc.com%2Fzhongwen%2Ftrad%2Fworld-52206418
https://www.bbc.com/ukchina/trad/life-in-uk-42276264
https://www.bbc.com/zhongwen/trad/topics/ca170ae3-99c1-48db-9b67-2866f85e7342
https://account.bbc.com/account?lang=zh-Hant-CN&ptrt=https://www.bbc.com/zhongwen/trad/world-52276294
https://www.bbc.com/sport/golf
http://www.kaixin001.com/rest/records.php?url=https%3A%2F%2Fwww.bbc.com%2Fzhongwen%2Ftrad%2Finstitutional%2F2014%2F01%2F000001_about_sharing&style=11
https://www.bbc.com/sport/formula1/52298813
http://www.facebook.com/dialog/feed?app_id=58567469885&redirect_uri=https%3A%2F%2Fwww.bbc.com%2Fzhongwen%2Ftrad%2Fworld-52276294&link=https%3A%2F%2Fwww.bbc.com%2Fzhongwen%2Ftrad%2Fworld-52276294%3FSThisFB&display=popup
https://www.bbc.com/zhongwen/trad/world-52132483
https://www.bbc.com/zhongwen
https://www.bbc.com/zhongwen/trad/business-52045978
https://www.bbc.com/zhongwen/trad/science-51908577
https://www.bbc.com/zhongwen/trad/world-51944243
https://www.facebook.com/BBCSport
http://www.facebook.com/dialog/send?app_id=58567469885&redirect_uri=https%3A%2F%2Fwww.bbc.com%2Fzhongwen%2Ftrad%2Fworld-52279565&link=https%3A%2F%2Fwww.bbc.com%2Fzhongwen%2Ftrad%2Fworld-52279565%3FSThisFB&display=popup
https://twitter.com/intent/tweet?text=BBC%20News%20%E4%B8%AD%E6%96%87%20-%20%E8%82%BA%E7%82%8E%E7%96%AB%E6%83%85%E8%88%87%E5%A4%96%E4%BA%A4%E7%B7%8A%E5%BC%B5%EF%BC%9A%E6%96%B0%E5%86%A0%E7%97%85%E6%AF%92%E9%99%B0%E5%BD%B1%E4%B8%8B%E7%9A%84%E6%98%8E%E7%88%AD%E8%88%87%E6%9A%97%E9%AC%A5&url=https%3A%2F%2Fwww.bbc.com%2Fzhongwen%2Ftrad%2Fworld-52250824
https://www.bbc.com/future
https://www.bbc.co.uk/iplayer/episode/m000gpkw
http://service.weibo.com/share/share.php?url=https%3A%2F%2Fwww.bbc.com%2Fzhongwen%2Fsimp%2Fbusiness-52294805&title=BBC%20News%20%E4%B8%AD%E6%96%87%20-%20%E8%82%BA%E7%82%8E%E7%96%AB%E6%83%85%EF%BC%9AIMF%E9%A2%84%E6%B5%8B%E5%85%A8%E7%90%83%E7%BB%8F%E6%B5%8E%E8%90%8E%E7%BC%A9%E5%A0%AA%E6%AF%94%E5%A4%A7%E8%90%A7%E6%9D%A1%E6%97%B6%E6%9C%9F
https://www.bbc.com/fb-messenger://share?app_id=58567469885&redirect_uri=https%3A%2F%2Fwww.bbc.com%2Fzhongwen%2Ftrad%2Fworld-52250824&link=https%3A%2F%2Fwww.bbc.com%2Fzhongwen%2Ftrad%2Fworld-52250824%3FCMP%3Dshare_btn_me
https://www.bbc.com/news/world-us-canada-52304993
https://www.bbc.com/zhongwen/trad/world-47303691
https://www.bbc.com/zhongwen/trad/world-52081489
https://www.bbc.co.uk/sport/15561348
http://sns.qzone.qq.com/cgi-bin/qzshare/cgi_qzshare_onekey?url=https%3A%2F%2Fwww.bbc.com%2Fzhongwen%2Fsimp%2Fbusiness-52294805
http://sns.qzone.qq.com/cgi-bin/qzshare/cgi_qzshare_onekey?url=https%3A%2F%2Fwww.bbc.com%2Fzhongwen%2Ftrad%2Fworld-52273257
https://www.bbc.com/news/world-us-canada-52294623
https://artuk.org/discover/stories/edith-cavell-commemorating-the-nurse-who-became-a-first-world-war-heroine 
https://www.bbc.com/news/live/world-52305053
https://www.bbc.com/zhongwen/trad/world-48747097
https://www.bbc.co.uk/sport/football/52297066
http://www.facebook.com/dialog/send?app_id=58567469885&redirect_uri=https%3A%2F%2Fwww.bbc.com%2Fzhongwen%2Ftrad%2Fworld-52250824&link=https%3A%2F%2Fwww.bbc.com%2Fzhongwen%2Ftrad%2Fworld-52250824%3FSThisFB&display=popup
https://www.bbc.com/
https://www.bbc.com/zhongwen/trad/business-51832544
https://www.bbc.com/zhongwen/trad/world-48902384
https://www.bbc.com/sport/diving/
https://www.bbc.com/zhongwen/simp/world
https://www.bbc.com/sport/snooker
https://www.bbc.com/zhongwen/trad/topics/0239ab33-1cfc-4f5d-babb-a8159711af3e
https://www.linkedin.com/shareArticle?mini=true&url=https%3A%2F%2Fwww.bbc.com%2Fzhongwen%2Ftrad%2Fworld-52267386&title=%E8%82%BA%E7%82%8E%E7%96%AB%E6%83%85%EF%BC%9A%E6%AD%90%E6%B4%B2%E5%B0%81%E5%9F%8E%E4%BB%A4%E4%B9%8B%E4%B8%8B%E7%9A%84%E9%9A%B1%E7%A7%98%E5%95%8F%E9%A1%8C%E2%80%94%E2%80%94%E5%AE%B6%E5%BA%AD%E6%9A%B4%E5%8A%9B&summary=%E6%AD%90%E6%B4%B2%E5%A4%9A%E5%9C%8B%E5%AF%A6%E6%96%BD%E5%B0%81%E9%8E%96%E4%BB%A4%E5%A4%9A%E5%80%8B%E6%98%9F%E6%9C%9F%E4%B9%8B%E5%BE%8C%EF%BC%8C%E5%AE%B6%E5%BA%AD%E6%9A%B4%E5%8A%9B%E7%9A%84%E6%A1%88%E4%BB%B6%E5%8D%BB%E4%BB%A5%E4%BB%A4%E4%BA%BA%E6%93%94%E6%86%82%E7%9A%84%E8%B6%A8%E5%8B%A2%E5%87%BA%E7%8F%BE%E3%80%82&source=BBC
https://www.bbc.co.uk/sport
whatsapp://send?text=BBC%20News%20%E4%B8%AD%E6%96%87%20%7C%20%E8%82%BA%E7%82%8E%E7%96%AB%E6%83%85%EF%BC%9A%E5%8D%B0%E5%B0%BC%E6%9D%91%E8%8E%8A%E3%80%8C%E5%8C%85%E9%A0%AD%E6%AE%AD%E5%B1%8D%E3%80%8D%E5%A4%9C%E9%96%93%E5%B7%A1%E9%82%8F%E9%98%BB%E6%AD%A2%E5%A4%96%E5%87%BA%20-%20https%3A%2F%2Fwww.bbc.com%2Fzhongwen%2Ftrad%2Fworld-52279565%3Focid%3Dwszhongwen.chat-apps.in-app-msg.whatsapp.trial.link1_.auin
http://weibo.com
http://www.bbc.co.uk/sport/football/gossip/
https://www.bbc.co.uk/news/live/world-52305053
https://www.tate.org.uk/visit/tate-britain/dancing-art
https://www.bbc.co.uk/news/uk-politics-52304918
whatsapp://send?text=BBC%20News%20%E4%B8%AD%E6%96%87%20%7C%20%E8%82%BA%E7%82%8E%E7%96%AB%E6%83%85%E5%9C%A8%E7%B4%90%E7%B4%84%EF%BC%9A%E6%8A%97%E7%96%AB%E5%89%8D%E7%B7%9A%E7%9A%8424%E5%B0%8F%E6%99%82%20-%20https%3A%2F%2Fwww.bbc.com%2Fzhongwen%2Ftrad%2Fworld-52276294%3Focid%3Dwszhongwen.chat-apps.in-app-msg.whatsapp.trial.link1_.auin
https://www.bbc.com/zhongwen/trad/topics/e7f068e4-c41a-448c-9efc-769ef0ee1803
https://www.bbc.com/zhongwen/trad/indepth/cluster_cultural_revolution_50th_anniversay
https://www.bbc.com/sport/cricket/52280772
https://www.bbc.com/ukchina/trad/vert-tra-47964458
http://service.weibo.com/share/share.php?url=https%3A%2F%2Fwww.bbc.com%2Fzhongwen%2Ftrad%2Finstitutional-38652843&title=BBC%20News%20%E4%B8%AD%E6%96%87%20-%20%E4%BF%9D%E5%AF%86%E6%94%BF%E7%AD%96
https://www.bbc.com/news/world-us-canada-52305562
https://www.bbc.com/zhongwen/trad/business-51588790
http://www.facebook.com/dialog/feed?app_id=58567469885&redirect_uri=https%3A%2F%2Fwww.bbc.com%2Fzhongwen%2Ftrad%2Fworld-52273257&link=https%3A%2F%2Fwww.bbc.com%2Fzhongwen%2Ftrad%2Fworld-52273257%3FSThisFB&display=popup
https://www.bbc.com/zhongwen/trad/topics/c4794229-7f87-43ce-ac0a-6cfcd6d3cef2
https://www.bbc.com/zhongwen/trad/world-52059237
https://www.bbc.com/sport/rugby-league/52299880
https://www.bbc.com/zhongwen/trad/science-52247927
https://www.bbc.com/zhongwen/trad/world-51995248
http://sns.qzone.qq.com/cgi-bin/qzshare/cgi_qzshare_onekey?url=https%3A%2F%2Fwww.bbc.com%2Fzhongwen%2Ftrad%2Fbusiness-52148560
https://www.bbc.co.uk/programmes/articles/4g8c0mkNmM190Zl00VdXTTb/bbc-news-daily-email
https://www.bbc.com/news/video_and_audio/headlines
https://www.bbc.com/zhongwen/trad/topics/4aa966f9-091e-4dd1-8f10-a44ca20aec5d
https://www.bbc.com/zhongwen/trad/chinese-news-51395635
https://www.bbc.com/zhongwen/trad/world-51506782
http://www.facebook.com/dialog/send?app_id=58567469885&redirect_uri=https%3A%2F%2Fwww.bbc.com%2Fzhongwen%2Ftrad%2Fworld-52268741&link=https%3A%2F%2Fwww.bbc.com%2Fzhongwen%2Ftrad%2Fworld-52268741%3FSThisFB&display=popup
https://www.bbc.com/zhongwen/trad/media-51478053
https://www.bbc.com/zhongwen/trad/chinese-news-52212590
https://www.bbc.com/zhongwen/simp/uk
http://www.kaixin001.com/rest/records.php?url=https%3A%2F%2Fwww.bbc.com%2Fzhongwen%2Ftrad%2Fworld-52273257&style=11
https://www.bbc.co.uk/bitesize
https://www.bbc.com/zhongwen/trad/business-45485294
https://www.instagram.com/bbcnews
https://www.bbc.com/zhongwen/trad/business-51624651
https://www.bbc.com/zhongwen/trad/uk-51552532
https://www.bbc.co.uk/programmes/articles/2nhlKdp0VvcQ4jbqb6pYygp/the-latest-news-from-culture-in-quarantine
https://www.bbc.co.uk/food/collections/easy_egg_suppers
https://www.bbc.com/zhongwen/trad/uk-49730311
https://www.bbc.co.uk/programmes/articles/45gMYKsDtlRx1WdTCZh3q2b/culture-in-quarantine-tv-radio-and-digital-schedule
https://www.bbc.com/zhongwen/trad/business-51814518
https://www.bbc.co.uk/iplayer/episode/m000h3dq/du-fu-chinas-greatest-poet
https://www.bbc.com/sport/football/52070329
https://www.bbc.com/ukchina/trad/vert-cap-43472367
https://www.bbc.com/zhongwen/trad/chinese-news-52228840
https://www.bbc.com/ukchina/trad/vert-tra-45655857
https://www.bbc.co.uk/news/av/uk-england-manchester-52297848/weather-presenter-drumming-to-bbc-news-theme-creates-online-storm
https://www.bbc.com/news/world-europe-52301446
https://www.bbc.co.uk/sport/football/52072592
https://www.bbc.com/sport/rugby-league
https://www.bbc.com/zhongwen/trad/world-49783950
https://www.bbc.co.uk/usingthebbc/terms/
https://www.bbc.com/zhongwen/trad/indepth/cluster_paris_attack
https://www.bbc.com/sport/football/52294467
https://www.bbc.com/zhongwen/trad/business-52300931
https://www.bbc.com/sport/olympics
https://www.bbc.co.uk/iplayer/episode/p07p5l6y/inside-cinema-2019-12-the-wilhelm-scream
https://www.bbc.com/zhongwen/trad/business-51807021
https://www.bbc.com/zhongwen/simp/world-52273257
http://widget.renren.com/dialog/share?resourceUrl=https%3A%2F%2Fwww.bbc.com%2Fzhongwen%2Ftrad%2Fbusiness-52148560
https://www.bbc.com/zhongwen/simp/indepth
https://www.bbc.com/zhongwen/trad/chinese-news-51329961
https://www.bbc.com/zhongwen/trad/science-52027047
https://www.bbc.com/future/article/20200414-how-to-maintain-relationships-in-self-isolation
https://www.bbc.com/ukchina/trad/41625140
https://www.bbc.com/zhongwen/trad/topics/d2c2ba68-f9ad-4185-a6d1-7f6437256735
https://www.bbc.com/news/england
https://www.bbc.com/zhongwen/trad/topics/918e9487-dc88-44e2-8168-057149670ec3
http://service.weibo.com/share/share.php?url=https%3A%2F%2Fwww.bbc.com%2Fzhongwen%2Ftrad%2Fbusiness-52120296&title=BBC%20News%20%E4%B8%AD%E6%96%87%20-%20%E8%82%BA%E7%82%8E%E7%96%AB%E6%83%85%E4%B8%8B%E7%B6%93%E6%BF%9F%E3%80%8C%E6%80%A5%E6%95%91%E5%8C%85%E3%80%8D%20%E4%B8%AD%E5%9C%8B%E4%BF%9D%E5%AE%88%E7%BE%8E%E5%9C%8B%E6%BF%80%E9%80%B2%E7%9A%84%E8%83%8C%E5%BE%8C%E8%80%83%E9%87%8F
https://www.bbc.com/zhongwen/trad/world-52167834
whatsapp://send?text=BBC%20News%20%E4%B8%AD%E6%96%87%20%7C%20%E8%82%BA%E7%82%8E%E7%96%AB%E6%83%85%EF%BC%9A%E6%AD%90%E6%B4%B2%E5%B0%81%E5%9F%8E%E4%BB%A4%E4%B9%8B%E4%B8%8B%E7%9A%84%E9%9A%B1%E7%A7%98%E5%95%8F%E9%A1%8C%E2%80%94%E2%80%94%E5%AE%B6%E5%BA%AD%E6%9A%B4%E5%8A%9B%20-%20https%3A%2F%2Fwww.bbc.com%2Fzhongwen%2Ftrad%2Fworld-52267386%3Focid%3Dwszhongwen.chat-apps.in-app-msg.whatsapp.trial.link1_.auin
https://www.bbc.co.uk/sounds/play/p089hkty
https://www.bbc.com/zhongwen/simp/topics/65ba56b4-3f50-4217-ab8e-b3c1fe890364
https://www.bbc.com/zhongwen/trad/science-52236039
https://www.bbc.com/zhongwen/trad/47116759
https://www.youtube.com/channel/UCW6-BQWFA70Dyyc7ZpZ9Xlg
https://www.bbc.com/zhongwen/trad/business-50013928
http://www.plurk.com?status=https%3A%2F%2Fwww.bbc.com%2Fzhongwen%2Ftrad%2Fworld-52206418&qualifier=shares
https://www.bbc.com/sport/15890345
https://www.bbc.co.uk/news/topics/cxqvep8kqext/long-reads
https://www.bbc.com/zhongwen/trad/business-51736986
https://artuk.org/discover/stories/rose-wylie-an-aesthetic-of-playful-naivety
https://www.bbc.com/fb-messenger://share?app_id=58567469885&redirect_uri=https%3A%2F%2Fwww.bbc.com%2Fzhongwen%2Ftrad%2Fworld-52268741&link=https%3A%2F%2Fwww.bbc.com%2Fzhongwen%2Ftrad%2Fworld-52268741%3FCMP%3Dshare_btn_me
http://www.kaixin001.com/rest/records.php?url=https%3A%2F%2Fwww.bbc.com%2Fzhongwen%2Ftrad%2Fworld-52250824&style=11
https://www.bbc.com/zhongwen/simp/topics/b3f4238f-ae69-4c19-8f0e-8bef7d4f359c
https://www.bbc.com/news/business
https://www.bbc.com/zhongwen/trad/business-51618788
http://www.plurk.com?status=https%3A%2F%2Fwww.bbc.com%2Fzhongwen%2Ftrad%2Fworld-52276294&qualifier=shares
https://www.linkedin.com/shareArticle?mini=true&url=https%3A%2F%2Fwww.bbc.com%2Fzhongwen%2Ftrad%2Finstitutional-38664417&title=%E8%81%AF%E7%B5%A1%E6%88%91%E5%80%91&summary=%E8%81%AF%E7%B5%A1%E6%88%91%E5%80%91&source=BBC
https://www.bbc.com/news/scotland
https://www.douban.com/share/service?href=https%3A%2F%2Fwww.bbc.com%2Fzhongwen%2Ftrad%2Finstitutional-38652837&name=BBC%20News%20%E4%B8%AD%E6%96%87%20-%20%E4%BD%BF%E7%94%A8%E6%A2%9D%E6%AC%BE%EF%BC%88%E8%8B%B1%E8%AA%9E%EF%BC%89
https://www.douban.com/share/service?href=https%3A%2F%2Fwww.bbc.com%2Fzhongwen%2Ftrad%2Fworld-52279565&name=BBC%20News%20%E4%B8%AD%E6%96%87%20-%20%E8%82%BA%E7%82%8E%E7%96%AB%E6%83%85%EF%BC%9A%E5%8D%B0%E5%B0%BC%E6%9D%91%E8%8E%8A%E3%80%8C%E5%8C%85%E9%A0%AD%E6%AE%AD%E5%B1%8D%E3%80%8D%E5%A4%9C%E9%96%93%E5%B7%A1%E9%82%8F%E9%98%BB%E6%AD%A2%E5%A4%96%E5%87%BA
https://www.bbc.com/news/world-europe-52299358
https://www.bbc.com/ukchina/trad/vert-cap-42252691
https://www.bbc.com/zhongwen/trad/topics/2e91364c-5c77-4660-b76e-d76202785e64
https://www.bbc.com/weather/about/17543675
https://www.bbc.co.uk/news/uk-england-beds-bucks-herts-52303859
https://www.bbc.com/news/education-51538701
https://www.bbc.co.uk/iplayer/episode/p0892kf6/wise-children
https://twitter.com/signup?context=webintent
https://www.bbc.com/zhongwen/trad/business-51823218
https://www.bbc.com/weather/about/17185651
https://www.bbc.co.uk/sounds/play/p067wsbq
https://www.bbc.com/weather/2253354
https://www.bbc.com/zhongwen/trad/uk-51531753
https://www.bbc.com/zhongwen/trad/world-52161642
https://twitter.com/bbcchinese
https://www.bbc.com/zhongwen/simp/institutional/2015/08/000000_advertising_faq.shtml
https://www.bbc.com/zhongwen/trad/indepth/cluster_china_us_schina_sea_confrontation
http://www.facebook.com/dialog/send?app_id=58567469885&redirect_uri=https%3A%2F%2Fwww.bbc.com%2Fzhongwen%2Ftrad%2Finstitutional-38652839&link=https%3A%2F%2Fwww.bbc.com%2Fzhongwen%2Ftrad%2Finstitutional-38652839%3FSThisFB&display=popup
https://www.bbc.com/zhongwen/simp/topics/5fe79b8d-56e5-4aff-8b05-21f9ad731912
https://www.bbc.com/zhongwen/trad/chinese-news-52240877
https://www.bbc.co.uk/programmes/articles/26yswt0XMDsXKZgT051PpX1/my-lips-belong-to-no-one-celebrating-the-next-generation-of-female-filmmakers-on-international-womens-day
https://www.bbc.com/zhongwen/trad/world-52056633
https://www.douban.com/share/service?href=https%3A%2F%2Fwww.bbc.com%2Fzhongwen%2Ftrad%2Fbusiness-52120296&name=BBC%20News%20%E4%B8%AD%E6%96%87%20-%20%E8%82%BA%E7%82%8E%E7%96%AB%E6%83%85%E4%B8%8B%E7%B6%93%E6%BF%9F%E3%80%8C%E6%80%A5%E6%95%91%E5%8C%85%E3%80%8D%20%E4%B8%AD%E5%9C%8B%E4%BF%9D%E5%AE%88%E7%BE%8E%E5%9C%8B%E6%BF%80%E9%80%B2%E7%9A%84%E8%83%8C%E5%BE%8C%E8%80%83%E9%87%8F
https://www.bbc.com/ukchina/trad/vert-tra-43642173
https://www.bbc.com/zhongwen/trad/chinese-news-52211627
https://www.bbc.com/zhongwen/trad/chinese-news-52270093
https://www.bbc.com/sport/tennis
https://www.bbc.com/weather/language/cy?redirect_location=%2Fweather
https://www.bbc.com/zhongwen/trad/chinese-news-44992076
https://www.bbc.com/zhongwen/trad/indepth/cluster_russia_china
https://www.bbc.co.uk/programmes/articles/142Tq2klxnX90R35wnSfCYx/seven-inexpensive-ways-to-improve-your-home
http://www.plurk.com?status=https%3A%2F%2Fwww.bbc.com%2Fzhongwen%2Ftrad%2Finstitutional-38664417&qualifier=shares
https://www.bbc.com/sport/cricket/52262620
https://www.bbc.com/zhongwen/trad/world-52259702
https://www.connected.theartssociety.org/talks-lectures
https://www.bbc.co.uk/programmes/b006qsq5
https://www.bbc.com/zhongwen/trad/world-52276296
https://www.bbc.com/sport/england
https://www.bbc.com/zhongwen/simp/institutional-38664417
https://www.bbc.co.uk/sounds/play/m000h6qm
https://www.bbc.co.uk/usingthebbc/cookies/
https://www.bbc.com/fb-messenger://share?app_id=58567469885&redirect_uri=https%3A%2F%2Fwww.bbc.com%2Fzhongwen%2Ftrad%2Finstitutional-38652839&link=https%3A%2F%2Fwww.bbc.com%2Fzhongwen%2Ftrad%2Finstitutional-38652839%3FCMP%3Dshare_btn_me
https://www.bbc.com/weather/warnings/floods
https://www.bbc.co.uk/academy/zh-hans/collections/digital-journalism-zh-hans
https://www.bbc.com/ukchina/trad/51928515
https://www.bbc.com/zhongwen/trad/world-52291486
https://www.bbc.co.uk/sounds/category/sport?sort=popular
http://www.kaixin001.com/rest/records.php?url=https%3A%2F%2Fwww.bbc.com%2Fzhongwen%2Ftrad%2Fworld-52206418&style=11
https://www.bbc.co.uk/sport/cycling/52151401
https://www.bbc.com/zhongwen/trad/world-51797486
https://www.bbc.com/culture/story/20200415-the-best-tv-series-to-watch-in-lockdown
https://www.bbc.com/sport/athletics
https://www.instagram.com/bbcarts
https://www.bbc.com/zhongwen/trad/indepth/cluster_uk_election_2105
https://www.bbc.com/zhongwen/trad/indepth/cluster_xijinping_visit_uk
http://www.facebook.com/dialog/feed?app_id=58567469885&redirect_uri=https%3A%2F%2Fwww.bbc.com%2Fzhongwen%2Ftrad%2Fbusiness-52120296&link=https%3A%2F%2Fwww.bbc.com%2Fzhongwen%2Ftrad%2Fbusiness-52120296%3FSThisFB&display=popup
http://www.kaixin001.com/rest/records.php?url=https%3A%2F%2Fwww.bbc.com%2Fzhongwen%2Ftrad%2Finstitutional-38652837&style=11
https://twitter.com/intent/tweet?text=BBC%20News%20%E4%B8%AD%E6%96%87%20-%20%E8%82%BA%E7%82%8E%E7%96%AB%E6%83%85%EF%BC%9A%E6%96%B0%E5%86%A0%E7%97%85%E6%AF%92%E6%9C%83%E4%BB%A4%E5%85%A8%E7%90%83%E5%8C%96%E5%80%92%E9%80%80%E5%97%8E%EF%BC%9F&url=https%3A%2F%2Fwww.bbc.com%2Fzhongwen%2Ftrad%2Fbusiness-52148560
https://www.bbc.com/sport/av/52258338
https://www.bbc.com/zhongwen/trad/world-51869081
https://account.bbc.com/account?lang=zh-Hant-CN&ptrt=https://www.bbc.com/zhongwen/trad/institutional-38652843
https://www.bbc.com/news/world/australia
http://www.facebook.com/dialog/send?app_id=58567469885&redirect_uri=https%3A%2F%2Fwww.bbc.com%2Fzhongwen%2Ftrad%2Finstitutional-38664417&link=https%3A%2F%2Fwww.bbc.com%2Fzhongwen%2Ftrad%2Finstitutional-38664417%3FSThisFB&display=popup
https://www.bbc.co.uk/news
https://www.bbc.co.uk/programmes/p0706zlm
https://www.bbc.com/zhongwen/trad/world-47486517
https://www.bbc.com/zhongwen/trad/uk-51676464
https://www.bbc.com/news/world-europe-52301875
https://www.bbc.com/ukchina/trad/vert-tra-42198304
http://sns.qzone.qq.com/cgi-bin/qzshare/cgi_qzshare_onekey?url=https%3A%2F%2Fwww.bbc.com%2Fzhongwen%2Ftrad%2Fworld-52267386
https://www.bbc.com/zhongwen/trad/fooc-43331109
https://www.linkedin.com/shareArticle?mini=true&url=https%3A%2F%2Fwww.bbc.com%2Fzhongwen%2Ftrad%2Fworld-52276294&title=%E8%82%BA%E7%82%8E%E7%96%AB%E6%83%85%E5%9C%A8%E7%B4%90%E7%B4%84%EF%BC%9A%E6%8A%97%E7%96%AB%E5%89%8D%E7%B7%9A%E7%9A%8424%E5%B0%8F%E6%99%82&summary=%E6%96%B0%E5%86%A0%E7%96%AB%E6%83%85%E4%BD%BF%E7%B4%90%E7%B4%84%E6%88%90%E7%82%BA%E5%85%A8%E7%90%83%E6%B5%81%E6%84%9F%E5%A4%A7%E6%B5%81%E8%A1%8C%E7%9A%84%E4%B8%AD%E5%BF%83%EF%BC%8C%E4%B8%A6%E7%B5%A6%E9%80%99%E5%BA%A7%E5%9F%8E%E5%B8%82%E7%9A%84%E6%80%A5%E6%95%91%E4%BA%BA%E5%93%A1%E5%92%8C%E4%B8%80%E7%B7%9A%E5%B7%A5%E4%BD%9C%E8%80%85%E5%B8%B6%E4%BE%86%E4%BA%86%E5%89%8D%E6%89%80%E6%9C%AA%E6%9C%89%E7%9A%84%E5%A3%93%E5%8A%9B%EF%BC%8C%E4%BB%96%E5%80%91%E5%9C%A824%E5%B0%8F%E6%99%82%E5%85%A7%E7%B6%93%E6%AD%B7%E4%BA%86%E4%BB%80%E9%BA%BC%EF%BC%9F&source=BBC
http://sns.qzone.qq.com/cgi-bin/qzshare/cgi_qzshare_onekey?url=https%3A%2F%2Fwww.bbc.com%2Fzhongwen%2Ftrad%2Finstitutional-38664417
https://www.linkedin.com/shareArticle?mini=true&url=https%3A%2F%2Fwww.bbc.com%2Fzhongwen%2Ftrad%2Fbusiness-52120296&title=%E8%82%BA%E7%82%8E%E7%96%AB%E6%83%85%E4%B8%8B%E7%B6%93%E6%BF%9F%E3%80%8C%E6%80%A5%E6%95%91%E5%8C%85%E3%80%8D%20%E4%B8%AD%E5%9C%8B%E4%BF%9D%E5%AE%88%E7%BE%8E%E5%9C%8B%E6%BF%80%E9%80%B2%E7%9A%84%E8%83%8C%E5%BE%8C%E8%80%83%E9%87%8F&summary=%E4%B8%AD%E5%9C%8B%E5%9C%A8%E5%88%BA%E6%BF%80%E6%94%BF%E7%AD%96%E4%B8%8A%E7%9A%84%E4%BF%9D%E5%AE%88%E8%88%87%E7%BE%8E%E5%9C%8B%E7%9A%84%E6%BF%80%E9%80%B2%E5%BD%A2%E6%88%90%E9%AE%AE%E6%98%8E%E7%9A%84%E5%B0%8D%E6%AF%94%EF%BC%8C%E8%83%8C%E5%BE%8C%E6%98%AF%E5%85%A9%E5%9C%8B%E4%B8%8D%E5%90%8C%E7%9A%84%E8%80%83%E9%87%8F%E3%80%82&source=BBC
http://www.kaixin001.com/rest/records.php?url=https%3A%2F%2Fwww.bbc.com%2Fzhongwen%2Ftrad%2Fworld-52267386&style=11
https://www.bbc.com/zhongwen/trad/science-52017521
https://www.bbc.co.uk/food/recipes/calzone_pizza_11861
https://www.bbc.com/sport/athletics/52288455
https://www.bbc.com/zhongwen/trad/world-51395636
https://www.linkedin.com/shareArticle?mini=true&url=https%3A%2F%2Fwww.bbc.com%2Fzhongwen%2Ftrad%2Finstitutional-38652837&title=%E4%BD%BF%E7%94%A8%E6%A2%9D%E6%AC%BE%EF%BC%88%E8%8B%B1%E8%AA%9E%EF%BC%89&summary=%E4%BD%BF%E7%94%A8%E6%A2%9D%E6%AC%BE%EF%BC%88%E8%8B%B1%E8%AA%9E%EF%BC%89&source=BBC
http://www.plurk.com?status=https%3A%2F%2Fwww.bbc.com%2Fzhongwen%2Ftrad%2Fbusiness-52120296&qualifier=shares
https://www.bbc.co.uk/sport/football/51720624
https://www.bbc.com/zhongwen/trad/science-52108412
https://www.bbc.com/zhongwen/trad/uk-52263031
https://www.bbc.com/zhongwen/trad/world-49609127
https://www.bbc.com/reel
https://www.bbc.com/zhongwen/trad/topics/6892384e-1966-4c03-9ce3-f694a8f9f69e
https://www.bbc.com/zhongwen/trad/world-52114212
https://account.bbc.com/account?lang=zh-Hant-CN&ptrt=https://www.bbc.com/zhongwen/trad/institutional/2015/08/000000_advertising_faq
https://www.bbc.com/news/world-africa-52296302
https://www.bbc.co.uk/academy/zh-hans/collections/radio-zh-hans
https://www.bbc.com/zhongwen/trad/business-51850660
https://www.bbc.co.uk/academy/zh-hans/articles/art20190412093506146
https://www.bbc.co.uk/news/business-52280017
https://www.bbc.com/zhongwen/trad/business-45017653
https://www.bbc.com/sport/africa/52272078
whatsapp://send?text=BBC%20News%20%E4%B8%AD%E6%96%87%20%7C%20%E4%BD%BF%E7%94%A8%E6%A2%9D%E6%AC%BE%EF%BC%88%E8%8B%B1%E8%AA%9E%EF%BC%89%20-%20https%3A%2F%2Fwww.bbc.com%2Fzhongwen%2Ftrad%2Finstitutional-38652837%3Focid%3Dwszhongwen.chat-apps.in-app-msg.whatsapp.trial.link1_.auin
https://www.bbc.com/zhongwen/trad/world-49773740
https://www.bbc.co.uk/iplayer
https://advertising.bbcworldwide.com/
https://www.bbc.com/zhongwen/trad/uk-51932455
https://www.bbc.com/zhongwen/simp/world-52250824
https://www.bbc.co.uk/sounds/play/p089m298
https://www.douban.com/share/service?href=https%3A%2F%2Fwww.bbc.com%2Fzhongwen%2Ftrad%2Fbusiness-52148560&name=BBC%20News%20%E4%B8%AD%E6%96%87%20-%20%E8%82%BA%E7%82%8E%E7%96%AB%E6%83%85%EF%BC%9A%E6%96%B0%E5%86%A0%E7%97%85%E6%AF%92%E6%9C%83%E4%BB%A4%E5%85%A8%E7%90%83%E5%8C%96%E5%80%92%E9%80%80%E5%97%8E%EF%BC%9F
http://service.weibo.com/share/share.php?url=https%3A%2F%2Fwww.bbc.com%2Fzhongwen%2Ftrad%2Finstitutional-38664417&title=BBC%20News%20%E4%B8%AD%E6%96%87%20-%20%E8%81%AF%E7%B5%A1%E6%88%91%E5%80%91
https://www.bbc.com/zhongwen/trad/world-51572259
https://account.bbc.com/account?lang=zh-Hant-CN&ptrt=https://www.bbc.com/zhongwen/trad/institutional/2014/01/000001_about_sharing
https://www.bbc.co.uk/iplayer/episode/p084prdw/fierce-women-3-naomi-campbell
https://www.bbc.com/zhongwen/trad/world-52118220
http://widget.renren.com/dialog/share?resourceUrl=https%3A%2F%2Fwww.bbc.com%2Fzhongwen%2Ftrad%2Fworld-52273257
https://www.bbc.com/zhongwen/trad/world-52259622
https://account.bbc.com/account?lang=zh-Hant-CN&ptrt=https://www.bbc.com/zhongwen/trad/institutional-38664417
https://www.bbc.co.uk/programmes/b006pn88
https://www.bbc.com/zhongwen/trad/chinese-news-52270954
https://twitter.com/intent/tweet?text=BBC%20News%20%E4%B8%AD%E6%96%87%20-%20%E8%82%BA%E7%82%8E%E7%96%AB%E6%83%85%EF%BC%9A%E5%8D%B0%E5%B0%BC%E6%9D%91%E8%8E%8A%E3%80%8C%E5%8C%85%E9%A0%AD%E6%AE%AD%E5%B1%8D%E3%80%8D%E5%A4%9C%E9%96%93%E5%B7%A1%E9%82%8F%E9%98%BB%E6%AD%A2%E5%A4%96%E5%87%BA&url=https%3A%2F%2Fwww.bbc.com%2Fzhongwen%2Ftrad%2Fworld-52279565
https://www.bbc.com/sport/football
https://www.bbc.com/zhongwen/trad/indepth/cluster_xijinping-state_visit_us
https://www.bbc.com/news/business/economy
http://t.cn/A6wXniev
https://www.bbc.com/zhongwen/trad/world-49152453
https://www.bbc.com/zhongwen/trad/science-52070621
https://www.bbc.com/zhongwen/trad/columns-52259777
https://www.bbc.com/zhongwen/trad/world-52120023
https://account.bbc.com/account?lang=zh-Hant-CN&ptrt=https://www.bbc.com/zhongwen/trad/institutional-38652837
https://www.bbc.com/zhongwen/trad/indepth/cluster_scotland_referendum
http://www.kaixin001.com/rest/records.php?url=https%3A%2F%2Fwww.bbc.com%2Fzhongwen%2Ftrad%2Fbusiness-52148560&style=11
https://www.bbc.com/zhongwen/trad/business-46288444
https://www.bbc.com/zhongwen/trad/chinese-news-47824716
https://www.bbc.co.uk/sounds/play/m000h0qj
http://service.weibo.com/share/share.php?url=https%3A%2F%2Fwww.bbc.com%2Fzhongwen%2Ftrad%2Finstitutional%2F2015%2F08%2F000000_advertising_faq.shtml&title=BBC%20News%20%E4%B8%AD%E6%96%87%20-%20FAQs%20-%20%E5%B8%B8%E8%A6%8B%E5%95%8F%E9%A1%8C
https://www.douban.com/share/service?href=https%3A%2F%2Fwww.bbc.com%2Fzhongwen%2Ftrad%2Finstitutional-38652839&name=BBC%20News%20%E4%B8%AD%E6%96%87%20-%20BBC%E4%B8%AD%E6%96%87%E7%B6%B2%E7%B0%A1%E4%BB%8B
http://open.weibo.com/sharebutton
http://www.bbc.com/zhongwen/trad/institutional-38228429
https://www.bbc.com/zhongwen/trad/world-52090787
https://www.bbc.co.uk/sport/darts/52288607
https://www.bbc.com/zhongwen/trad/world-48206366
https://www.bbc.com/zhongwen/trad/topics/332c5270-5bbd-4257-85f1-862fb0bf5dcb
http://www.bbc.co.uk/ukchina/simp
https://www.bbc.co.uk/programmes/articles/MxHKChgvM08r1fS410jqV/colour-your-own-thank-you-to-nhs-staff
https://www.bbc.com/zhongwen/trad/topics/c34824bf-225d-4efa-ab84-53e95d40656d
https://www.bbc.co.uk/sport/football/51989229
https://www.bbc.com/zhongwen/trad/business-52149784
https://www.bbc.co.uk/news/world-us-canada-52285742
https://www.bbc.com/news/world/asia/india
http://service.weibo.com/share/share.php?url=https%3A%2F%2Fwww.bbc.com%2Fzhongwen%2Ftrad%2Finstitutional-38652837&title=BBC%20News%20%E4%B8%AD%E6%96%87%20-%20%E4%BD%BF%E7%94%A8%E6%A2%9D%E6%AC%BE%EF%BC%88%E8%8B%B1%E8%AA%9E%EF%BC%89
https://www.bbc.com/sport/darts
https://www.bbc.com/ukchina/trad/vert-fut-40369976
whatsapp://send?text=BBC%20News%20%E4%B8%AD%E6%96%87%20%7C%20%E3%80%8C%E5%88%86%E4%BA%AB%E3%80%8D%E6%9C%8D%E5%8B%99%E6%98%AF%E4%BB%80%E9%BA%BC%EF%BC%9F%20-%20https%3A%2F%2Fwww.bbc.com%2Fzhongwen%2Ftrad%2Finstitutional%2F2014%2F01%2F000001_about_sharing%3Focid%3Dwszhongwen.chat-apps.in-app-msg.whatsapp.trial.link1_.auin
