https://github.com/JamesGoler?tab=overview&amp;from=2018-12-01&amp;to=2018-12-31
https://twitter.com/?lang=uk
https://github.com/lcha105u?tab=stars
https://twitter.com/?lang=tr
https://twitter.com/?lang=id
https://github.com/JamesGoler?tab=overview&amp;from=2020-04-01&amp;to=2020-04-16
https://twitter.com/?lang=hu
https://github.com/lcha105u/tutorial
https://twitter.com/?lang=nl
https://github.com/enterprise
https://github.com/features/security
https://twitter.com/?lang=hi
https://github.com/features
https://github.com/lcha105u/lcha105u
https://business.twitter.com/en/help/troubleshooting/how-twitter-ads-work.html
https://github.com/lcha105u?tab=projects
https://github.com/lcha105u/sentence_segmenter_zh
https://twitter.com/?lang=el
https://opensource.guide
https://github.com/lcha105u?tab=overview&amp;from=2018-12-01&amp;to=2018-12-31
http://support.twitter.com/forums/26810/entries/78525
https://twitter.com/?lang=sv
https://twitter.com/?lang=sr
https://twitter.com/
https://github.com/explore
https://education.github.com
https://github.com/JamesGoler?tab=overview&amp;from=2017-12-01&amp;to=2017-12-31
https://twitter.com/?lang=he
https://github.com/JamesGoler/NetworkProgrammingHw1_fork
https://twitter.com/?lang=en-gb
https://github.com/customer-stories
https://github.com/pricing
https://github.com/lcha105u?tab=overview&amp;from=2017-12-01&amp;to=2017-12-31
https://twitter.com/?lang=fa
https://twitter.com/?lang=ru
https://dev.twitter.com/overview/terms/policy
https://github.com/lcha105u/TF_IDF
https://github.blog
https://github.com/trending
https://twitter.com/?lang=th
https://github.com/features/project-management/
https://github.com/JamesGoler?tab=stars
https://twitter.com/?lang=fr
https://twitter.com/login
https://github.com/login?return_to=%2Flcha105u
https://github.com/events
https://github.com/lcha105u?tab=overview&amp;from=2019-12-01&amp;to=2019-12-31
https://twitter.com/?lang=gu
https://twitter.com/andy870620/status/1065445539192352768
https://github.com/contact/report-abuse?report=JamesGoler+%28user%29
https://github.com/JamesGoler?tab=repositories
https://twitter.com/tos
https://twitter.com/?lang=ar
https://avatars0.githubusercontent.com/u/28283473?s=400&amp;v=4
https://github.com/lcha105u/select_web_server_in_C
https://github.com/contact
https://github.community
https://twitter.com/?lang=ja
https://github.com/site/terms
https://twitter.com/?lang=sk
https://github.com/JamesGoler?tab=following
https://twitter.com/privacy
https://twitter.com/?lang=de
http://support.twitter.com/articles/14226-how-to-find-your-twitter-short-code-or-long-code
https://github.com/lcha105u/TF_IDF/stargazers
https://github.com/lcha105u/sentence_segmenter_zh/stargazers
https://support.twitter.com/articles/20170514
https://github.com/JamesGoler/Data-Engineering
https://twitter.com/?lang=da
https://twitter.com/?lang=pl
https://twitter.com/?lang=kn
https://github.com/join?source=header
https://twitter.com/?lang=zh-cn
https://twitter.com/andy870620/media
https://github.com/features/actions
https://github.com/lcha105u?tab=following
https://twitter.com/?lang=ta
https://twitter.com/?lang=mr
https://github.com/contact/report-abuse?report=lcha105u+%28user%29
https://twitter.com/signup
https://twitter.com/andy870620/with_replies
https://github.com/team
https://github.com/JamesGoler/Network-Programming-HW3
https://github.com/JamesGoler/NetworkProgramminghw1_select
https://dev.twitter.com/web/embedded-tweets
https://lab.github.com/
https://github.com/collections
https://twitter.com/andy870620/following
https://enterprise.github.com/contact
https://twitter.com/?lang=pt
https://github.com/lcha105u?tab=overview&amp;from=2020-04-01&amp;to=2020-04-16
https://github.com/lcha105u?tab=followers
https://twitter.com/?lang=hr
https://github.com/features/packages
https://github.com/JamesGoler?tab=projects
https://twitter.com/account/begin_password_reset
https://help.github.com
https://github.com/join?source=prompt-users-profile
https://twitter.com/about
https://abs.twimg.com/sticky/default_profile_images/default_profile_200x200.png
https://dev.twitter.com/overview/terms/agreement
https://github.com/security
https://github.com/JamesGoler?tab=followers
https://twitter.com/?lang=fil
https://developer.github.com
https://github.com/features/code-review/
https://t.co/6QlTdn0M7q
https://abs.twimg.com/sticky/default_profile_images/default_profile_400x400.png
https://twitter.com/?lang=zh-tw
https://twitter.com/?lang=bn
https://twitter.com/?lang=fi
https://training.github.com
https://github.com/lcha105u?tab=repositories
https://twitter.com/?lang=no
https://t.co/yyzGnkL1W7
https://help.github.com/en/articles/blocking-a-user-from-your-personal-account
https://twitter.com/?lang=ko
https://twitter.com/?lang=es
https://twitter.com/?lang=ca
https://twitter.com/?lang=ro
https://help.github.com/categories/setting-up-and-managing-your-github-profile
https://twitter.com/andy870620/status/1045591249816678400
https://github.com/
https://help.github.com/en/articles/reporting-abuse-or-spam
https://github.com/about
https://github.com/marketplace
https://github.com/site/privacy
https://github.com/login?return_to=%2Fjamesgoler
https://githubstatus.com/
https://avatars0.githubusercontent.com/u/30818945?s=400&amp;v=4
https://github.com/topics
https://github.com/features/integrations
https://twitter.com/?lang=bg
https://twitter.com/?lang=cs
https://github.com/nonprofit
https://support.twitter.com
https://github.com
https://github.com/lcha105u/fork_web_server_in_C
https://github.com/JamesGoler?tab=overview&amp;from=2019-12-01&amp;to=2019-12-31
https://help.github.com/articles/why-are-my-contributions-not-showing-up-on-my-profile
https://twitter.com/?lang=vi
https://twitter.com/?lang=it
https://twitter.com/?lang=msa
https://github.com/JamesGoler
