https://health.ettoday.net/news/1688608
https://house.ettoday.net/focus/投資新據點/
https://www.ettoday.net/news/20181112/1303855.htm?feature=ufo&tab_id=942
https://www.ettoday.net/news/20200226/1654824.htm?from=pctaglist 
https://www.ettoday.net/news/20200415/1691842.htm
https://www.ettoday.net/news/20200217/1647254.htm?from=feature
https://www.ettoday.net/news/20200414/1691484.htm?from=pctaglist 
https://www.ettoday.net/news/20200415/1692230.htm
https://www.ettoday.net/news/20200401/1681166.htm?from=pctaglist 
https://forum.ettoday.net/column/news/薛承泰
https://www.ettoday.net/dalemon/editor-news/183
https://www.ettoday.net/news/20191213/1600401.htm
https://www.ettoday.net/news/20200103/1611000.htm?from=pctaglist 
https://www.ettoday.net/news/tag/李振遠/
https://www.ettoday.net/feature/2020%E4%B8%96%E7%95%8C%E6%96%B0%E8%BB%8A%E5%A4%A7%E5%B1%95
https://www.ettoday.net/news/20191226/1609592.htm?feature=大老闆傳奇-尹衍樑&tab_id=13274
https://forum.ettoday.net/news/1690346
https://www.ettoday.net/news/20190430/1433823.htm?from=pctaglist 
https://www.ettoday.net/news/20200407/1685835.htm?from=pctaglist 
https://health.ettoday.net/category/醫藥新聞/2
https://house.ettoday.net/news/1689285
https://travel.ettoday.net/article/1691380.htm
https://www.ettoday.net/news/20200413/1690388.htm
https://www.ettoday.net/feature/ufo/944/2
https://www.ettoday.net/news/20200415/1692484.htm
https://travel.ettoday.net/category/高雄美食/
https://www.ettoday.net/news/focus/3C家電/家電/
https://speed.ettoday.net/focus/國內車市
https://www.ettoday.net/feature/香港/6115?tt=香港相關新聞
https://www.ettoday.net/news/20190614/1466723.htm
https://www.ettoday.net/news/20200415/1691735.htm?from=feature
https://www.ettoday.net/news/20200415/1691983.htm?from=feature
https://www.ettoday.net/news/tag/iPhone SE/
https://www.ettoday.net/news/20160125/637111.htm?from=pctaglist 
https://www.ettoday.net/news/20191111/1576961.htm?from=feature
https://www.ettoday.net/news/20200411/1689366.htm
https://www.ettoday.net/news/20200415/1692508.htm
https://travel.ettoday.net/category/彩繪村/
https://www.ettoday.net/feature/englishgohappy
https://www.ettoday.net/feature/ufo/939?tt=外星人
https://www.ettoday.net/news/20200415/1691222.htm
https://www.ettoday.net/news/20200415/1691640.htm
https://www.ettoday.net/news/20191009/1554091.htm?from=pctaglist 
https://www.ettoday.net/news/20200415/1692458.htm?ercamp=sorted_hot_news
https://www.ettoday.net/feature/小女花不棄
https://www.ettoday.net/feature/想見你/14338/4
https://www.ettoday.net/news/20200304/1659735.htm?from=pctaglist 
https://www.ettoday.net/news/20200416/1692543.htm
https://www.ettoday.net/news/20200415/1691968.htm
https://travel.ettoday.net/article/1348219.htm?from=index
https://www.ettoday.net/news/20200222/1650715.htm?from=pctaglist 
https://www.ettoday.net/news/20200415/1691785.htm?from=pctaglist 
https://www.ettoday.net/news/20200415/1692079.htm?from=pctaglist 
https://www.ettoday.net/news/focus/軍武/軍聞社/
https://www.ettoday.net/news/tag/繞台/
https://www.ettoday.net/news/tag/鏡週刊/
https://health.ettoday.net/news/1690018
https://www.ettoday.net/feature/ufo/944?tt=火星
https://www.ettoday.net/news/20200325/1676466.htm?from=pctaglist 
https://www.ettoday.net/news/20200409/1687203.htm?from=feature
https://www.ettoday.net/news/20200326/1677363.htm?from=pctaglist 
https://www.ettoday.net/news/20200415/1691887.htm?feature=大老闆傳奇-尹衍樑&tab_id=13274
https://www.ettoday.net/news/news-list-2020-04-16-43.htm
https://www.ettoday.net/news/20180927/1268199.htm?feature=ufo&tab_id=940
https://www.ettoday.net/news/20200325/1676134.htm?from=feature
https://www.ettoday.net/news/20200414/1691546.htm
https://www.ettoday.net/dalemon/post/49592
https://www.ettoday.net/feature/戴資穎/1236/3
https://www.ettoday.net/news/20200331/1679678.htm?feature=行銷雲&tab_id=14418
https://www.ettoday.net/news/20200414/1691146.htm
https://www.ettoday.net/news/20200415/1692517.htm
https://www.ettoday.net/news/focus/生活/藝文/
https://www.ettoday.net/news/20200414/1691449.htm
https://www.ettoday.net/feature/反送中/11539?tt=反送中 相關新聞
https://www.ettoday.net/news/20181104/1296436.htm?from=pctaglist 
https://www.ettoday.net/news/20200415/1692527.htm?ercamp=sorted_hot_news
https://www.ettoday.net/news/tag/開學/
https://health.ettoday.net/category/親子
https://www.ettoday.net/dalemon/editor-list
https://www.ettoday.net/feature/interBank
https://www.ettoday.net/news/20200309/1663212.htm?from=pctaglist 
https://www.ettoday.net/news/20200414/1691501.htm?from=feature
https://www.ettoday.net/news/tag/地方媽媽/
https://www.ettoday.net/feature/習近平/4458/3
https://www.ettoday.net/index.php
https://discovery.ettoday.net/news/1692200
https://www.ettoday.net/news/20131218/307945.htm?from=feature
https://www.ettoday.net/news/20200301/1657001.htm?from=feature
https://www.ettoday.net/news/20200324/1674858.htm?feature=習近平&tab_id=4458
https://travel.ettoday.net/category/遊樂園/
https://www.ettoday.net/news/20191231/1613834.htm?from=pctaglist 
https://www.ettoday.net/news/20200409/1687670.htm
https://www.ettoday.net/news/20191022/1560014.htm?from=pctaglist 
https://www.ettoday.net/news/20200328/1678427.htm?from=pctaglist 
https://www.ettoday.net/news/20170512/922933.htm?feature=ufo&tab_id=941
https://www.ettoday.net/news/20200408/1686876.htm
https://www.ettoday.net/news/20200415/1692508.htm?from=pctaglist 
https://www.ettoday.net/news/tag/立院/
https://www.ettoday.net/feature/想見你/14338/2
https://travel.ettoday.net/article/1691934.htm
https://health.ettoday.net/category_tag/禽流感健康
https://www.ettoday.net/news/20181101/1295997.htm?from=pctaglist 
https://www.ettoday.net/news/20200115/1625915.htm?feature=ufo&tab_id=940
https://www.ettoday.net/news/news-list-2020-04-16-35.htm
https://www.ettoday.net/news/20200327/1677498.htm?from=pctaglist 
https://www.ettoday.net/news/20200330/1680264.htm
https://www.ettoday.net/news/20200404/1683835.htm?from=feature
https://www.ettoday.net/news/20200415/1692220.htm
https://health.ettoday.net/news/1688176
https://speed.ettoday.net/tag.phtml?tag=ETBMW
https://www.ettoday.net/news/20200107/1619423.htm?feature=ufo&tab_id=939
https://www.ettoday.net/news/20200212/1644135.htm?from=feature
https://www.ettoday.net/news/20200329/1679045.htm?from=feature
https://www.ettoday.net/news/focus/音樂/音樂專訪/
https://www.ettoday.net/news/20190927/1544518.htm
https://www.ettoday.net/news/20200208/1640093.htm
https://www.ettoday.net/news/tag/立院直播/
https://health.ettoday.net/news/1690164
https://www.ettoday.net/event-list.php?&page=5
https://www.ettoday.net/news/20191111/1577224.htm?from=pctaglist 
https://www.ettoday.net/news/20200305/1660767.htm
https://www.ettoday.net/news/20200409/1687356.htm
https://travel.ettoday.net/category/京都旅遊/
https://www.ettoday.net/dalemon/collection/2
https://www.ettoday.net/news/20181030/1290166.htm?from=feature
https://www.ettoday.net/news/20190412/1420322.htm?feature=ufo&tab_id=938
https://www.ettoday.net/news/20190613/1466465.htm
https://www.ettoday.net/news/20200404/1683436.htm?from=pctaglist 
https://travel.ettoday.net/article/1688515.htm
https://www.ettoday.net/feature/ufo/942?tt=金字塔
https://www.ettoday.net/feature/我們不能是朋友
https://www.ettoday.net/news/20200415/1692057.htm?ercamp=sorted_hot_news
https://health.ettoday.net/category_tag/失智海嘯來襲
https://www.ettoday.net/event-list.php?&page=3
https://www.ettoday.net/news/20180621/1195409.htm?feature=ufo&tab_id=940
https://www.ettoday.net/news/20190904/1527897.htm?from=pctaglist 
https://health.ettoday.net/category/百科/2
https://health.ettoday.net/news/1692090
https://www.ettoday.net/news/20190116/1358041.htm?from=pctaglist 
https://www.ettoday.net/news/20191210/1595680.htm?from=pctaglist 
https://www.ettoday.net/news/20200415/1692371.htm
https://www.ettoday.net/news/20200416/1692549.htm?ercamp=sorted_hot_news
https://travel.ettoday.net/category/台北美食/
https://www.ettoday.net/list.php?kind=5
https://www.ettoday.net/news/20200323/1674829.htm?feature=戴資穎&tab_id=1236
https://www.ettoday.net/news/focus/財經/求職達人/
https://www.ettoday.net/news/20200228/1656257.htm?from=feature
https://www.ettoday.net/news/20200309/1663434.htm?from=pctaglist 
https://www.ettoday.net/news/20200414/1691013.htm
https://www.ettoday.net/news/20200414/1691359.htm
https://www.ettoday.net/news/20200415/1692487.htm
https://www.ettoday.net/news/20200415/1692503.htm?ercamp=sorted_hot_news
https://www.ettoday.net/feature/jhbl/14438?tt=應援人氣雙人組
https://www.ettoday.net/feature/想見你/14338?tt=台灣電視劇《想見你》相關新聞
https://www.ettoday.net/news/20200310/1663550.htm?from=pctaglist 
https://www.ettoday.net/news/20200325/1675740.htm?from=pctaglist 
https://travel.ettoday.net/category/午餐食客/
https://www.ettoday.net/bbc/
https://www.ettoday.net/news/20190714/1489516.htm?feature=ufo&tab_id=942
https://www.ettoday.net/news/20200222/1650715.htm
https://www.ettoday.net/news/20191007/1552248.htm?from=pctaglist 
https://www.ettoday.net/news/20200415/1692476.htm?ercamp=sorted_hot_news
https://house.ettoday.net/news/1659573
https://travel.ettoday.net/category/宜蘭/
https://www.ettoday.net/news/20180904/1251632.htm?from=pctaglist 
https://www.ettoday.net/news/20200302/1657503.htm?from=pctaglist 
https://www.ettoday.net/news/20200415/1692526.htm
https://forum.ettoday.net/news/1687264
https://health.ettoday.net/news/1692116
https://www.ettoday.net/news/20200409/1687861.htm?ercamp=sorted_hot_news
https://www.ettoday.net/news/20200415/1692072.htm
https://house.ettoday.net/focus/房產新聞/
https://www.ettoday.net/news/20200225/1653976.htm?from=pctaglist 
https://www.ettoday.net/news/20200313/1666690.htm?from=feature
https://www.ettoday.net/news/20200406/1685157.htm?from=feature
https://www.ettoday.net/news/20191020/1561184.htm?feature=ufo&tab_id=942
https://health.ettoday.net/news/1691450
https://www.ettoday.net/news/20200326/1677546.htm
https://www.ettoday.net/news/20200415/1691649.htm
https://travel.ettoday.net/category/馬祖/
https://www.ettoday.net/news/20181227/1341896.htm?from=feature
https://www.ettoday.net/news/20200414/1691527.htm?from=feature
https://www.ettoday.net/news/20200415/1692435.htm
https://health.ettoday.net/search.phtml?keyword=台北榮總
https://travel.ettoday.net/category/度假旅館/
https://www.ettoday.net/news/20200415/1691622.htm?from=feature
https://forum.ettoday.net/news/1692181
https://speed.ettoday.net/news/1691646
https://www.ettoday.net/news/20191228/1612425.htm?feature=王令麟&tab_id=1016
https://www.ettoday.net/news/20200103/1616815.htm?from=pctaglist 
https://www.ettoday.net/news/20200120/1629369.htm
https://health.ettoday.net/category/飲食/5
https://www.ettoday.net/feature/習近平/4458/5
https://www.ettoday.net/feature/行銷雲/14418?tt=行銷新聞
https://www.ettoday.net/news/20200413/1690355.htm?from=feature
https://www.ettoday.net/news/20200416/1692560.htm
https://www.ettoday.net/news/20200210/1642071.htm?from=pctaglist 
https://www.ettoday.net/news/20200409/1687113.htm?from=feature
https://www.ettoday.net/news/20200415/1691842.htm?ercamp=sorted_hot_news
https://www.ettoday.net/news/focus/保險/
https://www.ettoday.net/news/focus/財經/重大資訊/
https://www.ettoday.net/news/tag/楊文嘉/
https://www.ettoday.net/news/20160617/718053.htm?from=pctaglist 
https://www.ettoday.net/news/20200211/1643332.htm?from=feature
https://www.ettoday.net/news/20200414/1690763.htm
https://www.ettoday.net/news/20200108/1620493.htm?feature=王令麟&tab_id=1016
https://www.ettoday.net/news/20200221/1651172.htm?from=pctaglist 
https://www.ettoday.net/news/20200414/1691575.htm
https://travel.ettoday.net/category/特色民宿/
https://www.ettoday.net/news/20200216/1646940.htm?from=pctaglist 
https://www.ettoday.net/news/20200331/1681006.htm?from=pctaglist 
https://www.ettoday.net/news/20200406/1685041.htm?from=feature
https://www.ettoday.net/news/20200414/1691176.htm
https://www.ettoday.net/news/20200415/1691748.htm?ercamp=sorted_hot_news
https://www.ettoday.net/feature/jhbl/1525?tt=最新消息
https://www.ettoday.net/news/20161010/790675.htm?ercamp=sorted_hot_news
https://www.ettoday.net/news/20190624/1473873.htm?feature=ufo&tab_id=944
https://www.ettoday.net/news/20200320/1672170.htm?from=pctaglist 
https://www.ettoday.net/feature/doh/13794?tt=戒菸爭得好難
https://www.ettoday.net/news/20181225/1340284.htm?from=feature
https://travel.ettoday.net/category/露營旅遊/
https://www.ettoday.net/news/20190425/1430254.htm?from=pctaglist 
https://www.ettoday.net/news/20200329/1679380.htm?from=feature
https://www.ettoday.net/news/20200416/1692566.htm?from=pctaglist 
https://forum.ettoday.net/news/1684758
https://health.ettoday.net/news/1682118
https://www.ettoday.net/news/20200310/1654431.htm?from=pctaglist 
https://www.ettoday.net/news.htm
https://www.ettoday.net/news/20191119/1583371.htm?from=pctaglist 
https://www.ettoday.net/news/20200217/1647716.htm?feature=大老闆傳奇-尹衍樑&tab_id=13274
https://www.ettoday.net/news/20200329/1679312.htm?from=feature
https://www.ettoday.net/news/20200416/1692344.htm?ercamp=sorted_hot_news
https://sports.ettoday.net
https://star.ettoday.net/news/1692540
https://fashion.ettoday.net/news/1669304/
https://sports.ettoday.net/news-search.phtml?keywords=曾豪駒
https://star.ettoday.net/news/1692313
https://boba.ettoday.net/videonews/126106
https://movies.ettoday.net/news/1690373
https://sports.ettoday.net/news/1692017
https://star.ettoday.net/media
https://boba.ettoday.net/video/274/726/198935
https://boba.ettoday.net/sub_category/274/561/136856
https://fashion.ettoday.net/focus/生活/4
https://fashion.ettoday.net/news/1687991
https://sports.ettoday.net/news/1691910
https://boba.ettoday.net/videonews/210010?from=popular
https://fashion.ettoday.net/focus/奢逸/19
https://boba.ettoday.net/sub_category/274/561/130379
https://boba.ettoday.net/video/274/563/137875
https://boba.ettoday.net/sub_category/274/561/129252
https://fashion.ettoday.net/focus/時尚/10
https://sports.ettoday.net/news/1692246
https://sports.ettoday.net/news-search.phtml?keywords=NFL
https://sports.ettoday.net/sport-category/運動潮流
https://sports.ettoday.net/news-search.phtml?keywords=黑豹
https://sports.ettoday.net/news/1691775
https://star.ettoday.net/news-focus/音樂/426
https://boba.ettoday.net/sub_category/231/216
https://movies.ettoday.net/news_list/642/1
https://sports.ettoday.net/news/1692550
https://sports.ettoday.net/news-list/棒球/中職/4
https://boba.ettoday.net/video/274/561/135504
https://boba.ettoday.net/video_tag/葉益豪
https://sports.ettoday.net/news/1692527
https://boba.ettoday.net/video/33/174/209485
https://movies.ettoday.net/video/91/209809
https://boba.ettoday.net/category/266/209369
https://fashion.ettoday.net/focus/潮流/5
https://fashion.ettoday.net/news/1690345/
https://boba.ettoday.net/videonews/199567
https://boba.ettoday.net/sub_category/0/599
https://fashion.ettoday.net/focus/美麗/7
https://boba.ettoday.net/videonews/209642
https://fashion.ettoday.net/focus/名人/6
https://fashion.ettoday.net/news/1692496
https://sports.ettoday.net/news-search.phtml?keywords=WWE
https://fashion.ettoday.net/focus/奢逸/5
https://sports.ettoday.net/news/1692405
https://sports.ettoday.net/news/1692321
https://boba.ettoday.net/videonews/174031
https://boba.ettoday.net/videonews/192191
https://boba.ettoday.net/video/33/174/207855
https://star.ettoday.net/news-focus/即時/9
https://star.ettoday.net/news/1692496
https://boba.ettoday.net/sub_category/33/406
https://boba.ettoday.net/sub_category/274/561/131520
https://fashion.ettoday.net/focus/美麗/8
https://sports.ettoday.net/news-list/籃球/ABL
https://sports.ettoday.net/news/1692317
https://movies.ettoday.net/video/273
https://sports.ettoday.net/news/1692039
https://star.ettoday.net/star-category/電視
https://boba.ettoday.net/category/243
https://fashion.ettoday.net/focus/生活/8
https://boba.ettoday.net/category/239
https://star.ettoday.net/news/1664586
https://boba.ettoday.net/videonews/126034
https://boba.ettoday.net/videonews/201329
https://fashion.ettoday.net/focus/潮流/9
https://star.ettoday.net/news/1692415
https://sports.ettoday.net/news/1691251
https://sports.ettoday.net/news/1691892
https://fashion.ettoday.net/focus/時尚/4
https://boba.ettoday.net/videonews/203609
https://boba.ettoday.net/videonews/197635
https://boba.ettoday.net/video/274/561/135542
https://boba.ettoday.net/video/274/726/198941
https://fashion.ettoday.net/news/1436979
https://sports.ettoday.net/news-list/棒球/中職/10
https://star.ettoday.net/news/1691893
https://boba.ettoday.net/video/274/564/138162
https://boba.ettoday.net/sub_category/274/564
https://boba.ettoday.net/video_tag/黃寶慧
https://sports.ettoday.net/game-statistics.phtml?id=78
https://boba.ettoday.net/video/33/118/69348
https://boba.ettoday.net/video/266/479/206725
https://movies.ettoday.net/news/1687982
https://fashion.ettoday.net/focus/生活/9
https://boba.ettoday.net/video/274/561/135528
https://boba.ettoday.net/videonews/201815
https://sports.ettoday.net/news-search.phtml?keywords=水手
https://sports.ettoday.net/news/1691941
https://fashion.ettoday.net/focus/生活/6
https://movies.ettoday.net/news/1692478
https://sports.ettoday.net/news-search.phtml?keywords=陳偉殷
https://boba.ettoday.net/video/274/561/135629
https://sports.ettoday.net/news/1691705
https://boba.ettoday.net/sub_category/239/189?from=boba_issue
https://boba.ettoday.net/video/274/561/135512
https://movies.ettoday.net/news_list/641/1
https://star.ettoday.net/media/25/39628
https://sports.ettoday.net/news-list/籃球/CBA
https://star.ettoday.net/news/1692446
https://boba.ettoday.net/video/274/544/137142
https://star.ettoday.net/news/1685625
https://star.ettoday.net/news/1692008
https://fashion.ettoday.net/news/1691871/
https://boba.ettoday.net/video/266/479/207631
https://star.ettoday.net/news/1690277
https://boba.ettoday.net/video/33/174/207057
https://star.ettoday.net/news/1692509
https://boba.ettoday.net/video/274/561/132826
https://boba.ettoday.net/videonews/202712
https://star.ettoday.net/album
https://star.ettoday.net/news/1692028
https://sports.ettoday.net/news/1691485
https://sports.ettoday.net/news/1692421
https://boba.ettoday.net/video/274/561/135558
https://movies.ettoday.net/video/273/165697
https://star.ettoday.net/media/25/39627
https://boba.ettoday.net/sub_category/274/610
https://boba.ettoday.net/sub_category/231/455?from=boba_issue
https://fashion.ettoday.net/focus/奢逸/10
https://fashion.ettoday.net/news/1691640
https://sports.ettoday.net/news-list/籃球/SBL/WSBL
https://fashion.ettoday.net/focus/美麗/3
https://boba.ettoday.net/video/33/209/34927
https://star.ettoday.net/news/1664531
https://sports.ettoday.net/news/1692553
https://boba.ettoday.net/category/240
https://star.ettoday.net/news/1692543
https://sports.ettoday.net/news-search.phtml?keywords=高爾夫
https://fashion.ettoday.net/news/1691772/
https://sports.ettoday.net/news-list/運動潮流/新品資訊
https://sports.ettoday.net/news/1692387
https://boba.ettoday.net/video/266/466/205501
https://fashion.ettoday.net/news/1690308/
https://sports.ettoday.net/video/278/209676
https://sports.ettoday.net/news/1692279
https://fashion.ettoday.net/news/1691618
https://sports.ettoday.net/news/1691206
https://fashion.ettoday.net/news/1692496/
https://boba.ettoday.net/video_tag/林宥嘉
https://fashion.ettoday.net/focus/名人/5
https://movies.ettoday.net/video/91
https://sports.ettoday.net/news-search.phtml?keywords=武漢肺炎
https://fashion.ettoday.net/focus/美麗/19
https://fashion.ettoday.net/focus/美麗/6
https://boba.ettoday.net/video/274/610/191297
https://fashion.ettoday.net/focus/時尚/6
https://star.ettoday.net/news/1692433
https://boba.ettoday.net/category/255/209684?from=sports_pc_sidebar_sportshot
https://fashion.ettoday.net/focus/名人/4
https://boba.ettoday.net/sub_category/33/404
https://star.ettoday.net/media/19/191794
https://star.ettoday.net/news/1692490
https://fashion.ettoday.net/news/1692388/
https://sports.ettoday.net/news-search.phtml?keywords=大專排聯
https://sports.ettoday.net/news/1692443
https://star.ettoday.net/news/1691647
https://fashion.ettoday.net/focus/名人/9
https://star.ettoday.net/news/1691250
https://boba.ettoday.net/videonews/193528
https://star.ettoday.net/news-focus/韓星爆爆/83
https://boba.ettoday.net/category/33/207057
https://boba.ettoday.net/videonews/126074
https://boba.ettoday.net/videonews/172122
https://fashion.ettoday.net/focus/名人/8
https://movies.ettoday.net/news/1690705
https://sports.ettoday.net/news-search.phtml?keywords=澳洲
https://star.ettoday.net/news-focus/電視/425
https://fashion.ettoday.net/focus/時尚
https://fashion.ettoday.net/focus/生活/5
https://movies.ettoday.net/news_list/383/1
https://sports.ettoday.net/news/1690410
https://fashion.ettoday.net/focus/生活/19
https://star.ettoday.net/news-focus/華娛/423
https://star.ettoday.net/news/1691839
https://sports.ettoday.net/news-search.phtml?keywords=北美要聞
https://boba.ettoday.net/video/274/564/138157
https://star.ettoday.net/star-category/韓星爆爆
https://boba.ettoday.net/video/33/209/34412
https://boba.ettoday.net/video/33/404/70910
https://fashion.ettoday.net/news/1690922/
https://sports.ettoday.net/news/1692554
https://star.ettoday.net/news/1691442
https://sports.ettoday.net/news-search.phtml?keywords=kobe
https://boba.ettoday.net/videonews/198057
https://fashion.ettoday.net/news/1659782
https://fashion.ettoday.net/focus/奢逸/9
https://star.ettoday.net/news/1691597
https://fashion.ettoday.net/focus/時尚/5
https://sports.ettoday.net/news-search.phtml?keywords=富邦悍將
https://star.ettoday.net/news-focus/音樂/53
https://star.ettoday.net/star-category/歐美
https://boba.ettoday.net/video/33/209/30492
https://boba.ettoday.net/video_tag/生活
https://sports.ettoday.net/news-search.phtml?keywords=勝利
https://boba.ettoday.net/videonews/210010?from=sports_pc_sidebar_bobahot
https://sports.ettoday.net/news-list/棒球/MLB/5
https://boba.ettoday.net/videonews/208314
https://boba.ettoday.net/video/33/118/67204
https://star.ettoday.net/news/1692192
https://star.ettoday.net/news/1692156
https://boba.ettoday.net/videonews/204594
https://boba.ettoday.net/video/274/563/139469
https://fashion.ettoday.net/focus/生活/10
https://movies.ettoday.net/video/273/168781
https://star.ettoday.net/news-focus/華娛/50
https://boba.ettoday.net/videonews/209426
https://star.ettoday.net/photo-list/16940
https://boba.ettoday.net/video/266/477/206722
https://boba.ettoday.net/videonews/200353
https://fashion.ettoday.net/news/1686454/
https://fashion.ettoday.net/news/1688822/
https://boba.ettoday.net/category/231
https://fashion.ettoday.net/news/1691698/
https://sports.ettoday.net/news/1692414
https://sports.ettoday.net/news-search.phtml?keywords=中職
https://star.ettoday.net/news/1692517
https://fashion.ettoday.net/focus/奢逸/8
https://star.ettoday.net/news/1691309
https://boba.ettoday.net/video/33/406/62660
https://sports.ettoday.net/news-search.phtml?keywords=粉紅口罩
https://boba.ettoday.net/category/233
https://boba.ettoday.net/category/33/208877
https://movies.ettoday.net/news/1687870
https://fashion.ettoday.net/focus/時尚/7
https://star.ettoday.net/news-focus/韓星爆爆/604
https://fashion.ettoday.net/news/1692199
https://boba.ettoday.net/videonews/200870
https://fashion.ettoday.net/focus/奢逸/6
https://sports.ettoday.net/news/1691369
https://fashion.ettoday.net/news/1687918
https://fashion.ettoday.net/news/1692099/
https://boba.ettoday.net/category/266/209471
https://boba.ettoday.net/video/274/561/135549
https://boba.ettoday.net/video/33/118/56085
https://sports.ettoday.net/news-search.phtml?keywords=MLB
https://sports.ettoday.net/news/1689917
https://star.ettoday.net/news/1688773
https://sports.ettoday.net/news-search.phtml?keywords=A-Rod
https://star.ettoday.net/news/1692479
https://boba.ettoday.net/sub_category/277/606?from=boba_issue
https://star.ettoday.net/news/1691470
https://star.ettoday.net/news/1692548
https://sports.ettoday.net/news-search.phtml?keywords=粉色口罩
https://star.ettoday.net/news/1692510
https://boba.ettoday.net/videonews/126140
https://star.ettoday.net/news/1687870
https://boba.ettoday.net/video/266/478/209459
https://sports.ettoday.net/news-list/棒球/中職/5
https://sports.ettoday.net/news/1692570
https://sports.ettoday.net/news-list/足球/國際動態
https://sports.ettoday.net/news-list/棒球/日、韓職
https://boba.ettoday.net/video_tag/慧眼看天下
https://sports.ettoday.net/news-list/棒球/國內業餘
https://sports.ettoday.net/news/1690785
https://boba.ettoday.net/videonews/124944
https://star.ettoday.net/news/1692072
https://boba.ettoday.net/videonews/209806
https://star.ettoday.net/media/25/39629
https://boba.ettoday.net/sub_category/229/532
https://boba.ettoday.net/video/33/406/62661
https://sports.ettoday.net/news/1690964
https://boba.ettoday.net/category/33/207385
https://sports.ettoday.net/news/1691835
https://star.ettoday.net/news/1691650
https://fashion.ettoday.net/news/1691489/
https://star.ettoday.net/news/1692141
https://sports.ettoday.net/news/1691849
https://fashion.ettoday.net/focus/名人/2
https://boba.ettoday.net/sub_category/274/561/132826
https://boba.ettoday.net/video/33/404/66797
https://fashion.ettoday.net/focus/時尚/9
https://boba.ettoday.net/video/274/563/141621
https://star.ettoday.net/news/1692471
https://boba.ettoday.net/video/274/563/137975
https://star.ettoday.net/news/1692410
https://boba.ettoday.net/videonews/172121
https://boba.ettoday.net/video/274/544/136582
https://boba.ettoday.net/videonews/139909
https://fashion.ettoday.net/news/1691640/
https://fashion.ettoday.net/news/1689836
https://fashion.ettoday.net/news/1690557/
https://star.ettoday.net/news/1692520
https://star.ettoday.net/news/1691644
https://star.ettoday.net/news/1692507
https://sports.ettoday.net/news-list/棒球/中職/6
https://star.ettoday.net/news/1692162
https://fashion.ettoday.net/focus/美麗/2
https://boba.ettoday.net/category/232
https://star.ettoday.net/
https://star.ettoday.net/news/1689405
https://sports.ettoday.net/news-search.phtml?keywords=美網
https://star.ettoday.net/media/229/210150
https://star.ettoday.net/news/1691562
https://fashion.ettoday.net/news/1692042
https://sports.ettoday.net/news/1691132
https://sports.ettoday.net/news-search.phtml?keywords=麥卡弗雷
https://boba.ettoday.net/category/271
https://boba.ettoday.net/sub_category/274/563
https://fashion.ettoday.net/news/1679016
https://boba.ettoday.net/sub_category/274/561/135629
https://sports.ettoday.net/news/1691778
https://star.ettoday.net/news/1687075
https://fashion.ettoday.net/news/1688185/
https://movies.ettoday.net/topic/641/1188/1
https://boba.ettoday.net/video/33/406/62664
https://boba.ettoday.net/category/33/207855
https://star.ettoday.net/news/1692381
https://boba.ettoday.net/category/255/209676?from=sports_pc_sidebar_sportshot
https://boba.ettoday.net/videonews/209647
https://star.ettoday.net/news/1692058
https://sports.ettoday.net/news-search.phtml?keywords=%E8%A8%B1%E6%99%BA%E5%82%91
https://fashion.ettoday.net/news/1692076/
https://boba.ettoday.net/video/274/544/144496
https://sports.ettoday.net/news-list/棒球/中職/2
https://boba.ettoday.net/videonews/210055
https://boba.ettoday.net/sub_category/33/209
https://fashion.ettoday.net/news/1688519/
https://boba.ettoday.net/videonews/210110?from=sports_pc_sidebar_bobahot
https://fashion.ettoday.net/focus/潮流
https://fashion.ettoday.net/news/1502867
https://sports.ettoday.net/sport-category/競技
https://star.ettoday.net/news/1691605
https://sports.ettoday.net/news/1692260
https://fashion.ettoday.net/focus/美麗/9
https://star.ettoday.net/news/1692265
https://boba.ettoday.net/video_tag/即新聞
https://star.ettoday.net/photo-list/16942
https://star.ettoday.net/star-category/日本控
https://fashion.ettoday.net/focus/奢逸/4
https://sports.ettoday.net/news/1692551
https://star.ettoday.net/news/1692469
https://sports.ettoday.net/news-search.phtml?keywords=洋基
https://boba.ettoday.net/video/266/466/207595
https://boba.ettoday.net/video_tag/蕭敬騰
https://star.ettoday.net/star-category/華娛
https://fashion.ettoday.net/focus/名人/10
https://boba.ettoday.net/videonews/209579
https://fashion.ettoday.net/news/1658919
https://fashion.ettoday.net/news/1692199/
https://fashion.ettoday.net/news/1691363/
https://sports.ettoday.net/news-search.phtml?keywords=漢克
https://sports.ettoday.net/news/1691293
https://boba.ettoday.net/video/274/564/138173
https://sports.ettoday.net/video-list
https://movies.ettoday.net/news/1682846
https://movies.ettoday.net
https://sports.ettoday.net/news/1692552
https://boba.ettoday.net/videonews/204321
https://movies.ettoday.net/news/1692483
https://fashion.ettoday.net/focus/潮流/6
https://boba.ettoday.net/video/274/563/137960
https://sports.ettoday.net/news/1692547
https://boba.ettoday.net/sub_category/230/620?from=boba_issue
https://movies.ettoday.net/news/1684385
https://fashion.ettoday.net/focus/最新
https://fashion.ettoday.net/focus/生活
https://star.ettoday.net/news/1692513
https://boba.ettoday.net/videonews/198165
https://boba.ettoday.net/category/278
https://fashion.ettoday.net/news/1688317/
https://sports.ettoday.net/news-list/競技/陸上、水上
https://sports.ettoday.net/sport-category/棒球
https://boba.ettoday.net/category/279
https://boba.ettoday.net/videonews/204601
https://boba.ettoday.net/videonews/203088
https://fashion.ettoday.net/news/1692388
https://movies.ettoday.net/video/91/209820
https://sports.ettoday.net/news-list/棒球/MLB
https://boba.ettoday.net/video/274/544/136583
https://boba.ettoday.net/category/33/209362
https://boba.ettoday.net/video/266/477/209457
https://star.ettoday.net/news/1692557
https://boba.ettoday.net/videonews/210110?from=popular
https://star.ettoday.net/news/1692560
https://boba.ettoday.net/videonews/207654
https://star.ettoday.net/news/1691506
https://fashion.ettoday.net/focus/奢逸/2
https://sports.ettoday.net/news-list/競技/技擊、球類
https://sports.ettoday.net/news/1692146
https://star.ettoday.net/star-category/音樂
https://fashion.ettoday.net/focus/潮流/3
https://boba.ettoday.net/sub_category/266/466
https://boba.ettoday.net/sub_category/274/561/136889
https://sports.ettoday.net/news/1691043
https://fashion.ettoday.net/news/1685259/
https://boba.ettoday.net/category/266/209459
https://boba.ettoday.net/video/266/479/204724
https://boba.ettoday.net/videonews/204598
https://boba.ettoday.net/video/33/118/66409
https://boba.ettoday.net/videonews/209646
https://sports.ettoday.net/news-list/棒球/中職/3
https://boba.ettoday.net/category/266/207628
https://fashion.ettoday.net/focus/潮流/10
https://star.ettoday.net/media/19/191765
https://sports.ettoday.net/news-search.phtml?keywords=樂天桃猿
https://star.ettoday.net/media/13/39586
https://fashion.ettoday.net/focus/潮流/8
https://fashion.ettoday.net/focus/美麗/5
https://boba.ettoday.net/category/228
https://boba.ettoday.net/video/266/466/204572
https://events.ettoday.net/app/appCollect/push.phtml?appCollect_id=16
https://sports.ettoday.net/news-list/棒球/中職/15
https://events.ettoday.net/activity/dalemon_work/article/31954/last
https://boba.ettoday.net/category/267
https://boba.ettoday.net/video/266/478/202745
https://events.ettoday.net/activity/dalemon_readbeanQQ/article/25858/last
https://sports.ettoday.net/news-list/棒球/中職/7
https://star.ettoday.net/news/1692158
https://events.ettoday.net/activity/dalemon_inlove/article/26795/last
https://boba.ettoday.net/sub_category/266/477
https://boba.ettoday.net/video_tag/命案
https://boba.ettoday.net/sub_category/274/544
https://events.ettoday.net/activity/dalemon_work/180/last/6
https://sports.ettoday.net/news-search.phtml?keywords=壞小子
https://star.ettoday.net/album.phtml
https://star.ettoday.net/column/
https://movies.ettoday.net/video/91/209467
https://sports.ettoday.net/news/1692047
https://boba.ettoday.net/video/266/479/205964
https://events.ettoday.net/activity/dalemon_horror/article/32047/last
https://sports.ettoday.net/news-list/籃球/NBA
https://events.ettoday.net/activity/dalemon_Shitpost/195/last/2
https://fashion.ettoday.net/news/1690839/
https://sports.ettoday.net/news-list/籃球/HBL、UBA
https://events.ettoday.net/activity/dalemon_readbeanQQ/article/26872/last
https://fashion.ettoday.net/feature/434
https://fashion.ettoday.net/focus/時尚/19
https://movies.ettoday.net/tag.phtml?keyword=漫威
https://boba.ettoday.net/category/266/209457
https://events.ettoday.net/activity/dalemon_horror/article/29434/last
https://star.ettoday.net/news/1692464
https://events.ettoday.net/activity/dalemon_inlove/article/26165/last
https://events.ettoday.net/activity/dalemon_Shitpost/article/26120/last
https://fashion.ettoday.net/focus/奢逸/7
https://movies.ettoday.net/news/1692539
https://events.ettoday.net/activity/dalemon_work/article/25066/last
https://sports.ettoday.net/news/1692562
https://boba.ettoday.net/video/266/477/204720
https://fashion.ettoday.net/news/1691071/
https://boba.ettoday.net/video/33/404/64620
https://events.ettoday.net/activity/dalemon_Yummy/article/25949/last
https://events.ettoday.net/activity/dalemon_horror/182/last/3
https://events.ettoday.net/activity/dalemon_Yummy/192/last/2
https://events.ettoday.net/activity/dalemon_inlove/article/26734/last
https://events.ettoday.net/activity/dalemon_Yummy/article/31739/last
https://events.ettoday.net/activity/dalemon_work/article/25873/last
https://events.ettoday.net/activity/dalemon_inlove/article/26787/last
https://events.ettoday.net/picnic2019/index.phtml
https://events.ettoday.net/activity/dalemon_Shitpost/article/26049/last
https://events.ettoday.net/activity/dalemon_Star/article/24061/last
https://events.ettoday.net/activity/dalemon_Star/article/24444/last
https://events.ettoday.net/activity/dalemon_work/article/25531/last
https://events.ettoday.net/activity/dalemon_horror/182/last/4
https://events.ettoday.net/activity/dalemon_readbeanQQ/191/last/5
https://events.ettoday.net/activity/dalemon_Yummy/article/26735/last
https://events.ettoday.net/activity/dalemon_work/article/25430/last
https://events.ettoday.net/activity/dalemon_Star/article/24899/last
https://events.ettoday.net/activity/dalemon_work/article/25270/last
https://events.ettoday.net/activity/dalemon_Shitpost/article/26088/last
https://events.ettoday.net/activity/dalemon_readbeanQQ/
https://events.ettoday.net/activity/dalemon_readbeanQQ/article/26075/last
https://events.ettoday.net/activity/dalemon_work/article/25902/last
https://events.ettoday.net/activity/dalemon_Shitpost/195/last/3
https://events.ettoday.net/activity/dalemon_Shitpost/article/26549/last
https://events.ettoday.net/activity/dalemon_readbeanQQ/article/26596/last
https://events.ettoday.net/activity/dalemon_Star/article/23493/last
https://events.ettoday.net/activity/dalemon_Yummy/article/26022/last
https://events.ettoday.net/activity/dalemon_Yummy/article/31976/last
https://events.ettoday.net/activity/dalemon_Shitpost/article/26121/last
https://events.ettoday.net/app/appCollect/push.phtml?appCollect_id=40
https://events.ettoday.net/activity/dalemon_readbeanQQ/191/last/2
https://events.ettoday.net/activity/dalemon_readbeanQQ/article/26728/last
https://events.ettoday.net/activity/dalemon_horror/article/25455/last
https://events.ettoday.net/activity/dalemon_inlove/711/last/4
https://events.ettoday.net/activity/dalemon_Shitpost/195/last/4
https://events.ettoday.net/activity/dalemon_Yummy/article/31555/last
https://events.ettoday.net/activity/dalemon_horror/article/25879/last
https://events.ettoday.net/activity/dalemon_horror/article/31761/last
https://events.ettoday.net/activity/dalemon_Shitpost/article/26730/last
https://events.ettoday.net/activity/dalemon_Yummy/192/last/3
https://events.ettoday.net/activity/dalemon_horror/article/25720/last
https://events.ettoday.net/activity/dalemon_work/article/26012/last
