https://www.ettoday.net/news/20200316/1668419.htm?from=pctaglist 
https://boba.ettoday.net/video/274/610/194536
https://health.ettoday.net/category/%E9%A3%B2%E9%A3%9F
https://www.ettoday.net/feature/daejongfilmawards
https://www.ettoday.net/news/20190709/1486240.htm?from=pctaglist 
https://www.ettoday.net/news/20200220/1649862.htm?from=pctaglist 
https://www.ettoday.net/news/20200228/1656278.htm?feature=聲林之王&tab_id=4741
https://www.ettoday.net/news/20200514/1714245.htm?from=pctaglist 
https://www.ettoday.net/news/20161106/806268.htm?from=pctaglist 
https://www.ettoday.net/news/20181213/1330069.htm
https://www.ettoday.net/news/20200512/1712500.htm?from=pctaglist 
https://www.ettoday.net/feature/羅志祥/8504?tt=羅志祥相關新聞
https://www.ettoday.net/news/20181206/1312258.htm?from=pctaglist 
https://www.ettoday.net/news/20200520/1719035.htm?from=feature
https://boba.ettoday.net/video/274/561/123306
https://movies.ettoday.net/news/1719948
https://star.ettoday.net/news/1717187
https://www.ettoday.net/feature/ufo/940/3
https://www.ettoday.net/news/20190401/1412713.htm?from=pctaglist 
https://www.ettoday.net/news/20191106/1574034.htm?from=pctaglist 
https://www.ettoday.net/news/20200430/1704067.htm?from=pctaglist 
https://www.ettoday.net/news/20200508/1710096.htm?from=pctaglist 
https://www.ettoday.net/news/20190704/1481911.htm?feature=ufo&tab_id=939
https://www.ettoday.net/news/20200304/1659840.htm?from=pctaglist 
https://zh.wikipedia.org/wiki/%E9%83%AD%E5%8F%B0%E9%8A%98
https://sports.ettoday.net/
https://www.ettoday.net/news/20200522/1720454.htm
https://star.ettoday.net/search.phtml?keywords=李準基
https://www.ettoday.net/news/20200521/1719075.htm?ercamp=sorted_hot_news
https://star.ettoday.net/media/324
https://www.ettoday.net/news/20200522/1719986.htm?ercamp=sorted_hot_news
https://sports.ettoday.net/news-list/籃球/SBL、WSBL
https://www.ettoday.net/news/20200219/1649116.htm?from=feature
https://www.ettoday.net/news/20200418/1694692.htm?from=feature
https://www.ettoday.net/news/20200428/1701817.htm?from=pctaglist 
https://www.ettoday.net/news/20200521/1719794.htm
https://www.ettoday.net/news/20200522/1720430.htm
https://www.ettoday.net/news/focus/3C%E5%AE%B6%E9%9B%BB/%E5%AE%B6%E9%9B%BB/
https://www.ettoday.net/news/20151224/618261.htm?from=pctaglist 
https://www.ettoday.net/news/20171130/1058103.htm?feature=膝蓋痛&tab_id=9447
https://www.ettoday.net/news/20191227/1611615.htm?feature=ufo&tab_id=943
https://www.ettoday.net/news/20200405/1684127.htm?from=pctaglist 
https://www.ettoday.net/news/20200421/1697022.htm?feature=地震&tab_id=1232
https://star.ettoday.net/news/1719323
https://www.ettoday.net/news/20200513/1712902.htm?feature=颱風&tab_id=1265
https://www.ettoday.net/feature/ufo/944/3
https://www.ettoday.net/feature/%E8%A1%8C%E9%8A%B7%E9%9B%B2?from=ettoday-header-button
https://www.ettoday.net/news/20190319/1402497.htm?feature=ufo&tab_id=938
https://boba.ettoday.net/video/274/726/199869
https://star.ettoday.net/column/news/KKBOX西洋小編
https://www.ettoday.net/news/20200402/1681012.htm?from=pctaglist 
https://www.ettoday.net/news/20191225/1603555.htm?from=pctaglist 
https://www.ettoday.net/news/20200312/1666125.htm?from=feature
https://www.ettoday.net/news/20200121/1630612.htm?feature=大老闆傳奇-尹衍樑&tab_id=13274
https://www.ettoday.net/news/20200519/1717515.htm?ercamp=sorted_hot_news
https://www.ettoday.net/news/20200519/1717618.htm?from=feature
https://www.ettoday.net/news/20200521/1719732.htm
https://www.ettoday.net/news/tag/首相/
https://www.ettoday.net/news/20181112/1303855.htm?feature=ufo&tab_id=942
https://www.ettoday.net/news/20200217/1647254.htm?from=feature
https://sports.ettoday.net/news-list/棒球/中職
https://www.ettoday.net/news/20200401/1681166.htm?from=pctaglist 
https://theme.udn.com/theme/story/7490/4517866
https://www.ettoday.net/news/20200519/1717335.htm?from=feature
https://boba.ettoday.net/sub_category/274/561/135575
https://www.ettoday.net/news/20191226/1609592.htm?feature=大老闆傳奇-尹衍樑&tab_id=13274
https://www.ettoday.net/news/20200518/1716825.htm?from=pctaglist 
https://movies.ettoday.net/news/1720349
https://star.ettoday.net/news/1719901
https://www.ettoday.net/news/20190430/1433823.htm?from=pctaglist 
https://www.ettoday.net/news/20200407/1685835.htm?from=pctaglist 
https://www.ettoday.net/news/20200423/1698369.htm?feature=地震&tab_id=1232
https://movies.ettoday.net/ticket/1
https://star.ettoday.net/search.phtml?keywords=丫頭
https://www.ettoday.net/news/20200505/1702651.htm?from=pctaglist 
https://star.ettoday.net/media/81/212580/34
https://star.ettoday.net/media/88
https://www.ettoday.net/feature/ufo/944/2
https://www.ettoday.net/news/20200426/1700323.htm?feature=地震&tab_id=1232
https://www.ettoday.net/news/20200505/1696449.htm?from=pctaglist 
https://www.ettoday.net/news/20200522/1720187.htm?ercamp=sorted_hot_news
https://star.ettoday.net/issue/25
https://star.ettoday.net/search.phtml?keywords=鄭敬淏
https://www.ettoday.net/feature/%E6%96%87%E9%87%91%E6%9C%83
https://www.ettoday.net/feature/颱風/1265/5
https://www.ettoday.net/news/20160125/637111.htm?from=pctaglist 
https://www.ettoday.net/news/20200516/1715747.htm?from=pctaglist 
https://boba.ettoday.net/video/274/564/138440
https://newtalk.tw/news/view/2020-05-22/410357
https://www.ettoday.net/feature/ufo/939?tt=外星人
https://www.ettoday.net/feature/小女花不棄
https://boba.ettoday.net/video/274/610/189929
https://www.ettoday.net/news/20200422/1696883.htm?from=pctaglist 
https://boba.ettoday.net/video/33/406/70933
https://www.ettoday.net/news/20200222/1650715.htm?from=pctaglist 
https://boba.ettoday.net/video/274/610/193490
https://star.ettoday.net/search.phtml?keywords=吳映潔
https://www.ettoday.net/feature/颱風/1265/7
https://www.ettoday.net/news/20200520/1718492.htm?from=feature
https://www.ettoday.net/news/20200522/1720218.htm?from=pctaglist 
https://www.ettoday.net/feature/ufo/944?tt=火星
https://www.ettoday.net/news/20200325/1676466.htm?from=pctaglist 
https://www.ettoday.net/news/20200503/1705460.htm?from=feature
https://star.ettoday.net/news/1715911
https://www.ettoday.net/news/20200326/1677363.htm?from=pctaglist 
https://www.ettoday.net/news/20200415/1691887.htm?feature=大老闆傳奇-尹衍樑&tab_id=13274
https://www.ettoday.net/news/20200512/1712435.htm?feature=ufo&tab_id=944
https://star.ettoday.net/issue/3
https://www.ettoday.net/news/20180927/1268199.htm?feature=ufo&tab_id=940
https://www.ettoday.net/news/20200515/1714590.htm?feature=ufo&tab_id=939
https://www.ettoday.net/feature/戴資穎/1236/3
https://www.ettoday.net/news/20200515/1715104.htm?feature=金正恩&tab_id=1597
https://www.ettoday.net/news/20200519/1717258.htm?from=feature
https://www.ettoday.net/news/focus/生活/藝文/
https://www.ettoday.net/news/20200521/1719754.htm?ercamp=sorted_hot_news
https://theme.udn.com/theme/story/6774/4397698
https://www.ettoday.net/feature/反送中/11539?tt=反送中 相關新聞
https://www.ettoday.net/news/20181104/1296436.htm?from=pctaglist 
https://boba.ettoday.net/category/33/212710
https://star.ettoday.net/search.phtml?keywords=九妞妞
https://health.ettoday.net/category/親子
https://movies.ettoday.net/tag.phtml?keyword=
https://star.ettoday.net/search.phtml?keywords=黃暐婷
https://www.ettoday.net/news/20200514/1713794.htm?feature=颱風&tab_id=1265
https://health.ettoday.net/category/%E5%85%A9%E6%80%A7
https://www.ettoday.net/feature/習近平/4458/3
https://www.ettoday.net/news/20200522/1719923.htm?ercamp=sorted_hot_news
https://www.ettoday.net/news/20131218/307945.htm?from=feature
https://www.ettoday.net/news/20200514/1713935.htm?feature=ufo&tab_id=940
https://www.ettoday.net/news/20191231/1613834.htm?from=pctaglist 
https://www.ettoday.net/news/20200515/1715130.htm?from=pctaglist 
https://www.ettoday.net/news/20191022/1560014.htm?from=pctaglist 
https://www.ettoday.net/news/20200328/1678427.htm?from=pctaglist 
https://www.ettoday.net/news/20170512/922933.htm?feature=ufo&tab_id=941
https://fashion.ettoday.net/focus/%E7%94%9F%E6%B4%BB
https://health.ettoday.net/category/%E9%86%AB%E8%97%A5%E6%96%B0%E8%81%9E
https://www.ettoday.net/news/20200509/1709734.htm?feature=金正恩&tab_id=1597
https://www.ettoday.net/news/20200522/1720039.htm?from=feature
https://www.ettoday.net/news/20200514/1714292.htm?feature=習近平&tab_id=4458
https://www.ettoday.net/news/20200521/1719922.htm?ercamp=sorted_hot_news
https://www.ettoday.net/sitemap.htm
https://health.ettoday.net/category_tag/禽流感健康
https://line.naver.jp/ti/p/%40udnnews
https://www.ettoday.net/news/20181101/1295997.htm?from=pctaglist 
https://www.ettoday.net/news/20200115/1625915.htm?feature=ufo&tab_id=940
https://www.ettoday.net/news/20200107/1619423.htm?feature=ufo&tab_id=939
https://www.ettoday.net/news/20200212/1644135.htm?from=feature
https://www.ettoday.net/news/20200522/1720246.htm?ercamp=sorted_hot_news
https://www.ettoday.net/news/20190927/1544518.htm
https://www.ettoday.net/news/20200419/1694847.htm?feature=戴資穎&tab_id=1236
https://www.ettoday.net/news/20200521/1719655.htm?from=pctaglist 
https://www.ettoday.net/news/focus/%E7%94%9F%E6%B4%BB/%E6%B0%A3%E8%B1%A1/
https://star.ettoday.net/news/1719640
https://www.ettoday.net/news/20200521/1719404.htm?from=feature
https://www.ettoday.net/news/20190412/1420322.htm?feature=ufo&tab_id=938
https://www.ettoday.net/news/20200506/1708131.htm?feature=金正恩&tab_id=1597
https://events.ettoday.net/about-ettoday/index.htm
https://www.ettoday.net/feature/ufo/942?tt=金字塔
https://www.ettoday.net/feature/我們不能是朋友
https://health.ettoday.net/category_tag/失智海嘯來襲
https://star.ettoday.net/news/1694226
https://star.ettoday.net/news/1719607
https://www.ettoday.net/news/20190116/1358041.htm?from=pctaglist 
https://www.ettoday.net/news/20191210/1595680.htm?from=pctaglist 
https://www.ettoday.net/news/20200521/1719739.htm?feature=習近平&tab_id=4458
https://www.ettoday.net/news/20200417/1694170.htm?from=pctaglist 
https://www.ettoday.net/news/focus/財經/求職達人/
https://star.ettoday.net/news/1720031
https://www.ettoday.net/news/20200518/1716637.htm?from=pctaglist 
https://newtalk.tw/news/view/2020-05-22/409419
https://sports.ettoday.net/news/1718147
https://www.ettoday.net/news/20200310/1663550.htm?from=pctaglist 
https://www.ettoday.net/news/20200325/1675740.htm?from=pctaglist 
https://newtalk.tw/news/view/2020-05-22/410486
https://www.ettoday.net/news/20190714/1489516.htm?feature=ufo&tab_id=942
https://www.ettoday.net/news/20191007/1552248.htm?from=pctaglist 
https://star.ettoday.net/column/news/yeonhee
https://www.ettoday.net/news/20180904/1251632.htm?from=pctaglist 
https://www.ettoday.net/news/20200522/1720223.htm?from=pctaglist 
https://www.ettoday.net/news/20200522/1720408.htm
https://star.ettoday.net/news/1719015
https://boba.ettoday.net/video/274/561/134298
https://www.ettoday.net/news/20200225/1653976.htm?from=pctaglist 
https://www.ettoday.net/news/20200313/1666690.htm?from=feature
https://health.ettoday.net/news/1714356
https://pets.ettoday.net/focus/%E5%8B%95%E7%89%A9%E7%86%B1%E6%90%9C
https://star.ettoday.net/news/1716355
https://www.ettoday.net/news/20191020/1561184.htm?feature=ufo&tab_id=942
https://boba.ettoday.net/video/274/564/138175
https://events.ettoday.net/activity/2020ehsartcontest
https://health.ettoday.net/search.phtml?keyword=台北榮總
https://star.ettoday.net/media/81/214794/7
https://star.ettoday.net/news/1717948
https://junglevoice.ettoday.net/form.php
https://star.ettoday.net/media/13/39558
https://www.ettoday.net/feature/習近平/4458/5
https://www.ettoday.net/news/20200520/1718818.htm?from=pctaglist 
https://boba.ettoday.net/video/274/561/136889
https://movies.ettoday.net/news_list/384/1
https://www.ettoday.net/news/focus/財經/重大資訊/
https://www.ettoday.net/news/20200211/1643332.htm?from=feature
https://www.ettoday.net/news/20200221/1651172.htm?from=pctaglist 
https://www.ettoday.net/news/focus/%E6%94%BF%E6%B2%BB/
https://www.ettoday.net/news/20200216/1646940.htm?from=pctaglist 
https://www.ettoday.net/news/20200331/1681006.htm?from=pctaglist 
https://www.ettoday.net/news/20200406/1685041.htm?from=feature
https://www.ettoday.net/news/20190624/1473873.htm?feature=ufo&tab_id=944
https://boba.ettoday.net/videonews/215149?from=et_pc_sidebar
https://forum.ettoday.net/
https://sports.ettoday.net/news/1719475
https://sports.ettoday.net/sport-category/籃球
https://star.ettoday.net/column/news/Shanny
https://www.ettoday.net/news/20200522/1720077.htm?from=pctaglist 
https://www.ettoday.net/news/20200522/1720464.htm
https://udn.com/page/topic/185
https://www.ettoday.net/news/20190425/1430254.htm?from=pctaglist 
https://www.ettoday.net/news/20200329/1679380.htm?from=feature
https://udn.com/news/index
https://star.ettoday.net/news/1718155
https://star.ettoday.net/search.phtml?keywords=路
https://www.ettoday.net/news/20200310/1654431.htm?from=pctaglist 
https://www.ettoday.net/news/20200521/1719686.htm?feature=金正恩&tab_id=1597
https://www.ettoday.net/news/20200513/1712169.htm?feature=金正恩&tab_id=1597
https://sports.ettoday.net/sport-category/新聞
https://www.ettoday.net/news.htm
https://www.ettoday.net/news/20191119/1583371.htm?from=pctaglist 
https://www.ettoday.net/news/20200217/1647716.htm?feature=大老闆傳奇-尹衍樑&tab_id=13274
https://theme.udn.com/theme/story/6774/4394966
https://www.ettoday.net/news/20200412/1689619.htm?feature=戴資穎&tab_id=1236
https://www.ettoday.net/news/20200512/1712658.htm?feature=颱風&tab_id=1265
https://www.ettoday.net/news/20200514/1713752.htm?from=pctaglist 
https://health.ettoday.net/category_tag/醫美健康
https://www.ettoday.net/news/20191024/1564535.htm?from=pctaglist 
https://www.ettoday.net/news/20200504/1705823.htm?from=feature
https://www.ettoday.net/news/20191026/1565842.htm?from=pctaglist 
https://theme.udn.com/theme/story/6774/4383872
https://www.ettoday.net/news/20171211/1070229.htm?from=pctaglist 
https://www.ettoday.net/news/20200429/1702432.htm?feature=ufo&tab_id=940
https://star.ettoday.net/media/323
https://star.ettoday.net/news/1718149
https://www.ettoday.net/feature/柯文哲/1595/7
https://www.ettoday.net/news/20200102/1616159.htm?feature=大老闆傳奇-尹衍樑&tab_id=13274
https://www.ettoday.net/news/20200501/1701315.htm?from=pctaglist 
https://newtalk.tw/news/view/2020-05-22/410513
https://star.ettoday.net/news/1715979
https://www.ettoday.net/news/20190826/1520830.htm?from=pctaglist 
https://line.me/R/ti/p/g6OWv1nBoC
https://www.ettoday.net/feature/反送中/11539/5
https://newtalk.tw/about
https://sports.ettoday.net/sport-category/足球
https://www.ettoday.net/news/20200522/1720399.htm
https://star.ettoday.net/photo-list/16963
https://star.ettoday.net/search.phtml?keywords=百大女DJ
https://www.ettoday.net/news/20200210/1642451.htm?from=pctaglist 
https://www.ettoday.net/news/tag/張忠謀/
https://newtalk.tw/news/view/2020-05-22/410552
https://www.ettoday.net/news/20200330/1679907.htm?from=feature
https://www.ettoday.net/news/20171112/1050778.htm?ercamp=sorted_hot_news
https://www.ettoday.net/news/20200124/1618836.htm?from=feature
https://www.ettoday.net/news/20190927/1544833.htm
https://star.ettoday.net/news/1719927
https://www.ettoday.net/news/20200519/1717755.htm?from=feature
https://movies.ettoday.net/news/1719623
https://star.ettoday.net/search.phtml?keywords=Alan Walker&idx=1&kind=9&page=2
https://www.ettoday.net/news/20120620/61822.htm?feature=ufo&tab_id=943
https://www.ettoday.net/news/20190910/1531798.htm?from=pctaglist 
https://boba.ettoday.net/sub_category/274/726
https://sports.ettoday.net/news-list/足球/台灣足球
https://www.ettoday.net/news/20190424/1429429.htm?from=pctaglist 
https://www.ettoday.net/news/20190909/1531925.htm?from=pctaglist 
https://www.ettoday.net/news/20200512/1712566.htm?feature=大老闆傳奇-尹衍樑&tab_id=13274
https://theme.udn.com/theme/story/6774/4396929
https://www.ettoday.net/news/20200423/1697765.htm?feature=王令麟&tab_id=1016
https://www.ettoday.net/news/20200521/1719331.htm?ercamp=sorted_hot_news
https://www.ettoday.net/feature/2018MAMA
https://www.ettoday.net/news/20160917/777016.htm?feature=ufo&tab_id=941
https://www.ettoday.net/news/20200519/1717258.htm?feature=習近平&tab_id=4458
https://www.ettoday.net/news/20200522/1720206.htm?from=feature
https://www.ettoday.net/feature/武漢肺炎/14406?tt=世界疫情
https://www.ettoday.net/news/20140519/358899.htm?from=pctaglist 
https://www.ettoday.net/news/20190525/1451391.htm?from=pctaglist 
https://www.ettoday.net/news/20190924/1537840.htm?from=pctaglist 
https://www.ettoday.net/news/20200330/1679811.htm?from=pctaglist 
https://www.ettoday.net/news/20200521/1719205.htm?ercamp=sorted_hot_news
https://star.ettoday.net/search.phtml?keywords=周揚青
https://newtalk.tw/news/view/2020-05-22/410608
https://running.udn.com/
https://theme.udn.com/theme/story/6774/4356555
https://www.ettoday.net/news/20200416/1692758.htm?from=feature
https://star.ettoday.net/search.phtml?keywords=阿廖師
https://www.ettoday.net/news/20200115/1621537.htm?from=pctaglist 
https://www.ettoday.net/news/20200129/1632162.htm?from=pctaglist 
https://www.ettoday.net/news/20200520/1718647.htm?from=feature
https://zh.wikipedia.org/zh-tw/颱風
https://www.ettoday.net/news/20190808/1509195.htm?from=pctaglist 
https://www.ettoday.net/ettoday_app.htm
https://www.ettoday.net/news/20200331/1681328.htm?from=pctaglist 
https://www.ettoday.net/news/20200521/1719287.htm?ercamp=sorted_hot_news
https://www.ettoday.net/news/20200521/1719837.htm?from=feature
https://www.ettoday.net/news/20200522/1720009.htm?ercamp=sorted_hot_news
https://www.ettoday.net/feature/郭台銘/2777/7
https://www.ettoday.net/news/20180707/1207366.htm?from=pctaglist 
https://www.ettoday.net/news/20190508/1440087.htm?from=pctaglist 
https://www.ettoday.net/news/20191203/1593036.htm?from=feature
https://newtalk.tw/citizen/view/56262
https://www.ettoday.net/news/20191105/1572645.htm?from=pctaglist 
https://www.ettoday.net/news/20200329/1679062.htm?from=feature
https://www.ettoday.net/news/20200330/1679983.htm?from=pctaglist 
https://health.ettoday.net/news/1719239
https://www.ettoday.net/news/20200422/1697579.htm?feature=王令麟&tab_id=1016
https://www.ettoday.net/news/20190912/1533822.htm?from=pctaglist 
https://theme.udn.com/theme/story/7490/4551177
https://www.ettoday.net/feature/大老闆傳奇-尹衍樑/13282?tt=潤泰新
https://www.ettoday.net/news/20181031/1294904.htm?feature=膝蓋痛&tab_id=9447
https://www.ettoday.net/news/20190915/1535729.htm?feature=ufo&tab_id=941
https://www.ettoday.net/feature/attentionlove
https://www.ettoday.net/news/20191015/1556684.htm?from=pctaglist 
https://www.ettoday.net/news/20200330/1679621.htm?from=feature
https://boba.ettoday.net/category/234
https://boba.ettoday.net/video/274/610/188798
https://star.ettoday.net/news/1718062
https://www.ettoday.net/feature/大老闆傳奇-尹衍樑/13275?tt=兆豐金
https://www.ettoday.net/news/20200512/1712720.htm?feature=颱風&tab_id=1265
https://newtalk.tw/news/view/2020-05-22/410598
https://oops.udn.com
https://star.ettoday.net/news/1717016
https://www.ettoday.net/news/20181220/1336219.htm?feature=ufo&tab_id=942
https://www.ettoday.net/feature/聲林之王/4741/5
https://www.ettoday.net/news/20190608/1462976.htm?from=pctaglist 
https://www.ettoday.net/news/20200122/1631627.htm?from=feature
https://www.ettoday.net/news/20200325/1676434.htm?from=feature
https://www.ettoday.net/news/20200503/1705729.htm?feature=地震&tab_id=1232
https://health.ettoday.net/category_tag/茲卡病毒健康
https://www.ettoday.net/news/20200402/1682927.htm?from=pctaglist 
https://boba.ettoday.net/videonews/214469
https://star.ettoday.net/column/news/Kelly
https://star.ettoday.net/news/1718701
https://www.ettoday.net/feature/地震/1232/3
https://www.ettoday.net/feature/颱風/1269?tt=停班停課
https://www.ettoday.net/news/20120926/107094.htm?feature=ufo&tab_id=943
https://www.ettoday.net/news/20200330/1680044.htm?feature=大老闆傳奇-尹衍樑&tab_id=13274
https://www.ettoday.net/news/20200514/1714395.htm?feature=颱風&tab_id=1265
https://www.ettoday.net/news/20200518/1716452.htm?from=pctaglist 
https://www.ettoday.net/news/20190918/1538243.htm?feature=ufo&tab_id=942
https://www.ettoday.net/news/20200207/1640691.htm?from=feature
https://star.ettoday.net/photo-list/16950
https://www.ettoday.net/feature/尹食堂
https://www.ettoday.net/news/20120622/63346.htm?feature=ufo&tab_id=943
https://www.ettoday.net/news/20200418/1694622.htm?from=feature
https://www.ettoday.net/news/20200516/1714724.htm?from=pctaglist 
https://www.ettoday.net/feature/地震/1232/6
https://www.ettoday.net/news/20191208/1597230.htm?from=pctaglist 
https://www.ettoday.net/news/20200216/1646940.htm?feature=大老闆傳奇-尹衍樑&tab_id=13274
https://www.ettoday.net/news/20200410/1688018.htm?from=pctaglist 
https://www.ettoday.net/news/20200424/1698897.htm?feature=王令麟&tab_id=1016
https://star.ettoday.net/news/1719630
https://www.ettoday.net/news/20190503/1433855.htm?from=pctaglist 
https://www.ettoday.net/feature/聲林之王/4741/3
https://www.ettoday.net/news/20200521/1719415.htm?ercamp=sorted_hot_news
https://movies.ettoday.net/news/1717495
https://www.ettoday.net/news/20200403/1682987.htm?from=feature
https://star.ettoday.net/photo-list/16955
https://star.ettoday.net/search.phtml?keywords=周星馳
https://www.ettoday.net/news/20200522/1720391.htm
https://www.ettoday.net/feature/地震/1496?tt=地震包相關報導
https://www.ettoday.net/news/20190824/1504424.htm?from=pctaglist 
https://www.ettoday.net/news/20191126/1588414.htm?from=pctaglist 
https://star.ettoday.net/news/1717838
https://www.ettoday.net/feature/劉真/12646/3
https://star.ettoday.net/news/1716155
https://www.ettoday.net/news/20200512/1712170.htm?from=pctaglist 
https://boba.ettoday.net/video/33/174/214105
https://star.ettoday.net/news-focus/韓星爆爆/424
https://www.ettoday.net/news/20200415/1691592.htm?from=pctaglist 
https://www.ettoday.net/news/focus/財經/電商/
https://www.ettoday.net/news/20160910/772489.htm?feature=ufo&tab_id=941
https://www.ettoday.net/news/20200317/1668964.htm?from=pctaglist 
https://www.ettoday.net/news/20200406/1685083.htm?from=feature
https://www.ettoday.net/news/20200521/1719601.htm?from=feature
https://zh.wikipedia.org/wiki/%E7%BE%85%E5%BF%97%E7%A5%A5
https://www.ettoday.net/feature/ufo/944/7
https://www.ettoday.net/news/20130223/166812.htm?feature=ufo&tab_id=945
https://www.ettoday.net/news/20181211/1328503.htm
https://www.ettoday.net/news/20190502/1435193.htm?from=pctaglist 
https://health.ettoday.net/category_tag/恙蟲病健康
https://star.ettoday.net/search.phtml?keywords=于仁泰
https://www.ettoday.net/news/20190426/1430825.htm?feature=ufo&tab_id=940
https://www.ettoday.net/news/20181207/1325410.htm
https://www.ettoday.net/news/20191018/1559818.htm?from=pctaglist 
https://www.ettoday.net/feature/劉真
https://www.ettoday.net/news/20190731/1502769.htm?feature=ufo&tab_id=945
https://star.ettoday.net/news-focus/即時新聞/9/4
https://www.ettoday.net/feature/ufo/942/2
https://www.ettoday.net/news/20191229/1493385.htm?feature=ufo&tab_id=942
https://www.ettoday.net/feature/戴資穎/1236/5
https://www.ettoday.net/news/20190222/1382589.htm?feature=ufo&tab_id=944
https://www.ettoday.net/news/20191223/1608529.htm?from=pctaglist 
https://www.ettoday.net/news/20200420/1695524.htm?from=feature
https://theme.udn.com/theme/story/6774/4353824
https://www.ettoday.net/news/20190628/1470862.htm?from=pctaglist 
https://www.ettoday.net/news/20200519/1717420.htm?from=pctaglist 
https://www.ettoday.net/news/focus/%E6%96%B0%E8%81%9E%E9%9B%B2APP/%E6%95%B8%E5%82%B3%E5%AA%92/
https://www.ettoday.net/news/20181229/1343372.htm?feature=ufo&tab_id=942
https://www.ettoday.net/news/20200323/1665719.htm?from=pctaglist 
https://www.ettoday.net/news/tag/專訪/
https://star.ettoday.net/news/1719912
https://star.ettoday.net/photo-list/16938
https://www.ettoday.net/news/20180904/1251028.htm?feature=ufo&tab_id=942
https://www.ettoday.net/news/20200130/1634432.htm?from=feature
https://star.ettoday.net/issue/2
https://www.ettoday.net/news/20200323/1674287.htm?from=feature
https://www.ettoday.net/news/20200521/1719699.htm?from=feature
https://star.ettoday.net/news-focus/即時/9/3
https://www.ettoday.net/feature/theyearof5g
https://www.ettoday.net/news/20200123/1599810.htm?feature=聲林之王&tab_id=4741
https://health.ettoday.net/search.phtml?keyword=榮總玉里分院
https://www.ettoday.net/news/20190222/1383811.htm?feature=ufo&tab_id=940
https://www.ettoday.net/news/20200403/1683347.htm?from=feature
https://www.ettoday.net/news/20200522/1720153.htm?ercamp=sorted_hot_news
https://zh.wikipedia.org/wiki/%E6%88%B4%E8%B3%87%E7%A9%8E
https://boba.ettoday.net/video/274/561/136856
https://www.ettoday.net/feature/金正恩/1597/6
https://www.ettoday.net/feature/TDCC
https://www.ettoday.net/news/20200224/1651033.htm?from=pctaglist 
https://www.ettoday.net/news/20200516/1715527.htm?from=feature
https://star.ettoday.net/search.phtml?keywords=李學周
https://www.ettoday.net/news/20200227/1652887.htm?feature=聲林之王&tab_id=4741
https://www.ettoday.net/news/20200402/1682786.htm?from=pctaglist 
https://star.ettoday.net/news-focus/電視/51
https://www.ettoday.net/news/20200117/1614487.htm?from=pctaglist 
https://star.ettoday.net/news/1715427
https://www.ettoday.net/feature/ufo/939/2
https://www.ettoday.net/feature/武漢肺炎/14403?tt=新冠肺炎
https://www.ettoday.net/news/20181011/1279324.htm?feature=ufo&tab_id=940
https://www.ettoday.net/news/20200519/1717526.htm?feature=王令麟&tab_id=1016
https://www.ettoday.net/news/20200520/1718574.htm?from=feature
https://boba.ettoday.net/sub_category/274/561/127640
https://star.ettoday.net/news/1717612
https://boba.ettoday.net/video/33/404/68270
https://movies.ettoday.net/video/273/167053
https://fashion.ettoday.net/focus/%E5%90%8D%E4%BA%BA
https://movies.ettoday.net/news/1717948
https://star.ettoday.net/search.phtml?keywords=孫耀威
https://udn.com/page/topic/871
https://boba.ettoday.net/video/274/544/144494
https://udncollege.udn.com
https://www.ctwant.com/article/52605?utm_source=ettoday&amp;utm_medium=rss&amp;utm_campaign=52630
https://theme.udn.com/theme/story/6774/4390092
https://movies.ettoday.net/video/91/213951
https://star.ettoday.net/news/1719941
https://junglevoice.ettoday.net/news.php
https://sports.ettoday.net
https://star.ettoday.net/news/1719592
https://star.ettoday.net/news/1719623
https://events.ettoday.net/activity/dalemon_inlove
https://movies.ettoday.net/news/1719549
https://newtalk.tw/contact
https://fashion.ettoday.net/focus/%E5%A5%A2%E9%80%B8
https://boba.ettoday.net/videonews/215149?from=popular
https://boba.ettoday.net/video/274/726/198935
https://boba.ettoday.net/sub_category/274/561/136856
https://newtalk.tw/news/view/2018-04-20/121587
https://theme.udn.com/theme/story/6774/4383979
https://hiking.udn.com/
https://boba.ettoday.net/sub_category/274/561/130379
https://boba.ettoday.net/video/274/563/137875
https://boba.ettoday.net/sub_category/274/561/129252
https://newtalk.tw/news/view/2020-05-22/410601
https://fashion.ettoday.net/focus/%E6%BD%AE%E6%B5%81
https://sports.ettoday.net/news/1719819
https://sports.ettoday.net/news-list/%E7%AB%B6%E6%8A%80/%E6%8A%80%E6%93%8A%E3%80%81%E7%90%83%E9%A1%9E
https://sports.ettoday.net/sport-category/運動潮流
https://star.ettoday.net/photo-list/16959
https://star.ettoday.net/news-focus/音樂/426
https://star.ettoday.net/column/news/伍麒匡 Cyrus Ng
https://star.ettoday.net/news/1674742
https://star.ettoday.net/news/1719601
https://star.ettoday.net/search.phtml?keywords=黃瀞怡
https://newtalk.tw/news/view/2020-05-22/410576
https://star.ettoday.net/photo-list/16951
https://movies.ettoday.net/news_list/642/1
https://boba.ettoday.net/video/274/561/135504
https://star.ettoday.net/search.phtml?keywords=IU
https://boba.ettoday.net/video_tag/葉益豪
https://newtalk.tw/news/view/2020-05-21/410111
https://sports.ettoday.net/news/1720429
https://star.ettoday.net/news/1720325
https://newtalk.tw/news/view/2020-05-22/410571
https://star.ettoday.net/news-focus/即時新聞/9/2
https://star.ettoday.net/news/1716778
https://star.ettoday.net/media/739
https://star.ettoday.net/news/1715974
https://star.ettoday.net/news/1718048
https://star.ettoday.net/star-category/韓流
https://star.ettoday.net/media/639
https://sports.ettoday.net/news/1720419
https://newtalk.tw/news/view/2020-05-21/410297
https://star.ettoday.net/news/1719272
https://star.ettoday.net/news/1720216
https://boba.ettoday.net/sub_category/33/406
https://boba.ettoday.net/sub_category/274/561/131520
https://star.ettoday.net/news/1718088
https://sports.ettoday.net/news-list/籃球/ABL
https://movies.ettoday.net/video/273
https://star.ettoday.net/news/1715300
https://star.ettoday.net/news/1716076
https://boba.ettoday.net/video/33/174/214659
https://boba.ettoday.net/category/243
https://newtalk.tw/news/view/2020-05-21/409883
https://boba.ettoday.net/category/239
https://www.vghtpe.gov.tw/News!one.action?nid=4796
https://star.ettoday.net/search.phtml?keywords=陳致遠
https://sports.ettoday.net/news/1720123
https://star.ettoday.net/media/738
https://star.ettoday.net/news-focus/即時新聞/9/5
https://star.ettoday.net/star-category/%E9%9B%BB%E8%A6%96
https://udncollege.udn.com/?familybar_show
https://theme.udn.com/theme/story/6774/4382185
https://star.ettoday.net/news/1717869
http://event.udn.com/AD/
https://star.ettoday.net/star-category/%E8%8F%AF%E5%A8%9B
https://line.me/R/ti/p/%40yoi6531w
https://star.ettoday.net/news/1716414
https://star.ettoday.net/search.phtml?keywords=高聖遠
https://star.ettoday.net/media/81/214654/8
https://sports.ettoday.net/news/1718236
https://newtalk.tw/news/view/2020-05-22/410340
https://boba.ettoday.net/video/274/561/135542
https://movies.ettoday.net/news/1716411
https://star.ettoday.net/news/1719505
https://boba.ettoday.net/video/274/726/198941
https://mobile.udn.com/
https://star.ettoday.net/search.phtml?keywords=林秀琴
https://www.youtube.com/watch?v=XbtY5O46uxw&list=PLr8iY2AvgOL2q6wVDpq0JkwF48afm7Z3b
https://boba.ettoday.net/video/274/564/138162
https://star.ettoday.net/issue/5
https://star.ettoday.net/search.phtml?keywords=彤彤
https://boba.ettoday.net/category/33/214659
https://boba.ettoday.net/sub_category/274/564
https://star.ettoday.net/news/1715746
https://star.ettoday.net/search.phtml?keywords=MeiMei
https://theme.udn.com/theme/story/6774/4359817
https://boba.ettoday.net/video/33/118/69348
https://star.ettoday.net/news/1717524
https://star.ettoday.net/news/1719595
https://star.ettoday.net/search.phtml?keywords=大牙
https://star.ettoday.net/news/1709631
https://boba.ettoday.net/video/274/561/135528
https://star.ettoday.net/news/1719150
https://star.ettoday.net/search.phtml?keywords=Alan Walker&idx=1&kind=9&page=5
https://boba.ettoday.net/video/274/561/135629
https://star.ettoday.net/search.phtml?keywords=周迅
https://boba.ettoday.net/video/274/561/135512
https://movies.ettoday.net/news_list/641/1
https://star.ettoday.net/media/25/39628
https://star.ettoday.net/media/489
https://star.ettoday.net/news/1720182
https://sports.ettoday.net/news-list/籃球/CBA
https://boba.ettoday.net/video/274/544/137142
https://star.ettoday.net/news/1715820
https://star.ettoday.net/news-focus/即時/9/4
https://newtalk.tw/news/view/2020-05-22/410615
https://sports.ettoday.net/news/1719838
https://star.ettoday.net/news/1716356
https://newtalk.tw/citizen/view/56257
https://movies.ettoday.net/news/1711013
https://boba.ettoday.net/video/274/561/132826
https://star.ettoday.net/news/1717884
https://star.ettoday.net/news/1718992
https://star.ettoday.net/news/1717780
https://boba.ettoday.net/category/255/214969?from=sports_pc_sidebar_sportshot
https://star.ettoday.net/search.phtml?keywords=詹子晴
https://star.ettoday.net/photo-list/16958
https://newtalk.tw/news/view/2020-05-22/410544
http://blog.udn.com
https://star.ettoday.net/news/1719948
https://boba.ettoday.net/video/274/561/135558
https://movies.ettoday.net/video/273/165697
https://star.ettoday.net/media/25/39627
https://boba.ettoday.net/sub_category/274/610
https://star.ettoday.net/media/728
https://star.ettoday.net/news/1720317
https://star.ettoday.net/media/81/215160/1
https://game.ettoday.net
https://star.ettoday.net/column/news/Steve Chung 鍾樂偉
https://star.ettoday.net/search.phtml?keywords=姜漢娜
https://star.ettoday.net/search.phtml?keywords=郭婕祈
https://star.ettoday.net/news/1714803
https://udnfunlife.com/?utm_source=udn.com&utm_medium=familybar
https://www.emic.com.tw/www/index.php?action=adv&id=209
https://boba.ettoday.net/video/33/209/34927
https://star.ettoday.net/news/1720252
https://boba.ettoday.net/category/240
https://theme.udn.com/theme/story/6774/4390188
https://boba.ettoday.net/category/33/215127
https://star.ettoday.net/news/1718152
https://star.ettoday.net/news/1719610
https://star.ettoday.net/search.phtml?keywords=鏡週刊
https://boba.ettoday.net/videonews/214307
https://sports.ettoday.net/news-list/運動潮流/新品資訊
https://newtalk.tw/news/view/2020-05-17/406933
https://events.ettoday.net/activity/bravomyhero
https://star.ettoday.net/news/1704221
https://star.ettoday.net/news/1717577
https://boba.ettoday.net/video_tag/林宥嘉
https://movies.ettoday.net/video/91
https://star.ettoday.net/search.phtml?keywords=馬雲
https://star.ettoday.net/news/1719858
https://boba.ettoday.net/video/274/610/191297
https://boba.ettoday.net/sub_category/33/404
https://theme.udn.com/theme/story/6774/4352174
https://sports.ettoday.net/news/1720444
https://star.ettoday.net/media/19/191794
https://star.ettoday.net/news/1720075
https://star.ettoday.net/album/2
https://star.ettoday.net/issue/4
https://zh.wikipedia.org/wiki/2019%E5%B9%B46%E6%9C%88%E5%8F%8D%E5%B0%8D%E9%80%83%E7%8A%AF%E6%A2%9D%E4%BE%8B%E4%BF%AE%E8%A8%82%E8%8D%89%E6%A1%88%E9%81%8A%E8%A1%8C
https://movies.ettoday.net/news/1693256
https://star.ettoday.net/media/712
https://theme.udn.com/theme/story/6774/4392787
https://star.ettoday.net/news-focus/韓星爆爆/83
https://star.ettoday.net/photo-list/16936
https://www.etmall.com.tw/
https://star.ettoday.net/news-focus/電視/425
https://newtalk.tw/news/view/2020-05-21/410250
https://star.ettoday.net/search.phtml?keywords=台灣Express
https://movies.ettoday.net/news_list/383/1
https://star.ettoday.net/news/1718950
https://theme.udn.com/theme/story/6774/4370634
https://star.ettoday.net/news-focus/華娛/423
https://star.ettoday.net/photo-list/16939
https://events.ettoday.net/grace/
https://star.ettoday.net/album/3
https://boba.ettoday.net/video/274/564/138157
https://boba.ettoday.net/video/33/209/34412
https://star.ettoday.net/news/1720304
https://star.ettoday.net/news/1717425
https://boba.ettoday.net/video/33/404/70910
https://star.ettoday.net/news/1679294
https://star.ettoday.net/news/1720258
https://star.ettoday.net/issue/6
https://star.ettoday.net/news/1715896
https://star.ettoday.net/news/1717082
https://star.ettoday.net/search.phtml?keywords=林俊傑
https://star.ettoday.net/column/news/核能
https://star.ettoday.net/photo-list/16952
https://newtalk.tw/citizen/view/56260
https://star.ettoday.net/search.phtml?keywords=蕭敬騰
https://star.ettoday.net/news-focus/音樂/53
https://star.ettoday.net/news/1720199
https://movies.ettoday.net/news/1717178
https://boba.ettoday.net/video/33/209/30492
https://sports.ettoday.net/news/1719836
https://star.ettoday.net/news/1714689
https://star.ettoday.net/search.phtml?keywords=Super Junior
https://boba.ettoday.net/category/290
https://events.ettoday.net/ly-live/
https://star.ettoday.net/news/1717839
https://fashion.ettoday.net/focus/%E6%99%82%E5%B0%9A
https://boba.ettoday.net/video/33/118/67204
https://star.ettoday.net/news/1720215
https://theme.udn.com/theme/story/6774/4361643
https://theme.udn.com/theme/story/6774/4379771
https://star.ettoday.net/event-focus/421
https://boba.ettoday.net/video/274/563/139469
https://movies.ettoday.net/video/273/168781
https://star.ettoday.net/news-focus/華娛/50
https://star.ettoday.net/news/1719916
https://star.ettoday.net/news/1719409
https://star.ettoday.net/news/1720326
https://theme.udn.com/theme/story/6774/4356682
https://star.ettoday.net/photo-list/16940
https://fashion.ettoday.net/
https://newtalk.tw/news/view/2020-05-21/406867
https://star.ettoday.net/news/1718865
https://star.ettoday.net/photo-list/16970
https://newtalk.tw/news/view/2020-05-21/409890
https://boba.ettoday.net/category/231
https://newtalk.tw/citizen/view/56258
https://theme.udn.com/theme/story/6774/4399158
https://theme.udn.com/theme/story/6774/4376357
https://newtalk.tw/news/view/2020-05-22/410395
https://uevent.udnfunlife.com/?utm_source=udn.com&utm_medium=familybar
https://theme.udn.com/theme/story/6774/4359926
https://junglevoice.ettoday.net/rules-2.php
https://theme.udn.com/theme/story/6774/4364127
https://theme.udn.com/theme/story/6774/4380396
https://theme.udn.com/theme/story/6774/4393239
https://www.mirrormedia.mg/story/20200519web003/index.html?utm_source=feed_related&amp;utm_medium=ettoday
https://newtalk.tw/news/view/2020-05-22/410644
https://ulicensing.udnfunlife.com/?utm_source=udn.com&utm_medium=familybar
https://newtalk.tw/news/view/2020-05-22/410613
https://event.udn.com/line/
http://www.xsmart4.com/
https://www.youtube.com/watch?v=XGMX42fWT7U&list=PLr8iY2AvgOL2XDKsLa94EBzttqaPNx4lL
https://theme.udn.com/theme/story/6774/4397620
https://theme.udn.com/theme/story/6774/4387313
https://events.ettoday.net/activity/ublbaseball
https://www.etmall.com.tw/%E5%84%AA%E9%81%A9%E6%B4%BB-%E6%95%8F%E6%8D%B7%E8%86%A0%E5%8E%9F%E9%8C%A0-30%E9%8C%A0-%E7%9B%92/i/2197029?utm_source=ettoday&utm_medium=knee_pain_htm&utm_campaign=seo_project_by_Wayne
https://story.udn.com/dcstore/Index.do?
https://www.youtube.com/channel/UCD4Fd_NGg7EmwZqzp_SEZRg/featured
https://newtalk.tw/videos
https://newtalk.tw/news/view/2020-05-22/410605
https://theme.udn.com/theme/story/6774/4356875
https://theme.udn.com/theme/story/6774/4399579
https://newtalk.tw/news/view/2020-05-22/410629
https://theme.udn.com/theme/story/6774/4376783
https://udn.com/weather/
https://newtalk.tw/news/view/2020-05-22/410612
https://theme.udn.com/theme/story/6774/4365863
https://newtalk.tw/news/view/2020-05-22/410511
https://newtalk.tw/news/view/2020-05-22/410626
https://newtalk.tw/news/view/2020-05-22/410557
https://udn.com/umedia
https://zh.wikipedia.org/wiki/%E4%B9%A0%E8%BF%91%E5%B9%B3
http://www.unitas.me/
https://newtalk.tw/citizen/view/56251
https://theme.udn.com/theme/story/6774/4362367
https://newtalk.tw/news/view/2020-05-22/410542
https://newtalk.tw/news/view/2020-05-22/410638
https://theme.udn.com/theme/story/6774/4368458
https://newtalk.tw/news/view/2020-05-22/409839
https://theme.udn.com/theme/story/6774/4338198
https://theme.udn.com/theme/story/6774/4368280
https://www.etax.nat.gov.tw/
https://newtalk.tw/news/view/2020-05-22/410642
https://zh.wikipedia.org/wiki/戴資穎
https://theme.udn.com/theme/story/7490/4484098
https://newtalk.tw/citizen/view/56263
https://theme.udn.com/theme/story/6774/4352067
https://www.ctwant.com/article/52602?utm_source=ettoday&amp;utm_medium=rss&amp;utm_campaign=52630
https://theme.udn.com/theme/story/6774/4373982
https://opinion.udn.com/opinion/story/11373/2716381?from=udn-referralnews_ch1004artbottom
https://www.ctwant.com/article/52617?utm_source=ettoday&amp;utm_medium=rss&amp;utm_campaign=52630
https://newtalk.tw/news/view/2020-05-22/410625
https://events.ettoday.net/charity/index.php
https://theme.udn.com/theme/story/6774/4378333
https://zh.wikipedia.org/wiki/%E9%9F%93%E5%9C%8B%E7%91%9C
https://newtalk.tw/news/view/2020-05-22/410569
https://theme.udn.com/theme/story/6774/4354526
https://events.ettoday.net/activity/taoyuan2020
https://theme.udn.com/theme/story/6774/4358969
https://theme.udn.com/theme/story/7490/4501014
https://zh.wikipedia.org/wiki/%E9%A2%B1%E9%A2%A8
https://events.ettoday.net/activity/mothersday2020
https://line.me/R/ti/p/%40kgy3765i
https://theme.udn.com/theme/story/6774/4368401
https://zh.wikipedia.org/wiki/%E7%B5%B1%E4%B8%80%E7%99%BC%E7%A5%A8_(%E8%87%BA%E7%81%A3)
https://zh.wikipedia.org/wiki/%E9%87%91%E6%AD%A3%E6%81%A9
https://newtalk.tw/news/view/2020-05-21/410230
https://newtalk.tw/copyright
https://theme.udn.com/theme/story/6774/4365953
https://newtalk.tw/news/view/2020-05-22/410602
https://udn.com/ctba/index
https://www.mirrormedia.mg/story/20200519web002/index.html?utm_source=feed_related&amp;utm_medium=ettoday
https://newtalk.tw/news/view/2020-05-22/410606
https://theme.udn.com/theme/story/6774/4361990
https://newtalk.tw/news/view/2020-05-22/410653
https://www.mirrormedia.mg/story/20200520web001/index.html?utm_source=feed_related&amp;utm_medium=ettoday
https://www.etmall.com.tw/HelpCenter/StandardSecurity
https://movies.yahoo.com.tw/movietime_result.html/id=10595?guccounter=1
https://theme.udn.com/theme/story/7490/4534220
https://newtalk.tw/news/view/2020-05-22/410520
https://zh.wikipedia.org/wiki/劉真_(藝人)
https://newtalk.tw/news/view/2020-05-22/410536
https://newtalk.tw/news/view/2020-05-21/410237
https://twitter.com/newtalk_tw
http://www.emic.com.tw
https://newtalk.tw/news/view/2020-05-22/410631
https://www.etmall.com.tw/HelpCenter/PrivacyStatement
https://newtalk.tw/news/view/2020-05-22/410159
https://weibo.com/ettodaynet
https://theme.udn.com/theme/story/6774/4393168
https://zh.wikipedia.org/wiki/%E7%92%B0%E7%8B%80%E7%B7%9A_(%E5%8F%B0%E5%8C%97%E6%8D%B7%E9%81%8B)
