https://www.setn.com/News.aspx?NewsID=726117&p=0
https://www.setn.com/News.aspx?NewsID=726156
https://www.setn.com/News.aspx?NewsID=726222
https://www.setn.com/News.aspx?NewsID=726072
https://game.setn.com?utm_source=setn.com&utm_medium=game&utm_campaign=game
https://www.setn.com/News.aspx?NewsID=725994
https://www.setn.com/AnchorSET.aspx
https://www.setn.com/News.aspx?NewsID=725933
https://www.setn.com/News.aspx?NewsID=724994
https://www.setn.com/News.aspx?NewsID=725195
https://www.setn.com/News.aspx?NewsID=725703
https://www.setn.com/News.aspx?NewsID=725288
https://www.setn.com/News.aspx?NewsID=722238
https://www.setn.com/News.aspx?NewsID=725720
https://www.setn.com/News.aspx?NewsID=725882
https://www.setn.com/News.aspx?NewsID=726057
https://www.setddg.com/
https://www.setn.com/Catalog.aspx?PageGroupID=2
https://www.setn.com/News.aspx?NewsID=726366
https://www.setn.com/News.aspx?NewsID=726335
https://www.setn.com/Catalog.aspx?PageGroupID=47
https://www.setn.com/News.aspx?NewsID=725082
https://www.setn.com/News.aspx?NewsID=726352
https://www.setn.com/News.aspx?NewsID=725880
https://www.setn.com/News.aspx?NewsID=726210
https://www.setn.com/News.aspx?NewsID=723030
https://www.setn.com/Catalog.aspx?PageGroupID=12
https://www.setn.com/News.aspx?NewsID=726349
https://www.setn.com/News.aspx?NewsID=726286
https://www.setn.com/News.aspx?NewsID=726368
https://www.setn.com/News.aspx?NewsID=726283
https://www.setn.com/News.aspx?NewsID=726255
https://www.setn.com/Catalog.aspx?PageGroupID=7
https://www.setn.com/News.aspx?NewsID=726298
https://acts.setn.com/fbweb/index.html
https://live.setn.com/Live/691
https://www.setn.com/News.aspx?NewsID=726049
https://www.setn.com/Catalog.aspx?PageGroupID=41
https://www.setn.com/News.aspx?NewsID=726172
https://www.setn.com/News.aspx?NewsID=726267
https://www.setn.com/News.aspx?NewsID=726256
https://www.setn.com/News.aspx?NewsID=726359
https://www.setn.com/about.aspx
https://www.setn.com/News.aspx?NewsID=725152
https://www.setn.com/News.aspx?NewsID=726324
https://www.setn.com/News.aspx?NewsID=726362
https://www.setn.com/Catalog.aspx?PageGroupID=65
https://www.setn.com/News.aspx?NewsID=726117
https://www.setn.com/News.aspx?NewsID=726117
https://www.setn.com/News.aspx?NewsID=725869
http://blog.iset.com.tw/news/?cat=1
https://www.setn.com/News.aspx?NewsID=724052
https://www.setn.com/News.aspx?NewsID=726253
https://www.setn.com/News.aspx?NewsID=723933
https://www.setn.com/News.aspx?NewsID=723645
https://www.setn.com/News.aspx?NewsID=726358
https://www.setn.com/News.aspx?NewsID=726238
https://www.setn.com/Catalog.aspx?PageGroupID=42
https://www.setn.com/News.aspx?NewsID=726279
https://www.setn.com/News.aspx?NewsID=725718
https://www.setn.com/News.aspx?NewsID=724025
https://www.setn.com/News.aspx?NewsID=726364
https://www.setn.com/News.aspx?NewsID=726257
https://baodao.setn.com/
https://www.setn.com/News.aspx?NewsID=726360
https://www.setn.com/News.aspx?NewsID=726177
https://www.setn.com/News.aspx?NewsID=725971
https://www.setn.com/News.aspx?NewsID=726309
https://www.setn.com/Catalog.aspx?PageGroupID=6
https://travel.setn.com/
https://www.setn.com/News.aspx?NewsID=723069
https://www.setn.com/News.aspx?NewsID=724341
https://line.me/ti/p/%40setn
https://www.setn.com/News.aspx?NewsID=725799
https://www.setn.com/Catalog.aspx?PageGroupID=4
https://live.setn.com/Live/358
https://www.setn.com/News.aspx?NewsID=726261
https://vidol.tv/programmes/1202
https://www.setn.com/News.aspx?NewsID=725936
https://www.setn.com/e/
https://www.setn.com/News.aspx?NewsID=725311
https://fuhouse.setn.com/
https://watch.setn.com/
https://www.setn.com/News.aspx?NewsID=722859
https://www.setn.com/Catalog.aspx?PageGroupID=5
https://www.setn.com/News.aspx?NewsID=726328
https://www.setn.com/Catalog.aspx?PageGroupID=34
https://www.setn.com/News.aspx?NewsID=724406
https://acts.setn.com/event/2020netterms/
https://www.setn.com/News.aspx?NewsID=725534
https://acts.setn.com/event/crazyonlive/
https://www.setn.com/
https://www.setn.com/News.aspx?NewsID=726064
https://www.setn.com/News.aspx?NewsID=724808
https://www.setn.com/News.aspx?NewsID=726357
https://www.setn.com/News.aspx?NewsID=726291
https://www.setn.com/News.aspx?NewsID=725128
https://www.setn.com/News.aspx?NewsID=725921
https://www.setn.com/News.aspx?NewsID=725066
https://www.setn.com/News.aspx?NewsID=725991
https://www.setn.com/News.aspx?NewsID=725629
https://www.setn.com/News.aspx?NewsID=726178
https://www.setn.com/News.aspx?NewsID=723867
https://www.setn.com/News.aspx?NewsID=726000
https://www.setn.com/News.aspx?NewsID=722948
