https://star.ettoday.net/news/1720336
https://star.ettoday.net/news/1720365
https://star.ettoday.net/news/1720436
https://www.ettoday.net/news/tag/%E5%81%9A%E8%87%89/
https://www.ettoday.net/news/tag/ps%E7%BE%8E%E7%BE%8E%E5%A6%8D/
https://www.ettoday.net/member/clause_duty.php
https://www.ettoday.net/feature/%E8%81%B2%E6%9E%97%E4%B9%8B%E7%8E%8B/4741?tt=%E5%8D%B3%E6%99%82%E6%96%B0%E8%81%9E
https://www.ettoday.net/feature/%E6%AD%A6%E6%BC%A2%E8%82%BA%E7%82%8E
https://star.ettoday.net/news/1720340
https://www.ettoday.net/news/20170411/901241.htm
https://www.ettoday.net/news/tag/%E5%92%8C%E6%B3%B0%E6%B1%BD%E8%BB%8A/
https://www.ettoday.net/member/clause_privacy.php
https://www.ettoday.net/feature/%E5%9C%B0%E9%9C%87/1232?tt=%E5%9C%B0%E9%9C%87%E6%96%B0%E8%81%9E
https://www.ettoday.net/feature/ufo/941?tt=%E5%B0%BC%E6%96%AF%E6%B9%96%E6%B0%B4%E6%80%AA
https://www.ettoday.net/feature/%E6%9F%AF%E6%96%87%E5%93%B2
https://www.ettoday.net/news/tag/%E6%96%B0%E6%94%BF%E7%AD%96%E4%B8%8A%E8%B7%AF/
https://www.ettoday.net/news/tag/%E9%A0%82%E6%96%B0/
https://www.ettoday.net/news/tag/%E8%81%AF%E8%8F%AF%E9%A3%9F%E5%93%81/
https://star.ettoday.net/issue
https://www.ettoday.net/amp/knee_pain.htm?tt=%E8%86%9D%E8%93%8B%E7%97%9B
https://star.ettoday.net/media
https://www.ettoday.net/news/tag/%E5%8F%A3%E7%BD%A9/
https://www.ettoday.net/news/tag/%E6%9D%B1%E6%A3%AE%E8%87%AA%E7%84%B6%E7%BE%8E/
https://boba.ettoday.net/category/33
https://star.ettoday.net/news/1720306?redirect=1https://star.ettoday.net/news/1720306?redirect=1
https://www.ettoday.net/news/tag/%E5%B0%B9%E8%A1%8D%E6%A8%91/
https://www.ettoday.net/news/20170304/877306.htm
https://star.ettoday.net/news/1720203
https://www.ettoday.net/news/tag/%E4%B8%AD%E8%8F%AF%E8%88%AA%E7%A9%BA/
https://www.ettoday.net/feature/ufo/945?tt=%E5%8D%93%E6%9F%8F%E5%8D%A1%E5%B8%83%E6%8B%89
https://star.ettoday.net/news-focus/即時/9
https://www.ettoday.net/news/tag/%E7%BE%8E%E5%AE%B9%E4%BF%9D%E9%A4%8A/
https://star.ettoday.net/star-category/電視
https://www.ettoday.net/news/tag/%E7%9C%BC%E9%9C%9C/
https://www.ettoday.net/news/tag/%E8%AD%B7%E8%86%9A/
https://star.ettoday.net/news/1720170
https://www.ettoday.net/news/tag/%E8%A8%B1%E6%99%BA%E5%82%91/
https://star.ettoday.net/news/1720112
https://www.ettoday.net/news/tag/%E5%85%A8%E5%AE%B6%E4%BE%BF%E5%88%A9%E5%95%86%E5%BA%97/
https://star.ettoday.net/news/1719933
https://health.ettoday.net/news/1608024
https://www.ettoday.net/feature/%E9%87%91%E6%AD%A3%E6%81%A9
https://www.ettoday.net/feature/%E9%9F%93%E5%9C%8B%E7%91%9C/1682?tt=%E9%9F%93%E5%9C%8B%E7%91%9C%E6%96%B0%E8%81%9E%E6%87%B6%E4%BA%BA%E5%8C%85
https://sports.ettoday.net/news/1512756
https://star.ettoday.net/album
https://www.ettoday.net/feature/%E7%8E%8B%E4%BB%A4%E9%BA%9F/1016?tt=%E7%8E%8B%E4%BB%A4%E9%BA%9F
https://www.ettoday.net/feature/ufo/940?tt=%E9%A3%9B%E7%A2%9F%20UFO
https://www.ettoday.net/member/clause_member.php
https://star.ettoday.net/news/1718188
https://www.ettoday.net/news/tag/%E7%B5%B1%E4%B8%80%E4%BC%81%E6%A5%AD/
https://www.ettoday.net/feature/%E5%8A%89%E7%9C%9F
https://www.ettoday.net/news/tag/%E5%91%B3%E5%85%A8/
https://www.ettoday.net/news/tag/%E5%8F%B0%E6%96%B0%E9%87%91/
https://www.ettoday.net/news/tag/%E5%9C%8B%E6%B3%B0%E9%87%91/
https://www.ettoday.net/news/tag/%E6%9D%B1%E6%A3%AE%E8%B3%BC%E7%89%A9/
https://www.ettoday.net/news/tag/%E5%BF%97%E6%9D%91%E5%81%A5/
https://theme.udn.com/theme/story/6774/2796994
https://star.ettoday.net/star-category/韓星爆爆
https://star.ettoday.net/news/1719988
https://star.ettoday.net/star-category/歐美
https://www.ettoday.net/feature/%E9%A2%B1%E9%A2%A8
https://www.ettoday.net/feature/%E7%BF%92%E8%BF%91%E5%B9%B3/4458?tt=%E7%BF%92%E8%BF%91%E5%B9%B3%E7%9B%B8%E9%97%9C%E6%96%B0%E8%81%9E
https://star.ettoday.net/news/1720217
https://www.ettoday.net/feature/%E8%86%9D%E8%93%8B%E7%97%9B
https://www.ettoday.net/feature/%E5%A4%A7%E8%80%81%E9%97%86%E5%82%B3%E5%A5%87-%E5%B0%B9%E8%A1%8D%E6%A8%91
https://www.ettoday.net/feature/%E9%83%AD%E5%8F%B0%E9%8A%98/2777?tt=%E9%83%AD%E5%8F%B0%E9%8A%98%E7%9B%B8%E9%97%9C%E6%96%B0%E8%81%9E
https://www.ettoday.net/feature/%E7%BE%85%E5%BF%97%E7%A5%A5
https://www.ettoday.net/news/20190927/1544780.htm
https://www.ettoday.net/news/tag/%E4%BF%A1%E7%BE%A9%E6%88%BF%E5%B1%8B/
https://www.ettoday.net/news/tag/%E5%B8%8C%E7%88%BE%E6%80%9D/
https://star.ettoday.net/
https://www.ettoday.net/news/20190622/1473131.htm?tt=許智傑
https://www.ettoday.net/news/tag/Lexus/
https://www.ettoday.net/member/clause_copyright.php
https://boba.ettoday.net/sub_category/274/561
https://junglevoice.ettoday.net/index.php
https://star.ettoday.net/star-category/日本控
https://www.ettoday.net/news/tag/%E5%A4%A7%E9%87%91%E7%A9%BA%E8%AA%BF/
https://star.ettoday.net/star-category/華娛
https://www.ettoday.net/feature/WHO
https://movies.ettoday.net/
https://www.ettoday.net/feature/%E6%8D%B7%E9%81%8B%E7%92%B0%E7%8B%80%E7%B7%9A
https://star.ettoday.net/news/1718480
https://star.ettoday.net/news/1720402
https://www.ettoday.net/feature/%E5%8F%8D%E9%80%81%E4%B8%AD
https://www.ettoday.net/news/tag/%E9%BB%83%E5%AF%B6%E6%85%A7/
https://star.ettoday.net/news/1719938
https://star.ettoday.net/news/1720349
https://star.ettoday.net/star-category/音樂
https://www.ettoday.net/feature/ufo/944?tt=%E7%81%AB%E6%98%9F
https://star.ettoday.net/news/1720406
https://star.ettoday.net/column/
https://www.ettoday.net/news/tag/%E5%A4%A7%E9%87%91%E5%86%B7%E6%B0%A3/
https://newtalk.tw/news/view/2017-11-14/103804
https://star.ettoday.net/news/1717750
https://star.ettoday.net/news/1720131
https://www.ettoday.net/news/tag/%E5%AE%89%E6%96%B0%E5%BB%BA%E7%B6%93/
https://www.ettoday.net/news/tag/%E5%9C%8B%E6%B3%B0%E4%B8%96%E8%8F%AF/
https://www.etmall.com.tw/%E5%84%AA%E9%81%A9%E6%B4%BB-%E4%BF%9D%E5%81%A5%E9%A3%9F%E5%93%81%E5%93%81%E7%89%8C/c3/123212
https://star.ettoday.net/hot-news
https://star.ettoday.net/news/1720385
https://www.ettoday.net/feature/ufo/942?tt=%E9%87%91%E5%AD%97%E5%A1%94
https://www.ettoday.net/news/tag/%E6%9D%B1%E6%A3%AE%E6%88%BF%E5%B1%8B/
https://star.ettoday.net/news/1720330
https://www.ettoday.net/news/tag/%E4%B8%AD%E5%9C%8B%E4%BF%A1%E8%A8%97%E6%85%88%E5%96%84%E5%9F%BA%E9%87%91%E6%9C%83/
https://www.ettoday.net/news/tag/%E7%94%B2%E5%B1%B1%E6%9E%97/
https://www.ettoday.net/feature/ufo/938?tt=X%E6%AA%94%E6%A1%88
https://star.ettoday.net/news-focus/即時新聞/9
https://www.ettoday.net/events/app/et_star.htm
https://star.ettoday.net/search.phtml?keywords=Alan Walker
https://www.ettoday.net/feature/ufo/939?tt=%E5%A4%96%E6%98%9F%E4%BA%BA
https://www.ettoday.net/news/tag/愛山林/
https://www.ettoday.net/feature/ufo/943?tt=%E9%BA%A5%E7%94%B0%E5%9C%88
https://www.ettoday.net/feature/%E6%88%B4%E8%B3%87%E7%A9%8E/1236?tt=%E6%88%B4%E8%B3%87%E7%A9%8E%E7%9B%B8%E9%97%9C%E6%96%B0%E8%81%9E%E6%87%B6%E4%BA%BA%E5%8C%85
https://www.ettoday.net/news/tag/%E8%88%88%E5%AF%8C%E7%99%BC/
https://star.ettoday.net/news/1719344
https://star.ettoday.net/hot-news.phtml
https://www.ettoday.net/feature/%E7%B5%B1%E4%B8%80%E7%99%BC%E7%A5%A8/2913?tt=%E7%B5%B1%E4%B8%80%E7%99%BC%E7%A5%A8%E7%9B%B8%E9%97%9C%E6%96%B0%E8%81%9E
https://star.ettoday.net/news/1719956
