https://health.ettoday.net/category_tag/照護健康
https://www.ettoday.net/feature/武漢肺炎/14405?tt=台灣防疫
https://www.ettoday.net/news/20200328/1678242.htm?from=pctaglist 
https://www.ettoday.net/news/focus/民生消費/
https://health.ettoday.net/category_tag/狗健康
https://www.ettoday.net/news/20200330/1679983.htm?feature=大老闆傳奇-尹衍樑&tab_id=13274
https://www.ettoday.net/news/20190330/1411326.htm?feature=ufo&tab_id=939
https://www.ettoday.net/news/20200407/1685876.htm?from=pctaglist 
https://www.ettoday.net/news/20200402/1674737.htm?from=pctaglist 
https://www.ettoday.net/news/20190916/1536631.htm?from=pctaglist 
https://www.ettoday.net/news/20200512/1712636.htm?feature=戴資穎&tab_id=1236
https://www.ettoday.net/feature/Got7
https://www.ettoday.net/news/20200521/1719794.htm?ercamp=sorted_hot_news
https://www.ettoday.net/feature/大老闆傳奇-尹衍樑/13274/2
https://www.ettoday.net/news/20200520/1718133.htm?feature=習近平&tab_id=4458
https://www.ettoday.net/news/20200522/1720151.htm
https://www.ettoday.net/apk/star/ETStar_30003.apk
https://www.ettoday.net/news/20190712/1485685.htm?from=pctaglist 
https://www.ettoday.net/news/20190921/1540265.htm?feature=ufo&tab_id=939
https://www.ettoday.net/news/20200405/1684248.htm?feature=戴資穎&tab_id=1236
https://www.ettoday.net/news/20200130/1634558.htm?from=pctaglist 
https://www.ettoday.net/news/20190503/1436245.htm?from=pctaglist 
https://www.ettoday.net/news/20180603/1182884.htm?feature=ufo&tab_id=941
https://www.ettoday.net/news/20200426/1700386.htm?from=feature
https://www.ettoday.net/news/20190614/1467317.htm?from=pctaglist 
https://www.ettoday.net/news/20200520/1718459.htm?from=pctaglist 
https://www.ettoday.net/news/20200428/1701843.htm?from=pctaglist 
https://health.ettoday.net/search.phtml?keyword=寶慧愛心號
https://www.ettoday.net/feature/paeksangartsawards
https://www.ettoday.net/news/20190418/1425342.htm?feature=ufo&tab_id=940
https://www.ettoday.net/news/20191011/1554813.htm?feature=ufo&tab_id=939
https://www.ettoday.net/feature/韓國瑜/1682/4
https://www.ettoday.net/news/20200430/1703766.htm?feature=戴資穎&tab_id=1236
https://www.ettoday.net/news/20180619/1194333.htm?from=pctaglist 
https://www.ettoday.net/news/20180801/1224336.htm?from=pctaglist 
https://www.ettoday.net/news/20200519/1717492.htm?feature=地震&tab_id=1232
https://www.ettoday.net/news/20200511/1711861.htm?feature=地震&tab_id=1232
https://www.ettoday.net/news/20200405/1684418.htm?from=pctaglist 
https://www.ettoday.net/news/20200514/1713516.htm?from=pctaglist 
https://www.ettoday.net/feature/我的大叔
https://www.ettoday.net/news/20181223/1338088.htm?from=pctaglist 
https://www.ettoday.net/news/20200312/1666191.htm?from=feature
https://www.ettoday.net/news/20200422/1697757.htm?from=pctaglist 
https://www.ettoday.net/feature/ufo/940/7
https://www.ettoday.net/feature/index/10
https://www.ettoday.net/news/20200125/1632736.htm?from=feature
https://www.ettoday.net/news/20190823/1519853.htm?from=pctaglist 
https://www.ettoday.net/news/20191121/1585160.htm?from=pctaglist 
https://www.ettoday.net/news/20200218/1648557.htm?from=pctaglist 
https://www.ettoday.net/news/20200415/1690203.htm?from=pctaglist 
https://health.ettoday.net/category_tag/進口食品攻防戰
https://www.ettoday.net/news/20190628/1476897.htm?feature=ufo&tab_id=941
https://www.ettoday.net/news/20190814/1512390.htm?from=pctaglist 
https://www.ettoday.net/news/20200309/1663296.htm?feature=王令麟&tab_id=1016
https://www.ettoday.net/news/20200418/1694579.htm?from=pctaglist 
https://www.ettoday.net/news/20200513/1713019.htm?from=pctaglist 
https://www.ettoday.net/news/20200521/1719803.htm?from=feature
https://www.ettoday.net/feature/babaqunaer
https://www.ettoday.net/news/20200324/1675172.htm?from=pctaglist 
https://www.ettoday.net/news/20200521/1719369.htm?from=feature
https://www.ettoday.net/news/20130717/242613.htm?from=pctaglist 
https://www.ettoday.net/news/20191205/1595116.htm?from=pctaglist 
https://health.ettoday.net/news/1719769
https://www.ettoday.net/feature/韓國瑜/1682/7
https://www.ettoday.net/news/20200522/1719976.htm?ercamp=sorted_hot_news
https://www.ettoday.net/news/20191024/1563957.htm?from=pctaglist 
https://www.ettoday.net/news/20200519/1718039.htm?feature=地震&tab_id=1232
https://www.ettoday.net/news/20200522/1719563.htm
https://www.ettoday.net/news/20200522/1720488.htm
https://www.ettoday.net/news/20190717/1492000.htm?from=pctaglist 
https://www.ettoday.net/news/20191017/1558516.htm?from=pctaglist 
https://www.ettoday.net/news/20200413/1690352.htm?from=pctaglist 
https://www.ettoday.net/news/20200520/1718380.htm?from=pctaglist 
https://health.ettoday.net/category/中醫
https://www.ettoday.net/survey/
https://www.ettoday.net/news/20200520/1718490.htm?from=feature
https://health.ettoday.net/news/1720384
https://www.ettoday.net/news/20200415/1692356.htm?from=pctaglist 
https://www.ettoday.net/news/20180819/1238832.htm?feature=ufo&tab_id=943
https://www.ettoday.net/news/20200521/1719697.htm?from=pctaglist 
https://www.ettoday.net/news/20140301/329802.htm?from=feature
https://www.ettoday.net/news/20181223/1338089.htm?from=pctaglist 
https://www.ettoday.net/news/20190604/1459492.htm?feature=ufo&tab_id=938
https://www.ettoday.net/news/20200219/1647523.htm?feature=王令麟&tab_id=1016
https://www.ettoday.net/news/20200520/1718633.htm?feature=習近平&tab_id=4458
https://www.ettoday.net/news/tag/回饋/
https://www.ettoday.net/news/20200405/1684035.htm?from=feature
https://www.ettoday.net/news/20171030/1041829.htm?from=pctaglist 
https://www.ettoday.net/news/20180108/1088278.htm?feature=膝蓋痛&tab_id=9447
https://www.ettoday.net/news/20190418/1425342.htm?feature=ufo&tab_id=939
https://www.ettoday.net/news/20190523/1451379.htm?from=pctaglist 
https://www.ettoday.net/news/20200503/1705486.htm?feature=地震&tab_id=1232
https://www.ettoday.net/news/20141221/438968.htm?feature=ufo&tab_id=943
https://www.ettoday.net/news/20200521/1719588.htm?ercamp=hot_news
https://www.ettoday.net/news/20200429/1702427.htm?feature=ufo&tab_id=941
https://www.ettoday.net/news/20200520/1719062.htm?from=feature
https://www.ettoday.net/news/20200521/1719148.htm?from=feature
https://www.ettoday.net/news/20200522/1720245.htm?from=feature
https://www.ettoday.net/news/tag/高雄科技大學/
https://pets.ettoday.net/focus/%E5%AF%B5%E7%89%A9%E7%99%BE%E7%A7%91
https://www.ettoday.net/news/20190622/1473149.htm?feature=ufo&tab_id=939
https://www.ettoday.net/news/20190731/1502467.htm?from=pctaglist 
https://www.ettoday.net/news/20200511/1711634.htm?feature=金正恩&tab_id=1597
https://www.ettoday.net/news/20200504/1706153.htm?from=pctaglist 
https://www.ettoday.net/news/20190506/1437921.htm?from=pctaglist 
https://www.ettoday.net/news/20200517/1715945.htm?from=pctaglist 
https://www.ettoday.net/news/20200114/1625450.htm?from=pctaglist 
https://www.ettoday.net/news/20200522/1720423.htm
https://www.ettoday.net/news/20200507/1708436.htm?feature=習近平&tab_id=4458
https://www.ettoday.net/news/20180614/1190736.htm?from=pctaglist 
https://www.ettoday.net/news/20200518/1716674.htm?from=pctaglist 
https://www.ettoday.net/news/20200103/1616518.htm?from=pctaglist 
https://www.ettoday.net/news/20190618/1469766.htm
https://www.ettoday.net/news/20200416/1693231.htm?feature=地震&tab_id=1232
https://www.ettoday.net/news/20200522/1720179.htm?from=feature
https://www.ettoday.net/news/20190214/1378071.htm?feature=ufo&tab_id=942
https://www.ettoday.net/news/20200501/1704538.htm?feature=地震&tab_id=1232
https://www.ettoday.net/feature/王令麟/1016/6
https://health.ettoday.net/category_tag/孕婦健康
https://www.ettoday.net/news/20200401/1682081.htm?from=feature
https://www.ettoday.net/news/20200420/1696046.htm?from=pctaglist 
https://www.ettoday.net/news/20200514/1713935.htm?feature=ufo&tab_id=938
https://www.ettoday.net/news/20190210/1350540.htm?feature=ufo&tab_id=940
https://www.ettoday.net/news/20200418/1694531.htm?from=feature
https://www.ettoday.net/news/20200331/1681247.htm?feature=戴資穎&tab_id=1236
https://www.ettoday.net/news/20200211/1643354.htm?from=pctaglist 
https://www.ettoday.net/news/20190906/1529641.htm?feature=ufo&tab_id=938
https://www.ettoday.net/news/20200213/1643903.htm?from=pctaglist 
https://www.ettoday.net/news/20200310/1664317.htm?feature=王令麟&tab_id=1016
https://www.ettoday.net/news/20200522/1720277.htm
https://www.ettoday.net/news/focus/%E8%B2%A1%E7%B6%93/
https://www.ettoday.net/news/20200522/1720092.htm?ercamp=sorted_hot_news
https://www.ettoday.net/news/20191120/1584196.htm?from=pctaglist 
https://www.ettoday.net/news/20200305/1660141.htm?feature=聲林之王&tab_id=4741
https://health.ettoday.net/category_tag/牙齒健康
https://www.ettoday.net/events/news-express/epaper.php
https://www.ettoday.net/news/20190906/1529641.htm?feature=ufo&tab_id=941
https://www.ettoday.net/feature/柯文哲/1595/5
https://www.ettoday.net/news/20200518/1716926.htm?feature=習近平&tab_id=4458
https://www.ettoday.net/news/20200522/1720214.htm
https://www.ettoday.net/feature/WHO/14401/2
https://www.ettoday.net/feature/郭台銘/2777?tt=郭台銘相關新聞
https://www.ettoday.net/news/20200520/1718464.htm?from=pctaglist 
https://www.ettoday.net/et_star.htm
https://www.ettoday.net/news/20200406/1685039.htm?from=pctaglist 
https://www.ettoday.net/news/20200408/1686436.htm?from=pctaglist 
https://www.ettoday.net/news/20200507/1708670.htm?feature=金正恩&tab_id=1597
https://www.ettoday.net/news/20200330/1679836.htm?from=feature
https://www.ettoday.net/news/20200522/1720396.htm?from=pctaglist 
https://www.ettoday.net/news/20181002/1271852.htm?feature=ufo&tab_id=941
https://www.ettoday.net/news/20191217/1603365.htm?from=pctaglist 
https://www.ettoday.net/news/20200218/1648562.htm?feature=大老闆傳奇-尹衍樑&tab_id=13274
https://www.ettoday.net/news/20200331/1680363.htm?from=feature
https://www.ettoday.net/news/20200324/1675564.htm?feature=戴資穎&tab_id=1236
https://www.ettoday.net/news/20200423/1697765.htm?from=pctaglist 
https://www.ettoday.net/news/20150316/479472.htm?from=pctaglist 
https://www.ettoday.net/feature/2019MAMA
https://www.ettoday.net/news/20200409/1687908.htm?from=pctaglist 
https://www.ettoday.net/feature/統一發票/2913/6
https://www.ettoday.net/news/20180829/1246726.htm?feature=ufo&tab_id=942
https://www.ettoday.net/news/20200505/1707497.htm?from=feature
https://www.ettoday.net/news/20200507/1708677.htm?from=feature
https://www.ettoday.net/news/20181031/1294904.htm?from=knee_pain_htm&feature=膝蓋痛&tab_id=9447
https://www.ettoday.net/news/tag/信用卡/
https://www.ettoday.net/news/20200522/1719943.htm?ercamp=hot_news
https://www.ettoday.net/feature/習近平/4458/6
https://www.ettoday.net/news/20150421/492371.htm?from=pctaglist 
https://www.ettoday.net/news/20160818/758425.htm?feature=ufo&tab_id=945
https://www.ettoday.net/news/20200113/1624841.htm?from=pctaglist 
https://www.ettoday.net/news/20200520/1718371.htm?from=feature
https://www.ettoday.net/news/20200425/1698902.htm?from=pctaglist 
https://www.ettoday.net/news/20200510/1710157.htm?from=pctaglist 
https://www.ettoday.net/news/20200514/1714137.htm?from=feature
https://www.ettoday.net/news/20200520/1718262.htm?from=feature
https://www.ettoday.net/news/20200501/1701915.htm?from=pctaglist 
https://www.ettoday.net/news/focus/%E6%96%B0%E8%81%9E%E9%9B%B2APP/%E6%9D%B1%E5%8D%97%E4%BA%9E%E8%A6%81%E8%81%9E/
https://www.ettoday.net/feature/index/7
https://www.ettoday.net/feature/劉真/12646?tt=劉真相關新聞
https://www.ettoday.net/news/20200520/1718480.htm?ercamp=hot_news
https://www.ettoday.net/news/20151218/615209.htm?from=pctaglist 
https://www.ettoday.net/news/20200521/1719600.htm
https://www.ettoday.net/news/20200522/1720461.htm
https://www.ettoday.net/news/20190609/1463749.htm?from=pctaglist 
https://www.ettoday.net/news/20200514/1712873.htm?from=pctaglist 
https://health.ettoday.net/lastnews
https://www.ettoday.net/feature/ufo/938/3
https://www.ettoday.net/news/20120403/36297.htm?feature=ufo&tab_id=943
https://www.ettoday.net/news/20200314/1665721.htm?from=pctaglist 
https://www.ettoday.net/news/20200405/1682409.htm?from=pctaglist 
https://www.ettoday.net/news/20200519/1716620.htm?from=pctaglist 
https://www.ettoday.net/news/20200504/1706113.htm?feature=地震&tab_id=1232
https://www.ettoday.net/news/20190214/1377637.htm?feature=ufo&tab_id=944
https://www.ettoday.net/news/20200408/1686279.htm?from=feature
https://www.ettoday.net/news/20190513/1443737.htm?from=pctaglist 
https://www.ettoday.net/news/20200522/1720311.htm?from=feature
https://www.ettoday.net/feature/ufo/939/4
https://www.ettoday.net/news/20181105/1297950.htm?feature=膝蓋痛&tab_id=9447
https://www.ettoday.net/news/20160721/739983.htm?from=pctaglist 
https://www.ettoday.net/news/20200422/1697107.htm?feature=戴資穎&tab_id=1236
https://www.ettoday.net/news/20200430/1703929.htm?from=pctaglist 
https://www.ettoday.net/news/20200515/1715059.htm?from=pctaglist 
https://www.ettoday.net/news/20200521/1719358.htm?ercamp=sorted_hot_news
https://www.ettoday.net/news/20200522/1720442.htm?from=feature
https://www.ettoday.net/news/focus/民生消費/品味家居/
https://www.ettoday.net/news/20170424/903596.htm?from=pctaglist 
https://www.ettoday.net/news/20200329/1679324.htm?from=feature
https://www.ettoday.net/news/20200522/1719949.htm?ercamp=hot_news
https://www.ettoday.net/news/20200506/1708172.htm?feature=金正恩&tab_id=1597
https://www.ettoday.net/news/20200506/1707676.htm?feature=金正恩&tab_id=1597
https://www.ettoday.net/news/20200516/1715838.htm?feature=颱風&tab_id=1265
https://www.ettoday.net/feature/ufo/944/5
https://www.ettoday.net/news/20190717/1491800.htm?feature=ufo&tab_id=940
https://www.ettoday.net/news/20190622/1473010.htm?feature=ufo&tab_id=943
https://www.ettoday.net/news/20200329/1679359.htm?from=feature
https://www.ettoday.net/news/20200522/1720272.htm?ercamp=sorted_hot_news
https://www.ettoday.net/news/20190510/1446192.htm?from=pctaglist 
https://www.ettoday.net/news/20200204/1637664.htm?from=pctaglist 
https://www.ettoday.net/news/20200318/1670062.htm?from=pctaglist 
https://www.ettoday.net/feature/大老闆傳奇-尹衍樑/13274/3
https://www.ettoday.net/news/20200124/1627462.htm?from=pctaglist 
https://health.ettoday.net/category/%E7%99%BE%E7%A7%91
https://www.ettoday.net/news/20200215/1646483.htm?feature=大老闆傳奇-尹衍樑&tab_id=13274
https://www.ettoday.net/news/20181115/1306240.htm?from=pctaglist 
https://www.ettoday.net/news/20190622/1473131.htm?from=pctaglist 
https://www.ettoday.net/feature/地震/1232/7
https://www.ettoday.net/news/20190609/1463743.htm?from=pctaglist 
https://www.ettoday.net/news/20200303/1658863.htm?from=pctaglist 
https://www.ettoday.net/news/20200506/1707808.htm?feature=金正恩&tab_id=1597
https://www.ettoday.net/feature/kerwenduetourop
https://www.ettoday.net/news/20191105/1573113.htm?from=pctaglist 
https://www.ettoday.net/news/20200518/1716442.htm?feature=金正恩&tab_id=1597
https://www.ettoday.net/news/20200522/1720480.htm
https://www.ettoday.net/news/20200120/1629811.htm?from=pctaglist 
https://www.ettoday.net/news/20200509/1710251.htm?feature=習近平&tab_id=4458
https://www.ettoday.net/news/20200212/1643855.htm?from=pctaglist 
https://www.ettoday.net/news/20200517/1716250.htm?from=feature
https://www.ettoday.net/news/20200519/1714767.htm?from=pctaglist 
https://www.ettoday.net/news/20120801/82014.htm?feature=ufo&tab_id=943
https://www.ettoday.net/news/20200320/1672217.htm?from=pctaglist 
https://www.ettoday.net/news/tag/消費/
https://www.ettoday.net/et_metro.htm
https://www.ettoday.net/news/20170302/876098.htm
https://www.ettoday.net/news/20200402/1682370.htm?from=pctaglist 
https://www.ettoday.net/news/20200513/1713383.htm?from=pctaglist 
https://www.ettoday.net/news/20200513/1713256.htm?feature=王令麟&tab_id=1016
https://www.ettoday.net/news/20181211/1325641.htm
https://www.ettoday.net/feature/郭台銘/2777/3
https://www.ettoday.net/news/20191007/1552045.htm?from=pctaglist 
https://www.ettoday.net/news/20200511/1711871.htm?feature=地震&tab_id=1232
https://health.ettoday.net/search.phtml?keyword=黃寶慧
https://www.ettoday.net/news/20120621/62928.htm?feature=ufo&tab_id=943
https://www.ettoday.net/feature/ufo/940/2
https://www.ettoday.net/news/20200519/1717773.htm?from=feature
https://www.ettoday.net/feature/金球獎頒獎典禮
https://www.ettoday.net/news/20200325/1676466.htm?from=feature
https://www.ettoday.net/news/20200522/1720463.htm
https://www.ettoday.net/news/20190219/1381649.htm?from=feature
https://www.ettoday.net/news/20190220/1382018.htm?feature=ufo&tab_id=940
https://www.ettoday.net/news/20200522/1720357.htm
https://www.ettoday.net/news/20200510/1710231.htm?feature=金正恩&tab_id=1597
https://www.ettoday.net/feature/大老闆傳奇-尹衍樑/13277?tt=中信金
https://www.ettoday.net/news/20150422/496420.htm?feature=ufo&tab_id=941
https://www.ettoday.net/feature/韓國瑜/1682?tt=韓國瑜新聞懶人包
https://www.ettoday.net/news/20190605/1461180.htm
https://www.ettoday.net/news/20191126/1568445.htm?from=pctaglist 
https://www.ettoday.net/news/20190212/1375177.htm?feature=膝蓋痛&tab_id=9447
https://www.ettoday.net/news/20190326/1407826.htm?feature=ufo&tab_id=944
https://www.ettoday.net/news/20200223/1651957.htm?from=pctaglist 
https://www.ettoday.net/news/20200204/1637809.htm?from=pctaglist 
https://www.ettoday.net/news/20190504/1436867.htm?feature=ufo&tab_id=939
https://www.ettoday.net/news/20200404/1674751.htm?from=pctaglist 
https://www.ettoday.net/news/20200429/1702519.htm?feature=習近平&tab_id=4458
https://www.ettoday.net/news/20200521/1719360.htm?from=feature
https://www.ettoday.net/news/20181114/1305282.htm?from=pctaglist 
https://www.ettoday.net/news/20190815/1512083.htm?from=pctaglist 
https://www.ettoday.net/news/20200521/1719919.htm?ercamp=sorted_hot_news
https://www.ettoday.net/events/app/ettoday_app.htm
https://www.ettoday.net/news/tag/許智傑/
https://www.ettoday.net/news/20200321/1673027.htm?from=pctaglist 
https://www.ettoday.net/news/20190507/1439106.htm?from=pctaglist 
https://health.ettoday.net/category_tag/健保門診中心熄燈
https://www.ettoday.net/news/20200519/1717334.htm?from=feature
https://www.ettoday.net/dalemon/
https://www.ettoday.net/news/20190321/1404508.htm?from=pctaglist 
https://www.ettoday.net/news/20191007/1549599.htm?from=pctaglist 
https://www.ettoday.net/news/20200512/1712480.htm?from=pctaglist 
https://www.ettoday.net/news/20200511/1711197.htm?from=feature
https://www.ettoday.net/news/20181111/1303484.htm?feature=ufo&tab_id=942
https://www.ettoday.net/news/20190726/1498993.htm?feature=ufo&tab_id=941
https://www.ettoday.net/news/20200325/1675450.htm?from=feature
https://www.ettoday.net/news/20190419/1426188.htm?from=pctaglist 
https://www.ettoday.net/news/20190926/1543983.htm?from=pctaglist 
https://www.ettoday.net/news/20200521/1718681.htm?from=feature
https://www.ettoday.net/news/20190326/1407766.htm?feature=ufo&tab_id=938
https://www.ettoday.net/news/20190608/1462748.htm?feature=ufo&tab_id=944
https://www.ettoday.net/news/focus/%E5%A4%A7%E9%99%B8/
https://www.ettoday.net/news/focus/民生消費/好康資訊/
https://www.ettoday.net/feature/柯文哲/1595/2
https://www.ettoday.net/news/20200519/1717272.htm?from=feature
https://www.ettoday.net/news/20200520/1719041.htm?from=feature
https://house.ettoday.net/
https://www.ettoday.net/news/focus/%E8%BB%8D%E6%AD%A6/
https://www.ettoday.net/news/20190628/1477551.htm?from=pctaglist 
https://www.ettoday.net/news/20191017/1559036.htm?from=pctaglist 
https://www.ettoday.net/news/20151210/611390.htm?from=pctaglist 
https://www.ettoday.net/news/20190919/1539010.htm?from=pctaglist 
https://www.ettoday.net/news/20190311/1396730.htm?from=pctaglist 
https://www.ettoday.net/news/20200320/1671996.htm?from=pctaglist 
https://www.ettoday.net/news/20200414/1691435.htm?from=feature
https://www.ettoday.net/news/20190411/1420201.htm?feature=ufo&tab_id=938
https://www.ettoday.net/news/20190416/1423337.htm?from=pctaglist 
https://www.ettoday.net/news/20191009/1553494.htm?from=pctaglist 
https://www.ettoday.net/news/20200519/1717900.htm?from=pctaglist 
https://www.ettoday.net/news/20200522/1720300.htm
https://www.ettoday.net/feature/王令麟/14357?tt=挺小農
https://www.ettoday.net/feature/統一發票/2913/5
https://www.ettoday.net/news/20191018/1556696.htm?from=pctaglist 
https://www.ettoday.net/news/20200327/1677791.htm?from=feature
https://www.ettoday.net/news/20200402/1682692.htm?from=feature
https://www.ettoday.net/news/20200510/1708461.htm?from=pctaglist 
https://www.ettoday.net/news/tag/高科大/
https://health.ettoday.net/category_tag/性愛健康
https://www.ettoday.net/news/20170225/872681.htm
https://www.ettoday.net/news/20191124/1587017.htm?from=pctaglist 
https://www.ettoday.net/news/20200324/1675348.htm?feature=王令麟&tab_id=1016
https://www.ettoday.net/feature/台北電影節
https://www.ettoday.net/news/20200429/1703172.htm?from=pctaglist 
https://www.ettoday.net/news/20200521/1719556.htm?ercamp=sorted_hot_news
https://health.ettoday.net/news/1720293
https://www.ettoday.net/news/20200224/1652605.htm?feature=王令麟&tab_id=1016
https://www.ettoday.net/news/20200427/1700692.htm?from=pctaglist 
https://www.ettoday.net/news/20200520/1718203.htm?ercamp=hot_news
https://www.ettoday.net/news/20170619/948452.htm?from=pctaglist 
https://www.ettoday.net/news/20180213/1113470.htm?feature=ufo&tab_id=942
https://www.ettoday.net/news/20190418/1424848.htm?feature=ufo&tab_id=944
https://www.ettoday.net/news/20191001/1547205.htm?from=pctaglist 
https://www.ettoday.net/news/20200508/1709664.htm?feature=戴資穎&tab_id=1236
https://www.ettoday.net/news/20190711/1487327.htm?feature=ufo&tab_id=944
https://www.ettoday.net/news/20170722/971987.htm?feature=ufo&tab_id=941
https://www.ettoday.net/news/20200420/1695391.htm?feature=地震&tab_id=1232
https://www.ettoday.net/news/20190612/1465778.htm?feature=ufo&tab_id=939
https://www.ettoday.net/news/20200418/1694173.htm?from=pctaglist 
https://www.ettoday.net/news/20191109/1575808.htm?feature=ufo&tab_id=938
https://www.ettoday.net/news/20200513/1712884.htm?feature=颱風&tab_id=1265
https://www.ettoday.net/news/focus/%E7%A4%BE%E6%9C%83/
https://www.ettoday.net/news/20200430/1703364.htm?feature=戴資穎&tab_id=1236
https://health.ettoday.net/category_tag/我們與思覺失調的距離
https://www.ettoday.net/news/20200105/1617803.htm?from=pctaglist 
https://www.ettoday.net/news/20200520/1719050.htm?from=feature
https://www.ettoday.net/news/focus/生活/教育/
https://www.ettoday.net/news/20181105/1297950.htm?from=knee_pain_htm&feature=膝蓋痛&tab_id=9447
https://www.ettoday.net/news/20200108/1620818.htm?from=pctaglist 
https://www.ettoday.net/news/20200519/1717331.htm?from=feature
https://www.ettoday.net/feature/習近平/4458/4
https://www.ettoday.net/news/20171106/1046401.htm?feature=ufo&tab_id=943
https://www.ettoday.net/news/20200420/1695385.htm?feature=地震&tab_id=1232
https://www.ettoday.net/news/20200518/1716081.htm?feature=習近平&tab_id=4458
https://www.ettoday.net/news/20200514/1714107.htm?from=feature
https://www.ettoday.net/news/20200521/1719473.htm?from=feature
https://www.ettoday.net/news/20200520/1718349.htm?from=feature
https://health.ettoday.net/news/1720081
https://www.ettoday.net/feature/大老闆傳奇-尹衍樑/13274/5
https://www.ettoday.net/news/20190925/1543286.htm?from=pctaglist 
https://www.ettoday.net/news/20200315/1667991.htm?from=pctaglist 
https://www.ettoday.net/news/focus/%E7%94%9F%E6%B4%BB/
https://www.ettoday.net/news/20170913/1009282.htm?feature=膝蓋痛&tab_id=9447
https://www.ettoday.net/news/20191002/1548253.htm?from=pctaglist 
https://www.ettoday.net/news/20200520/1718560.htm?from=pctaglist 
https://www.ettoday.net/news/20200522/1720010.htm?from=pctaglist 
https://www.ettoday.net/news/20200124/1612250.htm?from=pctaglist 
https://www.ettoday.net/news/20200125/1631074.htm?from=pctaglist 
https://www.ettoday.net/feature/nothinggoldcanstay
https://www.ettoday.net/news/20181209/1326317.htm?feature=ufo&tab_id=942
https://www.ettoday.net/news/20200515/1714663.htm?feature=颱風&tab_id=1265
https://www.ettoday.net/news/20200519/1717313.htm?from=feature
https://www.ettoday.net/news/focus/%E6%B3%95%E5%BE%8B/
https://www.ettoday.net/news/20200212/1643653.htm?from=feature
https://www.ettoday.net/news/20200312/1666087.htm?from=feature
https://www.ettoday.net/news/20200519/1717995.htm?from=feature
https://www.ettoday.net/news/20200521/1719736.htm?from=feature
https://www.ettoday.net/feature/戴資穎/1236/2
https://www.ettoday.net/news/20191003/1548548.htm?feature=ufo&tab_id=939
https://www.ettoday.net/news/20200330/1680374.htm?from=feature
https://www.ettoday.net/news/20200519/1717974.htm?from=pctaglist 
https://www.ettoday.net/news/20200522/1720226.htm?from=pctaglist 
https://www.ettoday.net/feature/ufo/938/5
https://www.ettoday.net/news/20200424/1699107.htm?feature=ufo&tab_id=944
https://www.ettoday.net/news/tag/媒體/
https://www.ettoday.net/feature/羅志祥/8504/3
https://www.ettoday.net/news/20190917/1536910.htm?from=pctaglist 
https://www.ettoday.net/news/20190912/1534050.htm?from=pctaglist 
https://www.ettoday.net/news/20200319/1671395.htm?from=feature
https://www.ettoday.net/news/20200503/1705509.htm?feature=地震&tab_id=1232
https://www.ettoday.net/news/focus/%E4%BF%9D%E9%9A%AA/
https://www.ettoday.net/news/20200303/1658897.htm?from=pctaglist 
https://www.ettoday.net/news/20200313/1667004.htm?from=pctaglist 
https://www.ettoday.net/news/20200316/1668674.htm?from=pctaglist 
https://www.ettoday.net/news/20200322/1673600.htm?from=feature
https://health.ettoday.net/category_tag/保健百科
https://www.ettoday.net/news/20200414/1691569.htm?feature=大老闆傳奇-尹衍樑&tab_id=13274
https://www.ettoday.net/news/20200514/1713975.htm?feature=颱風&tab_id=1265
https://www.ettoday.net/news/20180627/1200580.htm?feature=ufo&tab_id=940
https://www.ettoday.net/news/20200217/1647381.htm?feature=王令麟&tab_id=1016
https://www.ettoday.net/news/20200425/1700187.htm?from=feature
https://www.ettoday.net/news/20200509/1710454.htm?feature=習近平&tab_id=4458
https://www.ettoday.net/news/20170226/873299.htm
https://www.ettoday.net/news/20190306/1386509.htm?feature=膝蓋痛&tab_id=9447
https://www.ettoday.net/news/20200503/1705685.htm?feature=地震&tab_id=1232
https://www.ettoday.net/news/20200521/1719098.htm?from=feature
https://www.ettoday.net/news/20200518/1716220.htm?feature=習近平&tab_id=4458
https://www.ettoday.net/feature/郭台銘/2777/6
https://www.ettoday.net/news/20200305/1660613.htm?feature=王令麟&tab_id=1016
https://www.ettoday.net/news/20130609/219949.htm?from=pctaglist 
https://www.ettoday.net/news/20200218/1648660.htm?feature=大老闆傳奇-尹衍樑&tab_id=13274
https://www.ettoday.net/news/20190426/1431164.htm?from=pctaglist 
https://www.ettoday.net/news/20200111/1620653.htm?from=pctaglist 
https://www.ettoday.net/news/20200307/1661118.htm?from=pctaglist 
https://www.ettoday.net/news/20200521/1719557.htm?ercamp=sorted_hot_news
https://www.ettoday.net/feature/郭台銘/2777/4
https://www.ettoday.net/news/20200426/1700329.htm?feature=習近平&tab_id=4458
https://www.ettoday.net/news/20200519/1717572.htm?feature=王令麟&tab_id=1016
https://www.ettoday.net/feature/孝利家民宿
https://www.ettoday.net/news/20180208/1110649.htm?from=pctaglist 
https://www.ettoday.net/news/20181101/1295218.htm?from=feature
https://www.ettoday.net/news/20190424/1429457.htm?feature=ufo&tab_id=944
https://www.ettoday.net/news/20200303/1658863.htm?feature=大老闆傳奇-尹衍樑&tab_id=13274
https://www.ettoday.net/news/20200518/1717095.htm?feature=戴資穎&tab_id=1236
https://www.ettoday.net/news/20200522/1720387.htm
https://www.ettoday.net/feature/颱風/1265/6
https://www.ettoday.net/news/20180823/1241925.htm?feature=ufo&tab_id=941
https://www.ettoday.net/news/20200519/1717783.htm?from=feature
https://health.ettoday.net/news/1719338
https://www.ettoday.net/news/20200511/1711817.htm?feature=地震&tab_id=1232
https://health.ettoday.net/category_tag/醫美做半套
https://www.ettoday.net/news/20191106/1573864.htm?from=pctaglist 
https://www.ettoday.net/news/20181223/1338276.htm?feature=ufo&tab_id=941
https://www.ettoday.net/news/20200312/1665829.htm?from=feature
https://www.ettoday.net/news/20200521/1719421.htm?ercamp=sorted_hot_news
https://www.ettoday.net/news/20181219/1334525.htm?feature=ufo&tab_id=942
https://www.ettoday.net/news/20200504/1706146.htm?feature=大老闆傳奇-尹衍樑&tab_id=13274
https://www.ettoday.net/news/20200517/1716102.htm?from=feature
https://health.ettoday.net/news/1720366
https://www.ettoday.net/news/20200522/1719938.htm?ercamp=hot_news
https://health.ettoday.net/category_tag/防疫第一線
https://www.ettoday.net/news/20190804/1505708.htm?from=pctaglist 
https://www.ettoday.net/news/20200324/1675414.htm?feature=聲林之王&tab_id=4741
https://www.ettoday.net/news/20191108/1575344.htm?from=pctaglist 
https://www.ettoday.net/news/20200511/1711794.htm?feature=習近平&tab_id=4458
https://www.ettoday.net/news/20200512/1712549.htm?feature=大老闆傳奇-尹衍樑&tab_id=13274
https://health.ettoday.net/category_tag/健保健康
https://www.ettoday.net/dalemon/collection/11
https://www.ettoday.net/feature/聲林之王
https://www.ettoday.net/news/20171005/1025338.htm?feature=膝蓋痛&tab_id=9447
https://www.ettoday.net/news/20200320/1672028.htm?from=pctaglist 
https://health.ettoday.net/news/1719258
https://www.ettoday.net/news/20161214/829782.htm?from=pctaglist 
https://www.ettoday.net/news/20200131/1634864.htm?from=feature
https://www.ettoday.net/feature/superjunior
https://www.ettoday.net/feature/統一發票/2913/2
https://www.ettoday.net/news/20161126/818560.htm?feature=ufo&tab_id=941
https://www.ettoday.net/news/20170211/864415.htm
https://www.ettoday.net/news/20200218/1647896.htm?feature=聲林之王&tab_id=4741
https://www.ettoday.net/news/20200407/1676485.htm?from=feature
https://www.ettoday.net/news/20200521/1719758.htm?ercamp=sorted_hot_news
https://www.ettoday.net/news/20200522/1720279.htm
https://www.ettoday.net/feature/媽媽是超人
https://www.ettoday.net/feature/武漢肺炎/14408?tt=用愛抗疫
https://www.ettoday.net/news/20131120/298284.htm?from=pctaglist 
https://www.ettoday.net/ETFootball.htm
https://www.ettoday.net/news/20200516/1715449.htm?from=feature
https://www.ettoday.net/news/20190323/1406076.htm?feature=ufo&tab_id=938
https://www.ettoday.net/news/20191230/1610094.htm?from=pctaglist 
https://www.ettoday.net/news/20200101/1614310.htm?from=pctaglist 
https://www.ettoday.net/news/20200410/1688661.htm?from=pctaglist 
https://www.ettoday.net/news/20200520/1718400.htm?from=pctaglist 
https://www.ettoday.net/news/20200522/1720451.htm
https://www.ettoday.net/news/20190721/1494915.htm?from=pctaglist 
https://www.ettoday.net/news/20170421/903899.htm?from=pctaglist 
https://www.ettoday.net/news/20200320/1672769.htm?from=pctaglist 
https://www.ettoday.net/news/20190822/1504534.htm?from=pctaglist 
https://www.ettoday.net/news/20190927/1544366.htm
https://www.ettoday.net/news/20200407/1685886.htm?feature=戴資穎&tab_id=1236
https://www.ettoday.net/news/20200513/1713024.htm?feature=颱風&tab_id=1265
https://www.ettoday.net/news/20200514/1714057.htm?from=feature
https://www.ettoday.net/news/20200522/1720101.htm?from=feature
https://www.ettoday.net/news/20200520/1718160.htm?from=feature
https://www.ettoday.net/news/20200320/1671817.htm?from=pctaglist 
https://www.ettoday.net/news/20190704/1481898.htm?from=pctaglist 
https://www.ettoday.net/news/20200204/1637929.htm?from=pctaglist 
https://www.ettoday.net/news/20200415/1692044.htm?from=pctaglist 
https://www.ettoday.net/news/20200428/1701499.htm?feature=ufo&tab_id=940
https://www.ettoday.net/feature/TAEYANGmarried
https://www.ettoday.net/news/20120428/42337.htm?feature=ufo&tab_id=943
https://www.ettoday.net/news/20200510/1710415.htm?feature=王令麟&tab_id=1016
https://health.ettoday.net/news/1717458
https://www.ettoday.net/news/20190214/1377999.htm?feature=ufo&tab_id=944
https://www.ettoday.net/feature/反送中/11539/6
https://www.ettoday.net/feature/柯文哲/1595/3
https://www.ettoday.net/feature/王令麟/1016/4
https://www.ettoday.net/feature/柯文哲/1595?tt=柯文哲 柯p 相關新聞
https://www.ettoday.net/news/20140102/312269.htm?feature=ufo&tab_id=943
https://www.ettoday.net/news/20200121/1630816.htm?from=pctaglist 
https://www.ettoday.net/feature/武漢肺炎/14407?tt=防疫知識
https://www.ettoday.net/news/20200520/1718422.htm?from=feature
https://www.ettoday.net/news/20191029/1567995.htm?from=pctaglist 
https://www.ettoday.net/news/20200324/1675438.htm?from=feature
https://www.ettoday.net/news/20140703/374351.htm?feature=ufo&tab_id=943
https://www.ettoday.net/news/20190417/1424323.htm?feature=ufo&tab_id=938
https://www.ettoday.net/news/20200421/1696522.htm?feature=聲林之王&tab_id=4741
https://www.ettoday.net/news/20200514/1713780.htm?from=feature
https://www.ettoday.net/news/20181012/1279155.htm?feature=ufo&tab_id=942
https://www.ettoday.net/news/20190614/1467290.htm
https://www.ettoday.net/news/20200516/1715512.htm?feature=颱風&tab_id=1265
https://www.ettoday.net/feature/劉真/12646/6
https://www.ettoday.net/news/20200511/1711192.htm?feature=習近平&tab_id=4458
https://www.ettoday.net/news/20120923/106064.htm?from=pctaglist 
https://www.ettoday.net/news/20181213/1330410.htm?feature=ufo&tab_id=940
https://www.ettoday.net/news/20190424/1429187.htm?from=pctaglist 
https://www.ettoday.net/news/20200505/1707424.htm?feature=金正恩&tab_id=1597
https://www.ettoday.net/news/20190917/1537023.htm?from=pctaglist 
https://www.ettoday.net/news/20191208/1597191.htm?from=pctaglist 
https://www.ettoday.net/news/20200212/1643745.htm?feature=王令麟&tab_id=1016
https://www.ettoday.net/news/20200417/1693573.htm?from=pctaglist 
https://www.ettoday.net/news/20200520/1718812.htm?from=feature
https://www.ettoday.net/news/20200522/1720409.htm
https://www.ettoday.net/news/20170720/970682.htm?feature=ufo&tab_id=941
https://www.ettoday.net/news/20200505/1707217.htm?feature=王令麟&tab_id=1016
https://www.ettoday.net/news/20191207/1596408.htm?from=pctaglist 
https://www.ettoday.net/news/20200504/1706380.htm?feature=大老闆傳奇-尹衍樑&tab_id=13274
https://www.ettoday.net/news/20200522/1720051.htm?ercamp=sorted_hot_news
https://www.ettoday.net/news/20150327/484953.htm?feature=ufo&tab_id=943
https://www.ettoday.net/news/20200206/1639454.htm?feature=王令麟&tab_id=1016
https://www.ettoday.net/news/20200521/1719625.htm
https://www.ettoday.net/news/20200522/1719737.htm?ercamp=sorted_hot_news
https://www.ettoday.net/news/20200215/1646480.htm?feature=王令麟&tab_id=1016
https://www.ettoday.net/news/20200501/1704308.htm?feature=習近平&tab_id=4458
https://www.ettoday.net/feature/大老闆傳奇-尹衍樑/13274/6
https://www.ettoday.net/news/20190809/1509675.htm?from=pctaglist 
https://www.ettoday.net/news/focus/政治/
https://www.ettoday.net/feature/周揚青
https://www.ettoday.net/news/20200427/1701462.htm?feature=戴資穎&tab_id=1236
https://www.ettoday.net/news/20200429/1702800.htm?feature=習近平&tab_id=4458
https://www.ettoday.net/news/20200519/1717860.htm?from=pctaglist 
https://www.ettoday.net/news/20130407/188893.htm?feature=ufo&tab_id=943
https://www.ettoday.net/news/20190826/1519917.htm?from=pctaglist 
https://www.ettoday.net/news/20191202/1592496.htm?from=pctaglist 
https://www.ettoday.net/news/20200424/1699629.htm?from=pctaglist 
https://www.ettoday.net/feature/WHO/14401/4
https://www.ettoday.net/news/20200220/1649806.htm?from=pctaglist 
https://www.ettoday.net/news/20200331/1680664.htm?from=pctaglist 
https://www.ettoday.net/news/20131119/297847.htm?from=pctaglist 
https://www.ettoday.net/news/20200518/1717024.htm?from=pctaglist 
https://www.ettoday.net/news/20200522/1718130.htm?from=pctaglist 
https://www.ettoday.net/feature/劉真/12646/4
https://www.ettoday.net/feature/窮遊豪華團
https://www.ettoday.net/news/20150124/458116.htm?feature=ufo&tab_id=945
https://www.ettoday.net/news/20181209/1326570.htm
https://www.ettoday.net/news/20200518/1716638.htm?feature=地震&tab_id=1232
https://www.ettoday.net/news/20200522/1720253.htm?from=pctaglist 
https://www.ettoday.net/news/20190830/1525042.htm?from=pctaglist 
https://www.ettoday.net/feature/地震/1500?tt=搜救雲翠大樓
https://www.ettoday.net/feature/習近平/4458?tt=習近平相關新聞
https://www.ettoday.net/news/20200409/1687722.htm?from=feature
https://www.ettoday.net/feature/颱風/1265?tt=颱風新聞
https://www.ettoday.net/news/20200322/1673526.htm?from=pctaglist 
https://www.ettoday.net/news/20200519/1717393.htm?from=pctaglist 
https://health.ettoday.net/category/兩性
https://www.ettoday.net/news/20190628/1477279.htm?from=pctaglist 
https://www.ettoday.net/news/20200411/1688852.htm?feature=地震&tab_id=1232
https://www.ettoday.net/news/20200521/1719717.htm?feature=ufo&tab_id=938
https://www.ettoday.net/news/20191102/1571041.htm?from=pctaglist 
https://www.ettoday.net/news/20191118/1582235.htm?feature=ufo&tab_id=939
https://www.ettoday.net/news/20200515/1714739.htm?feature=颱風&tab_id=1265
https://www.ettoday.net/news/20190910/1532940.htm?from=pctaglist 
https://www.ettoday.net/clause_copyright.php
https://www.ettoday.net/feature/ufo/941/2
https://www.ettoday.net/news/20200515/1714824.htm?from=pctaglist 
https://www.ettoday.net/news/20200515/1715286.htm?from=pctaglist 
https://www.ettoday.net/news/20200519/1717954.htm?from=feature
https://www.ettoday.net/news/20200510/1710959.htm?from=feature
https://travel.ettoday.net/
https://www.ettoday.net/news/20200115/1625915.htm?feature=ufo&tab_id=938
https://www.ettoday.net/news/20200521/1719400.htm?from=feature
https://www.ettoday.net/news/20200505/1706838.htm?feature=聲林之王&tab_id=4741
https://www.ettoday.net/news/20200516/1715724.htm?feature=颱風&tab_id=1265
https://www.ettoday.net/news/20200516/1715827.htm?feature=颱風&tab_id=1265
https://www.ettoday.net/feature/地震/1232/5
https://www.ettoday.net/news/20170505/918134.htm?from=knee_pain_htm&feature=膝蓋痛&tab_id=9447
https://www.ettoday.net/news/20200513/1713358.htm?feature=王令麟&tab_id=1016
https://www.ettoday.net/news/tag/現金/
https://boba.ettoday.net/video/33/174/213696
https://star.ettoday.net/news/1679759
https://star.ettoday.net/search.phtml?keywords=藍星蕾
https://www.ettoday.net/news/20170726/974733.htm?from=pctaglist 
https://star.ettoday.net/photo-list/16943
https://www.ettoday.net/news/20180315/1121711.htm?from=pctaglist 
https://www.ettoday.net/news/20190430/1434191.htm?feature=ufo&tab_id=938
https://www.ettoday.net/news/20200220/1649367.htm?feature=聲林之王&tab_id=4741
https://www.ettoday.net/news/20200521/1719690.htm?from=pctaglist 
https://www.ettoday.net/feature/ufo/938/6
https://www.ettoday.net/news/tag/裝潢/
https://www.ettoday.net/feature/反送中/11539/3
https://www.ettoday.net/news/20190801/1502965.htm?from=pctaglist 
https://www.ettoday.net/news/20200522/1720064.htm
https://boba.ettoday.net/video/33/406/62660
https://www.ettoday.net/news/20200325/1676516.htm?from=feature
https://www.ettoday.net/news/20200521/1719107.htm?ercamp=sorted_hot_news
https://www.ettoday.net/news/20200122/1631707.htm?from=feature
https://www.ettoday.net/news/20160107/626487.htm?from=pctaglist 
https://www.ettoday.net/news/20190515/1444987.htm?feature=ufo&tab_id=945
https://www.ettoday.net/news/20200511/1711404.htm?feature=金正恩&tab_id=1597
https://www.ettoday.net/news/20200519/1717629.htm?ercamp=sorted_hot_news
https://www.ettoday.net/news/20180207/1109928.htm?from=pctaglist 
https://www.ettoday.net/news/20190906/1530257.htm?from=pctaglist 
https://www.ettoday.net/news/20200519/1717725.htm?from=pctaglist 
https://boba.ettoday.net/category/233
https://www.ettoday.net/news/20190530/1455999.htm?feature=ufo&tab_id=939
https://star.ettoday.net/news/1717319
https://www.ettoday.net/news/20200515/1714590.htm?feature=颱風&tab_id=1265
https://www.ettoday.net/news/20200519/1717430.htm?ercamp=sorted_hot_news
https://www.ettoday.net/news/20131129/302101.htm?from=pctaglist 
https://www.ettoday.net/news/focus/財經/產經研究/
https://www.ettoday.net/news/20190613/1466588.htm
https://www.ettoday.net/news/20191215/1602401.htm?feature=ufo&tab_id=939
https://star.ettoday.net/news/1366942
https://www.ettoday.net/news/20181017/1283162.htm?feature=ufo&tab_id=940
https://star.ettoday.net/news-focus/韓星爆爆/604
https://www.ettoday.net/feature/ufo/944/4
https://www.ettoday.net/news/20200217/1647693.htm?from=pctaglist 
https://www.ettoday.net/news/20200515/1715218.htm?from=feature
https://boba.ettoday.net/video/33/174/213160
https://www.ettoday.net/news/20191203/1593648.htm?from=pctaglist 
https://www.ettoday.net/news/20200520/1718541.htm?from=feature
https://www.ettoday.net/news/20200522/1719949.htm?ercamp=sorted_hot_news
https://www.ettoday.net/news/20170302/876156.htm
https://www.ettoday.net/news/20170613/944213.htm?from=pctaglist 
https://www.ettoday.net/news/20190331/1412248.htm?from=pctaglist 
https://www.ettoday.net/news/20190926/1543810.htm?from=pctaglist 
https://www.ettoday.net/news/20200422/1697617.htm?from=pctaglist 
https://health.ettoday.net/category/寵物
https://www.ettoday.net/news/tag/黃寶慧/
https://www.ettoday.net/feature/大老闆傳奇-尹衍樑/13279?tt=國安密帳
https://www.ettoday.net/news/20200519/1717053.htm?from=pctaglist 
https://sports.ettoday.net/news-list/%E6%A3%92%E7%90%83/%E4%B8%AD%E8%81%B7
https://star.ettoday.net/news/1719914
https://star.ettoday.net/photo-list/16965
https://star.ettoday.net/star-category/%E9%9F%B3%E6%A8%82
https://www.ettoday.net/feature/聲林之王/4741/7
https://www.ettoday.net/news/20200516/1715832.htm?feature=颱風&tab_id=1265
https://star.ettoday.net/news/1717434
https://health.ettoday.net/category_tag/偏鄉送愛20年
https://star.ettoday.net/news/1716409
https://star.ettoday.net/news/1719464
https://www.ettoday.net/news/20200318/1670248.htm?from=pctaglist 
https://health.ettoday.net/category_tag/醫藥人物
https://www.ettoday.net/feature/王令麟/1016/7
https://www.ettoday.net/news/20190530/1456145.htm?from=pctaglist 
https://www.ettoday.net/news/20190607/1461129.htm?feature=ufo&tab_id=941
https://www.ettoday.net/news/20170303/876861.htm
https://www.ettoday.net/news/20200521/1719400.htm?ercamp=sorted_hot_news
https://www.ettoday.net/news/20200522/1720442.htm
https://www.ettoday.net/news/20130828/262519.htm?feature=ufo&tab_id=945
https://boba.ettoday.net/video/274/561/135549
https://star.ettoday.net/news/1720157
https://www.ettoday.net/news/20190331/1412260.htm?from=pctaglist 
https://boba.ettoday.net/video/33/118/56085
https://house.ettoday.net
https://star.ettoday.net/media/81/215015/4
https://www.ettoday.net/news/20191018/1559697.htm?from=pctaglist 
https://www.ettoday.net/news/20200522/1720177.htm?ercamp=hot_news
https://www.ettoday.net/feature/統一發票/2913/3
https://www.ettoday.net/news/20180320/1133839.htm?feature=ufo&tab_id=941
https://www.ettoday.net/news/20141218/440411.htm?feature=ufo&tab_id=945
https://www.ettoday.net/feature/延禧攻略
https://movies.ettoday.net/video/91/215228
https://star.ettoday.net/news/1719549
https://www.ettoday.net/news/20200201/1634152.htm?from=pctaglist 
https://www.ettoday.net/news/20200505/1706129.htm?from=pctaglist 
https://www.ettoday.net/news/20120705/70491.htm?feature=ufo&tab_id=943
https://www.ettoday.net/news/20200521/1719860.htm?feature=金正恩&tab_id=1597
https://www.ettoday.net/news/20151103/590508.htm?feature=ufo&tab_id=941
https://www.ettoday.net/news/20190501/1434423.htm?feature=ufo&tab_id=938
https://www.ettoday.net/news/20190827/1517524.htm?from=pctaglist 
https://www.ettoday.net/news/20200521/1719528.htm?from=feature
https://www.ettoday.net/feature/聲林之王/4741/6
https://www.ettoday.net/news/focus/生活/氣象/
https://health.ettoday.net/column/
https://www.ettoday.net/news/20190822/1518707.htm?from=pctaglist 
https://www.ettoday.net/news/20200503/1705722.htm?from=pctaglist 
https://www.ettoday.net/news/20200520/1718966.htm?from=feature
https://star.ettoday.net/news/1719827
https://www.ettoday.net/news/20181126/1314428.htm?feature=膝蓋痛&tab_id=9447
https://www.ettoday.net/news/20200515/1714469.htm?feature=金正恩&tab_id=1597
https://www.ettoday.net/news/20200408/1686467.htm?from=pctaglist 
https://star.ettoday.net/photo-list/16967
https://www.ettoday.net/feature/金正恩/1597/2
https://www.ettoday.net/news/20190901/1525742.htm?from=pctaglist 
https://www.ettoday.net/news/20190902/1526676.htm?from=pctaglist 
https://www.ettoday.net/news/20191128/1590350.htm?from=pctaglist 
https://www.ettoday.net/news/20190519/1447710.htm?from=pctaglist 
https://www.ettoday.net/news/20200519/1717740.htm?from=pctaglist 
https://sports.ettoday.net/news-list/足球/國際動態
https://sports.ettoday.net/news-list/棒球/日、韓職
https://star.ettoday.net/media/720
https://star.ettoday.net/media/81/215082/3
https://sports.ettoday.net/news-list/棒球/國內業餘
https://star.ettoday.net/search.phtml?keywords=SJ
https://star.ettoday.net/media/25/39629
https://star.ettoday.net/search.phtml?keywords=惡棍英雄：死侍
https://boba.ettoday.net/video/33/406/62661
https://star.ettoday.net/column/news/溏。tang
https://sports.ettoday.net/news/1719879
https://star.ettoday.net/news/1717208
https://star.ettoday.net/media/672
https://star.ettoday.net/news/1717835
https://star.ettoday.net/news/1715317
https://star.ettoday.net
https://star.ettoday.net/news-focus/即時/9/2
https://star.ettoday.net/photo-list/16949
https://boba.ettoday.net/sub_category/274/561/132826
https://boba.ettoday.net/video/33/404/66797
https://boba.ettoday.net/video/274/563/141621
https://star.ettoday.net/media/229/215183
https://boba.ettoday.net/video/274/563/137975
https://boba.ettoday.net/video/274/544/136582
https://star.ettoday.net/media/81/212526/34
https://star.ettoday.net/search.phtml?keywords=張甯兒
https://star.ettoday.net/issue/7
https://star.ettoday.net/search.phtml?keywords=筱婕
https://star.ettoday.net/search.phtml?keywords=Apple
https://star.ettoday.net/news/1718969
https://boba.ettoday.net/category/232
https://star.ettoday.net/news/1719982
https://star.ettoday.net/search.phtml?keywords=荒川真衣
https://star.ettoday.net/star-category/%E9%9F%93%E6%98%9F%E7%88%86%E7%88%86
https://star.ettoday.net/news/1719580
https://star.ettoday.net/photo-list/16971
https://star.ettoday.net/news/1368663
https://star.ettoday.net/news/1716226
https://star.ettoday.net/news/1719594
https://movies.ettoday.net/news/1719875
https://star.ettoday.net/column/news/Irene309
https://star.ettoday.net/news/1716412
https://boba.ettoday.net/videonews/214110
https://star.ettoday.net/news/1717576
https://boba.ettoday.net/category/271
https://boba.ettoday.net/sub_category/274/563
https://movies.ettoday.net/news/1720006
https://boba.ettoday.net/sub_category/274/561/135629
https://boba.ettoday.net/category/289
https://movies.ettoday.net/topic/641/1188/1
https://star.ettoday.net/news/1719483
https://boba.ettoday.net/video/33/406/62664
https://star.ettoday.net/news/1719862
https://star.ettoday.net/news/1715386
https://boba.ettoday.net/videonews/214963?from=popular
https://sports.ettoday.net/news-search.phtml?keywords=%E8%A8%B1%E6%99%BA%E5%82%91
https://star.ettoday.net/search.phtml?keywords=林志穎
https://boba.ettoday.net/category/266
https://boba.ettoday.net/video/274/544/144496
https://boba.ettoday.net/sub_category/33/209
https://boba.ettoday.net/videonews/214963?from=et_pc_sidebar
https://star.ettoday.net/photo-list/16946
https://sports.ettoday.net/sport-category/競技
https://star.ettoday.net/news/1720180
https://star.ettoday.net/photo-list/16960
https://star.ettoday.net/search.phtml?keywords=貝童彤
https://star.ettoday.net/news/1717734
https://star.ettoday.net/search.phtml?keywords=周刊王
https://sports.ettoday.net/sport-category/%E6%A3%92%E7%90%83
https://star.ettoday.net/news/1720260
https://movies.ettoday.net/news/1720385
https://star.ettoday.net/search.phtml?keywords=羅志祥
https://star.ettoday.net/search.phtml?keywords=何如芸
https://star.ettoday.net/photo-list/16942
https://star.ettoday.net/photo-list/16945
https://star.ettoday.net/photo-list/16966
https://star.ettoday.net/issue/10
https://sports.ettoday.net/news/1719940
https://star.ettoday.net/media/81/215154/2
https://boba.ettoday.net/video_tag/蕭敬騰
https://star.ettoday.net/news/1717706
https://star.ettoday.net/media/81/214496/10
https://star.ettoday.net/media/81/214527/9
https://star.ettoday.net/news-focus/即時/9/5
https://star.ettoday.net/media/87
https://star.ettoday.net/news/1717202
https://star.ettoday.net/news/1718094
https://star.ettoday.net/search.phtml?keywords=萊恩雷諾斯
https://star.ettoday.net/media/81/215218/1
https://star.ettoday.net/news/1711818
https://star.ettoday.net/news/1716549
https://boba.ettoday.net/video/274/564/138173
https://star.ettoday.net/media/81/214849/6
https://star.ettoday.net/news/1718506
https://movies.ettoday.net
https://star.ettoday.net/news/1720212
https://boba.ettoday.net/video/274/563/137960
https://star.ettoday.net/news/1670431
https://star.ettoday.net/search.phtml?keywords=小薰
https://star.ettoday.net/search.phtml?keywords=林道遠
https://boba.ettoday.net/category/278
https://star.ettoday.net/column/news/吳孟庭
https://star.ettoday.net/news/1719911
https://star.ettoday.net/news/1704214
https://sports.ettoday.net/news-list/競技/陸上、水上
https://sports.ettoday.net/news/1720401
https://star.ettoday.net/search.phtml?keywords=周宜霈
https://sports.ettoday.net/news/1718946
https://star.ettoday.net/news-focus/即時新聞/9/3
https://star.ettoday.net/media/81/215163/1
https://star.ettoday.net/photo-list/16956
https://star.ettoday.net/news/1715105
https://sports.ettoday.net/sport-category/棒球
https://star.ettoday.net/media/91
https://boba.ettoday.net/category/279
https://star.ettoday.net/search.phtml?keywords=震震有詞
https://sports.ettoday.net/news-list/棒球/MLB
https://star.ettoday.net/media/326
https://boba.ettoday.net/video/274/544/136583
https://star.ettoday.net/news/1718481
https://star.ettoday.net/media/710
https://star.ettoday.net/photo-list/16947
https://star.ettoday.net/news/1682350
https://sports.ettoday.net/news-list/競技/技擊、球類
https://star.ettoday.net/news-focus/歐美/299
https://star.ettoday.net/news/1719878
https://star.ettoday.net/photo-list/16957
https://star.ettoday.net/media/322
https://star.ettoday.net/photo-list/16937
https://star.ettoday.net/media/229/215228
https://star.ettoday.net/news/1720331
https://boba.ettoday.net/sub_category/274/561/136889
https://star.ettoday.net/search.phtml?keywords=小蠻
https://star.ettoday.net/news/1717174
https://star.ettoday.net/news/1718971
https://star.ettoday.net/search.phtml?keywords=陳美詩
https://star.ettoday.net/news/1381650
https://star.ettoday.net/column/news/歐蜜
https://star.ettoday.net/news/1718549
https://boba.ettoday.net/video/33/118/66409
https://star.ettoday.net/photo-list/16954
https://star.ettoday.net/media/81/215155/1
https://boba.ettoday.net/category/33/213160
https://star.ettoday.net/column/news/%E6%A0%B8%E8%83%BD
https://star.ettoday.net/news/1718122
https://star.ettoday.net/media/19/191765
https://star.ettoday.net/search.phtml?keywords=Alan Walker&idx=1&kind=9&page=3
https://star.ettoday.net/news/1719722
https://star.ettoday.net/media/13/39586
https://star.ettoday.net/news/1719975
https://star.ettoday.net/issue/8
https://boba.ettoday.net/video/33/174/211824
https://star.ettoday.net/media/81/215183/1
https://star.ettoday.net/news/1719587
https://star.ettoday.net/column/news/臺灣歐妮
https://star.ettoday.net/photo-list/16948
https://star.ettoday.net/news/1718982
https://boba.ettoday.net/sub_category/274/544
https://star.ettoday.net/photo-list/16944
https://movies.ettoday.net/video/91/214322
https://star.ettoday.net/news/1719939
https://star.ettoday.net/news/1720307
https://star.ettoday.net/search.phtml?keywords=Alan Walker&idx=1&kind=9&page=4
https://star.ettoday.net/search.phtml?keywords=黑澀會
https://star.ettoday.net/album.phtml
https://star.ettoday.net/search.phtml?keywords=鬼鬼
https://star.ettoday.net/news/1719808
https://star.ettoday.net/news/1718449
https://sports.ettoday.net/news-list/籃球/NBA
https://sports.ettoday.net/news-list/籃球/HBL、UBA
https://star.ettoday.net/news/1629460
https://star.ettoday.net/news/1714234
https://star.ettoday.net/point/420
https://sports.ettoday.net/sport-category/%E7%B1%83%E7%90%83
https://star.ettoday.net/news/1716094
https://star.ettoday.net/news/1720268
https://star.ettoday.net/search.phtml?keywords=周杰倫
https://star.ettoday.net/news/1719905
https://star.ettoday.net/photo-list/16961
https://boba.ettoday.net/video/33/404/64620
https://movies.ettoday.net/news/1715300
https://star.ettoday.net/news/1719998
https://boba.ettoday.net/video/33/406/62659
https://star.ettoday.net/search.phtml?keywords=死侍
https://boba.ettoday.net/category/2
https://boba.ettoday.net/category/230
https://star.ettoday.net/media/229/215218
https://star.ettoday.net/news/1708206
https://boba.ettoday.net/video_tag/聲林之王
https://boba.ettoday.net/videonews/214342
https://movies.ettoday.net/news_list/643/1
https://sports.ettoday.net/news-search.phtml?keywords=%E8%A8%93%E7%B7%B4%E5%9F%BA%E5%9C%B0
https://star.ettoday.net/media/19/191767
https://boba.ettoday.net/video/33/209/37472
https://star.ettoday.net/news/1715952
https://star.ettoday.net/column/list/8
https://sports.ettoday.net/news/1720446
https://star.ettoday.net/news/1714597
https://boba.ettoday.net/category/247
https://star.ettoday.net/news/1719517
https://star.ettoday.net/news/1719054
https://boba.ettoday.net/sub_category/33/174
https://star.ettoday.net/news/1719354
https://star.ettoday.net/photo-list/16953
https://star.ettoday.net/news/1710826
https://star.ettoday.net/news/1717189
https://star.ettoday.net/search.phtml?keywords=炎亞綸
https://star.ettoday.net/news/1716157
https://fashion.ettoday.net/focus/%E7%BE%8E%E9%BA%97
https://star.ettoday.net/photo-list/16969
https://star.ettoday.net/media/565
https://boba.ettoday.net/category/33/214105
https://star.ettoday.net/news/1719849
https://star.ettoday.net/column/news/簡立喆
https://star.ettoday.net/news/1719716
https://boba.ettoday.net/video/274/726/198946
https://star.ettoday.net/search.phtml?keywords=懷秋
https://sports.ettoday.net/news-list/新聞/最新新聞
https://star.ettoday.net/news/1716040
https://star.ettoday.net/photo-list/16968
https://star.ettoday.net/news/1715223
https://movies.ettoday.net/news_list/382/1
https://sports.ettoday.net/news-search.phtml?keywords=%E4%B8%AD%E8%8F%AF%E7%94%B7%E8%B6%B3
https://star.ettoday.net/news/1717265
https://star.ettoday.net/news/1716339
https://star.ettoday.net/news/1719688
https://star.ettoday.net/search.phtml?keywords=夫婦的世界
https://star.ettoday.net/media/13/39627
https://star.ettoday.net/news/1719111
https://boba.ettoday.net/video_tag/社畜時代
https://boba.ettoday.net/video/33/174/212710
https://boba.ettoday.net/category/229
https://boba.ettoday.net/video_tag/播吧原創
https://movies.ettoday.net/news/1720326
https://star.ettoday.net/photo-list/16964
https://star.ettoday.net/search.phtml?keywords=神童
https://boba.ettoday.net/video/33/209/32704
https://star.ettoday.net/media/81/215228/1
https://star.ettoday.net/photo-list/16962
https://star.ettoday.net/column/news/艾利斯
https://star.ettoday.net/news/1717126
https://boba.ettoday.net/sub_category/274/561/134298
https://star.ettoday.net/media/81/214944/5
https://star.ettoday.net/news/1718533
https://star.ettoday.net/search.phtml?keywords=王承嫣
https://sports.ettoday.net/news-list/運動潮流/路跑戶外
https://movies.ettoday.net/news/1718950
https://star.ettoday.net/search.phtml?keywords=炮仔聲
https://star.ettoday.net/column/news/薇琪吳
https://boba.ettoday.net/video/33/404/65360
https://star.ettoday.net/news/1717235
https://star.ettoday.net/news/1718176
https://star.ettoday.net/search.phtml?keywords=波瑠
https://star.ettoday.net/photo-list/16941
https://star.ettoday.net/news/1715992
https://star.ettoday.net/news/1719538
https://star.ettoday.net/issue/9
https://boba.ettoday.net/category/277
https://sports.ettoday.net/sport-category/%E8%B6%B3%E7%90%83
https://boba.ettoday.net/category/33/213696
https://star.ettoday.net/news/1719059
https://star.ettoday.net/news/1719771
https://star.ettoday.net/news/1717148
https://star.ettoday.net/news/1720306
https://boba.ettoday.net/category/276
https://boba.ettoday.net/videonews/214963?from=sports_pc_sidebar_bobahot
https://sports.ettoday.net/news-list/%E6%A3%92%E7%90%83/MLB
https://boba.ettoday.net/sub_category/274/561/135585
https://sports.ettoday.net/news-search.phtml?keywords=%E5%9C%8B%E7%AB%8B%E9%AB%94%E5%A4%A7
https://boba.ettoday.net/video/33/174/215127
https://star.ettoday.net/media/81
https://star.ettoday.net/news/1715362
https://star.ettoday.net/news-focus/日本控/298
https://boba.ettoday.net/video/274/726/198942
https://star.ettoday.net/news/1719724
https://star.ettoday.net/column/news/龍虎門
https://star.ettoday.net/news/1719513
https://star.ettoday.net/news/1719526
https://boba.ettoday.net/category/4
