https://www.setn.com/News.aspx?NewsID=725371
https://www.setn.com/News.aspx?NewsID=685780
https://www.setn.com/News.aspx?NewsID=699644
https://www.setn.com/News.aspx?NewsID=703470
https://www.setn.com/News.aspx?NewsID=704269
https://www.setn.com/News.aspx?NewsID=704334
https://www.setn.com/News.aspx?NewsID=707806
https://www.setn.com/News.aspx?NewsID=713408
https://www.setn.com/News.aspx?NewsID=717334
https://www.setn.com/News.aspx?NewsID=718872
https://www.setn.com/News.aspx?NewsID=725360
https://www.setn.com/News.aspx?NewsID=725545
https://www.setn.com/News.aspx?NewsID=726272&p=0
https://www.setn.com/News.aspx?NewsID=700395
https://www.setn.com/News.aspx?NewsID=704053
https://www.setn.com/News.aspx?NewsID=709392
https://www.setn.com/News.aspx?NewsID=723687
https://www.setn.com/News.aspx?NewsID=725146
https://www.setn.com/News.aspx?NewsID=726302&p=0
https://www.setn.com/Catalog.aspx?PageGroupID=64
https://www.setn.com/News.aspx?NewsID=633165
https://www.setn.com/News.aspx?NewsID=684542
https://www.setn.com/News.aspx?NewsID=687665
https://www.setn.com/News.aspx?NewsID=693133
https://www.setn.com/News.aspx?NewsID=715850
https://www.setn.com/News.aspx?NewsID=722937
https://www.setn.com/News.aspx?NewsID=723772
https://www.setn.com/News.aspx?NewsID=725538&p=0
https://www.setn.com/News.aspx?NewsID=726052
https://www.setn.com/News.aspx?NewsID=655329
https://www.setn.com/News.aspx?NewsID=687266
https://www.setn.com/News.aspx?NewsID=715041
https://www.setn.com/News.aspx?NewsID=716939
https://www.setn.com/News.aspx?NewsID=723427
https://www.setn.com/News.aspx?NewsID=723958
https://www.setn.com/News.aspx?NewsID=725418
https://www.setn.com/News.aspx?NewsID=725954
https://www.setn.com/News.aspx?NewsID=219953
https://www.setn.com/News.aspx?NewsID=623524
https://www.setn.com/News.aspx?NewsID=661144
https://www.setn.com/News.aspx?NewsID=685067
https://www.setn.com/News.aspx?NewsID=719556
https://www.setn.com/News.aspx?NewsID=722542
https://www.setn.com/News.aspx?NewsID=724656&p=0
https://www.setn.com/News.aspx?NewsID=725606&p=0
https://www.setn.com/News.aspx?NewsID=726155
https://www.setn.com/News.aspx?NewsID=520922
https://www.setn.com/News.aspx?NewsID=712650
https://www.setn.com/News.aspx?NewsID=714751
https://www.setn.com/News.aspx?NewsID=719314
https://www.setn.com/News.aspx?NewsID=719613
https://www.setn.com/News.aspx?NewsID=720490
https://www.setn.com/News.aspx?NewsID=725944
https://www.setn.com/News.aspx?NewsID=637543
https://www.setn.com/News.aspx?NewsID=667621
https://www.setn.com/News.aspx?NewsID=687353
https://www.setn.com/News.aspx?NewsID=714023
https://www.setn.com/News.aspx?NewsID=718302
https://www.setn.com/News.aspx?NewsID=718879
https://www.setn.com/News.aspx?NewsID=719641
https://www.setn.com/News.aspx?NewsID=724080
https://www.setn.com/News.aspx?NewsID=726024
https://www.setn.com/News.aspx?NewsID=306512
https://www.setn.com/News.aspx?NewsID=662998
https://www.setn.com/News.aspx?NewsID=706974
https://www.setn.com/News.aspx?NewsID=707017
https://www.setn.com/News.aspx?NewsID=719843
https://www.setn.com/News.aspx?NewsID=721529&p=0
https://www.setn.com/News.aspx?NewsID=723065
https://www.setn.com/News.aspx?NewsID=724069
https://www.setn.com/News.aspx?NewsID=725364
https://www.setn.com/News.aspx?NewsID=725368
https://www.setn.com/News.aspx?NewsID=725382
https://www.setn.com/News.aspx?NewsID=695023
https://www.setn.com/News.aspx?NewsID=722143
https://www.setn.com/News.aspx?NewsID=725635
https://www.setn.com/News.aspx?NewsID=725947&p=0
https://www.setn.com/News.aspx?NewsID=689619
https://www.setn.com/News.aspx?NewsID=704616
https://www.setn.com/News.aspx?NewsID=706422
https://www.setn.com/News.aspx?NewsID=721003
https://www.setn.com/News.aspx?NewsID=725238
https://www.setn.com/News.aspx?NewsID=685178
https://www.setn.com/News.aspx?NewsID=705670
https://www.setn.com/News.aspx?NewsID=715209
https://www.setn.com/News.aspx?NewsID=720079
https://www.setn.com/News.aspx?NewsID=725764
https://www.setn.com/News.aspx?NewsID=620556
https://www.setn.com/News.aspx?NewsID=679113
https://www.setn.com/News.aspx?NewsID=720721
https://www.setn.com/News.aspx?NewsID=716540
https://www.setn.com/News.aspx?NewsID=716970
https://www.setn.com/News.aspx?NewsID=718242
https://www.setn.com/News.aspx?NewsID=723329
https://www.setn.com/News.aspx?NewsID=725980
https://www.setn.com/News.aspx?NewsID=692547
https://www.setn.com/News.aspx?NewsID=707296
https://www.setn.com/News.aspx?NewsID=711328
https://www.setn.com/News.aspx?NewsID=712838
https://www.setn.com/News.aspx?NewsID=716646
https://www.setn.com/News.aspx?NewsID=717063
https://www.setn.com/News.aspx?NewsID=722854
https://www.setn.com/News.aspx?NewsID=725393
https://www.setn.com/News.aspx?NewsID=725707
https://www.setn.com/News.aspx?NewsID=697672
https://www.setn.com/News.aspx?NewsID=714331
https://www.setn.com/News.aspx?NewsID=715238
https://www.setn.com/News.aspx?NewsID=720612
https://www.setn.com/News.aspx?NewsID=725075&p=0
https://www.setn.com/News.aspx?NewsID=725671
https://www.setn.com/News.aspx?NewsID=695817
https://www.setn.com/News.aspx?NewsID=720647
https://www.setn.com/News.aspx?NewsID=723709&p=0
https://www.setn.com/News.aspx?NewsID=724044
https://www.setn.com/News.aspx?NewsID=725157
https://www.setn.com/News.aspx?NewsID=725652
https://www.setn.com/News.aspx?NewsID=666286
https://www.setn.com/News.aspx?NewsID=712017
https://www.setn.com/News.aspx?NewsID=713514
https://www.setn.com/News.aspx?NewsID=716143
https://www.setn.com/News.aspx?NewsID=718548
https://www.setn.com/News.aspx?NewsID=693621
https://www.setn.com/News.aspx?NewsID=701645
https://www.setn.com/News.aspx?NewsID=721242
https://www.setn.com/News.aspx?NewsID=724964&p=0
https://www.setn.com/News.aspx?NewsID=725191
https://www.setn.com/News.aspx?NewsID=725674
https://www.setn.com/News.aspx?NewsID=716934&p=0
https://www.setn.com/News.aspx?NewsID=718783
https://www.setn.com/News.aspx?NewsID=720621
https://www.setn.com/News.aspx?NewsID=723955
https://www.setn.com/News.aspx?NewsID=724909
https://www.setn.com/News.aspx?NewsID=726017
https://www.setn.com/News.aspx?NewsID=726028
https://www.setn.com/News.aspx?NewsID=686978
https://www.setn.com/News.aspx?NewsID=688592
https://www.setn.com/News.aspx?NewsID=697183
https://www.setn.com/News.aspx?NewsID=703351
https://www.setn.com/News.aspx?NewsID=706019
https://www.setn.com/News.aspx?NewsID=721311
https://www.setn.com/News.aspx?NewsID=724526
https://www.setn.com/News.aspx?NewsID=725429
https://www.setn.com/News.aspx?NewsID=726214&p=0
https://www.setn.com/News.aspx?NewsID=695869
https://www.setn.com/News.aspx?NewsID=697084
https://www.setn.com/News.aspx?NewsID=709514
https://www.setn.com/News.aspx?NewsID=714898
https://www.setn.com/News.aspx?NewsID=718959
https://www.setn.com/News.aspx?NewsID=720181
https://www.setn.com/News.aspx?NewsID=721421
https://www.setn.com/News.aspx?NewsID=726205
https://www.setn.com/News.aspx?NewsID=673627
https://www.setn.com/News.aspx?NewsID=674276
https://www.setn.com/News.aspx?NewsID=688420&p=0
https://www.setn.com/News.aspx?NewsID=715453
https://www.setn.com/News.aspx?NewsID=720352
https://www.setn.com/News.aspx?NewsID=723712&p=0
https://www.setn.com/News.aspx?NewsID=723733
https://www.setn.com/News.aspx?NewsID=724885
https://www.setn.com/News.aspx?NewsID=347150
https://www.setn.com/News.aspx?NewsID=691225&p=0
https://www.setn.com/News.aspx?NewsID=703153
https://www.setn.com/News.aspx?NewsID=712218
https://www.setn.com/News.aspx?NewsID=724343
https://www.setn.com/News.aspx?NewsID=725153
https://www.setn.com/News.aspx?NewsID=725805
https://www.setn.com/News.aspx?NewsID=725855
https://www.setn.com/News.aspx?NewsID=699998
https://www.setn.com/News.aspx?NewsID=715302
https://www.setn.com/News.aspx?NewsID=721382
https://www.setn.com/News.aspx?NewsID=684052
https://www.setn.com/News.aspx?NewsID=692902
https://www.setn.com/News.aspx?NewsID=714491
https://www.setn.com/News.aspx?NewsID=715214
https://www.setn.com/News.aspx?NewsID=718820
https://www.setn.com/News.aspx?NewsID=719063
https://www.setn.com/News.aspx?NewsID=721710
https://www.setn.com/News.aspx?NewsID=520591
https://www.setn.com/News.aspx?NewsID=695989
https://www.setn.com/News.aspx?NewsID=716961
https://www.setn.com/News.aspx?NewsID=717038
https://www.setn.com/News.aspx?NewsID=719505
https://www.setn.com/News.aspx?NewsID=722156
https://www.setn.com/News.aspx?NewsID=724128
https://www.setn.com/News.aspx?NewsID=724394&from=y&p=0
https://www.setn.com/News.aspx?NewsID=725524&p=0
https://www.setn.com/News.aspx?NewsID=725695
https://www.setn.com/News.aspx?NewsID=726218&from=y&p=0
https://www.setn.com/News.aspx?NewsID=726315
https://www.setn.com/News.aspx?NewsID=125922
https://www.setn.com/News.aspx?NewsID=670410
https://www.setn.com/News.aspx?NewsID=701122
https://www.setn.com/News.aspx?NewsID=707016
https://www.setn.com/News.aspx?NewsID=709701
https://www.setn.com/News.aspx?NewsID=712014
https://www.setn.com/News.aspx?NewsID=721054
https://www.setn.com/News.aspx?NewsID=722100
https://www.setn.com/News.aspx?NewsID=722133
https://www.setddg.com/P0000100068049
https://www.setddg.com/PV191202004568246
https://www.setddg.com/CATE01343
https://www.setddg.com/P0000100062742
https://www.setddg.com/PV180910000799466
https://www.setddg.com/PV190725003522538
https://www.setddg.com/PV200229004946036
https://www.setddg.com/PM200407005222991
https://www.setddg.com/PV200413005287345
https://www.setddg.com/CATE00720
https://www.setddg.com/CATE00883
https://www.setddg.com/CATE00689
https://www.setddg.com/Cate00073
https://www.setddg.com/PV190114001825753
https://www.setddg.com/CATE01284
https://www.setddg.com/PM200108004777993
https://www.setddg.com/PV200218004901601
https://www.setddg.com/PV200409005245013
https://www.setddg.com/Cate00234
https://www.setddg.com/Cate00279
https://www.setddg.com/CATE00534
https://www.setddg.com/CATE00757
https://www.setddg.com/CATE00626
https://www.setddg.com/CATE01163
https://www.setddg.com/Cate00413
https://www.setddg.com/Cate00466
https://www.setddg.com/PV200218004906012
https://www.setddg.com/PM191204004578977
https://www.setddg.com/PM200324005142573
https://www.setddg.com/PV180629000364351
https://www.setddg.com/producttag/7506/%E7%84%A1%E6%AF%92%E7%84%A1%E5%88%BA
https://www.setddg.com/Cate00439
https://www.setddg.com/P0000100004207
https://www.setddg.com/PV190725003521845
https://www.setddg.com/PV200103004770171
https://www.setddg.com/PV190620003290282
https://www.setddg.com/PV190926003979868
https://www.setddg.com/PV191025004263272
https://www.setddg.com/PV200326005153202
https://www.setddg.com/PV200410005263836
https://www.setddg.com/CATE00867
https://www.setddg.com/CATE00881
https://www.setddg.com/producttag/4474/%E5%9D%90%E5%A2%8A
https://www.setddg.com/CATE00751
https://www.setddg.com/CATE01102
https://www.setddg.com/PV190403002933065
https://www.setddg.com/PV191209004611105
https://www.setddg.com/PV200326005155365
https://www.setddg.com/producttag/4517/%E9%B1%B8%E9%AD%9A%E6%B9%AF
https://www.setddg.com/PV200415005300628
https://www.setddg.com/PM190606003250345
https://www.setddg.com/PV181019001142326
https://www.setddg.com/PV200107004777293
https://www.setddg.com/CATE00943
https://www.setddg.com/PM180620000341210
https://www.setddg.com/PV190926003980993
https://www.setddg.com/CATE00986
https://www.setddg.com/PV200401005205399
https://www.setddg.com/CATE01349
https://www.setddg.com/Cate00105
https://www.setddg.com/Cate00434
https://www.setddg.com/PV200413005290249
https://www.setddg.com/producttag/1697/%E8%8F%AF%E7%A2%A9
https://www.setddg.com/PV200305004986889
https://www.setddg.com/CATE00765
https://www.setddg.com/Cate00180
https://www.setddg.com/Cate00224
https://www.setddg.com/PV200204004850699
https://www.setddg.com/PM180413000001584
https://www.setddg.com/CATE01022
https://www.setddg.com/Cate00166
https://www.setddg.com/PV200331005185192
https://www.setddg.com/Cate00383
https://www.setddg.com/CATE00838
https://www.setddg.com/PV200324005141821
https://www.setddg.com/Cate00128
https://www.setddg.com/PV190403002932934
https://www.setddg.com/PV191203004573959
https://www.setddg.com/PV200225004928516
https://www.setddg.com/PV200402005206724
https://www.setddg.com/CATE00535
https://www.setddg.com/P0000100071281
https://www.setddg.com/PV180622000348672
https://www.setddg.com/Cate00040
https://www.setddg.com/PV191225004726436
https://www.setddg.com/PV200229004946118
https://www.setddg.com/CATE00857
https://www.setddg.com/CATE01306
https://www.setddg.com/PM190523003178771
https://www.setddg.com/Cate00340
https://www.setddg.com/PV200320005111566
https://www.setddg.com/PV200401005194701
https://www.setddg.com/PV200413005289822
https://www.setddg.com/CATE01338
https://www.setddg.com/Cate00494
https://www.setddg.com/PM180411000000125
https://www.setddg.com/PV200407005219346
https://www.setddg.com/Cate00337
https://www.setddg.com/PV200116004800877
https://www.setddg.com/CATE01346
https://www.setddg.com/Cate00165
https://www.setddg.com/Cate00199
https://www.setddg.com/PV200205004859376
https://www.setddg.com/PV180602000275667
https://www.setddg.com/CATE00606
https://www.setddg.com/P0000100068045
https://www.setddg.com/PV190725003518874
https://www.setddg.com/PV200303004966092
https://www.setddg.com/producttag/8171/%E9%96%80%E9%8E%96
https://www.setddg.com/PV190824003706833
https://www.setddg.com/CATE01233
https://www.setddg.com/CATE01116
https://www.setddg.com/PM181106001237074
https://www.setddg.com/PV200225004933567
https://www.setddg.com/CATE00932
https://www.setddg.com/PV190403002932320
https://www.setddg.com/PV190725003522475
https://www.setddg.com/PV191005004033867
https://www.setddg.com/PV191104004337531
https://www.setddg.com/CATE01004
https://www.setddg.com/PV200131004836849
https://www.setddg.com/PV200218004905772
https://www.setddg.com/CATE01002
https://www.setddg.com/PV181115001296934
https://www.setddg.com/PV190725003521333
https://www.setddg.com/PV190827003743661
https://www.setddg.com/PV191214004658974
https://www.setddg.com/PM190321002403884
https://www.setddg.com/PV200225004933608
https://www.setddg.com/PV200303004960260
https://www.setddg.com/producttag/5143/%E6%A4%8D%E8%90%83%E7%A7%80%E9%9F%93%E5%9C%8B%E5%8E%9F%E8%A3%9D-rarita%E6%B5%B7%E9%A6%AC%E6%B0%B4%E6%B2%B9%E5%B9%B3%E8%A1%A1%E9%9D%A2%E8%86%9C
https://www.setddg.com/PV200225004933885
https://www.setddg.com/PV200408005229809
https://www.setddg.com/producttag/3169/%E7%86%B1%E9%8A%B7%E5%AE%B6e%E6%9E%95
https://www.setddg.com/PM181127001392075
https://www.setddg.com/PV200326005154983
https://www.setddg.com/CATE00814
https://www.setddg.com/Cate00453
https://www.setddg.com/PM200225004931405
https://www.setddg.com/CATE00673
https://www.setddg.com/PV191206004604381
https://www.setddg.com/PV191224004717051
https://www.setddg.com/producttag/4371/%E5%9B%9B%E5%AD%A38d
https://www.setddg.com/PV191023004234790
https://www.setddg.com/PV200407005220254
https://www.setddg.com/PV200409005243284
https://www.setddg.com/CATE01344
https://www.setddg.com/Cate00079
https://www.setddg.com/PV190403002929199
https://www.setddg.com/PV190410002965068
https://www.setddg.com/PV190911003880839
https://www.setddg.com/PV200103004770653
https://www.setddg.com/CATE00642
https://www.setddg.com/P0000100061566
https://www.setddg.com/PM190214002029138
https://www.setddg.com/CATE00647
https://www.setddg.com/Cate00424
https://www.setddg.com/PV200319005097657
https://www.setddg.com/CATE01182
https://www.setddg.com/PV190725003517470
https://www.setddg.com/PV200102004753074
https://www.setddg.com/producttag/4853/%E5%A2%9E%E8%82%8C
https://www.setddg.com/CATE00526
https://www.setddg.com/CATE00537?pagenumber=2
https://www.setddg.com/Cate00151
https://www.setddg.com/Cate00463
https://www.setddg.com/PM190131002012351
https://www.setddg.com/CATE00666
https://www.setddg.com/CATE01220
https://www.setddg.com/PV190430003100780
https://www.setddg.com/PV200327005156786
https://www.setddg.com/CATE00684
https://www.setddg.com/CATE01070
https://www.setddg.com/Cate00185
https://www.setddg.com/CATE00643
https://www.setddg.com/PV190815003643850
https://www.setddg.com/Cate00250
https://www.setddg.com/PV190403002931404
https://www.setddg.com/PV190725003524709
https://www.setddg.com/Cate00433
https://www.setddg.com/PV180530000253935
https://www.setddg.com/CATE00627
https://www.setddg.com/Cate00513
https://www.setddg.com/P0000100057842
https://www.setddg.com/PV190725003525106
https://www.setddg.com/PV190827003743599
https://www.setddg.com/PV200409005252053
https://www.setddg.com/CATE00887
https://www.setddg.com/CATE01282
https://www.setddg.com/PV191118004460024
https://www.setddg.com/PV191227004738791
https://www.setddg.com/Cate00335
https://www.setddg.com/PV191202004568597
https://www.setddg.com/PV200413005286853
https://www.setddg.com/PV190107001790099
https://www.setddg.com/PV190710003365458
https://www.setddg.com/producttag/6363/%E5%B0%8F%E8%8A%B1%E8%94%93%E6%BE%A4%E8%98%AD%E9%86%8B%E6%B6%B2%E8%B3%BC%E8%B2%B7
https://www.setddg.com/CATE00662
https://www.setddg.com/Cate00379
https://www.setddg.com/P0000100066234
https://www.setddg.com/PV190926003980191
https://www.setddg.com/CATE01232
https://www.setddg.com/Cate00247
https://www.setddg.com/Cate00306
https://www.setddg.com/Cate00486
https://www.setddg.com/PV190220002045574
https://www.setddg.com/CATE01248
https://www.setddg.com/producttag/6361/%E8%B6%85%E5%BC%B7%E9%98%B2%E8%9A%8A%E6%B6%B2
https://www.setddg.com/CATE00756
https://www.setddg.com/CATE01082
https://www.setddg.com/Cate00204
https://www.setddg.com/P0000100061289
https://www.setddg.com/PV200113004790798
https://www.setddg.com/PV190829003753298
https://www.setddg.com/PV200317005067460
https://www.setddg.com/CATE01115
https://www.setddg.com/PM181026001186021
https://www.setddg.com/Cate00187
https://www.setddg.com/Cate00274
https://www.setddg.com/PV200110004789292
https://www.setddg.com/producttag/7053/%E8%A8%98%E6%86%B6%E9%AB%94
https://www.setddg.com/CATE00521
https://www.setddg.com/PV190406002934747
https://www.setddg.com/CATE01298
https://www.setddg.com/Cate00190
https://www.setddg.com/Cate00198
https://www.setddg.com/producttag/6436/kuonao
https://www.setddg.com/PV180723000468928
https://www.setddg.com/PV190912003896798
https://www.setddg.com/PV191005004033073
https://www.setddg.com/CATE01167
https://www.setddg.com/producttag/5455/%E4%BF%AE%E8%AD%B7%E5%8E%9F%E6%B6%B2
https://www.setddg.com/PV190920003945404
https://www.setddg.com/PV200227004942620
https://www.setddg.com/CATE00861
https://www.setddg.com/Cate00292
https://www.setddg.com/PV190710003365001
https://www.setddg.com/producttag/8169/%E6%8C%87%E7%B4%8B%E9%8E%96
https://www.setddg.com/CATE00762
https://www.setddg.com/Cate00212
https://www.setddg.com/PV200323005129028
https://www.setddg.com/PV190723003492288
https://www.setddg.com/CATE00992
https://www.setddg.com/CATE01321
https://www.setddg.com/Cate00288
https://www.setddg.com/CATE00612
https://www.setddg.com/PM200113004790195
https://www.setddg.com/CATE01080
https://www.setddg.com/CATE01249
https://www.setddg.com/CATE00628
https://www.setddg.com/PM190531003231942
https://www.setddg.com/PV200305004986630
https://www.setddg.com/PV200413005286676
https://www.setddg.com/CATE00650
https://www.setddg.com/PV200103004773394
https://www.setddg.com/PV200406005216411
