https://www.bbc.com/zhongwen/trad/chinese_news
https://www.bbc.com/zhongwen/trad/world
https://www.bbc.com/zhongwen/trad/indepth
https://www.bbc.com/zhongwen/simp/business-52294805
https://www.bbc.com/zhongwen/trad/topics/65ba56b4-3f50-4217-ab8e-b3c1fe890364
https://www.bbc.com/zhongwen/trad/business-52148560
https://www.bbc.com/zhongwen/trad/uk
https://www.bbc.com/zhongwen/trad/media/video
https://www.bbc.com/zhongwen/trad/business
https://www.bbc.com/zhongwen/trad/institutional-38652839
https://www.bbc.com/zhongwen/trad/topics/4f8a2256-38aa-413c-a4dc-83f30ed51881
https://www.bbc.co.uk/arts
https://www.bbc.com/zhongwen/trad
https://www.bbc.com/zhongwen/trad/topics/b3f4238f-ae69-4c19-8f0e-8bef7d4f359c
https://www.bbc.com/sport
https://www.bbc.com/zhongwen/trad/world-52273257
https://www.bbc.com/zhongwen/trad/world-52267386
https://www.bbc.com/zhongwen/trad/business-52120296
https://www.bbc.com/zhongwen/trad/institutional/2015/08/000000_advertising_faq.shtml
http://service.weibo.com/share/share.php?url=https%3A%2F%2Fwww.bbc.com%2Fzhongwen%2Ftrad%2Fbusiness-52294805&title=BBC%20News%20%E4%B8%AD%E6%96%87%20-%20%E8%82%BA%E7%82%8E%E7%96%AB%E6%83%85%EF%BC%9AIMF%E9%A0%90%E6%B8%AC%E5%85%A8%E7%90%83%E7%B6%93%E6%BF%9F%E8%90%8E%E7%B8%AE%E5%A0%AA%E6%AF%94%E5%A4%A7%E8%95%AD%E6%A2%9D%E6%99%82%E6%9C%9F
https://www.bbc.com/zhongwen/trad/topics/d1383ec4-791c-410f-974e-95864e50bde7
https://www.bbc.com/zhongwen/trad/world-52279565
https://www.bbc.com/zhongwen/trad/institutional-38652837
https://www.bbc.com/zhongwen/trad/institutional/2014/01/000001_about_sharing
https://www.bbc.com/zhongwen/trad/business-52294805
https://www.bbc.com/zhongwen/trad/business-52294805
https://www.bbc.com/zhongwen/trad/topics/cfb8bd8c-0638-4383-9dec-8d1703c8b4b8
https://www.bbc.com/zhongwen/trad/topics/5fe79b8d-56e5-4aff-8b05-21f9ad731912
https://www.bbc.com/zhongwen/trad/world-52206418
https://www.bbc.com/zhongwen/trad/institutional-38652843
https://www.bbc.com/zhongwen/trad/topics/20c1dc62-185a-46ca-b549-2f8aa162abc0
https://www.bbc.com/zhongwen/trad/institutional-38664417
https://www.bbc.com/zhongwen/trad/world-52276294
https://www.bbc.com/zhongwen/trad/topics/84bab5a3-426e-4051-86a3-00f0b085ef8e
https://www.bbc.com/weather
https://www.bbc.com/zhongwen/trad/world-52268741
https://www.bbc.com/zhongwen/trad/world-52250824
https://www.bbc.com/news
https://www.bbc.co.uk
https://www.bbc.com/zhongwen/trad/topics/2f2db234-3c2d-40a4-b4ac-eea661faadd0
https://twitter.com/intent/tweet?text=BBC%20News%20%E4%B8%AD%E6%96%87%20-%20%E8%82%BA%E7%82%8E%E7%96%AB%E6%83%85%EF%BC%9AIMF%E9%A0%90%E6%B8%AC%E5%85%A8%E7%90%83%E7%B6%93%E6%BF%9F%E8%90%8E%E7%B8%AE%E5%A0%AA%E6%AF%94%E5%A4%A7%E8%95%AD%E6%A2%9D%E6%99%82%E6%9C%9F&url=https%3A%2F%2Fwww.bbc.com%2Fzhongwen%2Ftrad%2Fbusiness-52294805
https://www.bbc.com/zhongwen/trad/science
https://www.bbc.com/zhongwen/trad/topics/fe536195-d9a5-40ff-89c4-f216213cfd9e
