https://sports.ettoday.net/news/1692485
https://www.ettoday.net/news/20180811/1233031.htm
https://www.ettoday.net/news/20200101/1615108.htm?feature=習近平&tab_id=4458
https://www.ettoday.net/news/20200413/1689946.htm
https://www.ettoday.net/news/20200415/1691637.htm
https://www.ettoday.net/news/20200416/1692550.htm
https://www.ettoday.net/news/tag/保險/
https://boba.ettoday.net/sub_category/274/564/138167
https://boba.ettoday.net/video/231/456/117983
https://boba.ettoday.net/video/266/466/186770
https://boba.ettoday.net/video/274/610/194536
https://forum.ettoday.net/search.phtml?keyword=新冠肺炎
https://sports.ettoday.net/news-search.phtml?keywords=NBA
https://www.ettoday.net/dalemon/editor-news/197
https://www.ettoday.net/dalemon/post/48897
https://www.ettoday.net/feature/daejongfilmawards
https://www.ettoday.net/news/20200331/1680737.htm
https://www.ettoday.net/news/20200403/1683106.htm?from=feature
https://boba.ettoday.net/video/277/606/200256
https://events.ettoday.net/activity/dalemon_Shitpost/article/24965/last
https://events.ettoday.net/activity/dalemon_Star/article/24440
https://events.ettoday.net/activity/dalemon_readbeanQQ/article/24439/last
https://fashion.ettoday.net/search.phtml?keywords=KOL
https://speed.ettoday.net/tag/ETBMW/7
https://sports.ettoday.net/news-search.phtml?keywords=富邦悍將&idx=1&kind=10&page=5
https://sports.ettoday.net/news-search.phtml?keywords=陳偉殷&idx=1&kind=10&page=3
https://sports.ettoday.net/news/1691642
https://sports.ettoday.net/news/1692412
https://travel.ettoday.net/article/1094173.htm
https://travel.ettoday.net/category/馬祖/?&page=6
https://www.ettoday.net/news/focus/國際/國際政經/
https://www.youtube.com/watch?v=8N5G4pE329o
https://star.ettoday.net/news/1692491
https://travel.ettoday.net/search.php?keywords=嘉義旅遊
https://www.ettoday.net/news/20190401/1413187.htm?from=pctaglist 
https://www.ettoday.net/news/20191231/1614014.htm?feature=2020世界新車大展&tab_id=14307
https://www.ettoday.net/news/20200410/1688410.htm
https://boba.ettoday.net/category/278/208944
https://boba.ettoday.net/video/230/504/115213
https://boba.ettoday.net/video/233/463/121526
https://boba.ettoday.net/video/239/188/69437
https://movies.ettoday.net/news/1692469
https://sports.ettoday.net/video/278/209157
https://star.ettoday.net/search.phtml?keywords=阿Ben
https://www.ettoday.net/news/20190412/1421223.htm?from=pctaglist 
https://www.ettoday.net/news/20200415/1691832.htm?ercamp=sorted_hot_news
https://www.ettoday.net/news/20200416/1692553.htm?ercamp=sorted_hot_news
https://www.ettoday.net/news/tag/鄭麗君/
https://fashion.ettoday.net/news/1688313/
https://fashion.ettoday.net/search.phtml?keywords=母親節
https://sports.ettoday.net/news/1688460
https://sports.ettoday.net/video/278/208496
https://travel.ettoday.net/category/特色民宿/?&page=5
https://www.ettoday.net/news/20200414/1691611.htm
https://boba.ettoday.net/sub_category/232/537
https://boba.ettoday.net/video/229/639/168541
https://boba.ettoday.net/video/239/467/209709
https://boba.ettoday.net/video/239/535/90144
https://boba.ettoday.net/video/271/216/210055
https://boba.ettoday.net/video/274/561/123306
https://events.ettoday.net/activity/dalemon_Star/rules
https://health.ettoday.net/news/1656613
https://star.ettoday.net/media/81/209592/9
https://star.ettoday.net/news/1689382
https://www.ettoday.net/news/20200415/1692494.htm
https://boba.ettoday.net/video/230/264/45899
https://boba.ettoday.net/video/232/221/128332
https://boba.ettoday.net/video_tag/周深
https://health.ettoday.net/news/1686836
https://sports.ettoday.net/news-list/新聞快訊/最新新聞/7
https://sports.ettoday.net/news-search.phtml?keywords=中華職棒
https://www.ettoday.net/news/20190704/1481911.htm?feature=ufo&tab_id=939
https://www.ettoday.net/news/20200410/1688653.htm
https://boba.ettoday.net/video/239/366/170168
https://boba.ettoday.net/video/240/312/209486
https://fashion.ettoday.net/search.phtml?keywords=設計師忙什麼
https://forum.ettoday.net/news/1687324
https://sports.ettoday.net/news-search.phtml?keywords=洪一中
https://sports.ettoday.net/news/1692549
https://travel.ettoday.net/category/午餐食客/?&page=3
https://www.ettoday.net/news/tag/台灣美國隊/
https://boba.ettoday.net/category/239/209866
https://boba.ettoday.net/sub_category/274/564/138440
https://boba.ettoday.net/video/232/380/202248
https://boba.ettoday.net/videonews/207595
https://events.ettoday.net/activity/dalemon_Yummy/article/31605/last
https://www.ettoday.net/news/20200410/1688250.htm
https://www.ettoday.net/news/20200410/1688351.htm?from=feature
https://www.ettoday.net/news/20200411/1689329.htm?from=feature
https://www.ettoday.net/news/20200415/1692417.htm
https://boba.ettoday.net/sub_category/228/417
https://boba.ettoday.net/sub_category/239/467
https://boba.ettoday.net/video/230/155/20427
https://boba.ettoday.net/video/231/329/64482
https://health.ettoday.net/news/1648927
https://speed.ettoday.net/news/1691653
https://www.ettoday.net/dalemon/editor-news/114
https://www.ettoday.net/news/20200215/1646338.htm
https://www.ettoday.net/news/20200331/1680955.htm
https://www.ettoday.net/news/20200413/1689975.htm?ercamp=sorted_hot_news
https://www.ettoday.net/news/20200415/1691887.htm
https://www.ettoday.net/news/tag/黃曉明/
https://boba.ettoday.net/video/274/563/136656
https://boba.ettoday.net/video_tag/慧眼看天下/4
https://events.ettoday.net/activity/dalemon_inlove/article/26731/last
https://fashion.ettoday.net/news/1661275/
https://forum.ettoday.net/news/1651197 
https://star.ettoday.net/media/324
https://star.ettoday.net/news/1684300
https://travel.ettoday.net/category/遊輪旅遊/
https://www.ettoday.net/dalemon/post/48655
https://www.ettoday.net/news/20200414/1690725.htm
https://www.ettoday.net/news/20200414/1691590.htm
https://boba.ettoday.net/sub_category/230/641
https://boba.ettoday.net/sub_category/33/404/65360
https://boba.ettoday.net/video/231/329/70056
https://boba.ettoday.net/video_tag/了不起的長城
https://fashion.ettoday.net/news/1672558/
https://house.ettoday.net/focus/房產新聞/8
https://sports.ettoday.net/news-list/籃球/SBL、WSBL
https://sports.ettoday.net/news-search.phtml?keywords=水手&idx=1&kind=10&page=7
https://www.ettoday.net/news/20200107/1619426.htm?feature=王令麟&tab_id=1016
https://www.ettoday.net/news/20200331/1679733.htm?feature=行銷雲&tab_id=14418
https://www.ettoday.net/news/20200414/1691099.htm
https://boba.ettoday.net/sub_category/231/451
https://boba.ettoday.net/sub_category/267/462
https://boba.ettoday.net/video/239/190/68150
https://boba.ettoday.net/video/239/519/209762
https://fashion.ettoday.net/news/1691096/
https://www.ettoday.net/news/20191219/1605795.htm?feature=小女花不棄&tab_id=8898
https://www.ettoday.net/news/20200329/1679359.htm
https://www.ettoday.net/news/focus/大陸/華聞快遞/
https://www.ettoday.net/news/tag/立榮/
https://boba.ettoday.net/sub_category/228/460
https://boba.ettoday.net/video/230/633/208327
https://events.ettoday.net/activity/dalemon_readbeanQQ?from=lemon_solicit
https://health.ettoday.net/news/1016662
https://star.ettoday.net/news/1652018
https://star.ettoday.net/news/1690373
https://travel.ettoday.net/category/航空動態/
https://travel.ettoday.net/category/遊樂園/?&page=8
https://www.ettoday.net/news/20161024/798553.htm?ercamp=sorted_hot_news
https://www.ettoday.net/news/20190415/1422925.htm
https://www.ettoday.net/news/20190824/1520410.htm?feature=我們不能是朋友&tab_id=5764
https://www.settour.com.tw/act/gfg/hk_disneyland/
https://boba.ettoday.net/sub_category/231/405
https://boba.ettoday.net/video/230/406/70933
https://boba.ettoday.net/video/233/616/193896
https://boba.ettoday.net/videonews/210136
https://fashion.ettoday.net/news/1666028/
https://health.ettoday.net/news/1650840
https://health.ettoday.net/news/1653395
https://house.ettoday.net/news/1682841
https://sports.ettoday.net/news-list/棒球/MLB/2
https://sports.ettoday.net/news/1692392
https://star.ettoday.net/news/1692526
https://www.ettoday.net/news/20200416/1692551.htm
https://boba.ettoday.net/sub_category/277/606/198165
https://boba.ettoday.net/video/230/421/161633
https://boba.ettoday.net/video/232/262/30609
https://events.ettoday.net/activity/dalemon_horror/article/24121/last
https://speed.ettoday.net/tag.phtml?tag=ETHummer
https://www.ettoday.net/feature/ufo/944/3
https://www.ettoday.net/news/20190614/1466966.htm
https://boba.ettoday.net/sub_category/266/466/202615
https://boba.ettoday.net/videonews/210087?from=sports_pc_sidebar_bobahot
https://www.ettoday.net/news/20200211/1643014.htm?from=feature
https://www.ettoday.net/news/20200415/1692437.htm
https://boba.ettoday.net/video/231/455/204321
https://boba.ettoday.net/video/239/163/156351
https://boba.ettoday.net/video/239/304/38804
https://boba.ettoday.net/video/274/726/199869
https://fashion.ettoday.net/news/1659849
https://star.ettoday.net/search.phtml?keywords=TWICE
https://www.ettoday.net/news/20180818/1238031.htm?from=feature
https://www.ettoday.net/news/20190927/1544544.htm
https://www.ettoday.net/news/20200414/1690844.htm?ercamp=sorted_hot_news
https://boba.ettoday.net/category/240/204690
https://boba.ettoday.net/video/233/465/126095
https://boba.ettoday.net/video_tag/長頸鹿
https://sports.ettoday.net/news/1691902
https://star.ettoday.net/media/229/210148
https://www.ettoday.net/news/20200210/1642335.htm?feature=習近平&tab_id=4458
https://www.ettoday.net/news/20200412/1689583.htm
https://www.ettoday.net/news/20200415/1692311.htm
https://www.ettoday.net/news/tag/陳韋霖/
https://boba.ettoday.net/video/233/443/83414
https://events.ettoday.net/activity/dalemon_Shitpost/article/23563/last
https://fashion.ettoday.net/focus/最新/4
https://health.ettoday.net/search.phtml?keyword=防疫知識
https://star.ettoday.net/news/1691624
https://travel.ettoday.net/focus/日本旅遊/
https://www.ettoday.net/news/20191228/1612283.htm?feature=2020世界新車大展&tab_id=14307
https://www.ettoday.net/news/20200110/1622380.htm?feature=戴資穎&tab_id=1236
https://www.ettoday.net/news/20200305/1659905.htm
https://boba.ettoday.net/video/239/189/204571
https://boba.ettoday.net/video/239/299/28497
https://boba.ettoday.net/video_tag/MsSelena
https://fashion.ettoday.net/news/1675578/
https://fashion.ettoday.net/search.phtml?keywords=Outdoor
https://sports.ettoday.net/news-search.phtml?keywords=JHBL
https://star.ettoday.net/photo/16940/6
https://www.ettoday.net/news/20200325/1676332.htm
https://boba.ettoday.net/sub_category/274/564/138160
https://boba.ettoday.net/video/232/560/204209
https://www.ettoday.net/news/20191122/1585823.htm?from=feature
https://www.ettoday.net/news/tag/皺紋/
https://boba.ettoday.net/sub_category/232/549
https://boba.ettoday.net/video/230/597/209896
https://boba.ettoday.net/video/239/178/17852
https://boba.ettoday.net/video_tag/防疫
https://www.ettoday.net/news/20180817/1237261.htm?from=feature
https://www.ettoday.net/news/20200226/1654435.htm
https://www.ettoday.net/news/20200309/1662996.htm
https://boba.ettoday.net/video/266/479/209471
https://events.ettoday.net/activity/dalemon_horror/article/25720
https://fashion.ettoday.net/news/1663037
https://fashion.ettoday.net/news/1669023
https://fashion.ettoday.net/news/1678957/
https://sports.ettoday.net/news-list/棒球/中職
https://sports.ettoday.net/news-list/競技/技擊、球類/4
https://sports.ettoday.net/news-search.phtml?keywords=史蒂文森
https://www.ettoday.net/news/20191118/1582538.htm
https://www.ettoday.net/news/20200402/1682920.htm
https://www.ettoday.net/news/tag/示威/
https://boba.ettoday.net/video/232/397/159303
https://boba.ettoday.net/videonews/206650
https://fashion.ettoday.net/search.phtml?keywords=眼鏡
https://movies.ettoday.net/news/1679996
https://sports.ettoday.net/news/1682378
https://sports.ettoday.net/news/1691481
https://www.ettoday.net/news/20190110/1351739.htm
https://www.ettoday.net/news/20191009/1553516.htm
https://boba.ettoday.net/sub_category/266/466/209369
https://boba.ettoday.net/sub_category/274/561/135575
https://boba.ettoday.net/sub_category/33/404/62639
https://boba.ettoday.net/video/278/245/209910
https://star.ettoday.net/search.phtml?keywords=韋禮安
https://www.ettoday.net/feature/englishgohappy/5131/3
https://www.ettoday.net/news/20190903/1527431.htm?from=pctaglist 
https://boba.ettoday.net/sub_category/229/532/123053
https://events.ettoday.net/activity/dalemon_horror/article/22575/last
https://www.ettoday.net/news/20190614/1467028.htm
https://www.ettoday.net/news/20200223/1651879.htm
https://www.ettoday.net/news/20200225/1653659.htm
https://www.ettoday.net/news/20200401/1682102.htm?ercamp=sorted_hot_news
https://www.ettoday.net/news/tag/契爾氏/
https://health.ettoday.net/news/1668938
https://www.ettoday.net/news/20200207/1639928.htm?from=feature
https://www.ettoday.net/news/tag/知否/
https://www.ettoday.net/news/tag/阿Ben/
https://www.ettoday.net/news/20200215/1645973.htm?feature=習近平&tab_id=4458
https://www.ettoday.net/dalemon/post/45971
https://www.ettoday.net/news/20200330/1680380.htm
https://www.ettoday.net/news/tag/Kiehl’s/
https://forum.ettoday.net/news/1323939
https://www.ettoday.net/news/20200211/1643316.htm
https://health.ettoday.net/news/1687725
https://www.ettoday.net/news/tag/元大人壽/
https://www.ettoday.net/news/tag/誠美素直/
https://www.ettoday.net/news/20160104/624481.htm
https://www.ettoday.net/news/20200406/1684827.htm
https://www.ettoday.net/news/tag/駱惠寧/
https://www.ettoday.net/news/20200102/1616175.htm?feature=習近平&tab_id=4458
https://www.ettoday.net/news/20200414/1691319.htm
https://events.ettoday.net/activity/dalemon_Yummy/article/24277/last
https://www.ettoday.net/news/20200415/1690845.htm
https://events.ettoday.net/activity/dalemon_Star/article/24252
https://events.ettoday.net/activity/dalemon_horror/article/23671/last
https://forum.ettoday.net/news/1686795
https://www.ettoday.net/news/20200226/1654267.htm
https://www.ettoday.net/news/tag/LineTV2019/
https://www.ettoday.net/news/tag/祝文宇/
https://travel.ettoday.net/category/午餐食客/?&page=10
https://www.ettoday.net/news/20191221/1607039.htm?feature=習近平&tab_id=4458
https://www.ettoday.net/news/20200415/1692459.htm?ercamp=sorted_hot_news
https://events.ettoday.net/activity/dalemon_Shitpost/article/24421/last
https://www.ettoday.net/news/20191214/1602176.htm?from=feature
https://www.ettoday.net/news/20200111/1622975.htm?feature=戴資穎&tab_id=1236
https://www.ettoday.net/news/focus/公益/溫馨/
https://www.ettoday.net/news/tag/歐盟/
https://speed.ettoday.net/news/1687482?redirect=1&amp;from=fb_extd
https://travel.ettoday.net/article/1685657.htm
https://www.ettoday.net/news/20171120/1031033.htm
https://events.ettoday.net/activity/dalemon_Yummy/article/24701/last
https://events.ettoday.net/activity/dalemon_Yummy/article/24251/last
https://www.instagram.com/yen8tsubame/
https://events.ettoday.net/activity/dalemon_readbeanQQ/article/23864/last
https://events.ettoday.net/activity/dalemon_horror/article/25952
https://events.ettoday.net/activity/dalemon_horror?from=lemon_solicit
https://events.ettoday.net/activity/dalemon_readbeanQQ/article/25505/last
https://events.ettoday.net/activity/dalemon_Yummy/article/25103/last
https://events.ettoday.net/activity/dalemon_Shitpost/article/25948/last
https://events.ettoday.net/activity/dalemon_inlove/article/24443/last
https://events.ettoday.net/activity/dalemon_Yummy/article/26413/last
https://events.ettoday.net/activity/dalemon_Shitpost/article/23488/last
https://events.ettoday.net/activity/dalemon_Shitpost/article/23565/last
https://events.ettoday.net/activity/dalemon_Yummy/article/23933
https://events.ettoday.net/activity/dalemon_Shitpost/article/24856/last
https://events.ettoday.net/activity/dalemon_inlove/article/23815
https://events.ettoday.net/activity/dalemon_work/article/25471/last
https://www.vogue.com.tw/beauty/article/%E7%94%9F%E9%85%AE%E6%B8%9B%E9%86%A3%E9%A3%B2%E9%A3%9F-%E7%B6%A0%E6%8B%BF%E9%90%B5?utm_source=ettoday.net&amp;utm_medium=referral&amp;utm_campaign=3rd
https://events.ettoday.net/activity/ettoday88submit/167
https://events.ettoday.net/activity/dalemon_Shitpost/article/24226/last
https://events.ettoday.net/activity/dalemon_readbeanQQ/article/26083/last
https://events.ettoday.net/activity/dalemon_horror/article/25856
https://events.ettoday.net/activity/dalemon_horror/article/30290
https://events.ettoday.net/activity/dalemon_Shitpost/article/24393
https://events.ettoday.net/activity/dalemon_Yummy/article/25945/last
https://events.ettoday.net/activity/dalemon_horror/article/23444/last
https://events.ettoday.net/activity/dalemon_Star/article/23515/last
https://zh.wikipedia.org/wiki/想見你_(電視劇)
https://events.ettoday.net/activity/dalemon_Shitpost/article/24125/last
https://events.ettoday.net/activity/dalemon_work/article/23764
https://events.ettoday.net/activity/dalemon_readbeanQQ/article/23338
https://events.ettoday.net/activity/dalemon_Star/article/24252/last
https://events.ettoday.net/activity/dalemon_Shitpost/article/23575/last
https://events.ettoday.net/activity/dalemon_work/180/last/5
https://events.ettoday.net/activity/dalemon_horror/article/32075/last
http://www.taiwanfuneral.com/Detail.php?LevelNo=2216
https://events.ettoday.net/activity/dalemon_inlove/article/26128/last
https://events.ettoday.net/activity/dalemon_Yummy/article/24591/last
https://events.ettoday.net/activity/dalemon_readbeanQQ/article/24141
https://events.ettoday.net/activity/dalemon_readbeanQQ/article/23759/last
https://events.ettoday.net/activity/dalemon_horror/article/23877/last
https://www.youtube.com/playlist?list=PLIDvK97v7-__4j1nD5QeroE8zY6YxVckT
https://events.ettoday.net/activity/dalemon_Shitpost/article/23768
https://events.ettoday.net/activity/dalemon_inlove/rules
https://events.ettoday.net/depth-report/Xmas2019/index.html?from=fashion-pc-menu
https://twitter.com/JosephHDempsey/status/1249122763228557313?ref_src=twsrc%5Etfw
http://www.emic.com.tw/www/index.php?action=adv&id=209
https://events.ettoday.net/activity/dalemon_readbeanQQ/article/24623/last
https://events.ettoday.net/activity/dalemon_horror/182/last/2
https://events.ettoday.net/activity/dalemon_readbeanQQ/191/last/3
https://zh.wikipedia.org/wiki/%E6%88%B4%E8%B3%87%E7%A9%8E
https://events.ettoday.net/activity/dalemon_inlove/article/24552/last
https://www.ctbcfoundation.org
https://events.ettoday.net/activity/dalemon_work/article/23133/last
https://events.ettoday.net/activity/dalemon_work/180
https://events.ettoday.net/activity/dalemon_inlove/article/26803/last
https://events.ettoday.net/activity/dalemon_work/article/23138/last
https://hhh.com.tw/column-post.php?id=2111
https://events.ettoday.net/activity/dalemon_readbeanQQ/article/23578
https://hhh.com.tw/column-post.php?id=1835
https://twitter.com/JYPETWICE/status/1249671965347966979?ref_src=twsrc%5Etfw
https://events.ettoday.net/activity/dalemon_horror/article/25856/last
https://events.ettoday.net/activity/dalemon_work/article/22556/last
https://www.youtube.com/watch?v=yM6dlxPWh-I&amp;feature=emb_title
https://events.ettoday.net/activity/dalemon_inlove/article/23625
https://events.ettoday.net/activity/dalemon_horror/article/22573/last
https://events.ettoday.net/activity/dalemon_horror/article/31908/last
https://www.mirrormedia.mg/story/20200413inv007/index.html?utm_source=feed_related&amp;utm_medium=ettoday
https://events.ettoday.net/activity/dalemon_work/180/last/2
https://events.ettoday.net/activity/dalemon_Yummy/192
https://www.hpa.gov.tw/Home/Index.aspx
https://www.ttvc.com.tw/%E5%90%83%E8%94%AC%E6%9E%9C%E6%9C%80%E6%80%95%E8%BE%B2%E8%97%A5%E6%AE%98%E7%95%99-%E9%80%995%E7%A8%AE%E6%B8%85%E6%B4%97%E6%96%B9%E5%BC%8F%E5%8F%AA%E6%9C%83%E6%84%88%E6%B4%97%E6%84%88%E6%AF%92-a-3029.html
https://www.youtube.com/user/gorgeousspace
https://events.ettoday.net/activity/dalemon_Yummy/article/24567/last
https://events.ettoday.net/activity/dalemon_horror/article/25952/last
https://hhh.com.tw/https://www.books.com.tw/products/0010846043?loc=P_0005_005
https://zh.wikipedia.org/wiki/%E6%88%91%E5%80%91%E4%B8%8D%E8%83%BD%E6%98%AF%E6%9C%8B%E5%8F%8B
https://events.ettoday.net/activity/dalemon_Star/article/24436
https://events.ettoday.net/activity/dalemon_Yummy/article/24417/last
https://events.ettoday.net/activity/dalemon_work/article/24929/last
https://www.instagram.com/p/BGl-Mp6Slt-/
https://www.youtube.com/channel/UCr-zC57bR8H-IVzfho39zTw
https://www.cosmopolitan.com/tw/love/sex/g30957710/8-sex-movies-on-netflix/?utm_source=partner&amp;utm_medium=referral&amp;utm_campaign=ettoday
https://events.ettoday.net/activity/dalemon_Shitpost/article/25981/last
https://events.ettoday.net/activity/dalemon_Shitpost/article/26019/last
https://events.ettoday.net/activity/dalemon_Shitpost/article/23520/last
https://events.ettoday.net/activity/dalemon_inlove/article/23789
https://events.ettoday.net/activity/dalemon_horror/article/25879
https://events.ettoday.net/activity/dalemon_Shitpost/article/23423/last
https://events.ettoday.net/activity/dalemon_inlove/article/23907
https://events.ettoday.net/activity/dalemon_horror/article/24124/last
https://events.ettoday.net/activity/dalemon_Yummy/article/24565/last
https://events.ettoday.net/activity/dalemon_work/article/23110/last
https://events.ettoday.net/activity/dalemon_readbeanQQ/article/25168/last
https://events.ettoday.net/activity/dalemon_work/article/22558/last
https://y00.tw/
https://events.ettoday.net/activity/dalemon_Shitpost/article/26773/last
https://events.ettoday.net/activity/dalemon_inlove/article/24412/last
https://events.ettoday.net/activity/dalemon_Shitpost/195
https://events.ettoday.net/activity/dalemon_horror/article/23211/last
https://events.ettoday.net/activity/dalemon_Yummy/article/26003/last
https://events.ettoday.net/activity/dalemon_horror/article/30824
https://events.ettoday.net/activity/dalemon_horror/rules
https://events.ettoday.net/activity/dalemon_Shitpost/article/24396/last
https://events.ettoday.net/activity/dalemon_Yummy/article/24279/last
https://www.vghtpe.gov.tw/News!one.action?nid=4796
https://events.ettoday.net/activity/dalemon_horror/article/24538/last
https://events.ettoday.net/activity/dalemon_Shitpost/article/26122/last
https://events.ettoday.net/activity/dalemon_Shitpost/article/25715/last
https://line.me/R/ti/p/%40yoi6531w
https://events.ettoday.net/activity/dalemon_readbeanQQ/article/25980/last
https://events.ettoday.net/activity/dalemon_Yummy/article/23489
https://events.ettoday.net/activity/dalemon_Shitpost/article/24529/last
https://www.mirrormedia.mg
https://events.ettoday.net/activity/dalemon_Shitpost/article/23423
https://damon624.pixnet.net/blog
https://www.zec99.com/blogs/love/
https://www.youtube.com/watch?v=0_3mBkfNzOU&amp;feature=emb_title
https://events.ettoday.net/activity/dalemon_Yummy/article/24564/last
https://events.ettoday.net/pets2018_card/mainevent/index.php?fbclid=IwAR0Ej91ZbcJM7WoIvUM8JeiZy-jn5rsfKwKm_tDDp17o0FIYJeuHt2GkOVc
https://events.ettoday.net/activity/dalemon_horror/article/25690/last
https://events.ettoday.net/activity/dalemon_Shitpost/article/23562/last
https://events.ettoday.net/activity/dalemon_Shitpost/article/24574/last
https://events.ettoday.net/activity/dalemon_Shitpost/article/23700/last
https://events.ettoday.net/activity/dalemon_work/article/22565/last
https://events.ettoday.net/activity/dalemon_Yummy/article/31861/last
https://events.ettoday.net/activity/dalemon_horror/article/23496/last
https://events.ettoday.net/activity/dalemon_horror/article/23183/last
https://events.ettoday.net/activity/dalemon_readbeanQQ/article/24655/last
https://www.mirrormedia.mg/story/20200413inv005/index.html?utm_source=feed_related&amp;utm_medium=ettoday
https://events.ettoday.net/activity/dalemon_Shitpost/article/24432/last
https://events.ettoday.net/activity/dalemon_inlove/article/24415/last
https://events.ettoday.net/activity/dalemon_Shitpost/article/24590/last
https://events.ettoday.net/activity/dalemon_inlove/article/23630
https://events.ettoday.net/activity/dalemon_horror/article/23526/last
https://events.ettoday.net/activity/dalemon_inlove/article/24135/last
https://twitter.com/Allure_magazine?ref_src=twsrc%5Etfw
https://events.ettoday.net/activity/dalemon_Shitpost/article/25332/last
https://events.ettoday.net/activity/dalemon_Shitpost/article/23812/last
https://events.ettoday.net/activity/dalemon_Yummy/article/24921/last
https://www.businesstoday.com.tw/article/category/80392/post/202004070012
https://events.ettoday.net/activity/dalemon_readbeanQQ/article/23516
https://events.ettoday.net/activity/dalemon_work/article/25185/last
https://events.ettoday.net/activity/dalemon_work/article/22629/last
https://events.ettoday.net/activity/dalemon_horror/182
https://events.ettoday.net/activity/dalemon_readbeanQQ/article/23578/last
https://events.ettoday.net/activity/dalemon_Yummy/article/24562/last
https://www.settour.com.tw/
https://events.ettoday.net/activity/dalemon_Yummy/article/25655/last
https://events.ettoday.net/activity/dalemon_work/article/31398/last
https://events.ettoday.net/activity/dalemon_work/180/last/3
https://www.emic.com.tw/www/index.php?action=adv&id=209
https://events.ettoday.net/activity/dalemon_horror/article/31568/last
https://events.ettoday.net/activity/dalemon_inlove/article/24677/last
https://events.ettoday.net/activity/dalemon_readbeanQQ/article/24097/last
https://events.ettoday.net/activity/dalemon_readbeanQQ/article/23485
https://events.ettoday.net/activity/dalemon_work/article/25075/last
https://events.ettoday.net/activity/dalemon_horror/article/23903/last
https://events.ettoday.net/activity/dalemon_work/article/25446/last
https://events.ettoday.net/activity/dalemon_work/article/23512
https://www.cosmopolitan.com/tw/love/sex/g31219717/10-sex-tips-for-couples/?utm_source=partner&amp;utm_medium=referral&amp;utm_campaign=ettoday
https://www.marieclaire.com.tw/entertainment/tvshow/48804
https://zh.wikipedia.org/wiki/2019%E5%B9%B46%E6%9C%88%E5%8F%8D%E5%B0%8D%E9%80%83%E7%8A%AF%E6%A2%9D%E4%BE%8B%E4%BF%AE%E8%A8%82%E8%8D%89%E6%A1%88%E9%81%8A%E8%A1%8C
https://www.mohw.gov.tw/cp-3208-21279-1.html
https://twitter.com/hashtag/NorthKorea?src=hash&amp;ref_src=twsrc%5Etfw
https://www.mirrormedia.mg/story/20191104ent007/index.html?utm_source=feed_related&amp;utm_medium=ettoday
https://hhh.com.tw/column-post.php?id=3311
https://twitter.com/hashtag/Allure?src=hash&amp;ref_src=twsrc%5Etfw
http://service.weibo.com/share/share.php?appkey=1263254066&title=即日起入站要戴口罩！「全台最美多良車站」跟上防疫　部落禁進入&url=https://discovery.ettoday.net/news/1692200&pic=https://cdn2.ettoday.net/images/4460/d4460479.jpg&searchPic=false&style=simple
https://cp2.tdcc.com.tw/
https://www.marieclaire.com.tw/entertainment/tvshow/47890
https://damon624.pixnet.net/blog/post/38277727?fbclid=IwAR1GvnSI20zhUkEOnL-MvuOK6RNX82E88CCL-FIlpIY7mNHwvRIz6haic8k
https://y00.tw/hsinchu-sausage/?fbclid=IwAR1SBGRxPThSsKbcjwOOsppw_U_lCgRhhF_IhOdqE9vjLUe-svuZSh37x6I
https://twitter.com/hashtag/TWICE?src=hash&amp;ref_src=twsrc%5Etfw
https://www.marieclaire.com.tw/entertainment/tvshow/48900
https://www.youtube.com/watch?v=asniBjE3SL4
https://www.ttvc.com.tw/%E8%94%AC%E8%8F%9C%E8%A6%81%E5%85%88%E6%B4%97%E9%82%84%E5%85%88%E5%88%87-%E7%87%9F%E9%A4%8A%E5%B8%AB%E5%91%8A%E8%A8%B4%E4%BD%A0%E5%A6%82%E4%BD%95%E8%99%95%E7%90%86%E7%87%9F%E9%A4%8A%E4%B8%8D%E6%89%93%E6%8A%98-a-3188.html
https://www.mirrormedia.mg/story/20180704ent018/index.html?utm_source=feed_related&amp;utm_medium=ettoday
https://www.vogue.com.tw/?utm_source=ettoday.net&amp;utm_medium=referral&amp;utm_campaign=3rd
https://twitter.com/alexharfouche1/status/1250161005172269057?ref_src=twsrc%5Etfw
https://page.line.me/tln7832e
https://www.zec99.com/blogs/love/20181231
https://www.instagram.com/p/B-QkDpQJMOe/?utm_source=ig_embed&amp;utm_campaign=loading
https://www.youtube.com/channel/UCAs8eA5lCm6uCsYJWjRhsfg
https://zh.wikipedia.org/wiki/%E5%B0%8F%E5%A5%B3%E8%8A%B1%E4%B8%8D%E5%BC%83
https://www.ttvc.com.tw/%E8%A6%AA%E5%AF%86%E7%9A%84%E6%8E%A5%E8%A7%B8-%E6%88%90%E5%8A%9F%E9%A4%B5%E6%AF%8D%E4%B9%B3-a-3879.html
https://www.youtube.com/watch?v=rRVUg7tEHjU&feature=youtu.be
https://www.vogue.com.tw/feature/content-45151?utm_source=ettoday.net&amp;utm_medium=referral&amp;utm_campaign=3rd
https://zh.wikipedia.org/wiki/%E4%B9%A0%E8%BF%91%E5%B9%B3
https://www.mirrormedia.mg/story/20200412inv001/index.html?utm_source=feed_related&amp;utm_medium=ettoday
https://zh.wikipedia.org/wiki/戴資穎
https://www.mirrormedia.mg/story/20200413edi013/index.html?utm_source=feed_related&amp;utm_medium=ettoday
https://www.youtube.com/channel/UC0GGcLJNwLviwddjPzOOgfQ?fbclid=IwAR1L6n6DxKxUIestzLlTx9_lQiwE5HWy6BJ6HCEeTcZoU06w4vYryB_c_8I
https://www.stockmuseum.com.tw
https://twitter.com/hashtag/%ED%8A%B8%EC%99%80%EC%9D%B4%EC%8A%A4?src=hash&amp;ref_src=twsrc%5Etfw
https://www.mirrormedia.mg/story/20200413inv006/index.html?utm_source=feed_related&amp;utm_medium=ettoday
https://www.mirrormedia.mg/story/20200413edi011/index.html?utm_source=feed_related&amp;utm_medium=ettoday
https://www.youtube.com/watch?v=9d9QtVICPxk&feature=youtu.be
https://www.vogue.com.tw/lifestyle/galerie/must-eat-snacks-stay-at-home?utm_source=ettoday.net&amp;utm_medium=referral&amp;utm_campaign=3rd
https://line.me/R/ti/p/%40kgy3765i
https://www.youtube.com/watch?v=kwGON0eN5Nw&amp;feature=emb_title
https://line.me/R/ti/p/%40vfw0009g
https://www.youtube.com/watch?v=AvWXwVWJiq4
https://www.youtube.com/watch?v=fubjbf7JA8s&amp;feature=emb_title
https://www.mirrormedia.mg/story/20180710ent022/index.html?utm_source=feed_related&amp;utm_medium=ettoday
https://zh.wikipedia.org/wiki/%E9%A6%99%E6%B8%AF
https://movies.yahoo.com.tw/movietime_result.html/id=10595?guccounter=1
https://www.youtube.com/channel/UCL2xWAoY0XAcAdoYiRGwMQw
https://www.ttvc.com.tw/%E5%93%BA%E4%B9%B3%E5%AA%BD%E5%AA%BD%E5%90%83%E4%BB%80%E9%BA%BC%E5%8F%AF%E4%BB%A5%E7%99%BC%E4%B9%B3-a-200.html
