https://www.setn.com/News.aspx?NewsID=724372
https://www.setn.com/Plist.aspx?PageGroupID=4
https://www.setn.com/TellMe.aspx?DType=1
https://live.setn.com/Channel/2
https://www.setn.com/News.aspx?NewsID=722937
https://www.setn.com/News.aspx?NewsID=724044
https://www.setn.com/News.aspx?NewsID=723955
https://live.setn.com/Channel/4
https://www.setn.com/Catalog_Column.aspx?SubCateID=35
https://www.setn.com/privacy.aspx
https://www.setn.com/News.aspx?NewsID=724346
https://www.setn.com/Catalog_Column.aspx?SubCateID=68
https://game.setn.com?utm_source=setn.com&utm_medium=game&utm_campaign=game
https://www.setn.com/TellMe.aspx
https://www.setn.com/AnchorSET.aspx
https://www.setn.com/News.aspx?NewsID=724170
https://www.setn.com/News.aspx?NewsID=723229
https://www.setn.com/Catalog_Column.aspx?SubCateID=37
https://www.setn.com/News.aspx?NewsID=724244
https://www.setn.com/photocatalog.aspx?ProjectType=1
https://www.setn.com/Photos.aspx?ProjectID=7184
https://www.setn.com/videos.aspx?PageGroupID=8
https://www.setn.com/News.aspx?NewsID=723924
https://www.setn.com/Photos.aspx?ProjectID=7177
https://www.setn.com/News.aspx?NewsID=722171
https://www.setn.com/videos.aspx?PageGroupID=2
https://www.setn.com/News.aspx?NewsID=723709
https://www.setn.com/Plist.aspx?PageGroupID=47
https://www.setn.com/Plist.aspx?PageGroupID=17
https://www.setddg.com/
https://www.setn.com/News.aspx?NewsID=713565
http://line.naver.jp/R/msg/text/?有錢就是任性！不搶口罩搶電視　65吋疫期銷量大漲6倍 | 生活 | 三立新聞網  SETN.COM%0D%0Ahttps://www.setn.com/News.aspx?NewsID=723175
https://www.setn.com/Photos.aspx?ProjectID=7175
https://www.setn.com/News.aspx?NewsID=723863
https://www.setn.com/point.aspx
https://www.setn.com/News.aspx?NewsID=723492
https://www.setn.com/News.aspx?NewsID=723927
https://www.setn.com/News.aspx?NewsID=724365
https://www.setn.com/Photos.aspx?ProjectID=7181
https://www.setn.com/ViewAll.aspx?PageGroupID=0
https://www.setn.com/videos.aspx?PageGroupID=41
https://www.setn.com/News.aspx?NewsID=724235
https://www.setn.com/Catalog.aspx?PageGroupID=2
https://www.setn.com/Klist.aspx?TagID=1565
https://www.setn.com/Local.aspx
https://www.setn.com/TellMe.aspx?DType=3
https://www.setn.com/Catalog.aspx?PageGroupID=47
https://www.setn.com/News.aspx?NewsID=723971
https://www.setn.com/project.aspx?ProjectID=7013
https://www.setn.com/News.aspx?NewsID=724183
https://live.setn.com/Channel/1
https://www.setn.com/Plist.aspx?PageGroupID=45
https://www.setn.com/Catalog.aspx?PageGroupID=12
https://www.setn.com/News.aspx?NewsID=724386
https://play.google.com/store/apps/details?id=com.set.app.entertainment
https://www.setn.com/News.aspx?NewsID=724351
https://www.setn.com/News.aspx?NewsID=724236
https://www.setn.com/News.aspx?NewsID=709219
http://bit.ly/2I7RZ7c
https://www.setn.com/Klist.aspx?TagID=9004
https://www.setn.com/Catalog.aspx?PageGroupID=7
https://www.setn.com/photocatalog.aspx?ProjectType=11
https://www.setn.com/News.aspx?NewsID=724388
https://www.setn.com/Klist.aspx?TagID=80273
https://www.setn.com/videos.aspx?PageGroupID=6
https://www.setn.com/videos.aspx?PageGroupID=4
https://acts.setn.com/fbweb/index.html
https://www.setn.com/Catalog_Column.aspx?SubCateID=72
https://www.setn.com/ViewAll.aspx
https://www.setn.com/project.aspx?ProjectID=7076
https://www.setn.com/project.aspx?ProjectID=7054
https://live.setn.com/Live/691
http://line.naver.jp/R/msg/text/?有錢就是任性！不搶口罩搶電視　65吋疫期銷量大漲6倍 | 生活 | 三立新聞網  SETN.COM%0D%0Ahttps%3a%2f%2fwww.setn.com%2fNews.aspx%3fNewsID%3d723175
https://www.setn.com/Plist.aspx?PageGroupID=5
https://www.setn.com/Plist.aspx?PageGroupID=65
https://www.setn.com/News.aspx?NewsID=724270
https://www.setn.com/Catalog_Column.aspx?SubCateID=123
https://live.setn.com/Channel/6
https://www.setn.com/Catalog.aspx?PageGroupID=41
https://www.setn.com/News.aspx?NewsID=723542
https://www.setn.com/https://vidol.tv/programmes/1202
https://www.setn.com/Klist.aspx?TagID=47185
https://www.setn.com/photocatalog.aspx?ProjectType=3
https://www.setn.com/about.aspx
http://bit.ly/2wCHgjV
https://www.setn.com/Plist.aspx?PageGroupID=8
https://live.setn.com/
https://www.setn.com/News.aspx?NewsID=723697
https://www.setn.com/News.aspx?NewsID=724371
https://www.setn.com/Catalog_Column.aspx
https://www.setn.com/photocatalog.aspx?ProjectType=18
https://www.setn.com/Catalog_Column.aspx?SubCateID=91
https://live.setn.com/Live/1353
https://www.setn.com/News.aspx?NewsID=723998
https://www.setn.com/Plist.aspx?PageGroupID=6
https://www.setn.com/News.aspx?NewsID=723931
https://live.setn.com/Channel/3
https://www.setn.com/Photos.aspx?ProjectID=7183
https://www.setn.com/News.aspx?NewsID=723154
https://www.setn.com/News.aspx?NewsID=724264
https://www.setn.com/News.aspx?NewsID=724163
https://www.setn.com/https://line.me/ti/p/%40setn
https://www.setn.com/Klist.aspx?TagID=152
http://bit.ly/2HSpkTw
https://www.setn.com/News.aspx?NewsID=724097
https://www.setn.com/News.aspx?NewsID=724141
https://www.setn.com/Plist.aspx?PageGroupID=46
https://www.setn.com/videos.aspx?PageGroupID=7
https://www.setn.com/News.aspx?NewsID=724387
https://www.setn.com/Plist.aspx
https://www.setn.com/Privacy.aspx
https://www.setn.com/Catalog.aspx?PageGroupID=65
https://www.setn.com/News.aspx?NewsID=712996
https://www.setn.com/News.aspx?NewsID=724111
https://www.setn.com/videos.aspx?PageGroupID=5
http://www.setn.com/http://vidol.tv/
https://www.setn.com/News.aspx?NewsID=724040
https://www.setn.com/Plist.aspx?PageGroupID=7
https://www.setn.com/News.aspx?NewsID=724140
https://www.setn.com/https://event.vidol.tv/Vidol4ever/
https://www.setn.com/Plist.aspx?PageGroupID=12
https://www.setn.com/News.aspx?NewsID=723911
http://blog.iset.com.tw/news/?cat=1
https://www.setn.com/Photos.aspx?ProjectID=7182
https://live.setn.com/Channel/5
https://www.setn.com/News.aspx?NewsID=723156
https://www.setn.com/Catalog_Column.aspx?SubCateID=36
https://www.setn.com/Plist.aspx?PageGroupID=2
https://www.setn.com/videos.aspx?PageGroupID=47
https://www.setn.com/Catalog.aspx?PageGroupID=42
https://www.setn.com/videos.aspx?PageGroupID=34
https://www.setn.com/photocatalog.aspx?ProjectType=4
https://www.setn.com/Plist.aspx?PageGroupID=42
https://www.setn.com/project.aspx?ProjectID=6964
https://www.setn.com/Plist.aspx?PageGroupID=53
https://www.setn.com/Plist.aspx?PageGroupID=34
https://www.setn.com/ViewAll.aspx?PageGroupID=1
https://www.setn.com/News.aspx?NewsID=724361
https://www.setn.com/photocatalog.aspx?ProjectType=6
https://www.setn.com/Klist.aspx?TagID=389414
https://www.setn.com/News.aspx?NewsID=723175&p=0
https://baodao.setn.com/
https://www.setn.com/Catalog_Column.aspx?SubCateID=81
https://www.setn.com/Plist.aspx?ptype=3
https://www.setn.com/Catalog.aspx?PageGroupID=6
https://www.setn.com/News.aspx?NewsID=724039
https://travel.setn.com/
https://www.setn.com/News.aspx?NewsID=724047
https://www.setn.com/News.aspx?NewsID=724015
https://www.setn.com/videos.aspx?PageGroupID=52
https://www.setn.com/News.aspx?NewsID=724232
https://www.setn.com/Catalog.aspx?PageGroupID=4
https://www.setn.com/News.aspx?NewsID=713583
https://game.setn.com/activity.php?utm_source=PCsidebar
https://live.setn.com/Live/358
https://www.setn.com/activity.aspx
https://www.setn.com/photocatalog.aspx?ProjectType=19
https://www.setn.com/News.aspx?NewsID=724145
https://www.setn.com/e/
https://www.setn.com/News.aspx?NewsID=723984
https://www.setn.com/videos.aspx
https://www.setn.com/News.aspx?NewsID=723816
https://www.setn.com/photocatalog.aspx
http://bit.ly/2KMt36F
https://fuhouse.setn.com/
https://www.setn.com/News.aspx?NewsID=724379
https://www.setn.com/News.aspx?NewsID=724158
https://watch.setn.com/
https://www.setn.com/News.aspx?NewsID=723175
https://www.setn.com/News.aspx?NewsID=723175
https://www.setn.com/photocatalog.aspx?ProjectType=5
https://www.setn.com/News.aspx?NewsID=724161
https://www.setn.com/News.aspx?NewsID=723936
https://www.setn.com/News.aspx?NewsID=723452
https://www.setn.com/videos.aspx?PageGroupID=50
https://www.setn.com/Catalog_Column.aspx?SubCateID=33
https://www.setn.com/News.aspx?NewsID=717635
https://www.setn.com/Catalog.aspx?PageGroupID=5
https://www.setn.com/Photos.aspx?ProjectID=7179
https://www.setn.com/News.aspx?NewsID=724370
https://www.setn.com/Plist.aspx?PageGroupID=1&PageType=6
https://www.setn.com/Videos.aspx
http://bit.ly/2w8hh3y
https://www.setn.com/News.aspx?NewsID=724366
https://www.setn.com/Catalog.aspx?PageGroupID=34
https://www.setn.com/photocatalog.aspx?ProjectType=10
https://acts.setn.com/app/
https://www.setn.com/Photos.aspx?ProjectID=7185
https://www.setn.com/News.aspx?NewsID=723882
https://www.setn.com/ViewAll.aspx?PageGroupID=4
https://www.setn.com/Photos.aspx?ProjectID=7174
https://www.setn.com/https://pse.is/PJACG
https://www.setn.com/News.aspx?NewsID=723832
https://www.setn.com/News.aspx?NewsID=724317
https://acts.setn.com/event/crazyonlive/
https://www.setn.com/
https://www.setn.com/News.aspx?NewsID=723946
https://www.setn.com/Plist.aspx?PageGroupID=50
https://www.setn.com/photocatalog.aspx?ProjectType=7
https://www.setn.com/mailto:2018setn@gmail.com
https://www.setn.com/News.aspx?NewsID=723897
https://www.setn.com/News.aspx?NewsID=723977
https://www.setn.com/News.aspx?NewsID=724353
https://www.setn.com/News.aspx?NewsID=724152
https://www.setn.com/Plist.aspx?PageGroupID=41
https://www.setn.com/Catalog_Column.aspx?SubCateID=48
https://www.setn.com/Plist.aspx?ptype=1
https://tv.setn.com/
https://www.setn.com/ViewAll.aspx?PageGroupID=31
https://www.setn.com/News.aspx?NewsID=724229
https://www.setn.com/News.aspx?NewsID=723915
https://www.setn.com/Catalog_Column.aspx?SubCateID=39
https://www.setn.com/Catalog_Column.aspx?SubCateID=71
https://www.setn.com/https://event.vidol.tv/8DaysLimitedLock/
https://www.setn.com/Photos.aspx?ProjectID=7178
https://www.setn.com/News.aspx?NewsID=715627
https://www.setn.com/News.aspx?NewsID=723997
https://www.setn.com/Klist.aspx?ProjectID=7180
