https://www.setn.com/News.aspx?NewsID=710191
https://www.setn.com/News.aspx?NewsID=726027
https://www.setn.com/News.aspx?NewsID=713072
https://www.setn.com/News.aspx?NewsID=724623
https://www.setn.com/News.aspx?NewsID=722659
https://www.setn.com/News.aspx?NewsID=725433
https://www.setn.com/News.aspx?NewsID=726320
https://www.setn.com/News.aspx?NewsID=721231
https://www.setn.com/News.aspx?NewsID=723391
https://www.setn.com/News.aspx?NewsID=724341&p=0
https://www.setn.com/e/News.aspx?NewsID=659580
https://www.setn.com/News.aspx?NewsID=706774
https://www.setn.com/News.aspx?NewsID=721529
https://www.setn.com/News.aspx?NewsID=723332
https://www.setn.com/News.aspx?NewsID=713715
https://www.setn.com/News.aspx?NewsID=718566
https://www.setn.com/News.aspx?NewsID=725803
https://www.setn.com/News.aspx?NewsID=726101
https://www.setn.com/News.aspx?NewsID=726217
https://www.setn.com/News.aspx?NewsID=725119
https://www.setn.com/News.aspx?NewsID=687026
https://www.setn.com/News.aspx?NewsID=508450
https://www.setn.com/News.aspx?NewsID=716464
https://www.setn.com/News.aspx?NewsID=712438
https://www.setn.com/News.aspx?NewsID=725628
https://www.setn.com/News.aspx?NewsID=722048
https://www.setn.com/News.aspx?NewsID=724170
https://www.setn.com/News.aspx?NewsID=723229
https://www.setn.com/News.aspx?NewsID=725553
https://www.setn.com/News.aspx?NewsID=713788
https://www.setn.com/News.aspx?NewsID=718425
https://www.setn.com/News.aspx?NewsID=700977
https://www.setn.com/News.aspx?NewsID=724997
https://www.setn.com/News.aspx?NewsID=725756
https://www.setn.com/News.aspx?NewsID=722725
https://www.setn.com/News.aspx?NewsID=725750
https://www.setn.com/News.aspx?NewsID=726331
https://www.setn.com/News.aspx?NewsID=725571
https://www.setn.com/News.aspx?NewsID=722218
https://www.setn.com/News.aspx?NewsID=726232
https://www.setn.com/News.aspx?NewsID=692543
https://www.setn.com/News.aspx?NewsID=723982
https://www.setn.com/News.aspx?NewsID=724786
https://www.setn.com/News.aspx?NewsID=725006
https://www.setn.com/News.aspx?NewsID=725067
https://www.setn.com/News.aspx?NewsID=726165
https://www.setn.com/News.aspx?NewsID=711251
https://www.setn.com/News.aspx?NewsID=723377
https://www.setn.com/News.aspx?NewsID=725736
https://www.setn.com/News.aspx?NewsID=718187
https://www.setn.com/News.aspx?NewsID=720571
https://www.setn.com/News.aspx?NewsID=725556
https://www.setn.com/News.aspx?NewsID=726278
https://www.setn.com/News.aspx?NewsID=647922
https://www.setn.com/News.aspx?NewsID=722941
https://www.setn.com/News.aspx?NewsID=725051
https://www.setn.com/News.aspx?NewsID=726018
https://www.setn.com/news.aspx?newsid=726290
https://www.setn.com/News.aspx?NewsID=719731
https://www.setn.com/News.aspx?NewsID=724030
https://www.setn.com/News.aspx?NewsID=726123
https://www.setn.com/News.aspx?NewsID=726290
https://www.setn.com/News.aspx?NewsID=703003
https://www.setn.com/News.aspx?NewsID=726066
https://www.setn.com/News.aspx?NewsID=723787
https://www.setn.com/News.aspx?NewsID=723177
https://www.setn.com/News.aspx?NewsID=726359&p=0
https://www.setn.com/News.aspx?NewsID=721212
https://www.setn.com/News.aspx?NewsID=725423
https://www.setn.com/News.aspx?NewsID=724532
https://www.setn.com/News.aspx?NewsID=725648
https://www.setn.com/News.aspx?NewsID=719374
https://www.setn.com/News.aspx?NewsID=722426
https://www.setn.com/Catalog.aspx?PageGroupID=45
https://www.setn.com/News.aspx?NewsID=678072
https://www.setn.com/News.aspx?NewsID=691456
https://www.setn.com/News.aspx?NewsID=724977
https://www.setn.com/News.aspx?NewsID=550581
https://www.setn.com/News.aspx?NewsID=725534&p=0
https://www.setn.com/News.aspx?NewsID=696950
https://www.setn.com/News.aspx?NewsID=713950
https://www.setn.com/News.aspx?NewsID=724998
https://www.setn.com/News.aspx?NewsID=698775
https://www.setn.com/News.aspx?NewsID=725878
https://www.setn.com/News.aspx?NewsID=723801
https://www.setn.com/News.aspx?NewsID=723871
https://www.setn.com/News.aspx?NewsID=725972
https://www.setn.com/News.aspx?NewsID=716934
https://www.setn.com/News.aspx?NewsID=725656
https://www.setn.com/News.aspx?NewsID=726045
https://www.setn.com/News.aspx?NewsID=726103
https://www.setn.com/News.aspx?NewsID=706928
https://www.setn.com/News.aspx?NewsID=720283
https://www.setn.com/News.aspx?NewsID=724156
https://www.setn.com/News.aspx?NewsID=706305
https://www.setn.com/News.aspx?NewsID=725490
https://www.setn.com/News.aspx?NewsID=726218
https://www.setn.com/News.aspx?NewsID=674771
https://www.setn.com/News.aspx?NewsID=715068
https://www.setn.com/News.aspx?NewsID=726302
https://www.setn.com/News.aspx?NewsID=725224
https://www.setn.com/News.aspx?NewsID=707394
https://www.setn.com/News.aspx?NewsID=724938
https://www.setn.com/News.aspx?NewsID=725899
https://www.setn.com/News.aspx?NewsID=704384
https://www.setn.com/News.aspx?NewsID=716082
https://www.setn.com/News.aspx?NewsID=724011
https://www.setn.com/News.aspx?NewsID=725725
https://www.setn.com/News.aspx?NewsID=725945
https://www.setn.com/news.aspx?newsid=726117
https://www.setn.com/News.aspx?NewsID=693455
https://www.setn.com/News.aspx?NewsID=725447
https://www.setn.com/News.aspx?NewsID=700175
https://www.setn.com/News.aspx?NewsID=723867&p=0
https://www.setn.com/News.aspx?NewsID=726340
https://www.setn.com/News.aspx?NewsID=705049
https://www.setn.com/News.aspx?NewsID=715593
https://www.setn.com/News.aspx?NewsID=722233
https://www.setn.com/News.aspx?NewsID=724434
https://www.setn.com/News.aspx?NewsID=674414
https://www.setn.com/News.aspx?NewsID=726043
https://www.setn.com/News.aspx?NewsID=726253&p=0
https://www.setn.com/News.aspx?NewsID=724793
https://www.setn.com/News.aspx?NewsID=726293
https://www.setn.com/News.aspx?NewsID=722171
https://www.setn.com/News.aspx?NewsID=725998
https://www.setn.com/News.aspx?NewsID=726257&p=0
https://www.setn.com/News.aspx?NewsID=719064
https://www.setn.com/News.aspx?NewsID=721138
https://www.setn.com/News.aspx?NewsID=725741
https://www.setn.com/News.aspx?NewsID=726300
https://www.setn.com/News.aspx?NewsID=716679
https://www.setn.com/News.aspx?NewsID=723709
https://www.setn.com/News.aspx?NewsID=725421
https://www.setn.com/News.aspx?NewsID=725569
https://www.setn.com/News.aspx?NewsID=726364&p=0
https://www.setn.com/News.aspx?NewsID=725587
https://www.setn.com/News.aspx?NewsID=692990
https://www.setn.com/News.aspx?NewsID=721161
https://www.setn.com/News.aspx?NewsID=724979
https://www.setn.com/News.aspx?NewsID=725072
https://www.setn.com/News.aspx?NewsID=714403
https://www.setn.com/News.aspx?NewsID=726210&p=0
https://www.setn.com/News.aspx?NewsID=721472
https://www.setn.com/News.aspx?NewsID=724884
https://www.setn.com/Anchor.aspx?AnchorID=276
https://www.setn.com/News.aspx?NewsID=703794
https://www.setn.com/News.aspx?NewsID=719125
https://www.setn.com/News.aspx?NewsID=721840
https://www.setn.com/News.aspx?NewsID=685974
https://www.setn.com/News.aspx?NewsID=724126
https://www.setn.com/News.aspx?NewsID=726025
https://www.setn.com/News.aspx?NewsID=522154
https://www.setn.com/News.aspx?NewsID=725488
https://www.setn.com/News.aspx?NewsID=725968
https://www.setn.com/News.aspx?NewsID=725528
https://www.setn.com/News.aspx?NewsID=714931
https://www.setn.com/News.aspx?NewsID=651884
https://www.setn.com/News.aspx?NewsID=719687
https://www.setn.com/News.aspx?NewsID=726291&p=0
https://www.setn.com/News.aspx?NewsID=726346
https://www.setn.com/News.aspx?NewsID=700562
https://www.setn.com/News.aspx?NewsID=724214
https://www.setn.com/News.aspx?NewsID=711379
https://www.setn.com/News.aspx?NewsID=717595
https://www.setn.com/News.aspx?NewsID=720189
https://www.setn.com/News.aspx?NewsID=714497
https://www.setn.com/News.aspx?NewsID=724394
https://www.setn.com/News.aspx?NewsID=698489
https://www.setn.com/News.aspx?NewsID=724665
https://www.setn.com/News.aspx?NewsID=725766
https://www.setn.com/News.aspx?NewsID=713025
https://www.setn.com/News.aspx?NewsID=723451
https://www.setn.com/News.aspx?NewsID=725378
https://www.setn.com/News.aspx?NewsID=726064&p=0
https://www.setn.com/News.aspx?NewsID=703652
https://www.setn.com/News.aspx?NewsID=725062
https://www.setn.com/News.aspx?NewsID=720638
https://www.setn.com/News.aspx?NewsID=726183
https://www.setn.com/News.aspx?NewsID=725036
https://www.setn.com/News.aspx?NewsID=725273
https://www.setn.com/News.aspx?NewsID=714369
https://www.setn.com/News.aspx?NewsID=725230
https://www.setn.com/News.aspx?NewsID=726079
https://www.setn.com/News.aspx?NewsID=726111
https://www.setn.com/News.aspx?NewsID=726352&p=0
https://www.setn.com/News.aspx?NewsID=702580
https://www.setn.com/News.aspx?NewsID=724736
https://www.setn.com/News.aspx?NewsID=725353
https://www.setn.com/News.aspx?NewsID=125558
https://www.setn.com/News.aspx?NewsID=725455
https://www.setn.com/News.aspx?NewsID=725606
https://www.setn.com/News.aspx?NewsID=720116
https://www.setn.com/News.aspx?NewsID=721531
https://www.setn.com/News.aspx?NewsID=724012
https://www.setn.com/News.aspx?NewsID=726226
https://www.setn.com/News.aspx?NewsID=701568
https://www.setn.com/News.aspx?NewsID=711194
https://www.setn.com/News.aspx?NewsID=692773
https://www.setn.com/News.aspx?NewsID=722888
https://www.setn.com/News.aspx?NewsID=725568
https://www.setn.com/News.aspx?NewsID=724218
https://www.setn.com/News.aspx?NewsID=654274
https://www.setn.com/News.aspx?NewsID=702153
https://www.setn.com/News.aspx?NewsID=716292
https://www.setn.com/News.aspx?NewsID=725084
https://www.setn.com/News.aspx?NewsID=724943
https://www.setn.com/News.aspx?NewsID=700124
https://www.setn.com/News.aspx?NewsID=723698
https://www.setn.com/News.aspx?NewsID=724502
https://www.setn.com/News.aspx?NewsID=725813
https://www.setn.com/News.aspx?NewsID=726268
https://www.setn.com/News.aspx?NewsID=715166
https://www.setn.com/News.aspx?NewsID=726133
https://www.setn.com/News.aspx?NewsID=712544
https://www.setn.com/News.aspx?NewsID=725531
https://www.setn.com/News.aspx?NewsID=725216
https://www.setn.com/News.aspx?NewsID=723070
https://www.setn.com/News.aspx?NewsID=680584
https://www.setn.com/News.aspx?NewsID=711879
https://www.setn.com/News.aspx?NewsID=724321
https://www.setn.com/News.aspx?NewsID=143077
https://www.setn.com/News.aspx?NewsID=723492
https://www.setn.com/News.aspx?NewsID=725111
https://www.setn.com/News.aspx?NewsID=725858
https://www.setn.com/News.aspx?NewsID=689375
https://www.setn.com/News.aspx?NewsID=725927
https://www.setn.com/News.aspx?NewsID=693201
https://www.setn.com/News.aspx?NewsID=722802
https://www.setn.com/News.aspx?NewsID=724191
https://www.setn.com/News.aspx?NewsID=724714
https://www.setn.com/News.aspx?NewsID=688379
https://www.setn.com/News.aspx?NewsID=725533
https://www.setn.com/News.aspx?NewsID=726063
https://www.setn.com/News.aspx?NewsID=717658
https://www.setn.com/News.aspx?NewsID=725846
https://www.setn.com/Anchor.aspx?AnchorID=289
https://www.setn.com/News.aspx?NewsID=725947
https://www.setn.com/News.aspx?NewsID=721087
https://www.setn.com/News.aspx?NewsID=722935
https://www.setn.com/News.aspx?NewsID=221175
https://www.setn.com/News.aspx?NewsID=725180
https://www.setn.com/News.aspx?NewsID=725475
https://www.setn.com/News.aspx?NewsID=725963
https://www.setn.com/News.aspx?NewsID=684356
https://www.setn.com/News.aspx?NewsID=691164
https://www.setn.com/News.aspx?NewsID=726181
https://www.setn.com/News.aspx?NewsID=720293
https://www.setn.com/News.aspx?NewsID=720042
https://www.setn.com/News.aspx?NewsID=722508
https://www.setn.com/News.aspx?NewsID=725048
https://www.setn.com/News.aspx?NewsID=725748
https://www.setn.com/News.aspx?NewsID=696655
https://www.setn.com/News.aspx?NewsID=725732
https://www.setn.com/News.aspx?NewsID=718353
https://www.setn.com/News.aspx?NewsID=725712
https://www.setn.com/News.aspx?NewsID=726351
https://www.setn.com/News.aspx?NewsID=715274
https://www.setn.com/Anchor.aspx?AnchorID=299
https://www.setn.com/News.aspx?NewsID=721220
https://www.setn.com/News.aspx?NewsID=726180
https://www.setn.com/News.aspx?NewsID=706078
https://www.setn.com/News.aspx?NewsID=726337
https://www.setn.com/News.aspx?NewsID=710791
https://www.setn.com/News.aspx?NewsID=725673
https://www.setn.com/News.aspx?NewsID=723870
https://www.setn.com/News.aspx?NewsID=725580
https://www.setn.com/News.aspx?NewsID=725874
https://www.setn.com/News.aspx?NewsID=725482
https://www.setn.com/News.aspx?NewsID=725650
https://www.setn.com/News.aspx?NewsID=724907
https://www.setn.com/News.aspx?NewsID=725599
https://www.setn.com/News.aspx?NewsID=697975
https://www.setn.com/News.aspx?NewsID=724314
https://www.setn.com/News.aspx?NewsID=703217
https://www.setn.com/News.aspx?NewsID=663015
https://www.setn.com/News.aspx?NewsID=697151
https://www.setn.com/News.aspx?NewsID=709295
https://www.setn.com/News.aspx?NewsID=711769
https://www.setn.com/News.aspx?NewsID=725428
https://www.setn.com/News.aspx?NewsID=702541
https://www.setn.com/News.aspx?NewsID=721869
https://www.setn.com/News.aspx?NewsID=725392
https://www.setn.com/News.aspx?NewsID=722925
https://www.setn.com/News.aspx?NewsID=725073
https://www.setn.com/News.aspx?NewsID=723814
https://www.setn.com/News.aspx?NewsID=714262
https://www.setn.com/News.aspx?NewsID=713733
https://www.setn.com/News.aspx?NewsID=725915
https://www.setn.com/News.aspx?NewsID=725349
https://www.setn.com/News.aspx?NewsID=720632
https://www.setn.com/News.aspx?NewsID=721642
https://www.setn.com/News.aspx?NewsID=723804
https://www.setn.com/News.aspx?NewsID=726273
https://www.setn.com/News.aspx?NewsID=711573
https://www.setn.com/News.aspx?NewsID=699238
https://www.setn.com/News.aspx?NewsID=722947
https://www.setn.com/News.aspx?NewsID=703683
https://www.setn.com/News.aspx?NewsID=719295
https://www.setn.com/News.aspx?NewsID=698612
https://www.setn.com/News.aspx?NewsID=720413
https://www.setn.com/News.aspx?NewsID=674056
https://www.setn.com/News.aspx?NewsID=724718
https://www.setn.com/news.aspx?newsid=726335
https://www.setn.com/News.aspx?NewsID=715752
https://www.setn.com/News.aspx?NewsID=725082&p=0
https://www.setn.com/News.aspx?NewsID=708480
https://www.setn.com/News.aspx?NewsID=718845
https://www.setn.com/News.aspx?NewsID=722236
https://www.setn.com/News.aspx?NewsID=724678
https://www.setn.com/News.aspx?NewsID=721363
https://www.setn.com/News.aspx?NewsID=722406
https://www.setn.com/News.aspx?NewsID=723961
https://www.setn.com/news.aspx?newsid=725936
https://www.setn.com/News.aspx?NewsID=670149
https://www.setn.com/News.aspx?NewsID=694708
https://www.setn.com/News.aspx?NewsID=711455
https://www.setn.com/News.aspx?NewsID=704880
https://www.setn.com/News.aspx?NewsID=702014
https://www.setn.com/News.aspx?NewsID=725148
https://www.setn.com/News.aspx?NewsID=725699
https://www.setn.com/News.aspx?NewsID=724635
https://www.setn.com/News.aspx?NewsID=725774
https://www.setn.com/News.aspx?NewsID=704617
https://www.setn.com/News.aspx?NewsID=715411
https://www.setn.com/News.aspx?NewsID=726067
https://www.setn.com/news.aspx?newsid=726072
https://www.setn.com/News.aspx?NewsID=722614
https://www.setn.com/News.aspx?NewsID=725229
https://www.setn.com/News.aspx?NewsID=725689
https://www.setn.com/News.aspx?NewsID=726159
https://www.setn.com/News.aspx?NewsID=596740
https://www.setn.com/News.aspx?NewsID=723619
https://www.setn.com/News.aspx?NewsID=723712
https://www.setn.com/News.aspx?NewsID=725458
https://www.setn.com/News.aspx?NewsID=214441
https://www.setn.com/News.aspx?NewsID=725524
https://www.setn.com/News.aspx?NewsID=716212
https://www.setn.com/News.aspx?NewsID=725386
https://www.setn.com/Anchor.aspx?AnchorID=14
https://www.setn.com/News.aspx?NewsID=702995
https://www.setn.com/News.aspx?NewsID=726096
https://www.setn.com/News.aspx?NewsID=717317
https://www.setn.com/News.aspx?NewsID=726173
https://www.setn.com/News.aspx?NewsID=725192
https://www.setn.com/News.aspx?NewsID=725958
https://www.setn.com/Anchor.aspx?AnchorID=302
https://www.setn.com/News.aspx?NewsID=639272
https://www.setn.com/News.aspx?NewsID=691385
https://www.setn.com/News.aspx?NewsID=694785
https://www.setn.com/News.aspx?NewsID=726174
https://www.setn.com/News.aspx?NewsID=725986
https://www.setn.com/News.aspx?NewsID=726255&p=0
https://www.setn.com/News.aspx?NewsID=725064
https://www.setn.com/News.aspx?NewsID=725140
https://www.setn.com/News.aspx?NewsID=720609
https://www.setn.com/News.aspx?NewsID=723176
https://www.setn.com/News.aspx?NewsID=725077
https://www.setn.com/News.aspx?NewsID=725285
https://www.setn.com/News.aspx?NewsID=696204
https://www.setn.com/News.aspx?NewsID=724848
https://www.setn.com/News.aspx?NewsID=724539
https://www.setn.com/News.aspx?NewsID=725243
https://www.setn.com/News.aspx?NewsID=726258
https://www.setn.com/News.aspx?NewsID=725641
https://www.setn.com/News.aspx?NewsID=720174
https://www.setn.com/News.aspx?NewsID=725900
https://www.setn.com/News.aspx?NewsID=726305
https://www.setn.com/News.aspx?NewsID=714833
https://www.setn.com/News.aspx?NewsID=725185
https://www.setn.com/News.aspx?NewsID=726120
https://www.setn.com/News.aspx?NewsID=708524
https://www.setn.com/News.aspx?NewsID=719358
https://www.setn.com/News.aspx?NewsID=723372
https://www.setn.com/News.aspx?NewsID=725772
https://www.setn.com/News.aspx?NewsID=715592
https://www.setn.com/News.aspx?NewsID=707998
https://www.setn.com/News.aspx?NewsID=725684
https://www.setn.com/News.aspx?NewsID=719996
https://www.setn.com/News.aspx?NewsID=720154
https://www.setn.com/News.aspx?NewsID=720903
https://www.setn.com/News.aspx?NewsID=721135
https://www.setn.com/News.aspx?NewsID=723668
https://www.setn.com/News.aspx?NewsID=725089
https://www.setn.com/News.aspx?NewsID=726322
https://www.setn.com/News.aspx?NewsID=709009
https://www.setn.com/News.aspx?NewsID=723849
https://www.setn.com/news.aspx?newsid=726000
https://www.setn.com/News.aspx?NewsID=709447
https://www.setn.com/News.aspx?NewsID=718920
https://www.setn.com/News.aspx?NewsID=713719
https://www.setn.com/News.aspx?NewsID=724236
https://www.setn.com/News.aspx?NewsID=724835
https://www.setn.com/News.aspx?NewsID=726316
https://www.setn.com/News.aspx?NewsID=726237
https://www.setn.com/News.aspx?NewsID=722838
https://www.setn.com/News.aspx?NewsID=723559
https://www.setn.com/News.aspx?NewsID=726220
https://www.setn.com/News.aspx?NewsID=659833
https://www.setn.com/News.aspx?NewsID=717757
https://www.setn.com/News.aspx?NewsID=654120
https://www.setn.com/News.aspx?NewsID=724656
https://www.setn.com/News.aspx?NewsID=716911
https://www.setn.com/News.aspx?NewsID=716965
https://www.setn.com/News.aspx?NewsID=726328&p=0
https://www.setn.com/News.aspx?NewsID=726272
https://www.setn.com/News.aspx?NewsID=725358
https://www.setn.com/News.aspx?NewsID=725512
https://www.setn.com/News.aspx?NewsID=690097
https://www.setn.com/News.aspx?NewsID=720758
https://www.setn.com/News.aspx?NewsID=724986
https://www.setn.com/News.aspx?NewsID=725276
https://www.setn.com/News.aspx?NewsID=725558
https://www.setn.com/News.aspx?NewsID=725726
https://www.setn.com/News.aspx?NewsID=720245
https://www.setn.com/News.aspx?NewsID=725759
https://www.setn.com/News.aspx?NewsID=706866
https://www.setn.com/News.aspx?NewsID=718874
https://www.setn.com/News.aspx?NewsID=723152
https://www.setn.com/News.aspx?NewsID=726254
https://www.setn.com/News.aspx?NewsID=719067
https://www.setn.com/News.aspx?NewsID=724086
https://www.setn.com/News.aspx?NewsID=726261&p=0
https://www.setn.com/News.aspx?NewsID=721400
https://www.setn.com/News.aspx?NewsID=725396
https://www.setn.com/News.aspx?NewsID=725402
https://www.setn.com/News.aspx?NewsID=724213
https://www.setn.com/News.aspx?NewsID=724376
https://www.setn.com/News.aspx?NewsID=717448
https://www.setn.com/News.aspx?NewsID=725935
https://www.setn.com/News.aspx?NewsID=618658
https://www.setn.com/News.aspx?NewsID=707563
https://www.setn.com/News.aspx?NewsID=719816
https://www.setn.com/News.aspx?NewsID=723691
https://www.setn.com/News.aspx?NewsID=725058
https://www.setn.com/News.aspx?NewsID=726035
https://www.setn.com/News.aspx?NewsID=726259
https://www.setn.com/News.aspx?NewsID=538100
https://www.setn.com/News.aspx?NewsID=713355
https://www.setn.com/News.aspx?NewsID=725978
https://www.setn.com/News.aspx?NewsID=726113
https://www.setn.com/News.aspx?NewsID=725834
https://www.setn.com/News.aspx?NewsID=705512
https://www.setn.com/News.aspx?NewsID=699204
https://www.setn.com/News.aspx?NewsID=726208
https://www.setn.com/News.aspx?NewsID=725075
https://www.setn.com/News.aspx?NewsID=725984
https://www.setn.com/News.aspx?NewsID=725914
https://www.setn.com/News.aspx?NewsID=695670
https://www.setn.com/News.aspx?NewsID=682816
https://www.setn.com/News.aspx?NewsID=691225
https://www.setn.com/News.aspx?NewsID=724994&p=0
https://www.setn.com/News.aspx?NewsID=719724
https://www.setn.com/News.aspx?NewsID=721795
https://www.setn.com/News.aspx?NewsID=725147
https://www.setn.com/News.aspx?NewsID=726241
https://www.setn.com/News.aspx?NewsID=726266
https://www.setn.com/News.aspx?NewsID=726271
https://www.setn.com/News.aspx?NewsID=713548
https://www.setn.com/News.aspx?NewsID=719090
https://www.setn.com/News.aspx?NewsID=719509
https://www.setn.com/News.aspx?NewsID=725629&p=0
https://www.setn.com/Catalog.aspx?PageGroupID=46
https://www.setn.com/News.aspx?NewsID=681541
https://www.setn.com/News.aspx?NewsID=705685
https://www.setn.com/News.aspx?NewsID=726038
https://www.setn.com/News.aspx?NewsID=725167
https://www.setn.com/News.aspx?NewsID=726202
https://www.setn.com/news.aspx?newsid=726261
https://www.setn.com/News.aspx?NewsID=722719
https://www.setn.com/News.aspx?NewsID=726329
https://www.setn.com/News.aspx?NewsID=713648
https://www.setn.com/News.aspx?NewsID=725701
https://www.setn.com/News.aspx?NewsID=722581
https://www.setn.com/News.aspx?NewsID=725172
https://www.setn.com/News.aspx?NewsID=718285
https://www.setn.com/News.aspx?NewsID=724895
https://www.setn.com/News.aspx?NewsID=724991
https://www.setn.com/News.aspx?NewsID=714904
https://www.setn.com/News.aspx?NewsID=718531
https://www.setn.com/News.aspx?NewsID=725987
https://www.setn.com/News.aspx?NewsID=714538
https://www.setn.com/News.aspx?NewsID=723578
https://www.setn.com/News.aspx?NewsID=710473
https://www.setn.com/News.aspx?NewsID=710495
https://www.setn.com/News.aspx?NewsID=723560
https://www.setn.com/News.aspx?NewsID=726162
https://www.setn.com/News.aspx?NewsID=622893
https://www.setn.com/News.aspx?NewsID=719296
https://www.setn.com/News.aspx?NewsID=708377
https://www.setn.com/News.aspx?NewsID=720403
https://www.setn.com/News.aspx?NewsID=724683
https://www.setn.com/News.aspx?NewsID=690294
https://www.setn.com/News.aspx?NewsID=726138
https://www.setn.com/News.aspx?NewsID=653843
https://www.setn.com/News.aspx?NewsID=725338
https://www.setn.com/News.aspx?NewsID=723069&p=0
https://www.setn.com/News.aspx?NewsID=718299
https://www.setn.com/News.aspx?NewsID=719240
https://www.setn.com/News.aspx?NewsID=684561
https://www.setn.com/News.aspx?NewsID=722973
https://www.setn.com/News.aspx?NewsID=723644
https://www.setn.com/News.aspx?NewsID=723679
https://www.setn.com/News.aspx?NewsID=723842
https://www.setn.com/News.aspx?NewsID=725163
https://www.setn.com/News.aspx?NewsID=715967
https://www.setn.com/News.aspx?NewsID=720754
https://www.setn.com/News.aspx?NewsID=724550
https://www.setn.com/News.aspx?NewsID=725298
https://www.setn.com/News.aspx?NewsID=726109
https://www.setn.com/News.aspx?NewsID=641905
https://www.setn.com/News.aspx?NewsID=688775
https://www.setn.com/News.aspx?NewsID=707402
https://www.setn.com/News.aspx?NewsID=718915
https://www.setn.com/News.aspx?NewsID=723581
https://www.setn.com/News.aspx?NewsID=707918
https://www.setn.com/News.aspx?NewsID=715242
https://www.setn.com/News.aspx?NewsID=720674
https://www.setn.com/News.aspx?NewsID=726107
https://www.setn.com/News.aspx?NewsID=726269
https://www.setn.com/News.aspx?NewsID=707528
https://www.setn.com/News.aspx?NewsID=688420
https://www.setn.com/.
https://www.setn.com/News.aspx?NewsID=715482
https://www.setn.com/News.aspx?NewsID=726060
https://www.setn.com/News.aspx?NewsID=726182
https://www.setn.com/Anchor.aspx?AnchorID=21
https://www.setn.com/News.aspx?NewsID=724415
https://www.setn.com/News.aspx?NewsID=725046
https://www.setn.com/News.aspx?NewsID=725926
https://www.setn.com/News.aspx?NewsID=725249
https://www.setn.com/News.aspx?NewsID=726270
https://www.setn.com/News.aspx?NewsID=635353
https://www.setn.com/News.aspx?NewsID=721782
https://www.setn.com/News.aspx?NewsID=721930
https://www.setn.com/News.aspx?NewsID=700238
https://www.setn.com/News.aspx?NewsID=725080
https://www.setn.com/News.aspx?NewsID=709945
https://www.setn.com/News.aspx?NewsID=721884
https://www.setn.com/News.aspx?NewsID=726039
https://www.setn.com/News.aspx?NewsID=726214
https://www.setn.com/News.aspx?NewsID=719956
https://www.setn.com/News.aspx?NewsID=725286
https://www.setn.com/Anchor.aspx?AnchorID=277
https://www.setn.com/News.aspx?NewsID=667454
https://www.setn.com/News.aspx?NewsID=725340
https://www.setn.com/News.aspx?NewsID=697922
https://www.setn.com/News.aspx?NewsID=710893
https://www.setn.com/News.aspx?NewsID=719422
https://www.setn.com/News.aspx?NewsID=715199
https://www.setn.com/News.aspx?NewsID=725667
https://www.setn.com/News.aspx?NewsID=726206
https://www.setn.com/News.aspx?NewsID=722506
https://www.setn.com/News.aspx?NewsID=722777
https://www.setn.com/News.aspx?NewsID=723225
https://www.setn.com/News.aspx?NewsID=726098
https://www.setn.com/News.aspx?NewsID=705749
https://www.setn.com/News.aspx?NewsID=724668
https://www.setn.com/News.aspx?NewsID=725239
https://www.setn.com/News.aspx?NewsID=724691
https://www.setn.com/News.aspx?NewsID=726049&p=0
https://www.setn.com/News.aspx?NewsID=714344
https://www.setn.com/News.aspx?NewsID=717054
https://www.setn.com/News.aspx?NewsID=718576
https://www.setn.com/News.aspx?NewsID=725342
https://www.setn.com/News.aspx?NewsID=667212
https://www.setn.com/News.aspx?NewsID=725538
https://www.setn.com/News.aspx?NewsID=725936&p=0
https://www.setn.com/News.aspx?NewsID=724312
https://www.setn.com/News.aspx?NewsID=716931
https://www.setn.com/News.aspx?NewsID=339771
https://www.setn.com/News.aspx?NewsID=725582
https://www.setn.com/News.aspx?NewsID=725703&p=0
https://www.setn.com/News.aspx?NewsID=707492
https://www.setn.com/News.aspx?NewsID=720957
https://www.setn.com/News.aspx?NewsID=725749
https://www.setn.com/News.aspx?NewsID=726212
https://www.setn.com/News.aspx?NewsID=697089
https://www.setn.com/News.aspx?NewsID=726026
https://www.setn.com/News.aspx?NewsID=528907
https://www.setn.com/News.aspx?NewsID=693432
https://www.setn.com/News.aspx?NewsID=700649
https://www.setn.com/News.aspx?NewsID=724588
https://www.setn.com/News.aspx?NewsID=723413
https://www.setn.com/News.aspx?NewsID=708199
https://www.setn.com/News.aspx?NewsID=715481
https://www.setn.com/News.aspx?NewsID=723996
https://www.setn.com/News.aspx?NewsID=726347
https://www.setn.com/News.aspx?NewsID=690625
https://www.setn.com/News.aspx?NewsID=725969
https://www.setn.com/News.aspx?NewsID=720312
https://www.setn.com/News.aspx?NewsID=725888
https://www.setn.com/News.aspx?NewsID=23832
https://www.setn.com/News.aspx?NewsID=723967
https://www.setn.com/News.aspx?NewsID=722019
https://www.setn.com/News.aspx?NewsID=723266
https://www.setn.com/News.aspx?NewsID=719448
https://www.setn.com/News.aspx?NewsID=724403
https://www.setn.com/News.aspx?NewsID=726211
https://www.setn.com/Catalog.aspx?PageGroupID=17
https://www.setn.com/News.aspx?NewsID=676313
https://www.setn.com/News.aspx?NewsID=725079
https://www.setn.com/News.aspx?NewsID=726048
https://www.setn.com/News.aspx?NewsID=725908
https://www.setn.com/News.aspx?NewsID=725432
https://www.setn.com/News.aspx?NewsID=718889
https://www.setn.com/News.aspx?NewsID=725309
https://www.setn.com/News.aspx?NewsID=658917
https://www.setn.com/News.aspx?NewsID=726088
https://www.setn.com/News.aspx?NewsID=684229
https://www.setn.com/News.aspx?NewsID=725527
https://www.setn.com/News.aspx?NewsID=725108
https://www.setn.com/News.aspx?NewsID=705573
https://www.setn.com/News.aspx?NewsID=722754
https://www.setn.com/news.aspx?newsid=726064
https://www.setn.com/News.aspx?NewsID=725572
https://www.setn.com/News.aspx?NewsID=721484
https://www.setn.com/News.aspx?NewsID=723048
https://www.setn.com/News.aspx?NewsID=725912
https://www.setn.com/News.aspx?NewsID=725014
https://www.setn.com/News.aspx?NewsID=725143
https://www.setn.com/news.aspx?newsid=726216
https://www.setn.com/News.aspx?NewsID=702398
https://www.setn.com/News.aspx?NewsID=725442
https://www.setn.com/News.aspx?NewsID=240249
https://www.setn.com/News.aspx?NewsID=726368&p=0
https://www.setn.com/News.aspx?NewsID=724955
https://www.setn.com/News.aspx?NewsID=663025
https://www.setn.com/News.aspx?NewsID=724238
https://www.setn.com/News.aspx?NewsID=725158
https://www.setn.com/News.aspx?NewsID=726172&p=0
https://www.setn.com/News.aspx?NewsID=723485
https://www.setn.com/News.aspx?NewsID=673115
https://www.setn.com/News.aspx?NewsID=699409
https://www.setn.com/News.aspx?NewsID=715083
https://www.setn.com/News.aspx?NewsID=726002
https://www.setn.com/News.aspx?NewsID=717880
https://www.setn.com/News.aspx?NewsID=725800
https://www.setn.com/News.aspx?NewsID=726277
https://www.setn.com/News.aspx?NewsID=699793
https://www.setn.com/News.aspx?NewsID=725955
https://www.setn.com/News.aspx?NewsID=726054
https://www.setn.com/News.aspx?NewsID=726074
https://www.setn.com/News.aspx?NewsID=709795
https://www.setn.com/News.aspx?NewsID=688798
https://www.setn.com/News.aspx?NewsID=724964
https://www.setn.com/News.aspx?NewsID=699599
https://www.setn.com/News.aspx?NewsID=722698
https://www.setn.com/News.aspx?NewsID=726313
https://www.setn.com/News.aspx?NewsID=726335&p=0
https://www.setn.com/News.aspx?NewsID=725938
https://www.setn.com/News.aspx?NewsID=697898
https://www.setn.com/News.aspx?NewsID=725966
https://www.setn.com/News.aspx?NewsID=690064
https://www.setn.com/News.aspx?NewsID=701937
https://www.setn.com/Anchor.aspx?AnchorID=305
https://www.setddg.com/PM181122001326067
https://www.setddg.com/Cate00281
https://www.setddg.com/Cate00270
https://www.setddg.com/Cate00238
https://www.setddg.com/PV190401002902825
https://www.setddg.com/Cate00163
https://www.setddg.com/PV190709003347790
https://www.setddg.com/PV191212004641745
https://www.setddg.com/P0000100054766
https://www.setddg.com/PV200324005135698
https://www.setddg.com/Cate00042
https://www.setddg.com/PV190315002344160
https://www.setddg.com/CATE01140
https://www.setddg.com/PV200323005134891
https://www.setddg.com/Cate00138
https://www.setddg.com/Cate00445
https://www.setddg.com/Cate00043
https://www.setddg.com/PM191121004493095
https://www.setddg.com/PV190117001861600
https://www.setddg.com/CATE00676
https://www.setddg.com/PV200122004825331
https://www.setddg.com/PV190519003163810
https://www.setddg.com/Cate00098
https://www.setddg.com/P0000100016513
https://www.setddg.com/PV200320005115437
https://www.setddg.com/wishlist
https://www.setddg.com/CATE01324
https://www.setddg.com/P0000100059917
https://www.setddg.com/PV200410005263227
https://www.setddg.com/PM190104001771119
https://www.setddg.com/PV191017004120264
https://www.setddg.com/PV200324005138790
https://www.setddg.com/Cate00356
https://www.setddg.com/PV200331005183990
https://www.setddg.com/PV190528003210349
https://www.setddg.com/Cate00124
https://www.setddg.com/CATE00538
https://www.setddg.com/Cate00386
https://www.setddg.com/CATE00652
https://www.setddg.com/PM200323005133840
https://www.setddg.com/PV200316005065911
https://www.setddg.com/PV200401005191632
https://www.setddg.com/CATE01191
https://www.setddg.com/Cate00177
https://www.setddg.com/P0000100064085
https://www.setddg.com/Cate00479
https://www.setddg.com/CATE01137
https://www.setddg.com/PV190403002917719
https://www.setddg.com/CATE01139
https://www.setddg.com/shipping-returns
https://www.setddg.com/CATE01262
https://www.setddg.com/PV181214001636112
https://www.setddg.com/CATE00565
https://www.setddg.com/Cate00227
https://www.setddg.com/Cate00082
https://www.setddg.com/CATE01304
https://www.setddg.com/Cate00197
https://www.setddg.com/Cate00347
https://www.setddg.com/PM200324005137784
https://www.setddg.com/PV190910003868086
https://www.setddg.com/CATE01325
https://www.setddg.com/PV191127004532368
https://www.setddg.com/Cate00502
https://www.setddg.com/P0000100003964
https://www.setddg.com/privacy-notice
https://www.setddg.com/PV191220004702729
https://www.setddg.com/PV200326005156276
https://www.setddg.com/CATE00702
https://www.setddg.com/PV181108001250024
https://www.setddg.com/conditions-of-use
https://www.setddg.com/CATE00882
https://www.setddg.com/PV200319005094854
https://www.setddg.com/PM190509003131784
https://www.setddg.com/CATE01190
https://www.setddg.com/CATE01120
https://www.setddg.com/PV190225002089201
https://www.setddg.com/CATE01206
https://www.setddg.com/CATE00871
https://www.setddg.com/PV190730003546230
https://www.setddg.com/Cate00416
https://www.setddg.com/PM200325005147807
https://www.setddg.com/PV191024004255802
https://www.setddg.com/CATE01218
https://www.setddg.com/Cate00381
https://www.setddg.com/PV191226004731470
http://line.naver.jp/ti/p/%40igood
https://www.setddg.com/Cate00493
https://www.setddg.com/P0000100042428
https://www.setddg.com/Cate00269
https://www.setddg.com/CATE01323
https://www.setddg.com/Cate00411
https://www.setddg.com/Cate00168
https://www.setddg.com/PM181002001007075
https://www.setddg.com/Cate00412
https://www.setddg.com/PV190825003713271
https://www.setddg.com/PV200310005020987
https://www.setddg.com/CATE00677
https://www.setddg.com/CATE01128
https://www.setddg.com/Cate00263
https://www.setddg.com/Cate00405
https://www.setddg.com/CATE01215
https://www.setddg.com/PV200224004925364
https://www.setddg.com/Cate00329
https://www.setddg.com/CATE00559
https://www.setddg.com/PM200225004933932
https://www.setddg.com/Cate00221
https://www.setddg.com/Cate00090
https://www.setddg.com/PV190910003864856
https://www.setddg.com/Cate00346
https://www.setddg.com/Cate00312
https://www.setddg.com/sitemap
https://www.setddg.com/CATE00537
https://www.setddg.com/CATE00547
https://www.setddg.com/Cate00429
https://www.setddg.com/Cate00475
https://www.setddg.com/Cate00062
https://www.setddg.com/Cate00258
https://www.setddg.com/P0000100064099
https://www.setddg.com/register
https://www.setddg.com/PM200211004873061
https://www.setddg.com/applyvendor
https://www.setddg.com/CATE00576
https://www.setddg.com/Cate00363
https://www.setddg.com/PV190321002405094
https://www.setddg.com/PV190903003800847
https://www.setddg.com/CATE00523
https://www.setddg.com/Cate00104
https://www.setddg.com/CATE00963
https://www.setddg.com/PV190411002987768
https://www.setddg.com/CATE00918
https://www.setddg.com/Cate00476
https://www.setddg.com/PV191023004236212
https://www.setddg.com/PV190815003641298
https://www.setddg.com/CATE00567
https://www.setddg.com/CATE00581
