https://opinion.udn.com/opinion/index
https://udn.com/news/story/7321/4494570?from=udn-catehotnews_ch2
https://udn.com/news/cate/1015
https://udncollege.udn.com/
https://global.udn.com/global_vision/index
https://udesign.udnfunlife.com/mall/Cc1a00.do?sid=91_udn&utm_source=udn.com&utm_medium=referral_familybar_udn&utm_term=familybar_udn&utm_campaign=20170118_UDN
https://nba.udn.com/nba/index
https://udn.com/news/index
https://udn.com/news/story/7321/4494093?from=udn-catehotnews_ch2
https://udn.com/news/cate/2/120909
http://reading.udn.com/v2/bookMain.do
http://mobile.udn.com/
https://running.udn.com/
https://ubrand.udn.com/ubrand/index
https://apps.apple.com/tw/app/id370132213?l=zh
https://udn.com/topic/index
https://udn.com/news/story/7320/4495684?from=udn-relatednews_ch2
https://upoints.udn.com/upt/index.jsp?utm_source=head
https://utravel.udn.com/
https://tickets.udnfunlife.com/application/utk01/utk0101_.aspx?sid=91_udn&utm_source=udn.com&utm_medium=referral_familybar_udn&utm_term=familybar_udn&utm_campaign=20170118_UDN
https://udn.com/news/cate/2/7225
http://www.udngroup.com/
https://udn.com/news/story/6809/4494113?from=udn-referralnews_ch2artbottom
https://hiking.udn.com/
https://udn.com/news/cate/2/12659
http://www.udngroup.com/members/udn_privacy
https://udn.com/news/cate/2/6639
https://udn.com/news/story/7320/4494915?from=udn-relatednews_ch2
https://udn.com/news/cate/2/6645
http://blog.udn.com
https://udn.com/news/story/7320/4495629?from=udn-relatednews_ch2
https://udnfunlife.com/?utm_source=udn.com&utm_medium=familybar
http://co.udn.com/co/contactus
https://health.udn.com/health/index
http://unitas.udngroup.com.tw/
https://udn.com/news/story/7320/4495070?from=udn-relatednews_ch2
https://www.cens.com/cens/html/zh/?utm_source=udn&utm_medium=ref_familybar_udn&utm_term=familybar_udn
https://money.udn.com/money/index
https://udn.com/news/story/7320/4495070?from=udn-referralnews_ch2artbottom
https://udn.com/news/cate/2/6643
https://udn.com/news/breaknews/1
https://udn.com/news/story/7320/4495754?from=udn-ch1_breaknews-1-0-news
https://udn.com/search/tagging/2/台中市
https://uevent.udnfunlife.com/?utm_source=udn.com&utm_medium=familybar
https://udn.com/news/story/7320/4494835?from=udn-relatednews_ch2
http://event.udn.com/index/index.html
https://udn.com/news/cate/2/11195
https://udn.com/news/story/7320/4495584?from=udn-relatednews_ch2
http://www.udngroup.com/activies/subscription_info
https://ulicensing.udnfunlife.com/?utm_source=udn.com&utm_medium=familybar
https://www.worldjournal.com/
https://udn.com/news/cate/2/6641
https://udn.com/news/story/7320/4493564?from=udn-catehotnews_ch2
https://event.udn.com/line/
https://style.udn.com/style/index
https://udn.com/news/cate/1013
https://udn.com/news/archive
https://udn.com/news/story/120912/4494486?from=udn-referralnews_ch2artbottom
http://www.unitas.me/
https://udn.com/news/cate/2/6649
https://shopping.udn.com/mall/Cc1a00.do?sid=91_udn&utm_source=udn.com&utm_medium=referral_familybar_udn&utm_term=familybar_udn&utm_campaign=20150103_UDN
https://udn.com/news/cate/2/7226
https://udn.com/news/story/7320/4495727?from=udn-relatednews_ch2
https://udn.com/news/story/7320/4494660?from=udn-relatednews_ch2
https://paper.udn.com/
https://member.udn.com
https://udn.com/news/story/7321/4493954?from=udn-catehotnews_ch2
https://udn.com/search/tagging/2/竊盜
https://udn.com/news/cate/2/6644
https://stars.udn.com/star/story/10092/4494237?from=udn-referralnews_ch2artbottom
https://global.udn.com/global_vision/story/8664/4490470
https://udn.com/ctba/index
https://autos.udn.com/autos/index
https://udn.com/news/cate/2/7227
https://udn.com/news/story/7320/4494660?from=udn-catehotnews_ch2
http://blog.udn.com/
https://udn.com/rank/pv/2/6639
https://udn.com/news/story/7320/4493260?from=udn-catehotnews_ch2
https://udn.com/news/story/7320/4495752?from=udn-relatednews_ch2
https://udn.com/news/story/7320/4495754?from=udn-relatednews_ch2
https://udn.com/news/story/7320/4495708?from=udn-relatednews_ch2
https://udn.com/news/cate/2/120882
https://udn.com/news/cate/2/6638
https://udn.com/news/cate/2/6640
https://udn.com/news/story/7320/4494801?from=udn-relatednews_ch2
