https://www.ettoday.net/news/20200609/1733297.htm
https://www.ettoday.net/news/20200617/1740172.htm?from=pctaglist 
https://www.ettoday.net/news/tag/詐騙/
https://speed.ettoday.net/news/1606797
https://www.ettoday.net/news/20180510/1166575.htm?feature=尹食堂&tab_id=1413
https://www.ettoday.net/news/20200322/1673506.htm
https://www.ettoday.net/news/20200610/1734602.htm?from=pctaglist 
https://www.ettoday.net/news/20200611/1735141.htm
https://www.ettoday.net/news/20200611/1735560.htm?from=pctaglist 
https://www.ettoday.net/news/20200612/1736408.htm?from=pctaglist 
https://www.ettoday.net/news/20200617/1739828.htm?from=pctaglist 
https://www.ettoday.net/news/tag/5G認證/
https://www.ettoday.net/news/tag/Xperia 1 II/
https://www.ettoday.net/news/tag/山羌/
https://www.ettoday.net/news/tag/龜山島開放觀光20周年慶/
https://travel.ettoday.net/focus/日本旅遊/
https://www.ettoday.net/news/20181006/1275440.htm?feature=ufo&tab_id=940
https://www.ettoday.net/news/20191019/1560242.htm?feature=大老闆傳奇-尹衍樑&tab_id=13274
https://www.ettoday.net/news/20200122/1630847.htm?from=feature
https://www.ettoday.net/news/20200603/1719082.htm?from=pctaglist 
https://www.ettoday.net/news/20200611/1735778.htm?from=pctaglist 
https://www.ettoday.net/news/20200617/1739635.htm
https://house.ettoday.net/news/1448718
https://speed.ettoday.net/news/1726294
https://www.ettoday.net/https://t.co/QFoICeOJfX
https://www.ettoday.net/news/20170628/954738.htm?feature=ufo&tab_id=942
https://www.ettoday.net/news/20191202/1592539.htm?from=pctaglist 
https://www.ettoday.net/news/20200601/1726866.htm
https://www.ettoday.net/news/tag/張世賢/
https://house.ettoday.net/focus/投資新據點/
https://www.ettoday.net/dalemon/editor-news/142/6
https://www.ettoday.net/dalemon/post/48805
https://www.ettoday.net/news/20181112/1303855.htm?feature=ufo&tab_id=942
https://www.ettoday.net/news/20200418/1693468.htm
https://www.ettoday.net/news/20200517/1716126.htm
https://www.ettoday.net/news/20200605/1730740.htm?from=pctaglist 
https://www.ettoday.net/news/tag/watchOS 7/
https://www.ettoday.net/news/tag/屍戰朝鮮/
https://www.ettoday.net/news/tag/日本富士通/
https://www.ettoday.net/news/tag/林修銘/
https://house.ettoday.net/news/1728442
https://speed.ettoday.net/news/1735311?from=fb_extd
https://www.ettoday.net/news/20190822/1518587.htm
https://www.ettoday.net/news/20190905/1527567.htm
https://www.ettoday.net/news/20191130/1579563.htm?from=pctaglist 
https://www.ettoday.net/news/20200423/1698723.htm?from=pctaglist 
https://www.ettoday.net/news/20200524/1721251.htm
https://www.ettoday.net/news/20200610/1734065.htm
https://www.ettoday.net/news/20200617/1734077.htm?from=pctaglist 
https://www.ettoday.net/news/tag/SOD/
https://www.ettoday.net/news/tag/花郎/
https://health.ettoday.net/news/1011941
https://www.ettoday.net/news/20191203/1593193.htm
https://www.ettoday.net/news/20200318/1670590.htm?from=pctaglist 
https://www.ettoday.net/news/20200401/1682023.htm?from=pctaglist 
https://www.ettoday.net/news/20200610/1734704.htm
https://www.ettoday.net/news/20200616/1738771.htm?from=pctaglist 
https://www.ettoday.net/news/tag/張宏陸/
https://www.ettoday.net/news/tag/示威/
https://www.ettoday.net/news/tag/總經理/
https://health.ettoday.net/news/671397
https://www.ettoday.net/dalemon/post/	50019	?from=pb_	ter	
https://www.ettoday.net/news/20160305/657615.htm?feature=ufo&tab_id=944
https://www.ettoday.net/news/20181211/1328299.htm?feature=ufo&tab_id=938
https://www.ettoday.net/news/20200114/1625479.htm?from=pctaglist 
https://www.ettoday.net/news/20200522/1720195.htm?from=pctaglist 
https://www.ettoday.net/news/20200601/1725975.htm?from=pctaglist 
https://www.ettoday.net/news/20200613/1736984.htm?from=pctaglist 
https://www.ettoday.net/news/tag/PlayStation 5/
https://www.ettoday.net/news/tag/到對岸走走/
https://www.ettoday.net/news/tag/少棒/
https://travel.ettoday.net/category/台南美食/?&page=7
https://www.ettoday.net/feature/2020%E4%B8%96%E7%95%8C%E6%96%B0%E8%BB%8A%E5%A4%A7%E5%B1%95
https://www.ettoday.net/news/20180824/1243481.htm?feature=颱風&tab_id=1269
https://www.ettoday.net/news/20181007/1275444.htm?feature=ufo&tab_id=940
https://www.ettoday.net/news/20200602/1727610.htm?from=pctaglist 
https://www.ettoday.net/news/20200617/1739474.htm?ercamp=sorted_hot_news
https://speed.ettoday.net/news/1719153
https://www.ettoday.net/dalemon/post/50730
https://www.ettoday.net/dalemon/tag/厲陰宅
https://www.ettoday.net/news/20180823/1242711.htm?feature=颱風&tab_id=1269
https://www.ettoday.net/news/20191203/1593261.htm?from=feature
https://www.ettoday.net/news/20200401/1682076.htm
https://www.ettoday.net/news/20200615/1737875.htm?ercamp=sorted_hot_news
https://www.ettoday.net/news/tag/六龜/
https://www.ettoday.net/news/tag/契爾氏/
https://www.ettoday.net/news/tag/補貼/
https://health.ettoday.net/category/醫藥新聞/2
https://www.ettoday.net/dalemon/post/48742
https://www.ettoday.net/news/20190421/1426972.htm?from=pctaglist 
https://www.ettoday.net/news/20200617/1734078.htm
https://forum.ettoday.net/news/1733547
https://health.ettoday.net/news/1247533
https://www.ettoday.net/feature/ufo/944/2
https://www.ettoday.net/news/20160815/755979.htm?feature=ufo&tab_id=945
https://www.ettoday.net/news/20181030/1290371.htm?from=feature
https://www.ettoday.net/news/20190430/1434099.htm
https://www.ettoday.net/news/20190730/1501563.htm
https://www.ettoday.net/news/20191126/1587794.htm
https://www.ettoday.net/news/20200120/1629897.htm
https://www.ettoday.net/news/20200316/1668914.htm
https://www.ettoday.net/news/20200531/1726738.htm?from=pctaglist 
https://www.ettoday.net/news/20200607/1732047.htm?from=pctaglist 
https://www.ettoday.net/news/20200617/1740259.htm
https://www.ettoday.net/news/20200617/1740306.htm
https://www.ettoday.net/news/tag/新聞/
https://travel.ettoday.net/category/高雄美食/
https://www.ettoday.net/dalemon/tag/假面/4
https://www.ettoday.net/feature/%E6%96%87%E9%87%91%E6%9C%83
https://www.ettoday.net/news/20190708/1485154.htm
https://www.ettoday.net/news/20191129/1591001.htm?from=feature
https://www.ettoday.net/news/20200605/1730918.htm?from=pctaglist 
https://www.ettoday.net/news/20200611/1735504.htm?from=pctaglist 
https://www.ettoday.net/news/focus/3C家電/家電/
https://www.ettoday.net/news/tag/Kiehl’s/
https://www.ettoday.net/news/tag/TWICE/
https://speed.ettoday.net/focus/國內車市
https://www.ettoday.net/dalemon/post/47924
https://www.ettoday.net/dalemon/post/48493
https://www.ettoday.net/news/20191009/1553617.htm?from=pctaglist 
https://www.ettoday.net/news/20200211/1642788.htm?from=pctaglist 
https://www.ettoday.net/news/20200605/1731060.htm
https://www.ettoday.net/news/20200609/1733373.htm?from=pctaglist 
https://www.ettoday.net/news/20200610/1734364.htm?from=pctaglist 
https://www.ettoday.net/news/20200616/1739409.htm?ercamp=sorted_hot_news
https://www.ettoday.net/news/20200617/1739522.htm?ercamp=sorted_hot_news
https://www.ettoday.net/news/tag/iPhone SE/
https://www.ettoday.net/news/tag/台灣萊雅/
https://www.ettoday.net/news/tag/大樓/
https://www.ettoday.net/news/tag/彩妝/
https://www.ettoday.net/news/tag/王晉禮/
https://forum.ettoday.net/column/news/錢世傑
https://forum.ettoday.net/news/1734470
https://forum.ettoday.net/news/1735546
https://forum.ettoday.net/news/1738723
https://www.ettoday.net/news/20190318/1401721.htm?from=pctaglist 
https://health.ettoday.net/news/1138917
https://health.ettoday.net/news/769846
https://travel.ettoday.net/article/1708988.htm
https://travel.ettoday.net/category/台灣小吃/?&page=7
https://www.ettoday.net/news/20180207/1109220.htm?feature=地震&tab_id=1496
https://www.ettoday.net/news/20190906/1529797.htm
https://www.ettoday.net/news/20191015/1557083.htm
https://www.ettoday.net/news/20200525/1722401.htm
https://www.ettoday.net/news/20200528/1724251.htm?from=pctaglist 
https://www.ettoday.net/news/20200609/1734012.htm
https://www.ettoday.net/news/20200610/1734094.htm
https://pets.ettoday.net/video/125/219156?autopage
https://www.ettoday.net/dalemon/tag/運勢/7
https://www.ettoday.net/feature/ufo/942?tt=金字塔
https://www.ettoday.net/news/20190717/1492417.htm?from=pctaglist 
https://www.ettoday.net/news/20200121/1630429.htm
https://www.ettoday.net/news/tag/卓越成功/
https://forum.ettoday.net/news/1681557
https://health.ettoday.net/category_tag/失智海嘯來襲
https://travel.ettoday.net/category/台灣小吃/?&page=13
https://www.ettoday.net/dalemon/post/50737
https://www.ettoday.net/news/20180116/1093939.htm
https://www.ettoday.net/news/20190614/1467672.htm?from=pctaglist 
https://www.ettoday.net/news/20191127/1589150.htm
https://www.ettoday.net/news/20200320/1672605.htm
https://www.ettoday.net/news/20200602/1728135.htm?from=pctaglist 
https://www.ettoday.net/news/20200604/1729790.htm?from=pctaglist 
https://www.ettoday.net/news/tag/希爾思/
https://www.ettoday.net/news/tag/神仙水/
https://www.ettoday.net/news/tag/罷免/
https://www.ettoday.net/dalemon/post/48213
https://www.ettoday.net/news/20180202/1105736.htm?from=feature
https://www.ettoday.net/news/20180916/1260037.htm?from=pctaglist 
https://www.ettoday.net/news/20181101/1295321.htm?feature=ufo&tab_id=939
https://www.ettoday.net/news/20200211/1638265.htm
https://www.ettoday.net/news/20200615/1738168.htm
https://www.ettoday.net/news/20200616/1739362.htm
https://www.ettoday.net/news/20200617/1740117.htm
https://www.ettoday.net/news/tag/4驅/
https://www.ettoday.net/news/tag/稍息立正我愛你/
https://travel.ettoday.net/category/台北美食/
https://www.ettoday.net/news/20130708/237643.htm?from=pctaglist 
https://www.ettoday.net/news/20180509/1166241.htm?feature=ufo&tab_id=941
https://www.ettoday.net/news/20180810/1232492.htm?from=feature
https://www.ettoday.net/news/20191114/1580160.htm?from=pctaglist 
https://www.ettoday.net/news/20191212/1600738.htm?from=pctaglist 
https://www.ettoday.net/news/20200319/1671162.htm?from=pctaglist 
