https://www.ettoday.net/news/20200316/1668419.htm?from=pctaglist 
https://www.ettoday.net/news/20200414/1691086.htm
https://www.ettoday.net/news/20200415/1692369.htm
https://boba.ettoday.net/video/274/610/194536
https://sports.ettoday.net/news-search.phtml?keywords=NBA
https://www.ettoday.net/dalemon/editor-news/197
https://www.ettoday.net/dalemon/post/48897
https://www.ettoday.net/feature/daejongfilmawards
https://www.ettoday.net/news/20190709/1486240.htm?from=pctaglist 
https://www.ettoday.net/news/20200220/1649862.htm?from=pctaglist 
https://www.ettoday.net/news/20200228/1656278.htm?feature=聲林之王&tab_id=4741
https://www.ettoday.net/news/20200408/1686372.htm?from=feature
https://health.ettoday.net/news/1691391
https://www.ettoday.net/news/20161106/806268.htm?from=pctaglist 
https://www.ettoday.net/news/20200413/1690144.htm
https://www.ettoday.net/news/focus/國際/國際政經/
https://fashion.ettoday.net/feature/432
https://star.ettoday.net/news/1692491
https://www.ettoday.net/news/20181213/1330069.htm
https://www.ettoday.net/news/20200415/1691929.htm?from=feature
https://www.ettoday.net/news/20181206/1312258.htm?from=pctaglist 
https://www.ettoday.net/news/20200416/1692553.htm?ercamp=sorted_hot_news
https://www.ettoday.net/news/20190404/1415617.htm?from=feature
https://www.ettoday.net/news/20200416/1691563.htm
https://www.ettoday.net/news/20200416/1692588.htm
https://boba.ettoday.net/video/274/561/123306
https://events.ettoday.net/activity/dalemon_Shitpost/article/26263/last
https://events.ettoday.net/activity/dalemon_Star/rules
https://star.ettoday.net/news/1689382
https://travel.ettoday.net/album.php?album_id=16306
https://www.ettoday.net/feature/ufo/940/3
https://www.ettoday.net/news/20190401/1412713.htm?from=pctaglist 
https://www.ettoday.net/news/20190412/1419311.htm?from=feature
https://www.ettoday.net/news/20191106/1574034.htm?from=pctaglist 
https://health.ettoday.net/news/1681741
https://sports.ettoday.net/news-search.phtml?keywords=中華職棒
https://www.ettoday.net/news/20190704/1481911.htm?feature=ufo&tab_id=939
https://sports.ettoday.net/news-search.phtml?keywords=運彩
https://sports.ettoday.net/news/1692549
https://www.ettoday.net/news/20200304/1659840.htm?from=pctaglist 
https://www.mirrormedia.mg/story/20200414ent005/index.html?utm_source=feed_related&amp;utm_medium=ettoday
https://zh.wikipedia.org/wiki/%E9%83%AD%E5%8F%B0%E9%8A%98
https://events.ettoday.net/activity/dalemon_Yummy/article/31605/last
https://www.ettoday.net/news/20200322/1672934.htm?from=pctaglist 
https://www.ettoday.net/news/20200410/1688351.htm?from=feature
https://www.ettoday.net/news/20200411/1689329.htm?from=feature
https://www.ettoday.net/news/20200415/1692164.htm?from=feature
https://www.ettoday.net/news/20200415/1692417.htm
https://speed.ettoday.net/news/1691653
https://travel.ettoday.net/article/1692794.htm
https://www.ettoday.net/news/20200404/1683764.htm?from=pctaglist 
https://www.ettoday.net/news/20200413/1689975.htm?ercamp=sorted_hot_news
https://www.ettoday.net/news/20200415/1691887.htm
https://events.ettoday.net/activity/dalemon_inlove/article/26731/last
https://travel.ettoday.net/category/遊輪旅遊/
https://www.ettoday.net/dalemon/post/48655
https://www.ettoday.net/feature/index/0/9
https://www.ettoday.net/news/20200401/1681968.htm
https://www.ettoday.net/news/20200414/1690725.htm
https://www.ettoday.net/news/20200414/1691590.htm
https://www.ettoday.net/news/tag/暴力/
https://newtalk.tw/citizen/view/56191
https://sports.ettoday.net/news-list/籃球/SBL、WSBL
https://www.ettoday.net/news/20200219/1649116.htm?from=feature
https://www.ettoday.net/news/20200331/1679733.htm?feature=行銷雲&tab_id=14418
https://www.ettoday.net/news/20200416/1692592.htm?ercamp=sorted_hot_news
https://www.ettoday.net/news/20151224/618261.htm?from=pctaglist 
https://www.ettoday.net/news/20171130/1058103.htm?feature=膝蓋痛&tab_id=9447
https://www.ettoday.net/news/20200328/1678743.htm?feature=習近平&tab_id=4458
https://www.ettoday.net/news/focus/大陸/華聞快遞/
https://events.ettoday.net/activity/dalemon_readbeanQQ?from=lemon_solicit
https://star.ettoday.net/news/1690373
https://travel.ettoday.net/category/航空動態/
https://www.ettoday.net/news/20191227/1611615.htm?feature=ufo&tab_id=943
https://www.ettoday.net/news/20200323/1674690.htm?feature=戴資穎&tab_id=1236
https://www.ettoday.net/news/20200405/1684127.htm?from=pctaglist 
https://www.ettoday.net/news/20200416/1692621.htm?ercamp=sorted_hot_news
https://forum.ettoday.net/column/news/鍾文榮
https://sports.ettoday.net/news-list/棒球/MLB/2
https://star.ettoday.net/news/1692526
https://star.ettoday.net/news/1692715
https://travel.ettoday.net/article/1446217.htm
https://www.ettoday.net/news/tag/台中第二警分局/
https://newtalk.tw/news/view/2020-04-15/391728
https://speed.ettoday.net/tag.phtml?tag=ETHummer
https://www.ettoday.net/feature/ufo/944/3
https://boba.ettoday.net/videonews/210087?from=sports_pc_sidebar_bobahot
https://www.ettoday.net/news/20190319/1402497.htm?feature=ufo&tab_id=938
https://www.ettoday.net/news/20200415/1692437.htm
https://www.ettoday.net/news/tag/狗/
https://boba.ettoday.net/video/274/726/199869
https://health.ettoday.net/news/1685087
https://star.ettoday.net/news/1692640
https://www.ettoday.net/news/20200301/1656483.htm?from=pctaglist 
https://www.ettoday.net/news/20200414/1690844.htm?ercamp=sorted_hot_news
https://www.ettoday.net/dalemon/post/49338
https://www.ettoday.net/feature/covid19/14404?tt=大陸戰疫
https://www.ettoday.net/news/20200302/1657711.htm
https://www.ettoday.net/news/20200402/1681012.htm?from=pctaglist 
https://www.ettoday.net/news/20200415/1692311.htm
https://travel.ettoday.net/focus/日本旅遊/
https://www.ettoday.net/news/20191225/1603555.htm?from=pctaglist 
https://www.ettoday.net/news/20200312/1666125.htm?from=feature
https://www.ettoday.net/feature/covid19/14406?tt=世界疫情
https://www.ettoday.net/news/20200121/1630612.htm?feature=大老闆傳奇-尹衍樑&tab_id=13274
https://www.ettoday.net/news/20200416/1692575.htm
https://www.ettoday.net/news/tag/首相/
https://boba.ettoday.net/video/266/479/209471
https://sports.ettoday.net/news-list/棒球/中職
https://sports.ettoday.net/news-list/競技/技擊、球類/4
https://boba.ettoday.net/videonews/206650
https://fashion.ettoday.net/news/1691986
https://boba.ettoday.net/sub_category/274/561/135575
https://fashion.ettoday.net/news/1692310
https://movies.ettoday.net/ticket/1
https://sports.ettoday.net/news-search.phtml?keywords=大聯盟
https://sports.ettoday.net/news-list/競技/技擊、球類/3
https://feedburner.google.com/fb/a/mailverify?uri=ettoday/speed&loc=zh_TW
https://star.ettoday.net/news/1682808
https://boba.ettoday.net/video/274/564/138440
https://star.ettoday.net/news/1692748
https://boba.ettoday.net/videonews/204590
https://star.ettoday.net/news/1692529
https://boba.ettoday.net/video/274/610/189929
https://fashion.ettoday.net/news/1689836/
https://boba.ettoday.net/video/33/406/70933
https://boba.ettoday.net/videonews/204605
https://boba.ettoday.net/video/274/610/193490
https://star.ettoday.net/news/1691594
https://fashion.ettoday.net/focus/奢逸
https://www.ctwant.com/article/46150?utm_source=ettoday&amp;utm_medium=rss&amp;utm_campaign=46160
https://fashion.ettoday.net/focus/生活/2
https://sports.ettoday.net/news/1689908
https://star.ettoday.net/news/1692416
https://boba.ettoday.net/video/33/174/206510
https://star.ettoday.net/news/1687580
https://fashion.ettoday.net/news/1689378/
https://star.ettoday.net/media/229/210153
https://sports.ettoday.net/news/1691886
https://theme.udn.com/theme/story/6774/4397698
https://star.ettoday.net/news/1691570
https://boba.ettoday.net/videonews/206031
https://boba.ettoday.net/videonews/209520
https://events.ettoday.net/activity/dalemon_inlove/article/31901/last
https://sports.ettoday.net/news/1692618
https://events.ettoday.net/activity/ghost2018
https://fashion.ettoday.net/news/1691630
https://boba.ettoday.net/video/266/478/207628
https://boba.ettoday.net/video_tag/新冠肺炎
https://newtalk.tw/news/view/2020-04-16/392214
https://feedburner.google.com/fb/a/mailverify?uri=ettoday/charity&loc=zh_TW
https://feedburner.google.com/fb/a/mailverify?uri=ettoday/finance&loc=zh_TW
https://line.naver.jp/ti/p/%40udnnews
https://events.ettoday.net/activity/dalemon_Shitpost/article/31955/last
https://star.ettoday.net/news/1692561
https://events.ettoday.net/activity/dalemon_inlove/article/26068/last
https://fashion.ettoday.net/news/1688693/
https://events.ettoday.net/activity/dalemon_horror?from=lemon_solicit
https://sports.ettoday.net/news/1692745
https://movies.ettoday.net/news/1692563
https://sports.ettoday.net/news/1692746
https://boba.ettoday.net/video/266/477/205704
https://fashion.ettoday.net/focus/生活/7
https://events.ettoday.net/activity/dalemon_horror/article/30824/last
https://fashion.ettoday.net/news/1687870/
https://boba.ettoday.net/video/274/561/134298
https://boba.ettoday.net/videonews/200011
https://events.ettoday.net/activity/dalemon_Yummy/article/26413/last
https://feedburner.google.com/fb/a/mailverify?uri=ettoday/sport&loc=zh_TW
https://boba.ettoday.net/video/274/564/138175
https://fashion.ettoday.net/news/1679946
https://fashion.ettoday.net/news/1692323
https://fashion.ettoday.net/feature/433
https://junglevoice.ettoday.net/form.php
https://sports.ettoday.net/news/1691242
https://star.ettoday.net/media/13/39558
https://boba.ettoday.net/video/274/561/136889
https://boba.ettoday.net/video_tag/國際
https://boba.ettoday.net/videonews/201331
http://www.emic.com.tw/www/index.php?action=adv&amp;id=209
https://movies.ettoday.net/news_list/384/1
https://sports.ettoday.net/news-list/棒球/MLB/3
https://boba.ettoday.net/sub_category/229/720
https://boba.ettoday.net/videonews/172097
https://boba.ettoday.net/sub_category/233/254/187841
https://events.ettoday.net/activity/dalemon_work/article/25471/last
https://fashion.ettoday.net/focus/時尚/2
https://sports.ettoday.net/sport-category/籃球
https://sports.ettoday.net/game-list?gameList_year=2020&gameList_month=4&gameList_day=12
https://udn.com/page/topic/185
https://events.ettoday.net/activity/ettoday88submit/167
https://fashion.ettoday.net/news/1692440/
https://udn.com/news/index
https://events.ettoday.net/activity/dalemon_readbeanQQ/article/26083/last
https://sports.ettoday.net/news/1692493
https://sports.ettoday.net/sport-category/新聞
https://sports.ettoday.net/news-list/棒球/MLB/4
https://theme.udn.com/theme/story/6774/4394966
https://boba.ettoday.net/videonews/195078
https://fashion.ettoday.net/focus/潮流/19
https://boba.ettoday.net/video/266/478/206726
https://theme.udn.com/theme/story/6774/4383872
https://events.ettoday.net/activity/dalemon_Yummy/article/25945/last
https://events.ettoday.net/activity/dalemon_Star/article/23515/last
https://fashion.ettoday.net/focus/名人/7
https://boba.ettoday.net/videonews/209651
https://boba.ettoday.net/videonews/203557
https://movies.ettoday.net/news/1690277
https://zh.wikipedia.org/wiki/想見你_(電視劇)
https://line.me/R/ti/p/g6OWv1nBoC
https://newtalk.tw/about
https://sports.ettoday.net/sport-category/足球
https://fashion.ettoday.net/news/1691649/
https://movies.ettoday.net/news/1689339
https://star.ettoday.net/news/1691511
https://boba.ettoday.net/video/266/466/202615
https://boba.ettoday.net/video_tag/社會
https://sports.ettoday.net/news-list/競技/技擊、球類/2
https://events.ettoday.net/app/appCollect/push.phtml?appCollect_id=15
https://sports.ettoday.net/video/278/210002
https://boba.ettoday.net/sub_category/274/726
https://events.ettoday.net/activity/dalemon_Star/article/24252/last
https://sports.ettoday.net/news-list/足球/台灣足球
https://boba.ettoday.net/video_tag/黑人
https://theme.udn.com/theme/story/6774/4396929
https://events.ettoday.net/activity/dalemon_work/180/last/5
https://events.ettoday.net/activity/dalemon_horror/article/32075/last
https://sports.ettoday.net/news-list/競技/技擊、球類/5
https://events.ettoday.net/activity/dalemon_inlove/article/26128/last
https://sports.ettoday.net/news/1691942
https://events.ettoday.net/activity/dalemon_horror/article/25349/last
https://fashion.ettoday.net/news/1691052/
https://running.udn.com/
https://theme.udn.com/theme/story/6774/4356555
https://star.ettoday.net/news/1692702
https://boba.ettoday.net/videonews/209648
https://newtalk.tw/citizen/view/56193
https://sports.ettoday.net/news/1691991
https://fashion.ettoday.net/focus/愛情
https://boba.ettoday.net/video/266/466/206591
https://events.ettoday.net/activity/dalemon_inlove/article/26114/last
https://feedburner.google.com/fb/a/mailverify?uri=ettoday/star&loc=zh_TW
https://sports.ettoday.net/news/1692252
https://boba.ettoday.net/videonews/208363
https://fashion.ettoday.net/focus/名人
https://boba.ettoday.net/category/234
https://boba.ettoday.net/video/274/610/188798
https://feedburner.google.com/fb/a/mailverify?uri=ettoday/fortune&loc=zh_TW
https://oops.udn.com
https://sports.ettoday.net/news-list/棒球/中職/9
https://events.ettoday.net/activity/dalemon_inlove/article/27961/last
https://fashion.ettoday.net/news/1686975/
https://boba.ettoday.net/videonews/140349
https://boba.ettoday.net/videonews/201785
https://fashion.ettoday.net/focus/美麗
https://feedburner.google.com/fb/a/mailverify?uri=ettoday/health&loc=zh_TW
https://newtalk.tw/news/view/2020-04-16/392229
https://star.ettoday.net/news/1692062
https://events.ettoday.net/activity/dalemon_inlove/article/32032/last
https://events.ettoday.net/activity/dalemon_inlove/rules
https://fashion.ettoday.net/news/1692323/
https://boba.ettoday.net/video/33/174/209362
https://star.ettoday.net/news-focus/韓星爆爆/424
https://fashion.ettoday.net/news/1686418/
https://newtalk.tw/news/view/2020-04-16/392226
https://boba.ettoday.net/video/266/466/209369
https://events.ettoday.net/depth-report/Xmas2019/index.html?from=fashion-pc-menu
http://www.emic.com.tw/www/index.php?action=adv&id=209
https://fashion.ettoday.net/news/1680326/
https://theme.udn.com/theme/story/6774/4353824
https://movies.ettoday.net/news/1692413
https://newtalk.tw/news/view/2020-04-14/390994
https://boba.ettoday.net/videonews/209135
https://boba.ettoday.net/videonews/172120
https://events.ettoday.net/activity/dalemon_horror/182/last/2
https://events.ettoday.net/activity/dalemon_readbeanQQ/191/last/3
https://zh.wikipedia.org/wiki/%E6%88%B4%E8%B3%87%E7%A9%8E
https://boba.ettoday.net/video/274/561/136856
https://star.ettoday.net/news-focus/電視/51
https://sports.ettoday.net/news/1691854
https://boba.ettoday.net/sub_category/266/479
https://boba.ettoday.net/sub_category/274/561/127640
https://boba.ettoday.net/videonews/128174
https://udn.com/page/topic/871
https://events.ettoday.net/activity/dalemon_inlove/article/26803/last
https://udncollege.udn.com
https://newtalk.tw/news/view/2020-04-16/374446
https://theme.udn.com/theme/story/6774/4390092
https://junglevoice.ettoday.net/news.php
https://newtalk.tw/news/view/2020-04-15/391663
https://feedburner.google.com/fb/a/mailverify?uri=ettoday/netsearch&loc=zh_TW
https://newtalk.tw/contact
https://events.ettoday.net/activity/dalemon_horror/article/25856/last
https://newtalk.tw/news/view/2018-04-20/121587
https://events.ettoday.net/activity/dalemon_readbeanQQ/article/26127/last
https://events.ettoday.net/activity/dalemon_horror/article/31908/last
https://events.ettoday.net/activity/dalemon_inlove/article/26071/last
https://theme.udn.com/theme/story/6774/4383979
https://hiking.udn.com/
https://events.ettoday.net/activity/dalemon_Shitpost/article/26798/last
https://events.ettoday.net/activity/dalemon_work/180/last/2
https://www.hpa.gov.tw/Home/Index.aspx
https://events.ettoday.net/activity/dalemon_horror/article/25952/last
https://newtalk.tw/news/view/2020-04-15/391645
https://www.youtube.com/channel/UCr-zC57bR8H-IVzfho39zTw
https://events.ettoday.net/activity/dalemon_readbeanQQ/article/26115/last
https://events.ettoday.net/activity/dalemon_Shitpost/article/26019/last
https://events.ettoday.net/activity/dalemon_Star/article/24434/last
https://newtalk.tw/news/view/2020-04-16/392225
https://feedburner.google.com/fb/a/mailverify?uri=ettoday/local&loc=zh_TW
https://events.ettoday.net/activity/dalemon_Shitpost/article/26773/last
https://events.ettoday.net/activity/dalemon_inlove/article/26084/last
https://events.ettoday.net/activity/dalemon_Yummy/article/26003/last
https://events.ettoday.net/activity/dalemon_horror/rules
https://www.vghtpe.gov.tw/News!one.action?nid=4796
https://events.ettoday.net/activity/dalemon_Shitpost/article/26112/last
https://udncollege.udn.com/?familybar_show
https://newtalk.tw/news/view/2020-04-15/391702
https://theme.udn.com/theme/story/6774/4382185
https://events.ettoday.net/activity/dalemon_Shitpost/article/26122/last
http://event.udn.com/AD/
https://line.me/R/ti/p/%40yoi6531w
https://events.ettoday.net/activity/dalemon_readbeanQQ/article/25980/last
https://events.ettoday.net/activity/dalemon_Star/article/24436/last
https://www.mirrormedia.mg
https://events.ettoday.net/activity/singapore2018upload/178
https://mobile.udn.com/
https://www.youtube.com/watch?v=XbtY5O46uxw&list=PLr8iY2AvgOL2q6wVDpq0JkwF48afm7Z3b
https://events.ettoday.net/activity/dalemon_horror/article/25690/last
https://events.ettoday.net/activity/dalemon_inlove/article/26857/last
https://newtalk.tw/news/view/2020-04-16/392221
https://theme.udn.com/theme/story/6774/4359817
https://events.ettoday.net/activity/dalemon_Yummy/article/31861/last
https://events.ettoday.net/activity/dalemon_Star/article/26044/last
https://events.ettoday.net/activity/dalemon_Shitpost/article/28299/last
https://feedburner.google.com/fb/a/mailverify?uri=ettoday/master&loc=zh_TW
https://events.ettoday.net/activity/dalemon_work/article/25185/last
https://events.ettoday.net/activity/dalemon_Star/article/26794/last
http://blog.udn.com
https://events.ettoday.net/activity/dalemon_readbeanQQ/article/29006/last
https://theme.udn.com/theme/story/7490/4450130
https://www.mirrormedia.mg/story/20200414ent006/index.html?utm_source=feed_related&amp;utm_medium=ettoday
https://events.ettoday.net/activity/dalemon_work/article/31398/last
https://events.ettoday.net/activity/dalemon_work/180/last/3
https://udnfunlife.com/?utm_source=udn.com&utm_medium=familybar
https://www.emic.com.tw/www/index.php?action=adv&id=209
https://theme.udn.com/theme/story/11963/4403611
https://events.ettoday.net/activity/dalemon_horror/article/31568/last
https://events.ettoday.net/activity/dalemon_Shitpost/article/26853/last
https://newtalk.tw/news/view/2020-04-16/392193
https://events.ettoday.net/activity/dalemon_work/article/25075/last
https://events.ettoday.net/activity/dalemon_work/article/25446/last
https://events.ettoday.net/bff-music2018/index.php
https://theme.udn.com/theme/story/6774/4390188
https://newtalk.tw/news/view/2020-04-15/391881
https://www.feds.com.tw/
https://www.mirrormedia.mg/story/20200413inv012/index.html?utm_source=feed_related&amp;utm_medium=ettoday
https://events.ettoday.net/activity/dalemon_Yummy/article/32073/last
https://www.mirrormedia.mg/story/20200414ent017/index.html?utm_source=feed_related&amp;utm_medium=ettoday
https://theme.udn.com/theme/story/6774/4352174
https://zh.wikipedia.org/wiki/2019%E5%B9%B46%E6%9C%88%E5%8F%8D%E5%B0%8D%E9%80%83%E7%8A%AF%E6%A2%9D%E4%BE%8B%E4%BF%AE%E8%A8%82%E8%8D%89%E6%A1%88%E9%81%8A%E8%A1%8C
https://events.ettoday.net/activity/dalemon_work/180?from=lemon_solicit
https://theme.udn.com/theme/story/6774/4392787
https://newtalk.tw/news/view/2020-04-16/392235
https://newtalk.tw/news/view/2020-04-16/392240
https://www.etmall.com.tw/
https://events.ettoday.net/activity/dalemon_Yummy/article/26092/last
https://events.ettoday.net/activity/dalemon_readbeanQQ/article/26070/last
https://feedburner.google.com/fb/a/mailverify?uri=ettoday/citizen&loc=zh_TW
https://theme.udn.com/theme/story/6774/4370634
https://events.ettoday.net/activity/dalemon_Yummy/article/26126/last
https://newtalk.tw/news/view/2020-04-16/392230
https://events.ettoday.net/activity/dalemon_Yummy/192/last/4
https://events.ettoday.net/app/appCollect/push.phtml?appCollect_id=17
https://twitter.com/DrTedros/status/1250384946121900032?ref_src=twsrc%5Etfw
https://events.ettoday.net/activity/dalemon_Star/article/26058/last
https://events.ettoday.net/activity/dalemon_Yummy/article/32074/last
https://events.ettoday.net/activity/dalemon_readbeanQQ/article/27912/last
https://events.ettoday.net/picnic2018/index.phtml
https://feedburner.google.com/fb/a/mailverify?uri=ettoday/game&loc=zh_TW
https://events.ettoday.net/activity/dalemon_work/180/last/4
https://events.ettoday.net/activity/dalemon_readbeanQQ/article/31604/last
https://theme.udn.com/theme/story/6774/4361643
https://theme.udn.com/theme/story/6774/4379771
https://events.ettoday.net/activity/dalemon_Star/article/25582/last
https://newtalk.tw/citizen/view/56190
https://theme.udn.com/theme/story/6774/4356682
https://events.ettoday.net/activity/dalemon_inlove/711/last/3
https://events.ettoday.net/charity/about-us.htm
https://feedburner.google.com/fb/a/mailverify?uri=ettoday/fashion&loc=zh_TW
https://newtalk.tw/news/view/2020-04-16/392194
https://events.ettoday.net/activity/dalemon_horror/article/30290/last
https://events.ettoday.net/activity/dalemon_Shitpost/195/last/6
https://theme.udn.com/theme/story/6774/4399158
https://events.ettoday.net/activity/dalemon_inlove/article/26089/last
https://theme.udn.com/theme/story/6774/4376357
https://www.ctwant.com/article/46152?utm_source=ettoday&amp;utm_medium=rss&amp;utm_campaign=46160
https://uevent.udnfunlife.com/?utm_source=udn.com&utm_medium=familybar
https://events.ettoday.net/activity/ettoday88submit/168
https://theme.udn.com/theme/story/6774/4359926
https://events.ettoday.net/activity/dalemon_inlove/article/26093/last
https://events.ettoday.net/activity/dalemon_work/article/25615/last
https://events.ettoday.net/activity/dalemon_inlove/article/26726/last
https://feedburner.google.com/fb/a/mailverify?uri=ettoday/movies&loc=zh_TW
https://feedburner.google.com/fb/a/mailverify?uri=ettoday/pet&loc=zh_TW
https://events.ettoday.net/activity/dalemon_work/article/25626/last
https://events.ettoday.net/activity/dalemon_readbeanQQ/article/25617/last
https://events.ettoday.net/activity/dalemon_Shitpost/article/26110/last
https://junglevoice.ettoday.net/rules-2.php
https://events.ettoday.net/activity/dalemon_horror/article/31325/last
https://theme.udn.com/theme/story/6774/4364127
https://events.ettoday.net/activity/dalemon_horror/article/25547/last
https://theme.udn.com/theme/story/6774/4380396
https://events.ettoday.net/activity/dalemon_readbeanQQ/article/26074/last
https://events.ettoday.net/activity/dalemon_horror/article/32046/last
https://events.ettoday.net/activity/dalemon_work/article/25693/last
https://feedburner.google.com/fb/a/mailverify?uri=ettoday/commentary&loc=zh_TW
https://theme.udn.com/theme/story/6774/4393239
https://events.ettoday.net/activity/dalemon_Yummy/article/26138/last
https://newtalk.tw/news/view/2020-04-15/392146
https://events.ettoday.net/activity/dalemon_Star/article/26487/last
https://events.ettoday.net/poll/vote/79/121
https://ulicensing.udnfunlife.com/?utm_source=udn.com&utm_medium=familybar
https://events.ettoday.net/activity/dalemon_Shitpost?from=lemon_solicit
https://today.line.me/tw/pc/comment?articleHash=1+8%E8%90%AC%E7%BD%B0%E5%96%AE%E8%B3%A0250%E8%90%AC%E9%80%8F%E5%A4%A9%E5%8E%9D%E3%80%8C%E6%9C%89%E7%84%A1%E9%81%95%E5%8F%8D%E6%AF%94%E4%BE%8B%E5%8E%9F%E5%89%87%E3%80%8D%E7%9B%A3%E5%A7%94%E8%A6%81%E6%9F%A5-wyG2Za
https://events.ettoday.net/activity/dalemon_Shitpost/article/26086/last
https://event.udn.com/line/
https://newtalk.tw/news/view/2020-04-15/392116
https://events.ettoday.net/activity/dalemon_Star/article/26796/last
https://newtalk.tw/news/view/2020-04-16/392218
http://www.xsmart4.com/
https://events.ettoday.net/activity/dalemon_Yummy/article/31750/last
https://www.youtube.com/watch?v=XGMX42fWT7U&list=PLr8iY2AvgOL2XDKsLa94EBzttqaPNx4lL
https://theme.udn.com/theme/story/6774/4397620
https://www.ctwant.com/article/46155?utm_source=ettoday&amp;utm_medium=rss&amp;utm_campaign=46160
https://events.ettoday.net/activity/dalemon_Shitpost/195/last/5
https://feedburner.google.com/fb/a/mailverify?uri=ettoday/china&loc=zh_TW
https://theme.udn.com/theme/story/6774/4387313
https://events.ettoday.net/activity/dalemon_readbeanQQ/rules
https://events.ettoday.net/activity/dalemon_readbeanQQ/article/25706/last
https://feedburner.google.com/fb/a/mailverify?uri=ettoday/lifestyle&loc=zh_TW
https://events.ettoday.net/activity/dalemon_inlove/article/26072/last
https://events.ettoday.net/activity/dalemon_Yummy/article/26094/last
https://feedburner.google.com/fb/a/mailverify?uri=ettoday/consuming&loc=zh_TW
https://page.line.me/tln7832e
https://www.etmall.com.tw/%E5%84%AA%E9%81%A9%E6%B4%BB-%E6%95%8F%E6%8D%B7%E8%86%A0%E5%8E%9F%E9%8C%A0-30%E9%8C%A0-%E7%9B%92/i/2197029?utm_source=ettoday&utm_medium=knee_pain_htm&utm_campaign=seo_project_by_Wayne
https://story.udn.com/dcstore/Index.do?
https://events.ettoday.net/activity/dalemon_work/rules
https://www.youtube.com/channel/UCD4Fd_NGg7EmwZqzp_SEZRg/featured
https://events.ettoday.net/activity/dalemon_Yummy?from=lemon_solicit
https://newtalk.tw/news/view/2020-04-16/392223
https://events.ettoday.net/activity/dalemon_Star/article/24278/last
https://newtalk.tw/videos
https://events.ettoday.net/activity/dalemon_Star/article/24682/last
https://newtalk.tw/news/view/2020-04-16/392219
https://newtalk.tw/news/view/2020-04-13/390853
https://events.ettoday.net/activity/dalemon_Yummy/rules
https://theme.udn.com/theme/story/6774/4356875
https://events.ettoday.net/activity/dalemon_readbeanQQ/article/26087/last
https://feedburner.google.com/fb/a/mailverify?uri=ettoday/teck3c&loc=zh_TW
https://theme.udn.com/theme/story/6774/4399579
https://newtalk.tw/news/view/2020-04-16/392213
https://newtalk.tw/news/view/2020-04-16/392234
https://theme.udn.com/theme/story/6774/4376783
https://newtalk.tw/news/view/2020-04-15/391848
https://events.ettoday.net/activity/dalemon_readbeanQQ/article/25619/last
https://feedburner.google.com/fb/a/mailverify?uri=ettoday/novelty&loc=zh_TW
https://newtalk.tw/news/view/2020-04-16/392243
https://events.ettoday.net/activity/dalemon_work/article/25714/last
https://events.ettoday.net/activity/dalemon_inlove/article/26085/last
https://events.ettoday.net/activity/dalemon_work/article/25803/last
https://theme.udn.com/theme/story/6774/4365863
https://www.youtube.com/watch?v=rRVUg7tEHjU&feature=youtu.be
https://events.ettoday.net/activity/dalemon_Yummy/192/last/5
https://theme.udn.com/theme/story/7490/4432189
https://feedburner.google.com/fb/a/mailverify?uri=ettoday/photo&loc=zh_TW
https://events.ettoday.net/activity/dalemon_horror/article/25439/last
https://events.ettoday.net/activity/dalemon_horror/article/30300/last
https://www.mirrormedia.mg/story/20200413inv010/index.html?utm_source=feed_related&amp;utm_medium=ettoday
https://events.ettoday.net/activity/dalemon_work/article/31464/last
https://udn.com/umedia
https://zh.wikipedia.org/wiki/%E4%B9%A0%E8%BF%91%E5%B9%B3
http://www.unitas.me/
https://events.ettoday.net/activity/dalemon_Shitpost/article/26113/last
https://events.ettoday.net/activity/dalemon_Shitpost/rules
https://newtalk.tw/news/view/2020-04-16/392245
https://events.ettoday.net/activity/dalemon_readbeanQQ/article/25821/last
https://theme.udn.com/theme/story/6774/4362367
https://events.ettoday.net/activity/dalemon_Yummy/article/31718/last
https://events.ettoday.net/activity/dalemon_Shitpost/article/26488/last
https://theme.udn.com/theme/story/6774/4368458
https://events.ettoday.net/activity/dalemon_Yummy/article/31977/last
https://events.ettoday.net/activity/dalemon_readbeanQQ/article/26133/last
https://events.ettoday.net/activity/dalemon_inlove/711/last/5
https://theme.udn.com/theme/story/6774/4338198
https://newtalk.tw/news/view/2020-04-16/392256
https://feedburner.google.com/fb/a/mailverify?uri=ettoday/house&loc=zh_TW
https://theme.udn.com/theme/story/6774/4368280
https://zh.wikipedia.org/wiki/戴資穎
https://feedburner.google.com/fb/a/mailverify?uri=ettoday/news&loc=zh_TW
https://theme.udn.com/theme/story/7490/4484098
https://events.ettoday.net/activity/dalemon_readbeanQQ/191/last/4
https://feedburner.google.com/fb/a/mailverify?uri=ettoday/travel&loc=zh_TW
https://www.mirrormedia.mg/story/20200414ent009/index.html?utm_source=feed_related&amp;utm_medium=ettoday
https://events.ettoday.net/activity/dalemon_work/article/25871/last
https://feedburner.google.com/fb/a/mailverify?uri=ettoday/society&loc=zh_TW
https://events.ettoday.net/activity/dalemon_Shitpost/article/26111/last
https://theme.udn.com/theme/story/6774/4352067
https://theme.udn.com/theme/story/6774/4373982
https://feedburner.google.com/fb/a/mailverify?uri=ettoday/realtime&loc=zh_TW
https://opinion.udn.com/opinion/story/11373/2716381?from=udn-referralnews_ch1004artbottom
https://feedburner.google.com/fb/a/mailverify?uri=ettoday/law&loc=zh_TW
https://newtalk.tw/news/view/2020-04-15/391715
https://feedburner.google.com/fb/a/mailverify?uri=ettoday/success&loc=zh_TW
https://newtalk.tw/citizen/view/56185
https://theme.udn.com/theme/story/6774/4378333
https://zh.wikipedia.org/wiki/%E9%9F%93%E5%9C%8B%E7%91%9C
https://theme.udn.com/theme/story/6774/4354526
https://newtalk.tw/news/view/2020-04-15/391714
https://theme.udn.com/theme/story/6774/4358969
https://www.youtube.com/watch?v=9d9QtVICPxk&feature=youtu.be
https://feedburner.google.com/fb/a/mailverify?uri=ettoday/army&loc=zh_TW
https://newtalk.tw/news/view/2020-04-14/391428
https://www.mirrormedia.mg/story/20200413inv011/index.html?utm_source=feed_related&amp;utm_medium=ettoday
https://line.me/R/ti/p/%40kgy3765i
https://feedburner.google.com/fb/a/mailverify?uri=ettoday/family&loc=zh_TW
https://feedburner.google.com/fb/a/mailverify?uri=ettoday/gender&loc=zh_TW
https://theme.udn.com/theme/story/6774/4368401
https://newtalk.tw/news/view/2020-04-16/392206
https://zh.wikipedia.org/wiki/%E7%B5%B1%E4%B8%80%E7%99%BC%E7%A5%A8_(%E8%87%BA%E7%81%A3)
https://newtalk.tw/citizen/view/56192
https://newtalk.tw/copyright
https://feedburner.google.com/fb/a/mailverify?uri=ettoday/global&loc=zh_TW
https://theme.udn.com/theme/story/6774/4365953
https://twitter.com/hashtag/COVID19?src=hash&amp;ref_src=twsrc%5Etfw
https://www.mirrormedia.mg/story/20200414ent018/index.html?utm_source=feed_related&amp;utm_medium=ettoday
https://udn.com/ctba/index
https://theme.udn.com/theme/story/7490/4413647
https://theme.udn.com/theme/story/6774/4361990
https://newtalk.tw/news/view/2020-04-16/392262
https://twitter.com/WHO?ref_src=twsrc%5Etfw
https://zh.wikipedia.org/wiki/%E9%A6%99%E6%B8%AF
https://www.etmall.com.tw/HelpCenter/StandardSecurity
https://feedburner.google.com/fb/a/mailverify?uri=ettoday/insurance&loc=zh_TW
https://newtalk.tw/citizen/view/56188
https://movies.yahoo.com.tw/movietime_result.html/id=10595?guccounter=1
https://zh.wikipedia.org/wiki/劉真_(藝人)
http://www.emic.com.tw/www/index.php
https://twitter.com/newtalk_tw
https://feedburner.google.com/fb/a/mailverify?uri=ettoday/dalemon&loc=zh_TW
https://www.etmall.com.tw/HelpCenter/PrivacyStatement
https://newtalk.tw/news/view/2020-04-14/391327
https://www.mirrormedia.mg/story/20200414ent016/index.html?utm_source=feed_related&amp;utm_medium=ettoday
https://theme.udn.com/theme/story/6774/4393168
https://zh.wikipedia.org/wiki/%E7%92%B0%E7%8B%80%E7%B7%9A_(%E5%8F%B0%E5%8C%97%E6%8D%B7%E9%81%8B)
