https://house.ettoday.net/latestnews.php
https://www.ettoday.net/news/20200329/1679062.htm?from=feature
https://www.ettoday.net/news/20200617/1739543.htm?ercamp=sorted_hot_news
https://www.ettoday.net/news/news-list-2020-06-17-30.htm
https://www.ettoday.net/news/20200330/1679983.htm?from=pctaglist 
https://www.ettoday.net/news/20200523/1720866.htm?feature=周揚青&tab_id=2347
https://www.ettoday.net/news/20200611/1735778.htm
https://www.ettoday.net/news/20200612/1736476.htm?from=feature
https://www.ettoday.net/news/20200616/1739019.htm?ercamp=sorted_hot_news
https://www.ettoday.net/news/20200617/1740089.htm
https://health.ettoday.net/category/百科/5
https://www.ettoday.net/news/20200516/1715352.htm
https://www.ettoday.net/news/20200617/1740172.htm
https://www.ettoday.net/feature/到對岸走走
https://www.ettoday.net/news/20200422/1697579.htm?feature=王令麟&tab_id=1016
https://www.ettoday.net/news/20200616/1739262.htm
https://www.ettoday.net/news/20190912/1533822.htm?from=pctaglist 
https://www.ettoday.net/news/20200416/1692482.htm
https://www.ettoday.net/feature/大老闆傳奇-尹衍樑/13282?tt=潤泰新
https://www.ettoday.net/news/20181031/1294904.htm?feature=膝蓋痛&tab_id=9447
https://www.ettoday.net/news/20190915/1535729.htm?feature=ufo&tab_id=941
https://www.ettoday.net/news/20200611/1735501.htm?feature=許崑源&tab_id=6197
https://www.ettoday.net/feature/attentionlove
https://www.ettoday.net/news/20191015/1556684.htm?from=pctaglist 
https://www.ettoday.net/news/20200330/1679621.htm?from=feature
https://www.ettoday.net/news/20200617/1739557.htm?ercamp=sorted_hot_news
https://www.ettoday.net/news/20200617/1739567.htm?ercamp=sorted_hot_news
https://www.ettoday.net/news/tag/小鬼/
https://www.ettoday.net/feature/大老闆傳奇-尹衍樑/13275?tt=兆豐金
https://www.ettoday.net/news/20200614/1737428.htm
https://www.ettoday.net/news/20200616/1738573.htm?ercamp=sorted_hot_news
https://www.ettoday.net/news/20200616/1738816.htm
https://www.ettoday.net/news/20200617/1739828.htm
https://www.ettoday.net/news/20181220/1336219.htm?feature=ufo&tab_id=942
https://house.ettoday.net/news/1729309
https://www.ettoday.net/feature/聲林之王/4741/5
https://www.ettoday.net/news/20190608/1462976.htm?from=pctaglist 
https://www.ettoday.net/news/20200325/1676434.htm?from=feature
https://health.ettoday.net/category_tag/茲卡病毒健康
https://health.ettoday.net/news/1728636
https://house.ettoday.net/news/1739845
https://www.ettoday.net/news/20200402/1682927.htm?from=pctaglist 
https://forum.ettoday.net/column/news/李克聰
https://www.ettoday.net/dalemon/collection/15
https://www.ettoday.net/feature/地震/1232/3
https://www.ettoday.net/feature/颱風/1269?tt=停班停課
https://www.ettoday.net/news/20120926/107094.htm?feature=ufo&tab_id=943
https://www.ettoday.net/news/20200508/1709602.htm?feature=行銷雲&tab_id=14418
https://www.ettoday.net/news/focus/房產雲/中部/
https://forum.ettoday.net/news/1739878
https://www.ettoday.net/news/20200330/1680044.htm?feature=大老闆傳奇-尹衍樑&tab_id=13274
https://www.ettoday.net/news/20200611/1735007.htm?feature=颱風&tab_id=1265
https://www.ettoday.net/news/20200612/1736417.htm?from=feature
https://www.ettoday.net/news/20190918/1538243.htm?feature=ufo&tab_id=942
https://www.ettoday.net/news/20200605/1738226.htm?feature=行銷雲&tab_id=14418
https://www.ettoday.net/news/20200616/1739013.htm
https://www.ettoday.net/news/20200617/1739845.htm
https://www.ettoday.net/dalemon/hot-news
https://www.ettoday.net/feature/尹食堂
https://www.ettoday.net/news/20120622/63346.htm?feature=ufo&tab_id=943
https://www.ettoday.net/news/20200516/1714724.htm?from=pctaglist 
https://www.ettoday.net/news/20200616/1738871.htm
https://speed.ettoday.net/news/1739261
https://www.ettoday.net/feature/地震/1232/6
https://www.ettoday.net/news/20200216/1646940.htm?feature=大老闆傳奇-尹衍樑&tab_id=13274
https://www.ettoday.net/news/20200410/1688018.htm?from=pctaglist 
https://www.ettoday.net/news/20200424/1698897.htm?feature=王令麟&tab_id=1016
https://www.ettoday.net/news/20200527/1724146.htm?from=pctaglist 
https://www.ettoday.net/news/20200604/1729677.htm
https://www.ettoday.net/news/20200610/1734700.htm?feature=許崑源&tab_id=6197
https://health.ettoday.net/news/1735324
https://www.ettoday.net/news/20190503/1433855.htm?from=pctaglist 
https://www.ettoday.net/news/focus/房產雲/生活美學/
https://www.ettoday.net/feature/聲林之王/4741/3
https://www.ettoday.net/news/20200403/1682987.htm?from=feature
https://www.ettoday.net/news/20200419/1693905.htm?feature=行銷雲&tab_id=14418
https://www.ettoday.net/news/tag/行政院/
https://www.ettoday.net/news/20200615/1737894.htm
https://www.ettoday.net/news/focus/國際/
https://www.ettoday.net/feature/地震/1496?tt=地震包相關報導
https://www.ettoday.net/news/20190824/1504424.htm?from=pctaglist 
https://www.ettoday.net/news/20191126/1588414.htm?from=pctaglist 
https://www.ettoday.net/news/20200616/1739344.htm
https://www.ettoday.net/news/tag/新冠肺炎/
https://health.ettoday.net/news/1737590
https://www.ettoday.net/feature/劉真/12646/3
https://www.ettoday.net/news/20200529/1725648.htm?from=pctaglist 
https://www.ettoday.net/news/20200617/1739410.htm?ercamp=sorted_hot_news
https://speed.ettoday.net/tag.phtml?tag=ETFerrari
https://www.ettoday.net/news/20200512/1712170.htm?from=pctaglist 
https://www.ettoday.net/news/20200415/1691592.htm?from=pctaglist 
https://www.ettoday.net/news/20200613/1737054.htm?from=pctaglist 
https://www.ettoday.net/news/20200617/1739852.htm?feature=周揚青&tab_id=2347
https://www.ettoday.net/news/focus/財經/電商/
https://www.ettoday.net/news/20160910/772489.htm?feature=ufo&tab_id=941
https://www.ettoday.net/news/20200317/1668964.htm?from=pctaglist 
https://www.ettoday.net/news/focus/新奇/
https://www.ettoday.net/news/tag/時代力量/
https://house.ettoday.net/news/1730711
https://www.ettoday.net/feature/ufo/944/7
https://www.ettoday.net/news/20200617/1740299.htm
https://www.ettoday.net/dalemon/post/49111
https://www.ettoday.net/news/20130223/166812.htm?feature=ufo&tab_id=945
https://www.ettoday.net/news/20181211/1328503.htm
https://health.ettoday.net/category_tag/恙蟲病健康
https://www.ettoday.net/dalemon/post/49288
https://www.ettoday.net/news/20190426/1430825.htm?feature=ufo&tab_id=940
https://www.ettoday.net/news/20200525/1722040.htm
https://www.ettoday.net/news/20200531/1726742.htm?from=feature
https://www.ettoday.net/news/20200617/1740189.htm
https://travel.ettoday.net/focus/放眼海外/
https://www.ettoday.net/news/20181207/1325410.htm
https://www.ettoday.net/news/20191018/1559818.htm?from=pctaglist 
https://www.ettoday.net/news/20200615/1737793.htm
https://www.ettoday.net/news/20200617/1739854.htm
https://www.ettoday.net/feature/劉真
https://www.ettoday.net/list.php?kind=1
https://www.ettoday.net/news/20190731/1502769.htm?feature=ufo&tab_id=945
https://www.ettoday.net/news/20200616/1739073.htm?ercamp=sorted_hot_news
https://www.ettoday.net/news/tag/赤尾青竹絲/
https://www.ettoday.net/news/20200616/1739232.htm?feature=金正恩&tab_id=1597
https://forum.ettoday.net/newslist/681
https://www.ettoday.net/feature/ufo/942/2
https://www.ettoday.net/news/20190917/1536892.htm?from=feature
https://www.ettoday.net/news/20200612/1735935.htm?feature=金正恩&tab_id=1597
https://www.ettoday.net/dalemon/post/50742
https://www.ettoday.net/news/20191229/1493385.htm?feature=ufo&tab_id=942
https://www.ettoday.net/news/20200609/1731070.htm?from=pctaglist 
https://www.ettoday.net/events/typhoon/report.php
https://www.ettoday.net/feature/戴資穎/1236/5
https://www.ettoday.net/news/20190222/1382589.htm?feature=ufo&tab_id=944
https://www.ettoday.net/news/20191223/1608529.htm?from=pctaglist 
https://www.ettoday.net/news/20200617/1739747.htm
https://www.ettoday.net/news/20200617/1739803.htm?feature=金正恩&tab_id=1597
https://www.ettoday.net/news/20200617/1740090.htm
https://www.ettoday.net/feature/index/0/3
https://www.ettoday.net/news/20190628/1470862.htm?from=pctaglist 
https://www.ettoday.net/news/20200608/1732864.htm
https://www.ettoday.net/news/20200610/1734156.htm?from=feature
https://www.ettoday.net/news/20200615/1738057.htm
https://www.ettoday.net/news/news-list-2020-06-17-9.htm
https://www.ettoday.net/news/20181229/1343372.htm?feature=ufo&tab_id=942
https://www.ettoday.net/news/20200323/1665719.htm?from=pctaglist 
https://www.ettoday.net/news/20200603/1728785.htm?feature=大老闆傳奇-尹衍樑&tab_id=13274
https://www.ettoday.net/news/20200614/1737576.htm
https://www.ettoday.net/news/tag/變頻/
https://www.ettoday.net/dalemon/editor-news/131
https://www.ettoday.net/news/20180904/1251028.htm?feature=ufo&tab_id=942
https://www.ettoday.net/news/20200130/1634432.htm?from=feature
https://www.ettoday.net/news/20200614/1737517.htm?feature=許崑源&tab_id=6197
https://www.ettoday.net/news/20200617/1739627.htm?ercamp=sorted_hot_news
https://health.ettoday.net/news/1739875
https://www.ettoday.net/news/20200616/1739349.htm
https://www.ettoday.net/news/20200617/1739800.htm
https://www.ettoday.net//pets.ettoday.net
https://www.ettoday.net/feature/theyearof5g
https://www.ettoday.net/news/20200607/1732238.htm?from=pctaglist 
https://www.ettoday.net/news/20200613/1737093.htm
https://www.ettoday.net/news/20200617/1740111.htm
https://health.ettoday.net/news/1739706
https://www.ettoday.net/news/20190222/1383811.htm?feature=ufo&tab_id=940
https://www.ettoday.net/news/20200403/1683347.htm?from=feature
https://www.ettoday.net/news/20200616/1738840.htm
https://www.ettoday.net/news/20180411/1147280.htm?ercamp=sorted_hot_news
https://www.ettoday.net/news/20200526/1723279.htm?from=feature
https://www.ettoday.net/news/20200617/1739433.htm
https://www.ettoday.net/feature/金正恩/1597/6
https://www.ettoday.net/news/20190930/1546609.htm?feature=停班停課&tab_id=1270
https://www.ettoday.net/news/20200616/1739375.htm?from=feature
https://www.ettoday.net/news/tag/低薪/
https://health.ettoday.net/news/1735690
https://www.ettoday.net/dalemon/latest-news
https://www.ettoday.net/feature/TDCC
https://www.ettoday.net/news/20200224/1651033.htm?from=pctaglist 
https://www.ettoday.net/news/20200613/1736844.htm?from=feature
https://www.ettoday.net/news/20200227/1652887.htm?feature=聲林之王&tab_id=4741
https://www.ettoday.net/news/20200402/1682786.htm?from=pctaglist 
https://www.ettoday.net/news/20200117/1614487.htm?from=pctaglist 
https://www.ettoday.net/news/20200526/1722253.htm
https://www.ettoday.net/feature/ufo/939/2
https://www.ettoday.net/news/20181011/1279324.htm?feature=ufo&tab_id=940
https://www.ettoday.net/news/20200301/1657058.htm
https://www.ettoday.net/news/20200519/1717526.htm?feature=王令麟&tab_id=1016
https://www.ettoday.net/news/20200617/1739960.htm
https://discovery.ettoday.net/news/1734687
https://travel.ettoday.net/category/台灣小吃/
https://www.ettoday.net/dalemon/post/49980
https://www.ettoday.net/feature/covid19/14409?tt=新冠肺炎疫情數據
https://www.ettoday.net/news/20200525/1721778.htm?from=feature
https://www.ettoday.net/news/20200526/1723275.htm?from=feature
https://www.ettoday.net/news/tag/周刊王/
https://health.ettoday.net/category_tag/照護健康
https://travel.ettoday.net/category/新竹/
https://www.ettoday.net/news/20200227/1654992.htm
https://www.ettoday.net/news/20200614/1737491.htm
https://www.ettoday.net/news/20200616/1738613.htm
https://www.ettoday.net/news/20200617/1739489.htm?ercamp=sorted_hot_news
https://www.ettoday.net/news/focus/民生消費/
https://forum.ettoday.net/news/1738780
https://travel.ettoday.net/category/台南美食/
https://www.ettoday.net/news/20200617/1739384.htm
https://www.ettoday.net/news/20200617/1740050.htm
https://discovery.ettoday.net/penname-newslist/296
https://www.ettoday.net/feature/index/0/8
https://www.ettoday.net/news/20200613/1737277.htm?from=feature
https://www.ettoday.net/news/20200616/1739106.htm
https://health.ettoday.net/category_tag/狗健康
https://www.ettoday.net/news/20191218/1604782.htm?ercamp=sorted_hot_news
https://www.ettoday.net/news/20200330/1679983.htm?feature=大老闆傳奇-尹衍樑&tab_id=13274
https://www.ettoday.net/news/20190330/1411326.htm?feature=ufo&tab_id=939
https://www.ettoday.net/news/20200316/1668781.htm
https://www.ettoday.net/news/20200407/1685876.htm?from=pctaglist 
https://www.ettoday.net/news/20200402/1674737.htm?from=pctaglist 
https://www.ettoday.net/news/20200516/1715389.htm
https://www.ettoday.net/news/20200617/1739886.htm?ercamp=sorted_hot_news
https://www.ettoday.net/news/tag/黃捷/
https://www.ettoday.net/news/20200604/1729678.htm
https://www.ettoday.net/news/20200617/1739797.htm
https://www.ettoday.net/news/20190916/1536631.htm?from=pctaglist 
https://www.ettoday.net/news/20200512/1712636.htm?feature=戴資穎&tab_id=1236
https://www.ettoday.net/news/20200611/1735504.htm
https://www.ettoday.net/dalemon/post/50043
https://www.ettoday.net/feature/Got7
https://www.ettoday.net/list.php?kind=7
https://www.ettoday.net/news/20200610/1734450.htm?feature=颱風&tab_id=1265
https://www.ettoday.net/feature/大老闆傳奇-尹衍樑/13274/2
https://www.ettoday.net/news/20200520/1718133.htm?feature=習近平&tab_id=4458
https://www.ettoday.net/news/20200610/1734878.htm?from=pctaglist 
https://www.ettoday.net/news/20200617/1740200.htm
https://www.ettoday.net//house.ettoday.net
https://www.ettoday.net/news/20200611/1735322.htm?feature=許崑源&tab_id=6197
https://www.ettoday.net/news/20190712/1485685.htm?from=pctaglist 
https://www.ettoday.net/news/20190921/1540265.htm?feature=ufo&tab_id=939
https://www.ettoday.net/news/20200604/1730161.htm?from=pctaglist 
https://www.ettoday.net/news/20200617/1739685.htm
https://www.ettoday.net/news/20200130/1634558.htm?from=pctaglist 
https://www.ettoday.net/news/news-list-2020-06-17-17.htm
https://www.ettoday.net/news/tag/陳致中/
https://www.ettoday.net/https://www.mirrormedia.mg/story/20200616ent016/
https://www.ettoday.net/news/20190503/1436245.htm?from=pctaglist 
https://www.ettoday.net/news/20200617/1739994.htm
https://www.ettoday.net/news/20180603/1182884.htm?feature=ufo&tab_id=941
https://www.ettoday.net/news/20200617/1739419.htm?ercamp=sorted_hot_news
https://www.ettoday.net/news/focus/體育/新品資訊/
https://www.ettoday.net/news/20190330/1410784.htm?ercamp=sorted_hot_news
https://www.ettoday.net/news/20200612/1736434.htm?from=feature
https://www.ettoday.net/news/20200617/1739568.htm
https://www.ettoday.net/news/focus/體育/
https://www.ettoday.net/feature/index/0/4
https://www.ettoday.net/news/20190614/1467317.htm?from=pctaglist 
https://www.ettoday.net/news/20200614/1737370.htm
https://www.ettoday.net/news/20200617/1739613.htm
https://health.ettoday.net/category/兩性/3
https://www.ettoday.net/news/20200428/1701843.htm?from=pctaglist 
https://www.ettoday.net/news/20200603/1728772.htm?from=pctaglist 
https://www.ettoday.net/news/20200610/1734423.htm?from=pctaglist 
https://health.ettoday.net/news/1739812
https://www.ettoday.net/dalemon
https://www.ettoday.net/feature/paeksangartsawards
https://www.ettoday.net/news/20190418/1425342.htm?feature=ufo&tab_id=940
https://www.ettoday.net/dalemon/post/49974
https://www.ettoday.net/news/20191011/1554813.htm?feature=ufo&tab_id=939
https://www.ettoday.net/news/20200603/1728678.htm?from=feature
https://www.ettoday.net/news/20200612/1736644.htm?feature=許崑源&tab_id=6197
https://www.ettoday.net/news/20200617/1739802.htm
