https://health.ettoday.net/category/%E9%A3%B2%E9%A3%9F
https://www.ettoday.net/news/20200616/1738502.htm?ercamp=hot_news
https://sports.ettoday.net/
https://www.ettoday.net/news/focus/3C%E5%AE%B6%E9%9B%BB/%E5%AE%B6%E9%9B%BB/
https://www.ettoday.net/feature/%E8%A1%8C%E9%8A%B7%E9%9B%B2?from=ettoday-header-button
https://www.ettoday.net/news/20200616/1738867.htm?ercamp=hot_news
https://www.ettoday.net/news/20200617/1740343.htm
https://www.ettoday.net/news/tag/%E5%81%9A%E8%87%89/
https://www.ettoday.net/news/20200617/1740203.htm?ercamp=sorted_hot_news
https://www.ettoday.net/news/20200617/1740061.htm?ercamp=sorted_hot_news
https://www.ettoday.net/news/20200616/1738512.htm?ercamp=sorted_hot_news
https://health.ettoday.net/category/%E5%85%A9%E6%80%A7
https://fashion.ettoday.net/focus/%E7%94%9F%E6%B4%BB
https://health.ettoday.net/category/%E9%86%AB%E8%97%A5%E6%96%B0%E8%81%9E
https://www.ettoday.net/sitemap.htm
https://www.ettoday.net/news/focus/%E7%94%9F%E6%B4%BB/%E6%B0%A3%E8%B1%A1/
https://events.ettoday.net/about-ettoday/index.htm
https://www.ettoday.net/news/tag/ps%E7%BE%8E%E7%BE%8E%E5%A6%8D/
https://www.ettoday.net/news/20200617/1740154.htm?ercamp=sorted_hot_news
https://pets.ettoday.net/focus/%E5%8B%95%E7%89%A9%E7%86%B1%E6%90%9C
https://events.ettoday.net/activity/2020ehsartcontest
https://www.ettoday.net/news/focus/%E6%94%BF%E6%B2%BB/
https://forum.ettoday.net/
https://www.ettoday.net/news/20200616/1739051.htm?ercamp=hot_news
https://www.ettoday.net/feature/%E8%A8%B1%E5%B4%91%E6%BA%90
https://www.ettoday.net/member/clause_duty.php
https://www.ettoday.net/feature/%E8%81%B2%E6%9E%97%E4%B9%8B%E7%8E%8B/4741?tt=%E5%8D%B3%E6%99%82%E6%96%B0%E8%81%9E
https://www.ettoday.net/feature/%E6%AD%A6%E6%BC%A2%E8%82%BA%E7%82%8E
https://www.ettoday.net/news/20170411/901241.htm
https://www.ettoday.net/news/tag/%E5%92%8C%E6%B3%B0%E6%B1%BD%E8%BB%8A/
https://www.ettoday.net/news/20200617/1740314.htm
https://www.ettoday.net/member/clause_privacy.php
https://www.ettoday.net/feature/%E5%9C%B0%E9%9C%87/1232?tt=%E5%9C%B0%E9%9C%87%E6%96%B0%E8%81%9E
https://www.ettoday.net/feature/ufo/941?tt=%E5%B0%BC%E6%96%AF%E6%B9%96%E6%B0%B4%E6%80%AA
https://www.ettoday.net/news/20200613/1737054.htm
https://www.ettoday.net/feature/%E6%9F%AF%E6%96%87%E5%93%B2
https://www.ettoday.net/news/20200617/1740268.htm
https://www.ettoday.net/news/tag/%E6%96%B0%E6%94%BF%E7%AD%96%E4%B8%8A%E8%B7%AF/
https://www.ettoday.net/news/tag/%E9%A0%82%E6%96%B0/
https://www.ettoday.net/news/focus/%E6%96%B0%E8%81%9E%E9%9B%B2APP/%E6%95%B8%E5%82%B3%E5%AA%92/
https://www.ettoday.net/feature/%E5%81%9C%E7%8F%AD%E5%81%9C%E8%AA%B2
https://www.ettoday.net/news/tag/%E8%81%AF%E8%8F%AF%E9%A3%9F%E5%93%81/
https://fashion.ettoday.net/focus/%E5%90%8D%E4%BA%BA
https://www.ettoday.net/https://star.ettoday.net
https://events.ettoday.net/activity/dalemon_inlove
https://fashion.ettoday.net/focus/%E5%A5%A2%E9%80%B8
https://www.ettoday.net/news/20200608/1732810.htm
https://www.ettoday.net/news/20200616/1738691.htm?ercamp=hot_news
https://www.ettoday.net/amp/knee_pain.htm?tt=%E8%86%9D%E8%93%8B%E7%97%9B
https://www.ettoday.net/news/20200611/1735053.htm
https://www.ettoday.net/news/tag/%E5%8F%A3%E7%BD%A9/
https://www.ettoday.net/news/tag/%E6%9D%B1%E6%A3%AE%E8%87%AA%E7%84%B6%E7%BE%8E/
https://boba.ettoday.net/category/33
https://fashion.ettoday.net/focus/%E6%BD%AE%E6%B5%81
https://www.ettoday.net/news/20200617/1740329.htm
https://sports.ettoday.net/news-list/%E7%AB%B6%E6%8A%80/%E6%8A%80%E6%93%8A%E3%80%81%E7%90%83%E9%A1%9E
https://www.ettoday.net/https://game.ettoday.net
https://www.ettoday.net/survey/
https://www.ettoday.net/news/tag/%E5%B0%B9%E8%A1%8D%E6%A8%91/
https://pets.ettoday.net/focus/%E5%AF%B5%E7%89%A9%E7%99%BE%E7%A7%91
https://www.ettoday.net/news/20170304/877306.htm
https://www.ettoday.net/news/20200617/1739614.htm?ercamp=sorted_hot_news
https://www.ettoday.net/news/tag/%E4%B8%AD%E8%8F%AF%E8%88%AA%E7%A9%BA/
https://www.ettoday.net/feature/ufo/945?tt=%E5%8D%93%E6%9F%8F%E5%8D%A1%E5%B8%83%E6%8B%89
https://www.ettoday.net/news/tag/%E7%BE%8E%E5%AE%B9%E4%BF%9D%E9%A4%8A/
https://www.ettoday.net/news/focus/%E8%B2%A1%E7%B6%93/
https://www.ettoday.net/events/news-express/epaper.php
https://www.ettoday.net/news/tag/%E7%9C%BC%E9%9C%9C/
https://star.ettoday.net/star-category/%E9%9B%BB%E8%A6%96
https://www.ettoday.net/news/20200617/1739463.htm?ercamp=sorted_hot_news
https://www.ettoday.net/news/tag/%E8%AD%B7%E8%86%9A/
https://star.ettoday.net/star-category/%E8%8F%AF%E5%A8%9B
https://www.ettoday.net/news/focus/%E6%96%B0%E8%81%9E%E9%9B%B2APP/%E6%9D%B1%E5%8D%97%E4%BA%9E%E8%A6%81%E8%81%9E/
https://www.ettoday.net/feature/index/7
https://www.ettoday.net/feature/吳朋奉
https://www.ettoday.net/news/tag/%E8%A8%B1%E6%99%BA%E5%82%91/
https://health.ettoday.net/category/%E7%99%BE%E7%A7%91
https://www.ettoday.net/news/tag/%E5%85%A8%E5%AE%B6%E4%BE%BF%E5%88%A9%E5%95%86%E5%BA%97/
https://boba.ettoday.net/videonews/218957?from=et_pc_sidebar
https://www.ettoday.net/news/20200616/1738980.htm?ercamp=sorted_hot_news
https://www.ettoday.net/events/app/ettoday_app.htm
https://www.ettoday.net/feature/%E9%87%91%E6%AD%A3%E6%81%A9
https://www.ettoday.net/feature/%E9%9F%93%E5%9C%8B%E7%91%9C/1682?tt=%E9%9F%93%E5%9C%8B%E7%91%9C%E6%96%B0%E8%81%9E%E6%87%B6%E4%BA%BA%E5%8C%85
https://sports.ettoday.net/news/1512756
https://www.ettoday.net/dalemon/
https://www.ettoday.net/news/20200617/1740275.htm
https://www.ettoday.net/feature/%E7%8E%8B%E4%BB%A4%E9%BA%9F/1016?tt=%E7%8E%8B%E4%BB%A4%E9%BA%9F
https://www.ettoday.net/news/focus/%E5%A4%A7%E9%99%B8/
https://house.ettoday.net/
https://www.ettoday.net/news/focus/%E8%BB%8D%E6%AD%A6/
https://www.ettoday.net/news/20200617/1740304.htm
https://www.ettoday.net/feature/台北電影節
https://www.ettoday.net/feature/ufo/940?tt=%E9%A3%9B%E7%A2%9F%20UFO
https://www.ettoday.net/news/20200617/1739717.htm
https://www.ettoday.net/news/focus/%E7%A4%BE%E6%9C%83/
https://www.ettoday.net/news/tag/%E7%B5%B1%E4%B8%80%E4%BC%81%E6%A5%AD/
https://www.ettoday.net/news/focus/%E7%94%9F%E6%B4%BB/
https://events.ettoday.net/poll/vote/84/138
https://www.ettoday.net/feature/%E5%8A%89%E7%9C%9F
https://www.ettoday.net/news/tag/%E5%91%B3%E5%85%A8/
https://www.ettoday.net/news/focus/%E6%B3%95%E5%BE%8B/
https://www.ettoday.net/news/tag/%E5%8F%B0%E6%96%B0%E9%87%91/
https://www.ettoday.net/news/focus/%E4%BF%9D%E9%9A%AA/
https://www.ettoday.net/news/tag/%E5%9C%8B%E6%B3%B0%E9%87%91/
https://www.ettoday.net/news/tag/%E6%9D%B1%E6%A3%AE%E8%B3%BC%E7%89%A9/
https://www.ettoday.net/news/20200617/1740337.htm
https://www.ettoday.net/news/20200617/1740337.htm
https://www.ettoday.net/news/20200617/1739747.htm?ercamp=hot_news
https://www.ettoday.net/news/tag/%E5%BF%97%E6%9D%91%E5%81%A5/
https://www.ettoday.net/news/20200617/1740284.htm
https://events.ettoday.net/grace/
https://www.ettoday.net/news/tag/YouBike/
https://www.ettoday.net/news/20200616/1739375.htm?ercamp=sorted_hot_news
https://www.ettoday.net/news/20200617/1740346.htm
https://www.ettoday.net/news/20200617/1740347.htm
https://events.ettoday.net/ly-live/
https://fashion.ettoday.net/focus/%E6%99%82%E5%B0%9A
https://www.ettoday.net/news/focus/政治/
https://www.ettoday.net/feature/周揚青
https://www.ettoday.net/news/20200616/1738825.htm?ercamp=hot_news
https://www.ettoday.net/feature/%E9%A2%B1%E9%A2%A8
https://www.ettoday.net/https://etu.tw/qqywmO
https://travel.ettoday.net/
https://fashion.ettoday.net/
https://www.ettoday.net/news/20200617/1740349.htm
https://www.ettoday.net/feature/%E7%BF%92%E8%BF%91%E5%B9%B3/4458?tt=%E7%BF%92%E8%BF%91%E5%B9%B3%E7%9B%B8%E9%97%9C%E6%96%B0%E8%81%9E
https://sports.ettoday.net/news-list/%E6%A3%92%E7%90%83/%E4%B8%AD%E8%81%B7
https://star.ettoday.net/star-category/%E9%9F%B3%E6%A8%82
https://www.ettoday.net/feature/%E8%86%9D%E8%93%8B%E7%97%9B
https://www.ettoday.net/feature/%E5%A4%A7%E8%80%81%E9%97%86%E5%82%B3%E5%A5%87-%E5%B0%B9%E8%A1%8D%E6%A8%91
https://www.ettoday.net/news/20200616/1739100.htm?ercamp=sorted_hot_news
https://www.ettoday.net/feature/%E7%BE%85%E5%BF%97%E7%A5%A5
https://www.ettoday.net/news/20200616/1738736.htm?ercamp=hot_news
https://health.ettoday.net/
https://www.ettoday.net/news/focus/3C%E5%AE%B6%E9%9B%BB/
https://www.ettoday.net/news/focus/%E6%96%B0%E8%81%9E%E9%9B%B2APP/%E6%97%A5%E9%9F%93%E8%A6%81%E8%81%9E/
https://www.ettoday.net/news/tag/%E4%BF%A1%E7%BE%A9%E6%88%BF%E5%B1%8B/
https://www.ettoday.net/news/tag/%E5%B8%8C%E7%88%BE%E6%80%9D/
https://www.ettoday.net/news/focus/%E5%A4%A7%E9%99%B8/%E8%8F%AF%E8%81%9E%E5%BF%AB%E9%81%9E/
https://www.ettoday.net/news/20190622/1473131.htm?tt=許智傑
https://star.ettoday.net/star-category/%E9%9F%93%E6%98%9F%E7%88%86%E7%88%86
https://boba.ettoday.net/videonews/218810?from=et_pc_sidebar
https://www.ettoday.net/news/20200617/1739522.htm?ercamp=hot_news
https://www.ettoday.net/news/tag/Lexus/
https://www.ettoday.net/news/20200617/1740198.htm
https://boba.ettoday.net/category/266
https://www.ettoday.net/news/20200617/1740256.htm
https://www.ettoday.net/news/20200617/1740344.htm
https://www.ettoday.net/member/clause_copyright.php
https://boba.ettoday.net/sub_category/274/561
https://sports.ettoday.net/sport-category/%E6%A3%92%E7%90%83
https://junglevoice.ettoday.net/index.php
https://www.ettoday.net/news/focus/%E6%96%B0%E8%81%9E%E9%9B%B2APP/%E6%96%B0%E9%80%A3%E9%8E%96/
https://www.ettoday.net/news/tag/%E5%A4%A7%E9%87%91%E7%A9%BA%E8%AA%BF/
https://pets.ettoday.net/focus/%E5%AF%B5%E7%89%A9%E5%A5%BD%E8%90%8C
https://www.ettoday.net/feature/WHO
https://www.ettoday.net/news/20200617/1740342.htm
https://pets.ettoday.net/
https://www.ettoday.net/news/20200617/1739384.htm?ercamp=sorted_hot_news
https://www.ettoday.net/news/20200616/1739073.htm?ercamp=hot_news
https://movies.ettoday.net/
https://www.ettoday.net/feature/%E6%8D%B7%E9%81%8B%E7%92%B0%E7%8B%80%E7%B7%9A
https://www.ettoday.net/feature/%E5%8F%8D%E9%80%81%E4%B8%AD
https://www.ettoday.net/news/20200617/1740324.htm
https://www.ettoday.net/news/tag/%E9%BB%83%E5%AF%B6%E6%85%A7/
https://www.ettoday.net/news/20200617/1739473.htm?ercamp=hot_news
https://www.ettoday.net/news/20200616/1738948.htm
https://www.ettoday.net/news/20200615/1738185.htm?ercamp=hot_news
https://www.ettoday.net/news/20200617/1739704.htm?ercamp=sorted_hot_news
https://www.ettoday.net/news/20200617/1739770.htm?ercamp=sorted_hot_news
https://www.ettoday.net/news/20200617/1739627.htm?ercamp=hot_news
https://www.ettoday.net/news/focus/%E5%A4%A7%E9%99%B8/%E7%89%B9%E6%B4%BE%E7%8F%BE%E5%A0%B4/
https://www.ettoday.net/news/news-list.htm
https://www.ettoday.net/news/20200617/1739903.htm?ercamp=sorted_hot_news
https://www.ettoday.net/news/focus/%E6%96%B0%E8%81%9E%E9%9B%B2APP/%E9%87%91%E6%8E%A7/
https://www.ettoday.net/news/focus/%E5%9C%8B%E9%9A%9B/
https://www.ettoday.net/feature/ufo/944?tt=%E7%81%AB%E6%98%9F
https://www.ettoday.net/news/20200617/1740287.htm
https://www.ettoday.net/feature/doh
https://www.ettoday.net/news/20200617/1739839.htm?ercamp=sorted_hot_news
https://www.ettoday.net/news/20200617/1740224.htm
https://www.ettoday.net/news/20200616/1738547.htm?ercamp=hot_news
https://www.ettoday.net/news/focus/%E6%B0%91%E7%94%9F%E6%B6%88%E8%B2%BB/
https://www.ettoday.net/news/tag/%E5%A4%A7%E9%87%91%E5%86%B7%E6%B0%A3/
https://events.ettoday.net/charity/index.php
https://www.ettoday.net/news/tag/新北市/
https://www.ettoday.net/events/campaign/event-list.php
https://sports.ettoday.net/sport-category/%E7%B1%83%E7%90%83
https://www.ettoday.net/news/20200617/1739464.htm?ercamp=hot_news
https://www.ettoday.net/news/tag/%E5%AE%89%E6%96%B0%E5%BB%BA%E7%B6%93/
https://www.ettoday.net/news/tag/%E5%9C%8B%E6%B3%B0%E4%B8%96%E8%8F%AF/
https://www.etmall.com.tw/%E5%84%AA%E9%81%A9%E6%B4%BB-%E4%BF%9D%E5%81%A5%E9%A3%9F%E5%93%81%E5%93%81%E7%89%8C/c3/123212
https://www.ettoday.net/feature/covid19
https://boba.ettoday.net/category/275
https://www.ettoday.net/news/focus/%E7%84%A6%E9%BB%9E%E6%96%B0%E8%81%9E/
https://www.ettoday.net/https://reurl.cc/vney11
https://www.ettoday.net/feature/ufo/942?tt=%E9%87%91%E5%AD%97%E5%A1%94
https://speed.ettoday.net/
https://www.ettoday.net/news/tag/%E6%9D%B1%E6%A3%AE%E6%88%BF%E5%B1%8B/
https://www.ettoday.net/news/tag/%E4%B8%AD%E5%9C%8B%E4%BF%A1%E8%A8%97%E6%85%88%E5%96%84%E5%9F%BA%E9%87%91%E6%9C%83/
https://www.ettoday.net/news/tag/%E7%94%B2%E5%B1%B1%E6%9E%97/
https://www.ettoday.net/feature/index
https://fashion.ettoday.net/focus/%E7%BE%8E%E9%BA%97
https://www.ettoday.net/news/focus/%E6%96%B0%E8%81%9E%E9%9B%B2APP/%E7%BE%8E%E6%B4%B2%E8%A6%81%E8%81%9E/
https://www.ettoday.net/feature/%E5%90%B3%E6%9C%8B%E5%A5%89
https://www.ettoday.net/feature/ufo/938?tt=X%E6%AA%94%E6%A1%88
https://www.ettoday.net/news/20200614/1737683.htm
https://www.ettoday.net/feature/ufo/939?tt=%E5%A4%96%E6%98%9F%E4%BA%BA
https://www.ettoday.net/news/20200617/1740311.htm
https://www.ettoday.net/news/tag/愛山林/
https://www.ettoday.net/news/20191020/1561057.htm?ercamp=hot_news
https://www.ettoday.net/news/hot-news.htm
https://www.ettoday.net/feature/ufo/943?tt=%E9%BA%A5%E7%94%B0%E5%9C%88
https://discovery.ettoday.net/
https://www.ettoday.net/feature/%E6%88%B4%E8%B3%87%E7%A9%8E/1236?tt=%E6%88%B4%E8%B3%87%E7%A9%8E%E7%9B%B8%E9%97%9C%E6%96%B0%E8%81%9E%E6%87%B6%E4%BA%BA%E5%8C%85
https://www.ettoday.net/news/tag/%E8%88%88%E5%AF%8C%E7%99%BC/
https://www.ettoday.net/news/20200617/1740345.htm
https://sports.ettoday.net/sport-category/%E8%B6%B3%E7%90%83
http://www.emic.com.tw
https://www.ettoday.net/feature/%E7%B5%B1%E4%B8%80%E7%99%BC%E7%A5%A8/2913?tt=%E7%B5%B1%E4%B8%80%E7%99%BC%E7%A5%A8%E7%9B%B8%E9%97%9C%E6%96%B0%E8%81%9E
https://sports.ettoday.net/news-list/%E6%A3%92%E7%90%83/MLB
https://weibo.com/ettodaynet
https://www.ettoday.net/news/focus/%E6%96%B0%E8%81%9E%E9%9B%B2APP/%E6%85%A7%E7%9C%BC%E7%9C%8B%E5%A4%A9%E4%B8%8B/
https://www.ettoday.net/news/20200617/1740341.htm
https://www.ettoday.net/news/20200617/1740203.htm
